[2024-07-03T12:31:11.668+0000] {processor.py:161} INFO - Started process (PID=53) to work on /home/airflow/.local/lib/python3.12/site-packages/airflow/example_dags/example_setup_teardown.py
[2024-07-03T12:31:11.668+0000] {processor.py:830} INFO - Processing file /home/airflow/.local/lib/python3.12/site-packages/airflow/example_dags/example_setup_teardown.py for tasks to queue
[2024-07-03T12:31:11.669+0000] {logging_mixin.py:188} INFO - [2024-07-03T12:31:11.669+0000] {dagbag.py:545} INFO - Filling up the DagBag from /home/airflow/.local/lib/python3.12/site-packages/airflow/example_dags/example_setup_teardown.py
[2024-07-03T12:31:11.676+0000] {processor.py:840} INFO - DAG(s) 'example_setup_teardown' retrieved from /home/airflow/.local/lib/python3.12/site-packages/airflow/example_dags/example_setup_teardown.py
[2024-07-03T12:31:11.687+0000] {logging_mixin.py:188} INFO - [2024-07-03T12:31:11.687+0000] {dag.py:3096} INFO - Sync 1 DAGs
[2024-07-03T12:31:11.702+0000] {logging_mixin.py:188} INFO - [2024-07-03T12:31:11.702+0000] {dag.py:3954} INFO - Setting next_dagrun for example_setup_teardown to 2024-07-02 00:00:00+00:00, run_after=2024-07-03 00:00:00+00:00
[2024-07-03T12:31:11.714+0000] {processor.py:183} INFO - Processing /home/airflow/.local/lib/python3.12/site-packages/airflow/example_dags/example_setup_teardown.py took 0.049 seconds
[2024-07-03T12:31:42.294+0000] {processor.py:161} INFO - Started process (PID=111) to work on /home/airflow/.local/lib/python3.12/site-packages/airflow/example_dags/example_setup_teardown.py
[2024-07-03T12:31:42.295+0000] {processor.py:830} INFO - Processing file /home/airflow/.local/lib/python3.12/site-packages/airflow/example_dags/example_setup_teardown.py for tasks to queue
[2024-07-03T12:31:42.295+0000] {logging_mixin.py:188} INFO - [2024-07-03T12:31:42.295+0000] {dagbag.py:545} INFO - Filling up the DagBag from /home/airflow/.local/lib/python3.12/site-packages/airflow/example_dags/example_setup_teardown.py
[2024-07-03T12:31:42.298+0000] {processor.py:840} INFO - DAG(s) 'example_setup_teardown' retrieved from /home/airflow/.local/lib/python3.12/site-packages/airflow/example_dags/example_setup_teardown.py
[2024-07-03T12:31:42.334+0000] {logging_mixin.py:188} INFO - [2024-07-03T12:31:42.334+0000] {dag.py:3096} INFO - Sync 1 DAGs
[2024-07-03T12:31:42.341+0000] {logging_mixin.py:188} INFO - [2024-07-03T12:31:42.341+0000] {dag.py:3954} INFO - Setting next_dagrun for example_setup_teardown to 2024-07-02 00:00:00+00:00, run_after=2024-07-03 00:00:00+00:00
[2024-07-03T12:31:42.348+0000] {processor.py:183} INFO - Processing /home/airflow/.local/lib/python3.12/site-packages/airflow/example_dags/example_setup_teardown.py took 0.056 seconds
[2024-07-03T12:32:13.332+0000] {processor.py:161} INFO - Started process (PID=169) to work on /home/airflow/.local/lib/python3.12/site-packages/airflow/example_dags/example_setup_teardown.py
[2024-07-03T12:32:13.333+0000] {processor.py:830} INFO - Processing file /home/airflow/.local/lib/python3.12/site-packages/airflow/example_dags/example_setup_teardown.py for tasks to queue
[2024-07-03T12:32:13.333+0000] {logging_mixin.py:188} INFO - [2024-07-03T12:32:13.333+0000] {dagbag.py:545} INFO - Filling up the DagBag from /home/airflow/.local/lib/python3.12/site-packages/airflow/example_dags/example_setup_teardown.py
[2024-07-03T12:32:13.336+0000] {processor.py:840} INFO - DAG(s) 'example_setup_teardown' retrieved from /home/airflow/.local/lib/python3.12/site-packages/airflow/example_dags/example_setup_teardown.py
[2024-07-03T12:32:13.344+0000] {logging_mixin.py:188} INFO - [2024-07-03T12:32:13.344+0000] {dag.py:3096} INFO - Sync 1 DAGs
[2024-07-03T12:32:13.352+0000] {logging_mixin.py:188} INFO - [2024-07-03T12:32:13.352+0000] {dag.py:3954} INFO - Setting next_dagrun for example_setup_teardown to 2024-07-02 00:00:00+00:00, run_after=2024-07-03 00:00:00+00:00
[2024-07-03T12:32:13.358+0000] {processor.py:183} INFO - Processing /home/airflow/.local/lib/python3.12/site-packages/airflow/example_dags/example_setup_teardown.py took 0.028 seconds
[2024-07-03T12:32:43.768+0000] {processor.py:161} INFO - Started process (PID=227) to work on /home/airflow/.local/lib/python3.12/site-packages/airflow/example_dags/example_setup_teardown.py
[2024-07-03T12:32:43.769+0000] {processor.py:830} INFO - Processing file /home/airflow/.local/lib/python3.12/site-packages/airflow/example_dags/example_setup_teardown.py for tasks to queue
[2024-07-03T12:32:43.770+0000] {logging_mixin.py:188} INFO - [2024-07-03T12:32:43.769+0000] {dagbag.py:545} INFO - Filling up the DagBag from /home/airflow/.local/lib/python3.12/site-packages/airflow/example_dags/example_setup_teardown.py
[2024-07-03T12:32:43.772+0000] {processor.py:840} INFO - DAG(s) 'example_setup_teardown' retrieved from /home/airflow/.local/lib/python3.12/site-packages/airflow/example_dags/example_setup_teardown.py
[2024-07-03T12:32:43.780+0000] {logging_mixin.py:188} INFO - [2024-07-03T12:32:43.780+0000] {dag.py:3096} INFO - Sync 1 DAGs
[2024-07-03T12:32:43.789+0000] {logging_mixin.py:188} INFO - [2024-07-03T12:32:43.788+0000] {dag.py:3954} INFO - Setting next_dagrun for example_setup_teardown to 2024-07-02 00:00:00+00:00, run_after=2024-07-03 00:00:00+00:00
[2024-07-03T12:32:43.795+0000] {processor.py:183} INFO - Processing /home/airflow/.local/lib/python3.12/site-packages/airflow/example_dags/example_setup_teardown.py took 0.029 seconds
[2024-07-03T12:33:14.299+0000] {processor.py:161} INFO - Started process (PID=285) to work on /home/airflow/.local/lib/python3.12/site-packages/airflow/example_dags/example_setup_teardown.py
[2024-07-03T12:33:14.300+0000] {processor.py:830} INFO - Processing file /home/airflow/.local/lib/python3.12/site-packages/airflow/example_dags/example_setup_teardown.py for tasks to queue
[2024-07-03T12:33:14.302+0000] {logging_mixin.py:188} INFO - [2024-07-03T12:33:14.301+0000] {dagbag.py:545} INFO - Filling up the DagBag from /home/airflow/.local/lib/python3.12/site-packages/airflow/example_dags/example_setup_teardown.py
[2024-07-03T12:33:14.310+0000] {processor.py:840} INFO - DAG(s) 'example_setup_teardown' retrieved from /home/airflow/.local/lib/python3.12/site-packages/airflow/example_dags/example_setup_teardown.py
[2024-07-03T12:33:14.332+0000] {logging_mixin.py:188} INFO - [2024-07-03T12:33:14.331+0000] {dag.py:3096} INFO - Sync 1 DAGs
[2024-07-03T12:33:14.353+0000] {logging_mixin.py:188} INFO - [2024-07-03T12:33:14.353+0000] {dag.py:3954} INFO - Setting next_dagrun for example_setup_teardown to 2024-07-02 00:00:00+00:00, run_after=2024-07-03 00:00:00+00:00
[2024-07-03T12:33:14.363+0000] {processor.py:183} INFO - Processing /home/airflow/.local/lib/python3.12/site-packages/airflow/example_dags/example_setup_teardown.py took 0.070 seconds
[2024-07-03T12:33:44.748+0000] {processor.py:161} INFO - Started process (PID=343) to work on /home/airflow/.local/lib/python3.12/site-packages/airflow/example_dags/example_setup_teardown.py
[2024-07-03T12:33:44.748+0000] {processor.py:830} INFO - Processing file /home/airflow/.local/lib/python3.12/site-packages/airflow/example_dags/example_setup_teardown.py for tasks to queue
[2024-07-03T12:33:44.749+0000] {logging_mixin.py:188} INFO - [2024-07-03T12:33:44.749+0000] {dagbag.py:545} INFO - Filling up the DagBag from /home/airflow/.local/lib/python3.12/site-packages/airflow/example_dags/example_setup_teardown.py
[2024-07-03T12:33:44.752+0000] {processor.py:840} INFO - DAG(s) 'example_setup_teardown' retrieved from /home/airflow/.local/lib/python3.12/site-packages/airflow/example_dags/example_setup_teardown.py
[2024-07-03T12:33:44.760+0000] {logging_mixin.py:188} INFO - [2024-07-03T12:33:44.760+0000] {dag.py:3096} INFO - Sync 1 DAGs
[2024-07-03T12:33:44.768+0000] {logging_mixin.py:188} INFO - [2024-07-03T12:33:44.767+0000] {dag.py:3954} INFO - Setting next_dagrun for example_setup_teardown to 2024-07-02 00:00:00+00:00, run_after=2024-07-03 00:00:00+00:00
[2024-07-03T12:33:44.774+0000] {processor.py:183} INFO - Processing /home/airflow/.local/lib/python3.12/site-packages/airflow/example_dags/example_setup_teardown.py took 0.028 seconds
[2024-07-03T12:34:15.019+0000] {processor.py:161} INFO - Started process (PID=401) to work on /home/airflow/.local/lib/python3.12/site-packages/airflow/example_dags/example_setup_teardown.py
[2024-07-03T12:34:15.019+0000] {processor.py:830} INFO - Processing file /home/airflow/.local/lib/python3.12/site-packages/airflow/example_dags/example_setup_teardown.py for tasks to queue
[2024-07-03T12:34:15.020+0000] {logging_mixin.py:188} INFO - [2024-07-03T12:34:15.020+0000] {dagbag.py:545} INFO - Filling up the DagBag from /home/airflow/.local/lib/python3.12/site-packages/airflow/example_dags/example_setup_teardown.py
[2024-07-03T12:34:15.023+0000] {processor.py:840} INFO - DAG(s) 'example_setup_teardown' retrieved from /home/airflow/.local/lib/python3.12/site-packages/airflow/example_dags/example_setup_teardown.py
[2024-07-03T12:34:15.031+0000] {logging_mixin.py:188} INFO - [2024-07-03T12:34:15.031+0000] {dag.py:3096} INFO - Sync 1 DAGs
[2024-07-03T12:34:15.040+0000] {logging_mixin.py:188} INFO - [2024-07-03T12:34:15.039+0000] {dag.py:3954} INFO - Setting next_dagrun for example_setup_teardown to 2024-07-02 00:00:00+00:00, run_after=2024-07-03 00:00:00+00:00
[2024-07-03T12:34:15.046+0000] {processor.py:183} INFO - Processing /home/airflow/.local/lib/python3.12/site-packages/airflow/example_dags/example_setup_teardown.py took 0.029 seconds
[2024-07-03T12:34:45.320+0000] {processor.py:161} INFO - Started process (PID=459) to work on /home/airflow/.local/lib/python3.12/site-packages/airflow/example_dags/example_setup_teardown.py
[2024-07-03T12:34:45.320+0000] {processor.py:830} INFO - Processing file /home/airflow/.local/lib/python3.12/site-packages/airflow/example_dags/example_setup_teardown.py for tasks to queue
[2024-07-03T12:34:45.321+0000] {logging_mixin.py:188} INFO - [2024-07-03T12:34:45.321+0000] {dagbag.py:545} INFO - Filling up the DagBag from /home/airflow/.local/lib/python3.12/site-packages/airflow/example_dags/example_setup_teardown.py
[2024-07-03T12:34:45.323+0000] {processor.py:840} INFO - DAG(s) 'example_setup_teardown' retrieved from /home/airflow/.local/lib/python3.12/site-packages/airflow/example_dags/example_setup_teardown.py
[2024-07-03T12:34:45.331+0000] {logging_mixin.py:188} INFO - [2024-07-03T12:34:45.331+0000] {dag.py:3096} INFO - Sync 1 DAGs
[2024-07-03T12:34:45.339+0000] {logging_mixin.py:188} INFO - [2024-07-03T12:34:45.339+0000] {dag.py:3954} INFO - Setting next_dagrun for example_setup_teardown to 2024-07-02 00:00:00+00:00, run_after=2024-07-03 00:00:00+00:00
[2024-07-03T12:34:45.346+0000] {processor.py:183} INFO - Processing /home/airflow/.local/lib/python3.12/site-packages/airflow/example_dags/example_setup_teardown.py took 0.029 seconds
[2024-07-03T12:35:15.594+0000] {processor.py:161} INFO - Started process (PID=517) to work on /home/airflow/.local/lib/python3.12/site-packages/airflow/example_dags/example_setup_teardown.py
[2024-07-03T12:35:15.594+0000] {processor.py:830} INFO - Processing file /home/airflow/.local/lib/python3.12/site-packages/airflow/example_dags/example_setup_teardown.py for tasks to queue
[2024-07-03T12:35:15.595+0000] {logging_mixin.py:188} INFO - [2024-07-03T12:35:15.595+0000] {dagbag.py:545} INFO - Filling up the DagBag from /home/airflow/.local/lib/python3.12/site-packages/airflow/example_dags/example_setup_teardown.py
[2024-07-03T12:35:15.597+0000] {processor.py:840} INFO - DAG(s) 'example_setup_teardown' retrieved from /home/airflow/.local/lib/python3.12/site-packages/airflow/example_dags/example_setup_teardown.py
[2024-07-03T12:35:15.605+0000] {logging_mixin.py:188} INFO - [2024-07-03T12:35:15.605+0000] {dag.py:3096} INFO - Sync 1 DAGs
[2024-07-03T12:35:15.613+0000] {logging_mixin.py:188} INFO - [2024-07-03T12:35:15.613+0000] {dag.py:3954} INFO - Setting next_dagrun for example_setup_teardown to 2024-07-02 00:00:00+00:00, run_after=2024-07-03 00:00:00+00:00
[2024-07-03T12:35:15.619+0000] {processor.py:183} INFO - Processing /home/airflow/.local/lib/python3.12/site-packages/airflow/example_dags/example_setup_teardown.py took 0.028 seconds
[2024-07-03T12:35:45.892+0000] {processor.py:161} INFO - Started process (PID=575) to work on /home/airflow/.local/lib/python3.12/site-packages/airflow/example_dags/example_setup_teardown.py
[2024-07-03T12:35:45.893+0000] {processor.py:830} INFO - Processing file /home/airflow/.local/lib/python3.12/site-packages/airflow/example_dags/example_setup_teardown.py for tasks to queue
[2024-07-03T12:35:45.894+0000] {logging_mixin.py:188} INFO - [2024-07-03T12:35:45.894+0000] {dagbag.py:545} INFO - Filling up the DagBag from /home/airflow/.local/lib/python3.12/site-packages/airflow/example_dags/example_setup_teardown.py
[2024-07-03T12:35:45.897+0000] {processor.py:840} INFO - DAG(s) 'example_setup_teardown' retrieved from /home/airflow/.local/lib/python3.12/site-packages/airflow/example_dags/example_setup_teardown.py
[2024-07-03T12:35:45.905+0000] {logging_mixin.py:188} INFO - [2024-07-03T12:35:45.904+0000] {dag.py:3096} INFO - Sync 1 DAGs
[2024-07-03T12:35:45.912+0000] {logging_mixin.py:188} INFO - [2024-07-03T12:35:45.912+0000] {dag.py:3954} INFO - Setting next_dagrun for example_setup_teardown to 2024-07-02 00:00:00+00:00, run_after=2024-07-03 00:00:00+00:00
[2024-07-03T12:35:45.919+0000] {processor.py:183} INFO - Processing /home/airflow/.local/lib/python3.12/site-packages/airflow/example_dags/example_setup_teardown.py took 0.029 seconds
[2024-07-03T12:36:16.341+0000] {processor.py:161} INFO - Started process (PID=633) to work on /home/airflow/.local/lib/python3.12/site-packages/airflow/example_dags/example_setup_teardown.py
[2024-07-03T12:36:16.341+0000] {processor.py:830} INFO - Processing file /home/airflow/.local/lib/python3.12/site-packages/airflow/example_dags/example_setup_teardown.py for tasks to queue
[2024-07-03T12:36:16.342+0000] {logging_mixin.py:188} INFO - [2024-07-03T12:36:16.342+0000] {dagbag.py:545} INFO - Filling up the DagBag from /home/airflow/.local/lib/python3.12/site-packages/airflow/example_dags/example_setup_teardown.py
[2024-07-03T12:36:16.346+0000] {processor.py:840} INFO - DAG(s) 'example_setup_teardown' retrieved from /home/airflow/.local/lib/python3.12/site-packages/airflow/example_dags/example_setup_teardown.py
[2024-07-03T12:36:16.358+0000] {logging_mixin.py:188} INFO - [2024-07-03T12:36:16.357+0000] {dag.py:3096} INFO - Sync 1 DAGs
[2024-07-03T12:36:16.369+0000] {logging_mixin.py:188} INFO - [2024-07-03T12:36:16.369+0000] {dag.py:3954} INFO - Setting next_dagrun for example_setup_teardown to 2024-07-02 00:00:00+00:00, run_after=2024-07-03 00:00:00+00:00
[2024-07-03T12:36:16.377+0000] {processor.py:183} INFO - Processing /home/airflow/.local/lib/python3.12/site-packages/airflow/example_dags/example_setup_teardown.py took 0.039 seconds
[2024-07-03T12:36:46.720+0000] {processor.py:161} INFO - Started process (PID=691) to work on /home/airflow/.local/lib/python3.12/site-packages/airflow/example_dags/example_setup_teardown.py
[2024-07-03T12:36:46.720+0000] {processor.py:830} INFO - Processing file /home/airflow/.local/lib/python3.12/site-packages/airflow/example_dags/example_setup_teardown.py for tasks to queue
[2024-07-03T12:36:46.721+0000] {logging_mixin.py:188} INFO - [2024-07-03T12:36:46.721+0000] {dagbag.py:545} INFO - Filling up the DagBag from /home/airflow/.local/lib/python3.12/site-packages/airflow/example_dags/example_setup_teardown.py
[2024-07-03T12:36:46.724+0000] {processor.py:840} INFO - DAG(s) 'example_setup_teardown' retrieved from /home/airflow/.local/lib/python3.12/site-packages/airflow/example_dags/example_setup_teardown.py
[2024-07-03T12:36:46.731+0000] {logging_mixin.py:188} INFO - [2024-07-03T12:36:46.731+0000] {dag.py:3096} INFO - Sync 1 DAGs
[2024-07-03T12:36:46.739+0000] {logging_mixin.py:188} INFO - [2024-07-03T12:36:46.739+0000] {dag.py:3954} INFO - Setting next_dagrun for example_setup_teardown to 2024-07-02 00:00:00+00:00, run_after=2024-07-03 00:00:00+00:00
[2024-07-03T12:36:46.745+0000] {processor.py:183} INFO - Processing /home/airflow/.local/lib/python3.12/site-packages/airflow/example_dags/example_setup_teardown.py took 0.028 seconds
[2024-07-03T12:37:17.104+0000] {processor.py:161} INFO - Started process (PID=749) to work on /home/airflow/.local/lib/python3.12/site-packages/airflow/example_dags/example_setup_teardown.py
[2024-07-03T12:37:17.105+0000] {processor.py:830} INFO - Processing file /home/airflow/.local/lib/python3.12/site-packages/airflow/example_dags/example_setup_teardown.py for tasks to queue
[2024-07-03T12:37:17.106+0000] {logging_mixin.py:188} INFO - [2024-07-03T12:37:17.105+0000] {dagbag.py:545} INFO - Filling up the DagBag from /home/airflow/.local/lib/python3.12/site-packages/airflow/example_dags/example_setup_teardown.py
[2024-07-03T12:37:17.109+0000] {processor.py:840} INFO - DAG(s) 'example_setup_teardown' retrieved from /home/airflow/.local/lib/python3.12/site-packages/airflow/example_dags/example_setup_teardown.py
[2024-07-03T12:37:17.119+0000] {logging_mixin.py:188} INFO - [2024-07-03T12:37:17.119+0000] {dag.py:3096} INFO - Sync 1 DAGs
[2024-07-03T12:37:17.130+0000] {logging_mixin.py:188} INFO - [2024-07-03T12:37:17.130+0000] {dag.py:3954} INFO - Setting next_dagrun for example_setup_teardown to 2024-07-02 00:00:00+00:00, run_after=2024-07-03 00:00:00+00:00
[2024-07-03T12:37:17.138+0000] {processor.py:183} INFO - Processing /home/airflow/.local/lib/python3.12/site-packages/airflow/example_dags/example_setup_teardown.py took 0.036 seconds
[2024-07-03T12:37:47.687+0000] {processor.py:161} INFO - Started process (PID=807) to work on /home/airflow/.local/lib/python3.12/site-packages/airflow/example_dags/example_setup_teardown.py
[2024-07-03T12:37:47.687+0000] {processor.py:830} INFO - Processing file /home/airflow/.local/lib/python3.12/site-packages/airflow/example_dags/example_setup_teardown.py for tasks to queue
[2024-07-03T12:37:47.688+0000] {logging_mixin.py:188} INFO - [2024-07-03T12:37:47.688+0000] {dagbag.py:545} INFO - Filling up the DagBag from /home/airflow/.local/lib/python3.12/site-packages/airflow/example_dags/example_setup_teardown.py
[2024-07-03T12:37:47.691+0000] {processor.py:840} INFO - DAG(s) 'example_setup_teardown' retrieved from /home/airflow/.local/lib/python3.12/site-packages/airflow/example_dags/example_setup_teardown.py
[2024-07-03T12:37:47.698+0000] {logging_mixin.py:188} INFO - [2024-07-03T12:37:47.697+0000] {dag.py:3096} INFO - Sync 1 DAGs
[2024-07-03T12:37:47.707+0000] {logging_mixin.py:188} INFO - [2024-07-03T12:37:47.707+0000] {dag.py:3954} INFO - Setting next_dagrun for example_setup_teardown to 2024-07-02 00:00:00+00:00, run_after=2024-07-03 00:00:00+00:00
[2024-07-03T12:37:47.713+0000] {processor.py:183} INFO - Processing /home/airflow/.local/lib/python3.12/site-packages/airflow/example_dags/example_setup_teardown.py took 0.029 seconds
[2024-07-03T12:38:18.102+0000] {processor.py:161} INFO - Started process (PID=865) to work on /home/airflow/.local/lib/python3.12/site-packages/airflow/example_dags/example_setup_teardown.py
[2024-07-03T12:38:18.102+0000] {processor.py:830} INFO - Processing file /home/airflow/.local/lib/python3.12/site-packages/airflow/example_dags/example_setup_teardown.py for tasks to queue
[2024-07-03T12:38:18.103+0000] {logging_mixin.py:188} INFO - [2024-07-03T12:38:18.103+0000] {dagbag.py:545} INFO - Filling up the DagBag from /home/airflow/.local/lib/python3.12/site-packages/airflow/example_dags/example_setup_teardown.py
[2024-07-03T12:38:18.107+0000] {processor.py:840} INFO - DAG(s) 'example_setup_teardown' retrieved from /home/airflow/.local/lib/python3.12/site-packages/airflow/example_dags/example_setup_teardown.py
[2024-07-03T12:38:18.114+0000] {logging_mixin.py:188} INFO - [2024-07-03T12:38:18.114+0000] {dag.py:3096} INFO - Sync 1 DAGs
[2024-07-03T12:38:18.122+0000] {logging_mixin.py:188} INFO - [2024-07-03T12:38:18.122+0000] {dag.py:3954} INFO - Setting next_dagrun for example_setup_teardown to 2024-07-02 00:00:00+00:00, run_after=2024-07-03 00:00:00+00:00
[2024-07-03T12:38:18.128+0000] {processor.py:183} INFO - Processing /home/airflow/.local/lib/python3.12/site-packages/airflow/example_dags/example_setup_teardown.py took 0.029 seconds
[2024-07-03T12:38:48.451+0000] {processor.py:161} INFO - Started process (PID=923) to work on /home/airflow/.local/lib/python3.12/site-packages/airflow/example_dags/example_setup_teardown.py
[2024-07-03T12:38:48.451+0000] {processor.py:830} INFO - Processing file /home/airflow/.local/lib/python3.12/site-packages/airflow/example_dags/example_setup_teardown.py for tasks to queue
[2024-07-03T12:38:48.452+0000] {logging_mixin.py:188} INFO - [2024-07-03T12:38:48.452+0000] {dagbag.py:545} INFO - Filling up the DagBag from /home/airflow/.local/lib/python3.12/site-packages/airflow/example_dags/example_setup_teardown.py
[2024-07-03T12:38:48.454+0000] {processor.py:840} INFO - DAG(s) 'example_setup_teardown' retrieved from /home/airflow/.local/lib/python3.12/site-packages/airflow/example_dags/example_setup_teardown.py
[2024-07-03T12:38:48.462+0000] {logging_mixin.py:188} INFO - [2024-07-03T12:38:48.462+0000] {dag.py:3096} INFO - Sync 1 DAGs
[2024-07-03T12:38:48.469+0000] {logging_mixin.py:188} INFO - [2024-07-03T12:38:48.469+0000] {dag.py:3954} INFO - Setting next_dagrun for example_setup_teardown to 2024-07-02 00:00:00+00:00, run_after=2024-07-03 00:00:00+00:00
[2024-07-03T12:38:48.475+0000] {processor.py:183} INFO - Processing /home/airflow/.local/lib/python3.12/site-packages/airflow/example_dags/example_setup_teardown.py took 0.027 seconds
[2024-07-03T12:39:18.871+0000] {processor.py:161} INFO - Started process (PID=980) to work on /home/airflow/.local/lib/python3.12/site-packages/airflow/example_dags/example_setup_teardown.py
[2024-07-03T12:39:18.873+0000] {processor.py:830} INFO - Processing file /home/airflow/.local/lib/python3.12/site-packages/airflow/example_dags/example_setup_teardown.py for tasks to queue
[2024-07-03T12:39:18.874+0000] {logging_mixin.py:188} INFO - [2024-07-03T12:39:18.874+0000] {dagbag.py:545} INFO - Filling up the DagBag from /home/airflow/.local/lib/python3.12/site-packages/airflow/example_dags/example_setup_teardown.py
[2024-07-03T12:39:18.878+0000] {processor.py:840} INFO - DAG(s) 'example_setup_teardown' retrieved from /home/airflow/.local/lib/python3.12/site-packages/airflow/example_dags/example_setup_teardown.py
[2024-07-03T12:39:18.888+0000] {logging_mixin.py:188} INFO - [2024-07-03T12:39:18.888+0000] {dag.py:3096} INFO - Sync 1 DAGs
[2024-07-03T12:39:18.898+0000] {logging_mixin.py:188} INFO - [2024-07-03T12:39:18.898+0000] {dag.py:3954} INFO - Setting next_dagrun for example_setup_teardown to 2024-07-02 00:00:00+00:00, run_after=2024-07-03 00:00:00+00:00
[2024-07-03T12:39:18.908+0000] {processor.py:183} INFO - Processing /home/airflow/.local/lib/python3.12/site-packages/airflow/example_dags/example_setup_teardown.py took 0.040 seconds
[2024-07-03T12:39:49.208+0000] {processor.py:161} INFO - Started process (PID=1038) to work on /home/airflow/.local/lib/python3.12/site-packages/airflow/example_dags/example_setup_teardown.py
[2024-07-03T12:39:49.208+0000] {processor.py:830} INFO - Processing file /home/airflow/.local/lib/python3.12/site-packages/airflow/example_dags/example_setup_teardown.py for tasks to queue
[2024-07-03T12:39:49.209+0000] {logging_mixin.py:188} INFO - [2024-07-03T12:39:49.209+0000] {dagbag.py:545} INFO - Filling up the DagBag from /home/airflow/.local/lib/python3.12/site-packages/airflow/example_dags/example_setup_teardown.py
[2024-07-03T12:39:49.212+0000] {processor.py:840} INFO - DAG(s) 'example_setup_teardown' retrieved from /home/airflow/.local/lib/python3.12/site-packages/airflow/example_dags/example_setup_teardown.py
[2024-07-03T12:39:49.220+0000] {logging_mixin.py:188} INFO - [2024-07-03T12:39:49.220+0000] {dag.py:3096} INFO - Sync 1 DAGs
[2024-07-03T12:39:49.228+0000] {logging_mixin.py:188} INFO - [2024-07-03T12:39:49.228+0000] {dag.py:3954} INFO - Setting next_dagrun for example_setup_teardown to 2024-07-02 00:00:00+00:00, run_after=2024-07-03 00:00:00+00:00
[2024-07-03T12:39:49.235+0000] {processor.py:183} INFO - Processing /home/airflow/.local/lib/python3.12/site-packages/airflow/example_dags/example_setup_teardown.py took 0.029 seconds
[2024-07-03T12:40:19.548+0000] {processor.py:161} INFO - Started process (PID=1095) to work on /home/airflow/.local/lib/python3.12/site-packages/airflow/example_dags/example_setup_teardown.py
[2024-07-03T12:40:19.549+0000] {processor.py:830} INFO - Processing file /home/airflow/.local/lib/python3.12/site-packages/airflow/example_dags/example_setup_teardown.py for tasks to queue
[2024-07-03T12:40:19.549+0000] {logging_mixin.py:188} INFO - [2024-07-03T12:40:19.549+0000] {dagbag.py:545} INFO - Filling up the DagBag from /home/airflow/.local/lib/python3.12/site-packages/airflow/example_dags/example_setup_teardown.py
[2024-07-03T12:40:19.552+0000] {processor.py:840} INFO - DAG(s) 'example_setup_teardown' retrieved from /home/airflow/.local/lib/python3.12/site-packages/airflow/example_dags/example_setup_teardown.py
[2024-07-03T12:40:19.561+0000] {logging_mixin.py:188} INFO - [2024-07-03T12:40:19.561+0000] {dag.py:3096} INFO - Sync 1 DAGs
[2024-07-03T12:40:19.568+0000] {logging_mixin.py:188} INFO - [2024-07-03T12:40:19.568+0000] {dag.py:3954} INFO - Setting next_dagrun for example_setup_teardown to 2024-07-02 00:00:00+00:00, run_after=2024-07-03 00:00:00+00:00
[2024-07-03T12:40:19.575+0000] {processor.py:183} INFO - Processing /home/airflow/.local/lib/python3.12/site-packages/airflow/example_dags/example_setup_teardown.py took 0.029 seconds
[2024-07-03T12:40:49.881+0000] {processor.py:161} INFO - Started process (PID=1152) to work on /home/airflow/.local/lib/python3.12/site-packages/airflow/example_dags/example_setup_teardown.py
[2024-07-03T12:40:49.882+0000] {processor.py:830} INFO - Processing file /home/airflow/.local/lib/python3.12/site-packages/airflow/example_dags/example_setup_teardown.py for tasks to queue
[2024-07-03T12:40:49.882+0000] {logging_mixin.py:188} INFO - [2024-07-03T12:40:49.882+0000] {dagbag.py:545} INFO - Filling up the DagBag from /home/airflow/.local/lib/python3.12/site-packages/airflow/example_dags/example_setup_teardown.py
[2024-07-03T12:40:49.885+0000] {processor.py:840} INFO - DAG(s) 'example_setup_teardown' retrieved from /home/airflow/.local/lib/python3.12/site-packages/airflow/example_dags/example_setup_teardown.py
[2024-07-03T12:40:49.893+0000] {logging_mixin.py:188} INFO - [2024-07-03T12:40:49.893+0000] {dag.py:3096} INFO - Sync 1 DAGs
[2024-07-03T12:40:49.901+0000] {logging_mixin.py:188} INFO - [2024-07-03T12:40:49.901+0000] {dag.py:3954} INFO - Setting next_dagrun for example_setup_teardown to 2024-07-02 00:00:00+00:00, run_after=2024-07-03 00:00:00+00:00
[2024-07-03T12:40:49.907+0000] {processor.py:183} INFO - Processing /home/airflow/.local/lib/python3.12/site-packages/airflow/example_dags/example_setup_teardown.py took 0.028 seconds
[2024-07-03T12:41:20.223+0000] {processor.py:161} INFO - Started process (PID=1210) to work on /home/airflow/.local/lib/python3.12/site-packages/airflow/example_dags/example_setup_teardown.py
[2024-07-03T12:41:20.223+0000] {processor.py:830} INFO - Processing file /home/airflow/.local/lib/python3.12/site-packages/airflow/example_dags/example_setup_teardown.py for tasks to queue
[2024-07-03T12:41:20.224+0000] {logging_mixin.py:188} INFO - [2024-07-03T12:41:20.224+0000] {dagbag.py:545} INFO - Filling up the DagBag from /home/airflow/.local/lib/python3.12/site-packages/airflow/example_dags/example_setup_teardown.py
[2024-07-03T12:41:20.227+0000] {processor.py:840} INFO - DAG(s) 'example_setup_teardown' retrieved from /home/airflow/.local/lib/python3.12/site-packages/airflow/example_dags/example_setup_teardown.py
[2024-07-03T12:41:20.235+0000] {logging_mixin.py:188} INFO - [2024-07-03T12:41:20.235+0000] {dag.py:3096} INFO - Sync 1 DAGs
[2024-07-03T12:41:20.243+0000] {logging_mixin.py:188} INFO - [2024-07-03T12:41:20.243+0000] {dag.py:3954} INFO - Setting next_dagrun for example_setup_teardown to 2024-07-02 00:00:00+00:00, run_after=2024-07-03 00:00:00+00:00
[2024-07-03T12:41:20.249+0000] {processor.py:183} INFO - Processing /home/airflow/.local/lib/python3.12/site-packages/airflow/example_dags/example_setup_teardown.py took 0.029 seconds
[2024-07-03T12:41:50.553+0000] {processor.py:161} INFO - Started process (PID=1268) to work on /home/airflow/.local/lib/python3.12/site-packages/airflow/example_dags/example_setup_teardown.py
[2024-07-03T12:41:50.554+0000] {processor.py:830} INFO - Processing file /home/airflow/.local/lib/python3.12/site-packages/airflow/example_dags/example_setup_teardown.py for tasks to queue
[2024-07-03T12:41:50.554+0000] {logging_mixin.py:188} INFO - [2024-07-03T12:41:50.554+0000] {dagbag.py:545} INFO - Filling up the DagBag from /home/airflow/.local/lib/python3.12/site-packages/airflow/example_dags/example_setup_teardown.py
[2024-07-03T12:41:50.557+0000] {processor.py:840} INFO - DAG(s) 'example_setup_teardown' retrieved from /home/airflow/.local/lib/python3.12/site-packages/airflow/example_dags/example_setup_teardown.py
[2024-07-03T12:41:50.564+0000] {logging_mixin.py:188} INFO - [2024-07-03T12:41:50.563+0000] {dag.py:3096} INFO - Sync 1 DAGs
[2024-07-03T12:41:50.571+0000] {logging_mixin.py:188} INFO - [2024-07-03T12:41:50.571+0000] {dag.py:3954} INFO - Setting next_dagrun for example_setup_teardown to 2024-07-02 00:00:00+00:00, run_after=2024-07-03 00:00:00+00:00
[2024-07-03T12:41:50.577+0000] {processor.py:183} INFO - Processing /home/airflow/.local/lib/python3.12/site-packages/airflow/example_dags/example_setup_teardown.py took 0.026 seconds
[2024-07-03T12:42:20.903+0000] {processor.py:161} INFO - Started process (PID=1326) to work on /home/airflow/.local/lib/python3.12/site-packages/airflow/example_dags/example_setup_teardown.py
[2024-07-03T12:42:20.904+0000] {processor.py:830} INFO - Processing file /home/airflow/.local/lib/python3.12/site-packages/airflow/example_dags/example_setup_teardown.py for tasks to queue
[2024-07-03T12:42:20.905+0000] {logging_mixin.py:188} INFO - [2024-07-03T12:42:20.904+0000] {dagbag.py:545} INFO - Filling up the DagBag from /home/airflow/.local/lib/python3.12/site-packages/airflow/example_dags/example_setup_teardown.py
[2024-07-03T12:42:20.907+0000] {processor.py:840} INFO - DAG(s) 'example_setup_teardown' retrieved from /home/airflow/.local/lib/python3.12/site-packages/airflow/example_dags/example_setup_teardown.py
[2024-07-03T12:42:20.914+0000] {logging_mixin.py:188} INFO - [2024-07-03T12:42:20.914+0000] {dag.py:3096} INFO - Sync 1 DAGs
[2024-07-03T12:42:20.921+0000] {logging_mixin.py:188} INFO - [2024-07-03T12:42:20.921+0000] {dag.py:3954} INFO - Setting next_dagrun for example_setup_teardown to 2024-07-02 00:00:00+00:00, run_after=2024-07-03 00:00:00+00:00
[2024-07-03T12:42:20.928+0000] {processor.py:183} INFO - Processing /home/airflow/.local/lib/python3.12/site-packages/airflow/example_dags/example_setup_teardown.py took 0.026 seconds
[2024-07-03T12:42:51.249+0000] {processor.py:161} INFO - Started process (PID=1384) to work on /home/airflow/.local/lib/python3.12/site-packages/airflow/example_dags/example_setup_teardown.py
[2024-07-03T12:42:51.250+0000] {processor.py:830} INFO - Processing file /home/airflow/.local/lib/python3.12/site-packages/airflow/example_dags/example_setup_teardown.py for tasks to queue
[2024-07-03T12:42:51.250+0000] {logging_mixin.py:188} INFO - [2024-07-03T12:42:51.250+0000] {dagbag.py:545} INFO - Filling up the DagBag from /home/airflow/.local/lib/python3.12/site-packages/airflow/example_dags/example_setup_teardown.py
[2024-07-03T12:42:51.253+0000] {processor.py:840} INFO - DAG(s) 'example_setup_teardown' retrieved from /home/airflow/.local/lib/python3.12/site-packages/airflow/example_dags/example_setup_teardown.py
[2024-07-03T12:42:51.261+0000] {logging_mixin.py:188} INFO - [2024-07-03T12:42:51.261+0000] {dag.py:3096} INFO - Sync 1 DAGs
[2024-07-03T12:42:51.269+0000] {logging_mixin.py:188} INFO - [2024-07-03T12:42:51.269+0000] {dag.py:3954} INFO - Setting next_dagrun for example_setup_teardown to 2024-07-02 00:00:00+00:00, run_after=2024-07-03 00:00:00+00:00
[2024-07-03T12:42:51.275+0000] {processor.py:183} INFO - Processing /home/airflow/.local/lib/python3.12/site-packages/airflow/example_dags/example_setup_teardown.py took 0.028 seconds
[2024-07-03T12:43:21.592+0000] {processor.py:161} INFO - Started process (PID=1442) to work on /home/airflow/.local/lib/python3.12/site-packages/airflow/example_dags/example_setup_teardown.py
[2024-07-03T12:43:21.593+0000] {processor.py:830} INFO - Processing file /home/airflow/.local/lib/python3.12/site-packages/airflow/example_dags/example_setup_teardown.py for tasks to queue
[2024-07-03T12:43:21.593+0000] {logging_mixin.py:188} INFO - [2024-07-03T12:43:21.593+0000] {dagbag.py:545} INFO - Filling up the DagBag from /home/airflow/.local/lib/python3.12/site-packages/airflow/example_dags/example_setup_teardown.py
[2024-07-03T12:43:21.596+0000] {processor.py:840} INFO - DAG(s) 'example_setup_teardown' retrieved from /home/airflow/.local/lib/python3.12/site-packages/airflow/example_dags/example_setup_teardown.py
[2024-07-03T12:43:21.604+0000] {logging_mixin.py:188} INFO - [2024-07-03T12:43:21.604+0000] {dag.py:3096} INFO - Sync 1 DAGs
[2024-07-03T12:43:21.612+0000] {logging_mixin.py:188} INFO - [2024-07-03T12:43:21.612+0000] {dag.py:3954} INFO - Setting next_dagrun for example_setup_teardown to 2024-07-02 00:00:00+00:00, run_after=2024-07-03 00:00:00+00:00
[2024-07-03T12:43:21.618+0000] {processor.py:183} INFO - Processing /home/airflow/.local/lib/python3.12/site-packages/airflow/example_dags/example_setup_teardown.py took 0.028 seconds
[2024-07-03T12:43:51.955+0000] {processor.py:161} INFO - Started process (PID=1500) to work on /home/airflow/.local/lib/python3.12/site-packages/airflow/example_dags/example_setup_teardown.py
[2024-07-03T12:43:51.955+0000] {processor.py:830} INFO - Processing file /home/airflow/.local/lib/python3.12/site-packages/airflow/example_dags/example_setup_teardown.py for tasks to queue
[2024-07-03T12:43:51.956+0000] {logging_mixin.py:188} INFO - [2024-07-03T12:43:51.956+0000] {dagbag.py:545} INFO - Filling up the DagBag from /home/airflow/.local/lib/python3.12/site-packages/airflow/example_dags/example_setup_teardown.py
[2024-07-03T12:43:51.959+0000] {processor.py:840} INFO - DAG(s) 'example_setup_teardown' retrieved from /home/airflow/.local/lib/python3.12/site-packages/airflow/example_dags/example_setup_teardown.py
[2024-07-03T12:43:51.966+0000] {logging_mixin.py:188} INFO - [2024-07-03T12:43:51.966+0000] {dag.py:3096} INFO - Sync 1 DAGs
[2024-07-03T12:43:51.974+0000] {logging_mixin.py:188} INFO - [2024-07-03T12:43:51.974+0000] {dag.py:3954} INFO - Setting next_dagrun for example_setup_teardown to 2024-07-02 00:00:00+00:00, run_after=2024-07-03 00:00:00+00:00
[2024-07-03T12:43:51.981+0000] {processor.py:183} INFO - Processing /home/airflow/.local/lib/python3.12/site-packages/airflow/example_dags/example_setup_teardown.py took 0.029 seconds
[2024-07-03T12:44:22.339+0000] {processor.py:161} INFO - Started process (PID=1558) to work on /home/airflow/.local/lib/python3.12/site-packages/airflow/example_dags/example_setup_teardown.py
[2024-07-03T12:44:22.339+0000] {processor.py:830} INFO - Processing file /home/airflow/.local/lib/python3.12/site-packages/airflow/example_dags/example_setup_teardown.py for tasks to queue
[2024-07-03T12:44:22.340+0000] {logging_mixin.py:188} INFO - [2024-07-03T12:44:22.340+0000] {dagbag.py:545} INFO - Filling up the DagBag from /home/airflow/.local/lib/python3.12/site-packages/airflow/example_dags/example_setup_teardown.py
[2024-07-03T12:44:22.343+0000] {processor.py:840} INFO - DAG(s) 'example_setup_teardown' retrieved from /home/airflow/.local/lib/python3.12/site-packages/airflow/example_dags/example_setup_teardown.py
[2024-07-03T12:44:22.352+0000] {logging_mixin.py:188} INFO - [2024-07-03T12:44:22.351+0000] {dag.py:3096} INFO - Sync 1 DAGs
[2024-07-03T12:44:22.360+0000] {logging_mixin.py:188} INFO - [2024-07-03T12:44:22.359+0000] {dag.py:3954} INFO - Setting next_dagrun for example_setup_teardown to 2024-07-02 00:00:00+00:00, run_after=2024-07-03 00:00:00+00:00
[2024-07-03T12:44:22.366+0000] {processor.py:183} INFO - Processing /home/airflow/.local/lib/python3.12/site-packages/airflow/example_dags/example_setup_teardown.py took 0.029 seconds
[2024-07-03T12:44:52.742+0000] {processor.py:161} INFO - Started process (PID=1616) to work on /home/airflow/.local/lib/python3.12/site-packages/airflow/example_dags/example_setup_teardown.py
[2024-07-03T12:44:52.743+0000] {processor.py:830} INFO - Processing file /home/airflow/.local/lib/python3.12/site-packages/airflow/example_dags/example_setup_teardown.py for tasks to queue
[2024-07-03T12:44:52.744+0000] {logging_mixin.py:188} INFO - [2024-07-03T12:44:52.744+0000] {dagbag.py:545} INFO - Filling up the DagBag from /home/airflow/.local/lib/python3.12/site-packages/airflow/example_dags/example_setup_teardown.py
[2024-07-03T12:44:52.746+0000] {processor.py:840} INFO - DAG(s) 'example_setup_teardown' retrieved from /home/airflow/.local/lib/python3.12/site-packages/airflow/example_dags/example_setup_teardown.py
[2024-07-03T12:44:52.753+0000] {logging_mixin.py:188} INFO - [2024-07-03T12:44:52.753+0000] {dag.py:3096} INFO - Sync 1 DAGs
[2024-07-03T12:44:52.760+0000] {logging_mixin.py:188} INFO - [2024-07-03T12:44:52.760+0000] {dag.py:3954} INFO - Setting next_dagrun for example_setup_teardown to 2024-07-02 00:00:00+00:00, run_after=2024-07-03 00:00:00+00:00
[2024-07-03T12:44:52.767+0000] {processor.py:183} INFO - Processing /home/airflow/.local/lib/python3.12/site-packages/airflow/example_dags/example_setup_teardown.py took 0.026 seconds
[2024-07-03T12:45:23.092+0000] {processor.py:161} INFO - Started process (PID=1674) to work on /home/airflow/.local/lib/python3.12/site-packages/airflow/example_dags/example_setup_teardown.py
[2024-07-03T12:45:23.093+0000] {processor.py:830} INFO - Processing file /home/airflow/.local/lib/python3.12/site-packages/airflow/example_dags/example_setup_teardown.py for tasks to queue
[2024-07-03T12:45:23.094+0000] {logging_mixin.py:188} INFO - [2024-07-03T12:45:23.093+0000] {dagbag.py:545} INFO - Filling up the DagBag from /home/airflow/.local/lib/python3.12/site-packages/airflow/example_dags/example_setup_teardown.py
[2024-07-03T12:45:23.097+0000] {processor.py:840} INFO - DAG(s) 'example_setup_teardown' retrieved from /home/airflow/.local/lib/python3.12/site-packages/airflow/example_dags/example_setup_teardown.py
[2024-07-03T12:45:23.105+0000] {logging_mixin.py:188} INFO - [2024-07-03T12:45:23.105+0000] {dag.py:3096} INFO - Sync 1 DAGs
[2024-07-03T12:45:23.113+0000] {logging_mixin.py:188} INFO - [2024-07-03T12:45:23.113+0000] {dag.py:3954} INFO - Setting next_dagrun for example_setup_teardown to 2024-07-02 00:00:00+00:00, run_after=2024-07-03 00:00:00+00:00
[2024-07-03T12:45:23.119+0000] {processor.py:183} INFO - Processing /home/airflow/.local/lib/python3.12/site-packages/airflow/example_dags/example_setup_teardown.py took 0.030 seconds
[2024-07-03T12:45:53.416+0000] {processor.py:161} INFO - Started process (PID=1732) to work on /home/airflow/.local/lib/python3.12/site-packages/airflow/example_dags/example_setup_teardown.py
[2024-07-03T12:45:53.416+0000] {processor.py:830} INFO - Processing file /home/airflow/.local/lib/python3.12/site-packages/airflow/example_dags/example_setup_teardown.py for tasks to queue
[2024-07-03T12:45:53.417+0000] {logging_mixin.py:188} INFO - [2024-07-03T12:45:53.417+0000] {dagbag.py:545} INFO - Filling up the DagBag from /home/airflow/.local/lib/python3.12/site-packages/airflow/example_dags/example_setup_teardown.py
[2024-07-03T12:45:53.420+0000] {processor.py:840} INFO - DAG(s) 'example_setup_teardown' retrieved from /home/airflow/.local/lib/python3.12/site-packages/airflow/example_dags/example_setup_teardown.py
[2024-07-03T12:45:53.428+0000] {logging_mixin.py:188} INFO - [2024-07-03T12:45:53.428+0000] {dag.py:3096} INFO - Sync 1 DAGs
[2024-07-03T12:45:53.436+0000] {logging_mixin.py:188} INFO - [2024-07-03T12:45:53.436+0000] {dag.py:3954} INFO - Setting next_dagrun for example_setup_teardown to 2024-07-02 00:00:00+00:00, run_after=2024-07-03 00:00:00+00:00
[2024-07-03T12:45:53.442+0000] {processor.py:183} INFO - Processing /home/airflow/.local/lib/python3.12/site-packages/airflow/example_dags/example_setup_teardown.py took 0.029 seconds
[2024-07-03T12:46:24.188+0000] {processor.py:161} INFO - Started process (PID=1790) to work on /home/airflow/.local/lib/python3.12/site-packages/airflow/example_dags/example_setup_teardown.py
[2024-07-03T12:46:24.189+0000] {processor.py:830} INFO - Processing file /home/airflow/.local/lib/python3.12/site-packages/airflow/example_dags/example_setup_teardown.py for tasks to queue
[2024-07-03T12:46:24.189+0000] {logging_mixin.py:188} INFO - [2024-07-03T12:46:24.189+0000] {dagbag.py:545} INFO - Filling up the DagBag from /home/airflow/.local/lib/python3.12/site-packages/airflow/example_dags/example_setup_teardown.py
[2024-07-03T12:46:24.192+0000] {processor.py:840} INFO - DAG(s) 'example_setup_teardown' retrieved from /home/airflow/.local/lib/python3.12/site-packages/airflow/example_dags/example_setup_teardown.py
[2024-07-03T12:46:24.200+0000] {logging_mixin.py:188} INFO - [2024-07-03T12:46:24.200+0000] {dag.py:3096} INFO - Sync 1 DAGs
[2024-07-03T12:46:24.208+0000] {logging_mixin.py:188} INFO - [2024-07-03T12:46:24.208+0000] {dag.py:3954} INFO - Setting next_dagrun for example_setup_teardown to 2024-07-02 00:00:00+00:00, run_after=2024-07-03 00:00:00+00:00
[2024-07-03T12:46:24.215+0000] {processor.py:183} INFO - Processing /home/airflow/.local/lib/python3.12/site-packages/airflow/example_dags/example_setup_teardown.py took 0.029 seconds
[2024-07-03T12:46:54.892+0000] {processor.py:161} INFO - Started process (PID=1848) to work on /home/airflow/.local/lib/python3.12/site-packages/airflow/example_dags/example_setup_teardown.py
[2024-07-03T12:46:54.893+0000] {processor.py:830} INFO - Processing file /home/airflow/.local/lib/python3.12/site-packages/airflow/example_dags/example_setup_teardown.py for tasks to queue
[2024-07-03T12:46:54.894+0000] {logging_mixin.py:188} INFO - [2024-07-03T12:46:54.893+0000] {dagbag.py:545} INFO - Filling up the DagBag from /home/airflow/.local/lib/python3.12/site-packages/airflow/example_dags/example_setup_teardown.py
[2024-07-03T12:46:54.896+0000] {processor.py:840} INFO - DAG(s) 'example_setup_teardown' retrieved from /home/airflow/.local/lib/python3.12/site-packages/airflow/example_dags/example_setup_teardown.py
[2024-07-03T12:46:54.904+0000] {logging_mixin.py:188} INFO - [2024-07-03T12:46:54.904+0000] {dag.py:3096} INFO - Sync 1 DAGs
[2024-07-03T12:46:54.912+0000] {logging_mixin.py:188} INFO - [2024-07-03T12:46:54.912+0000] {dag.py:3954} INFO - Setting next_dagrun for example_setup_teardown to 2024-07-02 00:00:00+00:00, run_after=2024-07-03 00:00:00+00:00
[2024-07-03T12:46:54.918+0000] {processor.py:183} INFO - Processing /home/airflow/.local/lib/python3.12/site-packages/airflow/example_dags/example_setup_teardown.py took 0.027 seconds
[2024-07-03T12:47:25.543+0000] {processor.py:161} INFO - Started process (PID=1906) to work on /home/airflow/.local/lib/python3.12/site-packages/airflow/example_dags/example_setup_teardown.py
[2024-07-03T12:47:25.543+0000] {processor.py:830} INFO - Processing file /home/airflow/.local/lib/python3.12/site-packages/airflow/example_dags/example_setup_teardown.py for tasks to queue
[2024-07-03T12:47:25.544+0000] {logging_mixin.py:188} INFO - [2024-07-03T12:47:25.544+0000] {dagbag.py:545} INFO - Filling up the DagBag from /home/airflow/.local/lib/python3.12/site-packages/airflow/example_dags/example_setup_teardown.py
[2024-07-03T12:47:25.546+0000] {processor.py:840} INFO - DAG(s) 'example_setup_teardown' retrieved from /home/airflow/.local/lib/python3.12/site-packages/airflow/example_dags/example_setup_teardown.py
[2024-07-03T12:47:25.554+0000] {logging_mixin.py:188} INFO - [2024-07-03T12:47:25.554+0000] {dag.py:3096} INFO - Sync 1 DAGs
[2024-07-03T12:47:25.561+0000] {logging_mixin.py:188} INFO - [2024-07-03T12:47:25.561+0000] {dag.py:3954} INFO - Setting next_dagrun for example_setup_teardown to 2024-07-02 00:00:00+00:00, run_after=2024-07-03 00:00:00+00:00
[2024-07-03T12:47:25.632+0000] {processor.py:183} INFO - Processing /home/airflow/.local/lib/python3.12/site-packages/airflow/example_dags/example_setup_teardown.py took 0.092 seconds
[2024-07-03T12:47:55.695+0000] {processor.py:161} INFO - Started process (PID=1964) to work on /home/airflow/.local/lib/python3.12/site-packages/airflow/example_dags/example_setup_teardown.py
[2024-07-03T12:47:55.696+0000] {processor.py:830} INFO - Processing file /home/airflow/.local/lib/python3.12/site-packages/airflow/example_dags/example_setup_teardown.py for tasks to queue
[2024-07-03T12:47:55.696+0000] {logging_mixin.py:188} INFO - [2024-07-03T12:47:55.696+0000] {dagbag.py:545} INFO - Filling up the DagBag from /home/airflow/.local/lib/python3.12/site-packages/airflow/example_dags/example_setup_teardown.py
[2024-07-03T12:47:55.699+0000] {processor.py:840} INFO - DAG(s) 'example_setup_teardown' retrieved from /home/airflow/.local/lib/python3.12/site-packages/airflow/example_dags/example_setup_teardown.py
[2024-07-03T12:47:55.707+0000] {logging_mixin.py:188} INFO - [2024-07-03T12:47:55.707+0000] {dag.py:3096} INFO - Sync 1 DAGs
[2024-07-03T12:47:55.714+0000] {logging_mixin.py:188} INFO - [2024-07-03T12:47:55.714+0000] {dag.py:3954} INFO - Setting next_dagrun for example_setup_teardown to 2024-07-02 00:00:00+00:00, run_after=2024-07-03 00:00:00+00:00
[2024-07-03T12:47:55.721+0000] {processor.py:183} INFO - Processing /home/airflow/.local/lib/python3.12/site-packages/airflow/example_dags/example_setup_teardown.py took 0.028 seconds
[2024-07-03T12:48:25.767+0000] {processor.py:161} INFO - Started process (PID=2021) to work on /home/airflow/.local/lib/python3.12/site-packages/airflow/example_dags/example_setup_teardown.py
[2024-07-03T12:48:25.767+0000] {processor.py:830} INFO - Processing file /home/airflow/.local/lib/python3.12/site-packages/airflow/example_dags/example_setup_teardown.py for tasks to queue
[2024-07-03T12:48:25.768+0000] {logging_mixin.py:188} INFO - [2024-07-03T12:48:25.768+0000] {dagbag.py:545} INFO - Filling up the DagBag from /home/airflow/.local/lib/python3.12/site-packages/airflow/example_dags/example_setup_teardown.py
[2024-07-03T12:48:25.771+0000] {processor.py:840} INFO - DAG(s) 'example_setup_teardown' retrieved from /home/airflow/.local/lib/python3.12/site-packages/airflow/example_dags/example_setup_teardown.py
[2024-07-03T12:48:25.779+0000] {logging_mixin.py:188} INFO - [2024-07-03T12:48:25.779+0000] {dag.py:3096} INFO - Sync 1 DAGs
[2024-07-03T12:48:25.786+0000] {logging_mixin.py:188} INFO - [2024-07-03T12:48:25.786+0000] {dag.py:3954} INFO - Setting next_dagrun for example_setup_teardown to 2024-07-02 00:00:00+00:00, run_after=2024-07-03 00:00:00+00:00
[2024-07-03T12:48:25.793+0000] {processor.py:183} INFO - Processing /home/airflow/.local/lib/python3.12/site-packages/airflow/example_dags/example_setup_teardown.py took 0.028 seconds
[2024-07-03T12:48:55.829+0000] {processor.py:161} INFO - Started process (PID=2079) to work on /home/airflow/.local/lib/python3.12/site-packages/airflow/example_dags/example_setup_teardown.py
[2024-07-03T12:48:55.829+0000] {processor.py:830} INFO - Processing file /home/airflow/.local/lib/python3.12/site-packages/airflow/example_dags/example_setup_teardown.py for tasks to queue
[2024-07-03T12:48:55.830+0000] {logging_mixin.py:188} INFO - [2024-07-03T12:48:55.830+0000] {dagbag.py:545} INFO - Filling up the DagBag from /home/airflow/.local/lib/python3.12/site-packages/airflow/example_dags/example_setup_teardown.py
[2024-07-03T12:48:55.833+0000] {processor.py:840} INFO - DAG(s) 'example_setup_teardown' retrieved from /home/airflow/.local/lib/python3.12/site-packages/airflow/example_dags/example_setup_teardown.py
[2024-07-03T12:48:55.840+0000] {logging_mixin.py:188} INFO - [2024-07-03T12:48:55.840+0000] {dag.py:3096} INFO - Sync 1 DAGs
[2024-07-03T12:48:55.847+0000] {logging_mixin.py:188} INFO - [2024-07-03T12:48:55.847+0000] {dag.py:3954} INFO - Setting next_dagrun for example_setup_teardown to 2024-07-02 00:00:00+00:00, run_after=2024-07-03 00:00:00+00:00
[2024-07-03T12:48:55.853+0000] {processor.py:183} INFO - Processing /home/airflow/.local/lib/python3.12/site-packages/airflow/example_dags/example_setup_teardown.py took 0.027 seconds
[2024-07-03T12:49:26.305+0000] {processor.py:161} INFO - Started process (PID=2137) to work on /home/airflow/.local/lib/python3.12/site-packages/airflow/example_dags/example_setup_teardown.py
[2024-07-03T12:49:26.305+0000] {processor.py:830} INFO - Processing file /home/airflow/.local/lib/python3.12/site-packages/airflow/example_dags/example_setup_teardown.py for tasks to queue
[2024-07-03T12:49:26.306+0000] {logging_mixin.py:188} INFO - [2024-07-03T12:49:26.306+0000] {dagbag.py:545} INFO - Filling up the DagBag from /home/airflow/.local/lib/python3.12/site-packages/airflow/example_dags/example_setup_teardown.py
[2024-07-03T12:49:26.308+0000] {processor.py:840} INFO - DAG(s) 'example_setup_teardown' retrieved from /home/airflow/.local/lib/python3.12/site-packages/airflow/example_dags/example_setup_teardown.py
[2024-07-03T12:49:26.316+0000] {logging_mixin.py:188} INFO - [2024-07-03T12:49:26.316+0000] {dag.py:3096} INFO - Sync 1 DAGs
[2024-07-03T12:49:26.323+0000] {logging_mixin.py:188} INFO - [2024-07-03T12:49:26.323+0000] {dag.py:3954} INFO - Setting next_dagrun for example_setup_teardown to 2024-07-02 00:00:00+00:00, run_after=2024-07-03 00:00:00+00:00
[2024-07-03T12:49:26.328+0000] {processor.py:183} INFO - Processing /home/airflow/.local/lib/python3.12/site-packages/airflow/example_dags/example_setup_teardown.py took 0.025 seconds
[2024-07-03T12:49:56.732+0000] {processor.py:161} INFO - Started process (PID=2195) to work on /home/airflow/.local/lib/python3.12/site-packages/airflow/example_dags/example_setup_teardown.py
[2024-07-03T12:49:56.732+0000] {processor.py:830} INFO - Processing file /home/airflow/.local/lib/python3.12/site-packages/airflow/example_dags/example_setup_teardown.py for tasks to queue
[2024-07-03T12:49:56.733+0000] {logging_mixin.py:188} INFO - [2024-07-03T12:49:56.733+0000] {dagbag.py:545} INFO - Filling up the DagBag from /home/airflow/.local/lib/python3.12/site-packages/airflow/example_dags/example_setup_teardown.py
[2024-07-03T12:49:56.735+0000] {processor.py:840} INFO - DAG(s) 'example_setup_teardown' retrieved from /home/airflow/.local/lib/python3.12/site-packages/airflow/example_dags/example_setup_teardown.py
[2024-07-03T12:49:56.743+0000] {logging_mixin.py:188} INFO - [2024-07-03T12:49:56.743+0000] {dag.py:3096} INFO - Sync 1 DAGs
[2024-07-03T12:49:56.751+0000] {logging_mixin.py:188} INFO - [2024-07-03T12:49:56.751+0000] {dag.py:3954} INFO - Setting next_dagrun for example_setup_teardown to 2024-07-02 00:00:00+00:00, run_after=2024-07-03 00:00:00+00:00
[2024-07-03T12:49:56.757+0000] {processor.py:183} INFO - Processing /home/airflow/.local/lib/python3.12/site-packages/airflow/example_dags/example_setup_teardown.py took 0.028 seconds
[2024-07-03T12:50:27.129+0000] {processor.py:161} INFO - Started process (PID=2253) to work on /home/airflow/.local/lib/python3.12/site-packages/airflow/example_dags/example_setup_teardown.py
[2024-07-03T12:50:27.130+0000] {processor.py:830} INFO - Processing file /home/airflow/.local/lib/python3.12/site-packages/airflow/example_dags/example_setup_teardown.py for tasks to queue
[2024-07-03T12:50:27.130+0000] {logging_mixin.py:188} INFO - [2024-07-03T12:50:27.130+0000] {dagbag.py:545} INFO - Filling up the DagBag from /home/airflow/.local/lib/python3.12/site-packages/airflow/example_dags/example_setup_teardown.py
[2024-07-03T12:50:27.133+0000] {processor.py:840} INFO - DAG(s) 'example_setup_teardown' retrieved from /home/airflow/.local/lib/python3.12/site-packages/airflow/example_dags/example_setup_teardown.py
[2024-07-03T12:50:27.141+0000] {logging_mixin.py:188} INFO - [2024-07-03T12:50:27.141+0000] {dag.py:3096} INFO - Sync 1 DAGs
[2024-07-03T12:50:27.150+0000] {logging_mixin.py:188} INFO - [2024-07-03T12:50:27.150+0000] {dag.py:3954} INFO - Setting next_dagrun for example_setup_teardown to 2024-07-02 00:00:00+00:00, run_after=2024-07-03 00:00:00+00:00
[2024-07-03T12:50:27.156+0000] {processor.py:183} INFO - Processing /home/airflow/.local/lib/python3.12/site-packages/airflow/example_dags/example_setup_teardown.py took 0.030 seconds
