[2024-07-03T12:31:11.550+0000] {processor.py:161} INFO - Started process (PID=50) to work on /home/airflow/.local/lib/python3.12/site-packages/airflow/example_dags/example_latest_only.py
[2024-07-03T12:31:11.551+0000] {processor.py:830} INFO - Processing file /home/airflow/.local/lib/python3.12/site-packages/airflow/example_dags/example_latest_only.py for tasks to queue
[2024-07-03T12:31:11.552+0000] {logging_mixin.py:188} INFO - [2024-07-03T12:31:11.552+0000] {dagbag.py:545} INFO - Filling up the DagBag from /home/airflow/.local/lib/python3.12/site-packages/airflow/example_dags/example_latest_only.py
[2024-07-03T12:31:11.557+0000] {processor.py:840} INFO - DAG(s) 'latest_only' retrieved from /home/airflow/.local/lib/python3.12/site-packages/airflow/example_dags/example_latest_only.py
[2024-07-03T12:31:11.573+0000] {logging_mixin.py:188} INFO - [2024-07-03T12:31:11.572+0000] {dag.py:3096} INFO - Sync 1 DAGs
[2024-07-03T12:31:11.596+0000] {logging_mixin.py:188} INFO - [2024-07-03T12:31:11.595+0000] {dag.py:3954} INFO - Setting next_dagrun for latest_only to 2024-07-03 08:00:00+00:00, run_after=2024-07-03 12:00:00+00:00
[2024-07-03T12:31:11.606+0000] {processor.py:183} INFO - Processing /home/airflow/.local/lib/python3.12/site-packages/airflow/example_dags/example_latest_only.py took 0.058 seconds
[2024-07-03T12:31:42.177+0000] {processor.py:161} INFO - Started process (PID=108) to work on /home/airflow/.local/lib/python3.12/site-packages/airflow/example_dags/example_latest_only.py
[2024-07-03T12:31:42.178+0000] {processor.py:830} INFO - Processing file /home/airflow/.local/lib/python3.12/site-packages/airflow/example_dags/example_latest_only.py for tasks to queue
[2024-07-03T12:31:42.178+0000] {logging_mixin.py:188} INFO - [2024-07-03T12:31:42.178+0000] {dagbag.py:545} INFO - Filling up the DagBag from /home/airflow/.local/lib/python3.12/site-packages/airflow/example_dags/example_latest_only.py
[2024-07-03T12:31:42.180+0000] {processor.py:840} INFO - DAG(s) 'latest_only' retrieved from /home/airflow/.local/lib/python3.12/site-packages/airflow/example_dags/example_latest_only.py
[2024-07-03T12:31:42.222+0000] {logging_mixin.py:188} INFO - [2024-07-03T12:31:42.222+0000] {dag.py:3096} INFO - Sync 1 DAGs
[2024-07-03T12:31:42.231+0000] {logging_mixin.py:188} INFO - [2024-07-03T12:31:42.231+0000] {dag.py:3954} INFO - Setting next_dagrun for latest_only to 2024-07-03 08:00:00+00:00, run_after=2024-07-03 12:00:00+00:00
[2024-07-03T12:31:42.238+0000] {processor.py:183} INFO - Processing /home/airflow/.local/lib/python3.12/site-packages/airflow/example_dags/example_latest_only.py took 0.063 seconds
[2024-07-03T12:32:13.217+0000] {processor.py:161} INFO - Started process (PID=166) to work on /home/airflow/.local/lib/python3.12/site-packages/airflow/example_dags/example_latest_only.py
[2024-07-03T12:32:13.217+0000] {processor.py:830} INFO - Processing file /home/airflow/.local/lib/python3.12/site-packages/airflow/example_dags/example_latest_only.py for tasks to queue
[2024-07-03T12:32:13.218+0000] {logging_mixin.py:188} INFO - [2024-07-03T12:32:13.218+0000] {dagbag.py:545} INFO - Filling up the DagBag from /home/airflow/.local/lib/python3.12/site-packages/airflow/example_dags/example_latest_only.py
[2024-07-03T12:32:13.220+0000] {processor.py:840} INFO - DAG(s) 'latest_only' retrieved from /home/airflow/.local/lib/python3.12/site-packages/airflow/example_dags/example_latest_only.py
[2024-07-03T12:32:13.231+0000] {logging_mixin.py:188} INFO - [2024-07-03T12:32:13.231+0000] {dag.py:3096} INFO - Sync 1 DAGs
[2024-07-03T12:32:13.239+0000] {logging_mixin.py:188} INFO - [2024-07-03T12:32:13.239+0000] {dag.py:3954} INFO - Setting next_dagrun for latest_only to 2024-07-03 08:00:00+00:00, run_after=2024-07-03 12:00:00+00:00
[2024-07-03T12:32:13.247+0000] {processor.py:183} INFO - Processing /home/airflow/.local/lib/python3.12/site-packages/airflow/example_dags/example_latest_only.py took 0.033 seconds
[2024-07-03T12:32:43.696+0000] {processor.py:161} INFO - Started process (PID=224) to work on /home/airflow/.local/lib/python3.12/site-packages/airflow/example_dags/example_latest_only.py
[2024-07-03T12:32:43.697+0000] {processor.py:830} INFO - Processing file /home/airflow/.local/lib/python3.12/site-packages/airflow/example_dags/example_latest_only.py for tasks to queue
[2024-07-03T12:32:43.698+0000] {logging_mixin.py:188} INFO - [2024-07-03T12:32:43.697+0000] {dagbag.py:545} INFO - Filling up the DagBag from /home/airflow/.local/lib/python3.12/site-packages/airflow/example_dags/example_latest_only.py
[2024-07-03T12:32:43.700+0000] {processor.py:840} INFO - DAG(s) 'latest_only' retrieved from /home/airflow/.local/lib/python3.12/site-packages/airflow/example_dags/example_latest_only.py
[2024-07-03T12:32:43.708+0000] {logging_mixin.py:188} INFO - [2024-07-03T12:32:43.708+0000] {dag.py:3096} INFO - Sync 1 DAGs
[2024-07-03T12:32:43.717+0000] {logging_mixin.py:188} INFO - [2024-07-03T12:32:43.716+0000] {dag.py:3954} INFO - Setting next_dagrun for latest_only to 2024-07-03 08:00:00+00:00, run_after=2024-07-03 12:00:00+00:00
[2024-07-03T12:32:43.723+0000] {processor.py:183} INFO - Processing /home/airflow/.local/lib/python3.12/site-packages/airflow/example_dags/example_latest_only.py took 0.029 seconds
[2024-07-03T12:33:14.193+0000] {processor.py:161} INFO - Started process (PID=282) to work on /home/airflow/.local/lib/python3.12/site-packages/airflow/example_dags/example_latest_only.py
[2024-07-03T12:33:14.194+0000] {processor.py:830} INFO - Processing file /home/airflow/.local/lib/python3.12/site-packages/airflow/example_dags/example_latest_only.py for tasks to queue
[2024-07-03T12:33:14.195+0000] {logging_mixin.py:188} INFO - [2024-07-03T12:33:14.194+0000] {dagbag.py:545} INFO - Filling up the DagBag from /home/airflow/.local/lib/python3.12/site-packages/airflow/example_dags/example_latest_only.py
[2024-07-03T12:33:14.198+0000] {processor.py:840} INFO - DAG(s) 'latest_only' retrieved from /home/airflow/.local/lib/python3.12/site-packages/airflow/example_dags/example_latest_only.py
[2024-07-03T12:33:14.207+0000] {logging_mixin.py:188} INFO - [2024-07-03T12:33:14.207+0000] {dag.py:3096} INFO - Sync 1 DAGs
[2024-07-03T12:33:14.216+0000] {logging_mixin.py:188} INFO - [2024-07-03T12:33:14.216+0000] {dag.py:3954} INFO - Setting next_dagrun for latest_only to 2024-07-03 08:00:00+00:00, run_after=2024-07-03 12:00:00+00:00
[2024-07-03T12:33:14.227+0000] {processor.py:183} INFO - Processing /home/airflow/.local/lib/python3.12/site-packages/airflow/example_dags/example_latest_only.py took 0.037 seconds
[2024-07-03T12:33:44.664+0000] {processor.py:161} INFO - Started process (PID=340) to work on /home/airflow/.local/lib/python3.12/site-packages/airflow/example_dags/example_latest_only.py
[2024-07-03T12:33:44.665+0000] {processor.py:830} INFO - Processing file /home/airflow/.local/lib/python3.12/site-packages/airflow/example_dags/example_latest_only.py for tasks to queue
[2024-07-03T12:33:44.666+0000] {logging_mixin.py:188} INFO - [2024-07-03T12:33:44.666+0000] {dagbag.py:545} INFO - Filling up the DagBag from /home/airflow/.local/lib/python3.12/site-packages/airflow/example_dags/example_latest_only.py
[2024-07-03T12:33:44.668+0000] {processor.py:840} INFO - DAG(s) 'latest_only' retrieved from /home/airflow/.local/lib/python3.12/site-packages/airflow/example_dags/example_latest_only.py
[2024-07-03T12:33:44.677+0000] {logging_mixin.py:188} INFO - [2024-07-03T12:33:44.677+0000] {dag.py:3096} INFO - Sync 1 DAGs
[2024-07-03T12:33:44.686+0000] {logging_mixin.py:188} INFO - [2024-07-03T12:33:44.686+0000] {dag.py:3954} INFO - Setting next_dagrun for latest_only to 2024-07-03 08:00:00+00:00, run_after=2024-07-03 12:00:00+00:00
[2024-07-03T12:33:44.695+0000] {processor.py:183} INFO - Processing /home/airflow/.local/lib/python3.12/site-packages/airflow/example_dags/example_latest_only.py took 0.033 seconds
[2024-07-03T12:34:14.938+0000] {processor.py:161} INFO - Started process (PID=398) to work on /home/airflow/.local/lib/python3.12/site-packages/airflow/example_dags/example_latest_only.py
[2024-07-03T12:34:14.939+0000] {processor.py:830} INFO - Processing file /home/airflow/.local/lib/python3.12/site-packages/airflow/example_dags/example_latest_only.py for tasks to queue
[2024-07-03T12:34:14.940+0000] {logging_mixin.py:188} INFO - [2024-07-03T12:34:14.939+0000] {dagbag.py:545} INFO - Filling up the DagBag from /home/airflow/.local/lib/python3.12/site-packages/airflow/example_dags/example_latest_only.py
[2024-07-03T12:34:14.942+0000] {processor.py:840} INFO - DAG(s) 'latest_only' retrieved from /home/airflow/.local/lib/python3.12/site-packages/airflow/example_dags/example_latest_only.py
[2024-07-03T12:34:14.951+0000] {logging_mixin.py:188} INFO - [2024-07-03T12:34:14.951+0000] {dag.py:3096} INFO - Sync 1 DAGs
[2024-07-03T12:34:14.960+0000] {logging_mixin.py:188} INFO - [2024-07-03T12:34:14.960+0000] {dag.py:3954} INFO - Setting next_dagrun for latest_only to 2024-07-03 08:00:00+00:00, run_after=2024-07-03 12:00:00+00:00
[2024-07-03T12:34:14.967+0000] {processor.py:183} INFO - Processing /home/airflow/.local/lib/python3.12/site-packages/airflow/example_dags/example_latest_only.py took 0.031 seconds
[2024-07-03T12:34:45.247+0000] {processor.py:161} INFO - Started process (PID=456) to work on /home/airflow/.local/lib/python3.12/site-packages/airflow/example_dags/example_latest_only.py
[2024-07-03T12:34:45.248+0000] {processor.py:830} INFO - Processing file /home/airflow/.local/lib/python3.12/site-packages/airflow/example_dags/example_latest_only.py for tasks to queue
[2024-07-03T12:34:45.249+0000] {logging_mixin.py:188} INFO - [2024-07-03T12:34:45.248+0000] {dagbag.py:545} INFO - Filling up the DagBag from /home/airflow/.local/lib/python3.12/site-packages/airflow/example_dags/example_latest_only.py
[2024-07-03T12:34:45.251+0000] {processor.py:840} INFO - DAG(s) 'latest_only' retrieved from /home/airflow/.local/lib/python3.12/site-packages/airflow/example_dags/example_latest_only.py
[2024-07-03T12:34:45.259+0000] {logging_mixin.py:188} INFO - [2024-07-03T12:34:45.259+0000] {dag.py:3096} INFO - Sync 1 DAGs
[2024-07-03T12:34:45.266+0000] {logging_mixin.py:188} INFO - [2024-07-03T12:34:45.266+0000] {dag.py:3954} INFO - Setting next_dagrun for latest_only to 2024-07-03 08:00:00+00:00, run_after=2024-07-03 12:00:00+00:00
[2024-07-03T12:34:45.273+0000] {processor.py:183} INFO - Processing /home/airflow/.local/lib/python3.12/site-packages/airflow/example_dags/example_latest_only.py took 0.028 seconds
[2024-07-03T12:35:15.523+0000] {processor.py:161} INFO - Started process (PID=514) to work on /home/airflow/.local/lib/python3.12/site-packages/airflow/example_dags/example_latest_only.py
[2024-07-03T12:35:15.524+0000] {processor.py:830} INFO - Processing file /home/airflow/.local/lib/python3.12/site-packages/airflow/example_dags/example_latest_only.py for tasks to queue
[2024-07-03T12:35:15.525+0000] {logging_mixin.py:188} INFO - [2024-07-03T12:35:15.524+0000] {dagbag.py:545} INFO - Filling up the DagBag from /home/airflow/.local/lib/python3.12/site-packages/airflow/example_dags/example_latest_only.py
[2024-07-03T12:35:15.527+0000] {processor.py:840} INFO - DAG(s) 'latest_only' retrieved from /home/airflow/.local/lib/python3.12/site-packages/airflow/example_dags/example_latest_only.py
[2024-07-03T12:35:15.535+0000] {logging_mixin.py:188} INFO - [2024-07-03T12:35:15.535+0000] {dag.py:3096} INFO - Sync 1 DAGs
[2024-07-03T12:35:15.543+0000] {logging_mixin.py:188} INFO - [2024-07-03T12:35:15.542+0000] {dag.py:3954} INFO - Setting next_dagrun for latest_only to 2024-07-03 08:00:00+00:00, run_after=2024-07-03 12:00:00+00:00
[2024-07-03T12:35:15.549+0000] {processor.py:183} INFO - Processing /home/airflow/.local/lib/python3.12/site-packages/airflow/example_dags/example_latest_only.py took 0.029 seconds
[2024-07-03T12:35:45.807+0000] {processor.py:161} INFO - Started process (PID=572) to work on /home/airflow/.local/lib/python3.12/site-packages/airflow/example_dags/example_latest_only.py
[2024-07-03T12:35:45.807+0000] {processor.py:830} INFO - Processing file /home/airflow/.local/lib/python3.12/site-packages/airflow/example_dags/example_latest_only.py for tasks to queue
[2024-07-03T12:35:45.808+0000] {logging_mixin.py:188} INFO - [2024-07-03T12:35:45.808+0000] {dagbag.py:545} INFO - Filling up the DagBag from /home/airflow/.local/lib/python3.12/site-packages/airflow/example_dags/example_latest_only.py
[2024-07-03T12:35:45.811+0000] {processor.py:840} INFO - DAG(s) 'latest_only' retrieved from /home/airflow/.local/lib/python3.12/site-packages/airflow/example_dags/example_latest_only.py
[2024-07-03T12:35:45.821+0000] {logging_mixin.py:188} INFO - [2024-07-03T12:35:45.820+0000] {dag.py:3096} INFO - Sync 1 DAGs
[2024-07-03T12:35:45.829+0000] {logging_mixin.py:188} INFO - [2024-07-03T12:35:45.829+0000] {dag.py:3954} INFO - Setting next_dagrun for latest_only to 2024-07-03 08:00:00+00:00, run_after=2024-07-03 12:00:00+00:00
[2024-07-03T12:35:45.837+0000] {processor.py:183} INFO - Processing /home/airflow/.local/lib/python3.12/site-packages/airflow/example_dags/example_latest_only.py took 0.033 seconds
[2024-07-03T12:36:16.255+0000] {processor.py:161} INFO - Started process (PID=630) to work on /home/airflow/.local/lib/python3.12/site-packages/airflow/example_dags/example_latest_only.py
[2024-07-03T12:36:16.255+0000] {processor.py:830} INFO - Processing file /home/airflow/.local/lib/python3.12/site-packages/airflow/example_dags/example_latest_only.py for tasks to queue
[2024-07-03T12:36:16.256+0000] {logging_mixin.py:188} INFO - [2024-07-03T12:36:16.256+0000] {dagbag.py:545} INFO - Filling up the DagBag from /home/airflow/.local/lib/python3.12/site-packages/airflow/example_dags/example_latest_only.py
[2024-07-03T12:36:16.258+0000] {processor.py:840} INFO - DAG(s) 'latest_only' retrieved from /home/airflow/.local/lib/python3.12/site-packages/airflow/example_dags/example_latest_only.py
[2024-07-03T12:36:16.268+0000] {logging_mixin.py:188} INFO - [2024-07-03T12:36:16.268+0000] {dag.py:3096} INFO - Sync 1 DAGs
[2024-07-03T12:36:16.278+0000] {logging_mixin.py:188} INFO - [2024-07-03T12:36:16.278+0000] {dag.py:3954} INFO - Setting next_dagrun for latest_only to 2024-07-03 08:00:00+00:00, run_after=2024-07-03 12:00:00+00:00
[2024-07-03T12:36:16.285+0000] {processor.py:183} INFO - Processing /home/airflow/.local/lib/python3.12/site-packages/airflow/example_dags/example_latest_only.py took 0.033 seconds
[2024-07-03T12:36:46.642+0000] {processor.py:161} INFO - Started process (PID=688) to work on /home/airflow/.local/lib/python3.12/site-packages/airflow/example_dags/example_latest_only.py
[2024-07-03T12:36:46.642+0000] {processor.py:830} INFO - Processing file /home/airflow/.local/lib/python3.12/site-packages/airflow/example_dags/example_latest_only.py for tasks to queue
[2024-07-03T12:36:46.643+0000] {logging_mixin.py:188} INFO - [2024-07-03T12:36:46.643+0000] {dagbag.py:545} INFO - Filling up the DagBag from /home/airflow/.local/lib/python3.12/site-packages/airflow/example_dags/example_latest_only.py
[2024-07-03T12:36:46.646+0000] {processor.py:840} INFO - DAG(s) 'latest_only' retrieved from /home/airflow/.local/lib/python3.12/site-packages/airflow/example_dags/example_latest_only.py
[2024-07-03T12:36:46.653+0000] {logging_mixin.py:188} INFO - [2024-07-03T12:36:46.653+0000] {dag.py:3096} INFO - Sync 1 DAGs
[2024-07-03T12:36:46.661+0000] {logging_mixin.py:188} INFO - [2024-07-03T12:36:46.661+0000] {dag.py:3954} INFO - Setting next_dagrun for latest_only to 2024-07-03 08:00:00+00:00, run_after=2024-07-03 12:00:00+00:00
[2024-07-03T12:36:46.667+0000] {processor.py:183} INFO - Processing /home/airflow/.local/lib/python3.12/site-packages/airflow/example_dags/example_latest_only.py took 0.027 seconds
[2024-07-03T12:37:17.017+0000] {processor.py:161} INFO - Started process (PID=746) to work on /home/airflow/.local/lib/python3.12/site-packages/airflow/example_dags/example_latest_only.py
[2024-07-03T12:37:17.017+0000] {processor.py:830} INFO - Processing file /home/airflow/.local/lib/python3.12/site-packages/airflow/example_dags/example_latest_only.py for tasks to queue
[2024-07-03T12:37:17.018+0000] {logging_mixin.py:188} INFO - [2024-07-03T12:37:17.018+0000] {dagbag.py:545} INFO - Filling up the DagBag from /home/airflow/.local/lib/python3.12/site-packages/airflow/example_dags/example_latest_only.py
[2024-07-03T12:37:17.020+0000] {processor.py:840} INFO - DAG(s) 'latest_only' retrieved from /home/airflow/.local/lib/python3.12/site-packages/airflow/example_dags/example_latest_only.py
[2024-07-03T12:37:17.030+0000] {logging_mixin.py:188} INFO - [2024-07-03T12:37:17.030+0000] {dag.py:3096} INFO - Sync 1 DAGs
[2024-07-03T12:37:17.039+0000] {logging_mixin.py:188} INFO - [2024-07-03T12:37:17.039+0000] {dag.py:3954} INFO - Setting next_dagrun for latest_only to 2024-07-03 08:00:00+00:00, run_after=2024-07-03 12:00:00+00:00
[2024-07-03T12:37:17.046+0000] {processor.py:183} INFO - Processing /home/airflow/.local/lib/python3.12/site-packages/airflow/example_dags/example_latest_only.py took 0.032 seconds
[2024-07-03T12:37:47.611+0000] {processor.py:161} INFO - Started process (PID=804) to work on /home/airflow/.local/lib/python3.12/site-packages/airflow/example_dags/example_latest_only.py
[2024-07-03T12:37:47.612+0000] {processor.py:830} INFO - Processing file /home/airflow/.local/lib/python3.12/site-packages/airflow/example_dags/example_latest_only.py for tasks to queue
[2024-07-03T12:37:47.612+0000] {logging_mixin.py:188} INFO - [2024-07-03T12:37:47.612+0000] {dagbag.py:545} INFO - Filling up the DagBag from /home/airflow/.local/lib/python3.12/site-packages/airflow/example_dags/example_latest_only.py
[2024-07-03T12:37:47.615+0000] {processor.py:840} INFO - DAG(s) 'latest_only' retrieved from /home/airflow/.local/lib/python3.12/site-packages/airflow/example_dags/example_latest_only.py
[2024-07-03T12:37:47.623+0000] {logging_mixin.py:188} INFO - [2024-07-03T12:37:47.623+0000] {dag.py:3096} INFO - Sync 1 DAGs
[2024-07-03T12:37:47.630+0000] {logging_mixin.py:188} INFO - [2024-07-03T12:37:47.630+0000] {dag.py:3954} INFO - Setting next_dagrun for latest_only to 2024-07-03 08:00:00+00:00, run_after=2024-07-03 12:00:00+00:00
[2024-07-03T12:37:47.636+0000] {processor.py:183} INFO - Processing /home/airflow/.local/lib/python3.12/site-packages/airflow/example_dags/example_latest_only.py took 0.027 seconds
[2024-07-03T12:38:18.030+0000] {processor.py:161} INFO - Started process (PID=862) to work on /home/airflow/.local/lib/python3.12/site-packages/airflow/example_dags/example_latest_only.py
[2024-07-03T12:38:18.031+0000] {processor.py:830} INFO - Processing file /home/airflow/.local/lib/python3.12/site-packages/airflow/example_dags/example_latest_only.py for tasks to queue
[2024-07-03T12:38:18.031+0000] {logging_mixin.py:188} INFO - [2024-07-03T12:38:18.031+0000] {dagbag.py:545} INFO - Filling up the DagBag from /home/airflow/.local/lib/python3.12/site-packages/airflow/example_dags/example_latest_only.py
[2024-07-03T12:38:18.033+0000] {processor.py:840} INFO - DAG(s) 'latest_only' retrieved from /home/airflow/.local/lib/python3.12/site-packages/airflow/example_dags/example_latest_only.py
[2024-07-03T12:38:18.042+0000] {logging_mixin.py:188} INFO - [2024-07-03T12:38:18.042+0000] {dag.py:3096} INFO - Sync 1 DAGs
[2024-07-03T12:38:18.049+0000] {logging_mixin.py:188} INFO - [2024-07-03T12:38:18.049+0000] {dag.py:3954} INFO - Setting next_dagrun for latest_only to 2024-07-03 08:00:00+00:00, run_after=2024-07-03 12:00:00+00:00
[2024-07-03T12:38:18.055+0000] {processor.py:183} INFO - Processing /home/airflow/.local/lib/python3.12/site-packages/airflow/example_dags/example_latest_only.py took 0.028 seconds
[2024-07-03T12:38:48.381+0000] {processor.py:161} INFO - Started process (PID=920) to work on /home/airflow/.local/lib/python3.12/site-packages/airflow/example_dags/example_latest_only.py
[2024-07-03T12:38:48.381+0000] {processor.py:830} INFO - Processing file /home/airflow/.local/lib/python3.12/site-packages/airflow/example_dags/example_latest_only.py for tasks to queue
[2024-07-03T12:38:48.382+0000] {logging_mixin.py:188} INFO - [2024-07-03T12:38:48.382+0000] {dagbag.py:545} INFO - Filling up the DagBag from /home/airflow/.local/lib/python3.12/site-packages/airflow/example_dags/example_latest_only.py
[2024-07-03T12:38:48.384+0000] {processor.py:840} INFO - DAG(s) 'latest_only' retrieved from /home/airflow/.local/lib/python3.12/site-packages/airflow/example_dags/example_latest_only.py
[2024-07-03T12:38:48.392+0000] {logging_mixin.py:188} INFO - [2024-07-03T12:38:48.392+0000] {dag.py:3096} INFO - Sync 1 DAGs
[2024-07-03T12:38:48.400+0000] {logging_mixin.py:188} INFO - [2024-07-03T12:38:48.400+0000] {dag.py:3954} INFO - Setting next_dagrun for latest_only to 2024-07-03 08:00:00+00:00, run_after=2024-07-03 12:00:00+00:00
[2024-07-03T12:38:48.406+0000] {processor.py:183} INFO - Processing /home/airflow/.local/lib/python3.12/site-packages/airflow/example_dags/example_latest_only.py took 0.027 seconds
[2024-07-03T12:39:18.760+0000] {processor.py:161} INFO - Started process (PID=977) to work on /home/airflow/.local/lib/python3.12/site-packages/airflow/example_dags/example_latest_only.py
[2024-07-03T12:39:18.761+0000] {processor.py:830} INFO - Processing file /home/airflow/.local/lib/python3.12/site-packages/airflow/example_dags/example_latest_only.py for tasks to queue
[2024-07-03T12:39:18.762+0000] {logging_mixin.py:188} INFO - [2024-07-03T12:39:18.762+0000] {dagbag.py:545} INFO - Filling up the DagBag from /home/airflow/.local/lib/python3.12/site-packages/airflow/example_dags/example_latest_only.py
[2024-07-03T12:39:18.765+0000] {processor.py:840} INFO - DAG(s) 'latest_only' retrieved from /home/airflow/.local/lib/python3.12/site-packages/airflow/example_dags/example_latest_only.py
[2024-07-03T12:39:18.776+0000] {logging_mixin.py:188} INFO - [2024-07-03T12:39:18.776+0000] {dag.py:3096} INFO - Sync 1 DAGs
[2024-07-03T12:39:18.785+0000] {logging_mixin.py:188} INFO - [2024-07-03T12:39:18.785+0000] {dag.py:3954} INFO - Setting next_dagrun for latest_only to 2024-07-03 08:00:00+00:00, run_after=2024-07-03 12:00:00+00:00
[2024-07-03T12:39:18.792+0000] {processor.py:183} INFO - Processing /home/airflow/.local/lib/python3.12/site-packages/airflow/example_dags/example_latest_only.py took 0.035 seconds
[2024-07-03T12:39:49.134+0000] {processor.py:161} INFO - Started process (PID=1035) to work on /home/airflow/.local/lib/python3.12/site-packages/airflow/example_dags/example_latest_only.py
[2024-07-03T12:39:49.135+0000] {processor.py:830} INFO - Processing file /home/airflow/.local/lib/python3.12/site-packages/airflow/example_dags/example_latest_only.py for tasks to queue
[2024-07-03T12:39:49.135+0000] {logging_mixin.py:188} INFO - [2024-07-03T12:39:49.135+0000] {dagbag.py:545} INFO - Filling up the DagBag from /home/airflow/.local/lib/python3.12/site-packages/airflow/example_dags/example_latest_only.py
[2024-07-03T12:39:49.138+0000] {processor.py:840} INFO - DAG(s) 'latest_only' retrieved from /home/airflow/.local/lib/python3.12/site-packages/airflow/example_dags/example_latest_only.py
[2024-07-03T12:39:49.147+0000] {logging_mixin.py:188} INFO - [2024-07-03T12:39:49.147+0000] {dag.py:3096} INFO - Sync 1 DAGs
[2024-07-03T12:39:49.155+0000] {logging_mixin.py:188} INFO - [2024-07-03T12:39:49.155+0000] {dag.py:3954} INFO - Setting next_dagrun for latest_only to 2024-07-03 08:00:00+00:00, run_after=2024-07-03 12:00:00+00:00
[2024-07-03T12:39:49.161+0000] {processor.py:183} INFO - Processing /home/airflow/.local/lib/python3.12/site-packages/airflow/example_dags/example_latest_only.py took 0.030 seconds
[2024-07-03T12:40:19.478+0000] {processor.py:161} INFO - Started process (PID=1092) to work on /home/airflow/.local/lib/python3.12/site-packages/airflow/example_dags/example_latest_only.py
[2024-07-03T12:40:19.478+0000] {processor.py:830} INFO - Processing file /home/airflow/.local/lib/python3.12/site-packages/airflow/example_dags/example_latest_only.py for tasks to queue
[2024-07-03T12:40:19.479+0000] {logging_mixin.py:188} INFO - [2024-07-03T12:40:19.479+0000] {dagbag.py:545} INFO - Filling up the DagBag from /home/airflow/.local/lib/python3.12/site-packages/airflow/example_dags/example_latest_only.py
[2024-07-03T12:40:19.481+0000] {processor.py:840} INFO - DAG(s) 'latest_only' retrieved from /home/airflow/.local/lib/python3.12/site-packages/airflow/example_dags/example_latest_only.py
[2024-07-03T12:40:19.489+0000] {logging_mixin.py:188} INFO - [2024-07-03T12:40:19.489+0000] {dag.py:3096} INFO - Sync 1 DAGs
[2024-07-03T12:40:19.497+0000] {logging_mixin.py:188} INFO - [2024-07-03T12:40:19.497+0000] {dag.py:3954} INFO - Setting next_dagrun for latest_only to 2024-07-03 08:00:00+00:00, run_after=2024-07-03 12:00:00+00:00
[2024-07-03T12:40:19.503+0000] {processor.py:183} INFO - Processing /home/airflow/.local/lib/python3.12/site-packages/airflow/example_dags/example_latest_only.py took 0.028 seconds
[2024-07-03T12:40:49.813+0000] {processor.py:161} INFO - Started process (PID=1149) to work on /home/airflow/.local/lib/python3.12/site-packages/airflow/example_dags/example_latest_only.py
[2024-07-03T12:40:49.814+0000] {processor.py:830} INFO - Processing file /home/airflow/.local/lib/python3.12/site-packages/airflow/example_dags/example_latest_only.py for tasks to queue
[2024-07-03T12:40:49.815+0000] {logging_mixin.py:188} INFO - [2024-07-03T12:40:49.814+0000] {dagbag.py:545} INFO - Filling up the DagBag from /home/airflow/.local/lib/python3.12/site-packages/airflow/example_dags/example_latest_only.py
[2024-07-03T12:40:49.817+0000] {processor.py:840} INFO - DAG(s) 'latest_only' retrieved from /home/airflow/.local/lib/python3.12/site-packages/airflow/example_dags/example_latest_only.py
[2024-07-03T12:40:49.825+0000] {logging_mixin.py:188} INFO - [2024-07-03T12:40:49.825+0000] {dag.py:3096} INFO - Sync 1 DAGs
[2024-07-03T12:40:49.832+0000] {logging_mixin.py:188} INFO - [2024-07-03T12:40:49.832+0000] {dag.py:3954} INFO - Setting next_dagrun for latest_only to 2024-07-03 08:00:00+00:00, run_after=2024-07-03 12:00:00+00:00
[2024-07-03T12:40:49.838+0000] {processor.py:183} INFO - Processing /home/airflow/.local/lib/python3.12/site-packages/airflow/example_dags/example_latest_only.py took 0.027 seconds
[2024-07-03T12:41:20.151+0000] {processor.py:161} INFO - Started process (PID=1207) to work on /home/airflow/.local/lib/python3.12/site-packages/airflow/example_dags/example_latest_only.py
[2024-07-03T12:41:20.151+0000] {processor.py:830} INFO - Processing file /home/airflow/.local/lib/python3.12/site-packages/airflow/example_dags/example_latest_only.py for tasks to queue
[2024-07-03T12:41:20.152+0000] {logging_mixin.py:188} INFO - [2024-07-03T12:41:20.152+0000] {dagbag.py:545} INFO - Filling up the DagBag from /home/airflow/.local/lib/python3.12/site-packages/airflow/example_dags/example_latest_only.py
[2024-07-03T12:41:20.154+0000] {processor.py:840} INFO - DAG(s) 'latest_only' retrieved from /home/airflow/.local/lib/python3.12/site-packages/airflow/example_dags/example_latest_only.py
[2024-07-03T12:41:20.162+0000] {logging_mixin.py:188} INFO - [2024-07-03T12:41:20.162+0000] {dag.py:3096} INFO - Sync 1 DAGs
[2024-07-03T12:41:20.169+0000] {logging_mixin.py:188} INFO - [2024-07-03T12:41:20.169+0000] {dag.py:3954} INFO - Setting next_dagrun for latest_only to 2024-07-03 08:00:00+00:00, run_after=2024-07-03 12:00:00+00:00
[2024-07-03T12:41:20.176+0000] {processor.py:183} INFO - Processing /home/airflow/.local/lib/python3.12/site-packages/airflow/example_dags/example_latest_only.py took 0.027 seconds
[2024-07-03T12:41:50.488+0000] {processor.py:161} INFO - Started process (PID=1265) to work on /home/airflow/.local/lib/python3.12/site-packages/airflow/example_dags/example_latest_only.py
[2024-07-03T12:41:50.488+0000] {processor.py:830} INFO - Processing file /home/airflow/.local/lib/python3.12/site-packages/airflow/example_dags/example_latest_only.py for tasks to queue
[2024-07-03T12:41:50.489+0000] {logging_mixin.py:188} INFO - [2024-07-03T12:41:50.489+0000] {dagbag.py:545} INFO - Filling up the DagBag from /home/airflow/.local/lib/python3.12/site-packages/airflow/example_dags/example_latest_only.py
[2024-07-03T12:41:50.491+0000] {processor.py:840} INFO - DAG(s) 'latest_only' retrieved from /home/airflow/.local/lib/python3.12/site-packages/airflow/example_dags/example_latest_only.py
[2024-07-03T12:41:50.498+0000] {logging_mixin.py:188} INFO - [2024-07-03T12:41:50.498+0000] {dag.py:3096} INFO - Sync 1 DAGs
[2024-07-03T12:41:50.505+0000] {logging_mixin.py:188} INFO - [2024-07-03T12:41:50.505+0000] {dag.py:3954} INFO - Setting next_dagrun for latest_only to 2024-07-03 08:00:00+00:00, run_after=2024-07-03 12:00:00+00:00
[2024-07-03T12:41:50.511+0000] {processor.py:183} INFO - Processing /home/airflow/.local/lib/python3.12/site-packages/airflow/example_dags/example_latest_only.py took 0.026 seconds
[2024-07-03T12:42:20.836+0000] {processor.py:161} INFO - Started process (PID=1323) to work on /home/airflow/.local/lib/python3.12/site-packages/airflow/example_dags/example_latest_only.py
[2024-07-03T12:42:20.836+0000] {processor.py:830} INFO - Processing file /home/airflow/.local/lib/python3.12/site-packages/airflow/example_dags/example_latest_only.py for tasks to queue
[2024-07-03T12:42:20.837+0000] {logging_mixin.py:188} INFO - [2024-07-03T12:42:20.837+0000] {dagbag.py:545} INFO - Filling up the DagBag from /home/airflow/.local/lib/python3.12/site-packages/airflow/example_dags/example_latest_only.py
[2024-07-03T12:42:20.839+0000] {processor.py:840} INFO - DAG(s) 'latest_only' retrieved from /home/airflow/.local/lib/python3.12/site-packages/airflow/example_dags/example_latest_only.py
[2024-07-03T12:42:20.846+0000] {logging_mixin.py:188} INFO - [2024-07-03T12:42:20.846+0000] {dag.py:3096} INFO - Sync 1 DAGs
[2024-07-03T12:42:20.854+0000] {logging_mixin.py:188} INFO - [2024-07-03T12:42:20.854+0000] {dag.py:3954} INFO - Setting next_dagrun for latest_only to 2024-07-03 08:00:00+00:00, run_after=2024-07-03 12:00:00+00:00
[2024-07-03T12:42:20.859+0000] {processor.py:183} INFO - Processing /home/airflow/.local/lib/python3.12/site-packages/airflow/example_dags/example_latest_only.py took 0.026 seconds
[2024-07-03T12:42:51.180+0000] {processor.py:161} INFO - Started process (PID=1381) to work on /home/airflow/.local/lib/python3.12/site-packages/airflow/example_dags/example_latest_only.py
[2024-07-03T12:42:51.180+0000] {processor.py:830} INFO - Processing file /home/airflow/.local/lib/python3.12/site-packages/airflow/example_dags/example_latest_only.py for tasks to queue
[2024-07-03T12:42:51.181+0000] {logging_mixin.py:188} INFO - [2024-07-03T12:42:51.181+0000] {dagbag.py:545} INFO - Filling up the DagBag from /home/airflow/.local/lib/python3.12/site-packages/airflow/example_dags/example_latest_only.py
[2024-07-03T12:42:51.183+0000] {processor.py:840} INFO - DAG(s) 'latest_only' retrieved from /home/airflow/.local/lib/python3.12/site-packages/airflow/example_dags/example_latest_only.py
[2024-07-03T12:42:51.191+0000] {logging_mixin.py:188} INFO - [2024-07-03T12:42:51.191+0000] {dag.py:3096} INFO - Sync 1 DAGs
[2024-07-03T12:42:51.198+0000] {logging_mixin.py:188} INFO - [2024-07-03T12:42:51.198+0000] {dag.py:3954} INFO - Setting next_dagrun for latest_only to 2024-07-03 08:00:00+00:00, run_after=2024-07-03 12:00:00+00:00
[2024-07-03T12:42:51.204+0000] {processor.py:183} INFO - Processing /home/airflow/.local/lib/python3.12/site-packages/airflow/example_dags/example_latest_only.py took 0.026 seconds
[2024-07-03T12:43:21.523+0000] {processor.py:161} INFO - Started process (PID=1439) to work on /home/airflow/.local/lib/python3.12/site-packages/airflow/example_dags/example_latest_only.py
[2024-07-03T12:43:21.524+0000] {processor.py:830} INFO - Processing file /home/airflow/.local/lib/python3.12/site-packages/airflow/example_dags/example_latest_only.py for tasks to queue
[2024-07-03T12:43:21.525+0000] {logging_mixin.py:188} INFO - [2024-07-03T12:43:21.524+0000] {dagbag.py:545} INFO - Filling up the DagBag from /home/airflow/.local/lib/python3.12/site-packages/airflow/example_dags/example_latest_only.py
[2024-07-03T12:43:21.527+0000] {processor.py:840} INFO - DAG(s) 'latest_only' retrieved from /home/airflow/.local/lib/python3.12/site-packages/airflow/example_dags/example_latest_only.py
[2024-07-03T12:43:21.534+0000] {logging_mixin.py:188} INFO - [2024-07-03T12:43:21.534+0000] {dag.py:3096} INFO - Sync 1 DAGs
[2024-07-03T12:43:21.542+0000] {logging_mixin.py:188} INFO - [2024-07-03T12:43:21.541+0000] {dag.py:3954} INFO - Setting next_dagrun for latest_only to 2024-07-03 08:00:00+00:00, run_after=2024-07-03 12:00:00+00:00
[2024-07-03T12:43:21.547+0000] {processor.py:183} INFO - Processing /home/airflow/.local/lib/python3.12/site-packages/airflow/example_dags/example_latest_only.py took 0.026 seconds
[2024-07-03T12:43:51.885+0000] {processor.py:161} INFO - Started process (PID=1497) to work on /home/airflow/.local/lib/python3.12/site-packages/airflow/example_dags/example_latest_only.py
[2024-07-03T12:43:51.886+0000] {processor.py:830} INFO - Processing file /home/airflow/.local/lib/python3.12/site-packages/airflow/example_dags/example_latest_only.py for tasks to queue
[2024-07-03T12:43:51.886+0000] {logging_mixin.py:188} INFO - [2024-07-03T12:43:51.886+0000] {dagbag.py:545} INFO - Filling up the DagBag from /home/airflow/.local/lib/python3.12/site-packages/airflow/example_dags/example_latest_only.py
[2024-07-03T12:43:51.888+0000] {processor.py:840} INFO - DAG(s) 'latest_only' retrieved from /home/airflow/.local/lib/python3.12/site-packages/airflow/example_dags/example_latest_only.py
[2024-07-03T12:43:51.896+0000] {logging_mixin.py:188} INFO - [2024-07-03T12:43:51.896+0000] {dag.py:3096} INFO - Sync 1 DAGs
[2024-07-03T12:43:51.903+0000] {logging_mixin.py:188} INFO - [2024-07-03T12:43:51.903+0000] {dag.py:3954} INFO - Setting next_dagrun for latest_only to 2024-07-03 08:00:00+00:00, run_after=2024-07-03 12:00:00+00:00
[2024-07-03T12:43:51.909+0000] {processor.py:183} INFO - Processing /home/airflow/.local/lib/python3.12/site-packages/airflow/example_dags/example_latest_only.py took 0.026 seconds
[2024-07-03T12:44:22.267+0000] {processor.py:161} INFO - Started process (PID=1555) to work on /home/airflow/.local/lib/python3.12/site-packages/airflow/example_dags/example_latest_only.py
[2024-07-03T12:44:22.268+0000] {processor.py:830} INFO - Processing file /home/airflow/.local/lib/python3.12/site-packages/airflow/example_dags/example_latest_only.py for tasks to queue
[2024-07-03T12:44:22.268+0000] {logging_mixin.py:188} INFO - [2024-07-03T12:44:22.268+0000] {dagbag.py:545} INFO - Filling up the DagBag from /home/airflow/.local/lib/python3.12/site-packages/airflow/example_dags/example_latest_only.py
[2024-07-03T12:44:22.271+0000] {processor.py:840} INFO - DAG(s) 'latest_only' retrieved from /home/airflow/.local/lib/python3.12/site-packages/airflow/example_dags/example_latest_only.py
[2024-07-03T12:44:22.279+0000] {logging_mixin.py:188} INFO - [2024-07-03T12:44:22.279+0000] {dag.py:3096} INFO - Sync 1 DAGs
[2024-07-03T12:44:22.286+0000] {logging_mixin.py:188} INFO - [2024-07-03T12:44:22.286+0000] {dag.py:3954} INFO - Setting next_dagrun for latest_only to 2024-07-03 08:00:00+00:00, run_after=2024-07-03 12:00:00+00:00
[2024-07-03T12:44:22.293+0000] {processor.py:183} INFO - Processing /home/airflow/.local/lib/python3.12/site-packages/airflow/example_dags/example_latest_only.py took 0.028 seconds
[2024-07-03T12:44:52.673+0000] {processor.py:161} INFO - Started process (PID=1613) to work on /home/airflow/.local/lib/python3.12/site-packages/airflow/example_dags/example_latest_only.py
[2024-07-03T12:44:52.673+0000] {processor.py:830} INFO - Processing file /home/airflow/.local/lib/python3.12/site-packages/airflow/example_dags/example_latest_only.py for tasks to queue
[2024-07-03T12:44:52.674+0000] {logging_mixin.py:188} INFO - [2024-07-03T12:44:52.674+0000] {dagbag.py:545} INFO - Filling up the DagBag from /home/airflow/.local/lib/python3.12/site-packages/airflow/example_dags/example_latest_only.py
[2024-07-03T12:44:52.676+0000] {processor.py:840} INFO - DAG(s) 'latest_only' retrieved from /home/airflow/.local/lib/python3.12/site-packages/airflow/example_dags/example_latest_only.py
[2024-07-03T12:44:52.683+0000] {logging_mixin.py:188} INFO - [2024-07-03T12:44:52.683+0000] {dag.py:3096} INFO - Sync 1 DAGs
[2024-07-03T12:44:52.691+0000] {logging_mixin.py:188} INFO - [2024-07-03T12:44:52.691+0000] {dag.py:3954} INFO - Setting next_dagrun for latest_only to 2024-07-03 08:00:00+00:00, run_after=2024-07-03 12:00:00+00:00
[2024-07-03T12:44:52.698+0000] {processor.py:183} INFO - Processing /home/airflow/.local/lib/python3.12/site-packages/airflow/example_dags/example_latest_only.py took 0.027 seconds
[2024-07-03T12:45:23.018+0000] {processor.py:161} INFO - Started process (PID=1671) to work on /home/airflow/.local/lib/python3.12/site-packages/airflow/example_dags/example_latest_only.py
[2024-07-03T12:45:23.018+0000] {processor.py:830} INFO - Processing file /home/airflow/.local/lib/python3.12/site-packages/airflow/example_dags/example_latest_only.py for tasks to queue
[2024-07-03T12:45:23.019+0000] {logging_mixin.py:188} INFO - [2024-07-03T12:45:23.019+0000] {dagbag.py:545} INFO - Filling up the DagBag from /home/airflow/.local/lib/python3.12/site-packages/airflow/example_dags/example_latest_only.py
[2024-07-03T12:45:23.021+0000] {processor.py:840} INFO - DAG(s) 'latest_only' retrieved from /home/airflow/.local/lib/python3.12/site-packages/airflow/example_dags/example_latest_only.py
[2024-07-03T12:45:23.029+0000] {logging_mixin.py:188} INFO - [2024-07-03T12:45:23.029+0000] {dag.py:3096} INFO - Sync 1 DAGs
[2024-07-03T12:45:23.037+0000] {logging_mixin.py:188} INFO - [2024-07-03T12:45:23.037+0000] {dag.py:3954} INFO - Setting next_dagrun for latest_only to 2024-07-03 08:00:00+00:00, run_after=2024-07-03 12:00:00+00:00
[2024-07-03T12:45:23.043+0000] {processor.py:183} INFO - Processing /home/airflow/.local/lib/python3.12/site-packages/airflow/example_dags/example_latest_only.py took 0.028 seconds
[2024-07-03T12:45:53.336+0000] {processor.py:161} INFO - Started process (PID=1729) to work on /home/airflow/.local/lib/python3.12/site-packages/airflow/example_dags/example_latest_only.py
[2024-07-03T12:45:53.337+0000] {processor.py:830} INFO - Processing file /home/airflow/.local/lib/python3.12/site-packages/airflow/example_dags/example_latest_only.py for tasks to queue
[2024-07-03T12:45:53.338+0000] {logging_mixin.py:188} INFO - [2024-07-03T12:45:53.338+0000] {dagbag.py:545} INFO - Filling up the DagBag from /home/airflow/.local/lib/python3.12/site-packages/airflow/example_dags/example_latest_only.py
[2024-07-03T12:45:53.341+0000] {processor.py:840} INFO - DAG(s) 'latest_only' retrieved from /home/airflow/.local/lib/python3.12/site-packages/airflow/example_dags/example_latest_only.py
[2024-07-03T12:45:53.351+0000] {logging_mixin.py:188} INFO - [2024-07-03T12:45:53.351+0000] {dag.py:3096} INFO - Sync 1 DAGs
[2024-07-03T12:45:53.359+0000] {logging_mixin.py:188} INFO - [2024-07-03T12:45:53.359+0000] {dag.py:3954} INFO - Setting next_dagrun for latest_only to 2024-07-03 08:00:00+00:00, run_after=2024-07-03 12:00:00+00:00
[2024-07-03T12:45:53.366+0000] {processor.py:183} INFO - Processing /home/airflow/.local/lib/python3.12/site-packages/airflow/example_dags/example_latest_only.py took 0.035 seconds
[2024-07-03T12:46:24.119+0000] {processor.py:161} INFO - Started process (PID=1787) to work on /home/airflow/.local/lib/python3.12/site-packages/airflow/example_dags/example_latest_only.py
[2024-07-03T12:46:24.119+0000] {processor.py:830} INFO - Processing file /home/airflow/.local/lib/python3.12/site-packages/airflow/example_dags/example_latest_only.py for tasks to queue
[2024-07-03T12:46:24.120+0000] {logging_mixin.py:188} INFO - [2024-07-03T12:46:24.120+0000] {dagbag.py:545} INFO - Filling up the DagBag from /home/airflow/.local/lib/python3.12/site-packages/airflow/example_dags/example_latest_only.py
[2024-07-03T12:46:24.122+0000] {processor.py:840} INFO - DAG(s) 'latest_only' retrieved from /home/airflow/.local/lib/python3.12/site-packages/airflow/example_dags/example_latest_only.py
[2024-07-03T12:46:24.130+0000] {logging_mixin.py:188} INFO - [2024-07-03T12:46:24.130+0000] {dag.py:3096} INFO - Sync 1 DAGs
[2024-07-03T12:46:24.137+0000] {logging_mixin.py:188} INFO - [2024-07-03T12:46:24.137+0000] {dag.py:3954} INFO - Setting next_dagrun for latest_only to 2024-07-03 08:00:00+00:00, run_after=2024-07-03 12:00:00+00:00
[2024-07-03T12:46:24.143+0000] {processor.py:183} INFO - Processing /home/airflow/.local/lib/python3.12/site-packages/airflow/example_dags/example_latest_only.py took 0.027 seconds
[2024-07-03T12:46:54.756+0000] {processor.py:161} INFO - Started process (PID=1845) to work on /home/airflow/.local/lib/python3.12/site-packages/airflow/example_dags/example_latest_only.py
[2024-07-03T12:46:54.756+0000] {processor.py:830} INFO - Processing file /home/airflow/.local/lib/python3.12/site-packages/airflow/example_dags/example_latest_only.py for tasks to queue
[2024-07-03T12:46:54.757+0000] {logging_mixin.py:188} INFO - [2024-07-03T12:46:54.757+0000] {dagbag.py:545} INFO - Filling up the DagBag from /home/airflow/.local/lib/python3.12/site-packages/airflow/example_dags/example_latest_only.py
[2024-07-03T12:46:54.759+0000] {processor.py:840} INFO - DAG(s) 'latest_only' retrieved from /home/airflow/.local/lib/python3.12/site-packages/airflow/example_dags/example_latest_only.py
[2024-07-03T12:46:54.767+0000] {logging_mixin.py:188} INFO - [2024-07-03T12:46:54.767+0000] {dag.py:3096} INFO - Sync 1 DAGs
[2024-07-03T12:46:54.774+0000] {logging_mixin.py:188} INFO - [2024-07-03T12:46:54.774+0000] {dag.py:3954} INFO - Setting next_dagrun for latest_only to 2024-07-03 08:00:00+00:00, run_after=2024-07-03 12:00:00+00:00
[2024-07-03T12:46:54.780+0000] {processor.py:183} INFO - Processing /home/airflow/.local/lib/python3.12/site-packages/airflow/example_dags/example_latest_only.py took 0.027 seconds
[2024-07-03T12:47:25.351+0000] {processor.py:161} INFO - Started process (PID=1903) to work on /home/airflow/.local/lib/python3.12/site-packages/airflow/example_dags/example_latest_only.py
[2024-07-03T12:47:25.352+0000] {processor.py:830} INFO - Processing file /home/airflow/.local/lib/python3.12/site-packages/airflow/example_dags/example_latest_only.py for tasks to queue
[2024-07-03T12:47:25.352+0000] {logging_mixin.py:188} INFO - [2024-07-03T12:47:25.352+0000] {dagbag.py:545} INFO - Filling up the DagBag from /home/airflow/.local/lib/python3.12/site-packages/airflow/example_dags/example_latest_only.py
[2024-07-03T12:47:25.354+0000] {processor.py:840} INFO - DAG(s) 'latest_only' retrieved from /home/airflow/.local/lib/python3.12/site-packages/airflow/example_dags/example_latest_only.py
[2024-07-03T12:47:25.361+0000] {logging_mixin.py:188} INFO - [2024-07-03T12:47:25.361+0000] {dag.py:3096} INFO - Sync 1 DAGs
[2024-07-03T12:47:25.369+0000] {logging_mixin.py:188} INFO - [2024-07-03T12:47:25.368+0000] {dag.py:3954} INFO - Setting next_dagrun for latest_only to 2024-07-03 08:00:00+00:00, run_after=2024-07-03 12:00:00+00:00
[2024-07-03T12:47:25.432+0000] {processor.py:183} INFO - Processing /home/airflow/.local/lib/python3.12/site-packages/airflow/example_dags/example_latest_only.py took 0.083 seconds
[2024-07-03T12:47:55.623+0000] {processor.py:161} INFO - Started process (PID=1961) to work on /home/airflow/.local/lib/python3.12/site-packages/airflow/example_dags/example_latest_only.py
[2024-07-03T12:47:55.624+0000] {processor.py:830} INFO - Processing file /home/airflow/.local/lib/python3.12/site-packages/airflow/example_dags/example_latest_only.py for tasks to queue
[2024-07-03T12:47:55.625+0000] {logging_mixin.py:188} INFO - [2024-07-03T12:47:55.625+0000] {dagbag.py:545} INFO - Filling up the DagBag from /home/airflow/.local/lib/python3.12/site-packages/airflow/example_dags/example_latest_only.py
[2024-07-03T12:47:55.627+0000] {processor.py:840} INFO - DAG(s) 'latest_only' retrieved from /home/airflow/.local/lib/python3.12/site-packages/airflow/example_dags/example_latest_only.py
[2024-07-03T12:47:55.636+0000] {logging_mixin.py:188} INFO - [2024-07-03T12:47:55.635+0000] {dag.py:3096} INFO - Sync 1 DAGs
[2024-07-03T12:47:55.643+0000] {logging_mixin.py:188} INFO - [2024-07-03T12:47:55.643+0000] {dag.py:3954} INFO - Setting next_dagrun for latest_only to 2024-07-03 08:00:00+00:00, run_after=2024-07-03 12:00:00+00:00
[2024-07-03T12:47:55.649+0000] {processor.py:183} INFO - Processing /home/airflow/.local/lib/python3.12/site-packages/airflow/example_dags/example_latest_only.py took 0.029 seconds
[2024-07-03T12:48:25.698+0000] {processor.py:161} INFO - Started process (PID=2019) to work on /home/airflow/.local/lib/python3.12/site-packages/airflow/example_dags/example_latest_only.py
[2024-07-03T12:48:25.698+0000] {processor.py:830} INFO - Processing file /home/airflow/.local/lib/python3.12/site-packages/airflow/example_dags/example_latest_only.py for tasks to queue
[2024-07-03T12:48:25.699+0000] {logging_mixin.py:188} INFO - [2024-07-03T12:48:25.699+0000] {dagbag.py:545} INFO - Filling up the DagBag from /home/airflow/.local/lib/python3.12/site-packages/airflow/example_dags/example_latest_only.py
[2024-07-03T12:48:25.701+0000] {processor.py:840} INFO - DAG(s) 'latest_only' retrieved from /home/airflow/.local/lib/python3.12/site-packages/airflow/example_dags/example_latest_only.py
[2024-07-03T12:48:25.710+0000] {logging_mixin.py:188} INFO - [2024-07-03T12:48:25.710+0000] {dag.py:3096} INFO - Sync 1 DAGs
[2024-07-03T12:48:25.717+0000] {logging_mixin.py:188} INFO - [2024-07-03T12:48:25.717+0000] {dag.py:3954} INFO - Setting next_dagrun for latest_only to 2024-07-03 08:00:00+00:00, run_after=2024-07-03 12:00:00+00:00
[2024-07-03T12:48:25.723+0000] {processor.py:183} INFO - Processing /home/airflow/.local/lib/python3.12/site-packages/airflow/example_dags/example_latest_only.py took 0.028 seconds
[2024-07-03T12:48:55.797+0000] {processor.py:161} INFO - Started process (PID=2077) to work on /home/airflow/.local/lib/python3.12/site-packages/airflow/example_dags/example_latest_only.py
[2024-07-03T12:48:55.797+0000] {processor.py:830} INFO - Processing file /home/airflow/.local/lib/python3.12/site-packages/airflow/example_dags/example_latest_only.py for tasks to queue
[2024-07-03T12:48:55.798+0000] {logging_mixin.py:188} INFO - [2024-07-03T12:48:55.798+0000] {dagbag.py:545} INFO - Filling up the DagBag from /home/airflow/.local/lib/python3.12/site-packages/airflow/example_dags/example_latest_only.py
[2024-07-03T12:48:55.800+0000] {processor.py:840} INFO - DAG(s) 'latest_only' retrieved from /home/airflow/.local/lib/python3.12/site-packages/airflow/example_dags/example_latest_only.py
[2024-07-03T12:48:55.807+0000] {logging_mixin.py:188} INFO - [2024-07-03T12:48:55.807+0000] {dag.py:3096} INFO - Sync 1 DAGs
[2024-07-03T12:48:55.814+0000] {logging_mixin.py:188} INFO - [2024-07-03T12:48:55.814+0000] {dag.py:3954} INFO - Setting next_dagrun for latest_only to 2024-07-03 08:00:00+00:00, run_after=2024-07-03 12:00:00+00:00
[2024-07-03T12:48:55.820+0000] {processor.py:183} INFO - Processing /home/airflow/.local/lib/python3.12/site-packages/airflow/example_dags/example_latest_only.py took 0.025 seconds
[2024-07-03T12:49:26.272+0000] {processor.py:161} INFO - Started process (PID=2135) to work on /home/airflow/.local/lib/python3.12/site-packages/airflow/example_dags/example_latest_only.py
[2024-07-03T12:49:26.273+0000] {processor.py:830} INFO - Processing file /home/airflow/.local/lib/python3.12/site-packages/airflow/example_dags/example_latest_only.py for tasks to queue
[2024-07-03T12:49:26.273+0000] {logging_mixin.py:188} INFO - [2024-07-03T12:49:26.273+0000] {dagbag.py:545} INFO - Filling up the DagBag from /home/airflow/.local/lib/python3.12/site-packages/airflow/example_dags/example_latest_only.py
[2024-07-03T12:49:26.275+0000] {processor.py:840} INFO - DAG(s) 'latest_only' retrieved from /home/airflow/.local/lib/python3.12/site-packages/airflow/example_dags/example_latest_only.py
[2024-07-03T12:49:26.283+0000] {logging_mixin.py:188} INFO - [2024-07-03T12:49:26.283+0000] {dag.py:3096} INFO - Sync 1 DAGs
[2024-07-03T12:49:26.291+0000] {logging_mixin.py:188} INFO - [2024-07-03T12:49:26.291+0000] {dag.py:3954} INFO - Setting next_dagrun for latest_only to 2024-07-03 08:00:00+00:00, run_after=2024-07-03 12:00:00+00:00
[2024-07-03T12:49:26.297+0000] {processor.py:183} INFO - Processing /home/airflow/.local/lib/python3.12/site-packages/airflow/example_dags/example_latest_only.py took 0.027 seconds
[2024-07-03T12:49:56.668+0000] {processor.py:161} INFO - Started process (PID=2193) to work on /home/airflow/.local/lib/python3.12/site-packages/airflow/example_dags/example_latest_only.py
[2024-07-03T12:49:56.668+0000] {processor.py:830} INFO - Processing file /home/airflow/.local/lib/python3.12/site-packages/airflow/example_dags/example_latest_only.py for tasks to queue
[2024-07-03T12:49:56.669+0000] {logging_mixin.py:188} INFO - [2024-07-03T12:49:56.668+0000] {dagbag.py:545} INFO - Filling up the DagBag from /home/airflow/.local/lib/python3.12/site-packages/airflow/example_dags/example_latest_only.py
[2024-07-03T12:49:56.670+0000] {processor.py:840} INFO - DAG(s) 'latest_only' retrieved from /home/airflow/.local/lib/python3.12/site-packages/airflow/example_dags/example_latest_only.py
[2024-07-03T12:49:56.678+0000] {logging_mixin.py:188} INFO - [2024-07-03T12:49:56.678+0000] {dag.py:3096} INFO - Sync 1 DAGs
[2024-07-03T12:49:56.684+0000] {logging_mixin.py:188} INFO - [2024-07-03T12:49:56.684+0000] {dag.py:3954} INFO - Setting next_dagrun for latest_only to 2024-07-03 08:00:00+00:00, run_after=2024-07-03 12:00:00+00:00
[2024-07-03T12:49:56.690+0000] {processor.py:183} INFO - Processing /home/airflow/.local/lib/python3.12/site-packages/airflow/example_dags/example_latest_only.py took 0.024 seconds
[2024-07-03T12:50:27.095+0000] {processor.py:161} INFO - Started process (PID=2251) to work on /home/airflow/.local/lib/python3.12/site-packages/airflow/example_dags/example_latest_only.py
[2024-07-03T12:50:27.096+0000] {processor.py:830} INFO - Processing file /home/airflow/.local/lib/python3.12/site-packages/airflow/example_dags/example_latest_only.py for tasks to queue
[2024-07-03T12:50:27.096+0000] {logging_mixin.py:188} INFO - [2024-07-03T12:50:27.096+0000] {dagbag.py:545} INFO - Filling up the DagBag from /home/airflow/.local/lib/python3.12/site-packages/airflow/example_dags/example_latest_only.py
[2024-07-03T12:50:27.098+0000] {processor.py:840} INFO - DAG(s) 'latest_only' retrieved from /home/airflow/.local/lib/python3.12/site-packages/airflow/example_dags/example_latest_only.py
[2024-07-03T12:50:27.106+0000] {logging_mixin.py:188} INFO - [2024-07-03T12:50:27.106+0000] {dag.py:3096} INFO - Sync 1 DAGs
[2024-07-03T12:50:27.114+0000] {logging_mixin.py:188} INFO - [2024-07-03T12:50:27.114+0000] {dag.py:3954} INFO - Setting next_dagrun for latest_only to 2024-07-03 08:00:00+00:00, run_after=2024-07-03 12:00:00+00:00
[2024-07-03T12:50:27.120+0000] {processor.py:183} INFO - Processing /home/airflow/.local/lib/python3.12/site-packages/airflow/example_dags/example_latest_only.py took 0.027 seconds
