[2024-07-03T12:31:11.086+0000] {processor.py:161} INFO - Started process (PID=36) to work on /home/airflow/.local/lib/python3.12/site-packages/airflow/example_dags/example_xcomargs.py
[2024-07-03T12:31:11.086+0000] {processor.py:830} INFO - Processing file /home/airflow/.local/lib/python3.12/site-packages/airflow/example_dags/example_xcomargs.py for tasks to queue
[2024-07-03T12:31:11.088+0000] {logging_mixin.py:188} INFO - [2024-07-03T12:31:11.088+0000] {dagbag.py:545} INFO - Filling up the DagBag from /home/airflow/.local/lib/python3.12/site-packages/airflow/example_dags/example_xcomargs.py
[2024-07-03T12:31:11.095+0000] {processor.py:840} INFO - DAG(s) 'example_xcom_args', 'example_xcom_args_with_operators' retrieved from /home/airflow/.local/lib/python3.12/site-packages/airflow/example_dags/example_xcomargs.py
[2024-07-03T12:31:11.100+0000] {logging_mixin.py:188} INFO - [2024-07-03T12:31:11.100+0000] {dag.py:3096} INFO - Sync 2 DAGs
[2024-07-03T12:31:11.106+0000] {logging_mixin.py:188} INFO - [2024-07-03T12:31:11.106+0000] {dag.py:3954} INFO - Setting next_dagrun for example_xcom_args to None, run_after=None
[2024-07-03T12:31:11.108+0000] {logging_mixin.py:188} INFO - [2024-07-03T12:31:11.108+0000] {dag.py:3954} INFO - Setting next_dagrun for example_xcom_args_with_operators to None, run_after=None
[2024-07-03T12:31:11.115+0000] {processor.py:183} INFO - Processing /home/airflow/.local/lib/python3.12/site-packages/airflow/example_dags/example_xcomargs.py took 0.034 seconds
[2024-07-03T12:31:41.691+0000] {processor.py:161} INFO - Started process (PID=94) to work on /home/airflow/.local/lib/python3.12/site-packages/airflow/example_dags/example_xcomargs.py
[2024-07-03T12:31:41.691+0000] {processor.py:830} INFO - Processing file /home/airflow/.local/lib/python3.12/site-packages/airflow/example_dags/example_xcomargs.py for tasks to queue
[2024-07-03T12:31:41.692+0000] {logging_mixin.py:188} INFO - [2024-07-03T12:31:41.692+0000] {dagbag.py:545} INFO - Filling up the DagBag from /home/airflow/.local/lib/python3.12/site-packages/airflow/example_dags/example_xcomargs.py
[2024-07-03T12:31:41.696+0000] {processor.py:840} INFO - DAG(s) 'example_xcom_args', 'example_xcom_args_with_operators' retrieved from /home/airflow/.local/lib/python3.12/site-packages/airflow/example_dags/example_xcomargs.py
[2024-07-03T12:31:41.733+0000] {logging_mixin.py:188} INFO - [2024-07-03T12:31:41.732+0000] {dag.py:3096} INFO - Sync 2 DAGs
[2024-07-03T12:31:41.736+0000] {logging_mixin.py:188} INFO - [2024-07-03T12:31:41.736+0000] {dag.py:3954} INFO - Setting next_dagrun for example_xcom_args to None, run_after=None
[2024-07-03T12:31:41.737+0000] {logging_mixin.py:188} INFO - [2024-07-03T12:31:41.737+0000] {dag.py:3954} INFO - Setting next_dagrun for example_xcom_args_with_operators to None, run_after=None
[2024-07-03T12:31:41.742+0000] {processor.py:183} INFO - Processing /home/airflow/.local/lib/python3.12/site-packages/airflow/example_dags/example_xcomargs.py took 0.053 seconds
[2024-07-03T12:32:11.872+0000] {processor.py:161} INFO - Started process (PID=152) to work on /home/airflow/.local/lib/python3.12/site-packages/airflow/example_dags/example_xcomargs.py
[2024-07-03T12:32:11.872+0000] {processor.py:830} INFO - Processing file /home/airflow/.local/lib/python3.12/site-packages/airflow/example_dags/example_xcomargs.py for tasks to queue
[2024-07-03T12:32:11.873+0000] {logging_mixin.py:188} INFO - [2024-07-03T12:32:11.873+0000] {dagbag.py:545} INFO - Filling up the DagBag from /home/airflow/.local/lib/python3.12/site-packages/airflow/example_dags/example_xcomargs.py
[2024-07-03T12:32:11.876+0000] {processor.py:840} INFO - DAG(s) 'example_xcom_args_with_operators', 'example_xcom_args' retrieved from /home/airflow/.local/lib/python3.12/site-packages/airflow/example_dags/example_xcomargs.py
[2024-07-03T12:32:11.884+0000] {logging_mixin.py:188} INFO - [2024-07-03T12:32:11.884+0000] {dag.py:3096} INFO - Sync 2 DAGs
[2024-07-03T12:32:11.888+0000] {logging_mixin.py:188} INFO - [2024-07-03T12:32:11.888+0000] {dag.py:3954} INFO - Setting next_dagrun for example_xcom_args to None, run_after=None
[2024-07-03T12:32:11.890+0000] {logging_mixin.py:188} INFO - [2024-07-03T12:32:11.890+0000] {dag.py:3954} INFO - Setting next_dagrun for example_xcom_args_with_operators to None, run_after=None
[2024-07-03T12:32:11.895+0000] {processor.py:183} INFO - Processing /home/airflow/.local/lib/python3.12/site-packages/airflow/example_dags/example_xcomargs.py took 0.026 seconds
[2024-07-03T12:32:42.379+0000] {processor.py:161} INFO - Started process (PID=210) to work on /home/airflow/.local/lib/python3.12/site-packages/airflow/example_dags/example_xcomargs.py
[2024-07-03T12:32:42.380+0000] {processor.py:830} INFO - Processing file /home/airflow/.local/lib/python3.12/site-packages/airflow/example_dags/example_xcomargs.py for tasks to queue
[2024-07-03T12:32:42.381+0000] {logging_mixin.py:188} INFO - [2024-07-03T12:32:42.380+0000] {dagbag.py:545} INFO - Filling up the DagBag from /home/airflow/.local/lib/python3.12/site-packages/airflow/example_dags/example_xcomargs.py
[2024-07-03T12:32:42.384+0000] {processor.py:840} INFO - DAG(s) 'example_xcom_args_with_operators', 'example_xcom_args' retrieved from /home/airflow/.local/lib/python3.12/site-packages/airflow/example_dags/example_xcomargs.py
[2024-07-03T12:32:42.393+0000] {logging_mixin.py:188} INFO - [2024-07-03T12:32:42.393+0000] {dag.py:3096} INFO - Sync 2 DAGs
[2024-07-03T12:32:42.397+0000] {logging_mixin.py:188} INFO - [2024-07-03T12:32:42.397+0000] {dag.py:3954} INFO - Setting next_dagrun for example_xcom_args to None, run_after=None
[2024-07-03T12:32:42.399+0000] {logging_mixin.py:188} INFO - [2024-07-03T12:32:42.399+0000] {dag.py:3954} INFO - Setting next_dagrun for example_xcom_args_with_operators to None, run_after=None
[2024-07-03T12:32:42.404+0000] {processor.py:183} INFO - Processing /home/airflow/.local/lib/python3.12/site-packages/airflow/example_dags/example_xcomargs.py took 0.027 seconds
[2024-07-03T12:33:12.883+0000] {processor.py:161} INFO - Started process (PID=268) to work on /home/airflow/.local/lib/python3.12/site-packages/airflow/example_dags/example_xcomargs.py
[2024-07-03T12:33:12.884+0000] {processor.py:830} INFO - Processing file /home/airflow/.local/lib/python3.12/site-packages/airflow/example_dags/example_xcomargs.py for tasks to queue
[2024-07-03T12:33:12.885+0000] {logging_mixin.py:188} INFO - [2024-07-03T12:33:12.885+0000] {dagbag.py:545} INFO - Filling up the DagBag from /home/airflow/.local/lib/python3.12/site-packages/airflow/example_dags/example_xcomargs.py
[2024-07-03T12:33:12.888+0000] {processor.py:840} INFO - DAG(s) 'example_xcom_args_with_operators', 'example_xcom_args' retrieved from /home/airflow/.local/lib/python3.12/site-packages/airflow/example_dags/example_xcomargs.py
[2024-07-03T12:33:12.897+0000] {logging_mixin.py:188} INFO - [2024-07-03T12:33:12.897+0000] {dag.py:3096} INFO - Sync 2 DAGs
[2024-07-03T12:33:12.903+0000] {logging_mixin.py:188} INFO - [2024-07-03T12:33:12.903+0000] {dag.py:3954} INFO - Setting next_dagrun for example_xcom_args to None, run_after=None
[2024-07-03T12:33:12.904+0000] {logging_mixin.py:188} INFO - [2024-07-03T12:33:12.904+0000] {dag.py:3954} INFO - Setting next_dagrun for example_xcom_args_with_operators to None, run_after=None
[2024-07-03T12:33:12.910+0000] {processor.py:183} INFO - Processing /home/airflow/.local/lib/python3.12/site-packages/airflow/example_dags/example_xcomargs.py took 0.029 seconds
[2024-07-03T12:33:43.332+0000] {processor.py:161} INFO - Started process (PID=326) to work on /home/airflow/.local/lib/python3.12/site-packages/airflow/example_dags/example_xcomargs.py
[2024-07-03T12:33:43.332+0000] {processor.py:830} INFO - Processing file /home/airflow/.local/lib/python3.12/site-packages/airflow/example_dags/example_xcomargs.py for tasks to queue
[2024-07-03T12:33:43.333+0000] {logging_mixin.py:188} INFO - [2024-07-03T12:33:43.333+0000] {dagbag.py:545} INFO - Filling up the DagBag from /home/airflow/.local/lib/python3.12/site-packages/airflow/example_dags/example_xcomargs.py
[2024-07-03T12:33:43.336+0000] {processor.py:840} INFO - DAG(s) 'example_xcom_args_with_operators', 'example_xcom_args' retrieved from /home/airflow/.local/lib/python3.12/site-packages/airflow/example_dags/example_xcomargs.py
[2024-07-03T12:33:43.345+0000] {logging_mixin.py:188} INFO - [2024-07-03T12:33:43.345+0000] {dag.py:3096} INFO - Sync 2 DAGs
[2024-07-03T12:33:43.349+0000] {logging_mixin.py:188} INFO - [2024-07-03T12:33:43.349+0000] {dag.py:3954} INFO - Setting next_dagrun for example_xcom_args to None, run_after=None
[2024-07-03T12:33:43.350+0000] {logging_mixin.py:188} INFO - [2024-07-03T12:33:43.350+0000] {dag.py:3954} INFO - Setting next_dagrun for example_xcom_args_with_operators to None, run_after=None
[2024-07-03T12:33:43.355+0000] {processor.py:183} INFO - Processing /home/airflow/.local/lib/python3.12/site-packages/airflow/example_dags/example_xcomargs.py took 0.026 seconds
[2024-07-03T12:34:13.623+0000] {processor.py:161} INFO - Started process (PID=384) to work on /home/airflow/.local/lib/python3.12/site-packages/airflow/example_dags/example_xcomargs.py
[2024-07-03T12:34:13.624+0000] {processor.py:830} INFO - Processing file /home/airflow/.local/lib/python3.12/site-packages/airflow/example_dags/example_xcomargs.py for tasks to queue
[2024-07-03T12:34:13.624+0000] {logging_mixin.py:188} INFO - [2024-07-03T12:34:13.624+0000] {dagbag.py:545} INFO - Filling up the DagBag from /home/airflow/.local/lib/python3.12/site-packages/airflow/example_dags/example_xcomargs.py
[2024-07-03T12:34:13.628+0000] {processor.py:840} INFO - DAG(s) 'example_xcom_args', 'example_xcom_args_with_operators' retrieved from /home/airflow/.local/lib/python3.12/site-packages/airflow/example_dags/example_xcomargs.py
[2024-07-03T12:34:13.637+0000] {logging_mixin.py:188} INFO - [2024-07-03T12:34:13.636+0000] {dag.py:3096} INFO - Sync 2 DAGs
[2024-07-03T12:34:13.642+0000] {logging_mixin.py:188} INFO - [2024-07-03T12:34:13.642+0000] {dag.py:3954} INFO - Setting next_dagrun for example_xcom_args to None, run_after=None
[2024-07-03T12:34:13.643+0000] {logging_mixin.py:188} INFO - [2024-07-03T12:34:13.643+0000] {dag.py:3954} INFO - Setting next_dagrun for example_xcom_args_with_operators to None, run_after=None
[2024-07-03T12:34:13.649+0000] {processor.py:183} INFO - Processing /home/airflow/.local/lib/python3.12/site-packages/airflow/example_dags/example_xcomargs.py took 0.028 seconds
[2024-07-03T12:34:43.917+0000] {processor.py:161} INFO - Started process (PID=442) to work on /home/airflow/.local/lib/python3.12/site-packages/airflow/example_dags/example_xcomargs.py
[2024-07-03T12:34:43.918+0000] {processor.py:830} INFO - Processing file /home/airflow/.local/lib/python3.12/site-packages/airflow/example_dags/example_xcomargs.py for tasks to queue
[2024-07-03T12:34:43.919+0000] {logging_mixin.py:188} INFO - [2024-07-03T12:34:43.918+0000] {dagbag.py:545} INFO - Filling up the DagBag from /home/airflow/.local/lib/python3.12/site-packages/airflow/example_dags/example_xcomargs.py
[2024-07-03T12:34:43.922+0000] {processor.py:840} INFO - DAG(s) 'example_xcom_args', 'example_xcom_args_with_operators' retrieved from /home/airflow/.local/lib/python3.12/site-packages/airflow/example_dags/example_xcomargs.py
[2024-07-03T12:34:43.930+0000] {logging_mixin.py:188} INFO - [2024-07-03T12:34:43.930+0000] {dag.py:3096} INFO - Sync 2 DAGs
[2024-07-03T12:34:43.935+0000] {logging_mixin.py:188} INFO - [2024-07-03T12:34:43.935+0000] {dag.py:3954} INFO - Setting next_dagrun for example_xcom_args to None, run_after=None
[2024-07-03T12:34:43.936+0000] {logging_mixin.py:188} INFO - [2024-07-03T12:34:43.936+0000] {dag.py:3954} INFO - Setting next_dagrun for example_xcom_args_with_operators to None, run_after=None
[2024-07-03T12:34:43.941+0000] {processor.py:183} INFO - Processing /home/airflow/.local/lib/python3.12/site-packages/airflow/example_dags/example_xcomargs.py took 0.026 seconds
[2024-07-03T12:35:14.214+0000] {processor.py:161} INFO - Started process (PID=500) to work on /home/airflow/.local/lib/python3.12/site-packages/airflow/example_dags/example_xcomargs.py
[2024-07-03T12:35:14.215+0000] {processor.py:830} INFO - Processing file /home/airflow/.local/lib/python3.12/site-packages/airflow/example_dags/example_xcomargs.py for tasks to queue
[2024-07-03T12:35:14.216+0000] {logging_mixin.py:188} INFO - [2024-07-03T12:35:14.215+0000] {dagbag.py:545} INFO - Filling up the DagBag from /home/airflow/.local/lib/python3.12/site-packages/airflow/example_dags/example_xcomargs.py
[2024-07-03T12:35:14.219+0000] {processor.py:840} INFO - DAG(s) 'example_xcom_args_with_operators', 'example_xcom_args' retrieved from /home/airflow/.local/lib/python3.12/site-packages/airflow/example_dags/example_xcomargs.py
[2024-07-03T12:35:14.228+0000] {logging_mixin.py:188} INFO - [2024-07-03T12:35:14.228+0000] {dag.py:3096} INFO - Sync 2 DAGs
[2024-07-03T12:35:14.233+0000] {logging_mixin.py:188} INFO - [2024-07-03T12:35:14.233+0000] {dag.py:3954} INFO - Setting next_dagrun for example_xcom_args to None, run_after=None
[2024-07-03T12:35:14.235+0000] {logging_mixin.py:188} INFO - [2024-07-03T12:35:14.235+0000] {dag.py:3954} INFO - Setting next_dagrun for example_xcom_args_with_operators to None, run_after=None
[2024-07-03T12:35:14.240+0000] {processor.py:183} INFO - Processing /home/airflow/.local/lib/python3.12/site-packages/airflow/example_dags/example_xcomargs.py took 0.028 seconds
[2024-07-03T12:35:44.470+0000] {processor.py:161} INFO - Started process (PID=558) to work on /home/airflow/.local/lib/python3.12/site-packages/airflow/example_dags/example_xcomargs.py
[2024-07-03T12:35:44.471+0000] {processor.py:830} INFO - Processing file /home/airflow/.local/lib/python3.12/site-packages/airflow/example_dags/example_xcomargs.py for tasks to queue
[2024-07-03T12:35:44.472+0000] {logging_mixin.py:188} INFO - [2024-07-03T12:35:44.472+0000] {dagbag.py:545} INFO - Filling up the DagBag from /home/airflow/.local/lib/python3.12/site-packages/airflow/example_dags/example_xcomargs.py
[2024-07-03T12:35:44.475+0000] {processor.py:840} INFO - DAG(s) 'example_xcom_args_with_operators', 'example_xcom_args' retrieved from /home/airflow/.local/lib/python3.12/site-packages/airflow/example_dags/example_xcomargs.py
[2024-07-03T12:35:44.484+0000] {logging_mixin.py:188} INFO - [2024-07-03T12:35:44.484+0000] {dag.py:3096} INFO - Sync 2 DAGs
[2024-07-03T12:35:44.489+0000] {logging_mixin.py:188} INFO - [2024-07-03T12:35:44.489+0000] {dag.py:3954} INFO - Setting next_dagrun for example_xcom_args to None, run_after=None
[2024-07-03T12:35:44.490+0000] {logging_mixin.py:188} INFO - [2024-07-03T12:35:44.490+0000] {dag.py:3954} INFO - Setting next_dagrun for example_xcom_args_with_operators to None, run_after=None
[2024-07-03T12:35:44.496+0000] {processor.py:183} INFO - Processing /home/airflow/.local/lib/python3.12/site-packages/airflow/example_dags/example_xcomargs.py took 0.028 seconds
[2024-07-03T12:36:14.835+0000] {processor.py:161} INFO - Started process (PID=616) to work on /home/airflow/.local/lib/python3.12/site-packages/airflow/example_dags/example_xcomargs.py
[2024-07-03T12:36:14.835+0000] {processor.py:830} INFO - Processing file /home/airflow/.local/lib/python3.12/site-packages/airflow/example_dags/example_xcomargs.py for tasks to queue
[2024-07-03T12:36:14.836+0000] {logging_mixin.py:188} INFO - [2024-07-03T12:36:14.836+0000] {dagbag.py:545} INFO - Filling up the DagBag from /home/airflow/.local/lib/python3.12/site-packages/airflow/example_dags/example_xcomargs.py
[2024-07-03T12:36:14.842+0000] {processor.py:840} INFO - DAG(s) 'example_xcom_args_with_operators', 'example_xcom_args' retrieved from /home/airflow/.local/lib/python3.12/site-packages/airflow/example_dags/example_xcomargs.py
[2024-07-03T12:36:14.858+0000] {logging_mixin.py:188} INFO - [2024-07-03T12:36:14.858+0000] {dag.py:3096} INFO - Sync 2 DAGs
[2024-07-03T12:36:14.865+0000] {logging_mixin.py:188} INFO - [2024-07-03T12:36:14.864+0000] {dag.py:3954} INFO - Setting next_dagrun for example_xcom_args to None, run_after=None
[2024-07-03T12:36:14.867+0000] {logging_mixin.py:188} INFO - [2024-07-03T12:36:14.867+0000] {dag.py:3954} INFO - Setting next_dagrun for example_xcom_args_with_operators to None, run_after=None
[2024-07-03T12:36:14.877+0000] {processor.py:183} INFO - Processing /home/airflow/.local/lib/python3.12/site-packages/airflow/example_dags/example_xcomargs.py took 0.047 seconds
[2024-07-03T12:36:45.272+0000] {processor.py:161} INFO - Started process (PID=674) to work on /home/airflow/.local/lib/python3.12/site-packages/airflow/example_dags/example_xcomargs.py
[2024-07-03T12:36:45.273+0000] {processor.py:830} INFO - Processing file /home/airflow/.local/lib/python3.12/site-packages/airflow/example_dags/example_xcomargs.py for tasks to queue
[2024-07-03T12:36:45.274+0000] {logging_mixin.py:188} INFO - [2024-07-03T12:36:45.274+0000] {dagbag.py:545} INFO - Filling up the DagBag from /home/airflow/.local/lib/python3.12/site-packages/airflow/example_dags/example_xcomargs.py
[2024-07-03T12:36:45.279+0000] {processor.py:840} INFO - DAG(s) 'example_xcom_args_with_operators', 'example_xcom_args' retrieved from /home/airflow/.local/lib/python3.12/site-packages/airflow/example_dags/example_xcomargs.py
[2024-07-03T12:36:45.291+0000] {logging_mixin.py:188} INFO - [2024-07-03T12:36:45.291+0000] {dag.py:3096} INFO - Sync 2 DAGs
[2024-07-03T12:36:45.297+0000] {logging_mixin.py:188} INFO - [2024-07-03T12:36:45.297+0000] {dag.py:3954} INFO - Setting next_dagrun for example_xcom_args to None, run_after=None
[2024-07-03T12:36:45.299+0000] {logging_mixin.py:188} INFO - [2024-07-03T12:36:45.299+0000] {dag.py:3954} INFO - Setting next_dagrun for example_xcom_args_with_operators to None, run_after=None
[2024-07-03T12:36:45.312+0000] {processor.py:183} INFO - Processing /home/airflow/.local/lib/python3.12/site-packages/airflow/example_dags/example_xcomargs.py took 0.044 seconds
[2024-07-03T12:37:15.713+0000] {processor.py:161} INFO - Started process (PID=732) to work on /home/airflow/.local/lib/python3.12/site-packages/airflow/example_dags/example_xcomargs.py
[2024-07-03T12:37:15.714+0000] {processor.py:830} INFO - Processing file /home/airflow/.local/lib/python3.12/site-packages/airflow/example_dags/example_xcomargs.py for tasks to queue
[2024-07-03T12:37:15.714+0000] {logging_mixin.py:188} INFO - [2024-07-03T12:37:15.714+0000] {dagbag.py:545} INFO - Filling up the DagBag from /home/airflow/.local/lib/python3.12/site-packages/airflow/example_dags/example_xcomargs.py
[2024-07-03T12:37:15.718+0000] {processor.py:840} INFO - DAG(s) 'example_xcom_args', 'example_xcom_args_with_operators' retrieved from /home/airflow/.local/lib/python3.12/site-packages/airflow/example_dags/example_xcomargs.py
[2024-07-03T12:37:15.726+0000] {logging_mixin.py:188} INFO - [2024-07-03T12:37:15.726+0000] {dag.py:3096} INFO - Sync 2 DAGs
[2024-07-03T12:37:15.731+0000] {logging_mixin.py:188} INFO - [2024-07-03T12:37:15.731+0000] {dag.py:3954} INFO - Setting next_dagrun for example_xcom_args to None, run_after=None
[2024-07-03T12:37:15.733+0000] {logging_mixin.py:188} INFO - [2024-07-03T12:37:15.732+0000] {dag.py:3954} INFO - Setting next_dagrun for example_xcom_args_with_operators to None, run_after=None
[2024-07-03T12:37:15.738+0000] {processor.py:183} INFO - Processing /home/airflow/.local/lib/python3.12/site-packages/airflow/example_dags/example_xcomargs.py took 0.027 seconds
[2024-07-03T12:37:46.287+0000] {processor.py:161} INFO - Started process (PID=790) to work on /home/airflow/.local/lib/python3.12/site-packages/airflow/example_dags/example_xcomargs.py
[2024-07-03T12:37:46.288+0000] {processor.py:830} INFO - Processing file /home/airflow/.local/lib/python3.12/site-packages/airflow/example_dags/example_xcomargs.py for tasks to queue
[2024-07-03T12:37:46.289+0000] {logging_mixin.py:188} INFO - [2024-07-03T12:37:46.288+0000] {dagbag.py:545} INFO - Filling up the DagBag from /home/airflow/.local/lib/python3.12/site-packages/airflow/example_dags/example_xcomargs.py
[2024-07-03T12:37:46.292+0000] {processor.py:840} INFO - DAG(s) 'example_xcom_args_with_operators', 'example_xcom_args' retrieved from /home/airflow/.local/lib/python3.12/site-packages/airflow/example_dags/example_xcomargs.py
[2024-07-03T12:37:46.301+0000] {logging_mixin.py:188} INFO - [2024-07-03T12:37:46.301+0000] {dag.py:3096} INFO - Sync 2 DAGs
[2024-07-03T12:37:46.306+0000] {logging_mixin.py:188} INFO - [2024-07-03T12:37:46.306+0000] {dag.py:3954} INFO - Setting next_dagrun for example_xcom_args to None, run_after=None
[2024-07-03T12:37:46.307+0000] {logging_mixin.py:188} INFO - [2024-07-03T12:37:46.307+0000] {dag.py:3954} INFO - Setting next_dagrun for example_xcom_args_with_operators to None, run_after=None
[2024-07-03T12:37:46.312+0000] {processor.py:183} INFO - Processing /home/airflow/.local/lib/python3.12/site-packages/airflow/example_dags/example_xcomargs.py took 0.028 seconds
[2024-07-03T12:38:16.746+0000] {processor.py:161} INFO - Started process (PID=848) to work on /home/airflow/.local/lib/python3.12/site-packages/airflow/example_dags/example_xcomargs.py
[2024-07-03T12:38:16.746+0000] {processor.py:830} INFO - Processing file /home/airflow/.local/lib/python3.12/site-packages/airflow/example_dags/example_xcomargs.py for tasks to queue
[2024-07-03T12:38:16.747+0000] {logging_mixin.py:188} INFO - [2024-07-03T12:38:16.747+0000] {dagbag.py:545} INFO - Filling up the DagBag from /home/airflow/.local/lib/python3.12/site-packages/airflow/example_dags/example_xcomargs.py
[2024-07-03T12:38:16.751+0000] {processor.py:840} INFO - DAG(s) 'example_xcom_args_with_operators', 'example_xcom_args' retrieved from /home/airflow/.local/lib/python3.12/site-packages/airflow/example_dags/example_xcomargs.py
[2024-07-03T12:38:16.760+0000] {logging_mixin.py:188} INFO - [2024-07-03T12:38:16.759+0000] {dag.py:3096} INFO - Sync 2 DAGs
[2024-07-03T12:38:16.765+0000] {logging_mixin.py:188} INFO - [2024-07-03T12:38:16.765+0000] {dag.py:3954} INFO - Setting next_dagrun for example_xcom_args to None, run_after=None
[2024-07-03T12:38:16.766+0000] {logging_mixin.py:188} INFO - [2024-07-03T12:38:16.766+0000] {dag.py:3954} INFO - Setting next_dagrun for example_xcom_args_with_operators to None, run_after=None
[2024-07-03T12:38:16.772+0000] {processor.py:183} INFO - Processing /home/airflow/.local/lib/python3.12/site-packages/airflow/example_dags/example_xcomargs.py took 0.028 seconds
[2024-07-03T12:38:47.090+0000] {processor.py:161} INFO - Started process (PID=906) to work on /home/airflow/.local/lib/python3.12/site-packages/airflow/example_dags/example_xcomargs.py
[2024-07-03T12:38:47.090+0000] {processor.py:830} INFO - Processing file /home/airflow/.local/lib/python3.12/site-packages/airflow/example_dags/example_xcomargs.py for tasks to queue
[2024-07-03T12:38:47.091+0000] {logging_mixin.py:188} INFO - [2024-07-03T12:38:47.091+0000] {dagbag.py:545} INFO - Filling up the DagBag from /home/airflow/.local/lib/python3.12/site-packages/airflow/example_dags/example_xcomargs.py
[2024-07-03T12:38:47.094+0000] {processor.py:840} INFO - DAG(s) 'example_xcom_args_with_operators', 'example_xcom_args' retrieved from /home/airflow/.local/lib/python3.12/site-packages/airflow/example_dags/example_xcomargs.py
[2024-07-03T12:38:47.104+0000] {logging_mixin.py:188} INFO - [2024-07-03T12:38:47.104+0000] {dag.py:3096} INFO - Sync 2 DAGs
[2024-07-03T12:38:47.109+0000] {logging_mixin.py:188} INFO - [2024-07-03T12:38:47.109+0000] {dag.py:3954} INFO - Setting next_dagrun for example_xcom_args to None, run_after=None
[2024-07-03T12:38:47.110+0000] {logging_mixin.py:188} INFO - [2024-07-03T12:38:47.110+0000] {dag.py:3954} INFO - Setting next_dagrun for example_xcom_args_with_operators to None, run_after=None
[2024-07-03T12:38:47.116+0000] {processor.py:183} INFO - Processing /home/airflow/.local/lib/python3.12/site-packages/airflow/example_dags/example_xcomargs.py took 0.029 seconds
[2024-07-03T12:39:17.425+0000] {processor.py:161} INFO - Started process (PID=963) to work on /home/airflow/.local/lib/python3.12/site-packages/airflow/example_dags/example_xcomargs.py
[2024-07-03T12:39:17.425+0000] {processor.py:830} INFO - Processing file /home/airflow/.local/lib/python3.12/site-packages/airflow/example_dags/example_xcomargs.py for tasks to queue
[2024-07-03T12:39:17.426+0000] {logging_mixin.py:188} INFO - [2024-07-03T12:39:17.426+0000] {dagbag.py:545} INFO - Filling up the DagBag from /home/airflow/.local/lib/python3.12/site-packages/airflow/example_dags/example_xcomargs.py
[2024-07-03T12:39:17.429+0000] {processor.py:840} INFO - DAG(s) 'example_xcom_args_with_operators', 'example_xcom_args' retrieved from /home/airflow/.local/lib/python3.12/site-packages/airflow/example_dags/example_xcomargs.py
[2024-07-03T12:39:17.438+0000] {logging_mixin.py:188} INFO - [2024-07-03T12:39:17.438+0000] {dag.py:3096} INFO - Sync 2 DAGs
[2024-07-03T12:39:17.443+0000] {logging_mixin.py:188} INFO - [2024-07-03T12:39:17.443+0000] {dag.py:3954} INFO - Setting next_dagrun for example_xcom_args to None, run_after=None
[2024-07-03T12:39:17.444+0000] {logging_mixin.py:188} INFO - [2024-07-03T12:39:17.444+0000] {dag.py:3954} INFO - Setting next_dagrun for example_xcom_args_with_operators to None, run_after=None
[2024-07-03T12:39:17.449+0000] {processor.py:183} INFO - Processing /home/airflow/.local/lib/python3.12/site-packages/airflow/example_dags/example_xcomargs.py took 0.027 seconds
[2024-07-03T12:39:47.809+0000] {processor.py:161} INFO - Started process (PID=1021) to work on /home/airflow/.local/lib/python3.12/site-packages/airflow/example_dags/example_xcomargs.py
[2024-07-03T12:39:47.809+0000] {processor.py:830} INFO - Processing file /home/airflow/.local/lib/python3.12/site-packages/airflow/example_dags/example_xcomargs.py for tasks to queue
[2024-07-03T12:39:47.810+0000] {logging_mixin.py:188} INFO - [2024-07-03T12:39:47.810+0000] {dagbag.py:545} INFO - Filling up the DagBag from /home/airflow/.local/lib/python3.12/site-packages/airflow/example_dags/example_xcomargs.py
[2024-07-03T12:39:47.813+0000] {processor.py:840} INFO - DAG(s) 'example_xcom_args_with_operators', 'example_xcom_args' retrieved from /home/airflow/.local/lib/python3.12/site-packages/airflow/example_dags/example_xcomargs.py
[2024-07-03T12:39:47.822+0000] {logging_mixin.py:188} INFO - [2024-07-03T12:39:47.822+0000] {dag.py:3096} INFO - Sync 2 DAGs
[2024-07-03T12:39:47.827+0000] {logging_mixin.py:188} INFO - [2024-07-03T12:39:47.827+0000] {dag.py:3954} INFO - Setting next_dagrun for example_xcom_args to None, run_after=None
[2024-07-03T12:39:47.828+0000] {logging_mixin.py:188} INFO - [2024-07-03T12:39:47.828+0000] {dag.py:3954} INFO - Setting next_dagrun for example_xcom_args_with_operators to None, run_after=None
[2024-07-03T12:39:47.833+0000] {processor.py:183} INFO - Processing /home/airflow/.local/lib/python3.12/site-packages/airflow/example_dags/example_xcomargs.py took 0.027 seconds
[2024-07-03T12:40:18.167+0000] {processor.py:161} INFO - Started process (PID=1078) to work on /home/airflow/.local/lib/python3.12/site-packages/airflow/example_dags/example_xcomargs.py
[2024-07-03T12:40:18.167+0000] {processor.py:830} INFO - Processing file /home/airflow/.local/lib/python3.12/site-packages/airflow/example_dags/example_xcomargs.py for tasks to queue
[2024-07-03T12:40:18.168+0000] {logging_mixin.py:188} INFO - [2024-07-03T12:40:18.168+0000] {dagbag.py:545} INFO - Filling up the DagBag from /home/airflow/.local/lib/python3.12/site-packages/airflow/example_dags/example_xcomargs.py
[2024-07-03T12:40:18.171+0000] {processor.py:840} INFO - DAG(s) 'example_xcom_args_with_operators', 'example_xcom_args' retrieved from /home/airflow/.local/lib/python3.12/site-packages/airflow/example_dags/example_xcomargs.py
[2024-07-03T12:40:18.180+0000] {logging_mixin.py:188} INFO - [2024-07-03T12:40:18.180+0000] {dag.py:3096} INFO - Sync 2 DAGs
[2024-07-03T12:40:18.185+0000] {logging_mixin.py:188} INFO - [2024-07-03T12:40:18.184+0000] {dag.py:3954} INFO - Setting next_dagrun for example_xcom_args to None, run_after=None
[2024-07-03T12:40:18.186+0000] {logging_mixin.py:188} INFO - [2024-07-03T12:40:18.186+0000] {dag.py:3954} INFO - Setting next_dagrun for example_xcom_args_with_operators to None, run_after=None
[2024-07-03T12:40:18.191+0000] {processor.py:183} INFO - Processing /home/airflow/.local/lib/python3.12/site-packages/airflow/example_dags/example_xcomargs.py took 0.026 seconds
[2024-07-03T12:40:48.503+0000] {processor.py:161} INFO - Started process (PID=1135) to work on /home/airflow/.local/lib/python3.12/site-packages/airflow/example_dags/example_xcomargs.py
[2024-07-03T12:40:48.504+0000] {processor.py:830} INFO - Processing file /home/airflow/.local/lib/python3.12/site-packages/airflow/example_dags/example_xcomargs.py for tasks to queue
[2024-07-03T12:40:48.504+0000] {logging_mixin.py:188} INFO - [2024-07-03T12:40:48.504+0000] {dagbag.py:545} INFO - Filling up the DagBag from /home/airflow/.local/lib/python3.12/site-packages/airflow/example_dags/example_xcomargs.py
[2024-07-03T12:40:48.507+0000] {processor.py:840} INFO - DAG(s) 'example_xcom_args_with_operators', 'example_xcom_args' retrieved from /home/airflow/.local/lib/python3.12/site-packages/airflow/example_dags/example_xcomargs.py
[2024-07-03T12:40:48.516+0000] {logging_mixin.py:188} INFO - [2024-07-03T12:40:48.516+0000] {dag.py:3096} INFO - Sync 2 DAGs
[2024-07-03T12:40:48.520+0000] {logging_mixin.py:188} INFO - [2024-07-03T12:40:48.520+0000] {dag.py:3954} INFO - Setting next_dagrun for example_xcom_args to None, run_after=None
[2024-07-03T12:40:48.522+0000] {logging_mixin.py:188} INFO - [2024-07-03T12:40:48.522+0000] {dag.py:3954} INFO - Setting next_dagrun for example_xcom_args_with_operators to None, run_after=None
[2024-07-03T12:40:48.527+0000] {processor.py:183} INFO - Processing /home/airflow/.local/lib/python3.12/site-packages/airflow/example_dags/example_xcomargs.py took 0.026 seconds
[2024-07-03T12:41:18.833+0000] {processor.py:161} INFO - Started process (PID=1193) to work on /home/airflow/.local/lib/python3.12/site-packages/airflow/example_dags/example_xcomargs.py
[2024-07-03T12:41:18.833+0000] {processor.py:830} INFO - Processing file /home/airflow/.local/lib/python3.12/site-packages/airflow/example_dags/example_xcomargs.py for tasks to queue
[2024-07-03T12:41:18.834+0000] {logging_mixin.py:188} INFO - [2024-07-03T12:41:18.834+0000] {dagbag.py:545} INFO - Filling up the DagBag from /home/airflow/.local/lib/python3.12/site-packages/airflow/example_dags/example_xcomargs.py
[2024-07-03T12:41:18.837+0000] {processor.py:840} INFO - DAG(s) 'example_xcom_args_with_operators', 'example_xcom_args' retrieved from /home/airflow/.local/lib/python3.12/site-packages/airflow/example_dags/example_xcomargs.py
[2024-07-03T12:41:18.846+0000] {logging_mixin.py:188} INFO - [2024-07-03T12:41:18.846+0000] {dag.py:3096} INFO - Sync 2 DAGs
[2024-07-03T12:41:18.851+0000] {logging_mixin.py:188} INFO - [2024-07-03T12:41:18.851+0000] {dag.py:3954} INFO - Setting next_dagrun for example_xcom_args to None, run_after=None
[2024-07-03T12:41:18.853+0000] {logging_mixin.py:188} INFO - [2024-07-03T12:41:18.853+0000] {dag.py:3954} INFO - Setting next_dagrun for example_xcom_args_with_operators to None, run_after=None
[2024-07-03T12:41:18.859+0000] {processor.py:183} INFO - Processing /home/airflow/.local/lib/python3.12/site-packages/airflow/example_dags/example_xcomargs.py took 0.028 seconds
[2024-07-03T12:41:49.175+0000] {processor.py:161} INFO - Started process (PID=1251) to work on /home/airflow/.local/lib/python3.12/site-packages/airflow/example_dags/example_xcomargs.py
[2024-07-03T12:41:49.175+0000] {processor.py:830} INFO - Processing file /home/airflow/.local/lib/python3.12/site-packages/airflow/example_dags/example_xcomargs.py for tasks to queue
[2024-07-03T12:41:49.176+0000] {logging_mixin.py:188} INFO - [2024-07-03T12:41:49.176+0000] {dagbag.py:545} INFO - Filling up the DagBag from /home/airflow/.local/lib/python3.12/site-packages/airflow/example_dags/example_xcomargs.py
[2024-07-03T12:41:49.179+0000] {processor.py:840} INFO - DAG(s) 'example_xcom_args', 'example_xcom_args_with_operators' retrieved from /home/airflow/.local/lib/python3.12/site-packages/airflow/example_dags/example_xcomargs.py
[2024-07-03T12:41:49.187+0000] {logging_mixin.py:188} INFO - [2024-07-03T12:41:49.187+0000] {dag.py:3096} INFO - Sync 2 DAGs
[2024-07-03T12:41:49.192+0000] {logging_mixin.py:188} INFO - [2024-07-03T12:41:49.192+0000] {dag.py:3954} INFO - Setting next_dagrun for example_xcom_args to None, run_after=None
[2024-07-03T12:41:49.193+0000] {logging_mixin.py:188} INFO - [2024-07-03T12:41:49.193+0000] {dag.py:3954} INFO - Setting next_dagrun for example_xcom_args_with_operators to None, run_after=None
[2024-07-03T12:41:49.199+0000] {processor.py:183} INFO - Processing /home/airflow/.local/lib/python3.12/site-packages/airflow/example_dags/example_xcomargs.py took 0.026 seconds
[2024-07-03T12:42:19.525+0000] {processor.py:161} INFO - Started process (PID=1309) to work on /home/airflow/.local/lib/python3.12/site-packages/airflow/example_dags/example_xcomargs.py
[2024-07-03T12:42:19.526+0000] {processor.py:830} INFO - Processing file /home/airflow/.local/lib/python3.12/site-packages/airflow/example_dags/example_xcomargs.py for tasks to queue
[2024-07-03T12:42:19.526+0000] {logging_mixin.py:188} INFO - [2024-07-03T12:42:19.526+0000] {dagbag.py:545} INFO - Filling up the DagBag from /home/airflow/.local/lib/python3.12/site-packages/airflow/example_dags/example_xcomargs.py
[2024-07-03T12:42:19.530+0000] {processor.py:840} INFO - DAG(s) 'example_xcom_args', 'example_xcom_args_with_operators' retrieved from /home/airflow/.local/lib/python3.12/site-packages/airflow/example_dags/example_xcomargs.py
[2024-07-03T12:42:19.538+0000] {logging_mixin.py:188} INFO - [2024-07-03T12:42:19.538+0000] {dag.py:3096} INFO - Sync 2 DAGs
[2024-07-03T12:42:19.543+0000] {logging_mixin.py:188} INFO - [2024-07-03T12:42:19.543+0000] {dag.py:3954} INFO - Setting next_dagrun for example_xcom_args to None, run_after=None
[2024-07-03T12:42:19.544+0000] {logging_mixin.py:188} INFO - [2024-07-03T12:42:19.544+0000] {dag.py:3954} INFO - Setting next_dagrun for example_xcom_args_with_operators to None, run_after=None
[2024-07-03T12:42:19.549+0000] {processor.py:183} INFO - Processing /home/airflow/.local/lib/python3.12/site-packages/airflow/example_dags/example_xcomargs.py took 0.026 seconds
[2024-07-03T12:42:49.865+0000] {processor.py:161} INFO - Started process (PID=1367) to work on /home/airflow/.local/lib/python3.12/site-packages/airflow/example_dags/example_xcomargs.py
[2024-07-03T12:42:49.865+0000] {processor.py:830} INFO - Processing file /home/airflow/.local/lib/python3.12/site-packages/airflow/example_dags/example_xcomargs.py for tasks to queue
[2024-07-03T12:42:49.866+0000] {logging_mixin.py:188} INFO - [2024-07-03T12:42:49.866+0000] {dagbag.py:545} INFO - Filling up the DagBag from /home/airflow/.local/lib/python3.12/site-packages/airflow/example_dags/example_xcomargs.py
[2024-07-03T12:42:49.869+0000] {processor.py:840} INFO - DAG(s) 'example_xcom_args_with_operators', 'example_xcom_args' retrieved from /home/airflow/.local/lib/python3.12/site-packages/airflow/example_dags/example_xcomargs.py
[2024-07-03T12:42:49.878+0000] {logging_mixin.py:188} INFO - [2024-07-03T12:42:49.878+0000] {dag.py:3096} INFO - Sync 2 DAGs
[2024-07-03T12:42:49.884+0000] {logging_mixin.py:188} INFO - [2024-07-03T12:42:49.884+0000] {dag.py:3954} INFO - Setting next_dagrun for example_xcom_args to None, run_after=None
[2024-07-03T12:42:49.885+0000] {logging_mixin.py:188} INFO - [2024-07-03T12:42:49.885+0000] {dag.py:3954} INFO - Setting next_dagrun for example_xcom_args_with_operators to None, run_after=None
[2024-07-03T12:42:49.891+0000] {processor.py:183} INFO - Processing /home/airflow/.local/lib/python3.12/site-packages/airflow/example_dags/example_xcomargs.py took 0.028 seconds
[2024-07-03T12:43:20.217+0000] {processor.py:161} INFO - Started process (PID=1425) to work on /home/airflow/.local/lib/python3.12/site-packages/airflow/example_dags/example_xcomargs.py
[2024-07-03T12:43:20.218+0000] {processor.py:830} INFO - Processing file /home/airflow/.local/lib/python3.12/site-packages/airflow/example_dags/example_xcomargs.py for tasks to queue
[2024-07-03T12:43:20.219+0000] {logging_mixin.py:188} INFO - [2024-07-03T12:43:20.218+0000] {dagbag.py:545} INFO - Filling up the DagBag from /home/airflow/.local/lib/python3.12/site-packages/airflow/example_dags/example_xcomargs.py
[2024-07-03T12:43:20.222+0000] {processor.py:840} INFO - DAG(s) 'example_xcom_args_with_operators', 'example_xcom_args' retrieved from /home/airflow/.local/lib/python3.12/site-packages/airflow/example_dags/example_xcomargs.py
[2024-07-03T12:43:20.230+0000] {logging_mixin.py:188} INFO - [2024-07-03T12:43:20.230+0000] {dag.py:3096} INFO - Sync 2 DAGs
[2024-07-03T12:43:20.235+0000] {logging_mixin.py:188} INFO - [2024-07-03T12:43:20.235+0000] {dag.py:3954} INFO - Setting next_dagrun for example_xcom_args to None, run_after=None
[2024-07-03T12:43:20.236+0000] {logging_mixin.py:188} INFO - [2024-07-03T12:43:20.236+0000] {dag.py:3954} INFO - Setting next_dagrun for example_xcom_args_with_operators to None, run_after=None
[2024-07-03T12:43:20.242+0000] {processor.py:183} INFO - Processing /home/airflow/.local/lib/python3.12/site-packages/airflow/example_dags/example_xcomargs.py took 0.027 seconds
[2024-07-03T12:43:50.585+0000] {processor.py:161} INFO - Started process (PID=1483) to work on /home/airflow/.local/lib/python3.12/site-packages/airflow/example_dags/example_xcomargs.py
[2024-07-03T12:43:50.586+0000] {processor.py:830} INFO - Processing file /home/airflow/.local/lib/python3.12/site-packages/airflow/example_dags/example_xcomargs.py for tasks to queue
[2024-07-03T12:43:50.587+0000] {logging_mixin.py:188} INFO - [2024-07-03T12:43:50.587+0000] {dagbag.py:545} INFO - Filling up the DagBag from /home/airflow/.local/lib/python3.12/site-packages/airflow/example_dags/example_xcomargs.py
[2024-07-03T12:43:50.590+0000] {processor.py:840} INFO - DAG(s) 'example_xcom_args_with_operators', 'example_xcom_args' retrieved from /home/airflow/.local/lib/python3.12/site-packages/airflow/example_dags/example_xcomargs.py
[2024-07-03T12:43:50.598+0000] {logging_mixin.py:188} INFO - [2024-07-03T12:43:50.598+0000] {dag.py:3096} INFO - Sync 2 DAGs
[2024-07-03T12:43:50.603+0000] {logging_mixin.py:188} INFO - [2024-07-03T12:43:50.603+0000] {dag.py:3954} INFO - Setting next_dagrun for example_xcom_args to None, run_after=None
[2024-07-03T12:43:50.604+0000] {logging_mixin.py:188} INFO - [2024-07-03T12:43:50.604+0000] {dag.py:3954} INFO - Setting next_dagrun for example_xcom_args_with_operators to None, run_after=None
[2024-07-03T12:43:50.609+0000] {processor.py:183} INFO - Processing /home/airflow/.local/lib/python3.12/site-packages/airflow/example_dags/example_xcomargs.py took 0.026 seconds
[2024-07-03T12:44:20.976+0000] {processor.py:161} INFO - Started process (PID=1541) to work on /home/airflow/.local/lib/python3.12/site-packages/airflow/example_dags/example_xcomargs.py
[2024-07-03T12:44:20.977+0000] {processor.py:830} INFO - Processing file /home/airflow/.local/lib/python3.12/site-packages/airflow/example_dags/example_xcomargs.py for tasks to queue
[2024-07-03T12:44:20.977+0000] {logging_mixin.py:188} INFO - [2024-07-03T12:44:20.977+0000] {dagbag.py:545} INFO - Filling up the DagBag from /home/airflow/.local/lib/python3.12/site-packages/airflow/example_dags/example_xcomargs.py
[2024-07-03T12:44:20.981+0000] {processor.py:840} INFO - DAG(s) 'example_xcom_args_with_operators', 'example_xcom_args' retrieved from /home/airflow/.local/lib/python3.12/site-packages/airflow/example_dags/example_xcomargs.py
[2024-07-03T12:44:20.989+0000] {logging_mixin.py:188} INFO - [2024-07-03T12:44:20.989+0000] {dag.py:3096} INFO - Sync 2 DAGs
[2024-07-03T12:44:20.994+0000] {logging_mixin.py:188} INFO - [2024-07-03T12:44:20.994+0000] {dag.py:3954} INFO - Setting next_dagrun for example_xcom_args to None, run_after=None
[2024-07-03T12:44:20.996+0000] {logging_mixin.py:188} INFO - [2024-07-03T12:44:20.996+0000] {dag.py:3954} INFO - Setting next_dagrun for example_xcom_args_with_operators to None, run_after=None
[2024-07-03T12:44:21.001+0000] {processor.py:183} INFO - Processing /home/airflow/.local/lib/python3.12/site-packages/airflow/example_dags/example_xcomargs.py took 0.027 seconds
[2024-07-03T12:44:51.283+0000] {processor.py:161} INFO - Started process (PID=1599) to work on /home/airflow/.local/lib/python3.12/site-packages/airflow/example_dags/example_xcomargs.py
[2024-07-03T12:44:51.283+0000] {processor.py:830} INFO - Processing file /home/airflow/.local/lib/python3.12/site-packages/airflow/example_dags/example_xcomargs.py for tasks to queue
[2024-07-03T12:44:51.284+0000] {logging_mixin.py:188} INFO - [2024-07-03T12:44:51.284+0000] {dagbag.py:545} INFO - Filling up the DagBag from /home/airflow/.local/lib/python3.12/site-packages/airflow/example_dags/example_xcomargs.py
[2024-07-03T12:44:51.287+0000] {processor.py:840} INFO - DAG(s) 'example_xcom_args', 'example_xcom_args_with_operators' retrieved from /home/airflow/.local/lib/python3.12/site-packages/airflow/example_dags/example_xcomargs.py
[2024-07-03T12:44:51.296+0000] {logging_mixin.py:188} INFO - [2024-07-03T12:44:51.296+0000] {dag.py:3096} INFO - Sync 2 DAGs
[2024-07-03T12:44:51.301+0000] {logging_mixin.py:188} INFO - [2024-07-03T12:44:51.301+0000] {dag.py:3954} INFO - Setting next_dagrun for example_xcom_args to None, run_after=None
[2024-07-03T12:44:51.302+0000] {logging_mixin.py:188} INFO - [2024-07-03T12:44:51.302+0000] {dag.py:3954} INFO - Setting next_dagrun for example_xcom_args_with_operators to None, run_after=None
[2024-07-03T12:44:51.307+0000] {processor.py:183} INFO - Processing /home/airflow/.local/lib/python3.12/site-packages/airflow/example_dags/example_xcomargs.py took 0.027 seconds
[2024-07-03T12:45:21.694+0000] {processor.py:161} INFO - Started process (PID=1657) to work on /home/airflow/.local/lib/python3.12/site-packages/airflow/example_dags/example_xcomargs.py
[2024-07-03T12:45:21.694+0000] {processor.py:830} INFO - Processing file /home/airflow/.local/lib/python3.12/site-packages/airflow/example_dags/example_xcomargs.py for tasks to queue
[2024-07-03T12:45:21.695+0000] {logging_mixin.py:188} INFO - [2024-07-03T12:45:21.695+0000] {dagbag.py:545} INFO - Filling up the DagBag from /home/airflow/.local/lib/python3.12/site-packages/airflow/example_dags/example_xcomargs.py
[2024-07-03T12:45:21.699+0000] {processor.py:840} INFO - DAG(s) 'example_xcom_args_with_operators', 'example_xcom_args' retrieved from /home/airflow/.local/lib/python3.12/site-packages/airflow/example_dags/example_xcomargs.py
[2024-07-03T12:45:21.708+0000] {logging_mixin.py:188} INFO - [2024-07-03T12:45:21.708+0000] {dag.py:3096} INFO - Sync 2 DAGs
[2024-07-03T12:45:21.714+0000] {logging_mixin.py:188} INFO - [2024-07-03T12:45:21.714+0000] {dag.py:3954} INFO - Setting next_dagrun for example_xcom_args to None, run_after=None
[2024-07-03T12:45:21.716+0000] {logging_mixin.py:188} INFO - [2024-07-03T12:45:21.715+0000] {dag.py:3954} INFO - Setting next_dagrun for example_xcom_args_with_operators to None, run_after=None
[2024-07-03T12:45:21.722+0000] {processor.py:183} INFO - Processing /home/airflow/.local/lib/python3.12/site-packages/airflow/example_dags/example_xcomargs.py took 0.031 seconds
[2024-07-03T12:45:52.014+0000] {processor.py:161} INFO - Started process (PID=1715) to work on /home/airflow/.local/lib/python3.12/site-packages/airflow/example_dags/example_xcomargs.py
[2024-07-03T12:45:52.014+0000] {processor.py:830} INFO - Processing file /home/airflow/.local/lib/python3.12/site-packages/airflow/example_dags/example_xcomargs.py for tasks to queue
[2024-07-03T12:45:52.015+0000] {logging_mixin.py:188} INFO - [2024-07-03T12:45:52.015+0000] {dagbag.py:545} INFO - Filling up the DagBag from /home/airflow/.local/lib/python3.12/site-packages/airflow/example_dags/example_xcomargs.py
[2024-07-03T12:45:52.018+0000] {processor.py:840} INFO - DAG(s) 'example_xcom_args_with_operators', 'example_xcom_args' retrieved from /home/airflow/.local/lib/python3.12/site-packages/airflow/example_dags/example_xcomargs.py
[2024-07-03T12:45:52.026+0000] {logging_mixin.py:188} INFO - [2024-07-03T12:45:52.026+0000] {dag.py:3096} INFO - Sync 2 DAGs
[2024-07-03T12:45:52.031+0000] {logging_mixin.py:188} INFO - [2024-07-03T12:45:52.031+0000] {dag.py:3954} INFO - Setting next_dagrun for example_xcom_args to None, run_after=None
[2024-07-03T12:45:52.032+0000] {logging_mixin.py:188} INFO - [2024-07-03T12:45:52.032+0000] {dag.py:3954} INFO - Setting next_dagrun for example_xcom_args_with_operators to None, run_after=None
[2024-07-03T12:45:52.037+0000] {processor.py:183} INFO - Processing /home/airflow/.local/lib/python3.12/site-packages/airflow/example_dags/example_xcomargs.py took 0.026 seconds
[2024-07-03T12:46:22.704+0000] {processor.py:161} INFO - Started process (PID=1773) to work on /home/airflow/.local/lib/python3.12/site-packages/airflow/example_dags/example_xcomargs.py
[2024-07-03T12:46:22.704+0000] {processor.py:830} INFO - Processing file /home/airflow/.local/lib/python3.12/site-packages/airflow/example_dags/example_xcomargs.py for tasks to queue
[2024-07-03T12:46:22.705+0000] {logging_mixin.py:188} INFO - [2024-07-03T12:46:22.705+0000] {dagbag.py:545} INFO - Filling up the DagBag from /home/airflow/.local/lib/python3.12/site-packages/airflow/example_dags/example_xcomargs.py
[2024-07-03T12:46:22.708+0000] {processor.py:840} INFO - DAG(s) 'example_xcom_args', 'example_xcom_args_with_operators' retrieved from /home/airflow/.local/lib/python3.12/site-packages/airflow/example_dags/example_xcomargs.py
[2024-07-03T12:46:22.717+0000] {logging_mixin.py:188} INFO - [2024-07-03T12:46:22.717+0000] {dag.py:3096} INFO - Sync 2 DAGs
[2024-07-03T12:46:22.723+0000] {logging_mixin.py:188} INFO - [2024-07-03T12:46:22.723+0000] {dag.py:3954} INFO - Setting next_dagrun for example_xcom_args to None, run_after=None
[2024-07-03T12:46:22.724+0000] {logging_mixin.py:188} INFO - [2024-07-03T12:46:22.724+0000] {dag.py:3954} INFO - Setting next_dagrun for example_xcom_args_with_operators to None, run_after=None
[2024-07-03T12:46:22.793+0000] {processor.py:183} INFO - Processing /home/airflow/.local/lib/python3.12/site-packages/airflow/example_dags/example_xcomargs.py took 0.092 seconds
[2024-07-03T12:46:53.205+0000] {processor.py:161} INFO - Started process (PID=1831) to work on /home/airflow/.local/lib/python3.12/site-packages/airflow/example_dags/example_xcomargs.py
[2024-07-03T12:46:53.205+0000] {processor.py:830} INFO - Processing file /home/airflow/.local/lib/python3.12/site-packages/airflow/example_dags/example_xcomargs.py for tasks to queue
[2024-07-03T12:46:53.206+0000] {logging_mixin.py:188} INFO - [2024-07-03T12:46:53.206+0000] {dagbag.py:545} INFO - Filling up the DagBag from /home/airflow/.local/lib/python3.12/site-packages/airflow/example_dags/example_xcomargs.py
[2024-07-03T12:46:53.209+0000] {processor.py:840} INFO - DAG(s) 'example_xcom_args_with_operators', 'example_xcom_args' retrieved from /home/airflow/.local/lib/python3.12/site-packages/airflow/example_dags/example_xcomargs.py
[2024-07-03T12:46:53.218+0000] {logging_mixin.py:188} INFO - [2024-07-03T12:46:53.218+0000] {dag.py:3096} INFO - Sync 2 DAGs
[2024-07-03T12:46:53.222+0000] {logging_mixin.py:188} INFO - [2024-07-03T12:46:53.222+0000] {dag.py:3954} INFO - Setting next_dagrun for example_xcom_args to None, run_after=None
[2024-07-03T12:46:53.224+0000] {logging_mixin.py:188} INFO - [2024-07-03T12:46:53.224+0000] {dag.py:3954} INFO - Setting next_dagrun for example_xcom_args_with_operators to None, run_after=None
[2024-07-03T12:46:53.229+0000] {processor.py:183} INFO - Processing /home/airflow/.local/lib/python3.12/site-packages/airflow/example_dags/example_xcomargs.py took 0.026 seconds
[2024-07-03T12:47:23.944+0000] {processor.py:161} INFO - Started process (PID=1889) to work on /home/airflow/.local/lib/python3.12/site-packages/airflow/example_dags/example_xcomargs.py
[2024-07-03T12:47:23.945+0000] {processor.py:830} INFO - Processing file /home/airflow/.local/lib/python3.12/site-packages/airflow/example_dags/example_xcomargs.py for tasks to queue
[2024-07-03T12:47:23.946+0000] {logging_mixin.py:188} INFO - [2024-07-03T12:47:23.945+0000] {dagbag.py:545} INFO - Filling up the DagBag from /home/airflow/.local/lib/python3.12/site-packages/airflow/example_dags/example_xcomargs.py
[2024-07-03T12:47:23.949+0000] {processor.py:840} INFO - DAG(s) 'example_xcom_args_with_operators', 'example_xcom_args' retrieved from /home/airflow/.local/lib/python3.12/site-packages/airflow/example_dags/example_xcomargs.py
[2024-07-03T12:47:23.957+0000] {logging_mixin.py:188} INFO - [2024-07-03T12:47:23.957+0000] {dag.py:3096} INFO - Sync 2 DAGs
[2024-07-03T12:47:23.962+0000] {logging_mixin.py:188} INFO - [2024-07-03T12:47:23.962+0000] {dag.py:3954} INFO - Setting next_dagrun for example_xcom_args to None, run_after=None
[2024-07-03T12:47:23.964+0000] {logging_mixin.py:188} INFO - [2024-07-03T12:47:23.964+0000] {dag.py:3954} INFO - Setting next_dagrun for example_xcom_args_with_operators to None, run_after=None
[2024-07-03T12:47:23.969+0000] {processor.py:183} INFO - Processing /home/airflow/.local/lib/python3.12/site-packages/airflow/example_dags/example_xcomargs.py took 0.027 seconds
[2024-07-03T12:47:54.259+0000] {processor.py:161} INFO - Started process (PID=1947) to work on /home/airflow/.local/lib/python3.12/site-packages/airflow/example_dags/example_xcomargs.py
[2024-07-03T12:47:54.260+0000] {processor.py:830} INFO - Processing file /home/airflow/.local/lib/python3.12/site-packages/airflow/example_dags/example_xcomargs.py for tasks to queue
[2024-07-03T12:47:54.261+0000] {logging_mixin.py:188} INFO - [2024-07-03T12:47:54.260+0000] {dagbag.py:545} INFO - Filling up the DagBag from /home/airflow/.local/lib/python3.12/site-packages/airflow/example_dags/example_xcomargs.py
[2024-07-03T12:47:54.264+0000] {processor.py:840} INFO - DAG(s) 'example_xcom_args_with_operators', 'example_xcom_args' retrieved from /home/airflow/.local/lib/python3.12/site-packages/airflow/example_dags/example_xcomargs.py
[2024-07-03T12:47:54.273+0000] {logging_mixin.py:188} INFO - [2024-07-03T12:47:54.272+0000] {dag.py:3096} INFO - Sync 2 DAGs
[2024-07-03T12:47:54.277+0000] {logging_mixin.py:188} INFO - [2024-07-03T12:47:54.277+0000] {dag.py:3954} INFO - Setting next_dagrun for example_xcom_args to None, run_after=None
[2024-07-03T12:47:54.279+0000] {logging_mixin.py:188} INFO - [2024-07-03T12:47:54.279+0000] {dag.py:3954} INFO - Setting next_dagrun for example_xcom_args_with_operators to None, run_after=None
[2024-07-03T12:47:54.284+0000] {processor.py:183} INFO - Processing /home/airflow/.local/lib/python3.12/site-packages/airflow/example_dags/example_xcomargs.py took 0.027 seconds
[2024-07-03T12:48:24.351+0000] {processor.py:161} INFO - Started process (PID=2005) to work on /home/airflow/.local/lib/python3.12/site-packages/airflow/example_dags/example_xcomargs.py
[2024-07-03T12:48:24.352+0000] {processor.py:830} INFO - Processing file /home/airflow/.local/lib/python3.12/site-packages/airflow/example_dags/example_xcomargs.py for tasks to queue
[2024-07-03T12:48:24.352+0000] {logging_mixin.py:188} INFO - [2024-07-03T12:48:24.352+0000] {dagbag.py:545} INFO - Filling up the DagBag from /home/airflow/.local/lib/python3.12/site-packages/airflow/example_dags/example_xcomargs.py
[2024-07-03T12:48:24.356+0000] {processor.py:840} INFO - DAG(s) 'example_xcom_args', 'example_xcom_args_with_operators' retrieved from /home/airflow/.local/lib/python3.12/site-packages/airflow/example_dags/example_xcomargs.py
[2024-07-03T12:48:24.364+0000] {logging_mixin.py:188} INFO - [2024-07-03T12:48:24.364+0000] {dag.py:3096} INFO - Sync 2 DAGs
[2024-07-03T12:48:24.368+0000] {logging_mixin.py:188} INFO - [2024-07-03T12:48:24.368+0000] {dag.py:3954} INFO - Setting next_dagrun for example_xcom_args to None, run_after=None
[2024-07-03T12:48:24.370+0000] {logging_mixin.py:188} INFO - [2024-07-03T12:48:24.370+0000] {dag.py:3954} INFO - Setting next_dagrun for example_xcom_args_with_operators to None, run_after=None
[2024-07-03T12:48:24.376+0000] {processor.py:183} INFO - Processing /home/airflow/.local/lib/python3.12/site-packages/airflow/example_dags/example_xcomargs.py took 0.027 seconds
[2024-07-03T12:48:55.059+0000] {processor.py:161} INFO - Started process (PID=2063) to work on /home/airflow/.local/lib/python3.12/site-packages/airflow/example_dags/example_xcomargs.py
[2024-07-03T12:48:55.059+0000] {processor.py:830} INFO - Processing file /home/airflow/.local/lib/python3.12/site-packages/airflow/example_dags/example_xcomargs.py for tasks to queue
[2024-07-03T12:48:55.060+0000] {logging_mixin.py:188} INFO - [2024-07-03T12:48:55.060+0000] {dagbag.py:545} INFO - Filling up the DagBag from /home/airflow/.local/lib/python3.12/site-packages/airflow/example_dags/example_xcomargs.py
[2024-07-03T12:48:55.063+0000] {processor.py:840} INFO - DAG(s) 'example_xcom_args', 'example_xcom_args_with_operators' retrieved from /home/airflow/.local/lib/python3.12/site-packages/airflow/example_dags/example_xcomargs.py
[2024-07-03T12:48:55.071+0000] {logging_mixin.py:188} INFO - [2024-07-03T12:48:55.071+0000] {dag.py:3096} INFO - Sync 2 DAGs
[2024-07-03T12:48:55.133+0000] {logging_mixin.py:188} INFO - [2024-07-03T12:48:55.133+0000] {dag.py:3954} INFO - Setting next_dagrun for example_xcom_args to None, run_after=None
[2024-07-03T12:48:55.135+0000] {logging_mixin.py:188} INFO - [2024-07-03T12:48:55.135+0000] {dag.py:3954} INFO - Setting next_dagrun for example_xcom_args_with_operators to None, run_after=None
[2024-07-03T12:48:55.139+0000] {processor.py:183} INFO - Processing /home/airflow/.local/lib/python3.12/site-packages/airflow/example_dags/example_xcomargs.py took 0.083 seconds
[2024-07-03T12:49:26.001+0000] {processor.py:161} INFO - Started process (PID=2121) to work on /home/airflow/.local/lib/python3.12/site-packages/airflow/example_dags/example_xcomargs.py
[2024-07-03T12:49:26.001+0000] {processor.py:830} INFO - Processing file /home/airflow/.local/lib/python3.12/site-packages/airflow/example_dags/example_xcomargs.py for tasks to queue
[2024-07-03T12:49:26.002+0000] {logging_mixin.py:188} INFO - [2024-07-03T12:49:26.002+0000] {dagbag.py:545} INFO - Filling up the DagBag from /home/airflow/.local/lib/python3.12/site-packages/airflow/example_dags/example_xcomargs.py
[2024-07-03T12:49:26.005+0000] {processor.py:840} INFO - DAG(s) 'example_xcom_args_with_operators', 'example_xcom_args' retrieved from /home/airflow/.local/lib/python3.12/site-packages/airflow/example_dags/example_xcomargs.py
[2024-07-03T12:49:26.013+0000] {logging_mixin.py:188} INFO - [2024-07-03T12:49:26.013+0000] {dag.py:3096} INFO - Sync 2 DAGs
[2024-07-03T12:49:26.018+0000] {logging_mixin.py:188} INFO - [2024-07-03T12:49:26.018+0000] {dag.py:3954} INFO - Setting next_dagrun for example_xcom_args to None, run_after=None
[2024-07-03T12:49:26.020+0000] {logging_mixin.py:188} INFO - [2024-07-03T12:49:26.020+0000] {dag.py:3954} INFO - Setting next_dagrun for example_xcom_args_with_operators to None, run_after=None
[2024-07-03T12:49:26.026+0000] {processor.py:183} INFO - Processing /home/airflow/.local/lib/python3.12/site-packages/airflow/example_dags/example_xcomargs.py took 0.028 seconds
[2024-07-03T12:49:56.396+0000] {processor.py:161} INFO - Started process (PID=2179) to work on /home/airflow/.local/lib/python3.12/site-packages/airflow/example_dags/example_xcomargs.py
[2024-07-03T12:49:56.396+0000] {processor.py:830} INFO - Processing file /home/airflow/.local/lib/python3.12/site-packages/airflow/example_dags/example_xcomargs.py for tasks to queue
[2024-07-03T12:49:56.397+0000] {logging_mixin.py:188} INFO - [2024-07-03T12:49:56.397+0000] {dagbag.py:545} INFO - Filling up the DagBag from /home/airflow/.local/lib/python3.12/site-packages/airflow/example_dags/example_xcomargs.py
[2024-07-03T12:49:56.400+0000] {processor.py:840} INFO - DAG(s) 'example_xcom_args_with_operators', 'example_xcom_args' retrieved from /home/airflow/.local/lib/python3.12/site-packages/airflow/example_dags/example_xcomargs.py
[2024-07-03T12:49:56.409+0000] {logging_mixin.py:188} INFO - [2024-07-03T12:49:56.409+0000] {dag.py:3096} INFO - Sync 2 DAGs
[2024-07-03T12:49:56.413+0000] {logging_mixin.py:188} INFO - [2024-07-03T12:49:56.413+0000] {dag.py:3954} INFO - Setting next_dagrun for example_xcom_args to None, run_after=None
[2024-07-03T12:49:56.415+0000] {logging_mixin.py:188} INFO - [2024-07-03T12:49:56.415+0000] {dag.py:3954} INFO - Setting next_dagrun for example_xcom_args_with_operators to None, run_after=None
[2024-07-03T12:49:56.420+0000] {processor.py:183} INFO - Processing /home/airflow/.local/lib/python3.12/site-packages/airflow/example_dags/example_xcomargs.py took 0.027 seconds
[2024-07-03T12:50:26.777+0000] {processor.py:161} INFO - Started process (PID=2237) to work on /home/airflow/.local/lib/python3.12/site-packages/airflow/example_dags/example_xcomargs.py
[2024-07-03T12:50:26.777+0000] {processor.py:830} INFO - Processing file /home/airflow/.local/lib/python3.12/site-packages/airflow/example_dags/example_xcomargs.py for tasks to queue
[2024-07-03T12:50:26.779+0000] {logging_mixin.py:188} INFO - [2024-07-03T12:50:26.779+0000] {dagbag.py:545} INFO - Filling up the DagBag from /home/airflow/.local/lib/python3.12/site-packages/airflow/example_dags/example_xcomargs.py
[2024-07-03T12:50:26.785+0000] {processor.py:840} INFO - DAG(s) 'example_xcom_args_with_operators', 'example_xcom_args' retrieved from /home/airflow/.local/lib/python3.12/site-packages/airflow/example_dags/example_xcomargs.py
[2024-07-03T12:50:26.799+0000] {logging_mixin.py:188} INFO - [2024-07-03T12:50:26.799+0000] {dag.py:3096} INFO - Sync 2 DAGs
[2024-07-03T12:50:26.806+0000] {logging_mixin.py:188} INFO - [2024-07-03T12:50:26.806+0000] {dag.py:3954} INFO - Setting next_dagrun for example_xcom_args to None, run_after=None
[2024-07-03T12:50:26.808+0000] {logging_mixin.py:188} INFO - [2024-07-03T12:50:26.808+0000] {dag.py:3954} INFO - Setting next_dagrun for example_xcom_args_with_operators to None, run_after=None
[2024-07-03T12:50:26.815+0000] {processor.py:183} INFO - Processing /home/airflow/.local/lib/python3.12/site-packages/airflow/example_dags/example_xcomargs.py took 0.043 seconds
