[2024-07-03T12:31:12.247+0000] {processor.py:161} INFO - Started process (PID=71) to work on /home/airflow/.local/lib/python3.12/site-packages/airflow/example_dags/example_sensor_decorator.py
[2024-07-03T12:31:12.248+0000] {processor.py:830} INFO - Processing file /home/airflow/.local/lib/python3.12/site-packages/airflow/example_dags/example_sensor_decorator.py for tasks to queue
[2024-07-03T12:31:12.248+0000] {logging_mixin.py:188} INFO - [2024-07-03T12:31:12.248+0000] {dagbag.py:545} INFO - Filling up the DagBag from /home/airflow/.local/lib/python3.12/site-packages/airflow/example_dags/example_sensor_decorator.py
[2024-07-03T12:31:12.252+0000] {processor.py:840} INFO - DAG(s) 'example_sensor_decorator' retrieved from /home/airflow/.local/lib/python3.12/site-packages/airflow/example_dags/example_sensor_decorator.py
[2024-07-03T12:31:12.257+0000] {logging_mixin.py:188} INFO - [2024-07-03T12:31:12.257+0000] {dag.py:3096} INFO - Sync 1 DAGs
[2024-07-03T12:31:12.264+0000] {logging_mixin.py:188} INFO - [2024-07-03T12:31:12.264+0000] {dag.py:3954} INFO - Setting next_dagrun for example_sensor_decorator to None, run_after=None
[2024-07-03T12:31:12.277+0000] {processor.py:183} INFO - Processing /home/airflow/.local/lib/python3.12/site-packages/airflow/example_dags/example_sensor_decorator.py took 0.033 seconds
[2024-07-03T12:31:42.863+0000] {processor.py:161} INFO - Started process (PID=129) to work on /home/airflow/.local/lib/python3.12/site-packages/airflow/example_dags/example_sensor_decorator.py
[2024-07-03T12:31:42.864+0000] {processor.py:830} INFO - Processing file /home/airflow/.local/lib/python3.12/site-packages/airflow/example_dags/example_sensor_decorator.py for tasks to queue
[2024-07-03T12:31:42.864+0000] {logging_mixin.py:188} INFO - [2024-07-03T12:31:42.864+0000] {dagbag.py:545} INFO - Filling up the DagBag from /home/airflow/.local/lib/python3.12/site-packages/airflow/example_dags/example_sensor_decorator.py
[2024-07-03T12:31:42.867+0000] {processor.py:840} INFO - DAG(s) 'example_sensor_decorator' retrieved from /home/airflow/.local/lib/python3.12/site-packages/airflow/example_dags/example_sensor_decorator.py
[2024-07-03T12:31:42.903+0000] {logging_mixin.py:188} INFO - [2024-07-03T12:31:42.903+0000] {dag.py:3096} INFO - Sync 1 DAGs
[2024-07-03T12:31:42.907+0000] {logging_mixin.py:188} INFO - [2024-07-03T12:31:42.906+0000] {dag.py:3954} INFO - Setting next_dagrun for example_sensor_decorator to None, run_after=None
[2024-07-03T12:31:42.913+0000] {processor.py:183} INFO - Processing /home/airflow/.local/lib/python3.12/site-packages/airflow/example_dags/example_sensor_decorator.py took 0.052 seconds
[2024-07-03T12:32:13.649+0000] {processor.py:161} INFO - Started process (PID=187) to work on /home/airflow/.local/lib/python3.12/site-packages/airflow/example_dags/example_sensor_decorator.py
[2024-07-03T12:32:13.650+0000] {processor.py:830} INFO - Processing file /home/airflow/.local/lib/python3.12/site-packages/airflow/example_dags/example_sensor_decorator.py for tasks to queue
[2024-07-03T12:32:13.650+0000] {logging_mixin.py:188} INFO - [2024-07-03T12:32:13.650+0000] {dagbag.py:545} INFO - Filling up the DagBag from /home/airflow/.local/lib/python3.12/site-packages/airflow/example_dags/example_sensor_decorator.py
[2024-07-03T12:32:13.653+0000] {processor.py:840} INFO - DAG(s) 'example_sensor_decorator' retrieved from /home/airflow/.local/lib/python3.12/site-packages/airflow/example_dags/example_sensor_decorator.py
[2024-07-03T12:32:13.660+0000] {logging_mixin.py:188} INFO - [2024-07-03T12:32:13.660+0000] {dag.py:3096} INFO - Sync 1 DAGs
[2024-07-03T12:32:13.664+0000] {logging_mixin.py:188} INFO - [2024-07-03T12:32:13.664+0000] {dag.py:3954} INFO - Setting next_dagrun for example_sensor_decorator to None, run_after=None
[2024-07-03T12:32:13.669+0000] {processor.py:183} INFO - Processing /home/airflow/.local/lib/python3.12/site-packages/airflow/example_dags/example_sensor_decorator.py took 0.022 seconds
[2024-07-03T12:32:44.127+0000] {processor.py:161} INFO - Started process (PID=245) to work on /home/airflow/.local/lib/python3.12/site-packages/airflow/example_dags/example_sensor_decorator.py
[2024-07-03T12:32:44.127+0000] {processor.py:830} INFO - Processing file /home/airflow/.local/lib/python3.12/site-packages/airflow/example_dags/example_sensor_decorator.py for tasks to queue
[2024-07-03T12:32:44.128+0000] {logging_mixin.py:188} INFO - [2024-07-03T12:32:44.128+0000] {dagbag.py:545} INFO - Filling up the DagBag from /home/airflow/.local/lib/python3.12/site-packages/airflow/example_dags/example_sensor_decorator.py
[2024-07-03T12:32:44.130+0000] {processor.py:840} INFO - DAG(s) 'example_sensor_decorator' retrieved from /home/airflow/.local/lib/python3.12/site-packages/airflow/example_dags/example_sensor_decorator.py
[2024-07-03T12:32:44.138+0000] {logging_mixin.py:188} INFO - [2024-07-03T12:32:44.138+0000] {dag.py:3096} INFO - Sync 1 DAGs
[2024-07-03T12:32:44.142+0000] {logging_mixin.py:188} INFO - [2024-07-03T12:32:44.142+0000] {dag.py:3954} INFO - Setting next_dagrun for example_sensor_decorator to None, run_after=None
[2024-07-03T12:32:44.148+0000] {processor.py:183} INFO - Processing /home/airflow/.local/lib/python3.12/site-packages/airflow/example_dags/example_sensor_decorator.py took 0.024 seconds
[2024-07-03T12:33:14.768+0000] {processor.py:161} INFO - Started process (PID=303) to work on /home/airflow/.local/lib/python3.12/site-packages/airflow/example_dags/example_sensor_decorator.py
[2024-07-03T12:33:14.769+0000] {processor.py:830} INFO - Processing file /home/airflow/.local/lib/python3.12/site-packages/airflow/example_dags/example_sensor_decorator.py for tasks to queue
[2024-07-03T12:33:14.770+0000] {logging_mixin.py:188} INFO - [2024-07-03T12:33:14.769+0000] {dagbag.py:545} INFO - Filling up the DagBag from /home/airflow/.local/lib/python3.12/site-packages/airflow/example_dags/example_sensor_decorator.py
[2024-07-03T12:33:14.772+0000] {processor.py:840} INFO - DAG(s) 'example_sensor_decorator' retrieved from /home/airflow/.local/lib/python3.12/site-packages/airflow/example_dags/example_sensor_decorator.py
[2024-07-03T12:33:14.780+0000] {logging_mixin.py:188} INFO - [2024-07-03T12:33:14.780+0000] {dag.py:3096} INFO - Sync 1 DAGs
[2024-07-03T12:33:14.784+0000] {logging_mixin.py:188} INFO - [2024-07-03T12:33:14.784+0000] {dag.py:3954} INFO - Setting next_dagrun for example_sensor_decorator to None, run_after=None
[2024-07-03T12:33:14.790+0000] {processor.py:183} INFO - Processing /home/airflow/.local/lib/python3.12/site-packages/airflow/example_dags/example_sensor_decorator.py took 0.025 seconds
[2024-07-03T12:33:45.097+0000] {processor.py:161} INFO - Started process (PID=361) to work on /home/airflow/.local/lib/python3.12/site-packages/airflow/example_dags/example_sensor_decorator.py
[2024-07-03T12:33:45.097+0000] {processor.py:830} INFO - Processing file /home/airflow/.local/lib/python3.12/site-packages/airflow/example_dags/example_sensor_decorator.py for tasks to queue
[2024-07-03T12:33:45.098+0000] {logging_mixin.py:188} INFO - [2024-07-03T12:33:45.098+0000] {dagbag.py:545} INFO - Filling up the DagBag from /home/airflow/.local/lib/python3.12/site-packages/airflow/example_dags/example_sensor_decorator.py
[2024-07-03T12:33:45.101+0000] {processor.py:840} INFO - DAG(s) 'example_sensor_decorator' retrieved from /home/airflow/.local/lib/python3.12/site-packages/airflow/example_dags/example_sensor_decorator.py
[2024-07-03T12:33:45.108+0000] {logging_mixin.py:188} INFO - [2024-07-03T12:33:45.108+0000] {dag.py:3096} INFO - Sync 1 DAGs
[2024-07-03T12:33:45.113+0000] {logging_mixin.py:188} INFO - [2024-07-03T12:33:45.113+0000] {dag.py:3954} INFO - Setting next_dagrun for example_sensor_decorator to None, run_after=None
[2024-07-03T12:33:45.119+0000] {processor.py:183} INFO - Processing /home/airflow/.local/lib/python3.12/site-packages/airflow/example_dags/example_sensor_decorator.py took 0.025 seconds
[2024-07-03T12:34:15.417+0000] {processor.py:161} INFO - Started process (PID=419) to work on /home/airflow/.local/lib/python3.12/site-packages/airflow/example_dags/example_sensor_decorator.py
[2024-07-03T12:34:15.417+0000] {processor.py:830} INFO - Processing file /home/airflow/.local/lib/python3.12/site-packages/airflow/example_dags/example_sensor_decorator.py for tasks to queue
[2024-07-03T12:34:15.418+0000] {logging_mixin.py:188} INFO - [2024-07-03T12:34:15.418+0000] {dagbag.py:545} INFO - Filling up the DagBag from /home/airflow/.local/lib/python3.12/site-packages/airflow/example_dags/example_sensor_decorator.py
[2024-07-03T12:34:15.421+0000] {processor.py:840} INFO - DAG(s) 'example_sensor_decorator' retrieved from /home/airflow/.local/lib/python3.12/site-packages/airflow/example_dags/example_sensor_decorator.py
[2024-07-03T12:34:15.428+0000] {logging_mixin.py:188} INFO - [2024-07-03T12:34:15.428+0000] {dag.py:3096} INFO - Sync 1 DAGs
[2024-07-03T12:34:15.433+0000] {logging_mixin.py:188} INFO - [2024-07-03T12:34:15.433+0000] {dag.py:3954} INFO - Setting next_dagrun for example_sensor_decorator to None, run_after=None
[2024-07-03T12:34:15.439+0000] {processor.py:183} INFO - Processing /home/airflow/.local/lib/python3.12/site-packages/airflow/example_dags/example_sensor_decorator.py took 0.024 seconds
[2024-07-03T12:34:45.673+0000] {processor.py:161} INFO - Started process (PID=477) to work on /home/airflow/.local/lib/python3.12/site-packages/airflow/example_dags/example_sensor_decorator.py
[2024-07-03T12:34:45.673+0000] {processor.py:830} INFO - Processing file /home/airflow/.local/lib/python3.12/site-packages/airflow/example_dags/example_sensor_decorator.py for tasks to queue
[2024-07-03T12:34:45.674+0000] {logging_mixin.py:188} INFO - [2024-07-03T12:34:45.674+0000] {dagbag.py:545} INFO - Filling up the DagBag from /home/airflow/.local/lib/python3.12/site-packages/airflow/example_dags/example_sensor_decorator.py
[2024-07-03T12:34:45.677+0000] {processor.py:840} INFO - DAG(s) 'example_sensor_decorator' retrieved from /home/airflow/.local/lib/python3.12/site-packages/airflow/example_dags/example_sensor_decorator.py
[2024-07-03T12:34:45.684+0000] {logging_mixin.py:188} INFO - [2024-07-03T12:34:45.684+0000] {dag.py:3096} INFO - Sync 1 DAGs
[2024-07-03T12:34:45.689+0000] {logging_mixin.py:188} INFO - [2024-07-03T12:34:45.689+0000] {dag.py:3954} INFO - Setting next_dagrun for example_sensor_decorator to None, run_after=None
[2024-07-03T12:34:45.695+0000] {processor.py:183} INFO - Processing /home/airflow/.local/lib/python3.12/site-packages/airflow/example_dags/example_sensor_decorator.py took 0.025 seconds
[2024-07-03T12:35:15.938+0000] {processor.py:161} INFO - Started process (PID=535) to work on /home/airflow/.local/lib/python3.12/site-packages/airflow/example_dags/example_sensor_decorator.py
[2024-07-03T12:35:15.939+0000] {processor.py:830} INFO - Processing file /home/airflow/.local/lib/python3.12/site-packages/airflow/example_dags/example_sensor_decorator.py for tasks to queue
[2024-07-03T12:35:15.939+0000] {logging_mixin.py:188} INFO - [2024-07-03T12:35:15.939+0000] {dagbag.py:545} INFO - Filling up the DagBag from /home/airflow/.local/lib/python3.12/site-packages/airflow/example_dags/example_sensor_decorator.py
[2024-07-03T12:35:15.942+0000] {processor.py:840} INFO - DAG(s) 'example_sensor_decorator' retrieved from /home/airflow/.local/lib/python3.12/site-packages/airflow/example_dags/example_sensor_decorator.py
[2024-07-03T12:35:15.950+0000] {logging_mixin.py:188} INFO - [2024-07-03T12:35:15.949+0000] {dag.py:3096} INFO - Sync 1 DAGs
[2024-07-03T12:35:15.954+0000] {logging_mixin.py:188} INFO - [2024-07-03T12:35:15.954+0000] {dag.py:3954} INFO - Setting next_dagrun for example_sensor_decorator to None, run_after=None
[2024-07-03T12:35:15.960+0000] {processor.py:183} INFO - Processing /home/airflow/.local/lib/python3.12/site-packages/airflow/example_dags/example_sensor_decorator.py took 0.024 seconds
[2024-07-03T12:35:46.277+0000] {processor.py:161} INFO - Started process (PID=593) to work on /home/airflow/.local/lib/python3.12/site-packages/airflow/example_dags/example_sensor_decorator.py
[2024-07-03T12:35:46.277+0000] {processor.py:830} INFO - Processing file /home/airflow/.local/lib/python3.12/site-packages/airflow/example_dags/example_sensor_decorator.py for tasks to queue
[2024-07-03T12:35:46.278+0000] {logging_mixin.py:188} INFO - [2024-07-03T12:35:46.278+0000] {dagbag.py:545} INFO - Filling up the DagBag from /home/airflow/.local/lib/python3.12/site-packages/airflow/example_dags/example_sensor_decorator.py
[2024-07-03T12:35:46.280+0000] {processor.py:840} INFO - DAG(s) 'example_sensor_decorator' retrieved from /home/airflow/.local/lib/python3.12/site-packages/airflow/example_dags/example_sensor_decorator.py
[2024-07-03T12:35:46.288+0000] {logging_mixin.py:188} INFO - [2024-07-03T12:35:46.288+0000] {dag.py:3096} INFO - Sync 1 DAGs
[2024-07-03T12:35:46.292+0000] {logging_mixin.py:188} INFO - [2024-07-03T12:35:46.292+0000] {dag.py:3954} INFO - Setting next_dagrun for example_sensor_decorator to None, run_after=None
[2024-07-03T12:35:46.298+0000] {processor.py:183} INFO - Processing /home/airflow/.local/lib/python3.12/site-packages/airflow/example_dags/example_sensor_decorator.py took 0.024 seconds
[2024-07-03T12:36:16.728+0000] {processor.py:161} INFO - Started process (PID=651) to work on /home/airflow/.local/lib/python3.12/site-packages/airflow/example_dags/example_sensor_decorator.py
[2024-07-03T12:36:16.728+0000] {processor.py:830} INFO - Processing file /home/airflow/.local/lib/python3.12/site-packages/airflow/example_dags/example_sensor_decorator.py for tasks to queue
[2024-07-03T12:36:16.729+0000] {logging_mixin.py:188} INFO - [2024-07-03T12:36:16.729+0000] {dagbag.py:545} INFO - Filling up the DagBag from /home/airflow/.local/lib/python3.12/site-packages/airflow/example_dags/example_sensor_decorator.py
[2024-07-03T12:36:16.731+0000] {processor.py:840} INFO - DAG(s) 'example_sensor_decorator' retrieved from /home/airflow/.local/lib/python3.12/site-packages/airflow/example_dags/example_sensor_decorator.py
[2024-07-03T12:36:16.739+0000] {logging_mixin.py:188} INFO - [2024-07-03T12:36:16.739+0000] {dag.py:3096} INFO - Sync 1 DAGs
[2024-07-03T12:36:16.743+0000] {logging_mixin.py:188} INFO - [2024-07-03T12:36:16.743+0000] {dag.py:3954} INFO - Setting next_dagrun for example_sensor_decorator to None, run_after=None
[2024-07-03T12:36:16.750+0000] {processor.py:183} INFO - Processing /home/airflow/.local/lib/python3.12/site-packages/airflow/example_dags/example_sensor_decorator.py took 0.024 seconds
[2024-07-03T12:36:47.076+0000] {processor.py:161} INFO - Started process (PID=709) to work on /home/airflow/.local/lib/python3.12/site-packages/airflow/example_dags/example_sensor_decorator.py
[2024-07-03T12:36:47.076+0000] {processor.py:830} INFO - Processing file /home/airflow/.local/lib/python3.12/site-packages/airflow/example_dags/example_sensor_decorator.py for tasks to queue
[2024-07-03T12:36:47.077+0000] {logging_mixin.py:188} INFO - [2024-07-03T12:36:47.077+0000] {dagbag.py:545} INFO - Filling up the DagBag from /home/airflow/.local/lib/python3.12/site-packages/airflow/example_dags/example_sensor_decorator.py
[2024-07-03T12:36:47.079+0000] {processor.py:840} INFO - DAG(s) 'example_sensor_decorator' retrieved from /home/airflow/.local/lib/python3.12/site-packages/airflow/example_dags/example_sensor_decorator.py
[2024-07-03T12:36:47.087+0000] {logging_mixin.py:188} INFO - [2024-07-03T12:36:47.087+0000] {dag.py:3096} INFO - Sync 1 DAGs
[2024-07-03T12:36:47.092+0000] {logging_mixin.py:188} INFO - [2024-07-03T12:36:47.092+0000] {dag.py:3954} INFO - Setting next_dagrun for example_sensor_decorator to None, run_after=None
[2024-07-03T12:36:47.098+0000] {processor.py:183} INFO - Processing /home/airflow/.local/lib/python3.12/site-packages/airflow/example_dags/example_sensor_decorator.py took 0.025 seconds
[2024-07-03T12:37:17.531+0000] {processor.py:161} INFO - Started process (PID=767) to work on /home/airflow/.local/lib/python3.12/site-packages/airflow/example_dags/example_sensor_decorator.py
[2024-07-03T12:37:17.532+0000] {processor.py:830} INFO - Processing file /home/airflow/.local/lib/python3.12/site-packages/airflow/example_dags/example_sensor_decorator.py for tasks to queue
[2024-07-03T12:37:17.533+0000] {logging_mixin.py:188} INFO - [2024-07-03T12:37:17.532+0000] {dagbag.py:545} INFO - Filling up the DagBag from /home/airflow/.local/lib/python3.12/site-packages/airflow/example_dags/example_sensor_decorator.py
[2024-07-03T12:37:17.536+0000] {processor.py:840} INFO - DAG(s) 'example_sensor_decorator' retrieved from /home/airflow/.local/lib/python3.12/site-packages/airflow/example_dags/example_sensor_decorator.py
[2024-07-03T12:37:17.544+0000] {logging_mixin.py:188} INFO - [2024-07-03T12:37:17.544+0000] {dag.py:3096} INFO - Sync 1 DAGs
[2024-07-03T12:37:17.549+0000] {logging_mixin.py:188} INFO - [2024-07-03T12:37:17.549+0000] {dag.py:3954} INFO - Setting next_dagrun for example_sensor_decorator to None, run_after=None
[2024-07-03T12:37:17.559+0000] {processor.py:183} INFO - Processing /home/airflow/.local/lib/python3.12/site-packages/airflow/example_dags/example_sensor_decorator.py took 0.030 seconds
[2024-07-03T12:37:48.141+0000] {processor.py:161} INFO - Started process (PID=825) to work on /home/airflow/.local/lib/python3.12/site-packages/airflow/example_dags/example_sensor_decorator.py
[2024-07-03T12:37:48.142+0000] {processor.py:830} INFO - Processing file /home/airflow/.local/lib/python3.12/site-packages/airflow/example_dags/example_sensor_decorator.py for tasks to queue
[2024-07-03T12:37:48.142+0000] {logging_mixin.py:188} INFO - [2024-07-03T12:37:48.142+0000] {dagbag.py:545} INFO - Filling up the DagBag from /home/airflow/.local/lib/python3.12/site-packages/airflow/example_dags/example_sensor_decorator.py
[2024-07-03T12:37:48.145+0000] {processor.py:840} INFO - DAG(s) 'example_sensor_decorator' retrieved from /home/airflow/.local/lib/python3.12/site-packages/airflow/example_dags/example_sensor_decorator.py
[2024-07-03T12:37:48.153+0000] {logging_mixin.py:188} INFO - [2024-07-03T12:37:48.153+0000] {dag.py:3096} INFO - Sync 1 DAGs
[2024-07-03T12:37:48.158+0000] {logging_mixin.py:188} INFO - [2024-07-03T12:37:48.158+0000] {dag.py:3954} INFO - Setting next_dagrun for example_sensor_decorator to None, run_after=None
[2024-07-03T12:37:48.164+0000] {processor.py:183} INFO - Processing /home/airflow/.local/lib/python3.12/site-packages/airflow/example_dags/example_sensor_decorator.py took 0.025 seconds
[2024-07-03T12:38:18.499+0000] {processor.py:161} INFO - Started process (PID=883) to work on /home/airflow/.local/lib/python3.12/site-packages/airflow/example_dags/example_sensor_decorator.py
[2024-07-03T12:38:18.500+0000] {processor.py:830} INFO - Processing file /home/airflow/.local/lib/python3.12/site-packages/airflow/example_dags/example_sensor_decorator.py for tasks to queue
[2024-07-03T12:38:18.500+0000] {logging_mixin.py:188} INFO - [2024-07-03T12:38:18.500+0000] {dagbag.py:545} INFO - Filling up the DagBag from /home/airflow/.local/lib/python3.12/site-packages/airflow/example_dags/example_sensor_decorator.py
[2024-07-03T12:38:18.503+0000] {processor.py:840} INFO - DAG(s) 'example_sensor_decorator' retrieved from /home/airflow/.local/lib/python3.12/site-packages/airflow/example_dags/example_sensor_decorator.py
[2024-07-03T12:38:18.510+0000] {logging_mixin.py:188} INFO - [2024-07-03T12:38:18.510+0000] {dag.py:3096} INFO - Sync 1 DAGs
[2024-07-03T12:38:18.514+0000] {logging_mixin.py:188} INFO - [2024-07-03T12:38:18.514+0000] {dag.py:3954} INFO - Setting next_dagrun for example_sensor_decorator to None, run_after=None
[2024-07-03T12:38:18.521+0000] {processor.py:183} INFO - Processing /home/airflow/.local/lib/python3.12/site-packages/airflow/example_dags/example_sensor_decorator.py took 0.024 seconds
[2024-07-03T12:38:48.832+0000] {processor.py:161} INFO - Started process (PID=941) to work on /home/airflow/.local/lib/python3.12/site-packages/airflow/example_dags/example_sensor_decorator.py
[2024-07-03T12:38:48.833+0000] {processor.py:830} INFO - Processing file /home/airflow/.local/lib/python3.12/site-packages/airflow/example_dags/example_sensor_decorator.py for tasks to queue
[2024-07-03T12:38:48.833+0000] {logging_mixin.py:188} INFO - [2024-07-03T12:38:48.833+0000] {dagbag.py:545} INFO - Filling up the DagBag from /home/airflow/.local/lib/python3.12/site-packages/airflow/example_dags/example_sensor_decorator.py
[2024-07-03T12:38:48.836+0000] {processor.py:840} INFO - DAG(s) 'example_sensor_decorator' retrieved from /home/airflow/.local/lib/python3.12/site-packages/airflow/example_dags/example_sensor_decorator.py
[2024-07-03T12:38:48.844+0000] {logging_mixin.py:188} INFO - [2024-07-03T12:38:48.843+0000] {dag.py:3096} INFO - Sync 1 DAGs
[2024-07-03T12:38:48.848+0000] {logging_mixin.py:188} INFO - [2024-07-03T12:38:48.848+0000] {dag.py:3954} INFO - Setting next_dagrun for example_sensor_decorator to None, run_after=None
[2024-07-03T12:38:48.855+0000] {processor.py:183} INFO - Processing /home/airflow/.local/lib/python3.12/site-packages/airflow/example_dags/example_sensor_decorator.py took 0.025 seconds
[2024-07-03T12:39:19.308+0000] {processor.py:161} INFO - Started process (PID=998) to work on /home/airflow/.local/lib/python3.12/site-packages/airflow/example_dags/example_sensor_decorator.py
[2024-07-03T12:39:19.308+0000] {processor.py:830} INFO - Processing file /home/airflow/.local/lib/python3.12/site-packages/airflow/example_dags/example_sensor_decorator.py for tasks to queue
[2024-07-03T12:39:19.311+0000] {logging_mixin.py:188} INFO - [2024-07-03T12:39:19.310+0000] {dagbag.py:545} INFO - Filling up the DagBag from /home/airflow/.local/lib/python3.12/site-packages/airflow/example_dags/example_sensor_decorator.py
[2024-07-03T12:39:19.314+0000] {processor.py:840} INFO - DAG(s) 'example_sensor_decorator' retrieved from /home/airflow/.local/lib/python3.12/site-packages/airflow/example_dags/example_sensor_decorator.py
[2024-07-03T12:39:19.322+0000] {logging_mixin.py:188} INFO - [2024-07-03T12:39:19.322+0000] {dag.py:3096} INFO - Sync 1 DAGs
[2024-07-03T12:39:19.327+0000] {logging_mixin.py:188} INFO - [2024-07-03T12:39:19.327+0000] {dag.py:3954} INFO - Setting next_dagrun for example_sensor_decorator to None, run_after=None
[2024-07-03T12:39:19.333+0000] {processor.py:183} INFO - Processing /home/airflow/.local/lib/python3.12/site-packages/airflow/example_dags/example_sensor_decorator.py took 0.028 seconds
[2024-07-03T12:39:49.581+0000] {processor.py:161} INFO - Started process (PID=1056) to work on /home/airflow/.local/lib/python3.12/site-packages/airflow/example_dags/example_sensor_decorator.py
[2024-07-03T12:39:49.581+0000] {processor.py:830} INFO - Processing file /home/airflow/.local/lib/python3.12/site-packages/airflow/example_dags/example_sensor_decorator.py for tasks to queue
[2024-07-03T12:39:49.582+0000] {logging_mixin.py:188} INFO - [2024-07-03T12:39:49.582+0000] {dagbag.py:545} INFO - Filling up the DagBag from /home/airflow/.local/lib/python3.12/site-packages/airflow/example_dags/example_sensor_decorator.py
[2024-07-03T12:39:49.584+0000] {processor.py:840} INFO - DAG(s) 'example_sensor_decorator' retrieved from /home/airflow/.local/lib/python3.12/site-packages/airflow/example_dags/example_sensor_decorator.py
[2024-07-03T12:39:49.592+0000] {logging_mixin.py:188} INFO - [2024-07-03T12:39:49.592+0000] {dag.py:3096} INFO - Sync 1 DAGs
[2024-07-03T12:39:49.597+0000] {logging_mixin.py:188} INFO - [2024-07-03T12:39:49.597+0000] {dag.py:3954} INFO - Setting next_dagrun for example_sensor_decorator to None, run_after=None
[2024-07-03T12:39:49.603+0000] {processor.py:183} INFO - Processing /home/airflow/.local/lib/python3.12/site-packages/airflow/example_dags/example_sensor_decorator.py took 0.024 seconds
[2024-07-03T12:40:19.918+0000] {processor.py:161} INFO - Started process (PID=1113) to work on /home/airflow/.local/lib/python3.12/site-packages/airflow/example_dags/example_sensor_decorator.py
[2024-07-03T12:40:19.918+0000] {processor.py:830} INFO - Processing file /home/airflow/.local/lib/python3.12/site-packages/airflow/example_dags/example_sensor_decorator.py for tasks to queue
[2024-07-03T12:40:19.919+0000] {logging_mixin.py:188} INFO - [2024-07-03T12:40:19.919+0000] {dagbag.py:545} INFO - Filling up the DagBag from /home/airflow/.local/lib/python3.12/site-packages/airflow/example_dags/example_sensor_decorator.py
[2024-07-03T12:40:19.922+0000] {processor.py:840} INFO - DAG(s) 'example_sensor_decorator' retrieved from /home/airflow/.local/lib/python3.12/site-packages/airflow/example_dags/example_sensor_decorator.py
[2024-07-03T12:40:19.929+0000] {logging_mixin.py:188} INFO - [2024-07-03T12:40:19.929+0000] {dag.py:3096} INFO - Sync 1 DAGs
[2024-07-03T12:40:19.933+0000] {logging_mixin.py:188} INFO - [2024-07-03T12:40:19.933+0000] {dag.py:3954} INFO - Setting next_dagrun for example_sensor_decorator to None, run_after=None
[2024-07-03T12:40:19.939+0000] {processor.py:183} INFO - Processing /home/airflow/.local/lib/python3.12/site-packages/airflow/example_dags/example_sensor_decorator.py took 0.023 seconds
[2024-07-03T12:40:50.252+0000] {processor.py:161} INFO - Started process (PID=1170) to work on /home/airflow/.local/lib/python3.12/site-packages/airflow/example_dags/example_sensor_decorator.py
[2024-07-03T12:40:50.252+0000] {processor.py:830} INFO - Processing file /home/airflow/.local/lib/python3.12/site-packages/airflow/example_dags/example_sensor_decorator.py for tasks to queue
[2024-07-03T12:40:50.253+0000] {logging_mixin.py:188} INFO - [2024-07-03T12:40:50.253+0000] {dagbag.py:545} INFO - Filling up the DagBag from /home/airflow/.local/lib/python3.12/site-packages/airflow/example_dags/example_sensor_decorator.py
[2024-07-03T12:40:50.255+0000] {processor.py:840} INFO - DAG(s) 'example_sensor_decorator' retrieved from /home/airflow/.local/lib/python3.12/site-packages/airflow/example_dags/example_sensor_decorator.py
[2024-07-03T12:40:50.263+0000] {logging_mixin.py:188} INFO - [2024-07-03T12:40:50.262+0000] {dag.py:3096} INFO - Sync 1 DAGs
[2024-07-03T12:40:50.267+0000] {logging_mixin.py:188} INFO - [2024-07-03T12:40:50.267+0000] {dag.py:3954} INFO - Setting next_dagrun for example_sensor_decorator to None, run_after=None
[2024-07-03T12:40:50.273+0000] {processor.py:183} INFO - Processing /home/airflow/.local/lib/python3.12/site-packages/airflow/example_dags/example_sensor_decorator.py took 0.024 seconds
[2024-07-03T12:41:20.586+0000] {processor.py:161} INFO - Started process (PID=1228) to work on /home/airflow/.local/lib/python3.12/site-packages/airflow/example_dags/example_sensor_decorator.py
[2024-07-03T12:41:20.587+0000] {processor.py:830} INFO - Processing file /home/airflow/.local/lib/python3.12/site-packages/airflow/example_dags/example_sensor_decorator.py for tasks to queue
[2024-07-03T12:41:20.587+0000] {logging_mixin.py:188} INFO - [2024-07-03T12:41:20.587+0000] {dagbag.py:545} INFO - Filling up the DagBag from /home/airflow/.local/lib/python3.12/site-packages/airflow/example_dags/example_sensor_decorator.py
[2024-07-03T12:41:20.590+0000] {processor.py:840} INFO - DAG(s) 'example_sensor_decorator' retrieved from /home/airflow/.local/lib/python3.12/site-packages/airflow/example_dags/example_sensor_decorator.py
[2024-07-03T12:41:20.597+0000] {logging_mixin.py:188} INFO - [2024-07-03T12:41:20.597+0000] {dag.py:3096} INFO - Sync 1 DAGs
[2024-07-03T12:41:20.602+0000] {logging_mixin.py:188} INFO - [2024-07-03T12:41:20.602+0000] {dag.py:3954} INFO - Setting next_dagrun for example_sensor_decorator to None, run_after=None
[2024-07-03T12:41:20.608+0000] {processor.py:183} INFO - Processing /home/airflow/.local/lib/python3.12/site-packages/airflow/example_dags/example_sensor_decorator.py took 0.024 seconds
[2024-07-03T12:41:50.922+0000] {processor.py:161} INFO - Started process (PID=1286) to work on /home/airflow/.local/lib/python3.12/site-packages/airflow/example_dags/example_sensor_decorator.py
[2024-07-03T12:41:50.923+0000] {processor.py:830} INFO - Processing file /home/airflow/.local/lib/python3.12/site-packages/airflow/example_dags/example_sensor_decorator.py for tasks to queue
[2024-07-03T12:41:50.923+0000] {logging_mixin.py:188} INFO - [2024-07-03T12:41:50.923+0000] {dagbag.py:545} INFO - Filling up the DagBag from /home/airflow/.local/lib/python3.12/site-packages/airflow/example_dags/example_sensor_decorator.py
[2024-07-03T12:41:50.926+0000] {processor.py:840} INFO - DAG(s) 'example_sensor_decorator' retrieved from /home/airflow/.local/lib/python3.12/site-packages/airflow/example_dags/example_sensor_decorator.py
[2024-07-03T12:41:50.934+0000] {logging_mixin.py:188} INFO - [2024-07-03T12:41:50.934+0000] {dag.py:3096} INFO - Sync 1 DAGs
[2024-07-03T12:41:50.938+0000] {logging_mixin.py:188} INFO - [2024-07-03T12:41:50.938+0000] {dag.py:3954} INFO - Setting next_dagrun for example_sensor_decorator to None, run_after=None
[2024-07-03T12:41:50.945+0000] {processor.py:183} INFO - Processing /home/airflow/.local/lib/python3.12/site-packages/airflow/example_dags/example_sensor_decorator.py took 0.025 seconds
[2024-07-03T12:42:21.266+0000] {processor.py:161} INFO - Started process (PID=1344) to work on /home/airflow/.local/lib/python3.12/site-packages/airflow/example_dags/example_sensor_decorator.py
[2024-07-03T12:42:21.266+0000] {processor.py:830} INFO - Processing file /home/airflow/.local/lib/python3.12/site-packages/airflow/example_dags/example_sensor_decorator.py for tasks to queue
[2024-07-03T12:42:21.267+0000] {logging_mixin.py:188} INFO - [2024-07-03T12:42:21.267+0000] {dagbag.py:545} INFO - Filling up the DagBag from /home/airflow/.local/lib/python3.12/site-packages/airflow/example_dags/example_sensor_decorator.py
[2024-07-03T12:42:21.269+0000] {processor.py:840} INFO - DAG(s) 'example_sensor_decorator' retrieved from /home/airflow/.local/lib/python3.12/site-packages/airflow/example_dags/example_sensor_decorator.py
[2024-07-03T12:42:21.277+0000] {logging_mixin.py:188} INFO - [2024-07-03T12:42:21.277+0000] {dag.py:3096} INFO - Sync 1 DAGs
[2024-07-03T12:42:21.281+0000] {logging_mixin.py:188} INFO - [2024-07-03T12:42:21.281+0000] {dag.py:3954} INFO - Setting next_dagrun for example_sensor_decorator to None, run_after=None
[2024-07-03T12:42:21.288+0000] {processor.py:183} INFO - Processing /home/airflow/.local/lib/python3.12/site-packages/airflow/example_dags/example_sensor_decorator.py took 0.024 seconds
[2024-07-03T12:42:51.635+0000] {processor.py:161} INFO - Started process (PID=1402) to work on /home/airflow/.local/lib/python3.12/site-packages/airflow/example_dags/example_sensor_decorator.py
[2024-07-03T12:42:51.635+0000] {processor.py:830} INFO - Processing file /home/airflow/.local/lib/python3.12/site-packages/airflow/example_dags/example_sensor_decorator.py for tasks to queue
[2024-07-03T12:42:51.636+0000] {logging_mixin.py:188} INFO - [2024-07-03T12:42:51.636+0000] {dagbag.py:545} INFO - Filling up the DagBag from /home/airflow/.local/lib/python3.12/site-packages/airflow/example_dags/example_sensor_decorator.py
[2024-07-03T12:42:51.638+0000] {processor.py:840} INFO - DAG(s) 'example_sensor_decorator' retrieved from /home/airflow/.local/lib/python3.12/site-packages/airflow/example_dags/example_sensor_decorator.py
[2024-07-03T12:42:51.645+0000] {logging_mixin.py:188} INFO - [2024-07-03T12:42:51.645+0000] {dag.py:3096} INFO - Sync 1 DAGs
[2024-07-03T12:42:51.649+0000] {logging_mixin.py:188} INFO - [2024-07-03T12:42:51.649+0000] {dag.py:3954} INFO - Setting next_dagrun for example_sensor_decorator to None, run_after=None
[2024-07-03T12:42:51.655+0000] {processor.py:183} INFO - Processing /home/airflow/.local/lib/python3.12/site-packages/airflow/example_dags/example_sensor_decorator.py took 0.023 seconds
[2024-07-03T12:43:21.969+0000] {processor.py:161} INFO - Started process (PID=1460) to work on /home/airflow/.local/lib/python3.12/site-packages/airflow/example_dags/example_sensor_decorator.py
[2024-07-03T12:43:21.969+0000] {processor.py:830} INFO - Processing file /home/airflow/.local/lib/python3.12/site-packages/airflow/example_dags/example_sensor_decorator.py for tasks to queue
[2024-07-03T12:43:21.970+0000] {logging_mixin.py:188} INFO - [2024-07-03T12:43:21.970+0000] {dagbag.py:545} INFO - Filling up the DagBag from /home/airflow/.local/lib/python3.12/site-packages/airflow/example_dags/example_sensor_decorator.py
[2024-07-03T12:43:21.972+0000] {processor.py:840} INFO - DAG(s) 'example_sensor_decorator' retrieved from /home/airflow/.local/lib/python3.12/site-packages/airflow/example_dags/example_sensor_decorator.py
[2024-07-03T12:43:21.979+0000] {logging_mixin.py:188} INFO - [2024-07-03T12:43:21.979+0000] {dag.py:3096} INFO - Sync 1 DAGs
[2024-07-03T12:43:21.984+0000] {logging_mixin.py:188} INFO - [2024-07-03T12:43:21.984+0000] {dag.py:3954} INFO - Setting next_dagrun for example_sensor_decorator to None, run_after=None
[2024-07-03T12:43:21.989+0000] {processor.py:183} INFO - Processing /home/airflow/.local/lib/python3.12/site-packages/airflow/example_dags/example_sensor_decorator.py took 0.022 seconds
[2024-07-03T12:43:52.337+0000] {processor.py:161} INFO - Started process (PID=1518) to work on /home/airflow/.local/lib/python3.12/site-packages/airflow/example_dags/example_sensor_decorator.py
[2024-07-03T12:43:52.338+0000] {processor.py:830} INFO - Processing file /home/airflow/.local/lib/python3.12/site-packages/airflow/example_dags/example_sensor_decorator.py for tasks to queue
[2024-07-03T12:43:52.338+0000] {logging_mixin.py:188} INFO - [2024-07-03T12:43:52.338+0000] {dagbag.py:545} INFO - Filling up the DagBag from /home/airflow/.local/lib/python3.12/site-packages/airflow/example_dags/example_sensor_decorator.py
[2024-07-03T12:43:52.341+0000] {processor.py:840} INFO - DAG(s) 'example_sensor_decorator' retrieved from /home/airflow/.local/lib/python3.12/site-packages/airflow/example_dags/example_sensor_decorator.py
[2024-07-03T12:43:52.348+0000] {logging_mixin.py:188} INFO - [2024-07-03T12:43:52.348+0000] {dag.py:3096} INFO - Sync 1 DAGs
[2024-07-03T12:43:52.352+0000] {logging_mixin.py:188} INFO - [2024-07-03T12:43:52.352+0000] {dag.py:3954} INFO - Setting next_dagrun for example_sensor_decorator to None, run_after=None
[2024-07-03T12:43:52.357+0000] {processor.py:183} INFO - Processing /home/airflow/.local/lib/python3.12/site-packages/airflow/example_dags/example_sensor_decorator.py took 0.022 seconds
[2024-07-03T12:44:22.683+0000] {processor.py:161} INFO - Started process (PID=1576) to work on /home/airflow/.local/lib/python3.12/site-packages/airflow/example_dags/example_sensor_decorator.py
[2024-07-03T12:44:22.684+0000] {processor.py:830} INFO - Processing file /home/airflow/.local/lib/python3.12/site-packages/airflow/example_dags/example_sensor_decorator.py for tasks to queue
[2024-07-03T12:44:22.684+0000] {logging_mixin.py:188} INFO - [2024-07-03T12:44:22.684+0000] {dagbag.py:545} INFO - Filling up the DagBag from /home/airflow/.local/lib/python3.12/site-packages/airflow/example_dags/example_sensor_decorator.py
[2024-07-03T12:44:22.687+0000] {processor.py:840} INFO - DAG(s) 'example_sensor_decorator' retrieved from /home/airflow/.local/lib/python3.12/site-packages/airflow/example_dags/example_sensor_decorator.py
[2024-07-03T12:44:22.694+0000] {logging_mixin.py:188} INFO - [2024-07-03T12:44:22.694+0000] {dag.py:3096} INFO - Sync 1 DAGs
[2024-07-03T12:44:22.698+0000] {logging_mixin.py:188} INFO - [2024-07-03T12:44:22.698+0000] {dag.py:3954} INFO - Setting next_dagrun for example_sensor_decorator to None, run_after=None
[2024-07-03T12:44:22.703+0000] {processor.py:183} INFO - Processing /home/airflow/.local/lib/python3.12/site-packages/airflow/example_dags/example_sensor_decorator.py took 0.022 seconds
[2024-07-03T12:44:53.121+0000] {processor.py:161} INFO - Started process (PID=1634) to work on /home/airflow/.local/lib/python3.12/site-packages/airflow/example_dags/example_sensor_decorator.py
[2024-07-03T12:44:53.122+0000] {processor.py:830} INFO - Processing file /home/airflow/.local/lib/python3.12/site-packages/airflow/example_dags/example_sensor_decorator.py for tasks to queue
[2024-07-03T12:44:53.122+0000] {logging_mixin.py:188} INFO - [2024-07-03T12:44:53.122+0000] {dagbag.py:545} INFO - Filling up the DagBag from /home/airflow/.local/lib/python3.12/site-packages/airflow/example_dags/example_sensor_decorator.py
[2024-07-03T12:44:53.125+0000] {processor.py:840} INFO - DAG(s) 'example_sensor_decorator' retrieved from /home/airflow/.local/lib/python3.12/site-packages/airflow/example_dags/example_sensor_decorator.py
[2024-07-03T12:44:53.132+0000] {logging_mixin.py:188} INFO - [2024-07-03T12:44:53.132+0000] {dag.py:3096} INFO - Sync 1 DAGs
[2024-07-03T12:44:53.136+0000] {logging_mixin.py:188} INFO - [2024-07-03T12:44:53.136+0000] {dag.py:3954} INFO - Setting next_dagrun for example_sensor_decorator to None, run_after=None
[2024-07-03T12:44:53.142+0000] {processor.py:183} INFO - Processing /home/airflow/.local/lib/python3.12/site-packages/airflow/example_dags/example_sensor_decorator.py took 0.022 seconds
[2024-07-03T12:45:23.464+0000] {processor.py:161} INFO - Started process (PID=1692) to work on /home/airflow/.local/lib/python3.12/site-packages/airflow/example_dags/example_sensor_decorator.py
[2024-07-03T12:45:23.464+0000] {processor.py:830} INFO - Processing file /home/airflow/.local/lib/python3.12/site-packages/airflow/example_dags/example_sensor_decorator.py for tasks to queue
[2024-07-03T12:45:23.465+0000] {logging_mixin.py:188} INFO - [2024-07-03T12:45:23.465+0000] {dagbag.py:545} INFO - Filling up the DagBag from /home/airflow/.local/lib/python3.12/site-packages/airflow/example_dags/example_sensor_decorator.py
[2024-07-03T12:45:23.467+0000] {processor.py:840} INFO - DAG(s) 'example_sensor_decorator' retrieved from /home/airflow/.local/lib/python3.12/site-packages/airflow/example_dags/example_sensor_decorator.py
[2024-07-03T12:45:23.475+0000] {logging_mixin.py:188} INFO - [2024-07-03T12:45:23.475+0000] {dag.py:3096} INFO - Sync 1 DAGs
[2024-07-03T12:45:23.479+0000] {logging_mixin.py:188} INFO - [2024-07-03T12:45:23.479+0000] {dag.py:3954} INFO - Setting next_dagrun for example_sensor_decorator to None, run_after=None
[2024-07-03T12:45:23.485+0000] {processor.py:183} INFO - Processing /home/airflow/.local/lib/python3.12/site-packages/airflow/example_dags/example_sensor_decorator.py took 0.024 seconds
[2024-07-03T12:45:53.799+0000] {processor.py:161} INFO - Started process (PID=1750) to work on /home/airflow/.local/lib/python3.12/site-packages/airflow/example_dags/example_sensor_decorator.py
[2024-07-03T12:45:53.800+0000] {processor.py:830} INFO - Processing file /home/airflow/.local/lib/python3.12/site-packages/airflow/example_dags/example_sensor_decorator.py for tasks to queue
[2024-07-03T12:45:53.800+0000] {logging_mixin.py:188} INFO - [2024-07-03T12:45:53.800+0000] {dagbag.py:545} INFO - Filling up the DagBag from /home/airflow/.local/lib/python3.12/site-packages/airflow/example_dags/example_sensor_decorator.py
[2024-07-03T12:45:53.803+0000] {processor.py:840} INFO - DAG(s) 'example_sensor_decorator' retrieved from /home/airflow/.local/lib/python3.12/site-packages/airflow/example_dags/example_sensor_decorator.py
[2024-07-03T12:45:53.810+0000] {logging_mixin.py:188} INFO - [2024-07-03T12:45:53.810+0000] {dag.py:3096} INFO - Sync 1 DAGs
[2024-07-03T12:45:53.815+0000] {logging_mixin.py:188} INFO - [2024-07-03T12:45:53.815+0000] {dag.py:3954} INFO - Setting next_dagrun for example_sensor_decorator to None, run_after=None
[2024-07-03T12:45:53.821+0000] {processor.py:183} INFO - Processing /home/airflow/.local/lib/python3.12/site-packages/airflow/example_dags/example_sensor_decorator.py took 0.024 seconds
[2024-07-03T12:46:24.586+0000] {processor.py:161} INFO - Started process (PID=1808) to work on /home/airflow/.local/lib/python3.12/site-packages/airflow/example_dags/example_sensor_decorator.py
[2024-07-03T12:46:24.587+0000] {processor.py:830} INFO - Processing file /home/airflow/.local/lib/python3.12/site-packages/airflow/example_dags/example_sensor_decorator.py for tasks to queue
[2024-07-03T12:46:24.587+0000] {logging_mixin.py:188} INFO - [2024-07-03T12:46:24.587+0000] {dagbag.py:545} INFO - Filling up the DagBag from /home/airflow/.local/lib/python3.12/site-packages/airflow/example_dags/example_sensor_decorator.py
[2024-07-03T12:46:24.590+0000] {processor.py:840} INFO - DAG(s) 'example_sensor_decorator' retrieved from /home/airflow/.local/lib/python3.12/site-packages/airflow/example_dags/example_sensor_decorator.py
[2024-07-03T12:46:24.597+0000] {logging_mixin.py:188} INFO - [2024-07-03T12:46:24.597+0000] {dag.py:3096} INFO - Sync 1 DAGs
[2024-07-03T12:46:24.602+0000] {logging_mixin.py:188} INFO - [2024-07-03T12:46:24.602+0000] {dag.py:3954} INFO - Setting next_dagrun for example_sensor_decorator to None, run_after=None
[2024-07-03T12:46:24.608+0000] {processor.py:183} INFO - Processing /home/airflow/.local/lib/python3.12/site-packages/airflow/example_dags/example_sensor_decorator.py took 0.024 seconds
[2024-07-03T12:46:55.249+0000] {processor.py:161} INFO - Started process (PID=1866) to work on /home/airflow/.local/lib/python3.12/site-packages/airflow/example_dags/example_sensor_decorator.py
[2024-07-03T12:46:55.249+0000] {processor.py:830} INFO - Processing file /home/airflow/.local/lib/python3.12/site-packages/airflow/example_dags/example_sensor_decorator.py for tasks to queue
[2024-07-03T12:46:55.250+0000] {logging_mixin.py:188} INFO - [2024-07-03T12:46:55.250+0000] {dagbag.py:545} INFO - Filling up the DagBag from /home/airflow/.local/lib/python3.12/site-packages/airflow/example_dags/example_sensor_decorator.py
[2024-07-03T12:46:55.252+0000] {processor.py:840} INFO - DAG(s) 'example_sensor_decorator' retrieved from /home/airflow/.local/lib/python3.12/site-packages/airflow/example_dags/example_sensor_decorator.py
[2024-07-03T12:46:55.259+0000] {logging_mixin.py:188} INFO - [2024-07-03T12:46:55.259+0000] {dag.py:3096} INFO - Sync 1 DAGs
[2024-07-03T12:46:55.264+0000] {logging_mixin.py:188} INFO - [2024-07-03T12:46:55.264+0000] {dag.py:3954} INFO - Setting next_dagrun for example_sensor_decorator to None, run_after=None
[2024-07-03T12:46:55.270+0000] {processor.py:183} INFO - Processing /home/airflow/.local/lib/python3.12/site-packages/airflow/example_dags/example_sensor_decorator.py took 0.024 seconds
[2024-07-03T12:47:26.463+0000] {processor.py:161} INFO - Started process (PID=1924) to work on /home/airflow/.local/lib/python3.12/site-packages/airflow/example_dags/example_sensor_decorator.py
[2024-07-03T12:47:26.464+0000] {processor.py:830} INFO - Processing file /home/airflow/.local/lib/python3.12/site-packages/airflow/example_dags/example_sensor_decorator.py for tasks to queue
[2024-07-03T12:47:26.464+0000] {logging_mixin.py:188} INFO - [2024-07-03T12:47:26.464+0000] {dagbag.py:545} INFO - Filling up the DagBag from /home/airflow/.local/lib/python3.12/site-packages/airflow/example_dags/example_sensor_decorator.py
[2024-07-03T12:47:26.467+0000] {processor.py:840} INFO - DAG(s) 'example_sensor_decorator' retrieved from /home/airflow/.local/lib/python3.12/site-packages/airflow/example_dags/example_sensor_decorator.py
[2024-07-03T12:47:26.475+0000] {logging_mixin.py:188} INFO - [2024-07-03T12:47:26.475+0000] {dag.py:3096} INFO - Sync 1 DAGs
[2024-07-03T12:47:26.544+0000] {logging_mixin.py:188} INFO - [2024-07-03T12:47:26.544+0000] {dag.py:3954} INFO - Setting next_dagrun for example_sensor_decorator to None, run_after=None
[2024-07-03T12:47:26.550+0000] {processor.py:183} INFO - Processing /home/airflow/.local/lib/python3.12/site-packages/airflow/example_dags/example_sensor_decorator.py took 0.089 seconds
[2024-07-03T12:47:57.511+0000] {processor.py:161} INFO - Started process (PID=1982) to work on /home/airflow/.local/lib/python3.12/site-packages/airflow/example_dags/example_sensor_decorator.py
[2024-07-03T12:47:57.511+0000] {processor.py:830} INFO - Processing file /home/airflow/.local/lib/python3.12/site-packages/airflow/example_dags/example_sensor_decorator.py for tasks to queue
[2024-07-03T12:47:57.512+0000] {logging_mixin.py:188} INFO - [2024-07-03T12:47:57.512+0000] {dagbag.py:545} INFO - Filling up the DagBag from /home/airflow/.local/lib/python3.12/site-packages/airflow/example_dags/example_sensor_decorator.py
[2024-07-03T12:47:57.514+0000] {processor.py:840} INFO - DAG(s) 'example_sensor_decorator' retrieved from /home/airflow/.local/lib/python3.12/site-packages/airflow/example_dags/example_sensor_decorator.py
[2024-07-03T12:47:57.522+0000] {logging_mixin.py:188} INFO - [2024-07-03T12:47:57.522+0000] {dag.py:3096} INFO - Sync 1 DAGs
[2024-07-03T12:47:57.526+0000] {logging_mixin.py:188} INFO - [2024-07-03T12:47:57.526+0000] {dag.py:3954} INFO - Setting next_dagrun for example_sensor_decorator to None, run_after=None
[2024-07-03T12:47:57.532+0000] {processor.py:183} INFO - Processing /home/airflow/.local/lib/python3.12/site-packages/airflow/example_dags/example_sensor_decorator.py took 0.023 seconds
[2024-07-03T12:48:28.226+0000] {processor.py:161} INFO - Started process (PID=2040) to work on /home/airflow/.local/lib/python3.12/site-packages/airflow/example_dags/example_sensor_decorator.py
[2024-07-03T12:48:28.227+0000] {processor.py:830} INFO - Processing file /home/airflow/.local/lib/python3.12/site-packages/airflow/example_dags/example_sensor_decorator.py for tasks to queue
[2024-07-03T12:48:28.227+0000] {logging_mixin.py:188} INFO - [2024-07-03T12:48:28.227+0000] {dagbag.py:545} INFO - Filling up the DagBag from /home/airflow/.local/lib/python3.12/site-packages/airflow/example_dags/example_sensor_decorator.py
[2024-07-03T12:48:28.230+0000] {processor.py:840} INFO - DAG(s) 'example_sensor_decorator' retrieved from /home/airflow/.local/lib/python3.12/site-packages/airflow/example_dags/example_sensor_decorator.py
[2024-07-03T12:48:28.238+0000] {logging_mixin.py:188} INFO - [2024-07-03T12:48:28.238+0000] {dag.py:3096} INFO - Sync 1 DAGs
[2024-07-03T12:48:28.243+0000] {logging_mixin.py:188} INFO - [2024-07-03T12:48:28.242+0000] {dag.py:3954} INFO - Setting next_dagrun for example_sensor_decorator to None, run_after=None
[2024-07-03T12:48:28.249+0000] {processor.py:183} INFO - Processing /home/airflow/.local/lib/python3.12/site-packages/airflow/example_dags/example_sensor_decorator.py took 0.025 seconds
[2024-07-03T12:48:58.322+0000] {processor.py:161} INFO - Started process (PID=2097) to work on /home/airflow/.local/lib/python3.12/site-packages/airflow/example_dags/example_sensor_decorator.py
[2024-07-03T12:48:58.323+0000] {processor.py:830} INFO - Processing file /home/airflow/.local/lib/python3.12/site-packages/airflow/example_dags/example_sensor_decorator.py for tasks to queue
[2024-07-03T12:48:58.323+0000] {logging_mixin.py:188} INFO - [2024-07-03T12:48:58.323+0000] {dagbag.py:545} INFO - Filling up the DagBag from /home/airflow/.local/lib/python3.12/site-packages/airflow/example_dags/example_sensor_decorator.py
[2024-07-03T12:48:58.326+0000] {processor.py:840} INFO - DAG(s) 'example_sensor_decorator' retrieved from /home/airflow/.local/lib/python3.12/site-packages/airflow/example_dags/example_sensor_decorator.py
[2024-07-03T12:48:58.333+0000] {logging_mixin.py:188} INFO - [2024-07-03T12:48:58.333+0000] {dag.py:3096} INFO - Sync 1 DAGs
[2024-07-03T12:48:58.338+0000] {logging_mixin.py:188} INFO - [2024-07-03T12:48:58.338+0000] {dag.py:3954} INFO - Setting next_dagrun for example_sensor_decorator to None, run_after=None
[2024-07-03T12:48:58.344+0000] {processor.py:183} INFO - Processing /home/airflow/.local/lib/python3.12/site-packages/airflow/example_dags/example_sensor_decorator.py took 0.024 seconds
[2024-07-03T12:49:28.750+0000] {processor.py:161} INFO - Started process (PID=2156) to work on /home/airflow/.local/lib/python3.12/site-packages/airflow/example_dags/example_sensor_decorator.py
[2024-07-03T12:49:28.750+0000] {processor.py:830} INFO - Processing file /home/airflow/.local/lib/python3.12/site-packages/airflow/example_dags/example_sensor_decorator.py for tasks to queue
[2024-07-03T12:49:28.751+0000] {logging_mixin.py:188} INFO - [2024-07-03T12:49:28.751+0000] {dagbag.py:545} INFO - Filling up the DagBag from /home/airflow/.local/lib/python3.12/site-packages/airflow/example_dags/example_sensor_decorator.py
[2024-07-03T12:49:28.754+0000] {processor.py:840} INFO - DAG(s) 'example_sensor_decorator' retrieved from /home/airflow/.local/lib/python3.12/site-packages/airflow/example_dags/example_sensor_decorator.py
[2024-07-03T12:49:28.761+0000] {logging_mixin.py:188} INFO - [2024-07-03T12:49:28.761+0000] {dag.py:3096} INFO - Sync 1 DAGs
[2024-07-03T12:49:28.766+0000] {logging_mixin.py:188} INFO - [2024-07-03T12:49:28.766+0000] {dag.py:3954} INFO - Setting next_dagrun for example_sensor_decorator to None, run_after=None
[2024-07-03T12:49:28.772+0000] {processor.py:183} INFO - Processing /home/airflow/.local/lib/python3.12/site-packages/airflow/example_dags/example_sensor_decorator.py took 0.024 seconds
[2024-07-03T12:49:59.145+0000] {processor.py:161} INFO - Started process (PID=2214) to work on /home/airflow/.local/lib/python3.12/site-packages/airflow/example_dags/example_sensor_decorator.py
[2024-07-03T12:49:59.146+0000] {processor.py:830} INFO - Processing file /home/airflow/.local/lib/python3.12/site-packages/airflow/example_dags/example_sensor_decorator.py for tasks to queue
[2024-07-03T12:49:59.146+0000] {logging_mixin.py:188} INFO - [2024-07-03T12:49:59.146+0000] {dagbag.py:545} INFO - Filling up the DagBag from /home/airflow/.local/lib/python3.12/site-packages/airflow/example_dags/example_sensor_decorator.py
[2024-07-03T12:49:59.149+0000] {processor.py:840} INFO - DAG(s) 'example_sensor_decorator' retrieved from /home/airflow/.local/lib/python3.12/site-packages/airflow/example_dags/example_sensor_decorator.py
[2024-07-03T12:49:59.155+0000] {logging_mixin.py:188} INFO - [2024-07-03T12:49:59.155+0000] {dag.py:3096} INFO - Sync 1 DAGs
[2024-07-03T12:49:59.160+0000] {logging_mixin.py:188} INFO - [2024-07-03T12:49:59.159+0000] {dag.py:3954} INFO - Setting next_dagrun for example_sensor_decorator to None, run_after=None
[2024-07-03T12:49:59.165+0000] {processor.py:183} INFO - Processing /home/airflow/.local/lib/python3.12/site-packages/airflow/example_dags/example_sensor_decorator.py took 0.022 seconds
[2024-07-03T12:50:29.566+0000] {processor.py:161} INFO - Started process (PID=2272) to work on /home/airflow/.local/lib/python3.12/site-packages/airflow/example_dags/example_sensor_decorator.py
[2024-07-03T12:50:29.567+0000] {processor.py:830} INFO - Processing file /home/airflow/.local/lib/python3.12/site-packages/airflow/example_dags/example_sensor_decorator.py for tasks to queue
[2024-07-03T12:50:29.567+0000] {logging_mixin.py:188} INFO - [2024-07-03T12:50:29.567+0000] {dagbag.py:545} INFO - Filling up the DagBag from /home/airflow/.local/lib/python3.12/site-packages/airflow/example_dags/example_sensor_decorator.py
[2024-07-03T12:50:29.570+0000] {processor.py:840} INFO - DAG(s) 'example_sensor_decorator' retrieved from /home/airflow/.local/lib/python3.12/site-packages/airflow/example_dags/example_sensor_decorator.py
[2024-07-03T12:50:29.577+0000] {logging_mixin.py:188} INFO - [2024-07-03T12:50:29.577+0000] {dag.py:3096} INFO - Sync 1 DAGs
[2024-07-03T12:50:29.582+0000] {logging_mixin.py:188} INFO - [2024-07-03T12:50:29.582+0000] {dag.py:3954} INFO - Setting next_dagrun for example_sensor_decorator to None, run_after=None
[2024-07-03T12:50:29.588+0000] {processor.py:183} INFO - Processing /home/airflow/.local/lib/python3.12/site-packages/airflow/example_dags/example_sensor_decorator.py took 0.024 seconds
