[2024-07-03T12:31:11.342+0000] {processor.py:161} INFO - Started process (PID=44) to work on /home/airflow/.local/lib/python3.12/site-packages/airflow/example_dags/example_short_circuit_operator.py
[2024-07-03T12:31:11.342+0000] {processor.py:830} INFO - Processing file /home/airflow/.local/lib/python3.12/site-packages/airflow/example_dags/example_short_circuit_operator.py for tasks to queue
[2024-07-03T12:31:11.343+0000] {logging_mixin.py:188} INFO - [2024-07-03T12:31:11.343+0000] {dagbag.py:545} INFO - Filling up the DagBag from /home/airflow/.local/lib/python3.12/site-packages/airflow/example_dags/example_short_circuit_operator.py
[2024-07-03T12:31:11.349+0000] {processor.py:840} INFO - DAG(s) 'example_short_circuit_operator' retrieved from /home/airflow/.local/lib/python3.12/site-packages/airflow/example_dags/example_short_circuit_operator.py
[2024-07-03T12:31:11.354+0000] {logging_mixin.py:188} INFO - [2024-07-03T12:31:11.354+0000] {dag.py:3096} INFO - Sync 1 DAGs
[2024-07-03T12:31:11.364+0000] {logging_mixin.py:188} INFO - [2024-07-03T12:31:11.364+0000] {dag.py:3954} INFO - Setting next_dagrun for example_short_circuit_operator to 2024-07-02 00:00:00+00:00, run_after=2024-07-03 00:00:00+00:00
[2024-07-03T12:31:11.371+0000] {processor.py:183} INFO - Processing /home/airflow/.local/lib/python3.12/site-packages/airflow/example_dags/example_short_circuit_operator.py took 0.032 seconds
[2024-07-03T12:31:41.986+0000] {processor.py:161} INFO - Started process (PID=102) to work on /home/airflow/.local/lib/python3.12/site-packages/airflow/example_dags/example_short_circuit_operator.py
[2024-07-03T12:31:41.987+0000] {processor.py:830} INFO - Processing file /home/airflow/.local/lib/python3.12/site-packages/airflow/example_dags/example_short_circuit_operator.py for tasks to queue
[2024-07-03T12:31:41.987+0000] {logging_mixin.py:188} INFO - [2024-07-03T12:31:41.987+0000] {dagbag.py:545} INFO - Filling up the DagBag from /home/airflow/.local/lib/python3.12/site-packages/airflow/example_dags/example_short_circuit_operator.py
[2024-07-03T12:31:41.990+0000] {processor.py:840} INFO - DAG(s) 'example_short_circuit_operator' retrieved from /home/airflow/.local/lib/python3.12/site-packages/airflow/example_dags/example_short_circuit_operator.py
[2024-07-03T12:31:42.029+0000] {logging_mixin.py:188} INFO - [2024-07-03T12:31:42.029+0000] {dag.py:3096} INFO - Sync 1 DAGs
[2024-07-03T12:31:42.035+0000] {logging_mixin.py:188} INFO - [2024-07-03T12:31:42.035+0000] {dag.py:3954} INFO - Setting next_dagrun for example_short_circuit_operator to 2024-07-02 00:00:00+00:00, run_after=2024-07-03 00:00:00+00:00
[2024-07-03T12:31:42.041+0000] {processor.py:183} INFO - Processing /home/airflow/.local/lib/python3.12/site-packages/airflow/example_dags/example_short_circuit_operator.py took 0.058 seconds
[2024-07-03T12:32:12.065+0000] {processor.py:161} INFO - Started process (PID=160) to work on /home/airflow/.local/lib/python3.12/site-packages/airflow/example_dags/example_short_circuit_operator.py
[2024-07-03T12:32:12.066+0000] {processor.py:830} INFO - Processing file /home/airflow/.local/lib/python3.12/site-packages/airflow/example_dags/example_short_circuit_operator.py for tasks to queue
[2024-07-03T12:32:12.066+0000] {logging_mixin.py:188} INFO - [2024-07-03T12:32:12.066+0000] {dagbag.py:545} INFO - Filling up the DagBag from /home/airflow/.local/lib/python3.12/site-packages/airflow/example_dags/example_short_circuit_operator.py
[2024-07-03T12:32:12.069+0000] {processor.py:840} INFO - DAG(s) 'example_short_circuit_operator' retrieved from /home/airflow/.local/lib/python3.12/site-packages/airflow/example_dags/example_short_circuit_operator.py
[2024-07-03T12:32:12.077+0000] {logging_mixin.py:188} INFO - [2024-07-03T12:32:12.077+0000] {dag.py:3096} INFO - Sync 1 DAGs
[2024-07-03T12:32:12.084+0000] {logging_mixin.py:188} INFO - [2024-07-03T12:32:12.084+0000] {dag.py:3954} INFO - Setting next_dagrun for example_short_circuit_operator to 2024-07-02 00:00:00+00:00, run_after=2024-07-03 00:00:00+00:00
[2024-07-03T12:32:12.090+0000] {processor.py:183} INFO - Processing /home/airflow/.local/lib/python3.12/site-packages/airflow/example_dags/example_short_circuit_operator.py took 0.027 seconds
[2024-07-03T12:32:42.544+0000] {processor.py:161} INFO - Started process (PID=218) to work on /home/airflow/.local/lib/python3.12/site-packages/airflow/example_dags/example_short_circuit_operator.py
[2024-07-03T12:32:42.544+0000] {processor.py:830} INFO - Processing file /home/airflow/.local/lib/python3.12/site-packages/airflow/example_dags/example_short_circuit_operator.py for tasks to queue
[2024-07-03T12:32:42.545+0000] {logging_mixin.py:188} INFO - [2024-07-03T12:32:42.545+0000] {dagbag.py:545} INFO - Filling up the DagBag from /home/airflow/.local/lib/python3.12/site-packages/airflow/example_dags/example_short_circuit_operator.py
[2024-07-03T12:32:42.548+0000] {processor.py:840} INFO - DAG(s) 'example_short_circuit_operator' retrieved from /home/airflow/.local/lib/python3.12/site-packages/airflow/example_dags/example_short_circuit_operator.py
[2024-07-03T12:32:42.556+0000] {logging_mixin.py:188} INFO - [2024-07-03T12:32:42.556+0000] {dag.py:3096} INFO - Sync 1 DAGs
[2024-07-03T12:32:42.564+0000] {logging_mixin.py:188} INFO - [2024-07-03T12:32:42.564+0000] {dag.py:3954} INFO - Setting next_dagrun for example_short_circuit_operator to 2024-07-02 00:00:00+00:00, run_after=2024-07-03 00:00:00+00:00
[2024-07-03T12:32:42.570+0000] {processor.py:183} INFO - Processing /home/airflow/.local/lib/python3.12/site-packages/airflow/example_dags/example_short_circuit_operator.py took 0.028 seconds
[2024-07-03T12:33:13.035+0000] {processor.py:161} INFO - Started process (PID=276) to work on /home/airflow/.local/lib/python3.12/site-packages/airflow/example_dags/example_short_circuit_operator.py
[2024-07-03T12:33:13.035+0000] {processor.py:830} INFO - Processing file /home/airflow/.local/lib/python3.12/site-packages/airflow/example_dags/example_short_circuit_operator.py for tasks to queue
[2024-07-03T12:33:13.036+0000] {logging_mixin.py:188} INFO - [2024-07-03T12:33:13.036+0000] {dagbag.py:545} INFO - Filling up the DagBag from /home/airflow/.local/lib/python3.12/site-packages/airflow/example_dags/example_short_circuit_operator.py
[2024-07-03T12:33:13.039+0000] {processor.py:840} INFO - DAG(s) 'example_short_circuit_operator' retrieved from /home/airflow/.local/lib/python3.12/site-packages/airflow/example_dags/example_short_circuit_operator.py
[2024-07-03T12:33:13.049+0000] {logging_mixin.py:188} INFO - [2024-07-03T12:33:13.049+0000] {dag.py:3096} INFO - Sync 1 DAGs
[2024-07-03T12:33:13.057+0000] {logging_mixin.py:188} INFO - [2024-07-03T12:33:13.056+0000] {dag.py:3954} INFO - Setting next_dagrun for example_short_circuit_operator to 2024-07-02 00:00:00+00:00, run_after=2024-07-03 00:00:00+00:00
[2024-07-03T12:33:13.064+0000] {processor.py:183} INFO - Processing /home/airflow/.local/lib/python3.12/site-packages/airflow/example_dags/example_short_circuit_operator.py took 0.033 seconds
[2024-07-03T12:33:43.507+0000] {processor.py:161} INFO - Started process (PID=334) to work on /home/airflow/.local/lib/python3.12/site-packages/airflow/example_dags/example_short_circuit_operator.py
[2024-07-03T12:33:43.507+0000] {processor.py:830} INFO - Processing file /home/airflow/.local/lib/python3.12/site-packages/airflow/example_dags/example_short_circuit_operator.py for tasks to queue
[2024-07-03T12:33:43.508+0000] {logging_mixin.py:188} INFO - [2024-07-03T12:33:43.508+0000] {dagbag.py:545} INFO - Filling up the DagBag from /home/airflow/.local/lib/python3.12/site-packages/airflow/example_dags/example_short_circuit_operator.py
[2024-07-03T12:33:43.511+0000] {processor.py:840} INFO - DAG(s) 'example_short_circuit_operator' retrieved from /home/airflow/.local/lib/python3.12/site-packages/airflow/example_dags/example_short_circuit_operator.py
[2024-07-03T12:33:43.520+0000] {logging_mixin.py:188} INFO - [2024-07-03T12:33:43.520+0000] {dag.py:3096} INFO - Sync 1 DAGs
[2024-07-03T12:33:43.527+0000] {logging_mixin.py:188} INFO - [2024-07-03T12:33:43.527+0000] {dag.py:3954} INFO - Setting next_dagrun for example_short_circuit_operator to 2024-07-02 00:00:00+00:00, run_after=2024-07-03 00:00:00+00:00
[2024-07-03T12:33:43.534+0000] {processor.py:183} INFO - Processing /home/airflow/.local/lib/python3.12/site-packages/airflow/example_dags/example_short_circuit_operator.py took 0.029 seconds
[2024-07-03T12:34:13.772+0000] {processor.py:161} INFO - Started process (PID=392) to work on /home/airflow/.local/lib/python3.12/site-packages/airflow/example_dags/example_short_circuit_operator.py
[2024-07-03T12:34:13.773+0000] {processor.py:830} INFO - Processing file /home/airflow/.local/lib/python3.12/site-packages/airflow/example_dags/example_short_circuit_operator.py for tasks to queue
[2024-07-03T12:34:13.773+0000] {logging_mixin.py:188} INFO - [2024-07-03T12:34:13.773+0000] {dagbag.py:545} INFO - Filling up the DagBag from /home/airflow/.local/lib/python3.12/site-packages/airflow/example_dags/example_short_circuit_operator.py
[2024-07-03T12:34:13.776+0000] {processor.py:840} INFO - DAG(s) 'example_short_circuit_operator' retrieved from /home/airflow/.local/lib/python3.12/site-packages/airflow/example_dags/example_short_circuit_operator.py
[2024-07-03T12:34:13.785+0000] {logging_mixin.py:188} INFO - [2024-07-03T12:34:13.785+0000] {dag.py:3096} INFO - Sync 1 DAGs
[2024-07-03T12:34:13.793+0000] {logging_mixin.py:188} INFO - [2024-07-03T12:34:13.793+0000] {dag.py:3954} INFO - Setting next_dagrun for example_short_circuit_operator to 2024-07-02 00:00:00+00:00, run_after=2024-07-03 00:00:00+00:00
[2024-07-03T12:34:13.799+0000] {processor.py:183} INFO - Processing /home/airflow/.local/lib/python3.12/site-packages/airflow/example_dags/example_short_circuit_operator.py took 0.029 seconds
[2024-07-03T12:34:44.094+0000] {processor.py:161} INFO - Started process (PID=450) to work on /home/airflow/.local/lib/python3.12/site-packages/airflow/example_dags/example_short_circuit_operator.py
[2024-07-03T12:34:44.094+0000] {processor.py:830} INFO - Processing file /home/airflow/.local/lib/python3.12/site-packages/airflow/example_dags/example_short_circuit_operator.py for tasks to queue
[2024-07-03T12:34:44.095+0000] {logging_mixin.py:188} INFO - [2024-07-03T12:34:44.095+0000] {dagbag.py:545} INFO - Filling up the DagBag from /home/airflow/.local/lib/python3.12/site-packages/airflow/example_dags/example_short_circuit_operator.py
[2024-07-03T12:34:44.098+0000] {processor.py:840} INFO - DAG(s) 'example_short_circuit_operator' retrieved from /home/airflow/.local/lib/python3.12/site-packages/airflow/example_dags/example_short_circuit_operator.py
[2024-07-03T12:34:44.108+0000] {logging_mixin.py:188} INFO - [2024-07-03T12:34:44.108+0000] {dag.py:3096} INFO - Sync 1 DAGs
[2024-07-03T12:34:44.116+0000] {logging_mixin.py:188} INFO - [2024-07-03T12:34:44.116+0000] {dag.py:3954} INFO - Setting next_dagrun for example_short_circuit_operator to 2024-07-02 00:00:00+00:00, run_after=2024-07-03 00:00:00+00:00
[2024-07-03T12:34:44.123+0000] {processor.py:183} INFO - Processing /home/airflow/.local/lib/python3.12/site-packages/airflow/example_dags/example_short_circuit_operator.py took 0.031 seconds
[2024-07-03T12:35:14.366+0000] {processor.py:161} INFO - Started process (PID=508) to work on /home/airflow/.local/lib/python3.12/site-packages/airflow/example_dags/example_short_circuit_operator.py
[2024-07-03T12:35:14.367+0000] {processor.py:830} INFO - Processing file /home/airflow/.local/lib/python3.12/site-packages/airflow/example_dags/example_short_circuit_operator.py for tasks to queue
[2024-07-03T12:35:14.368+0000] {logging_mixin.py:188} INFO - [2024-07-03T12:35:14.367+0000] {dagbag.py:545} INFO - Filling up the DagBag from /home/airflow/.local/lib/python3.12/site-packages/airflow/example_dags/example_short_circuit_operator.py
[2024-07-03T12:35:14.370+0000] {processor.py:840} INFO - DAG(s) 'example_short_circuit_operator' retrieved from /home/airflow/.local/lib/python3.12/site-packages/airflow/example_dags/example_short_circuit_operator.py
[2024-07-03T12:35:14.379+0000] {logging_mixin.py:188} INFO - [2024-07-03T12:35:14.379+0000] {dag.py:3096} INFO - Sync 1 DAGs
[2024-07-03T12:35:14.387+0000] {logging_mixin.py:188} INFO - [2024-07-03T12:35:14.387+0000] {dag.py:3954} INFO - Setting next_dagrun for example_short_circuit_operator to 2024-07-02 00:00:00+00:00, run_after=2024-07-03 00:00:00+00:00
[2024-07-03T12:35:14.393+0000] {processor.py:183} INFO - Processing /home/airflow/.local/lib/python3.12/site-packages/airflow/example_dags/example_short_circuit_operator.py took 0.029 seconds
[2024-07-03T12:35:44.651+0000] {processor.py:161} INFO - Started process (PID=566) to work on /home/airflow/.local/lib/python3.12/site-packages/airflow/example_dags/example_short_circuit_operator.py
[2024-07-03T12:35:44.651+0000] {processor.py:830} INFO - Processing file /home/airflow/.local/lib/python3.12/site-packages/airflow/example_dags/example_short_circuit_operator.py for tasks to queue
[2024-07-03T12:35:44.652+0000] {logging_mixin.py:188} INFO - [2024-07-03T12:35:44.652+0000] {dagbag.py:545} INFO - Filling up the DagBag from /home/airflow/.local/lib/python3.12/site-packages/airflow/example_dags/example_short_circuit_operator.py
[2024-07-03T12:35:44.654+0000] {processor.py:840} INFO - DAG(s) 'example_short_circuit_operator' retrieved from /home/airflow/.local/lib/python3.12/site-packages/airflow/example_dags/example_short_circuit_operator.py
[2024-07-03T12:35:44.664+0000] {logging_mixin.py:188} INFO - [2024-07-03T12:35:44.664+0000] {dag.py:3096} INFO - Sync 1 DAGs
[2024-07-03T12:35:44.671+0000] {logging_mixin.py:188} INFO - [2024-07-03T12:35:44.671+0000] {dag.py:3954} INFO - Setting next_dagrun for example_short_circuit_operator to 2024-07-02 00:00:00+00:00, run_after=2024-07-03 00:00:00+00:00
[2024-07-03T12:35:44.677+0000] {processor.py:183} INFO - Processing /home/airflow/.local/lib/python3.12/site-packages/airflow/example_dags/example_short_circuit_operator.py took 0.028 seconds
[2024-07-03T12:36:15.083+0000] {processor.py:161} INFO - Started process (PID=624) to work on /home/airflow/.local/lib/python3.12/site-packages/airflow/example_dags/example_short_circuit_operator.py
[2024-07-03T12:36:15.083+0000] {processor.py:830} INFO - Processing file /home/airflow/.local/lib/python3.12/site-packages/airflow/example_dags/example_short_circuit_operator.py for tasks to queue
[2024-07-03T12:36:15.084+0000] {logging_mixin.py:188} INFO - [2024-07-03T12:36:15.084+0000] {dagbag.py:545} INFO - Filling up the DagBag from /home/airflow/.local/lib/python3.12/site-packages/airflow/example_dags/example_short_circuit_operator.py
[2024-07-03T12:36:15.088+0000] {processor.py:840} INFO - DAG(s) 'example_short_circuit_operator' retrieved from /home/airflow/.local/lib/python3.12/site-packages/airflow/example_dags/example_short_circuit_operator.py
[2024-07-03T12:36:15.100+0000] {logging_mixin.py:188} INFO - [2024-07-03T12:36:15.100+0000] {dag.py:3096} INFO - Sync 1 DAGs
[2024-07-03T12:36:15.112+0000] {logging_mixin.py:188} INFO - [2024-07-03T12:36:15.112+0000] {dag.py:3954} INFO - Setting next_dagrun for example_short_circuit_operator to 2024-07-02 00:00:00+00:00, run_after=2024-07-03 00:00:00+00:00
[2024-07-03T12:36:15.121+0000] {processor.py:183} INFO - Processing /home/airflow/.local/lib/python3.12/site-packages/airflow/example_dags/example_short_circuit_operator.py took 0.041 seconds
[2024-07-03T12:36:45.498+0000] {processor.py:161} INFO - Started process (PID=682) to work on /home/airflow/.local/lib/python3.12/site-packages/airflow/example_dags/example_short_circuit_operator.py
[2024-07-03T12:36:45.498+0000] {processor.py:830} INFO - Processing file /home/airflow/.local/lib/python3.12/site-packages/airflow/example_dags/example_short_circuit_operator.py for tasks to queue
[2024-07-03T12:36:45.500+0000] {logging_mixin.py:188} INFO - [2024-07-03T12:36:45.500+0000] {dagbag.py:545} INFO - Filling up the DagBag from /home/airflow/.local/lib/python3.12/site-packages/airflow/example_dags/example_short_circuit_operator.py
[2024-07-03T12:36:45.504+0000] {processor.py:840} INFO - DAG(s) 'example_short_circuit_operator' retrieved from /home/airflow/.local/lib/python3.12/site-packages/airflow/example_dags/example_short_circuit_operator.py
[2024-07-03T12:36:45.515+0000] {logging_mixin.py:188} INFO - [2024-07-03T12:36:45.515+0000] {dag.py:3096} INFO - Sync 1 DAGs
[2024-07-03T12:36:45.526+0000] {logging_mixin.py:188} INFO - [2024-07-03T12:36:45.525+0000] {dag.py:3954} INFO - Setting next_dagrun for example_short_circuit_operator to 2024-07-02 00:00:00+00:00, run_after=2024-07-03 00:00:00+00:00
[2024-07-03T12:36:45.534+0000] {processor.py:183} INFO - Processing /home/airflow/.local/lib/python3.12/site-packages/airflow/example_dags/example_short_circuit_operator.py took 0.039 seconds
[2024-07-03T12:37:15.889+0000] {processor.py:161} INFO - Started process (PID=740) to work on /home/airflow/.local/lib/python3.12/site-packages/airflow/example_dags/example_short_circuit_operator.py
[2024-07-03T12:37:15.890+0000] {processor.py:830} INFO - Processing file /home/airflow/.local/lib/python3.12/site-packages/airflow/example_dags/example_short_circuit_operator.py for tasks to queue
[2024-07-03T12:37:15.890+0000] {logging_mixin.py:188} INFO - [2024-07-03T12:37:15.890+0000] {dagbag.py:545} INFO - Filling up the DagBag from /home/airflow/.local/lib/python3.12/site-packages/airflow/example_dags/example_short_circuit_operator.py
[2024-07-03T12:37:15.894+0000] {processor.py:840} INFO - DAG(s) 'example_short_circuit_operator' retrieved from /home/airflow/.local/lib/python3.12/site-packages/airflow/example_dags/example_short_circuit_operator.py
[2024-07-03T12:37:15.902+0000] {logging_mixin.py:188} INFO - [2024-07-03T12:37:15.902+0000] {dag.py:3096} INFO - Sync 1 DAGs
[2024-07-03T12:37:15.910+0000] {logging_mixin.py:188} INFO - [2024-07-03T12:37:15.910+0000] {dag.py:3954} INFO - Setting next_dagrun for example_short_circuit_operator to 2024-07-02 00:00:00+00:00, run_after=2024-07-03 00:00:00+00:00
[2024-07-03T12:37:15.917+0000] {processor.py:183} INFO - Processing /home/airflow/.local/lib/python3.12/site-packages/airflow/example_dags/example_short_circuit_operator.py took 0.030 seconds
[2024-07-03T12:37:46.459+0000] {processor.py:161} INFO - Started process (PID=798) to work on /home/airflow/.local/lib/python3.12/site-packages/airflow/example_dags/example_short_circuit_operator.py
[2024-07-03T12:37:46.460+0000] {processor.py:830} INFO - Processing file /home/airflow/.local/lib/python3.12/site-packages/airflow/example_dags/example_short_circuit_operator.py for tasks to queue
[2024-07-03T12:37:46.460+0000] {logging_mixin.py:188} INFO - [2024-07-03T12:37:46.460+0000] {dagbag.py:545} INFO - Filling up the DagBag from /home/airflow/.local/lib/python3.12/site-packages/airflow/example_dags/example_short_circuit_operator.py
[2024-07-03T12:37:46.463+0000] {processor.py:840} INFO - DAG(s) 'example_short_circuit_operator' retrieved from /home/airflow/.local/lib/python3.12/site-packages/airflow/example_dags/example_short_circuit_operator.py
[2024-07-03T12:37:46.472+0000] {logging_mixin.py:188} INFO - [2024-07-03T12:37:46.472+0000] {dag.py:3096} INFO - Sync 1 DAGs
[2024-07-03T12:37:46.480+0000] {logging_mixin.py:188} INFO - [2024-07-03T12:37:46.480+0000] {dag.py:3954} INFO - Setting next_dagrun for example_short_circuit_operator to 2024-07-02 00:00:00+00:00, run_after=2024-07-03 00:00:00+00:00
[2024-07-03T12:37:46.487+0000] {processor.py:183} INFO - Processing /home/airflow/.local/lib/python3.12/site-packages/airflow/example_dags/example_short_circuit_operator.py took 0.030 seconds
[2024-07-03T12:38:16.896+0000] {processor.py:161} INFO - Started process (PID=856) to work on /home/airflow/.local/lib/python3.12/site-packages/airflow/example_dags/example_short_circuit_operator.py
[2024-07-03T12:38:16.896+0000] {processor.py:830} INFO - Processing file /home/airflow/.local/lib/python3.12/site-packages/airflow/example_dags/example_short_circuit_operator.py for tasks to queue
[2024-07-03T12:38:16.897+0000] {logging_mixin.py:188} INFO - [2024-07-03T12:38:16.897+0000] {dagbag.py:545} INFO - Filling up the DagBag from /home/airflow/.local/lib/python3.12/site-packages/airflow/example_dags/example_short_circuit_operator.py
[2024-07-03T12:38:16.900+0000] {processor.py:840} INFO - DAG(s) 'example_short_circuit_operator' retrieved from /home/airflow/.local/lib/python3.12/site-packages/airflow/example_dags/example_short_circuit_operator.py
[2024-07-03T12:38:16.909+0000] {logging_mixin.py:188} INFO - [2024-07-03T12:38:16.909+0000] {dag.py:3096} INFO - Sync 1 DAGs
[2024-07-03T12:38:16.917+0000] {logging_mixin.py:188} INFO - [2024-07-03T12:38:16.917+0000] {dag.py:3954} INFO - Setting next_dagrun for example_short_circuit_operator to 2024-07-02 00:00:00+00:00, run_after=2024-07-03 00:00:00+00:00
[2024-07-03T12:38:16.924+0000] {processor.py:183} INFO - Processing /home/airflow/.local/lib/python3.12/site-packages/airflow/example_dags/example_short_circuit_operator.py took 0.031 seconds
[2024-07-03T12:38:47.234+0000] {processor.py:161} INFO - Started process (PID=914) to work on /home/airflow/.local/lib/python3.12/site-packages/airflow/example_dags/example_short_circuit_operator.py
[2024-07-03T12:38:47.234+0000] {processor.py:830} INFO - Processing file /home/airflow/.local/lib/python3.12/site-packages/airflow/example_dags/example_short_circuit_operator.py for tasks to queue
[2024-07-03T12:38:47.235+0000] {logging_mixin.py:188} INFO - [2024-07-03T12:38:47.235+0000] {dagbag.py:545} INFO - Filling up the DagBag from /home/airflow/.local/lib/python3.12/site-packages/airflow/example_dags/example_short_circuit_operator.py
[2024-07-03T12:38:47.238+0000] {processor.py:840} INFO - DAG(s) 'example_short_circuit_operator' retrieved from /home/airflow/.local/lib/python3.12/site-packages/airflow/example_dags/example_short_circuit_operator.py
[2024-07-03T12:38:47.247+0000] {logging_mixin.py:188} INFO - [2024-07-03T12:38:47.246+0000] {dag.py:3096} INFO - Sync 1 DAGs
[2024-07-03T12:38:47.255+0000] {logging_mixin.py:188} INFO - [2024-07-03T12:38:47.254+0000] {dag.py:3954} INFO - Setting next_dagrun for example_short_circuit_operator to 2024-07-02 00:00:00+00:00, run_after=2024-07-03 00:00:00+00:00
[2024-07-03T12:38:47.261+0000] {processor.py:183} INFO - Processing /home/airflow/.local/lib/python3.12/site-packages/airflow/example_dags/example_short_circuit_operator.py took 0.029 seconds
[2024-07-03T12:39:17.602+0000] {processor.py:161} INFO - Started process (PID=971) to work on /home/airflow/.local/lib/python3.12/site-packages/airflow/example_dags/example_short_circuit_operator.py
[2024-07-03T12:39:17.604+0000] {processor.py:830} INFO - Processing file /home/airflow/.local/lib/python3.12/site-packages/airflow/example_dags/example_short_circuit_operator.py for tasks to queue
[2024-07-03T12:39:17.605+0000] {logging_mixin.py:188} INFO - [2024-07-03T12:39:17.604+0000] {dagbag.py:545} INFO - Filling up the DagBag from /home/airflow/.local/lib/python3.12/site-packages/airflow/example_dags/example_short_circuit_operator.py
[2024-07-03T12:39:17.608+0000] {processor.py:840} INFO - DAG(s) 'example_short_circuit_operator' retrieved from /home/airflow/.local/lib/python3.12/site-packages/airflow/example_dags/example_short_circuit_operator.py
[2024-07-03T12:39:17.616+0000] {logging_mixin.py:188} INFO - [2024-07-03T12:39:17.616+0000] {dag.py:3096} INFO - Sync 1 DAGs
[2024-07-03T12:39:17.624+0000] {logging_mixin.py:188} INFO - [2024-07-03T12:39:17.624+0000] {dag.py:3954} INFO - Setting next_dagrun for example_short_circuit_operator to 2024-07-02 00:00:00+00:00, run_after=2024-07-03 00:00:00+00:00
[2024-07-03T12:39:17.630+0000] {processor.py:183} INFO - Processing /home/airflow/.local/lib/python3.12/site-packages/airflow/example_dags/example_short_circuit_operator.py took 0.030 seconds
[2024-07-03T12:39:47.979+0000] {processor.py:161} INFO - Started process (PID=1029) to work on /home/airflow/.local/lib/python3.12/site-packages/airflow/example_dags/example_short_circuit_operator.py
[2024-07-03T12:39:47.980+0000] {processor.py:830} INFO - Processing file /home/airflow/.local/lib/python3.12/site-packages/airflow/example_dags/example_short_circuit_operator.py for tasks to queue
[2024-07-03T12:39:47.981+0000] {logging_mixin.py:188} INFO - [2024-07-03T12:39:47.981+0000] {dagbag.py:545} INFO - Filling up the DagBag from /home/airflow/.local/lib/python3.12/site-packages/airflow/example_dags/example_short_circuit_operator.py
[2024-07-03T12:39:47.984+0000] {processor.py:840} INFO - DAG(s) 'example_short_circuit_operator' retrieved from /home/airflow/.local/lib/python3.12/site-packages/airflow/example_dags/example_short_circuit_operator.py
[2024-07-03T12:39:47.993+0000] {logging_mixin.py:188} INFO - [2024-07-03T12:39:47.993+0000] {dag.py:3096} INFO - Sync 1 DAGs
[2024-07-03T12:39:48.000+0000] {logging_mixin.py:188} INFO - [2024-07-03T12:39:48.000+0000] {dag.py:3954} INFO - Setting next_dagrun for example_short_circuit_operator to 2024-07-02 00:00:00+00:00, run_after=2024-07-03 00:00:00+00:00
[2024-07-03T12:39:48.006+0000] {processor.py:183} INFO - Processing /home/airflow/.local/lib/python3.12/site-packages/airflow/example_dags/example_short_circuit_operator.py took 0.030 seconds
[2024-07-03T12:40:18.331+0000] {processor.py:161} INFO - Started process (PID=1086) to work on /home/airflow/.local/lib/python3.12/site-packages/airflow/example_dags/example_short_circuit_operator.py
[2024-07-03T12:40:18.331+0000] {processor.py:830} INFO - Processing file /home/airflow/.local/lib/python3.12/site-packages/airflow/example_dags/example_short_circuit_operator.py for tasks to queue
[2024-07-03T12:40:18.332+0000] {logging_mixin.py:188} INFO - [2024-07-03T12:40:18.332+0000] {dagbag.py:545} INFO - Filling up the DagBag from /home/airflow/.local/lib/python3.12/site-packages/airflow/example_dags/example_short_circuit_operator.py
[2024-07-03T12:40:18.335+0000] {processor.py:840} INFO - DAG(s) 'example_short_circuit_operator' retrieved from /home/airflow/.local/lib/python3.12/site-packages/airflow/example_dags/example_short_circuit_operator.py
[2024-07-03T12:40:18.343+0000] {logging_mixin.py:188} INFO - [2024-07-03T12:40:18.343+0000] {dag.py:3096} INFO - Sync 1 DAGs
[2024-07-03T12:40:18.351+0000] {logging_mixin.py:188} INFO - [2024-07-03T12:40:18.351+0000] {dag.py:3954} INFO - Setting next_dagrun for example_short_circuit_operator to 2024-07-02 00:00:00+00:00, run_after=2024-07-03 00:00:00+00:00
[2024-07-03T12:40:18.357+0000] {processor.py:183} INFO - Processing /home/airflow/.local/lib/python3.12/site-packages/airflow/example_dags/example_short_circuit_operator.py took 0.028 seconds
[2024-07-03T12:40:48.667+0000] {processor.py:161} INFO - Started process (PID=1143) to work on /home/airflow/.local/lib/python3.12/site-packages/airflow/example_dags/example_short_circuit_operator.py
[2024-07-03T12:40:48.667+0000] {processor.py:830} INFO - Processing file /home/airflow/.local/lib/python3.12/site-packages/airflow/example_dags/example_short_circuit_operator.py for tasks to queue
[2024-07-03T12:40:48.668+0000] {logging_mixin.py:188} INFO - [2024-07-03T12:40:48.668+0000] {dagbag.py:545} INFO - Filling up the DagBag from /home/airflow/.local/lib/python3.12/site-packages/airflow/example_dags/example_short_circuit_operator.py
[2024-07-03T12:40:48.671+0000] {processor.py:840} INFO - DAG(s) 'example_short_circuit_operator' retrieved from /home/airflow/.local/lib/python3.12/site-packages/airflow/example_dags/example_short_circuit_operator.py
[2024-07-03T12:40:48.679+0000] {logging_mixin.py:188} INFO - [2024-07-03T12:40:48.679+0000] {dag.py:3096} INFO - Sync 1 DAGs
[2024-07-03T12:40:48.687+0000] {logging_mixin.py:188} INFO - [2024-07-03T12:40:48.687+0000] {dag.py:3954} INFO - Setting next_dagrun for example_short_circuit_operator to 2024-07-02 00:00:00+00:00, run_after=2024-07-03 00:00:00+00:00
[2024-07-03T12:40:48.693+0000] {processor.py:183} INFO - Processing /home/airflow/.local/lib/python3.12/site-packages/airflow/example_dags/example_short_circuit_operator.py took 0.029 seconds
[2024-07-03T12:41:18.992+0000] {processor.py:161} INFO - Started process (PID=1201) to work on /home/airflow/.local/lib/python3.12/site-packages/airflow/example_dags/example_short_circuit_operator.py
[2024-07-03T12:41:18.992+0000] {processor.py:830} INFO - Processing file /home/airflow/.local/lib/python3.12/site-packages/airflow/example_dags/example_short_circuit_operator.py for tasks to queue
[2024-07-03T12:41:18.993+0000] {logging_mixin.py:188} INFO - [2024-07-03T12:41:18.992+0000] {dagbag.py:545} INFO - Filling up the DagBag from /home/airflow/.local/lib/python3.12/site-packages/airflow/example_dags/example_short_circuit_operator.py
[2024-07-03T12:41:18.995+0000] {processor.py:840} INFO - DAG(s) 'example_short_circuit_operator' retrieved from /home/airflow/.local/lib/python3.12/site-packages/airflow/example_dags/example_short_circuit_operator.py
[2024-07-03T12:41:19.003+0000] {logging_mixin.py:188} INFO - [2024-07-03T12:41:19.003+0000] {dag.py:3096} INFO - Sync 1 DAGs
[2024-07-03T12:41:19.010+0000] {logging_mixin.py:188} INFO - [2024-07-03T12:41:19.010+0000] {dag.py:3954} INFO - Setting next_dagrun for example_short_circuit_operator to 2024-07-02 00:00:00+00:00, run_after=2024-07-03 00:00:00+00:00
[2024-07-03T12:41:19.017+0000] {processor.py:183} INFO - Processing /home/airflow/.local/lib/python3.12/site-packages/airflow/example_dags/example_short_circuit_operator.py took 0.027 seconds
[2024-07-03T12:41:49.339+0000] {processor.py:161} INFO - Started process (PID=1259) to work on /home/airflow/.local/lib/python3.12/site-packages/airflow/example_dags/example_short_circuit_operator.py
[2024-07-03T12:41:49.340+0000] {processor.py:830} INFO - Processing file /home/airflow/.local/lib/python3.12/site-packages/airflow/example_dags/example_short_circuit_operator.py for tasks to queue
[2024-07-03T12:41:49.341+0000] {logging_mixin.py:188} INFO - [2024-07-03T12:41:49.340+0000] {dagbag.py:545} INFO - Filling up the DagBag from /home/airflow/.local/lib/python3.12/site-packages/airflow/example_dags/example_short_circuit_operator.py
[2024-07-03T12:41:49.343+0000] {processor.py:840} INFO - DAG(s) 'example_short_circuit_operator' retrieved from /home/airflow/.local/lib/python3.12/site-packages/airflow/example_dags/example_short_circuit_operator.py
[2024-07-03T12:41:49.352+0000] {logging_mixin.py:188} INFO - [2024-07-03T12:41:49.352+0000] {dag.py:3096} INFO - Sync 1 DAGs
[2024-07-03T12:41:49.359+0000] {logging_mixin.py:188} INFO - [2024-07-03T12:41:49.359+0000] {dag.py:3954} INFO - Setting next_dagrun for example_short_circuit_operator to 2024-07-02 00:00:00+00:00, run_after=2024-07-03 00:00:00+00:00
[2024-07-03T12:41:49.366+0000] {processor.py:183} INFO - Processing /home/airflow/.local/lib/python3.12/site-packages/airflow/example_dags/example_short_circuit_operator.py took 0.029 seconds
[2024-07-03T12:42:19.689+0000] {processor.py:161} INFO - Started process (PID=1317) to work on /home/airflow/.local/lib/python3.12/site-packages/airflow/example_dags/example_short_circuit_operator.py
[2024-07-03T12:42:19.689+0000] {processor.py:830} INFO - Processing file /home/airflow/.local/lib/python3.12/site-packages/airflow/example_dags/example_short_circuit_operator.py for tasks to queue
[2024-07-03T12:42:19.690+0000] {logging_mixin.py:188} INFO - [2024-07-03T12:42:19.690+0000] {dagbag.py:545} INFO - Filling up the DagBag from /home/airflow/.local/lib/python3.12/site-packages/airflow/example_dags/example_short_circuit_operator.py
[2024-07-03T12:42:19.693+0000] {processor.py:840} INFO - DAG(s) 'example_short_circuit_operator' retrieved from /home/airflow/.local/lib/python3.12/site-packages/airflow/example_dags/example_short_circuit_operator.py
[2024-07-03T12:42:19.701+0000] {logging_mixin.py:188} INFO - [2024-07-03T12:42:19.701+0000] {dag.py:3096} INFO - Sync 1 DAGs
[2024-07-03T12:42:19.709+0000] {logging_mixin.py:188} INFO - [2024-07-03T12:42:19.709+0000] {dag.py:3954} INFO - Setting next_dagrun for example_short_circuit_operator to 2024-07-02 00:00:00+00:00, run_after=2024-07-03 00:00:00+00:00
[2024-07-03T12:42:19.715+0000] {processor.py:183} INFO - Processing /home/airflow/.local/lib/python3.12/site-packages/airflow/example_dags/example_short_circuit_operator.py took 0.028 seconds
[2024-07-03T12:42:50.024+0000] {processor.py:161} INFO - Started process (PID=1375) to work on /home/airflow/.local/lib/python3.12/site-packages/airflow/example_dags/example_short_circuit_operator.py
[2024-07-03T12:42:50.024+0000] {processor.py:830} INFO - Processing file /home/airflow/.local/lib/python3.12/site-packages/airflow/example_dags/example_short_circuit_operator.py for tasks to queue
[2024-07-03T12:42:50.025+0000] {logging_mixin.py:188} INFO - [2024-07-03T12:42:50.025+0000] {dagbag.py:545} INFO - Filling up the DagBag from /home/airflow/.local/lib/python3.12/site-packages/airflow/example_dags/example_short_circuit_operator.py
[2024-07-03T12:42:50.027+0000] {processor.py:840} INFO - DAG(s) 'example_short_circuit_operator' retrieved from /home/airflow/.local/lib/python3.12/site-packages/airflow/example_dags/example_short_circuit_operator.py
[2024-07-03T12:42:50.036+0000] {logging_mixin.py:188} INFO - [2024-07-03T12:42:50.035+0000] {dag.py:3096} INFO - Sync 1 DAGs
[2024-07-03T12:42:50.043+0000] {logging_mixin.py:188} INFO - [2024-07-03T12:42:50.043+0000] {dag.py:3954} INFO - Setting next_dagrun for example_short_circuit_operator to 2024-07-02 00:00:00+00:00, run_after=2024-07-03 00:00:00+00:00
[2024-07-03T12:42:50.049+0000] {processor.py:183} INFO - Processing /home/airflow/.local/lib/python3.12/site-packages/airflow/example_dags/example_short_circuit_operator.py took 0.027 seconds
[2024-07-03T12:43:20.382+0000] {processor.py:161} INFO - Started process (PID=1433) to work on /home/airflow/.local/lib/python3.12/site-packages/airflow/example_dags/example_short_circuit_operator.py
[2024-07-03T12:43:20.382+0000] {processor.py:830} INFO - Processing file /home/airflow/.local/lib/python3.12/site-packages/airflow/example_dags/example_short_circuit_operator.py for tasks to queue
[2024-07-03T12:43:20.383+0000] {logging_mixin.py:188} INFO - [2024-07-03T12:43:20.383+0000] {dagbag.py:545} INFO - Filling up the DagBag from /home/airflow/.local/lib/python3.12/site-packages/airflow/example_dags/example_short_circuit_operator.py
[2024-07-03T12:43:20.386+0000] {processor.py:840} INFO - DAG(s) 'example_short_circuit_operator' retrieved from /home/airflow/.local/lib/python3.12/site-packages/airflow/example_dags/example_short_circuit_operator.py
[2024-07-03T12:43:20.394+0000] {logging_mixin.py:188} INFO - [2024-07-03T12:43:20.394+0000] {dag.py:3096} INFO - Sync 1 DAGs
[2024-07-03T12:43:20.402+0000] {logging_mixin.py:188} INFO - [2024-07-03T12:43:20.402+0000] {dag.py:3954} INFO - Setting next_dagrun for example_short_circuit_operator to 2024-07-02 00:00:00+00:00, run_after=2024-07-03 00:00:00+00:00
[2024-07-03T12:43:20.408+0000] {processor.py:183} INFO - Processing /home/airflow/.local/lib/python3.12/site-packages/airflow/example_dags/example_short_circuit_operator.py took 0.028 seconds
[2024-07-03T12:43:50.749+0000] {processor.py:161} INFO - Started process (PID=1491) to work on /home/airflow/.local/lib/python3.12/site-packages/airflow/example_dags/example_short_circuit_operator.py
[2024-07-03T12:43:50.749+0000] {processor.py:830} INFO - Processing file /home/airflow/.local/lib/python3.12/site-packages/airflow/example_dags/example_short_circuit_operator.py for tasks to queue
[2024-07-03T12:43:50.750+0000] {logging_mixin.py:188} INFO - [2024-07-03T12:43:50.750+0000] {dagbag.py:545} INFO - Filling up the DagBag from /home/airflow/.local/lib/python3.12/site-packages/airflow/example_dags/example_short_circuit_operator.py
[2024-07-03T12:43:50.753+0000] {processor.py:840} INFO - DAG(s) 'example_short_circuit_operator' retrieved from /home/airflow/.local/lib/python3.12/site-packages/airflow/example_dags/example_short_circuit_operator.py
[2024-07-03T12:43:50.763+0000] {logging_mixin.py:188} INFO - [2024-07-03T12:43:50.763+0000] {dag.py:3096} INFO - Sync 1 DAGs
[2024-07-03T12:43:50.771+0000] {logging_mixin.py:188} INFO - [2024-07-03T12:43:50.771+0000] {dag.py:3954} INFO - Setting next_dagrun for example_short_circuit_operator to 2024-07-02 00:00:00+00:00, run_after=2024-07-03 00:00:00+00:00
[2024-07-03T12:43:50.777+0000] {processor.py:183} INFO - Processing /home/airflow/.local/lib/python3.12/site-packages/airflow/example_dags/example_short_circuit_operator.py took 0.030 seconds
[2024-07-03T12:44:21.115+0000] {processor.py:161} INFO - Started process (PID=1549) to work on /home/airflow/.local/lib/python3.12/site-packages/airflow/example_dags/example_short_circuit_operator.py
[2024-07-03T12:44:21.115+0000] {processor.py:830} INFO - Processing file /home/airflow/.local/lib/python3.12/site-packages/airflow/example_dags/example_short_circuit_operator.py for tasks to queue
[2024-07-03T12:44:21.116+0000] {logging_mixin.py:188} INFO - [2024-07-03T12:44:21.116+0000] {dagbag.py:545} INFO - Filling up the DagBag from /home/airflow/.local/lib/python3.12/site-packages/airflow/example_dags/example_short_circuit_operator.py
[2024-07-03T12:44:21.119+0000] {processor.py:840} INFO - DAG(s) 'example_short_circuit_operator' retrieved from /home/airflow/.local/lib/python3.12/site-packages/airflow/example_dags/example_short_circuit_operator.py
[2024-07-03T12:44:21.127+0000] {logging_mixin.py:188} INFO - [2024-07-03T12:44:21.127+0000] {dag.py:3096} INFO - Sync 1 DAGs
[2024-07-03T12:44:21.135+0000] {logging_mixin.py:188} INFO - [2024-07-03T12:44:21.135+0000] {dag.py:3954} INFO - Setting next_dagrun for example_short_circuit_operator to 2024-07-02 00:00:00+00:00, run_after=2024-07-03 00:00:00+00:00
[2024-07-03T12:44:21.141+0000] {processor.py:183} INFO - Processing /home/airflow/.local/lib/python3.12/site-packages/airflow/example_dags/example_short_circuit_operator.py took 0.029 seconds
[2024-07-03T12:44:51.533+0000] {processor.py:161} INFO - Started process (PID=1607) to work on /home/airflow/.local/lib/python3.12/site-packages/airflow/example_dags/example_short_circuit_operator.py
[2024-07-03T12:44:51.533+0000] {processor.py:830} INFO - Processing file /home/airflow/.local/lib/python3.12/site-packages/airflow/example_dags/example_short_circuit_operator.py for tasks to queue
[2024-07-03T12:44:51.534+0000] {logging_mixin.py:188} INFO - [2024-07-03T12:44:51.534+0000] {dagbag.py:545} INFO - Filling up the DagBag from /home/airflow/.local/lib/python3.12/site-packages/airflow/example_dags/example_short_circuit_operator.py
[2024-07-03T12:44:51.537+0000] {processor.py:840} INFO - DAG(s) 'example_short_circuit_operator' retrieved from /home/airflow/.local/lib/python3.12/site-packages/airflow/example_dags/example_short_circuit_operator.py
[2024-07-03T12:44:51.544+0000] {logging_mixin.py:188} INFO - [2024-07-03T12:44:51.544+0000] {dag.py:3096} INFO - Sync 1 DAGs
[2024-07-03T12:44:51.552+0000] {logging_mixin.py:188} INFO - [2024-07-03T12:44:51.552+0000] {dag.py:3954} INFO - Setting next_dagrun for example_short_circuit_operator to 2024-07-02 00:00:00+00:00, run_after=2024-07-03 00:00:00+00:00
[2024-07-03T12:44:51.558+0000] {processor.py:183} INFO - Processing /home/airflow/.local/lib/python3.12/site-packages/airflow/example_dags/example_short_circuit_operator.py took 0.026 seconds
[2024-07-03T12:45:21.868+0000] {processor.py:161} INFO - Started process (PID=1665) to work on /home/airflow/.local/lib/python3.12/site-packages/airflow/example_dags/example_short_circuit_operator.py
[2024-07-03T12:45:21.868+0000] {processor.py:830} INFO - Processing file /home/airflow/.local/lib/python3.12/site-packages/airflow/example_dags/example_short_circuit_operator.py for tasks to queue
[2024-07-03T12:45:21.869+0000] {logging_mixin.py:188} INFO - [2024-07-03T12:45:21.869+0000] {dagbag.py:545} INFO - Filling up the DagBag from /home/airflow/.local/lib/python3.12/site-packages/airflow/example_dags/example_short_circuit_operator.py
[2024-07-03T12:45:21.872+0000] {processor.py:840} INFO - DAG(s) 'example_short_circuit_operator' retrieved from /home/airflow/.local/lib/python3.12/site-packages/airflow/example_dags/example_short_circuit_operator.py
[2024-07-03T12:45:21.880+0000] {logging_mixin.py:188} INFO - [2024-07-03T12:45:21.880+0000] {dag.py:3096} INFO - Sync 1 DAGs
[2024-07-03T12:45:21.888+0000] {logging_mixin.py:188} INFO - [2024-07-03T12:45:21.888+0000] {dag.py:3954} INFO - Setting next_dagrun for example_short_circuit_operator to 2024-07-02 00:00:00+00:00, run_after=2024-07-03 00:00:00+00:00
[2024-07-03T12:45:21.894+0000] {processor.py:183} INFO - Processing /home/airflow/.local/lib/python3.12/site-packages/airflow/example_dags/example_short_circuit_operator.py took 0.028 seconds
[2024-07-03T12:45:52.183+0000] {processor.py:161} INFO - Started process (PID=1723) to work on /home/airflow/.local/lib/python3.12/site-packages/airflow/example_dags/example_short_circuit_operator.py
[2024-07-03T12:45:52.184+0000] {processor.py:830} INFO - Processing file /home/airflow/.local/lib/python3.12/site-packages/airflow/example_dags/example_short_circuit_operator.py for tasks to queue
[2024-07-03T12:45:52.184+0000] {logging_mixin.py:188} INFO - [2024-07-03T12:45:52.184+0000] {dagbag.py:545} INFO - Filling up the DagBag from /home/airflow/.local/lib/python3.12/site-packages/airflow/example_dags/example_short_circuit_operator.py
[2024-07-03T12:45:52.187+0000] {processor.py:840} INFO - DAG(s) 'example_short_circuit_operator' retrieved from /home/airflow/.local/lib/python3.12/site-packages/airflow/example_dags/example_short_circuit_operator.py
[2024-07-03T12:45:52.196+0000] {logging_mixin.py:188} INFO - [2024-07-03T12:45:52.196+0000] {dag.py:3096} INFO - Sync 1 DAGs
[2024-07-03T12:45:52.203+0000] {logging_mixin.py:188} INFO - [2024-07-03T12:45:52.203+0000] {dag.py:3954} INFO - Setting next_dagrun for example_short_circuit_operator to 2024-07-02 00:00:00+00:00, run_after=2024-07-03 00:00:00+00:00
[2024-07-03T12:45:52.210+0000] {processor.py:183} INFO - Processing /home/airflow/.local/lib/python3.12/site-packages/airflow/example_dags/example_short_circuit_operator.py took 0.029 seconds
[2024-07-03T12:46:22.984+0000] {processor.py:161} INFO - Started process (PID=1781) to work on /home/airflow/.local/lib/python3.12/site-packages/airflow/example_dags/example_short_circuit_operator.py
[2024-07-03T12:46:22.985+0000] {processor.py:830} INFO - Processing file /home/airflow/.local/lib/python3.12/site-packages/airflow/example_dags/example_short_circuit_operator.py for tasks to queue
[2024-07-03T12:46:22.985+0000] {logging_mixin.py:188} INFO - [2024-07-03T12:46:22.985+0000] {dagbag.py:545} INFO - Filling up the DagBag from /home/airflow/.local/lib/python3.12/site-packages/airflow/example_dags/example_short_circuit_operator.py
[2024-07-03T12:46:22.988+0000] {processor.py:840} INFO - DAG(s) 'example_short_circuit_operator' retrieved from /home/airflow/.local/lib/python3.12/site-packages/airflow/example_dags/example_short_circuit_operator.py
[2024-07-03T12:46:22.997+0000] {logging_mixin.py:188} INFO - [2024-07-03T12:46:22.997+0000] {dag.py:3096} INFO - Sync 1 DAGs
[2024-07-03T12:46:23.005+0000] {logging_mixin.py:188} INFO - [2024-07-03T12:46:23.005+0000] {dag.py:3954} INFO - Setting next_dagrun for example_short_circuit_operator to 2024-07-02 00:00:00+00:00, run_after=2024-07-03 00:00:00+00:00
[2024-07-03T12:46:23.011+0000] {processor.py:183} INFO - Processing /home/airflow/.local/lib/python3.12/site-packages/airflow/example_dags/example_short_circuit_operator.py took 0.029 seconds
[2024-07-03T12:46:53.511+0000] {processor.py:161} INFO - Started process (PID=1839) to work on /home/airflow/.local/lib/python3.12/site-packages/airflow/example_dags/example_short_circuit_operator.py
[2024-07-03T12:46:53.511+0000] {processor.py:830} INFO - Processing file /home/airflow/.local/lib/python3.12/site-packages/airflow/example_dags/example_short_circuit_operator.py for tasks to queue
[2024-07-03T12:46:53.512+0000] {logging_mixin.py:188} INFO - [2024-07-03T12:46:53.512+0000] {dagbag.py:545} INFO - Filling up the DagBag from /home/airflow/.local/lib/python3.12/site-packages/airflow/example_dags/example_short_circuit_operator.py
[2024-07-03T12:46:53.515+0000] {processor.py:840} INFO - DAG(s) 'example_short_circuit_operator' retrieved from /home/airflow/.local/lib/python3.12/site-packages/airflow/example_dags/example_short_circuit_operator.py
[2024-07-03T12:46:53.523+0000] {logging_mixin.py:188} INFO - [2024-07-03T12:46:53.523+0000] {dag.py:3096} INFO - Sync 1 DAGs
[2024-07-03T12:46:53.587+0000] {logging_mixin.py:188} INFO - [2024-07-03T12:46:53.587+0000] {dag.py:3954} INFO - Setting next_dagrun for example_short_circuit_operator to 2024-07-02 00:00:00+00:00, run_after=2024-07-03 00:00:00+00:00
[2024-07-03T12:46:53.593+0000] {processor.py:183} INFO - Processing /home/airflow/.local/lib/python3.12/site-packages/airflow/example_dags/example_short_circuit_operator.py took 0.084 seconds
[2024-07-03T12:47:24.118+0000] {processor.py:161} INFO - Started process (PID=1897) to work on /home/airflow/.local/lib/python3.12/site-packages/airflow/example_dags/example_short_circuit_operator.py
[2024-07-03T12:47:24.119+0000] {processor.py:830} INFO - Processing file /home/airflow/.local/lib/python3.12/site-packages/airflow/example_dags/example_short_circuit_operator.py for tasks to queue
[2024-07-03T12:47:24.119+0000] {logging_mixin.py:188} INFO - [2024-07-03T12:47:24.119+0000] {dagbag.py:545} INFO - Filling up the DagBag from /home/airflow/.local/lib/python3.12/site-packages/airflow/example_dags/example_short_circuit_operator.py
[2024-07-03T12:47:24.122+0000] {processor.py:840} INFO - DAG(s) 'example_short_circuit_operator' retrieved from /home/airflow/.local/lib/python3.12/site-packages/airflow/example_dags/example_short_circuit_operator.py
[2024-07-03T12:47:24.131+0000] {logging_mixin.py:188} INFO - [2024-07-03T12:47:24.131+0000] {dag.py:3096} INFO - Sync 1 DAGs
[2024-07-03T12:47:24.139+0000] {logging_mixin.py:188} INFO - [2024-07-03T12:47:24.139+0000] {dag.py:3954} INFO - Setting next_dagrun for example_short_circuit_operator to 2024-07-02 00:00:00+00:00, run_after=2024-07-03 00:00:00+00:00
[2024-07-03T12:47:24.211+0000] {processor.py:183} INFO - Processing /home/airflow/.local/lib/python3.12/site-packages/airflow/example_dags/example_short_circuit_operator.py took 0.095 seconds
[2024-07-03T12:47:54.438+0000] {processor.py:161} INFO - Started process (PID=1955) to work on /home/airflow/.local/lib/python3.12/site-packages/airflow/example_dags/example_short_circuit_operator.py
[2024-07-03T12:47:54.439+0000] {processor.py:830} INFO - Processing file /home/airflow/.local/lib/python3.12/site-packages/airflow/example_dags/example_short_circuit_operator.py for tasks to queue
[2024-07-03T12:47:54.440+0000] {logging_mixin.py:188} INFO - [2024-07-03T12:47:54.440+0000] {dagbag.py:545} INFO - Filling up the DagBag from /home/airflow/.local/lib/python3.12/site-packages/airflow/example_dags/example_short_circuit_operator.py
[2024-07-03T12:47:54.443+0000] {processor.py:840} INFO - DAG(s) 'example_short_circuit_operator' retrieved from /home/airflow/.local/lib/python3.12/site-packages/airflow/example_dags/example_short_circuit_operator.py
[2024-07-03T12:47:54.452+0000] {logging_mixin.py:188} INFO - [2024-07-03T12:47:54.452+0000] {dag.py:3096} INFO - Sync 1 DAGs
[2024-07-03T12:47:54.460+0000] {logging_mixin.py:188} INFO - [2024-07-03T12:47:54.460+0000] {dag.py:3954} INFO - Setting next_dagrun for example_short_circuit_operator to 2024-07-02 00:00:00+00:00, run_after=2024-07-03 00:00:00+00:00
[2024-07-03T12:47:54.466+0000] {processor.py:183} INFO - Processing /home/airflow/.local/lib/python3.12/site-packages/airflow/example_dags/example_short_circuit_operator.py took 0.030 seconds
[2024-07-03T12:48:24.500+0000] {processor.py:161} INFO - Started process (PID=2012) to work on /home/airflow/.local/lib/python3.12/site-packages/airflow/example_dags/example_short_circuit_operator.py
[2024-07-03T12:48:24.501+0000] {processor.py:830} INFO - Processing file /home/airflow/.local/lib/python3.12/site-packages/airflow/example_dags/example_short_circuit_operator.py for tasks to queue
[2024-07-03T12:48:24.501+0000] {logging_mixin.py:188} INFO - [2024-07-03T12:48:24.501+0000] {dagbag.py:545} INFO - Filling up the DagBag from /home/airflow/.local/lib/python3.12/site-packages/airflow/example_dags/example_short_circuit_operator.py
[2024-07-03T12:48:24.504+0000] {processor.py:840} INFO - DAG(s) 'example_short_circuit_operator' retrieved from /home/airflow/.local/lib/python3.12/site-packages/airflow/example_dags/example_short_circuit_operator.py
[2024-07-03T12:48:24.512+0000] {logging_mixin.py:188} INFO - [2024-07-03T12:48:24.512+0000] {dag.py:3096} INFO - Sync 1 DAGs
[2024-07-03T12:48:24.519+0000] {logging_mixin.py:188} INFO - [2024-07-03T12:48:24.519+0000] {dag.py:3954} INFO - Setting next_dagrun for example_short_circuit_operator to 2024-07-02 00:00:00+00:00, run_after=2024-07-03 00:00:00+00:00
[2024-07-03T12:48:24.525+0000] {processor.py:183} INFO - Processing /home/airflow/.local/lib/python3.12/site-packages/airflow/example_dags/example_short_circuit_operator.py took 0.027 seconds
[2024-07-03T12:48:55.555+0000] {processor.py:161} INFO - Started process (PID=2071) to work on /home/airflow/.local/lib/python3.12/site-packages/airflow/example_dags/example_short_circuit_operator.py
[2024-07-03T12:48:55.555+0000] {processor.py:830} INFO - Processing file /home/airflow/.local/lib/python3.12/site-packages/airflow/example_dags/example_short_circuit_operator.py for tasks to queue
[2024-07-03T12:48:55.556+0000] {logging_mixin.py:188} INFO - [2024-07-03T12:48:55.556+0000] {dagbag.py:545} INFO - Filling up the DagBag from /home/airflow/.local/lib/python3.12/site-packages/airflow/example_dags/example_short_circuit_operator.py
[2024-07-03T12:48:55.628+0000] {processor.py:840} INFO - DAG(s) 'example_short_circuit_operator' retrieved from /home/airflow/.local/lib/python3.12/site-packages/airflow/example_dags/example_short_circuit_operator.py
[2024-07-03T12:48:55.634+0000] {logging_mixin.py:188} INFO - [2024-07-03T12:48:55.634+0000] {dag.py:3096} INFO - Sync 1 DAGs
[2024-07-03T12:48:55.641+0000] {logging_mixin.py:188} INFO - [2024-07-03T12:48:55.641+0000] {dag.py:3954} INFO - Setting next_dagrun for example_short_circuit_operator to 2024-07-02 00:00:00+00:00, run_after=2024-07-03 00:00:00+00:00
[2024-07-03T12:48:55.646+0000] {processor.py:183} INFO - Processing /home/airflow/.local/lib/python3.12/site-packages/airflow/example_dags/example_short_circuit_operator.py took 0.094 seconds
[2024-07-03T12:49:26.169+0000] {processor.py:161} INFO - Started process (PID=2129) to work on /home/airflow/.local/lib/python3.12/site-packages/airflow/example_dags/example_short_circuit_operator.py
[2024-07-03T12:49:26.170+0000] {processor.py:830} INFO - Processing file /home/airflow/.local/lib/python3.12/site-packages/airflow/example_dags/example_short_circuit_operator.py for tasks to queue
[2024-07-03T12:49:26.171+0000] {logging_mixin.py:188} INFO - [2024-07-03T12:49:26.170+0000] {dagbag.py:545} INFO - Filling up the DagBag from /home/airflow/.local/lib/python3.12/site-packages/airflow/example_dags/example_short_circuit_operator.py
[2024-07-03T12:49:26.173+0000] {processor.py:840} INFO - DAG(s) 'example_short_circuit_operator' retrieved from /home/airflow/.local/lib/python3.12/site-packages/airflow/example_dags/example_short_circuit_operator.py
[2024-07-03T12:49:26.182+0000] {logging_mixin.py:188} INFO - [2024-07-03T12:49:26.182+0000] {dag.py:3096} INFO - Sync 1 DAGs
[2024-07-03T12:49:26.189+0000] {logging_mixin.py:188} INFO - [2024-07-03T12:49:26.189+0000] {dag.py:3954} INFO - Setting next_dagrun for example_short_circuit_operator to 2024-07-02 00:00:00+00:00, run_after=2024-07-03 00:00:00+00:00
[2024-07-03T12:49:26.196+0000] {processor.py:183} INFO - Processing /home/airflow/.local/lib/python3.12/site-packages/airflow/example_dags/example_short_circuit_operator.py took 0.028 seconds
[2024-07-03T12:49:56.564+0000] {processor.py:161} INFO - Started process (PID=2187) to work on /home/airflow/.local/lib/python3.12/site-packages/airflow/example_dags/example_short_circuit_operator.py
[2024-07-03T12:49:56.565+0000] {processor.py:830} INFO - Processing file /home/airflow/.local/lib/python3.12/site-packages/airflow/example_dags/example_short_circuit_operator.py for tasks to queue
[2024-07-03T12:49:56.565+0000] {logging_mixin.py:188} INFO - [2024-07-03T12:49:56.565+0000] {dagbag.py:545} INFO - Filling up the DagBag from /home/airflow/.local/lib/python3.12/site-packages/airflow/example_dags/example_short_circuit_operator.py
[2024-07-03T12:49:56.568+0000] {processor.py:840} INFO - DAG(s) 'example_short_circuit_operator' retrieved from /home/airflow/.local/lib/python3.12/site-packages/airflow/example_dags/example_short_circuit_operator.py
[2024-07-03T12:49:56.577+0000] {logging_mixin.py:188} INFO - [2024-07-03T12:49:56.577+0000] {dag.py:3096} INFO - Sync 1 DAGs
[2024-07-03T12:49:56.584+0000] {logging_mixin.py:188} INFO - [2024-07-03T12:49:56.584+0000] {dag.py:3954} INFO - Setting next_dagrun for example_short_circuit_operator to 2024-07-02 00:00:00+00:00, run_after=2024-07-03 00:00:00+00:00
[2024-07-03T12:49:56.590+0000] {processor.py:183} INFO - Processing /home/airflow/.local/lib/python3.12/site-packages/airflow/example_dags/example_short_circuit_operator.py took 0.029 seconds
[2024-07-03T12:50:26.980+0000] {processor.py:161} INFO - Started process (PID=2245) to work on /home/airflow/.local/lib/python3.12/site-packages/airflow/example_dags/example_short_circuit_operator.py
[2024-07-03T12:50:26.980+0000] {processor.py:830} INFO - Processing file /home/airflow/.local/lib/python3.12/site-packages/airflow/example_dags/example_short_circuit_operator.py for tasks to queue
[2024-07-03T12:50:26.981+0000] {logging_mixin.py:188} INFO - [2024-07-03T12:50:26.981+0000] {dagbag.py:545} INFO - Filling up the DagBag from /home/airflow/.local/lib/python3.12/site-packages/airflow/example_dags/example_short_circuit_operator.py
[2024-07-03T12:50:26.985+0000] {processor.py:840} INFO - DAG(s) 'example_short_circuit_operator' retrieved from /home/airflow/.local/lib/python3.12/site-packages/airflow/example_dags/example_short_circuit_operator.py
[2024-07-03T12:50:26.994+0000] {logging_mixin.py:188} INFO - [2024-07-03T12:50:26.994+0000] {dag.py:3096} INFO - Sync 1 DAGs
[2024-07-03T12:50:27.004+0000] {logging_mixin.py:188} INFO - [2024-07-03T12:50:27.003+0000] {dag.py:3954} INFO - Setting next_dagrun for example_short_circuit_operator to 2024-07-02 00:00:00+00:00, run_after=2024-07-03 00:00:00+00:00
[2024-07-03T12:50:27.010+0000] {processor.py:183} INFO - Processing /home/airflow/.local/lib/python3.12/site-packages/airflow/example_dags/example_short_circuit_operator.py took 0.033 seconds
