[2024-07-03T12:31:11.773+0000] {processor.py:161} INFO - Started process (PID=55) to work on /home/airflow/.local/lib/python3.12/site-packages/airflow/example_dags/example_sla_dag.py
[2024-07-03T12:31:11.775+0000] {processor.py:830} INFO - Processing file /home/airflow/.local/lib/python3.12/site-packages/airflow/example_dags/example_sla_dag.py for tasks to queue
[2024-07-03T12:31:11.776+0000] {logging_mixin.py:188} INFO - [2024-07-03T12:31:11.776+0000] {dagbag.py:545} INFO - Filling up the DagBag from /home/airflow/.local/lib/python3.12/site-packages/airflow/example_dags/example_sla_dag.py
[2024-07-03T12:31:11.787+0000] {processor.py:840} INFO - DAG(s) 'example_sla_dag' retrieved from /home/airflow/.local/lib/python3.12/site-packages/airflow/example_dags/example_sla_dag.py
[2024-07-03T12:31:11.794+0000] {logging_mixin.py:188} INFO - [2024-07-03T12:31:11.794+0000] {dag.py:3096} INFO - Sync 1 DAGs
[2024-07-03T12:31:11.810+0000] {logging_mixin.py:188} INFO - [2024-07-03T12:31:11.809+0000] {dag.py:3954} INFO - Setting next_dagrun for example_sla_dag to 2024-07-03 12:28:00+00:00, run_after=2024-07-03 12:30:00+00:00
[2024-07-03T12:31:11.820+0000] {processor.py:183} INFO - Processing /home/airflow/.local/lib/python3.12/site-packages/airflow/example_dags/example_sla_dag.py took 0.051 seconds
[2024-07-03T12:31:42.358+0000] {processor.py:161} INFO - Started process (PID=113) to work on /home/airflow/.local/lib/python3.12/site-packages/airflow/example_dags/example_sla_dag.py
[2024-07-03T12:31:42.359+0000] {processor.py:830} INFO - Processing file /home/airflow/.local/lib/python3.12/site-packages/airflow/example_dags/example_sla_dag.py for tasks to queue
[2024-07-03T12:31:42.359+0000] {logging_mixin.py:188} INFO - [2024-07-03T12:31:42.359+0000] {dagbag.py:545} INFO - Filling up the DagBag from /home/airflow/.local/lib/python3.12/site-packages/airflow/example_dags/example_sla_dag.py
[2024-07-03T12:31:42.363+0000] {processor.py:840} INFO - DAG(s) 'example_sla_dag' retrieved from /home/airflow/.local/lib/python3.12/site-packages/airflow/example_dags/example_sla_dag.py
[2024-07-03T12:31:42.398+0000] {logging_mixin.py:188} INFO - [2024-07-03T12:31:42.398+0000] {dag.py:3096} INFO - Sync 1 DAGs
[2024-07-03T12:31:42.405+0000] {logging_mixin.py:188} INFO - [2024-07-03T12:31:42.405+0000] {dag.py:3954} INFO - Setting next_dagrun for example_sla_dag to 2024-07-03 12:28:00+00:00, run_after=2024-07-03 12:30:00+00:00
[2024-07-03T12:31:42.412+0000] {processor.py:183} INFO - Processing /home/airflow/.local/lib/python3.12/site-packages/airflow/example_dags/example_sla_dag.py took 0.056 seconds
[2024-07-03T12:32:13.366+0000] {processor.py:161} INFO - Started process (PID=171) to work on /home/airflow/.local/lib/python3.12/site-packages/airflow/example_dags/example_sla_dag.py
[2024-07-03T12:32:13.367+0000] {processor.py:830} INFO - Processing file /home/airflow/.local/lib/python3.12/site-packages/airflow/example_dags/example_sla_dag.py for tasks to queue
[2024-07-03T12:32:13.367+0000] {logging_mixin.py:188} INFO - [2024-07-03T12:32:13.367+0000] {dagbag.py:545} INFO - Filling up the DagBag from /home/airflow/.local/lib/python3.12/site-packages/airflow/example_dags/example_sla_dag.py
[2024-07-03T12:32:13.371+0000] {processor.py:840} INFO - DAG(s) 'example_sla_dag' retrieved from /home/airflow/.local/lib/python3.12/site-packages/airflow/example_dags/example_sla_dag.py
[2024-07-03T12:32:13.379+0000] {logging_mixin.py:188} INFO - [2024-07-03T12:32:13.378+0000] {dag.py:3096} INFO - Sync 1 DAGs
[2024-07-03T12:32:13.387+0000] {logging_mixin.py:188} INFO - [2024-07-03T12:32:13.387+0000] {dag.py:3954} INFO - Setting next_dagrun for example_sla_dag to 2024-07-03 12:30:00+00:00, run_after=2024-07-03 12:32:00+00:00
[2024-07-03T12:32:13.393+0000] {processor.py:183} INFO - Processing /home/airflow/.local/lib/python3.12/site-packages/airflow/example_dags/example_sla_dag.py took 0.029 seconds
[2024-07-03T12:32:43.804+0000] {processor.py:161} INFO - Started process (PID=229) to work on /home/airflow/.local/lib/python3.12/site-packages/airflow/example_dags/example_sla_dag.py
[2024-07-03T12:32:43.805+0000] {processor.py:830} INFO - Processing file /home/airflow/.local/lib/python3.12/site-packages/airflow/example_dags/example_sla_dag.py for tasks to queue
[2024-07-03T12:32:43.805+0000] {logging_mixin.py:188} INFO - [2024-07-03T12:32:43.805+0000] {dagbag.py:545} INFO - Filling up the DagBag from /home/airflow/.local/lib/python3.12/site-packages/airflow/example_dags/example_sla_dag.py
[2024-07-03T12:32:43.809+0000] {processor.py:840} INFO - DAG(s) 'example_sla_dag' retrieved from /home/airflow/.local/lib/python3.12/site-packages/airflow/example_dags/example_sla_dag.py
[2024-07-03T12:32:43.816+0000] {logging_mixin.py:188} INFO - [2024-07-03T12:32:43.816+0000] {dag.py:3096} INFO - Sync 1 DAGs
[2024-07-03T12:32:43.824+0000] {logging_mixin.py:188} INFO - [2024-07-03T12:32:43.824+0000] {dag.py:3954} INFO - Setting next_dagrun for example_sla_dag to 2024-07-03 12:30:00+00:00, run_after=2024-07-03 12:32:00+00:00
[2024-07-03T12:32:43.830+0000] {processor.py:183} INFO - Processing /home/airflow/.local/lib/python3.12/site-packages/airflow/example_dags/example_sla_dag.py took 0.029 seconds
[2024-07-03T12:33:14.410+0000] {processor.py:161} INFO - Started process (PID=287) to work on /home/airflow/.local/lib/python3.12/site-packages/airflow/example_dags/example_sla_dag.py
[2024-07-03T12:33:14.410+0000] {processor.py:830} INFO - Processing file /home/airflow/.local/lib/python3.12/site-packages/airflow/example_dags/example_sla_dag.py for tasks to queue
[2024-07-03T12:33:14.411+0000] {logging_mixin.py:188} INFO - [2024-07-03T12:33:14.411+0000] {dagbag.py:545} INFO - Filling up the DagBag from /home/airflow/.local/lib/python3.12/site-packages/airflow/example_dags/example_sla_dag.py
[2024-07-03T12:33:14.415+0000] {processor.py:840} INFO - DAG(s) 'example_sla_dag' retrieved from /home/airflow/.local/lib/python3.12/site-packages/airflow/example_dags/example_sla_dag.py
[2024-07-03T12:33:14.424+0000] {logging_mixin.py:188} INFO - [2024-07-03T12:33:14.424+0000] {dag.py:3096} INFO - Sync 1 DAGs
[2024-07-03T12:33:14.439+0000] {logging_mixin.py:188} INFO - [2024-07-03T12:33:14.439+0000] {dag.py:3954} INFO - Setting next_dagrun for example_sla_dag to 2024-07-03 12:30:00+00:00, run_after=2024-07-03 12:32:00+00:00
[2024-07-03T12:33:14.448+0000] {processor.py:183} INFO - Processing /home/airflow/.local/lib/python3.12/site-packages/airflow/example_dags/example_sla_dag.py took 0.040 seconds
[2024-07-03T12:33:44.807+0000] {processor.py:161} INFO - Started process (PID=345) to work on /home/airflow/.local/lib/python3.12/site-packages/airflow/example_dags/example_sla_dag.py
[2024-07-03T12:33:44.808+0000] {processor.py:830} INFO - Processing file /home/airflow/.local/lib/python3.12/site-packages/airflow/example_dags/example_sla_dag.py for tasks to queue
[2024-07-03T12:33:44.808+0000] {logging_mixin.py:188} INFO - [2024-07-03T12:33:44.808+0000] {dagbag.py:545} INFO - Filling up the DagBag from /home/airflow/.local/lib/python3.12/site-packages/airflow/example_dags/example_sla_dag.py
[2024-07-03T12:33:44.812+0000] {processor.py:840} INFO - DAG(s) 'example_sla_dag' retrieved from /home/airflow/.local/lib/python3.12/site-packages/airflow/example_dags/example_sla_dag.py
[2024-07-03T12:33:44.820+0000] {logging_mixin.py:188} INFO - [2024-07-03T12:33:44.820+0000] {dag.py:3096} INFO - Sync 1 DAGs
[2024-07-03T12:33:44.829+0000] {logging_mixin.py:188} INFO - [2024-07-03T12:33:44.829+0000] {dag.py:3954} INFO - Setting next_dagrun for example_sla_dag to 2024-07-03 12:30:00+00:00, run_after=2024-07-03 12:32:00+00:00
[2024-07-03T12:33:44.836+0000] {processor.py:183} INFO - Processing /home/airflow/.local/lib/python3.12/site-packages/airflow/example_dags/example_sla_dag.py took 0.031 seconds
[2024-07-03T12:34:15.088+0000] {processor.py:161} INFO - Started process (PID=403) to work on /home/airflow/.local/lib/python3.12/site-packages/airflow/example_dags/example_sla_dag.py
[2024-07-03T12:34:15.088+0000] {processor.py:830} INFO - Processing file /home/airflow/.local/lib/python3.12/site-packages/airflow/example_dags/example_sla_dag.py for tasks to queue
[2024-07-03T12:34:15.089+0000] {logging_mixin.py:188} INFO - [2024-07-03T12:34:15.089+0000] {dagbag.py:545} INFO - Filling up the DagBag from /home/airflow/.local/lib/python3.12/site-packages/airflow/example_dags/example_sla_dag.py
[2024-07-03T12:34:15.092+0000] {processor.py:840} INFO - DAG(s) 'example_sla_dag' retrieved from /home/airflow/.local/lib/python3.12/site-packages/airflow/example_dags/example_sla_dag.py
[2024-07-03T12:34:15.099+0000] {logging_mixin.py:188} INFO - [2024-07-03T12:34:15.099+0000] {dag.py:3096} INFO - Sync 1 DAGs
[2024-07-03T12:34:15.107+0000] {logging_mixin.py:188} INFO - [2024-07-03T12:34:15.107+0000] {dag.py:3954} INFO - Setting next_dagrun for example_sla_dag to 2024-07-03 12:32:00+00:00, run_after=2024-07-03 12:34:00+00:00
[2024-07-03T12:34:15.113+0000] {processor.py:183} INFO - Processing /home/airflow/.local/lib/python3.12/site-packages/airflow/example_dags/example_sla_dag.py took 0.027 seconds
[2024-07-03T12:34:45.355+0000] {processor.py:161} INFO - Started process (PID=461) to work on /home/airflow/.local/lib/python3.12/site-packages/airflow/example_dags/example_sla_dag.py
[2024-07-03T12:34:45.355+0000] {processor.py:830} INFO - Processing file /home/airflow/.local/lib/python3.12/site-packages/airflow/example_dags/example_sla_dag.py for tasks to queue
[2024-07-03T12:34:45.356+0000] {logging_mixin.py:188} INFO - [2024-07-03T12:34:45.356+0000] {dagbag.py:545} INFO - Filling up the DagBag from /home/airflow/.local/lib/python3.12/site-packages/airflow/example_dags/example_sla_dag.py
[2024-07-03T12:34:45.359+0000] {processor.py:840} INFO - DAG(s) 'example_sla_dag' retrieved from /home/airflow/.local/lib/python3.12/site-packages/airflow/example_dags/example_sla_dag.py
[2024-07-03T12:34:45.367+0000] {logging_mixin.py:188} INFO - [2024-07-03T12:34:45.366+0000] {dag.py:3096} INFO - Sync 1 DAGs
[2024-07-03T12:34:45.375+0000] {logging_mixin.py:188} INFO - [2024-07-03T12:34:45.375+0000] {dag.py:3954} INFO - Setting next_dagrun for example_sla_dag to 2024-07-03 12:32:00+00:00, run_after=2024-07-03 12:34:00+00:00
[2024-07-03T12:34:45.381+0000] {processor.py:183} INFO - Processing /home/airflow/.local/lib/python3.12/site-packages/airflow/example_dags/example_sla_dag.py took 0.029 seconds
[2024-07-03T12:35:15.628+0000] {processor.py:161} INFO - Started process (PID=519) to work on /home/airflow/.local/lib/python3.12/site-packages/airflow/example_dags/example_sla_dag.py
[2024-07-03T12:35:15.629+0000] {processor.py:830} INFO - Processing file /home/airflow/.local/lib/python3.12/site-packages/airflow/example_dags/example_sla_dag.py for tasks to queue
[2024-07-03T12:35:15.630+0000] {logging_mixin.py:188} INFO - [2024-07-03T12:35:15.629+0000] {dagbag.py:545} INFO - Filling up the DagBag from /home/airflow/.local/lib/python3.12/site-packages/airflow/example_dags/example_sla_dag.py
[2024-07-03T12:35:15.633+0000] {processor.py:840} INFO - DAG(s) 'example_sla_dag' retrieved from /home/airflow/.local/lib/python3.12/site-packages/airflow/example_dags/example_sla_dag.py
[2024-07-03T12:35:15.640+0000] {logging_mixin.py:188} INFO - [2024-07-03T12:35:15.640+0000] {dag.py:3096} INFO - Sync 1 DAGs
[2024-07-03T12:35:15.648+0000] {logging_mixin.py:188} INFO - [2024-07-03T12:35:15.648+0000] {dag.py:3954} INFO - Setting next_dagrun for example_sla_dag to 2024-07-03 12:32:00+00:00, run_after=2024-07-03 12:34:00+00:00
[2024-07-03T12:35:15.655+0000] {processor.py:183} INFO - Processing /home/airflow/.local/lib/python3.12/site-packages/airflow/example_dags/example_sla_dag.py took 0.028 seconds
[2024-07-03T12:35:45.965+0000] {processor.py:161} INFO - Started process (PID=577) to work on /home/airflow/.local/lib/python3.12/site-packages/airflow/example_dags/example_sla_dag.py
[2024-07-03T12:35:45.966+0000] {processor.py:830} INFO - Processing file /home/airflow/.local/lib/python3.12/site-packages/airflow/example_dags/example_sla_dag.py for tasks to queue
[2024-07-03T12:35:45.967+0000] {logging_mixin.py:188} INFO - [2024-07-03T12:35:45.966+0000] {dagbag.py:545} INFO - Filling up the DagBag from /home/airflow/.local/lib/python3.12/site-packages/airflow/example_dags/example_sla_dag.py
[2024-07-03T12:35:45.970+0000] {processor.py:840} INFO - DAG(s) 'example_sla_dag' retrieved from /home/airflow/.local/lib/python3.12/site-packages/airflow/example_dags/example_sla_dag.py
[2024-07-03T12:35:45.977+0000] {logging_mixin.py:188} INFO - [2024-07-03T12:35:45.977+0000] {dag.py:3096} INFO - Sync 1 DAGs
[2024-07-03T12:35:45.985+0000] {logging_mixin.py:188} INFO - [2024-07-03T12:35:45.985+0000] {dag.py:3954} INFO - Setting next_dagrun for example_sla_dag to 2024-07-03 12:32:00+00:00, run_after=2024-07-03 12:34:00+00:00
[2024-07-03T12:35:45.991+0000] {processor.py:183} INFO - Processing /home/airflow/.local/lib/python3.12/site-packages/airflow/example_dags/example_sla_dag.py took 0.028 seconds
[2024-07-03T12:36:16.414+0000] {processor.py:161} INFO - Started process (PID=635) to work on /home/airflow/.local/lib/python3.12/site-packages/airflow/example_dags/example_sla_dag.py
[2024-07-03T12:36:16.414+0000] {processor.py:830} INFO - Processing file /home/airflow/.local/lib/python3.12/site-packages/airflow/example_dags/example_sla_dag.py for tasks to queue
[2024-07-03T12:36:16.415+0000] {logging_mixin.py:188} INFO - [2024-07-03T12:36:16.415+0000] {dagbag.py:545} INFO - Filling up the DagBag from /home/airflow/.local/lib/python3.12/site-packages/airflow/example_dags/example_sla_dag.py
[2024-07-03T12:36:16.419+0000] {processor.py:840} INFO - DAG(s) 'example_sla_dag' retrieved from /home/airflow/.local/lib/python3.12/site-packages/airflow/example_dags/example_sla_dag.py
[2024-07-03T12:36:16.429+0000] {logging_mixin.py:188} INFO - [2024-07-03T12:36:16.429+0000] {dag.py:3096} INFO - Sync 1 DAGs
[2024-07-03T12:36:16.440+0000] {logging_mixin.py:188} INFO - [2024-07-03T12:36:16.439+0000] {dag.py:3954} INFO - Setting next_dagrun for example_sla_dag to 2024-07-03 12:34:00+00:00, run_after=2024-07-03 12:36:00+00:00
[2024-07-03T12:36:16.447+0000] {processor.py:183} INFO - Processing /home/airflow/.local/lib/python3.12/site-packages/airflow/example_dags/example_sla_dag.py took 0.036 seconds
[2024-07-03T12:36:46.783+0000] {processor.py:161} INFO - Started process (PID=693) to work on /home/airflow/.local/lib/python3.12/site-packages/airflow/example_dags/example_sla_dag.py
[2024-07-03T12:36:46.783+0000] {processor.py:830} INFO - Processing file /home/airflow/.local/lib/python3.12/site-packages/airflow/example_dags/example_sla_dag.py for tasks to queue
[2024-07-03T12:36:46.784+0000] {logging_mixin.py:188} INFO - [2024-07-03T12:36:46.784+0000] {dagbag.py:545} INFO - Filling up the DagBag from /home/airflow/.local/lib/python3.12/site-packages/airflow/example_dags/example_sla_dag.py
[2024-07-03T12:36:46.788+0000] {processor.py:840} INFO - DAG(s) 'example_sla_dag' retrieved from /home/airflow/.local/lib/python3.12/site-packages/airflow/example_dags/example_sla_dag.py
[2024-07-03T12:36:46.795+0000] {logging_mixin.py:188} INFO - [2024-07-03T12:36:46.795+0000] {dag.py:3096} INFO - Sync 1 DAGs
[2024-07-03T12:36:46.804+0000] {logging_mixin.py:188} INFO - [2024-07-03T12:36:46.804+0000] {dag.py:3954} INFO - Setting next_dagrun for example_sla_dag to 2024-07-03 12:34:00+00:00, run_after=2024-07-03 12:36:00+00:00
[2024-07-03T12:36:46.810+0000] {processor.py:183} INFO - Processing /home/airflow/.local/lib/python3.12/site-packages/airflow/example_dags/example_sla_dag.py took 0.030 seconds
[2024-07-03T12:37:17.173+0000] {processor.py:161} INFO - Started process (PID=751) to work on /home/airflow/.local/lib/python3.12/site-packages/airflow/example_dags/example_sla_dag.py
[2024-07-03T12:37:17.173+0000] {processor.py:830} INFO - Processing file /home/airflow/.local/lib/python3.12/site-packages/airflow/example_dags/example_sla_dag.py for tasks to queue
[2024-07-03T12:37:17.174+0000] {logging_mixin.py:188} INFO - [2024-07-03T12:37:17.174+0000] {dagbag.py:545} INFO - Filling up the DagBag from /home/airflow/.local/lib/python3.12/site-packages/airflow/example_dags/example_sla_dag.py
[2024-07-03T12:37:17.179+0000] {processor.py:840} INFO - DAG(s) 'example_sla_dag' retrieved from /home/airflow/.local/lib/python3.12/site-packages/airflow/example_dags/example_sla_dag.py
[2024-07-03T12:37:17.190+0000] {logging_mixin.py:188} INFO - [2024-07-03T12:37:17.189+0000] {dag.py:3096} INFO - Sync 1 DAGs
[2024-07-03T12:37:17.199+0000] {logging_mixin.py:188} INFO - [2024-07-03T12:37:17.199+0000] {dag.py:3954} INFO - Setting next_dagrun for example_sla_dag to 2024-07-03 12:34:00+00:00, run_after=2024-07-03 12:36:00+00:00
[2024-07-03T12:37:17.207+0000] {processor.py:183} INFO - Processing /home/airflow/.local/lib/python3.12/site-packages/airflow/example_dags/example_sla_dag.py took 0.036 seconds
[2024-07-03T12:37:47.776+0000] {processor.py:161} INFO - Started process (PID=809) to work on /home/airflow/.local/lib/python3.12/site-packages/airflow/example_dags/example_sla_dag.py
[2024-07-03T12:37:47.777+0000] {processor.py:830} INFO - Processing file /home/airflow/.local/lib/python3.12/site-packages/airflow/example_dags/example_sla_dag.py for tasks to queue
[2024-07-03T12:37:47.777+0000] {logging_mixin.py:188} INFO - [2024-07-03T12:37:47.777+0000] {dagbag.py:545} INFO - Filling up the DagBag from /home/airflow/.local/lib/python3.12/site-packages/airflow/example_dags/example_sla_dag.py
[2024-07-03T12:37:47.786+0000] {processor.py:840} INFO - DAG(s) 'example_sla_dag' retrieved from /home/airflow/.local/lib/python3.12/site-packages/airflow/example_dags/example_sla_dag.py
[2024-07-03T12:37:47.798+0000] {logging_mixin.py:188} INFO - [2024-07-03T12:37:47.798+0000] {dag.py:3096} INFO - Sync 1 DAGs
[2024-07-03T12:37:47.811+0000] {logging_mixin.py:188} INFO - [2024-07-03T12:37:47.811+0000] {dag.py:3954} INFO - Setting next_dagrun for example_sla_dag to 2024-07-03 12:34:00+00:00, run_after=2024-07-03 12:36:00+00:00
[2024-07-03T12:37:47.823+0000] {processor.py:183} INFO - Processing /home/airflow/.local/lib/python3.12/site-packages/airflow/example_dags/example_sla_dag.py took 0.051 seconds
[2024-07-03T12:38:18.173+0000] {processor.py:161} INFO - Started process (PID=867) to work on /home/airflow/.local/lib/python3.12/site-packages/airflow/example_dags/example_sla_dag.py
[2024-07-03T12:38:18.174+0000] {processor.py:830} INFO - Processing file /home/airflow/.local/lib/python3.12/site-packages/airflow/example_dags/example_sla_dag.py for tasks to queue
[2024-07-03T12:38:18.175+0000] {logging_mixin.py:188} INFO - [2024-07-03T12:38:18.174+0000] {dagbag.py:545} INFO - Filling up the DagBag from /home/airflow/.local/lib/python3.12/site-packages/airflow/example_dags/example_sla_dag.py
[2024-07-03T12:38:18.178+0000] {processor.py:840} INFO - DAG(s) 'example_sla_dag' retrieved from /home/airflow/.local/lib/python3.12/site-packages/airflow/example_dags/example_sla_dag.py
[2024-07-03T12:38:18.186+0000] {logging_mixin.py:188} INFO - [2024-07-03T12:38:18.186+0000] {dag.py:3096} INFO - Sync 1 DAGs
[2024-07-03T12:38:18.195+0000] {logging_mixin.py:188} INFO - [2024-07-03T12:38:18.195+0000] {dag.py:3954} INFO - Setting next_dagrun for example_sla_dag to 2024-07-03 12:36:00+00:00, run_after=2024-07-03 12:38:00+00:00
[2024-07-03T12:38:18.202+0000] {processor.py:183} INFO - Processing /home/airflow/.local/lib/python3.12/site-packages/airflow/example_dags/example_sla_dag.py took 0.031 seconds
[2024-07-03T12:38:48.520+0000] {processor.py:161} INFO - Started process (PID=925) to work on /home/airflow/.local/lib/python3.12/site-packages/airflow/example_dags/example_sla_dag.py
[2024-07-03T12:38:48.520+0000] {processor.py:830} INFO - Processing file /home/airflow/.local/lib/python3.12/site-packages/airflow/example_dags/example_sla_dag.py for tasks to queue
[2024-07-03T12:38:48.521+0000] {logging_mixin.py:188} INFO - [2024-07-03T12:38:48.521+0000] {dagbag.py:545} INFO - Filling up the DagBag from /home/airflow/.local/lib/python3.12/site-packages/airflow/example_dags/example_sla_dag.py
[2024-07-03T12:38:48.524+0000] {processor.py:840} INFO - DAG(s) 'example_sla_dag' retrieved from /home/airflow/.local/lib/python3.12/site-packages/airflow/example_dags/example_sla_dag.py
[2024-07-03T12:38:48.533+0000] {logging_mixin.py:188} INFO - [2024-07-03T12:38:48.533+0000] {dag.py:3096} INFO - Sync 1 DAGs
[2024-07-03T12:38:48.542+0000] {logging_mixin.py:188} INFO - [2024-07-03T12:38:48.541+0000] {dag.py:3954} INFO - Setting next_dagrun for example_sla_dag to 2024-07-03 12:36:00+00:00, run_after=2024-07-03 12:38:00+00:00
[2024-07-03T12:38:48.548+0000] {processor.py:183} INFO - Processing /home/airflow/.local/lib/python3.12/site-packages/airflow/example_dags/example_sla_dag.py took 0.030 seconds
