[2024-07-03T12:31:12.077+0000] {processor.py:161} INFO - Started process (PID=66) to work on /home/airflow/.local/lib/python3.12/site-packages/airflow/example_dags/example_task_group.py
[2024-07-03T12:31:12.079+0000] {processor.py:830} INFO - Processing file /home/airflow/.local/lib/python3.12/site-packages/airflow/example_dags/example_task_group.py for tasks to queue
[2024-07-03T12:31:12.082+0000] {logging_mixin.py:188} INFO - [2024-07-03T12:31:12.081+0000] {dagbag.py:545} INFO - Filling up the DagBag from /home/airflow/.local/lib/python3.12/site-packages/airflow/example_dags/example_task_group.py
[2024-07-03T12:31:12.091+0000] {processor.py:840} INFO - DAG(s) 'example_task_group' retrieved from /home/airflow/.local/lib/python3.12/site-packages/airflow/example_dags/example_task_group.py
[2024-07-03T12:31:12.099+0000] {logging_mixin.py:188} INFO - [2024-07-03T12:31:12.099+0000] {dag.py:3096} INFO - Sync 1 DAGs
[2024-07-03T12:31:12.113+0000] {logging_mixin.py:188} INFO - [2024-07-03T12:31:12.113+0000] {dag.py:3954} INFO - Setting next_dagrun for example_task_group to 2024-07-02 00:00:00+00:00, run_after=2024-07-03 00:00:00+00:00
[2024-07-03T12:31:12.122+0000] {processor.py:183} INFO - Processing /home/airflow/.local/lib/python3.12/site-packages/airflow/example_dags/example_task_group.py took 0.049 seconds
[2024-07-03T12:31:42.689+0000] {processor.py:161} INFO - Started process (PID=124) to work on /home/airflow/.local/lib/python3.12/site-packages/airflow/example_dags/example_task_group.py
[2024-07-03T12:31:42.689+0000] {processor.py:830} INFO - Processing file /home/airflow/.local/lib/python3.12/site-packages/airflow/example_dags/example_task_group.py for tasks to queue
[2024-07-03T12:31:42.690+0000] {logging_mixin.py:188} INFO - [2024-07-03T12:31:42.690+0000] {dagbag.py:545} INFO - Filling up the DagBag from /home/airflow/.local/lib/python3.12/site-packages/airflow/example_dags/example_task_group.py
[2024-07-03T12:31:42.693+0000] {processor.py:840} INFO - DAG(s) 'example_task_group' retrieved from /home/airflow/.local/lib/python3.12/site-packages/airflow/example_dags/example_task_group.py
[2024-07-03T12:31:42.732+0000] {logging_mixin.py:188} INFO - [2024-07-03T12:31:42.732+0000] {dag.py:3096} INFO - Sync 1 DAGs
[2024-07-03T12:31:42.739+0000] {logging_mixin.py:188} INFO - [2024-07-03T12:31:42.739+0000] {dag.py:3954} INFO - Setting next_dagrun for example_task_group to 2024-07-02 00:00:00+00:00, run_after=2024-07-03 00:00:00+00:00
[2024-07-03T12:31:42.746+0000] {processor.py:183} INFO - Processing /home/airflow/.local/lib/python3.12/site-packages/airflow/example_dags/example_task_group.py took 0.059 seconds
[2024-07-03T12:32:13.546+0000] {processor.py:161} INFO - Started process (PID=182) to work on /home/airflow/.local/lib/python3.12/site-packages/airflow/example_dags/example_task_group.py
[2024-07-03T12:32:13.546+0000] {processor.py:830} INFO - Processing file /home/airflow/.local/lib/python3.12/site-packages/airflow/example_dags/example_task_group.py for tasks to queue
[2024-07-03T12:32:13.547+0000] {logging_mixin.py:188} INFO - [2024-07-03T12:32:13.547+0000] {dagbag.py:545} INFO - Filling up the DagBag from /home/airflow/.local/lib/python3.12/site-packages/airflow/example_dags/example_task_group.py
[2024-07-03T12:32:13.550+0000] {processor.py:840} INFO - DAG(s) 'example_task_group' retrieved from /home/airflow/.local/lib/python3.12/site-packages/airflow/example_dags/example_task_group.py
[2024-07-03T12:32:13.558+0000] {logging_mixin.py:188} INFO - [2024-07-03T12:32:13.558+0000] {dag.py:3096} INFO - Sync 1 DAGs
[2024-07-03T12:32:13.566+0000] {logging_mixin.py:188} INFO - [2024-07-03T12:32:13.566+0000] {dag.py:3954} INFO - Setting next_dagrun for example_task_group to 2024-07-02 00:00:00+00:00, run_after=2024-07-03 00:00:00+00:00
[2024-07-03T12:32:13.573+0000] {processor.py:183} INFO - Processing /home/airflow/.local/lib/python3.12/site-packages/airflow/example_dags/example_task_group.py took 0.029 seconds
[2024-07-03T12:32:44.012+0000] {processor.py:161} INFO - Started process (PID=240) to work on /home/airflow/.local/lib/python3.12/site-packages/airflow/example_dags/example_task_group.py
[2024-07-03T12:32:44.012+0000] {processor.py:830} INFO - Processing file /home/airflow/.local/lib/python3.12/site-packages/airflow/example_dags/example_task_group.py for tasks to queue
[2024-07-03T12:32:44.013+0000] {logging_mixin.py:188} INFO - [2024-07-03T12:32:44.013+0000] {dagbag.py:545} INFO - Filling up the DagBag from /home/airflow/.local/lib/python3.12/site-packages/airflow/example_dags/example_task_group.py
[2024-07-03T12:32:44.017+0000] {processor.py:840} INFO - DAG(s) 'example_task_group' retrieved from /home/airflow/.local/lib/python3.12/site-packages/airflow/example_dags/example_task_group.py
[2024-07-03T12:32:44.025+0000] {logging_mixin.py:188} INFO - [2024-07-03T12:32:44.025+0000] {dag.py:3096} INFO - Sync 1 DAGs
[2024-07-03T12:32:44.034+0000] {logging_mixin.py:188} INFO - [2024-07-03T12:32:44.034+0000] {dag.py:3954} INFO - Setting next_dagrun for example_task_group to 2024-07-02 00:00:00+00:00, run_after=2024-07-03 00:00:00+00:00
[2024-07-03T12:32:44.040+0000] {processor.py:183} INFO - Processing /home/airflow/.local/lib/python3.12/site-packages/airflow/example_dags/example_task_group.py took 0.031 seconds
[2024-07-03T12:33:14.629+0000] {processor.py:161} INFO - Started process (PID=298) to work on /home/airflow/.local/lib/python3.12/site-packages/airflow/example_dags/example_task_group.py
[2024-07-03T12:33:14.630+0000] {processor.py:830} INFO - Processing file /home/airflow/.local/lib/python3.12/site-packages/airflow/example_dags/example_task_group.py for tasks to queue
[2024-07-03T12:33:14.630+0000] {logging_mixin.py:188} INFO - [2024-07-03T12:33:14.630+0000] {dagbag.py:545} INFO - Filling up the DagBag from /home/airflow/.local/lib/python3.12/site-packages/airflow/example_dags/example_task_group.py
[2024-07-03T12:33:14.633+0000] {processor.py:840} INFO - DAG(s) 'example_task_group' retrieved from /home/airflow/.local/lib/python3.12/site-packages/airflow/example_dags/example_task_group.py
[2024-07-03T12:33:14.640+0000] {logging_mixin.py:188} INFO - [2024-07-03T12:33:14.640+0000] {dag.py:3096} INFO - Sync 1 DAGs
[2024-07-03T12:33:14.647+0000] {logging_mixin.py:188} INFO - [2024-07-03T12:33:14.647+0000] {dag.py:3954} INFO - Setting next_dagrun for example_task_group to 2024-07-02 00:00:00+00:00, run_after=2024-07-03 00:00:00+00:00
[2024-07-03T12:33:14.653+0000] {processor.py:183} INFO - Processing /home/airflow/.local/lib/python3.12/site-packages/airflow/example_dags/example_task_group.py took 0.026 seconds
[2024-07-03T12:33:44.998+0000] {processor.py:161} INFO - Started process (PID=356) to work on /home/airflow/.local/lib/python3.12/site-packages/airflow/example_dags/example_task_group.py
[2024-07-03T12:33:44.998+0000] {processor.py:830} INFO - Processing file /home/airflow/.local/lib/python3.12/site-packages/airflow/example_dags/example_task_group.py for tasks to queue
[2024-07-03T12:33:44.999+0000] {logging_mixin.py:188} INFO - [2024-07-03T12:33:44.999+0000] {dagbag.py:545} INFO - Filling up the DagBag from /home/airflow/.local/lib/python3.12/site-packages/airflow/example_dags/example_task_group.py
[2024-07-03T12:33:45.002+0000] {processor.py:840} INFO - DAG(s) 'example_task_group' retrieved from /home/airflow/.local/lib/python3.12/site-packages/airflow/example_dags/example_task_group.py
[2024-07-03T12:33:45.011+0000] {logging_mixin.py:188} INFO - [2024-07-03T12:33:45.010+0000] {dag.py:3096} INFO - Sync 1 DAGs
[2024-07-03T12:33:45.019+0000] {logging_mixin.py:188} INFO - [2024-07-03T12:33:45.019+0000] {dag.py:3954} INFO - Setting next_dagrun for example_task_group to 2024-07-02 00:00:00+00:00, run_after=2024-07-03 00:00:00+00:00
[2024-07-03T12:33:45.025+0000] {processor.py:183} INFO - Processing /home/airflow/.local/lib/python3.12/site-packages/airflow/example_dags/example_task_group.py took 0.029 seconds
[2024-07-03T12:34:15.303+0000] {processor.py:161} INFO - Started process (PID=414) to work on /home/airflow/.local/lib/python3.12/site-packages/airflow/example_dags/example_task_group.py
[2024-07-03T12:34:15.303+0000] {processor.py:830} INFO - Processing file /home/airflow/.local/lib/python3.12/site-packages/airflow/example_dags/example_task_group.py for tasks to queue
[2024-07-03T12:34:15.304+0000] {logging_mixin.py:188} INFO - [2024-07-03T12:34:15.304+0000] {dagbag.py:545} INFO - Filling up the DagBag from /home/airflow/.local/lib/python3.12/site-packages/airflow/example_dags/example_task_group.py
[2024-07-03T12:34:15.307+0000] {processor.py:840} INFO - DAG(s) 'example_task_group' retrieved from /home/airflow/.local/lib/python3.12/site-packages/airflow/example_dags/example_task_group.py
[2024-07-03T12:34:15.315+0000] {logging_mixin.py:188} INFO - [2024-07-03T12:34:15.315+0000] {dag.py:3096} INFO - Sync 1 DAGs
[2024-07-03T12:34:15.324+0000] {logging_mixin.py:188} INFO - [2024-07-03T12:34:15.324+0000] {dag.py:3954} INFO - Setting next_dagrun for example_task_group to 2024-07-02 00:00:00+00:00, run_after=2024-07-03 00:00:00+00:00
[2024-07-03T12:34:15.331+0000] {processor.py:183} INFO - Processing /home/airflow/.local/lib/python3.12/site-packages/airflow/example_dags/example_task_group.py took 0.031 seconds
[2024-07-03T12:34:45.584+0000] {processor.py:161} INFO - Started process (PID=472) to work on /home/airflow/.local/lib/python3.12/site-packages/airflow/example_dags/example_task_group.py
[2024-07-03T12:34:45.584+0000] {processor.py:830} INFO - Processing file /home/airflow/.local/lib/python3.12/site-packages/airflow/example_dags/example_task_group.py for tasks to queue
[2024-07-03T12:34:45.585+0000] {logging_mixin.py:188} INFO - [2024-07-03T12:34:45.585+0000] {dagbag.py:545} INFO - Filling up the DagBag from /home/airflow/.local/lib/python3.12/site-packages/airflow/example_dags/example_task_group.py
[2024-07-03T12:34:45.589+0000] {processor.py:840} INFO - DAG(s) 'example_task_group' retrieved from /home/airflow/.local/lib/python3.12/site-packages/airflow/example_dags/example_task_group.py
[2024-07-03T12:34:45.598+0000] {logging_mixin.py:188} INFO - [2024-07-03T12:34:45.598+0000] {dag.py:3096} INFO - Sync 1 DAGs
[2024-07-03T12:34:45.607+0000] {logging_mixin.py:188} INFO - [2024-07-03T12:34:45.607+0000] {dag.py:3954} INFO - Setting next_dagrun for example_task_group to 2024-07-02 00:00:00+00:00, run_after=2024-07-03 00:00:00+00:00
[2024-07-03T12:34:45.614+0000] {processor.py:183} INFO - Processing /home/airflow/.local/lib/python3.12/site-packages/airflow/example_dags/example_task_group.py took 0.033 seconds
[2024-07-03T12:35:15.855+0000] {processor.py:161} INFO - Started process (PID=530) to work on /home/airflow/.local/lib/python3.12/site-packages/airflow/example_dags/example_task_group.py
[2024-07-03T12:35:15.856+0000] {processor.py:830} INFO - Processing file /home/airflow/.local/lib/python3.12/site-packages/airflow/example_dags/example_task_group.py for tasks to queue
[2024-07-03T12:35:15.856+0000] {logging_mixin.py:188} INFO - [2024-07-03T12:35:15.856+0000] {dagbag.py:545} INFO - Filling up the DagBag from /home/airflow/.local/lib/python3.12/site-packages/airflow/example_dags/example_task_group.py
[2024-07-03T12:35:15.859+0000] {processor.py:840} INFO - DAG(s) 'example_task_group' retrieved from /home/airflow/.local/lib/python3.12/site-packages/airflow/example_dags/example_task_group.py
[2024-07-03T12:35:15.867+0000] {logging_mixin.py:188} INFO - [2024-07-03T12:35:15.867+0000] {dag.py:3096} INFO - Sync 1 DAGs
[2024-07-03T12:35:15.875+0000] {logging_mixin.py:188} INFO - [2024-07-03T12:35:15.875+0000] {dag.py:3954} INFO - Setting next_dagrun for example_task_group to 2024-07-02 00:00:00+00:00, run_after=2024-07-03 00:00:00+00:00
[2024-07-03T12:35:15.882+0000] {processor.py:183} INFO - Processing /home/airflow/.local/lib/python3.12/site-packages/airflow/example_dags/example_task_group.py took 0.029 seconds
[2024-07-03T12:35:46.194+0000] {processor.py:161} INFO - Started process (PID=588) to work on /home/airflow/.local/lib/python3.12/site-packages/airflow/example_dags/example_task_group.py
[2024-07-03T12:35:46.195+0000] {processor.py:830} INFO - Processing file /home/airflow/.local/lib/python3.12/site-packages/airflow/example_dags/example_task_group.py for tasks to queue
[2024-07-03T12:35:46.196+0000] {logging_mixin.py:188} INFO - [2024-07-03T12:35:46.195+0000] {dagbag.py:545} INFO - Filling up the DagBag from /home/airflow/.local/lib/python3.12/site-packages/airflow/example_dags/example_task_group.py
[2024-07-03T12:35:46.198+0000] {processor.py:840} INFO - DAG(s) 'example_task_group' retrieved from /home/airflow/.local/lib/python3.12/site-packages/airflow/example_dags/example_task_group.py
[2024-07-03T12:35:46.206+0000] {logging_mixin.py:188} INFO - [2024-07-03T12:35:46.206+0000] {dag.py:3096} INFO - Sync 1 DAGs
[2024-07-03T12:35:46.214+0000] {logging_mixin.py:188} INFO - [2024-07-03T12:35:46.214+0000] {dag.py:3954} INFO - Setting next_dagrun for example_task_group to 2024-07-02 00:00:00+00:00, run_after=2024-07-03 00:00:00+00:00
[2024-07-03T12:35:46.220+0000] {processor.py:183} INFO - Processing /home/airflow/.local/lib/python3.12/site-packages/airflow/example_dags/example_task_group.py took 0.028 seconds
[2024-07-03T12:36:16.627+0000] {processor.py:161} INFO - Started process (PID=646) to work on /home/airflow/.local/lib/python3.12/site-packages/airflow/example_dags/example_task_group.py
[2024-07-03T12:36:16.628+0000] {processor.py:830} INFO - Processing file /home/airflow/.local/lib/python3.12/site-packages/airflow/example_dags/example_task_group.py for tasks to queue
[2024-07-03T12:36:16.628+0000] {logging_mixin.py:188} INFO - [2024-07-03T12:36:16.628+0000] {dagbag.py:545} INFO - Filling up the DagBag from /home/airflow/.local/lib/python3.12/site-packages/airflow/example_dags/example_task_group.py
[2024-07-03T12:36:16.631+0000] {processor.py:840} INFO - DAG(s) 'example_task_group' retrieved from /home/airflow/.local/lib/python3.12/site-packages/airflow/example_dags/example_task_group.py
[2024-07-03T12:36:16.639+0000] {logging_mixin.py:188} INFO - [2024-07-03T12:36:16.639+0000] {dag.py:3096} INFO - Sync 1 DAGs
[2024-07-03T12:36:16.647+0000] {logging_mixin.py:188} INFO - [2024-07-03T12:36:16.647+0000] {dag.py:3954} INFO - Setting next_dagrun for example_task_group to 2024-07-02 00:00:00+00:00, run_after=2024-07-03 00:00:00+00:00
[2024-07-03T12:36:16.654+0000] {processor.py:183} INFO - Processing /home/airflow/.local/lib/python3.12/site-packages/airflow/example_dags/example_task_group.py took 0.029 seconds
[2024-07-03T12:36:46.972+0000] {processor.py:161} INFO - Started process (PID=704) to work on /home/airflow/.local/lib/python3.12/site-packages/airflow/example_dags/example_task_group.py
[2024-07-03T12:36:46.972+0000] {processor.py:830} INFO - Processing file /home/airflow/.local/lib/python3.12/site-packages/airflow/example_dags/example_task_group.py for tasks to queue
[2024-07-03T12:36:46.973+0000] {logging_mixin.py:188} INFO - [2024-07-03T12:36:46.973+0000] {dagbag.py:545} INFO - Filling up the DagBag from /home/airflow/.local/lib/python3.12/site-packages/airflow/example_dags/example_task_group.py
[2024-07-03T12:36:46.976+0000] {processor.py:840} INFO - DAG(s) 'example_task_group' retrieved from /home/airflow/.local/lib/python3.12/site-packages/airflow/example_dags/example_task_group.py
[2024-07-03T12:36:46.984+0000] {logging_mixin.py:188} INFO - [2024-07-03T12:36:46.984+0000] {dag.py:3096} INFO - Sync 1 DAGs
[2024-07-03T12:36:46.992+0000] {logging_mixin.py:188} INFO - [2024-07-03T12:36:46.992+0000] {dag.py:3954} INFO - Setting next_dagrun for example_task_group to 2024-07-02 00:00:00+00:00, run_after=2024-07-03 00:00:00+00:00
[2024-07-03T12:36:46.999+0000] {processor.py:183} INFO - Processing /home/airflow/.local/lib/python3.12/site-packages/airflow/example_dags/example_task_group.py took 0.029 seconds
[2024-07-03T12:37:17.411+0000] {processor.py:161} INFO - Started process (PID=762) to work on /home/airflow/.local/lib/python3.12/site-packages/airflow/example_dags/example_task_group.py
[2024-07-03T12:37:17.411+0000] {processor.py:830} INFO - Processing file /home/airflow/.local/lib/python3.12/site-packages/airflow/example_dags/example_task_group.py for tasks to queue
[2024-07-03T12:37:17.412+0000] {logging_mixin.py:188} INFO - [2024-07-03T12:37:17.412+0000] {dagbag.py:545} INFO - Filling up the DagBag from /home/airflow/.local/lib/python3.12/site-packages/airflow/example_dags/example_task_group.py
[2024-07-03T12:37:17.416+0000] {processor.py:840} INFO - DAG(s) 'example_task_group' retrieved from /home/airflow/.local/lib/python3.12/site-packages/airflow/example_dags/example_task_group.py
[2024-07-03T12:37:17.426+0000] {logging_mixin.py:188} INFO - [2024-07-03T12:37:17.425+0000] {dag.py:3096} INFO - Sync 1 DAGs
[2024-07-03T12:37:17.435+0000] {logging_mixin.py:188} INFO - [2024-07-03T12:37:17.435+0000] {dag.py:3954} INFO - Setting next_dagrun for example_task_group to 2024-07-02 00:00:00+00:00, run_after=2024-07-03 00:00:00+00:00
[2024-07-03T12:37:17.443+0000] {processor.py:183} INFO - Processing /home/airflow/.local/lib/python3.12/site-packages/airflow/example_dags/example_task_group.py took 0.035 seconds
[2024-07-03T12:37:48.023+0000] {processor.py:161} INFO - Started process (PID=820) to work on /home/airflow/.local/lib/python3.12/site-packages/airflow/example_dags/example_task_group.py
[2024-07-03T12:37:48.023+0000] {processor.py:830} INFO - Processing file /home/airflow/.local/lib/python3.12/site-packages/airflow/example_dags/example_task_group.py for tasks to queue
[2024-07-03T12:37:48.024+0000] {logging_mixin.py:188} INFO - [2024-07-03T12:37:48.024+0000] {dagbag.py:545} INFO - Filling up the DagBag from /home/airflow/.local/lib/python3.12/site-packages/airflow/example_dags/example_task_group.py
[2024-07-03T12:37:48.028+0000] {processor.py:840} INFO - DAG(s) 'example_task_group' retrieved from /home/airflow/.local/lib/python3.12/site-packages/airflow/example_dags/example_task_group.py
[2024-07-03T12:37:48.036+0000] {logging_mixin.py:188} INFO - [2024-07-03T12:37:48.036+0000] {dag.py:3096} INFO - Sync 1 DAGs
[2024-07-03T12:37:48.045+0000] {logging_mixin.py:188} INFO - [2024-07-03T12:37:48.045+0000] {dag.py:3954} INFO - Setting next_dagrun for example_task_group to 2024-07-02 00:00:00+00:00, run_after=2024-07-03 00:00:00+00:00
[2024-07-03T12:37:48.052+0000] {processor.py:183} INFO - Processing /home/airflow/.local/lib/python3.12/site-packages/airflow/example_dags/example_task_group.py took 0.031 seconds
[2024-07-03T12:38:18.387+0000] {processor.py:161} INFO - Started process (PID=878) to work on /home/airflow/.local/lib/python3.12/site-packages/airflow/example_dags/example_task_group.py
[2024-07-03T12:38:18.387+0000] {processor.py:830} INFO - Processing file /home/airflow/.local/lib/python3.12/site-packages/airflow/example_dags/example_task_group.py for tasks to queue
[2024-07-03T12:38:18.388+0000] {logging_mixin.py:188} INFO - [2024-07-03T12:38:18.388+0000] {dagbag.py:545} INFO - Filling up the DagBag from /home/airflow/.local/lib/python3.12/site-packages/airflow/example_dags/example_task_group.py
[2024-07-03T12:38:18.390+0000] {processor.py:840} INFO - DAG(s) 'example_task_group' retrieved from /home/airflow/.local/lib/python3.12/site-packages/airflow/example_dags/example_task_group.py
[2024-07-03T12:38:18.397+0000] {logging_mixin.py:188} INFO - [2024-07-03T12:38:18.397+0000] {dag.py:3096} INFO - Sync 1 DAGs
[2024-07-03T12:38:18.405+0000] {logging_mixin.py:188} INFO - [2024-07-03T12:38:18.404+0000] {dag.py:3954} INFO - Setting next_dagrun for example_task_group to 2024-07-02 00:00:00+00:00, run_after=2024-07-03 00:00:00+00:00
[2024-07-03T12:38:18.411+0000] {processor.py:183} INFO - Processing /home/airflow/.local/lib/python3.12/site-packages/airflow/example_dags/example_task_group.py took 0.026 seconds
[2024-07-03T12:38:48.741+0000] {processor.py:161} INFO - Started process (PID=936) to work on /home/airflow/.local/lib/python3.12/site-packages/airflow/example_dags/example_task_group.py
[2024-07-03T12:38:48.741+0000] {processor.py:830} INFO - Processing file /home/airflow/.local/lib/python3.12/site-packages/airflow/example_dags/example_task_group.py for tasks to queue
[2024-07-03T12:38:48.742+0000] {logging_mixin.py:188} INFO - [2024-07-03T12:38:48.742+0000] {dagbag.py:545} INFO - Filling up the DagBag from /home/airflow/.local/lib/python3.12/site-packages/airflow/example_dags/example_task_group.py
[2024-07-03T12:38:48.745+0000] {processor.py:840} INFO - DAG(s) 'example_task_group' retrieved from /home/airflow/.local/lib/python3.12/site-packages/airflow/example_dags/example_task_group.py
[2024-07-03T12:38:48.753+0000] {logging_mixin.py:188} INFO - [2024-07-03T12:38:48.753+0000] {dag.py:3096} INFO - Sync 1 DAGs
[2024-07-03T12:38:48.761+0000] {logging_mixin.py:188} INFO - [2024-07-03T12:38:48.761+0000] {dag.py:3954} INFO - Setting next_dagrun for example_task_group to 2024-07-02 00:00:00+00:00, run_after=2024-07-03 00:00:00+00:00
[2024-07-03T12:38:48.767+0000] {processor.py:183} INFO - Processing /home/airflow/.local/lib/python3.12/site-packages/airflow/example_dags/example_task_group.py took 0.029 seconds
[2024-07-03T12:39:19.206+0000] {processor.py:161} INFO - Started process (PID=993) to work on /home/airflow/.local/lib/python3.12/site-packages/airflow/example_dags/example_task_group.py
[2024-07-03T12:39:19.207+0000] {processor.py:830} INFO - Processing file /home/airflow/.local/lib/python3.12/site-packages/airflow/example_dags/example_task_group.py for tasks to queue
[2024-07-03T12:39:19.207+0000] {logging_mixin.py:188} INFO - [2024-07-03T12:39:19.207+0000] {dagbag.py:545} INFO - Filling up the DagBag from /home/airflow/.local/lib/python3.12/site-packages/airflow/example_dags/example_task_group.py
[2024-07-03T12:39:19.210+0000] {processor.py:840} INFO - DAG(s) 'example_task_group' retrieved from /home/airflow/.local/lib/python3.12/site-packages/airflow/example_dags/example_task_group.py
[2024-07-03T12:39:19.218+0000] {logging_mixin.py:188} INFO - [2024-07-03T12:39:19.218+0000] {dag.py:3096} INFO - Sync 1 DAGs
[2024-07-03T12:39:19.227+0000] {logging_mixin.py:188} INFO - [2024-07-03T12:39:19.227+0000] {dag.py:3954} INFO - Setting next_dagrun for example_task_group to 2024-07-02 00:00:00+00:00, run_after=2024-07-03 00:00:00+00:00
[2024-07-03T12:39:19.234+0000] {processor.py:183} INFO - Processing /home/airflow/.local/lib/python3.12/site-packages/airflow/example_dags/example_task_group.py took 0.030 seconds
[2024-07-03T12:39:49.494+0000] {processor.py:161} INFO - Started process (PID=1051) to work on /home/airflow/.local/lib/python3.12/site-packages/airflow/example_dags/example_task_group.py
[2024-07-03T12:39:49.495+0000] {processor.py:830} INFO - Processing file /home/airflow/.local/lib/python3.12/site-packages/airflow/example_dags/example_task_group.py for tasks to queue
[2024-07-03T12:39:49.496+0000] {logging_mixin.py:188} INFO - [2024-07-03T12:39:49.495+0000] {dagbag.py:545} INFO - Filling up the DagBag from /home/airflow/.local/lib/python3.12/site-packages/airflow/example_dags/example_task_group.py
[2024-07-03T12:39:49.498+0000] {processor.py:840} INFO - DAG(s) 'example_task_group' retrieved from /home/airflow/.local/lib/python3.12/site-packages/airflow/example_dags/example_task_group.py
[2024-07-03T12:39:49.506+0000] {logging_mixin.py:188} INFO - [2024-07-03T12:39:49.506+0000] {dag.py:3096} INFO - Sync 1 DAGs
[2024-07-03T12:39:49.513+0000] {logging_mixin.py:188} INFO - [2024-07-03T12:39:49.513+0000] {dag.py:3954} INFO - Setting next_dagrun for example_task_group to 2024-07-02 00:00:00+00:00, run_after=2024-07-03 00:00:00+00:00
[2024-07-03T12:39:49.520+0000] {processor.py:183} INFO - Processing /home/airflow/.local/lib/python3.12/site-packages/airflow/example_dags/example_task_group.py took 0.027 seconds
[2024-07-03T12:40:19.808+0000] {processor.py:161} INFO - Started process (PID=1108) to work on /home/airflow/.local/lib/python3.12/site-packages/airflow/example_dags/example_task_group.py
[2024-07-03T12:40:19.809+0000] {processor.py:830} INFO - Processing file /home/airflow/.local/lib/python3.12/site-packages/airflow/example_dags/example_task_group.py for tasks to queue
[2024-07-03T12:40:19.809+0000] {logging_mixin.py:188} INFO - [2024-07-03T12:40:19.809+0000] {dagbag.py:545} INFO - Filling up the DagBag from /home/airflow/.local/lib/python3.12/site-packages/airflow/example_dags/example_task_group.py
[2024-07-03T12:40:19.812+0000] {processor.py:840} INFO - DAG(s) 'example_task_group' retrieved from /home/airflow/.local/lib/python3.12/site-packages/airflow/example_dags/example_task_group.py
[2024-07-03T12:40:19.820+0000] {logging_mixin.py:188} INFO - [2024-07-03T12:40:19.820+0000] {dag.py:3096} INFO - Sync 1 DAGs
[2024-07-03T12:40:19.827+0000] {logging_mixin.py:188} INFO - [2024-07-03T12:40:19.827+0000] {dag.py:3954} INFO - Setting next_dagrun for example_task_group to 2024-07-02 00:00:00+00:00, run_after=2024-07-03 00:00:00+00:00
[2024-07-03T12:40:19.832+0000] {processor.py:183} INFO - Processing /home/airflow/.local/lib/python3.12/site-packages/airflow/example_dags/example_task_group.py took 0.026 seconds
[2024-07-03T12:40:50.170+0000] {processor.py:161} INFO - Started process (PID=1165) to work on /home/airflow/.local/lib/python3.12/site-packages/airflow/example_dags/example_task_group.py
[2024-07-03T12:40:50.171+0000] {processor.py:830} INFO - Processing file /home/airflow/.local/lib/python3.12/site-packages/airflow/example_dags/example_task_group.py for tasks to queue
[2024-07-03T12:40:50.171+0000] {logging_mixin.py:188} INFO - [2024-07-03T12:40:50.171+0000] {dagbag.py:545} INFO - Filling up the DagBag from /home/airflow/.local/lib/python3.12/site-packages/airflow/example_dags/example_task_group.py
[2024-07-03T12:40:50.174+0000] {processor.py:840} INFO - DAG(s) 'example_task_group' retrieved from /home/airflow/.local/lib/python3.12/site-packages/airflow/example_dags/example_task_group.py
[2024-07-03T12:40:50.182+0000] {logging_mixin.py:188} INFO - [2024-07-03T12:40:50.182+0000] {dag.py:3096} INFO - Sync 1 DAGs
[2024-07-03T12:40:50.190+0000] {logging_mixin.py:188} INFO - [2024-07-03T12:40:50.190+0000] {dag.py:3954} INFO - Setting next_dagrun for example_task_group to 2024-07-02 00:00:00+00:00, run_after=2024-07-03 00:00:00+00:00
[2024-07-03T12:40:50.196+0000] {processor.py:183} INFO - Processing /home/airflow/.local/lib/python3.12/site-packages/airflow/example_dags/example_task_group.py took 0.028 seconds
[2024-07-03T12:41:20.480+0000] {processor.py:161} INFO - Started process (PID=1223) to work on /home/airflow/.local/lib/python3.12/site-packages/airflow/example_dags/example_task_group.py
[2024-07-03T12:41:20.480+0000] {processor.py:830} INFO - Processing file /home/airflow/.local/lib/python3.12/site-packages/airflow/example_dags/example_task_group.py for tasks to queue
[2024-07-03T12:41:20.481+0000] {logging_mixin.py:188} INFO - [2024-07-03T12:41:20.481+0000] {dagbag.py:545} INFO - Filling up the DagBag from /home/airflow/.local/lib/python3.12/site-packages/airflow/example_dags/example_task_group.py
[2024-07-03T12:41:20.483+0000] {processor.py:840} INFO - DAG(s) 'example_task_group' retrieved from /home/airflow/.local/lib/python3.12/site-packages/airflow/example_dags/example_task_group.py
[2024-07-03T12:41:20.491+0000] {logging_mixin.py:188} INFO - [2024-07-03T12:41:20.491+0000] {dag.py:3096} INFO - Sync 1 DAGs
[2024-07-03T12:41:20.498+0000] {logging_mixin.py:188} INFO - [2024-07-03T12:41:20.498+0000] {dag.py:3954} INFO - Setting next_dagrun for example_task_group to 2024-07-02 00:00:00+00:00, run_after=2024-07-03 00:00:00+00:00
[2024-07-03T12:41:20.503+0000] {processor.py:183} INFO - Processing /home/airflow/.local/lib/python3.12/site-packages/airflow/example_dags/example_task_group.py took 0.025 seconds
[2024-07-03T12:41:50.830+0000] {processor.py:161} INFO - Started process (PID=1281) to work on /home/airflow/.local/lib/python3.12/site-packages/airflow/example_dags/example_task_group.py
[2024-07-03T12:41:50.830+0000] {processor.py:830} INFO - Processing file /home/airflow/.local/lib/python3.12/site-packages/airflow/example_dags/example_task_group.py for tasks to queue
[2024-07-03T12:41:50.831+0000] {logging_mixin.py:188} INFO - [2024-07-03T12:41:50.831+0000] {dagbag.py:545} INFO - Filling up the DagBag from /home/airflow/.local/lib/python3.12/site-packages/airflow/example_dags/example_task_group.py
[2024-07-03T12:41:50.834+0000] {processor.py:840} INFO - DAG(s) 'example_task_group' retrieved from /home/airflow/.local/lib/python3.12/site-packages/airflow/example_dags/example_task_group.py
[2024-07-03T12:41:50.843+0000] {logging_mixin.py:188} INFO - [2024-07-03T12:41:50.843+0000] {dag.py:3096} INFO - Sync 1 DAGs
[2024-07-03T12:41:50.851+0000] {logging_mixin.py:188} INFO - [2024-07-03T12:41:50.851+0000] {dag.py:3954} INFO - Setting next_dagrun for example_task_group to 2024-07-02 00:00:00+00:00, run_after=2024-07-03 00:00:00+00:00
[2024-07-03T12:41:50.857+0000] {processor.py:183} INFO - Processing /home/airflow/.local/lib/python3.12/site-packages/airflow/example_dags/example_task_group.py took 0.030 seconds
[2024-07-03T12:42:21.177+0000] {processor.py:161} INFO - Started process (PID=1339) to work on /home/airflow/.local/lib/python3.12/site-packages/airflow/example_dags/example_task_group.py
[2024-07-03T12:42:21.177+0000] {processor.py:830} INFO - Processing file /home/airflow/.local/lib/python3.12/site-packages/airflow/example_dags/example_task_group.py for tasks to queue
[2024-07-03T12:42:21.178+0000] {logging_mixin.py:188} INFO - [2024-07-03T12:42:21.178+0000] {dagbag.py:545} INFO - Filling up the DagBag from /home/airflow/.local/lib/python3.12/site-packages/airflow/example_dags/example_task_group.py
[2024-07-03T12:42:21.181+0000] {processor.py:840} INFO - DAG(s) 'example_task_group' retrieved from /home/airflow/.local/lib/python3.12/site-packages/airflow/example_dags/example_task_group.py
[2024-07-03T12:42:21.188+0000] {logging_mixin.py:188} INFO - [2024-07-03T12:42:21.188+0000] {dag.py:3096} INFO - Sync 1 DAGs
[2024-07-03T12:42:21.196+0000] {logging_mixin.py:188} INFO - [2024-07-03T12:42:21.196+0000] {dag.py:3954} INFO - Setting next_dagrun for example_task_group to 2024-07-02 00:00:00+00:00, run_after=2024-07-03 00:00:00+00:00
[2024-07-03T12:42:21.202+0000] {processor.py:183} INFO - Processing /home/airflow/.local/lib/python3.12/site-packages/airflow/example_dags/example_task_group.py took 0.028 seconds
[2024-07-03T12:42:51.525+0000] {processor.py:161} INFO - Started process (PID=1397) to work on /home/airflow/.local/lib/python3.12/site-packages/airflow/example_dags/example_task_group.py
[2024-07-03T12:42:51.525+0000] {processor.py:830} INFO - Processing file /home/airflow/.local/lib/python3.12/site-packages/airflow/example_dags/example_task_group.py for tasks to queue
[2024-07-03T12:42:51.526+0000] {logging_mixin.py:188} INFO - [2024-07-03T12:42:51.526+0000] {dagbag.py:545} INFO - Filling up the DagBag from /home/airflow/.local/lib/python3.12/site-packages/airflow/example_dags/example_task_group.py
[2024-07-03T12:42:51.528+0000] {processor.py:840} INFO - DAG(s) 'example_task_group' retrieved from /home/airflow/.local/lib/python3.12/site-packages/airflow/example_dags/example_task_group.py
[2024-07-03T12:42:51.536+0000] {logging_mixin.py:188} INFO - [2024-07-03T12:42:51.535+0000] {dag.py:3096} INFO - Sync 1 DAGs
[2024-07-03T12:42:51.542+0000] {logging_mixin.py:188} INFO - [2024-07-03T12:42:51.542+0000] {dag.py:3954} INFO - Setting next_dagrun for example_task_group to 2024-07-02 00:00:00+00:00, run_after=2024-07-03 00:00:00+00:00
[2024-07-03T12:42:51.548+0000] {processor.py:183} INFO - Processing /home/airflow/.local/lib/python3.12/site-packages/airflow/example_dags/example_task_group.py took 0.025 seconds
[2024-07-03T12:43:21.865+0000] {processor.py:161} INFO - Started process (PID=1455) to work on /home/airflow/.local/lib/python3.12/site-packages/airflow/example_dags/example_task_group.py
[2024-07-03T12:43:21.866+0000] {processor.py:830} INFO - Processing file /home/airflow/.local/lib/python3.12/site-packages/airflow/example_dags/example_task_group.py for tasks to queue
[2024-07-03T12:43:21.866+0000] {logging_mixin.py:188} INFO - [2024-07-03T12:43:21.866+0000] {dagbag.py:545} INFO - Filling up the DagBag from /home/airflow/.local/lib/python3.12/site-packages/airflow/example_dags/example_task_group.py
[2024-07-03T12:43:21.869+0000] {processor.py:840} INFO - DAG(s) 'example_task_group' retrieved from /home/airflow/.local/lib/python3.12/site-packages/airflow/example_dags/example_task_group.py
[2024-07-03T12:43:21.877+0000] {logging_mixin.py:188} INFO - [2024-07-03T12:43:21.877+0000] {dag.py:3096} INFO - Sync 1 DAGs
[2024-07-03T12:43:21.884+0000] {logging_mixin.py:188} INFO - [2024-07-03T12:43:21.883+0000] {dag.py:3954} INFO - Setting next_dagrun for example_task_group to 2024-07-02 00:00:00+00:00, run_after=2024-07-03 00:00:00+00:00
[2024-07-03T12:43:21.889+0000] {processor.py:183} INFO - Processing /home/airflow/.local/lib/python3.12/site-packages/airflow/example_dags/example_task_group.py took 0.026 seconds
[2024-07-03T12:43:52.235+0000] {processor.py:161} INFO - Started process (PID=1513) to work on /home/airflow/.local/lib/python3.12/site-packages/airflow/example_dags/example_task_group.py
[2024-07-03T12:43:52.235+0000] {processor.py:830} INFO - Processing file /home/airflow/.local/lib/python3.12/site-packages/airflow/example_dags/example_task_group.py for tasks to queue
[2024-07-03T12:43:52.236+0000] {logging_mixin.py:188} INFO - [2024-07-03T12:43:52.235+0000] {dagbag.py:545} INFO - Filling up the DagBag from /home/airflow/.local/lib/python3.12/site-packages/airflow/example_dags/example_task_group.py
[2024-07-03T12:43:52.239+0000] {processor.py:840} INFO - DAG(s) 'example_task_group' retrieved from /home/airflow/.local/lib/python3.12/site-packages/airflow/example_dags/example_task_group.py
[2024-07-03T12:43:52.246+0000] {logging_mixin.py:188} INFO - [2024-07-03T12:43:52.246+0000] {dag.py:3096} INFO - Sync 1 DAGs
[2024-07-03T12:43:52.253+0000] {logging_mixin.py:188} INFO - [2024-07-03T12:43:52.253+0000] {dag.py:3954} INFO - Setting next_dagrun for example_task_group to 2024-07-02 00:00:00+00:00, run_after=2024-07-03 00:00:00+00:00
[2024-07-03T12:43:52.259+0000] {processor.py:183} INFO - Processing /home/airflow/.local/lib/python3.12/site-packages/airflow/example_dags/example_task_group.py took 0.027 seconds
[2024-07-03T12:44:22.582+0000] {processor.py:161} INFO - Started process (PID=1571) to work on /home/airflow/.local/lib/python3.12/site-packages/airflow/example_dags/example_task_group.py
[2024-07-03T12:44:22.582+0000] {processor.py:830} INFO - Processing file /home/airflow/.local/lib/python3.12/site-packages/airflow/example_dags/example_task_group.py for tasks to queue
[2024-07-03T12:44:22.583+0000] {logging_mixin.py:188} INFO - [2024-07-03T12:44:22.582+0000] {dagbag.py:545} INFO - Filling up the DagBag from /home/airflow/.local/lib/python3.12/site-packages/airflow/example_dags/example_task_group.py
[2024-07-03T12:44:22.585+0000] {processor.py:840} INFO - DAG(s) 'example_task_group' retrieved from /home/airflow/.local/lib/python3.12/site-packages/airflow/example_dags/example_task_group.py
[2024-07-03T12:44:22.593+0000] {logging_mixin.py:188} INFO - [2024-07-03T12:44:22.593+0000] {dag.py:3096} INFO - Sync 1 DAGs
[2024-07-03T12:44:22.602+0000] {logging_mixin.py:188} INFO - [2024-07-03T12:44:22.601+0000] {dag.py:3954} INFO - Setting next_dagrun for example_task_group to 2024-07-02 00:00:00+00:00, run_after=2024-07-03 00:00:00+00:00
[2024-07-03T12:44:22.608+0000] {processor.py:183} INFO - Processing /home/airflow/.local/lib/python3.12/site-packages/airflow/example_dags/example_task_group.py took 0.028 seconds
[2024-07-03T12:44:53.015+0000] {processor.py:161} INFO - Started process (PID=1629) to work on /home/airflow/.local/lib/python3.12/site-packages/airflow/example_dags/example_task_group.py
[2024-07-03T12:44:53.015+0000] {processor.py:830} INFO - Processing file /home/airflow/.local/lib/python3.12/site-packages/airflow/example_dags/example_task_group.py for tasks to queue
[2024-07-03T12:44:53.016+0000] {logging_mixin.py:188} INFO - [2024-07-03T12:44:53.016+0000] {dagbag.py:545} INFO - Filling up the DagBag from /home/airflow/.local/lib/python3.12/site-packages/airflow/example_dags/example_task_group.py
[2024-07-03T12:44:53.019+0000] {processor.py:840} INFO - DAG(s) 'example_task_group' retrieved from /home/airflow/.local/lib/python3.12/site-packages/airflow/example_dags/example_task_group.py
[2024-07-03T12:44:53.027+0000] {logging_mixin.py:188} INFO - [2024-07-03T12:44:53.027+0000] {dag.py:3096} INFO - Sync 1 DAGs
[2024-07-03T12:44:53.034+0000] {logging_mixin.py:188} INFO - [2024-07-03T12:44:53.034+0000] {dag.py:3954} INFO - Setting next_dagrun for example_task_group to 2024-07-02 00:00:00+00:00, run_after=2024-07-03 00:00:00+00:00
[2024-07-03T12:44:53.041+0000] {processor.py:183} INFO - Processing /home/airflow/.local/lib/python3.12/site-packages/airflow/example_dags/example_task_group.py took 0.028 seconds
[2024-07-03T12:45:23.352+0000] {processor.py:161} INFO - Started process (PID=1687) to work on /home/airflow/.local/lib/python3.12/site-packages/airflow/example_dags/example_task_group.py
[2024-07-03T12:45:23.352+0000] {processor.py:830} INFO - Processing file /home/airflow/.local/lib/python3.12/site-packages/airflow/example_dags/example_task_group.py for tasks to queue
[2024-07-03T12:45:23.353+0000] {logging_mixin.py:188} INFO - [2024-07-03T12:45:23.353+0000] {dagbag.py:545} INFO - Filling up the DagBag from /home/airflow/.local/lib/python3.12/site-packages/airflow/example_dags/example_task_group.py
[2024-07-03T12:45:23.356+0000] {processor.py:840} INFO - DAG(s) 'example_task_group' retrieved from /home/airflow/.local/lib/python3.12/site-packages/airflow/example_dags/example_task_group.py
[2024-07-03T12:45:23.363+0000] {logging_mixin.py:188} INFO - [2024-07-03T12:45:23.362+0000] {dag.py:3096} INFO - Sync 1 DAGs
[2024-07-03T12:45:23.369+0000] {logging_mixin.py:188} INFO - [2024-07-03T12:45:23.369+0000] {dag.py:3954} INFO - Setting next_dagrun for example_task_group to 2024-07-02 00:00:00+00:00, run_after=2024-07-03 00:00:00+00:00
[2024-07-03T12:45:23.375+0000] {processor.py:183} INFO - Processing /home/airflow/.local/lib/python3.12/site-packages/airflow/example_dags/example_task_group.py took 0.025 seconds
[2024-07-03T12:45:53.683+0000] {processor.py:161} INFO - Started process (PID=1745) to work on /home/airflow/.local/lib/python3.12/site-packages/airflow/example_dags/example_task_group.py
[2024-07-03T12:45:53.684+0000] {processor.py:830} INFO - Processing file /home/airflow/.local/lib/python3.12/site-packages/airflow/example_dags/example_task_group.py for tasks to queue
[2024-07-03T12:45:53.685+0000] {logging_mixin.py:188} INFO - [2024-07-03T12:45:53.684+0000] {dagbag.py:545} INFO - Filling up the DagBag from /home/airflow/.local/lib/python3.12/site-packages/airflow/example_dags/example_task_group.py
[2024-07-03T12:45:53.687+0000] {processor.py:840} INFO - DAG(s) 'example_task_group' retrieved from /home/airflow/.local/lib/python3.12/site-packages/airflow/example_dags/example_task_group.py
[2024-07-03T12:45:53.695+0000] {logging_mixin.py:188} INFO - [2024-07-03T12:45:53.695+0000] {dag.py:3096} INFO - Sync 1 DAGs
[2024-07-03T12:45:53.702+0000] {logging_mixin.py:188} INFO - [2024-07-03T12:45:53.702+0000] {dag.py:3954} INFO - Setting next_dagrun for example_task_group to 2024-07-02 00:00:00+00:00, run_after=2024-07-03 00:00:00+00:00
[2024-07-03T12:45:53.708+0000] {processor.py:183} INFO - Processing /home/airflow/.local/lib/python3.12/site-packages/airflow/example_dags/example_task_group.py took 0.027 seconds
[2024-07-03T12:46:24.493+0000] {processor.py:161} INFO - Started process (PID=1803) to work on /home/airflow/.local/lib/python3.12/site-packages/airflow/example_dags/example_task_group.py
[2024-07-03T12:46:24.494+0000] {processor.py:830} INFO - Processing file /home/airflow/.local/lib/python3.12/site-packages/airflow/example_dags/example_task_group.py for tasks to queue
[2024-07-03T12:46:24.494+0000] {logging_mixin.py:188} INFO - [2024-07-03T12:46:24.494+0000] {dagbag.py:545} INFO - Filling up the DagBag from /home/airflow/.local/lib/python3.12/site-packages/airflow/example_dags/example_task_group.py
[2024-07-03T12:46:24.497+0000] {processor.py:840} INFO - DAG(s) 'example_task_group' retrieved from /home/airflow/.local/lib/python3.12/site-packages/airflow/example_dags/example_task_group.py
[2024-07-03T12:46:24.505+0000] {logging_mixin.py:188} INFO - [2024-07-03T12:46:24.505+0000] {dag.py:3096} INFO - Sync 1 DAGs
[2024-07-03T12:46:24.513+0000] {logging_mixin.py:188} INFO - [2024-07-03T12:46:24.513+0000] {dag.py:3954} INFO - Setting next_dagrun for example_task_group to 2024-07-02 00:00:00+00:00, run_after=2024-07-03 00:00:00+00:00
[2024-07-03T12:46:24.519+0000] {processor.py:183} INFO - Processing /home/airflow/.local/lib/python3.12/site-packages/airflow/example_dags/example_task_group.py took 0.028 seconds
[2024-07-03T12:46:55.137+0000] {processor.py:161} INFO - Started process (PID=1861) to work on /home/airflow/.local/lib/python3.12/site-packages/airflow/example_dags/example_task_group.py
[2024-07-03T12:46:55.137+0000] {processor.py:830} INFO - Processing file /home/airflow/.local/lib/python3.12/site-packages/airflow/example_dags/example_task_group.py for tasks to queue
[2024-07-03T12:46:55.138+0000] {logging_mixin.py:188} INFO - [2024-07-03T12:46:55.138+0000] {dagbag.py:545} INFO - Filling up the DagBag from /home/airflow/.local/lib/python3.12/site-packages/airflow/example_dags/example_task_group.py
[2024-07-03T12:46:55.141+0000] {processor.py:840} INFO - DAG(s) 'example_task_group' retrieved from /home/airflow/.local/lib/python3.12/site-packages/airflow/example_dags/example_task_group.py
[2024-07-03T12:46:55.148+0000] {logging_mixin.py:188} INFO - [2024-07-03T12:46:55.148+0000] {dag.py:3096} INFO - Sync 1 DAGs
[2024-07-03T12:46:55.155+0000] {logging_mixin.py:188} INFO - [2024-07-03T12:46:55.155+0000] {dag.py:3954} INFO - Setting next_dagrun for example_task_group to 2024-07-02 00:00:00+00:00, run_after=2024-07-03 00:00:00+00:00
[2024-07-03T12:46:55.161+0000] {processor.py:183} INFO - Processing /home/airflow/.local/lib/python3.12/site-packages/airflow/example_dags/example_task_group.py took 0.026 seconds
[2024-07-03T12:47:26.225+0000] {processor.py:161} INFO - Started process (PID=1919) to work on /home/airflow/.local/lib/python3.12/site-packages/airflow/example_dags/example_task_group.py
[2024-07-03T12:47:26.226+0000] {processor.py:830} INFO - Processing file /home/airflow/.local/lib/python3.12/site-packages/airflow/example_dags/example_task_group.py for tasks to queue
[2024-07-03T12:47:26.226+0000] {logging_mixin.py:188} INFO - [2024-07-03T12:47:26.226+0000] {dagbag.py:545} INFO - Filling up the DagBag from /home/airflow/.local/lib/python3.12/site-packages/airflow/example_dags/example_task_group.py
[2024-07-03T12:47:26.229+0000] {processor.py:840} INFO - DAG(s) 'example_task_group' retrieved from /home/airflow/.local/lib/python3.12/site-packages/airflow/example_dags/example_task_group.py
[2024-07-03T12:47:26.238+0000] {logging_mixin.py:188} INFO - [2024-07-03T12:47:26.238+0000] {dag.py:3096} INFO - Sync 1 DAGs
[2024-07-03T12:47:26.313+0000] {logging_mixin.py:188} INFO - [2024-07-03T12:47:26.313+0000] {dag.py:3954} INFO - Setting next_dagrun for example_task_group to 2024-07-02 00:00:00+00:00, run_after=2024-07-03 00:00:00+00:00
[2024-07-03T12:47:26.321+0000] {processor.py:183} INFO - Processing /home/airflow/.local/lib/python3.12/site-packages/airflow/example_dags/example_task_group.py took 0.098 seconds
[2024-07-03T12:47:57.197+0000] {processor.py:161} INFO - Started process (PID=1977) to work on /home/airflow/.local/lib/python3.12/site-packages/airflow/example_dags/example_task_group.py
[2024-07-03T12:47:57.197+0000] {processor.py:830} INFO - Processing file /home/airflow/.local/lib/python3.12/site-packages/airflow/example_dags/example_task_group.py for tasks to queue
[2024-07-03T12:47:57.198+0000] {logging_mixin.py:188} INFO - [2024-07-03T12:47:57.198+0000] {dagbag.py:545} INFO - Filling up the DagBag from /home/airflow/.local/lib/python3.12/site-packages/airflow/example_dags/example_task_group.py
[2024-07-03T12:47:57.201+0000] {processor.py:840} INFO - DAG(s) 'example_task_group' retrieved from /home/airflow/.local/lib/python3.12/site-packages/airflow/example_dags/example_task_group.py
[2024-07-03T12:47:57.209+0000] {logging_mixin.py:188} INFO - [2024-07-03T12:47:57.209+0000] {dag.py:3096} INFO - Sync 1 DAGs
[2024-07-03T12:47:57.217+0000] {logging_mixin.py:188} INFO - [2024-07-03T12:47:57.217+0000] {dag.py:3954} INFO - Setting next_dagrun for example_task_group to 2024-07-02 00:00:00+00:00, run_after=2024-07-03 00:00:00+00:00
[2024-07-03T12:47:57.290+0000] {processor.py:183} INFO - Processing /home/airflow/.local/lib/python3.12/site-packages/airflow/example_dags/example_task_group.py took 0.095 seconds
[2024-07-03T12:48:28.116+0000] {processor.py:161} INFO - Started process (PID=2035) to work on /home/airflow/.local/lib/python3.12/site-packages/airflow/example_dags/example_task_group.py
[2024-07-03T12:48:28.117+0000] {processor.py:830} INFO - Processing file /home/airflow/.local/lib/python3.12/site-packages/airflow/example_dags/example_task_group.py for tasks to queue
[2024-07-03T12:48:28.117+0000] {logging_mixin.py:188} INFO - [2024-07-03T12:48:28.117+0000] {dagbag.py:545} INFO - Filling up the DagBag from /home/airflow/.local/lib/python3.12/site-packages/airflow/example_dags/example_task_group.py
[2024-07-03T12:48:28.120+0000] {processor.py:840} INFO - DAG(s) 'example_task_group' retrieved from /home/airflow/.local/lib/python3.12/site-packages/airflow/example_dags/example_task_group.py
[2024-07-03T12:48:28.127+0000] {logging_mixin.py:188} INFO - [2024-07-03T12:48:28.127+0000] {dag.py:3096} INFO - Sync 1 DAGs
[2024-07-03T12:48:28.134+0000] {logging_mixin.py:188} INFO - [2024-07-03T12:48:28.134+0000] {dag.py:3954} INFO - Setting next_dagrun for example_task_group to 2024-07-02 00:00:00+00:00, run_after=2024-07-03 00:00:00+00:00
[2024-07-03T12:48:28.140+0000] {processor.py:183} INFO - Processing /home/airflow/.local/lib/python3.12/site-packages/airflow/example_dags/example_task_group.py took 0.026 seconds
[2024-07-03T12:48:58.249+0000] {processor.py:161} INFO - Started process (PID=2093) to work on /home/airflow/.local/lib/python3.12/site-packages/airflow/example_dags/example_task_group.py
[2024-07-03T12:48:58.249+0000] {processor.py:830} INFO - Processing file /home/airflow/.local/lib/python3.12/site-packages/airflow/example_dags/example_task_group.py for tasks to queue
[2024-07-03T12:48:58.250+0000] {logging_mixin.py:188} INFO - [2024-07-03T12:48:58.250+0000] {dagbag.py:545} INFO - Filling up the DagBag from /home/airflow/.local/lib/python3.12/site-packages/airflow/example_dags/example_task_group.py
[2024-07-03T12:48:58.253+0000] {processor.py:840} INFO - DAG(s) 'example_task_group' retrieved from /home/airflow/.local/lib/python3.12/site-packages/airflow/example_dags/example_task_group.py
[2024-07-03T12:48:58.261+0000] {logging_mixin.py:188} INFO - [2024-07-03T12:48:58.261+0000] {dag.py:3096} INFO - Sync 1 DAGs
[2024-07-03T12:48:58.268+0000] {logging_mixin.py:188} INFO - [2024-07-03T12:48:58.268+0000] {dag.py:3954} INFO - Setting next_dagrun for example_task_group to 2024-07-02 00:00:00+00:00, run_after=2024-07-03 00:00:00+00:00
[2024-07-03T12:48:58.274+0000] {processor.py:183} INFO - Processing /home/airflow/.local/lib/python3.12/site-packages/airflow/example_dags/example_task_group.py took 0.027 seconds
[2024-07-03T12:49:28.651+0000] {processor.py:161} INFO - Started process (PID=2151) to work on /home/airflow/.local/lib/python3.12/site-packages/airflow/example_dags/example_task_group.py
[2024-07-03T12:49:28.651+0000] {processor.py:830} INFO - Processing file /home/airflow/.local/lib/python3.12/site-packages/airflow/example_dags/example_task_group.py for tasks to queue
[2024-07-03T12:49:28.652+0000] {logging_mixin.py:188} INFO - [2024-07-03T12:49:28.652+0000] {dagbag.py:545} INFO - Filling up the DagBag from /home/airflow/.local/lib/python3.12/site-packages/airflow/example_dags/example_task_group.py
[2024-07-03T12:49:28.655+0000] {processor.py:840} INFO - DAG(s) 'example_task_group' retrieved from /home/airflow/.local/lib/python3.12/site-packages/airflow/example_dags/example_task_group.py
[2024-07-03T12:49:28.663+0000] {logging_mixin.py:188} INFO - [2024-07-03T12:49:28.663+0000] {dag.py:3096} INFO - Sync 1 DAGs
[2024-07-03T12:49:28.671+0000] {logging_mixin.py:188} INFO - [2024-07-03T12:49:28.671+0000] {dag.py:3954} INFO - Setting next_dagrun for example_task_group to 2024-07-02 00:00:00+00:00, run_after=2024-07-03 00:00:00+00:00
[2024-07-03T12:49:28.677+0000] {processor.py:183} INFO - Processing /home/airflow/.local/lib/python3.12/site-packages/airflow/example_dags/example_task_group.py took 0.029 seconds
[2024-07-03T12:49:59.047+0000] {processor.py:161} INFO - Started process (PID=2209) to work on /home/airflow/.local/lib/python3.12/site-packages/airflow/example_dags/example_task_group.py
[2024-07-03T12:49:59.047+0000] {processor.py:830} INFO - Processing file /home/airflow/.local/lib/python3.12/site-packages/airflow/example_dags/example_task_group.py for tasks to queue
[2024-07-03T12:49:59.048+0000] {logging_mixin.py:188} INFO - [2024-07-03T12:49:59.048+0000] {dagbag.py:545} INFO - Filling up the DagBag from /home/airflow/.local/lib/python3.12/site-packages/airflow/example_dags/example_task_group.py
[2024-07-03T12:49:59.051+0000] {processor.py:840} INFO - DAG(s) 'example_task_group' retrieved from /home/airflow/.local/lib/python3.12/site-packages/airflow/example_dags/example_task_group.py
[2024-07-03T12:49:59.059+0000] {logging_mixin.py:188} INFO - [2024-07-03T12:49:59.059+0000] {dag.py:3096} INFO - Sync 1 DAGs
[2024-07-03T12:49:59.067+0000] {logging_mixin.py:188} INFO - [2024-07-03T12:49:59.067+0000] {dag.py:3954} INFO - Setting next_dagrun for example_task_group to 2024-07-02 00:00:00+00:00, run_after=2024-07-03 00:00:00+00:00
[2024-07-03T12:49:59.073+0000] {processor.py:183} INFO - Processing /home/airflow/.local/lib/python3.12/site-packages/airflow/example_dags/example_task_group.py took 0.028 seconds
[2024-07-03T12:50:29.468+0000] {processor.py:161} INFO - Started process (PID=2267) to work on /home/airflow/.local/lib/python3.12/site-packages/airflow/example_dags/example_task_group.py
[2024-07-03T12:50:29.469+0000] {processor.py:830} INFO - Processing file /home/airflow/.local/lib/python3.12/site-packages/airflow/example_dags/example_task_group.py for tasks to queue
[2024-07-03T12:50:29.469+0000] {logging_mixin.py:188} INFO - [2024-07-03T12:50:29.469+0000] {dagbag.py:545} INFO - Filling up the DagBag from /home/airflow/.local/lib/python3.12/site-packages/airflow/example_dags/example_task_group.py
[2024-07-03T12:50:29.472+0000] {processor.py:840} INFO - DAG(s) 'example_task_group' retrieved from /home/airflow/.local/lib/python3.12/site-packages/airflow/example_dags/example_task_group.py
[2024-07-03T12:50:29.481+0000] {logging_mixin.py:188} INFO - [2024-07-03T12:50:29.481+0000] {dag.py:3096} INFO - Sync 1 DAGs
[2024-07-03T12:50:29.489+0000] {logging_mixin.py:188} INFO - [2024-07-03T12:50:29.489+0000] {dag.py:3954} INFO - Setting next_dagrun for example_task_group to 2024-07-02 00:00:00+00:00, run_after=2024-07-03 00:00:00+00:00
[2024-07-03T12:50:29.495+0000] {processor.py:183} INFO - Processing /home/airflow/.local/lib/python3.12/site-packages/airflow/example_dags/example_task_group.py took 0.029 seconds
