[2024-07-03T12:31:12.292+0000] {processor.py:161} INFO - Started process (PID=73) to work on /home/airflow/.local/lib/python3.12/site-packages/airflow/example_dags/example_latest_only_with_trigger.py
[2024-07-03T12:31:12.293+0000] {processor.py:830} INFO - Processing file /home/airflow/.local/lib/python3.12/site-packages/airflow/example_dags/example_latest_only_with_trigger.py for tasks to queue
[2024-07-03T12:31:12.295+0000] {logging_mixin.py:188} INFO - [2024-07-03T12:31:12.294+0000] {dagbag.py:545} INFO - Filling up the DagBag from /home/airflow/.local/lib/python3.12/site-packages/airflow/example_dags/example_latest_only_with_trigger.py
[2024-07-03T12:31:12.300+0000] {processor.py:840} INFO - DAG(s) 'latest_only_with_trigger' retrieved from /home/airflow/.local/lib/python3.12/site-packages/airflow/example_dags/example_latest_only_with_trigger.py
[2024-07-03T12:31:12.307+0000] {logging_mixin.py:188} INFO - [2024-07-03T12:31:12.307+0000] {dag.py:3096} INFO - Sync 1 DAGs
[2024-07-03T12:31:12.322+0000] {logging_mixin.py:188} INFO - [2024-07-03T12:31:12.322+0000] {dag.py:3954} INFO - Setting next_dagrun for latest_only_with_trigger to 2024-07-03 08:00:00+00:00, run_after=2024-07-03 12:00:00+00:00
[2024-07-03T12:31:12.331+0000] {processor.py:183} INFO - Processing /home/airflow/.local/lib/python3.12/site-packages/airflow/example_dags/example_latest_only_with_trigger.py took 0.042 seconds
[2024-07-03T12:31:42.922+0000] {processor.py:161} INFO - Started process (PID=131) to work on /home/airflow/.local/lib/python3.12/site-packages/airflow/example_dags/example_latest_only_with_trigger.py
[2024-07-03T12:31:42.922+0000] {processor.py:830} INFO - Processing file /home/airflow/.local/lib/python3.12/site-packages/airflow/example_dags/example_latest_only_with_trigger.py for tasks to queue
[2024-07-03T12:31:42.923+0000] {logging_mixin.py:188} INFO - [2024-07-03T12:31:42.923+0000] {dagbag.py:545} INFO - Filling up the DagBag from /home/airflow/.local/lib/python3.12/site-packages/airflow/example_dags/example_latest_only_with_trigger.py
[2024-07-03T12:31:42.925+0000] {processor.py:840} INFO - DAG(s) 'latest_only_with_trigger' retrieved from /home/airflow/.local/lib/python3.12/site-packages/airflow/example_dags/example_latest_only_with_trigger.py
[2024-07-03T12:31:42.962+0000] {logging_mixin.py:188} INFO - [2024-07-03T12:31:42.962+0000] {dag.py:3096} INFO - Sync 1 DAGs
[2024-07-03T12:31:42.969+0000] {logging_mixin.py:188} INFO - [2024-07-03T12:31:42.969+0000] {dag.py:3954} INFO - Setting next_dagrun for latest_only_with_trigger to 2024-07-03 08:00:00+00:00, run_after=2024-07-03 12:00:00+00:00
[2024-07-03T12:31:42.975+0000] {processor.py:183} INFO - Processing /home/airflow/.local/lib/python3.12/site-packages/airflow/example_dags/example_latest_only_with_trigger.py took 0.056 seconds
[2024-07-03T12:32:13.679+0000] {processor.py:161} INFO - Started process (PID=189) to work on /home/airflow/.local/lib/python3.12/site-packages/airflow/example_dags/example_latest_only_with_trigger.py
[2024-07-03T12:32:13.679+0000] {processor.py:830} INFO - Processing file /home/airflow/.local/lib/python3.12/site-packages/airflow/example_dags/example_latest_only_with_trigger.py for tasks to queue
[2024-07-03T12:32:13.680+0000] {logging_mixin.py:188} INFO - [2024-07-03T12:32:13.680+0000] {dagbag.py:545} INFO - Filling up the DagBag from /home/airflow/.local/lib/python3.12/site-packages/airflow/example_dags/example_latest_only_with_trigger.py
[2024-07-03T12:32:13.682+0000] {processor.py:840} INFO - DAG(s) 'latest_only_with_trigger' retrieved from /home/airflow/.local/lib/python3.12/site-packages/airflow/example_dags/example_latest_only_with_trigger.py
[2024-07-03T12:32:13.689+0000] {logging_mixin.py:188} INFO - [2024-07-03T12:32:13.689+0000] {dag.py:3096} INFO - Sync 1 DAGs
[2024-07-03T12:32:13.696+0000] {logging_mixin.py:188} INFO - [2024-07-03T12:32:13.696+0000] {dag.py:3954} INFO - Setting next_dagrun for latest_only_with_trigger to 2024-07-03 08:00:00+00:00, run_after=2024-07-03 12:00:00+00:00
[2024-07-03T12:32:13.702+0000] {processor.py:183} INFO - Processing /home/airflow/.local/lib/python3.12/site-packages/airflow/example_dags/example_latest_only_with_trigger.py took 0.026 seconds
[2024-07-03T12:32:44.158+0000] {processor.py:161} INFO - Started process (PID=247) to work on /home/airflow/.local/lib/python3.12/site-packages/airflow/example_dags/example_latest_only_with_trigger.py
[2024-07-03T12:32:44.158+0000] {processor.py:830} INFO - Processing file /home/airflow/.local/lib/python3.12/site-packages/airflow/example_dags/example_latest_only_with_trigger.py for tasks to queue
[2024-07-03T12:32:44.159+0000] {logging_mixin.py:188} INFO - [2024-07-03T12:32:44.159+0000] {dagbag.py:545} INFO - Filling up the DagBag from /home/airflow/.local/lib/python3.12/site-packages/airflow/example_dags/example_latest_only_with_trigger.py
[2024-07-03T12:32:44.161+0000] {processor.py:840} INFO - DAG(s) 'latest_only_with_trigger' retrieved from /home/airflow/.local/lib/python3.12/site-packages/airflow/example_dags/example_latest_only_with_trigger.py
[2024-07-03T12:32:44.169+0000] {logging_mixin.py:188} INFO - [2024-07-03T12:32:44.169+0000] {dag.py:3096} INFO - Sync 1 DAGs
[2024-07-03T12:32:44.177+0000] {logging_mixin.py:188} INFO - [2024-07-03T12:32:44.177+0000] {dag.py:3954} INFO - Setting next_dagrun for latest_only_with_trigger to 2024-07-03 08:00:00+00:00, run_after=2024-07-03 12:00:00+00:00
[2024-07-03T12:32:44.183+0000] {processor.py:183} INFO - Processing /home/airflow/.local/lib/python3.12/site-packages/airflow/example_dags/example_latest_only_with_trigger.py took 0.027 seconds
[2024-07-03T12:33:14.799+0000] {processor.py:161} INFO - Started process (PID=305) to work on /home/airflow/.local/lib/python3.12/site-packages/airflow/example_dags/example_latest_only_with_trigger.py
[2024-07-03T12:33:14.799+0000] {processor.py:830} INFO - Processing file /home/airflow/.local/lib/python3.12/site-packages/airflow/example_dags/example_latest_only_with_trigger.py for tasks to queue
[2024-07-03T12:33:14.800+0000] {logging_mixin.py:188} INFO - [2024-07-03T12:33:14.800+0000] {dagbag.py:545} INFO - Filling up the DagBag from /home/airflow/.local/lib/python3.12/site-packages/airflow/example_dags/example_latest_only_with_trigger.py
[2024-07-03T12:33:14.802+0000] {processor.py:840} INFO - DAG(s) 'latest_only_with_trigger' retrieved from /home/airflow/.local/lib/python3.12/site-packages/airflow/example_dags/example_latest_only_with_trigger.py
[2024-07-03T12:33:14.810+0000] {logging_mixin.py:188} INFO - [2024-07-03T12:33:14.810+0000] {dag.py:3096} INFO - Sync 1 DAGs
[2024-07-03T12:33:14.817+0000] {logging_mixin.py:188} INFO - [2024-07-03T12:33:14.817+0000] {dag.py:3954} INFO - Setting next_dagrun for latest_only_with_trigger to 2024-07-03 08:00:00+00:00, run_after=2024-07-03 12:00:00+00:00
[2024-07-03T12:33:14.824+0000] {processor.py:183} INFO - Processing /home/airflow/.local/lib/python3.12/site-packages/airflow/example_dags/example_latest_only_with_trigger.py took 0.027 seconds
[2024-07-03T12:33:45.128+0000] {processor.py:161} INFO - Started process (PID=363) to work on /home/airflow/.local/lib/python3.12/site-packages/airflow/example_dags/example_latest_only_with_trigger.py
[2024-07-03T12:33:45.128+0000] {processor.py:830} INFO - Processing file /home/airflow/.local/lib/python3.12/site-packages/airflow/example_dags/example_latest_only_with_trigger.py for tasks to queue
[2024-07-03T12:33:45.129+0000] {logging_mixin.py:188} INFO - [2024-07-03T12:33:45.129+0000] {dagbag.py:545} INFO - Filling up the DagBag from /home/airflow/.local/lib/python3.12/site-packages/airflow/example_dags/example_latest_only_with_trigger.py
[2024-07-03T12:33:45.132+0000] {processor.py:840} INFO - DAG(s) 'latest_only_with_trigger' retrieved from /home/airflow/.local/lib/python3.12/site-packages/airflow/example_dags/example_latest_only_with_trigger.py
[2024-07-03T12:33:45.140+0000] {logging_mixin.py:188} INFO - [2024-07-03T12:33:45.139+0000] {dag.py:3096} INFO - Sync 1 DAGs
[2024-07-03T12:33:45.147+0000] {logging_mixin.py:188} INFO - [2024-07-03T12:33:45.147+0000] {dag.py:3954} INFO - Setting next_dagrun for latest_only_with_trigger to 2024-07-03 08:00:00+00:00, run_after=2024-07-03 12:00:00+00:00
[2024-07-03T12:33:45.154+0000] {processor.py:183} INFO - Processing /home/airflow/.local/lib/python3.12/site-packages/airflow/example_dags/example_latest_only_with_trigger.py took 0.028 seconds
[2024-07-03T12:34:15.451+0000] {processor.py:161} INFO - Started process (PID=421) to work on /home/airflow/.local/lib/python3.12/site-packages/airflow/example_dags/example_latest_only_with_trigger.py
[2024-07-03T12:34:15.451+0000] {processor.py:830} INFO - Processing file /home/airflow/.local/lib/python3.12/site-packages/airflow/example_dags/example_latest_only_with_trigger.py for tasks to queue
[2024-07-03T12:34:15.452+0000] {logging_mixin.py:188} INFO - [2024-07-03T12:34:15.452+0000] {dagbag.py:545} INFO - Filling up the DagBag from /home/airflow/.local/lib/python3.12/site-packages/airflow/example_dags/example_latest_only_with_trigger.py
[2024-07-03T12:34:15.454+0000] {processor.py:840} INFO - DAG(s) 'latest_only_with_trigger' retrieved from /home/airflow/.local/lib/python3.12/site-packages/airflow/example_dags/example_latest_only_with_trigger.py
[2024-07-03T12:34:15.462+0000] {logging_mixin.py:188} INFO - [2024-07-03T12:34:15.461+0000] {dag.py:3096} INFO - Sync 1 DAGs
[2024-07-03T12:34:15.469+0000] {logging_mixin.py:188} INFO - [2024-07-03T12:34:15.469+0000] {dag.py:3954} INFO - Setting next_dagrun for latest_only_with_trigger to 2024-07-03 08:00:00+00:00, run_after=2024-07-03 12:00:00+00:00
[2024-07-03T12:34:15.475+0000] {processor.py:183} INFO - Processing /home/airflow/.local/lib/python3.12/site-packages/airflow/example_dags/example_latest_only_with_trigger.py took 0.026 seconds
[2024-07-03T12:34:45.704+0000] {processor.py:161} INFO - Started process (PID=479) to work on /home/airflow/.local/lib/python3.12/site-packages/airflow/example_dags/example_latest_only_with_trigger.py
[2024-07-03T12:34:45.705+0000] {processor.py:830} INFO - Processing file /home/airflow/.local/lib/python3.12/site-packages/airflow/example_dags/example_latest_only_with_trigger.py for tasks to queue
[2024-07-03T12:34:45.705+0000] {logging_mixin.py:188} INFO - [2024-07-03T12:34:45.705+0000] {dagbag.py:545} INFO - Filling up the DagBag from /home/airflow/.local/lib/python3.12/site-packages/airflow/example_dags/example_latest_only_with_trigger.py
[2024-07-03T12:34:45.708+0000] {processor.py:840} INFO - DAG(s) 'latest_only_with_trigger' retrieved from /home/airflow/.local/lib/python3.12/site-packages/airflow/example_dags/example_latest_only_with_trigger.py
[2024-07-03T12:34:45.715+0000] {logging_mixin.py:188} INFO - [2024-07-03T12:34:45.715+0000] {dag.py:3096} INFO - Sync 1 DAGs
[2024-07-03T12:34:45.724+0000] {logging_mixin.py:188} INFO - [2024-07-03T12:34:45.724+0000] {dag.py:3954} INFO - Setting next_dagrun for latest_only_with_trigger to 2024-07-03 08:00:00+00:00, run_after=2024-07-03 12:00:00+00:00
[2024-07-03T12:34:45.730+0000] {processor.py:183} INFO - Processing /home/airflow/.local/lib/python3.12/site-packages/airflow/example_dags/example_latest_only_with_trigger.py took 0.028 seconds
[2024-07-03T12:35:15.969+0000] {processor.py:161} INFO - Started process (PID=537) to work on /home/airflow/.local/lib/python3.12/site-packages/airflow/example_dags/example_latest_only_with_trigger.py
[2024-07-03T12:35:15.969+0000] {processor.py:830} INFO - Processing file /home/airflow/.local/lib/python3.12/site-packages/airflow/example_dags/example_latest_only_with_trigger.py for tasks to queue
[2024-07-03T12:35:15.970+0000] {logging_mixin.py:188} INFO - [2024-07-03T12:35:15.970+0000] {dagbag.py:545} INFO - Filling up the DagBag from /home/airflow/.local/lib/python3.12/site-packages/airflow/example_dags/example_latest_only_with_trigger.py
[2024-07-03T12:35:15.972+0000] {processor.py:840} INFO - DAG(s) 'latest_only_with_trigger' retrieved from /home/airflow/.local/lib/python3.12/site-packages/airflow/example_dags/example_latest_only_with_trigger.py
[2024-07-03T12:35:15.980+0000] {logging_mixin.py:188} INFO - [2024-07-03T12:35:15.980+0000] {dag.py:3096} INFO - Sync 1 DAGs
[2024-07-03T12:35:15.987+0000] {logging_mixin.py:188} INFO - [2024-07-03T12:35:15.987+0000] {dag.py:3954} INFO - Setting next_dagrun for latest_only_with_trigger to 2024-07-03 08:00:00+00:00, run_after=2024-07-03 12:00:00+00:00
[2024-07-03T12:35:15.994+0000] {processor.py:183} INFO - Processing /home/airflow/.local/lib/python3.12/site-packages/airflow/example_dags/example_latest_only_with_trigger.py took 0.027 seconds
[2024-07-03T12:35:46.307+0000] {processor.py:161} INFO - Started process (PID=595) to work on /home/airflow/.local/lib/python3.12/site-packages/airflow/example_dags/example_latest_only_with_trigger.py
[2024-07-03T12:35:46.308+0000] {processor.py:830} INFO - Processing file /home/airflow/.local/lib/python3.12/site-packages/airflow/example_dags/example_latest_only_with_trigger.py for tasks to queue
[2024-07-03T12:35:46.308+0000] {logging_mixin.py:188} INFO - [2024-07-03T12:35:46.308+0000] {dagbag.py:545} INFO - Filling up the DagBag from /home/airflow/.local/lib/python3.12/site-packages/airflow/example_dags/example_latest_only_with_trigger.py
[2024-07-03T12:35:46.311+0000] {processor.py:840} INFO - DAG(s) 'latest_only_with_trigger' retrieved from /home/airflow/.local/lib/python3.12/site-packages/airflow/example_dags/example_latest_only_with_trigger.py
[2024-07-03T12:35:46.318+0000] {logging_mixin.py:188} INFO - [2024-07-03T12:35:46.318+0000] {dag.py:3096} INFO - Sync 1 DAGs
[2024-07-03T12:35:46.326+0000] {logging_mixin.py:188} INFO - [2024-07-03T12:35:46.326+0000] {dag.py:3954} INFO - Setting next_dagrun for latest_only_with_trigger to 2024-07-03 08:00:00+00:00, run_after=2024-07-03 12:00:00+00:00
[2024-07-03T12:35:46.332+0000] {processor.py:183} INFO - Processing /home/airflow/.local/lib/python3.12/site-packages/airflow/example_dags/example_latest_only_with_trigger.py took 0.027 seconds
[2024-07-03T12:36:16.758+0000] {processor.py:161} INFO - Started process (PID=653) to work on /home/airflow/.local/lib/python3.12/site-packages/airflow/example_dags/example_latest_only_with_trigger.py
[2024-07-03T12:36:16.758+0000] {processor.py:830} INFO - Processing file /home/airflow/.local/lib/python3.12/site-packages/airflow/example_dags/example_latest_only_with_trigger.py for tasks to queue
[2024-07-03T12:36:16.759+0000] {logging_mixin.py:188} INFO - [2024-07-03T12:36:16.759+0000] {dagbag.py:545} INFO - Filling up the DagBag from /home/airflow/.local/lib/python3.12/site-packages/airflow/example_dags/example_latest_only_with_trigger.py
[2024-07-03T12:36:16.761+0000] {processor.py:840} INFO - DAG(s) 'latest_only_with_trigger' retrieved from /home/airflow/.local/lib/python3.12/site-packages/airflow/example_dags/example_latest_only_with_trigger.py
[2024-07-03T12:36:16.768+0000] {logging_mixin.py:188} INFO - [2024-07-03T12:36:16.768+0000] {dag.py:3096} INFO - Sync 1 DAGs
[2024-07-03T12:36:16.775+0000] {logging_mixin.py:188} INFO - [2024-07-03T12:36:16.775+0000] {dag.py:3954} INFO - Setting next_dagrun for latest_only_with_trigger to 2024-07-03 08:00:00+00:00, run_after=2024-07-03 12:00:00+00:00
[2024-07-03T12:36:16.781+0000] {processor.py:183} INFO - Processing /home/airflow/.local/lib/python3.12/site-packages/airflow/example_dags/example_latest_only_with_trigger.py took 0.025 seconds
[2024-07-03T12:36:47.107+0000] {processor.py:161} INFO - Started process (PID=711) to work on /home/airflow/.local/lib/python3.12/site-packages/airflow/example_dags/example_latest_only_with_trigger.py
[2024-07-03T12:36:47.107+0000] {processor.py:830} INFO - Processing file /home/airflow/.local/lib/python3.12/site-packages/airflow/example_dags/example_latest_only_with_trigger.py for tasks to queue
[2024-07-03T12:36:47.108+0000] {logging_mixin.py:188} INFO - [2024-07-03T12:36:47.108+0000] {dagbag.py:545} INFO - Filling up the DagBag from /home/airflow/.local/lib/python3.12/site-packages/airflow/example_dags/example_latest_only_with_trigger.py
[2024-07-03T12:36:47.110+0000] {processor.py:840} INFO - DAG(s) 'latest_only_with_trigger' retrieved from /home/airflow/.local/lib/python3.12/site-packages/airflow/example_dags/example_latest_only_with_trigger.py
[2024-07-03T12:36:47.118+0000] {logging_mixin.py:188} INFO - [2024-07-03T12:36:47.117+0000] {dag.py:3096} INFO - Sync 1 DAGs
[2024-07-03T12:36:47.125+0000] {logging_mixin.py:188} INFO - [2024-07-03T12:36:47.125+0000] {dag.py:3954} INFO - Setting next_dagrun for latest_only_with_trigger to 2024-07-03 08:00:00+00:00, run_after=2024-07-03 12:00:00+00:00
[2024-07-03T12:36:47.131+0000] {processor.py:183} INFO - Processing /home/airflow/.local/lib/python3.12/site-packages/airflow/example_dags/example_latest_only_with_trigger.py took 0.026 seconds
[2024-07-03T12:37:17.569+0000] {processor.py:161} INFO - Started process (PID=769) to work on /home/airflow/.local/lib/python3.12/site-packages/airflow/example_dags/example_latest_only_with_trigger.py
[2024-07-03T12:37:17.570+0000] {processor.py:830} INFO - Processing file /home/airflow/.local/lib/python3.12/site-packages/airflow/example_dags/example_latest_only_with_trigger.py for tasks to queue
[2024-07-03T12:37:17.570+0000] {logging_mixin.py:188} INFO - [2024-07-03T12:37:17.570+0000] {dagbag.py:545} INFO - Filling up the DagBag from /home/airflow/.local/lib/python3.12/site-packages/airflow/example_dags/example_latest_only_with_trigger.py
[2024-07-03T12:37:17.573+0000] {processor.py:840} INFO - DAG(s) 'latest_only_with_trigger' retrieved from /home/airflow/.local/lib/python3.12/site-packages/airflow/example_dags/example_latest_only_with_trigger.py
[2024-07-03T12:37:17.583+0000] {logging_mixin.py:188} INFO - [2024-07-03T12:37:17.583+0000] {dag.py:3096} INFO - Sync 1 DAGs
[2024-07-03T12:37:17.592+0000] {logging_mixin.py:188} INFO - [2024-07-03T12:37:17.592+0000] {dag.py:3954} INFO - Setting next_dagrun for latest_only_with_trigger to 2024-07-03 08:00:00+00:00, run_after=2024-07-03 12:00:00+00:00
[2024-07-03T12:37:17.600+0000] {processor.py:183} INFO - Processing /home/airflow/.local/lib/python3.12/site-packages/airflow/example_dags/example_latest_only_with_trigger.py took 0.034 seconds
[2024-07-03T12:37:48.175+0000] {processor.py:161} INFO - Started process (PID=827) to work on /home/airflow/.local/lib/python3.12/site-packages/airflow/example_dags/example_latest_only_with_trigger.py
[2024-07-03T12:37:48.175+0000] {processor.py:830} INFO - Processing file /home/airflow/.local/lib/python3.12/site-packages/airflow/example_dags/example_latest_only_with_trigger.py for tasks to queue
[2024-07-03T12:37:48.176+0000] {logging_mixin.py:188} INFO - [2024-07-03T12:37:48.175+0000] {dagbag.py:545} INFO - Filling up the DagBag from /home/airflow/.local/lib/python3.12/site-packages/airflow/example_dags/example_latest_only_with_trigger.py
[2024-07-03T12:37:48.178+0000] {processor.py:840} INFO - DAG(s) 'latest_only_with_trigger' retrieved from /home/airflow/.local/lib/python3.12/site-packages/airflow/example_dags/example_latest_only_with_trigger.py
[2024-07-03T12:37:48.186+0000] {logging_mixin.py:188} INFO - [2024-07-03T12:37:48.185+0000] {dag.py:3096} INFO - Sync 1 DAGs
[2024-07-03T12:37:48.194+0000] {logging_mixin.py:188} INFO - [2024-07-03T12:37:48.193+0000] {dag.py:3954} INFO - Setting next_dagrun for latest_only_with_trigger to 2024-07-03 08:00:00+00:00, run_after=2024-07-03 12:00:00+00:00
[2024-07-03T12:37:48.200+0000] {processor.py:183} INFO - Processing /home/airflow/.local/lib/python3.12/site-packages/airflow/example_dags/example_latest_only_with_trigger.py took 0.028 seconds
[2024-07-03T12:38:18.555+0000] {processor.py:161} INFO - Started process (PID=885) to work on /home/airflow/.local/lib/python3.12/site-packages/airflow/example_dags/example_latest_only_with_trigger.py
[2024-07-03T12:38:18.555+0000] {processor.py:830} INFO - Processing file /home/airflow/.local/lib/python3.12/site-packages/airflow/example_dags/example_latest_only_with_trigger.py for tasks to queue
[2024-07-03T12:38:18.556+0000] {logging_mixin.py:188} INFO - [2024-07-03T12:38:18.556+0000] {dagbag.py:545} INFO - Filling up the DagBag from /home/airflow/.local/lib/python3.12/site-packages/airflow/example_dags/example_latest_only_with_trigger.py
[2024-07-03T12:38:18.558+0000] {processor.py:840} INFO - DAG(s) 'latest_only_with_trigger' retrieved from /home/airflow/.local/lib/python3.12/site-packages/airflow/example_dags/example_latest_only_with_trigger.py
[2024-07-03T12:38:18.566+0000] {logging_mixin.py:188} INFO - [2024-07-03T12:38:18.566+0000] {dag.py:3096} INFO - Sync 1 DAGs
[2024-07-03T12:38:18.574+0000] {logging_mixin.py:188} INFO - [2024-07-03T12:38:18.574+0000] {dag.py:3954} INFO - Setting next_dagrun for latest_only_with_trigger to 2024-07-03 08:00:00+00:00, run_after=2024-07-03 12:00:00+00:00
[2024-07-03T12:38:18.580+0000] {processor.py:183} INFO - Processing /home/airflow/.local/lib/python3.12/site-packages/airflow/example_dags/example_latest_only_with_trigger.py took 0.028 seconds
