[2024-07-03T12:31:11.997+0000] {processor.py:161} INFO - Started process (PID=63) to work on /home/airflow/.local/lib/python3.12/site-packages/airflow/example_dags/tutorial.py
[2024-07-03T12:31:11.999+0000] {processor.py:830} INFO - Processing file /home/airflow/.local/lib/python3.12/site-packages/airflow/example_dags/tutorial.py for tasks to queue
[2024-07-03T12:31:12.002+0000] {logging_mixin.py:188} INFO - [2024-07-03T12:31:12.001+0000] {dagbag.py:545} INFO - Filling up the DagBag from /home/airflow/.local/lib/python3.12/site-packages/airflow/example_dags/tutorial.py
[2024-07-03T12:31:12.011+0000] {processor.py:840} INFO - DAG(s) 'tutorial' retrieved from /home/airflow/.local/lib/python3.12/site-packages/airflow/example_dags/tutorial.py
[2024-07-03T12:31:12.022+0000] {logging_mixin.py:188} INFO - [2024-07-03T12:31:12.022+0000] {dag.py:3096} INFO - Sync 1 DAGs
[2024-07-03T12:31:12.036+0000] {logging_mixin.py:188} INFO - [2024-07-03T12:31:12.036+0000] {dag.py:3954} INFO - Setting next_dagrun for tutorial to 2024-07-02 00:00:00+00:00, run_after=2024-07-03 00:00:00+00:00
[2024-07-03T12:31:12.045+0000] {processor.py:183} INFO - Processing /home/airflow/.local/lib/python3.12/site-packages/airflow/example_dags/tutorial.py took 0.051 seconds
[2024-07-03T12:31:42.601+0000] {processor.py:161} INFO - Started process (PID=121) to work on /home/airflow/.local/lib/python3.12/site-packages/airflow/example_dags/tutorial.py
[2024-07-03T12:31:42.601+0000] {processor.py:830} INFO - Processing file /home/airflow/.local/lib/python3.12/site-packages/airflow/example_dags/tutorial.py for tasks to queue
[2024-07-03T12:31:42.602+0000] {logging_mixin.py:188} INFO - [2024-07-03T12:31:42.602+0000] {dagbag.py:545} INFO - Filling up the DagBag from /home/airflow/.local/lib/python3.12/site-packages/airflow/example_dags/tutorial.py
[2024-07-03T12:31:42.604+0000] {processor.py:840} INFO - DAG(s) 'tutorial' retrieved from /home/airflow/.local/lib/python3.12/site-packages/airflow/example_dags/tutorial.py
[2024-07-03T12:31:42.641+0000] {logging_mixin.py:188} INFO - [2024-07-03T12:31:42.641+0000] {dag.py:3096} INFO - Sync 1 DAGs
[2024-07-03T12:31:42.648+0000] {logging_mixin.py:188} INFO - [2024-07-03T12:31:42.648+0000] {dag.py:3954} INFO - Setting next_dagrun for tutorial to 2024-07-02 00:00:00+00:00, run_after=2024-07-03 00:00:00+00:00
[2024-07-03T12:31:42.655+0000] {processor.py:183} INFO - Processing /home/airflow/.local/lib/python3.12/site-packages/airflow/example_dags/tutorial.py took 0.056 seconds
[2024-07-03T12:32:13.499+0000] {processor.py:161} INFO - Started process (PID=179) to work on /home/airflow/.local/lib/python3.12/site-packages/airflow/example_dags/tutorial.py
[2024-07-03T12:32:13.499+0000] {processor.py:830} INFO - Processing file /home/airflow/.local/lib/python3.12/site-packages/airflow/example_dags/tutorial.py for tasks to queue
[2024-07-03T12:32:13.500+0000] {logging_mixin.py:188} INFO - [2024-07-03T12:32:13.500+0000] {dagbag.py:545} INFO - Filling up the DagBag from /home/airflow/.local/lib/python3.12/site-packages/airflow/example_dags/tutorial.py
[2024-07-03T12:32:13.502+0000] {processor.py:840} INFO - DAG(s) 'tutorial' retrieved from /home/airflow/.local/lib/python3.12/site-packages/airflow/example_dags/tutorial.py
[2024-07-03T12:32:13.510+0000] {logging_mixin.py:188} INFO - [2024-07-03T12:32:13.510+0000] {dag.py:3096} INFO - Sync 1 DAGs
[2024-07-03T12:32:13.518+0000] {logging_mixin.py:188} INFO - [2024-07-03T12:32:13.518+0000] {dag.py:3954} INFO - Setting next_dagrun for tutorial to 2024-07-02 00:00:00+00:00, run_after=2024-07-03 00:00:00+00:00
[2024-07-03T12:32:13.525+0000] {processor.py:183} INFO - Processing /home/airflow/.local/lib/python3.12/site-packages/airflow/example_dags/tutorial.py took 0.028 seconds
[2024-07-03T12:32:43.970+0000] {processor.py:161} INFO - Started process (PID=237) to work on /home/airflow/.local/lib/python3.12/site-packages/airflow/example_dags/tutorial.py
[2024-07-03T12:32:43.970+0000] {processor.py:830} INFO - Processing file /home/airflow/.local/lib/python3.12/site-packages/airflow/example_dags/tutorial.py for tasks to queue
[2024-07-03T12:32:43.971+0000] {logging_mixin.py:188} INFO - [2024-07-03T12:32:43.971+0000] {dagbag.py:545} INFO - Filling up the DagBag from /home/airflow/.local/lib/python3.12/site-packages/airflow/example_dags/tutorial.py
[2024-07-03T12:32:43.974+0000] {processor.py:840} INFO - DAG(s) 'tutorial' retrieved from /home/airflow/.local/lib/python3.12/site-packages/airflow/example_dags/tutorial.py
[2024-07-03T12:32:43.983+0000] {logging_mixin.py:188} INFO - [2024-07-03T12:32:43.983+0000] {dag.py:3096} INFO - Sync 1 DAGs
[2024-07-03T12:32:43.992+0000] {logging_mixin.py:188} INFO - [2024-07-03T12:32:43.992+0000] {dag.py:3954} INFO - Setting next_dagrun for tutorial to 2024-07-02 00:00:00+00:00, run_after=2024-07-03 00:00:00+00:00
[2024-07-03T12:32:43.999+0000] {processor.py:183} INFO - Processing /home/airflow/.local/lib/python3.12/site-packages/airflow/example_dags/tutorial.py took 0.032 seconds
[2024-07-03T12:33:14.564+0000] {processor.py:161} INFO - Started process (PID=295) to work on /home/airflow/.local/lib/python3.12/site-packages/airflow/example_dags/tutorial.py
[2024-07-03T12:33:14.564+0000] {processor.py:830} INFO - Processing file /home/airflow/.local/lib/python3.12/site-packages/airflow/example_dags/tutorial.py for tasks to queue
[2024-07-03T12:33:14.565+0000] {logging_mixin.py:188} INFO - [2024-07-03T12:33:14.565+0000] {dagbag.py:545} INFO - Filling up the DagBag from /home/airflow/.local/lib/python3.12/site-packages/airflow/example_dags/tutorial.py
[2024-07-03T12:33:14.568+0000] {processor.py:840} INFO - DAG(s) 'tutorial' retrieved from /home/airflow/.local/lib/python3.12/site-packages/airflow/example_dags/tutorial.py
[2024-07-03T12:33:14.574+0000] {logging_mixin.py:188} INFO - [2024-07-03T12:33:14.574+0000] {dag.py:3096} INFO - Sync 1 DAGs
[2024-07-03T12:33:14.581+0000] {logging_mixin.py:188} INFO - [2024-07-03T12:33:14.581+0000] {dag.py:3954} INFO - Setting next_dagrun for tutorial to 2024-07-02 00:00:00+00:00, run_after=2024-07-03 00:00:00+00:00
[2024-07-03T12:33:14.588+0000] {processor.py:183} INFO - Processing /home/airflow/.local/lib/python3.12/site-packages/airflow/example_dags/tutorial.py took 0.027 seconds
[2024-07-03T12:33:44.944+0000] {processor.py:161} INFO - Started process (PID=353) to work on /home/airflow/.local/lib/python3.12/site-packages/airflow/example_dags/tutorial.py
[2024-07-03T12:33:44.945+0000] {processor.py:830} INFO - Processing file /home/airflow/.local/lib/python3.12/site-packages/airflow/example_dags/tutorial.py for tasks to queue
[2024-07-03T12:33:44.945+0000] {logging_mixin.py:188} INFO - [2024-07-03T12:33:44.945+0000] {dagbag.py:545} INFO - Filling up the DagBag from /home/airflow/.local/lib/python3.12/site-packages/airflow/example_dags/tutorial.py
[2024-07-03T12:33:44.948+0000] {processor.py:840} INFO - DAG(s) 'tutorial' retrieved from /home/airflow/.local/lib/python3.12/site-packages/airflow/example_dags/tutorial.py
[2024-07-03T12:33:44.955+0000] {logging_mixin.py:188} INFO - [2024-07-03T12:33:44.955+0000] {dag.py:3096} INFO - Sync 1 DAGs
[2024-07-03T12:33:44.963+0000] {logging_mixin.py:188} INFO - [2024-07-03T12:33:44.963+0000] {dag.py:3954} INFO - Setting next_dagrun for tutorial to 2024-07-02 00:00:00+00:00, run_after=2024-07-03 00:00:00+00:00
[2024-07-03T12:33:44.969+0000] {processor.py:183} INFO - Processing /home/airflow/.local/lib/python3.12/site-packages/airflow/example_dags/tutorial.py took 0.027 seconds
[2024-07-03T12:34:15.259+0000] {processor.py:161} INFO - Started process (PID=411) to work on /home/airflow/.local/lib/python3.12/site-packages/airflow/example_dags/tutorial.py
[2024-07-03T12:34:15.259+0000] {processor.py:830} INFO - Processing file /home/airflow/.local/lib/python3.12/site-packages/airflow/example_dags/tutorial.py for tasks to queue
[2024-07-03T12:34:15.260+0000] {logging_mixin.py:188} INFO - [2024-07-03T12:34:15.260+0000] {dagbag.py:545} INFO - Filling up the DagBag from /home/airflow/.local/lib/python3.12/site-packages/airflow/example_dags/tutorial.py
[2024-07-03T12:34:15.262+0000] {processor.py:840} INFO - DAG(s) 'tutorial' retrieved from /home/airflow/.local/lib/python3.12/site-packages/airflow/example_dags/tutorial.py
[2024-07-03T12:34:15.270+0000] {logging_mixin.py:188} INFO - [2024-07-03T12:34:15.270+0000] {dag.py:3096} INFO - Sync 1 DAGs
[2024-07-03T12:34:15.278+0000] {logging_mixin.py:188} INFO - [2024-07-03T12:34:15.278+0000] {dag.py:3954} INFO - Setting next_dagrun for tutorial to 2024-07-02 00:00:00+00:00, run_after=2024-07-03 00:00:00+00:00
[2024-07-03T12:34:15.285+0000] {processor.py:183} INFO - Processing /home/airflow/.local/lib/python3.12/site-packages/airflow/example_dags/tutorial.py took 0.028 seconds
[2024-07-03T12:34:45.517+0000] {processor.py:161} INFO - Started process (PID=469) to work on /home/airflow/.local/lib/python3.12/site-packages/airflow/example_dags/tutorial.py
[2024-07-03T12:34:45.517+0000] {processor.py:830} INFO - Processing file /home/airflow/.local/lib/python3.12/site-packages/airflow/example_dags/tutorial.py for tasks to queue
[2024-07-03T12:34:45.518+0000] {logging_mixin.py:188} INFO - [2024-07-03T12:34:45.518+0000] {dagbag.py:545} INFO - Filling up the DagBag from /home/airflow/.local/lib/python3.12/site-packages/airflow/example_dags/tutorial.py
[2024-07-03T12:34:45.520+0000] {processor.py:840} INFO - DAG(s) 'tutorial' retrieved from /home/airflow/.local/lib/python3.12/site-packages/airflow/example_dags/tutorial.py
[2024-07-03T12:34:45.528+0000] {logging_mixin.py:188} INFO - [2024-07-03T12:34:45.528+0000] {dag.py:3096} INFO - Sync 1 DAGs
[2024-07-03T12:34:45.536+0000] {logging_mixin.py:188} INFO - [2024-07-03T12:34:45.536+0000] {dag.py:3954} INFO - Setting next_dagrun for tutorial to 2024-07-02 00:00:00+00:00, run_after=2024-07-03 00:00:00+00:00
[2024-07-03T12:34:45.542+0000] {processor.py:183} INFO - Processing /home/airflow/.local/lib/python3.12/site-packages/airflow/example_dags/tutorial.py took 0.028 seconds
[2024-07-03T12:35:15.791+0000] {processor.py:161} INFO - Started process (PID=527) to work on /home/airflow/.local/lib/python3.12/site-packages/airflow/example_dags/tutorial.py
[2024-07-03T12:35:15.792+0000] {processor.py:830} INFO - Processing file /home/airflow/.local/lib/python3.12/site-packages/airflow/example_dags/tutorial.py for tasks to queue
[2024-07-03T12:35:15.793+0000] {logging_mixin.py:188} INFO - [2024-07-03T12:35:15.792+0000] {dagbag.py:545} INFO - Filling up the DagBag from /home/airflow/.local/lib/python3.12/site-packages/airflow/example_dags/tutorial.py
[2024-07-03T12:35:15.795+0000] {processor.py:840} INFO - DAG(s) 'tutorial' retrieved from /home/airflow/.local/lib/python3.12/site-packages/airflow/example_dags/tutorial.py
[2024-07-03T12:35:15.802+0000] {logging_mixin.py:188} INFO - [2024-07-03T12:35:15.802+0000] {dag.py:3096} INFO - Sync 1 DAGs
[2024-07-03T12:35:15.810+0000] {logging_mixin.py:188} INFO - [2024-07-03T12:35:15.810+0000] {dag.py:3954} INFO - Setting next_dagrun for tutorial to 2024-07-02 00:00:00+00:00, run_after=2024-07-03 00:00:00+00:00
[2024-07-03T12:35:15.817+0000] {processor.py:183} INFO - Processing /home/airflow/.local/lib/python3.12/site-packages/airflow/example_dags/tutorial.py took 0.028 seconds
[2024-07-03T12:35:46.134+0000] {processor.py:161} INFO - Started process (PID=585) to work on /home/airflow/.local/lib/python3.12/site-packages/airflow/example_dags/tutorial.py
[2024-07-03T12:35:46.134+0000] {processor.py:830} INFO - Processing file /home/airflow/.local/lib/python3.12/site-packages/airflow/example_dags/tutorial.py for tasks to queue
[2024-07-03T12:35:46.135+0000] {logging_mixin.py:188} INFO - [2024-07-03T12:35:46.135+0000] {dagbag.py:545} INFO - Filling up the DagBag from /home/airflow/.local/lib/python3.12/site-packages/airflow/example_dags/tutorial.py
[2024-07-03T12:35:46.137+0000] {processor.py:840} INFO - DAG(s) 'tutorial' retrieved from /home/airflow/.local/lib/python3.12/site-packages/airflow/example_dags/tutorial.py
[2024-07-03T12:35:46.144+0000] {logging_mixin.py:188} INFO - [2024-07-03T12:35:46.144+0000] {dag.py:3096} INFO - Sync 1 DAGs
[2024-07-03T12:35:46.152+0000] {logging_mixin.py:188} INFO - [2024-07-03T12:35:46.151+0000] {dag.py:3954} INFO - Setting next_dagrun for tutorial to 2024-07-02 00:00:00+00:00, run_after=2024-07-03 00:00:00+00:00
[2024-07-03T12:35:46.157+0000] {processor.py:183} INFO - Processing /home/airflow/.local/lib/python3.12/site-packages/airflow/example_dags/tutorial.py took 0.026 seconds
[2024-07-03T12:36:16.574+0000] {processor.py:161} INFO - Started process (PID=643) to work on /home/airflow/.local/lib/python3.12/site-packages/airflow/example_dags/tutorial.py
[2024-07-03T12:36:16.574+0000] {processor.py:830} INFO - Processing file /home/airflow/.local/lib/python3.12/site-packages/airflow/example_dags/tutorial.py for tasks to queue
[2024-07-03T12:36:16.575+0000] {logging_mixin.py:188} INFO - [2024-07-03T12:36:16.575+0000] {dagbag.py:545} INFO - Filling up the DagBag from /home/airflow/.local/lib/python3.12/site-packages/airflow/example_dags/tutorial.py
[2024-07-03T12:36:16.578+0000] {processor.py:840} INFO - DAG(s) 'tutorial' retrieved from /home/airflow/.local/lib/python3.12/site-packages/airflow/example_dags/tutorial.py
[2024-07-03T12:36:16.586+0000] {logging_mixin.py:188} INFO - [2024-07-03T12:36:16.586+0000] {dag.py:3096} INFO - Sync 1 DAGs
[2024-07-03T12:36:16.594+0000] {logging_mixin.py:188} INFO - [2024-07-03T12:36:16.594+0000] {dag.py:3954} INFO - Setting next_dagrun for tutorial to 2024-07-02 00:00:00+00:00, run_after=2024-07-03 00:00:00+00:00
[2024-07-03T12:36:16.601+0000] {processor.py:183} INFO - Processing /home/airflow/.local/lib/python3.12/site-packages/airflow/example_dags/tutorial.py took 0.030 seconds
[2024-07-03T12:36:46.921+0000] {processor.py:161} INFO - Started process (PID=701) to work on /home/airflow/.local/lib/python3.12/site-packages/airflow/example_dags/tutorial.py
[2024-07-03T12:36:46.922+0000] {processor.py:830} INFO - Processing file /home/airflow/.local/lib/python3.12/site-packages/airflow/example_dags/tutorial.py for tasks to queue
[2024-07-03T12:36:46.922+0000] {logging_mixin.py:188} INFO - [2024-07-03T12:36:46.922+0000] {dagbag.py:545} INFO - Filling up the DagBag from /home/airflow/.local/lib/python3.12/site-packages/airflow/example_dags/tutorial.py
[2024-07-03T12:36:46.925+0000] {processor.py:840} INFO - DAG(s) 'tutorial' retrieved from /home/airflow/.local/lib/python3.12/site-packages/airflow/example_dags/tutorial.py
[2024-07-03T12:36:46.932+0000] {logging_mixin.py:188} INFO - [2024-07-03T12:36:46.932+0000] {dag.py:3096} INFO - Sync 1 DAGs
[2024-07-03T12:36:46.940+0000] {logging_mixin.py:188} INFO - [2024-07-03T12:36:46.940+0000] {dag.py:3954} INFO - Setting next_dagrun for tutorial to 2024-07-02 00:00:00+00:00, run_after=2024-07-03 00:00:00+00:00
[2024-07-03T12:36:46.947+0000] {processor.py:183} INFO - Processing /home/airflow/.local/lib/python3.12/site-packages/airflow/example_dags/tutorial.py took 0.028 seconds
[2024-07-03T12:37:17.340+0000] {processor.py:161} INFO - Started process (PID=759) to work on /home/airflow/.local/lib/python3.12/site-packages/airflow/example_dags/tutorial.py
[2024-07-03T12:37:17.341+0000] {processor.py:830} INFO - Processing file /home/airflow/.local/lib/python3.12/site-packages/airflow/example_dags/tutorial.py for tasks to queue
[2024-07-03T12:37:17.342+0000] {logging_mixin.py:188} INFO - [2024-07-03T12:37:17.341+0000] {dagbag.py:545} INFO - Filling up the DagBag from /home/airflow/.local/lib/python3.12/site-packages/airflow/example_dags/tutorial.py
[2024-07-03T12:37:17.345+0000] {processor.py:840} INFO - DAG(s) 'tutorial' retrieved from /home/airflow/.local/lib/python3.12/site-packages/airflow/example_dags/tutorial.py
[2024-07-03T12:37:17.356+0000] {logging_mixin.py:188} INFO - [2024-07-03T12:37:17.356+0000] {dag.py:3096} INFO - Sync 1 DAGs
[2024-07-03T12:37:17.367+0000] {logging_mixin.py:188} INFO - [2024-07-03T12:37:17.366+0000] {dag.py:3954} INFO - Setting next_dagrun for tutorial to 2024-07-02 00:00:00+00:00, run_after=2024-07-03 00:00:00+00:00
[2024-07-03T12:37:17.375+0000] {processor.py:183} INFO - Processing /home/airflow/.local/lib/python3.12/site-packages/airflow/example_dags/tutorial.py took 0.037 seconds
[2024-07-03T12:37:47.983+0000] {processor.py:161} INFO - Started process (PID=817) to work on /home/airflow/.local/lib/python3.12/site-packages/airflow/example_dags/tutorial.py
[2024-07-03T12:37:47.984+0000] {processor.py:830} INFO - Processing file /home/airflow/.local/lib/python3.12/site-packages/airflow/example_dags/tutorial.py for tasks to queue
[2024-07-03T12:37:47.985+0000] {logging_mixin.py:188} INFO - [2024-07-03T12:37:47.985+0000] {dagbag.py:545} INFO - Filling up the DagBag from /home/airflow/.local/lib/python3.12/site-packages/airflow/example_dags/tutorial.py
[2024-07-03T12:37:47.987+0000] {processor.py:840} INFO - DAG(s) 'tutorial' retrieved from /home/airflow/.local/lib/python3.12/site-packages/airflow/example_dags/tutorial.py
[2024-07-03T12:37:47.998+0000] {logging_mixin.py:188} INFO - [2024-07-03T12:37:47.998+0000] {dag.py:3096} INFO - Sync 1 DAGs
[2024-07-03T12:37:48.007+0000] {logging_mixin.py:188} INFO - [2024-07-03T12:37:48.007+0000] {dag.py:3954} INFO - Setting next_dagrun for tutorial to 2024-07-02 00:00:00+00:00, run_after=2024-07-03 00:00:00+00:00
[2024-07-03T12:37:48.014+0000] {processor.py:183} INFO - Processing /home/airflow/.local/lib/python3.12/site-packages/airflow/example_dags/tutorial.py took 0.033 seconds
[2024-07-03T12:38:18.327+0000] {processor.py:161} INFO - Started process (PID=875) to work on /home/airflow/.local/lib/python3.12/site-packages/airflow/example_dags/tutorial.py
[2024-07-03T12:38:18.327+0000] {processor.py:830} INFO - Processing file /home/airflow/.local/lib/python3.12/site-packages/airflow/example_dags/tutorial.py for tasks to queue
[2024-07-03T12:38:18.328+0000] {logging_mixin.py:188} INFO - [2024-07-03T12:38:18.328+0000] {dagbag.py:545} INFO - Filling up the DagBag from /home/airflow/.local/lib/python3.12/site-packages/airflow/example_dags/tutorial.py
[2024-07-03T12:38:18.330+0000] {processor.py:840} INFO - DAG(s) 'tutorial' retrieved from /home/airflow/.local/lib/python3.12/site-packages/airflow/example_dags/tutorial.py
[2024-07-03T12:38:18.337+0000] {logging_mixin.py:188} INFO - [2024-07-03T12:38:18.337+0000] {dag.py:3096} INFO - Sync 1 DAGs
[2024-07-03T12:38:18.344+0000] {logging_mixin.py:188} INFO - [2024-07-03T12:38:18.344+0000] {dag.py:3954} INFO - Setting next_dagrun for tutorial to 2024-07-02 00:00:00+00:00, run_after=2024-07-03 00:00:00+00:00
[2024-07-03T12:38:18.351+0000] {processor.py:183} INFO - Processing /home/airflow/.local/lib/python3.12/site-packages/airflow/example_dags/tutorial.py took 0.026 seconds
