[2024-07-06T00:02:22.736+0000] {processor.py:161} INFO - Started process (PID=8238) to work on /home/airflow/.local/lib/python3.12/site-packages/airflow/example_dags/example_branch_operator.py
[2024-07-06T00:02:22.736+0000] {processor.py:830} INFO - Processing file /home/airflow/.local/lib/python3.12/site-packages/airflow/example_dags/example_branch_operator.py for tasks to queue
[2024-07-06T00:02:22.737+0000] {logging_mixin.py:188} INFO - [2024-07-06T00:02:22.737+0000] {dagbag.py:545} INFO - Filling up the DagBag from /home/airflow/.local/lib/python3.12/site-packages/airflow/example_dags/example_branch_operator.py
[2024-07-06T00:02:22.743+0000] {processor.py:840} INFO - DAG(s) 'example_branch_operator' retrieved from /home/airflow/.local/lib/python3.12/site-packages/airflow/example_dags/example_branch_operator.py
[2024-07-06T00:02:22.753+0000] {logging_mixin.py:188} INFO - [2024-07-06T00:02:22.753+0000] {dag.py:3096} INFO - Sync 1 DAGs
[2024-07-06T00:02:22.760+0000] {logging_mixin.py:188} INFO - [2024-07-06T00:02:22.760+0000] {dag.py:3954} INFO - Setting next_dagrun for example_branch_operator to 2024-07-05 00:00:00+00:00, run_after=2024-07-06 00:00:00+00:00
[2024-07-06T00:02:22.766+0000] {processor.py:183} INFO - Processing /home/airflow/.local/lib/python3.12/site-packages/airflow/example_dags/example_branch_operator.py took 0.032 seconds
[2024-07-06T01:03:23.055+0000] {processor.py:161} INFO - Started process (PID=8290) to work on /home/airflow/.local/lib/python3.12/site-packages/airflow/example_dags/example_branch_operator.py
[2024-07-06T01:03:23.055+0000] {processor.py:830} INFO - Processing file /home/airflow/.local/lib/python3.12/site-packages/airflow/example_dags/example_branch_operator.py for tasks to queue
[2024-07-06T01:03:23.056+0000] {logging_mixin.py:188} INFO - [2024-07-06T01:03:23.056+0000] {dagbag.py:545} INFO - Filling up the DagBag from /home/airflow/.local/lib/python3.12/site-packages/airflow/example_dags/example_branch_operator.py
[2024-07-06T01:03:23.063+0000] {processor.py:840} INFO - DAG(s) 'example_branch_operator' retrieved from /home/airflow/.local/lib/python3.12/site-packages/airflow/example_dags/example_branch_operator.py
[2024-07-06T01:03:23.073+0000] {logging_mixin.py:188} INFO - [2024-07-06T01:03:23.073+0000] {dag.py:3096} INFO - Sync 1 DAGs
[2024-07-06T01:03:23.082+0000] {logging_mixin.py:188} INFO - [2024-07-06T01:03:23.082+0000] {dag.py:3954} INFO - Setting next_dagrun for example_branch_operator to 2024-07-05 00:00:00+00:00, run_after=2024-07-06 00:00:00+00:00
[2024-07-06T01:03:23.088+0000] {processor.py:183} INFO - Processing /home/airflow/.local/lib/python3.12/site-packages/airflow/example_dags/example_branch_operator.py took 0.036 seconds
[2024-07-06T02:04:18.631+0000] {processor.py:161} INFO - Started process (PID=8354) to work on /home/airflow/.local/lib/python3.12/site-packages/airflow/example_dags/example_branch_operator.py
[2024-07-06T02:04:18.632+0000] {processor.py:830} INFO - Processing file /home/airflow/.local/lib/python3.12/site-packages/airflow/example_dags/example_branch_operator.py for tasks to queue
[2024-07-06T02:04:18.632+0000] {logging_mixin.py:188} INFO - [2024-07-06T02:04:18.632+0000] {dagbag.py:545} INFO - Filling up the DagBag from /home/airflow/.local/lib/python3.12/site-packages/airflow/example_dags/example_branch_operator.py
[2024-07-06T02:04:18.639+0000] {processor.py:840} INFO - DAG(s) 'example_branch_operator' retrieved from /home/airflow/.local/lib/python3.12/site-packages/airflow/example_dags/example_branch_operator.py
[2024-07-06T02:04:18.651+0000] {logging_mixin.py:188} INFO - [2024-07-06T02:04:18.651+0000] {dag.py:3096} INFO - Sync 1 DAGs
[2024-07-06T02:04:18.660+0000] {logging_mixin.py:188} INFO - [2024-07-06T02:04:18.660+0000] {dag.py:3954} INFO - Setting next_dagrun for example_branch_operator to 2024-07-05 00:00:00+00:00, run_after=2024-07-06 00:00:00+00:00
[2024-07-06T02:04:18.667+0000] {processor.py:183} INFO - Processing /home/airflow/.local/lib/python3.12/site-packages/airflow/example_dags/example_branch_operator.py took 0.039 seconds
[2024-07-06T03:05:22.718+0000] {processor.py:161} INFO - Started process (PID=8406) to work on /home/airflow/.local/lib/python3.12/site-packages/airflow/example_dags/example_branch_operator.py
[2024-07-06T03:05:22.718+0000] {processor.py:830} INFO - Processing file /home/airflow/.local/lib/python3.12/site-packages/airflow/example_dags/example_branch_operator.py for tasks to queue
[2024-07-06T03:05:22.719+0000] {logging_mixin.py:188} INFO - [2024-07-06T03:05:22.719+0000] {dagbag.py:545} INFO - Filling up the DagBag from /home/airflow/.local/lib/python3.12/site-packages/airflow/example_dags/example_branch_operator.py
[2024-07-06T03:05:22.725+0000] {processor.py:840} INFO - DAG(s) 'example_branch_operator' retrieved from /home/airflow/.local/lib/python3.12/site-packages/airflow/example_dags/example_branch_operator.py
[2024-07-06T03:05:22.736+0000] {logging_mixin.py:188} INFO - [2024-07-06T03:05:22.736+0000] {dag.py:3096} INFO - Sync 1 DAGs
[2024-07-06T03:05:22.744+0000] {logging_mixin.py:188} INFO - [2024-07-06T03:05:22.743+0000] {dag.py:3954} INFO - Setting next_dagrun for example_branch_operator to 2024-07-05 00:00:00+00:00, run_after=2024-07-06 00:00:00+00:00
[2024-07-06T03:05:22.750+0000] {processor.py:183} INFO - Processing /home/airflow/.local/lib/python3.12/site-packages/airflow/example_dags/example_branch_operator.py took 0.035 seconds
[2024-07-06T04:24:03.959+0000] {processor.py:161} INFO - Started process (PID=8470) to work on /home/airflow/.local/lib/python3.12/site-packages/airflow/example_dags/example_branch_operator.py
[2024-07-06T04:24:03.959+0000] {processor.py:830} INFO - Processing file /home/airflow/.local/lib/python3.12/site-packages/airflow/example_dags/example_branch_operator.py for tasks to queue
[2024-07-06T04:24:03.960+0000] {logging_mixin.py:188} INFO - [2024-07-06T04:24:03.960+0000] {dagbag.py:545} INFO - Filling up the DagBag from /home/airflow/.local/lib/python3.12/site-packages/airflow/example_dags/example_branch_operator.py
[2024-07-06T04:24:03.967+0000] {processor.py:840} INFO - DAG(s) 'example_branch_operator' retrieved from /home/airflow/.local/lib/python3.12/site-packages/airflow/example_dags/example_branch_operator.py
[2024-07-06T04:24:03.978+0000] {logging_mixin.py:188} INFO - [2024-07-06T04:24:03.978+0000] {dag.py:3096} INFO - Sync 1 DAGs
[2024-07-06T04:24:03.987+0000] {logging_mixin.py:188} INFO - [2024-07-06T04:24:03.986+0000] {dag.py:3954} INFO - Setting next_dagrun for example_branch_operator to 2024-07-05 00:00:00+00:00, run_after=2024-07-06 00:00:00+00:00
[2024-07-06T04:24:03.993+0000] {processor.py:183} INFO - Processing /home/airflow/.local/lib/python3.12/site-packages/airflow/example_dags/example_branch_operator.py took 0.037 seconds
[2024-07-06T05:41:15.473+0000] {processor.py:161} INFO - Started process (PID=8522) to work on /home/airflow/.local/lib/python3.12/site-packages/airflow/example_dags/example_branch_operator.py
[2024-07-06T05:41:15.473+0000] {processor.py:830} INFO - Processing file /home/airflow/.local/lib/python3.12/site-packages/airflow/example_dags/example_branch_operator.py for tasks to queue
[2024-07-06T05:41:15.474+0000] {logging_mixin.py:188} INFO - [2024-07-06T05:41:15.474+0000] {dagbag.py:545} INFO - Filling up the DagBag from /home/airflow/.local/lib/python3.12/site-packages/airflow/example_dags/example_branch_operator.py
[2024-07-06T05:41:15.481+0000] {processor.py:840} INFO - DAG(s) 'example_branch_operator' retrieved from /home/airflow/.local/lib/python3.12/site-packages/airflow/example_dags/example_branch_operator.py
[2024-07-06T05:41:15.491+0000] {logging_mixin.py:188} INFO - [2024-07-06T05:41:15.491+0000] {dag.py:3096} INFO - Sync 1 DAGs
[2024-07-06T05:41:15.500+0000] {logging_mixin.py:188} INFO - [2024-07-06T05:41:15.500+0000] {dag.py:3954} INFO - Setting next_dagrun for example_branch_operator to 2024-07-05 00:00:00+00:00, run_after=2024-07-06 00:00:00+00:00
[2024-07-06T05:41:15.506+0000] {processor.py:183} INFO - Processing /home/airflow/.local/lib/python3.12/site-packages/airflow/example_dags/example_branch_operator.py took 0.036 seconds
[2024-07-06T06:57:58.958+0000] {processor.py:161} INFO - Started process (PID=8580) to work on /home/airflow/.local/lib/python3.12/site-packages/airflow/example_dags/example_branch_operator.py
[2024-07-06T06:57:58.959+0000] {processor.py:830} INFO - Processing file /home/airflow/.local/lib/python3.12/site-packages/airflow/example_dags/example_branch_operator.py for tasks to queue
[2024-07-06T06:57:58.960+0000] {logging_mixin.py:188} INFO - [2024-07-06T06:57:58.959+0000] {dagbag.py:545} INFO - Filling up the DagBag from /home/airflow/.local/lib/python3.12/site-packages/airflow/example_dags/example_branch_operator.py
[2024-07-06T06:57:58.966+0000] {processor.py:840} INFO - DAG(s) 'example_branch_operator' retrieved from /home/airflow/.local/lib/python3.12/site-packages/airflow/example_dags/example_branch_operator.py
[2024-07-06T06:57:58.977+0000] {logging_mixin.py:188} INFO - [2024-07-06T06:57:58.977+0000] {dag.py:3096} INFO - Sync 1 DAGs
[2024-07-06T06:57:58.986+0000] {logging_mixin.py:188} INFO - [2024-07-06T06:57:58.986+0000] {dag.py:3954} INFO - Setting next_dagrun for example_branch_operator to 2024-07-05 00:00:00+00:00, run_after=2024-07-06 00:00:00+00:00
[2024-07-06T06:57:58.993+0000] {processor.py:183} INFO - Processing /home/airflow/.local/lib/python3.12/site-packages/airflow/example_dags/example_branch_operator.py took 0.037 seconds
[2024-07-06T07:58:19.333+0000] {processor.py:161} INFO - Started process (PID=8638) to work on /home/airflow/.local/lib/python3.12/site-packages/airflow/example_dags/example_branch_operator.py
[2024-07-06T07:58:19.334+0000] {processor.py:830} INFO - Processing file /home/airflow/.local/lib/python3.12/site-packages/airflow/example_dags/example_branch_operator.py for tasks to queue
[2024-07-06T07:58:19.335+0000] {logging_mixin.py:188} INFO - [2024-07-06T07:58:19.334+0000] {dagbag.py:545} INFO - Filling up the DagBag from /home/airflow/.local/lib/python3.12/site-packages/airflow/example_dags/example_branch_operator.py
[2024-07-06T07:58:19.342+0000] {processor.py:840} INFO - DAG(s) 'example_branch_operator' retrieved from /home/airflow/.local/lib/python3.12/site-packages/airflow/example_dags/example_branch_operator.py
[2024-07-06T07:58:19.352+0000] {logging_mixin.py:188} INFO - [2024-07-06T07:58:19.352+0000] {dag.py:3096} INFO - Sync 1 DAGs
[2024-07-06T07:58:19.360+0000] {logging_mixin.py:188} INFO - [2024-07-06T07:58:19.360+0000] {dag.py:3954} INFO - Setting next_dagrun for example_branch_operator to 2024-07-05 00:00:00+00:00, run_after=2024-07-06 00:00:00+00:00
[2024-07-06T07:58:19.367+0000] {processor.py:183} INFO - Processing /home/airflow/.local/lib/python3.12/site-packages/airflow/example_dags/example_branch_operator.py took 0.036 seconds
[2024-07-06T08:36:33.003+0000] {processor.py:161} INFO - Started process (PID=8696) to work on /home/airflow/.local/lib/python3.12/site-packages/airflow/example_dags/example_branch_operator.py
[2024-07-06T08:36:33.004+0000] {processor.py:830} INFO - Processing file /home/airflow/.local/lib/python3.12/site-packages/airflow/example_dags/example_branch_operator.py for tasks to queue
[2024-07-06T08:36:33.004+0000] {logging_mixin.py:188} INFO - [2024-07-06T08:36:33.004+0000] {dagbag.py:545} INFO - Filling up the DagBag from /home/airflow/.local/lib/python3.12/site-packages/airflow/example_dags/example_branch_operator.py
[2024-07-06T08:36:33.011+0000] {processor.py:840} INFO - DAG(s) 'example_branch_operator' retrieved from /home/airflow/.local/lib/python3.12/site-packages/airflow/example_dags/example_branch_operator.py
[2024-07-06T08:36:33.026+0000] {logging_mixin.py:188} INFO - [2024-07-06T08:36:33.025+0000] {dag.py:3096} INFO - Sync 1 DAGs
[2024-07-06T08:36:33.058+0000] {logging_mixin.py:188} INFO - [2024-07-06T08:36:33.058+0000] {dag.py:3954} INFO - Setting next_dagrun for example_branch_operator to 2024-07-05 00:00:00+00:00, run_after=2024-07-06 00:00:00+00:00
[2024-07-06T08:36:33.067+0000] {processor.py:183} INFO - Processing /home/airflow/.local/lib/python3.12/site-packages/airflow/example_dags/example_branch_operator.py took 0.066 seconds
[2024-07-06T09:11:23.213+0000] {processor.py:161} INFO - Started process (PID=8754) to work on /home/airflow/.local/lib/python3.12/site-packages/airflow/example_dags/example_branch_operator.py
[2024-07-06T09:11:23.213+0000] {processor.py:830} INFO - Processing file /home/airflow/.local/lib/python3.12/site-packages/airflow/example_dags/example_branch_operator.py for tasks to queue
[2024-07-06T09:11:23.214+0000] {logging_mixin.py:188} INFO - [2024-07-06T09:11:23.214+0000] {dagbag.py:545} INFO - Filling up the DagBag from /home/airflow/.local/lib/python3.12/site-packages/airflow/example_dags/example_branch_operator.py
[2024-07-06T09:11:23.221+0000] {processor.py:840} INFO - DAG(s) 'example_branch_operator' retrieved from /home/airflow/.local/lib/python3.12/site-packages/airflow/example_dags/example_branch_operator.py
[2024-07-06T09:11:23.232+0000] {logging_mixin.py:188} INFO - [2024-07-06T09:11:23.232+0000] {dag.py:3096} INFO - Sync 1 DAGs
[2024-07-06T09:11:23.240+0000] {logging_mixin.py:188} INFO - [2024-07-06T09:11:23.240+0000] {dag.py:3954} INFO - Setting next_dagrun for example_branch_operator to 2024-07-05 00:00:00+00:00, run_after=2024-07-06 00:00:00+00:00
[2024-07-06T09:11:23.247+0000] {processor.py:183} INFO - Processing /home/airflow/.local/lib/python3.12/site-packages/airflow/example_dags/example_branch_operator.py took 0.037 seconds
[2024-07-06T09:54:55.678+0000] {processor.py:161} INFO - Started process (PID=8812) to work on /home/airflow/.local/lib/python3.12/site-packages/airflow/example_dags/example_branch_operator.py
[2024-07-06T09:54:55.679+0000] {processor.py:830} INFO - Processing file /home/airflow/.local/lib/python3.12/site-packages/airflow/example_dags/example_branch_operator.py for tasks to queue
[2024-07-06T09:54:55.680+0000] {logging_mixin.py:188} INFO - [2024-07-06T09:54:55.679+0000] {dagbag.py:545} INFO - Filling up the DagBag from /home/airflow/.local/lib/python3.12/site-packages/airflow/example_dags/example_branch_operator.py
[2024-07-06T09:54:55.686+0000] {processor.py:840} INFO - DAG(s) 'example_branch_operator' retrieved from /home/airflow/.local/lib/python3.12/site-packages/airflow/example_dags/example_branch_operator.py
[2024-07-06T09:54:55.697+0000] {logging_mixin.py:188} INFO - [2024-07-06T09:54:55.697+0000] {dag.py:3096} INFO - Sync 1 DAGs
[2024-07-06T09:54:55.704+0000] {logging_mixin.py:188} INFO - [2024-07-06T09:54:55.704+0000] {dag.py:3954} INFO - Setting next_dagrun for example_branch_operator to 2024-07-05 00:00:00+00:00, run_after=2024-07-06 00:00:00+00:00
[2024-07-06T09:54:55.710+0000] {processor.py:183} INFO - Processing /home/airflow/.local/lib/python3.12/site-packages/airflow/example_dags/example_branch_operator.py took 0.034 seconds
[2024-07-06T10:32:28.956+0000] {processor.py:161} INFO - Started process (PID=8870) to work on /home/airflow/.local/lib/python3.12/site-packages/airflow/example_dags/example_branch_operator.py
[2024-07-06T10:32:28.957+0000] {processor.py:830} INFO - Processing file /home/airflow/.local/lib/python3.12/site-packages/airflow/example_dags/example_branch_operator.py for tasks to queue
[2024-07-06T10:32:28.957+0000] {logging_mixin.py:188} INFO - [2024-07-06T10:32:28.957+0000] {dagbag.py:545} INFO - Filling up the DagBag from /home/airflow/.local/lib/python3.12/site-packages/airflow/example_dags/example_branch_operator.py
[2024-07-06T10:32:28.963+0000] {processor.py:840} INFO - DAG(s) 'example_branch_operator' retrieved from /home/airflow/.local/lib/python3.12/site-packages/airflow/example_dags/example_branch_operator.py
[2024-07-06T10:32:28.973+0000] {logging_mixin.py:188} INFO - [2024-07-06T10:32:28.973+0000] {dag.py:3096} INFO - Sync 1 DAGs
[2024-07-06T10:32:28.980+0000] {logging_mixin.py:188} INFO - [2024-07-06T10:32:28.980+0000] {dag.py:3954} INFO - Setting next_dagrun for example_branch_operator to 2024-07-05 00:00:00+00:00, run_after=2024-07-06 00:00:00+00:00
[2024-07-06T10:32:28.986+0000] {processor.py:183} INFO - Processing /home/airflow/.local/lib/python3.12/site-packages/airflow/example_dags/example_branch_operator.py took 0.032 seconds
[2024-07-06T11:31:01.134+0000] {processor.py:161} INFO - Started process (PID=8928) to work on /home/airflow/.local/lib/python3.12/site-packages/airflow/example_dags/example_branch_operator.py
[2024-07-06T11:31:01.134+0000] {processor.py:830} INFO - Processing file /home/airflow/.local/lib/python3.12/site-packages/airflow/example_dags/example_branch_operator.py for tasks to queue
[2024-07-06T11:31:01.135+0000] {logging_mixin.py:188} INFO - [2024-07-06T11:31:01.135+0000] {dagbag.py:545} INFO - Filling up the DagBag from /home/airflow/.local/lib/python3.12/site-packages/airflow/example_dags/example_branch_operator.py
[2024-07-06T11:31:01.142+0000] {processor.py:840} INFO - DAG(s) 'example_branch_operator' retrieved from /home/airflow/.local/lib/python3.12/site-packages/airflow/example_dags/example_branch_operator.py
[2024-07-06T11:31:01.152+0000] {logging_mixin.py:188} INFO - [2024-07-06T11:31:01.152+0000] {dag.py:3096} INFO - Sync 1 DAGs
[2024-07-06T11:31:01.161+0000] {logging_mixin.py:188} INFO - [2024-07-06T11:31:01.161+0000] {dag.py:3954} INFO - Setting next_dagrun for example_branch_operator to 2024-07-05 00:00:00+00:00, run_after=2024-07-06 00:00:00+00:00
[2024-07-06T11:31:01.167+0000] {processor.py:183} INFO - Processing /home/airflow/.local/lib/python3.12/site-packages/airflow/example_dags/example_branch_operator.py took 0.036 seconds
[2024-07-06T12:31:30.853+0000] {processor.py:161} INFO - Started process (PID=8986) to work on /home/airflow/.local/lib/python3.12/site-packages/airflow/example_dags/example_branch_operator.py
[2024-07-06T12:31:30.854+0000] {processor.py:830} INFO - Processing file /home/airflow/.local/lib/python3.12/site-packages/airflow/example_dags/example_branch_operator.py for tasks to queue
[2024-07-06T12:31:30.854+0000] {logging_mixin.py:188} INFO - [2024-07-06T12:31:30.854+0000] {dagbag.py:545} INFO - Filling up the DagBag from /home/airflow/.local/lib/python3.12/site-packages/airflow/example_dags/example_branch_operator.py
[2024-07-06T12:31:30.862+0000] {processor.py:840} INFO - DAG(s) 'example_branch_operator' retrieved from /home/airflow/.local/lib/python3.12/site-packages/airflow/example_dags/example_branch_operator.py
[2024-07-06T12:31:30.873+0000] {logging_mixin.py:188} INFO - [2024-07-06T12:31:30.873+0000] {dag.py:3096} INFO - Sync 1 DAGs
[2024-07-06T12:31:30.882+0000] {logging_mixin.py:188} INFO - [2024-07-06T12:31:30.882+0000] {dag.py:3954} INFO - Setting next_dagrun for example_branch_operator to 2024-07-05 00:00:00+00:00, run_after=2024-07-06 00:00:00+00:00
[2024-07-06T12:31:30.888+0000] {processor.py:183} INFO - Processing /home/airflow/.local/lib/python3.12/site-packages/airflow/example_dags/example_branch_operator.py took 0.038 seconds
[2024-07-06T13:31:19.852+0000] {processor.py:161} INFO - Started process (PID=9044) to work on /home/airflow/.local/lib/python3.12/site-packages/airflow/example_dags/example_branch_operator.py
[2024-07-06T13:31:19.853+0000] {processor.py:830} INFO - Processing file /home/airflow/.local/lib/python3.12/site-packages/airflow/example_dags/example_branch_operator.py for tasks to queue
[2024-07-06T13:31:19.854+0000] {logging_mixin.py:188} INFO - [2024-07-06T13:31:19.853+0000] {dagbag.py:545} INFO - Filling up the DagBag from /home/airflow/.local/lib/python3.12/site-packages/airflow/example_dags/example_branch_operator.py
[2024-07-06T13:31:19.861+0000] {processor.py:840} INFO - DAG(s) 'example_branch_operator' retrieved from /home/airflow/.local/lib/python3.12/site-packages/airflow/example_dags/example_branch_operator.py
[2024-07-06T13:31:19.871+0000] {logging_mixin.py:188} INFO - [2024-07-06T13:31:19.871+0000] {dag.py:3096} INFO - Sync 1 DAGs
[2024-07-06T13:31:19.879+0000] {logging_mixin.py:188} INFO - [2024-07-06T13:31:19.879+0000] {dag.py:3954} INFO - Setting next_dagrun for example_branch_operator to 2024-07-05 00:00:00+00:00, run_after=2024-07-06 00:00:00+00:00
[2024-07-06T13:31:19.886+0000] {processor.py:183} INFO - Processing /home/airflow/.local/lib/python3.12/site-packages/airflow/example_dags/example_branch_operator.py took 0.036 seconds
[2024-07-06T13:36:56.469+0000] {processor.py:161} INFO - Started process (PID=9102) to work on /home/airflow/.local/lib/python3.12/site-packages/airflow/example_dags/example_branch_operator.py
[2024-07-06T13:36:56.469+0000] {processor.py:830} INFO - Processing file /home/airflow/.local/lib/python3.12/site-packages/airflow/example_dags/example_branch_operator.py for tasks to queue
[2024-07-06T13:36:56.470+0000] {logging_mixin.py:188} INFO - [2024-07-06T13:36:56.470+0000] {dagbag.py:545} INFO - Filling up the DagBag from /home/airflow/.local/lib/python3.12/site-packages/airflow/example_dags/example_branch_operator.py
[2024-07-06T13:36:56.476+0000] {processor.py:840} INFO - DAG(s) 'example_branch_operator' retrieved from /home/airflow/.local/lib/python3.12/site-packages/airflow/example_dags/example_branch_operator.py
[2024-07-06T13:36:56.487+0000] {logging_mixin.py:188} INFO - [2024-07-06T13:36:56.487+0000] {dag.py:3096} INFO - Sync 1 DAGs
[2024-07-06T13:36:56.495+0000] {logging_mixin.py:188} INFO - [2024-07-06T13:36:56.495+0000] {dag.py:3954} INFO - Setting next_dagrun for example_branch_operator to 2024-07-05 00:00:00+00:00, run_after=2024-07-06 00:00:00+00:00
[2024-07-06T13:36:56.502+0000] {processor.py:183} INFO - Processing /home/airflow/.local/lib/python3.12/site-packages/airflow/example_dags/example_branch_operator.py took 0.035 seconds
[2024-07-06T14:16:20.914+0000] {processor.py:161} INFO - Started process (PID=9160) to work on /home/airflow/.local/lib/python3.12/site-packages/airflow/example_dags/example_branch_operator.py
[2024-07-06T14:16:20.915+0000] {processor.py:830} INFO - Processing file /home/airflow/.local/lib/python3.12/site-packages/airflow/example_dags/example_branch_operator.py for tasks to queue
[2024-07-06T14:16:20.915+0000] {logging_mixin.py:188} INFO - [2024-07-06T14:16:20.915+0000] {dagbag.py:545} INFO - Filling up the DagBag from /home/airflow/.local/lib/python3.12/site-packages/airflow/example_dags/example_branch_operator.py
[2024-07-06T14:16:20.922+0000] {processor.py:840} INFO - DAG(s) 'example_branch_operator' retrieved from /home/airflow/.local/lib/python3.12/site-packages/airflow/example_dags/example_branch_operator.py
[2024-07-06T14:16:20.933+0000] {logging_mixin.py:188} INFO - [2024-07-06T14:16:20.933+0000] {dag.py:3096} INFO - Sync 1 DAGs
[2024-07-06T14:16:20.941+0000] {logging_mixin.py:188} INFO - [2024-07-06T14:16:20.941+0000] {dag.py:3954} INFO - Setting next_dagrun for example_branch_operator to 2024-07-05 00:00:00+00:00, run_after=2024-07-06 00:00:00+00:00
[2024-07-06T14:16:20.948+0000] {processor.py:183} INFO - Processing /home/airflow/.local/lib/python3.12/site-packages/airflow/example_dags/example_branch_operator.py took 0.036 seconds
[2024-07-06T14:42:09.956+0000] {processor.py:161} INFO - Started process (PID=9218) to work on /home/airflow/.local/lib/python3.12/site-packages/airflow/example_dags/example_branch_operator.py
[2024-07-06T14:42:09.957+0000] {processor.py:830} INFO - Processing file /home/airflow/.local/lib/python3.12/site-packages/airflow/example_dags/example_branch_operator.py for tasks to queue
[2024-07-06T14:42:09.957+0000] {logging_mixin.py:188} INFO - [2024-07-06T14:42:09.957+0000] {dagbag.py:545} INFO - Filling up the DagBag from /home/airflow/.local/lib/python3.12/site-packages/airflow/example_dags/example_branch_operator.py
[2024-07-06T14:42:09.964+0000] {processor.py:840} INFO - DAG(s) 'example_branch_operator' retrieved from /home/airflow/.local/lib/python3.12/site-packages/airflow/example_dags/example_branch_operator.py
[2024-07-06T14:42:09.975+0000] {logging_mixin.py:188} INFO - [2024-07-06T14:42:09.975+0000] {dag.py:3096} INFO - Sync 1 DAGs
[2024-07-06T14:42:09.983+0000] {logging_mixin.py:188} INFO - [2024-07-06T14:42:09.983+0000] {dag.py:3954} INFO - Setting next_dagrun for example_branch_operator to 2024-07-05 00:00:00+00:00, run_after=2024-07-06 00:00:00+00:00
[2024-07-06T14:42:09.990+0000] {processor.py:183} INFO - Processing /home/airflow/.local/lib/python3.12/site-packages/airflow/example_dags/example_branch_operator.py took 0.037 seconds
[2024-07-06T14:42:40.672+0000] {processor.py:161} INFO - Started process (PID=9276) to work on /home/airflow/.local/lib/python3.12/site-packages/airflow/example_dags/example_branch_operator.py
[2024-07-06T14:42:40.673+0000] {processor.py:830} INFO - Processing file /home/airflow/.local/lib/python3.12/site-packages/airflow/example_dags/example_branch_operator.py for tasks to queue
[2024-07-06T14:42:40.674+0000] {logging_mixin.py:188} INFO - [2024-07-06T14:42:40.674+0000] {dagbag.py:545} INFO - Filling up the DagBag from /home/airflow/.local/lib/python3.12/site-packages/airflow/example_dags/example_branch_operator.py
[2024-07-06T14:42:40.681+0000] {processor.py:840} INFO - DAG(s) 'example_branch_operator' retrieved from /home/airflow/.local/lib/python3.12/site-packages/airflow/example_dags/example_branch_operator.py
[2024-07-06T14:42:40.693+0000] {logging_mixin.py:188} INFO - [2024-07-06T14:42:40.693+0000] {dag.py:3096} INFO - Sync 1 DAGs
[2024-07-06T14:42:40.703+0000] {logging_mixin.py:188} INFO - [2024-07-06T14:42:40.702+0000] {dag.py:3954} INFO - Setting next_dagrun for example_branch_operator to 2024-07-05 00:00:00+00:00, run_after=2024-07-06 00:00:00+00:00
[2024-07-06T14:42:40.710+0000] {processor.py:183} INFO - Processing /home/airflow/.local/lib/python3.12/site-packages/airflow/example_dags/example_branch_operator.py took 0.040 seconds
[2024-07-06T14:43:11.155+0000] {processor.py:161} INFO - Started process (PID=9340) to work on /home/airflow/.local/lib/python3.12/site-packages/airflow/example_dags/example_branch_operator.py
[2024-07-06T14:43:11.156+0000] {processor.py:830} INFO - Processing file /home/airflow/.local/lib/python3.12/site-packages/airflow/example_dags/example_branch_operator.py for tasks to queue
[2024-07-06T14:43:11.156+0000] {logging_mixin.py:188} INFO - [2024-07-06T14:43:11.156+0000] {dagbag.py:545} INFO - Filling up the DagBag from /home/airflow/.local/lib/python3.12/site-packages/airflow/example_dags/example_branch_operator.py
[2024-07-06T14:43:11.163+0000] {processor.py:840} INFO - DAG(s) 'example_branch_operator' retrieved from /home/airflow/.local/lib/python3.12/site-packages/airflow/example_dags/example_branch_operator.py
[2024-07-06T14:43:11.175+0000] {logging_mixin.py:188} INFO - [2024-07-06T14:43:11.175+0000] {dag.py:3096} INFO - Sync 1 DAGs
[2024-07-06T14:43:11.184+0000] {logging_mixin.py:188} INFO - [2024-07-06T14:43:11.184+0000] {dag.py:3954} INFO - Setting next_dagrun for example_branch_operator to 2024-07-05 00:00:00+00:00, run_after=2024-07-06 00:00:00+00:00
[2024-07-06T14:43:11.191+0000] {processor.py:183} INFO - Processing /home/airflow/.local/lib/python3.12/site-packages/airflow/example_dags/example_branch_operator.py took 0.039 seconds
[2024-07-06T14:43:41.550+0000] {processor.py:161} INFO - Started process (PID=9398) to work on /home/airflow/.local/lib/python3.12/site-packages/airflow/example_dags/example_branch_operator.py
[2024-07-06T14:43:41.551+0000] {processor.py:830} INFO - Processing file /home/airflow/.local/lib/python3.12/site-packages/airflow/example_dags/example_branch_operator.py for tasks to queue
[2024-07-06T14:43:41.551+0000] {logging_mixin.py:188} INFO - [2024-07-06T14:43:41.551+0000] {dagbag.py:545} INFO - Filling up the DagBag from /home/airflow/.local/lib/python3.12/site-packages/airflow/example_dags/example_branch_operator.py
[2024-07-06T14:43:41.558+0000] {processor.py:840} INFO - DAG(s) 'example_branch_operator' retrieved from /home/airflow/.local/lib/python3.12/site-packages/airflow/example_dags/example_branch_operator.py
[2024-07-06T14:43:41.569+0000] {logging_mixin.py:188} INFO - [2024-07-06T14:43:41.569+0000] {dag.py:3096} INFO - Sync 1 DAGs
[2024-07-06T14:43:41.579+0000] {logging_mixin.py:188} INFO - [2024-07-06T14:43:41.579+0000] {dag.py:3954} INFO - Setting next_dagrun for example_branch_operator to 2024-07-05 00:00:00+00:00, run_after=2024-07-06 00:00:00+00:00
[2024-07-06T14:43:41.587+0000] {processor.py:183} INFO - Processing /home/airflow/.local/lib/python3.12/site-packages/airflow/example_dags/example_branch_operator.py took 0.039 seconds
[2024-07-06T14:44:11.937+0000] {processor.py:161} INFO - Started process (PID=9456) to work on /home/airflow/.local/lib/python3.12/site-packages/airflow/example_dags/example_branch_operator.py
[2024-07-06T14:44:11.938+0000] {processor.py:830} INFO - Processing file /home/airflow/.local/lib/python3.12/site-packages/airflow/example_dags/example_branch_operator.py for tasks to queue
[2024-07-06T14:44:11.938+0000] {logging_mixin.py:188} INFO - [2024-07-06T14:44:11.938+0000] {dagbag.py:545} INFO - Filling up the DagBag from /home/airflow/.local/lib/python3.12/site-packages/airflow/example_dags/example_branch_operator.py
[2024-07-06T14:44:11.946+0000] {processor.py:840} INFO - DAG(s) 'example_branch_operator' retrieved from /home/airflow/.local/lib/python3.12/site-packages/airflow/example_dags/example_branch_operator.py
[2024-07-06T14:44:11.958+0000] {logging_mixin.py:188} INFO - [2024-07-06T14:44:11.957+0000] {dag.py:3096} INFO - Sync 1 DAGs
[2024-07-06T14:44:11.967+0000] {logging_mixin.py:188} INFO - [2024-07-06T14:44:11.967+0000] {dag.py:3954} INFO - Setting next_dagrun for example_branch_operator to 2024-07-05 00:00:00+00:00, run_after=2024-07-06 00:00:00+00:00
[2024-07-06T14:44:11.973+0000] {processor.py:183} INFO - Processing /home/airflow/.local/lib/python3.12/site-packages/airflow/example_dags/example_branch_operator.py took 0.038 seconds
[2024-07-06T14:44:42.263+0000] {processor.py:161} INFO - Started process (PID=9514) to work on /home/airflow/.local/lib/python3.12/site-packages/airflow/example_dags/example_branch_operator.py
[2024-07-06T14:44:42.264+0000] {processor.py:830} INFO - Processing file /home/airflow/.local/lib/python3.12/site-packages/airflow/example_dags/example_branch_operator.py for tasks to queue
[2024-07-06T14:44:42.264+0000] {logging_mixin.py:188} INFO - [2024-07-06T14:44:42.264+0000] {dagbag.py:545} INFO - Filling up the DagBag from /home/airflow/.local/lib/python3.12/site-packages/airflow/example_dags/example_branch_operator.py
[2024-07-06T14:44:42.271+0000] {processor.py:840} INFO - DAG(s) 'example_branch_operator' retrieved from /home/airflow/.local/lib/python3.12/site-packages/airflow/example_dags/example_branch_operator.py
[2024-07-06T14:44:42.282+0000] {logging_mixin.py:188} INFO - [2024-07-06T14:44:42.282+0000] {dag.py:3096} INFO - Sync 1 DAGs
[2024-07-06T14:44:42.290+0000] {logging_mixin.py:188} INFO - [2024-07-06T14:44:42.290+0000] {dag.py:3954} INFO - Setting next_dagrun for example_branch_operator to 2024-07-05 00:00:00+00:00, run_after=2024-07-06 00:00:00+00:00
[2024-07-06T14:44:42.296+0000] {processor.py:183} INFO - Processing /home/airflow/.local/lib/python3.12/site-packages/airflow/example_dags/example_branch_operator.py took 0.035 seconds
[2024-07-06T14:45:12.635+0000] {processor.py:161} INFO - Started process (PID=9572) to work on /home/airflow/.local/lib/python3.12/site-packages/airflow/example_dags/example_branch_operator.py
[2024-07-06T14:45:12.636+0000] {processor.py:830} INFO - Processing file /home/airflow/.local/lib/python3.12/site-packages/airflow/example_dags/example_branch_operator.py for tasks to queue
[2024-07-06T14:45:12.636+0000] {logging_mixin.py:188} INFO - [2024-07-06T14:45:12.636+0000] {dagbag.py:545} INFO - Filling up the DagBag from /home/airflow/.local/lib/python3.12/site-packages/airflow/example_dags/example_branch_operator.py
[2024-07-06T14:45:12.643+0000] {processor.py:840} INFO - DAG(s) 'example_branch_operator' retrieved from /home/airflow/.local/lib/python3.12/site-packages/airflow/example_dags/example_branch_operator.py
[2024-07-06T14:45:12.653+0000] {logging_mixin.py:188} INFO - [2024-07-06T14:45:12.653+0000] {dag.py:3096} INFO - Sync 1 DAGs
[2024-07-06T14:45:12.662+0000] {logging_mixin.py:188} INFO - [2024-07-06T14:45:12.662+0000] {dag.py:3954} INFO - Setting next_dagrun for example_branch_operator to 2024-07-05 00:00:00+00:00, run_after=2024-07-06 00:00:00+00:00
[2024-07-06T14:45:12.669+0000] {processor.py:183} INFO - Processing /home/airflow/.local/lib/python3.12/site-packages/airflow/example_dags/example_branch_operator.py took 0.036 seconds
[2024-07-06T14:45:43.051+0000] {processor.py:161} INFO - Started process (PID=9630) to work on /home/airflow/.local/lib/python3.12/site-packages/airflow/example_dags/example_branch_operator.py
[2024-07-06T14:45:43.051+0000] {processor.py:830} INFO - Processing file /home/airflow/.local/lib/python3.12/site-packages/airflow/example_dags/example_branch_operator.py for tasks to queue
[2024-07-06T14:45:43.052+0000] {logging_mixin.py:188} INFO - [2024-07-06T14:45:43.052+0000] {dagbag.py:545} INFO - Filling up the DagBag from /home/airflow/.local/lib/python3.12/site-packages/airflow/example_dags/example_branch_operator.py
[2024-07-06T14:45:43.058+0000] {processor.py:840} INFO - DAG(s) 'example_branch_operator' retrieved from /home/airflow/.local/lib/python3.12/site-packages/airflow/example_dags/example_branch_operator.py
[2024-07-06T14:45:43.069+0000] {logging_mixin.py:188} INFO - [2024-07-06T14:45:43.069+0000] {dag.py:3096} INFO - Sync 1 DAGs
[2024-07-06T14:45:43.079+0000] {logging_mixin.py:188} INFO - [2024-07-06T14:45:43.078+0000] {dag.py:3954} INFO - Setting next_dagrun for example_branch_operator to 2024-07-05 00:00:00+00:00, run_after=2024-07-06 00:00:00+00:00
[2024-07-06T14:45:43.088+0000] {processor.py:183} INFO - Processing /home/airflow/.local/lib/python3.12/site-packages/airflow/example_dags/example_branch_operator.py took 0.040 seconds
[2024-07-06T14:46:13.472+0000] {processor.py:161} INFO - Started process (PID=9688) to work on /home/airflow/.local/lib/python3.12/site-packages/airflow/example_dags/example_branch_operator.py
[2024-07-06T14:46:13.472+0000] {processor.py:830} INFO - Processing file /home/airflow/.local/lib/python3.12/site-packages/airflow/example_dags/example_branch_operator.py for tasks to queue
[2024-07-06T14:46:13.473+0000] {logging_mixin.py:188} INFO - [2024-07-06T14:46:13.472+0000] {dagbag.py:545} INFO - Filling up the DagBag from /home/airflow/.local/lib/python3.12/site-packages/airflow/example_dags/example_branch_operator.py
[2024-07-06T14:46:13.479+0000] {processor.py:840} INFO - DAG(s) 'example_branch_operator' retrieved from /home/airflow/.local/lib/python3.12/site-packages/airflow/example_dags/example_branch_operator.py
[2024-07-06T14:46:13.490+0000] {logging_mixin.py:188} INFO - [2024-07-06T14:46:13.490+0000] {dag.py:3096} INFO - Sync 1 DAGs
[2024-07-06T14:46:13.498+0000] {logging_mixin.py:188} INFO - [2024-07-06T14:46:13.498+0000] {dag.py:3954} INFO - Setting next_dagrun for example_branch_operator to 2024-07-05 00:00:00+00:00, run_after=2024-07-06 00:00:00+00:00
[2024-07-06T14:46:13.505+0000] {processor.py:183} INFO - Processing /home/airflow/.local/lib/python3.12/site-packages/airflow/example_dags/example_branch_operator.py took 0.036 seconds
[2024-07-06T14:46:43.779+0000] {processor.py:161} INFO - Started process (PID=9746) to work on /home/airflow/.local/lib/python3.12/site-packages/airflow/example_dags/example_branch_operator.py
[2024-07-06T14:46:43.779+0000] {processor.py:830} INFO - Processing file /home/airflow/.local/lib/python3.12/site-packages/airflow/example_dags/example_branch_operator.py for tasks to queue
[2024-07-06T14:46:43.780+0000] {logging_mixin.py:188} INFO - [2024-07-06T14:46:43.780+0000] {dagbag.py:545} INFO - Filling up the DagBag from /home/airflow/.local/lib/python3.12/site-packages/airflow/example_dags/example_branch_operator.py
[2024-07-06T14:46:43.787+0000] {processor.py:840} INFO - DAG(s) 'example_branch_operator' retrieved from /home/airflow/.local/lib/python3.12/site-packages/airflow/example_dags/example_branch_operator.py
[2024-07-06T14:46:43.797+0000] {logging_mixin.py:188} INFO - [2024-07-06T14:46:43.797+0000] {dag.py:3096} INFO - Sync 1 DAGs
[2024-07-06T14:46:43.805+0000] {logging_mixin.py:188} INFO - [2024-07-06T14:46:43.805+0000] {dag.py:3954} INFO - Setting next_dagrun for example_branch_operator to 2024-07-05 00:00:00+00:00, run_after=2024-07-06 00:00:00+00:00
[2024-07-06T14:46:43.812+0000] {processor.py:183} INFO - Processing /home/airflow/.local/lib/python3.12/site-packages/airflow/example_dags/example_branch_operator.py took 0.035 seconds
[2024-07-06T14:47:14.149+0000] {processor.py:161} INFO - Started process (PID=9804) to work on /home/airflow/.local/lib/python3.12/site-packages/airflow/example_dags/example_branch_operator.py
[2024-07-06T14:47:14.149+0000] {processor.py:830} INFO - Processing file /home/airflow/.local/lib/python3.12/site-packages/airflow/example_dags/example_branch_operator.py for tasks to queue
[2024-07-06T14:47:14.150+0000] {logging_mixin.py:188} INFO - [2024-07-06T14:47:14.150+0000] {dagbag.py:545} INFO - Filling up the DagBag from /home/airflow/.local/lib/python3.12/site-packages/airflow/example_dags/example_branch_operator.py
[2024-07-06T14:47:14.156+0000] {processor.py:840} INFO - DAG(s) 'example_branch_operator' retrieved from /home/airflow/.local/lib/python3.12/site-packages/airflow/example_dags/example_branch_operator.py
[2024-07-06T14:47:14.167+0000] {logging_mixin.py:188} INFO - [2024-07-06T14:47:14.166+0000] {dag.py:3096} INFO - Sync 1 DAGs
[2024-07-06T14:47:14.175+0000] {logging_mixin.py:188} INFO - [2024-07-06T14:47:14.174+0000] {dag.py:3954} INFO - Setting next_dagrun for example_branch_operator to 2024-07-05 00:00:00+00:00, run_after=2024-07-06 00:00:00+00:00
[2024-07-06T14:47:14.180+0000] {processor.py:183} INFO - Processing /home/airflow/.local/lib/python3.12/site-packages/airflow/example_dags/example_branch_operator.py took 0.034 seconds
[2024-07-06T14:47:44.441+0000] {processor.py:161} INFO - Started process (PID=9862) to work on /home/airflow/.local/lib/python3.12/site-packages/airflow/example_dags/example_branch_operator.py
[2024-07-06T14:47:44.441+0000] {processor.py:830} INFO - Processing file /home/airflow/.local/lib/python3.12/site-packages/airflow/example_dags/example_branch_operator.py for tasks to queue
[2024-07-06T14:47:44.442+0000] {logging_mixin.py:188} INFO - [2024-07-06T14:47:44.442+0000] {dagbag.py:545} INFO - Filling up the DagBag from /home/airflow/.local/lib/python3.12/site-packages/airflow/example_dags/example_branch_operator.py
[2024-07-06T14:47:44.448+0000] {processor.py:840} INFO - DAG(s) 'example_branch_operator' retrieved from /home/airflow/.local/lib/python3.12/site-packages/airflow/example_dags/example_branch_operator.py
[2024-07-06T14:47:44.459+0000] {logging_mixin.py:188} INFO - [2024-07-06T14:47:44.459+0000] {dag.py:3096} INFO - Sync 1 DAGs
[2024-07-06T14:47:44.467+0000] {logging_mixin.py:188} INFO - [2024-07-06T14:47:44.467+0000] {dag.py:3954} INFO - Setting next_dagrun for example_branch_operator to 2024-07-05 00:00:00+00:00, run_after=2024-07-06 00:00:00+00:00
[2024-07-06T14:47:44.473+0000] {processor.py:183} INFO - Processing /home/airflow/.local/lib/python3.12/site-packages/airflow/example_dags/example_branch_operator.py took 0.035 seconds
[2024-07-06T14:48:14.843+0000] {processor.py:161} INFO - Started process (PID=9920) to work on /home/airflow/.local/lib/python3.12/site-packages/airflow/example_dags/example_branch_operator.py
[2024-07-06T14:48:14.843+0000] {processor.py:830} INFO - Processing file /home/airflow/.local/lib/python3.12/site-packages/airflow/example_dags/example_branch_operator.py for tasks to queue
[2024-07-06T14:48:14.844+0000] {logging_mixin.py:188} INFO - [2024-07-06T14:48:14.844+0000] {dagbag.py:545} INFO - Filling up the DagBag from /home/airflow/.local/lib/python3.12/site-packages/airflow/example_dags/example_branch_operator.py
[2024-07-06T14:48:14.850+0000] {processor.py:840} INFO - DAG(s) 'example_branch_operator' retrieved from /home/airflow/.local/lib/python3.12/site-packages/airflow/example_dags/example_branch_operator.py
[2024-07-06T14:48:14.860+0000] {logging_mixin.py:188} INFO - [2024-07-06T14:48:14.860+0000] {dag.py:3096} INFO - Sync 1 DAGs
[2024-07-06T14:48:14.868+0000] {logging_mixin.py:188} INFO - [2024-07-06T14:48:14.868+0000] {dag.py:3954} INFO - Setting next_dagrun for example_branch_operator to 2024-07-05 00:00:00+00:00, run_after=2024-07-06 00:00:00+00:00
[2024-07-06T14:48:14.875+0000] {processor.py:183} INFO - Processing /home/airflow/.local/lib/python3.12/site-packages/airflow/example_dags/example_branch_operator.py took 0.034 seconds
[2024-07-06T14:48:45.260+0000] {processor.py:161} INFO - Started process (PID=9978) to work on /home/airflow/.local/lib/python3.12/site-packages/airflow/example_dags/example_branch_operator.py
[2024-07-06T14:48:45.260+0000] {processor.py:830} INFO - Processing file /home/airflow/.local/lib/python3.12/site-packages/airflow/example_dags/example_branch_operator.py for tasks to queue
[2024-07-06T14:48:45.261+0000] {logging_mixin.py:188} INFO - [2024-07-06T14:48:45.261+0000] {dagbag.py:545} INFO - Filling up the DagBag from /home/airflow/.local/lib/python3.12/site-packages/airflow/example_dags/example_branch_operator.py
[2024-07-06T14:48:45.267+0000] {processor.py:840} INFO - DAG(s) 'example_branch_operator' retrieved from /home/airflow/.local/lib/python3.12/site-packages/airflow/example_dags/example_branch_operator.py
[2024-07-06T14:48:45.278+0000] {logging_mixin.py:188} INFO - [2024-07-06T14:48:45.278+0000] {dag.py:3096} INFO - Sync 1 DAGs
[2024-07-06T14:48:45.285+0000] {logging_mixin.py:188} INFO - [2024-07-06T14:48:45.285+0000] {dag.py:3954} INFO - Setting next_dagrun for example_branch_operator to 2024-07-05 00:00:00+00:00, run_after=2024-07-06 00:00:00+00:00
[2024-07-06T14:48:45.291+0000] {processor.py:183} INFO - Processing /home/airflow/.local/lib/python3.12/site-packages/airflow/example_dags/example_branch_operator.py took 0.033 seconds
[2024-07-06T14:49:15.548+0000] {processor.py:161} INFO - Started process (PID=10036) to work on /home/airflow/.local/lib/python3.12/site-packages/airflow/example_dags/example_branch_operator.py
[2024-07-06T14:49:15.549+0000] {processor.py:830} INFO - Processing file /home/airflow/.local/lib/python3.12/site-packages/airflow/example_dags/example_branch_operator.py for tasks to queue
[2024-07-06T14:49:15.550+0000] {logging_mixin.py:188} INFO - [2024-07-06T14:49:15.550+0000] {dagbag.py:545} INFO - Filling up the DagBag from /home/airflow/.local/lib/python3.12/site-packages/airflow/example_dags/example_branch_operator.py
[2024-07-06T14:49:15.556+0000] {processor.py:840} INFO - DAG(s) 'example_branch_operator' retrieved from /home/airflow/.local/lib/python3.12/site-packages/airflow/example_dags/example_branch_operator.py
[2024-07-06T14:49:15.567+0000] {logging_mixin.py:188} INFO - [2024-07-06T14:49:15.566+0000] {dag.py:3096} INFO - Sync 1 DAGs
[2024-07-06T14:49:15.575+0000] {logging_mixin.py:188} INFO - [2024-07-06T14:49:15.575+0000] {dag.py:3954} INFO - Setting next_dagrun for example_branch_operator to 2024-07-05 00:00:00+00:00, run_after=2024-07-06 00:00:00+00:00
[2024-07-06T14:49:15.581+0000] {processor.py:183} INFO - Processing /home/airflow/.local/lib/python3.12/site-packages/airflow/example_dags/example_branch_operator.py took 0.036 seconds
[2024-07-06T14:49:46.002+0000] {processor.py:161} INFO - Started process (PID=10094) to work on /home/airflow/.local/lib/python3.12/site-packages/airflow/example_dags/example_branch_operator.py
[2024-07-06T14:49:46.003+0000] {processor.py:830} INFO - Processing file /home/airflow/.local/lib/python3.12/site-packages/airflow/example_dags/example_branch_operator.py for tasks to queue
[2024-07-06T14:49:46.003+0000] {logging_mixin.py:188} INFO - [2024-07-06T14:49:46.003+0000] {dagbag.py:545} INFO - Filling up the DagBag from /home/airflow/.local/lib/python3.12/site-packages/airflow/example_dags/example_branch_operator.py
[2024-07-06T14:49:46.010+0000] {processor.py:840} INFO - DAG(s) 'example_branch_operator' retrieved from /home/airflow/.local/lib/python3.12/site-packages/airflow/example_dags/example_branch_operator.py
[2024-07-06T14:49:46.019+0000] {logging_mixin.py:188} INFO - [2024-07-06T14:49:46.019+0000] {dag.py:3096} INFO - Sync 1 DAGs
[2024-07-06T14:49:46.027+0000] {logging_mixin.py:188} INFO - [2024-07-06T14:49:46.027+0000] {dag.py:3954} INFO - Setting next_dagrun for example_branch_operator to 2024-07-05 00:00:00+00:00, run_after=2024-07-06 00:00:00+00:00
[2024-07-06T14:49:46.033+0000] {processor.py:183} INFO - Processing /home/airflow/.local/lib/python3.12/site-packages/airflow/example_dags/example_branch_operator.py took 0.033 seconds
[2024-07-06T14:50:16.334+0000] {processor.py:161} INFO - Started process (PID=10152) to work on /home/airflow/.local/lib/python3.12/site-packages/airflow/example_dags/example_branch_operator.py
[2024-07-06T14:50:16.334+0000] {processor.py:830} INFO - Processing file /home/airflow/.local/lib/python3.12/site-packages/airflow/example_dags/example_branch_operator.py for tasks to queue
[2024-07-06T14:50:16.335+0000] {logging_mixin.py:188} INFO - [2024-07-06T14:50:16.335+0000] {dagbag.py:545} INFO - Filling up the DagBag from /home/airflow/.local/lib/python3.12/site-packages/airflow/example_dags/example_branch_operator.py
[2024-07-06T14:50:16.341+0000] {processor.py:840} INFO - DAG(s) 'example_branch_operator' retrieved from /home/airflow/.local/lib/python3.12/site-packages/airflow/example_dags/example_branch_operator.py
[2024-07-06T14:50:16.351+0000] {logging_mixin.py:188} INFO - [2024-07-06T14:50:16.351+0000] {dag.py:3096} INFO - Sync 1 DAGs
[2024-07-06T14:50:16.359+0000] {logging_mixin.py:188} INFO - [2024-07-06T14:50:16.359+0000] {dag.py:3954} INFO - Setting next_dagrun for example_branch_operator to 2024-07-05 00:00:00+00:00, run_after=2024-07-06 00:00:00+00:00
[2024-07-06T14:50:16.365+0000] {processor.py:183} INFO - Processing /home/airflow/.local/lib/python3.12/site-packages/airflow/example_dags/example_branch_operator.py took 0.033 seconds
[2024-07-06T14:50:46.691+0000] {processor.py:161} INFO - Started process (PID=10210) to work on /home/airflow/.local/lib/python3.12/site-packages/airflow/example_dags/example_branch_operator.py
[2024-07-06T14:50:46.692+0000] {processor.py:830} INFO - Processing file /home/airflow/.local/lib/python3.12/site-packages/airflow/example_dags/example_branch_operator.py for tasks to queue
[2024-07-06T14:50:46.692+0000] {logging_mixin.py:188} INFO - [2024-07-06T14:50:46.692+0000] {dagbag.py:545} INFO - Filling up the DagBag from /home/airflow/.local/lib/python3.12/site-packages/airflow/example_dags/example_branch_operator.py
[2024-07-06T14:50:46.699+0000] {processor.py:840} INFO - DAG(s) 'example_branch_operator' retrieved from /home/airflow/.local/lib/python3.12/site-packages/airflow/example_dags/example_branch_operator.py
[2024-07-06T14:50:46.708+0000] {logging_mixin.py:188} INFO - [2024-07-06T14:50:46.708+0000] {dag.py:3096} INFO - Sync 1 DAGs
[2024-07-06T14:50:46.716+0000] {logging_mixin.py:188} INFO - [2024-07-06T14:50:46.716+0000] {dag.py:3954} INFO - Setting next_dagrun for example_branch_operator to 2024-07-05 00:00:00+00:00, run_after=2024-07-06 00:00:00+00:00
[2024-07-06T14:50:46.722+0000] {processor.py:183} INFO - Processing /home/airflow/.local/lib/python3.12/site-packages/airflow/example_dags/example_branch_operator.py took 0.033 seconds
[2024-07-06T14:51:17.021+0000] {processor.py:161} INFO - Started process (PID=10268) to work on /home/airflow/.local/lib/python3.12/site-packages/airflow/example_dags/example_branch_operator.py
[2024-07-06T14:51:17.021+0000] {processor.py:830} INFO - Processing file /home/airflow/.local/lib/python3.12/site-packages/airflow/example_dags/example_branch_operator.py for tasks to queue
[2024-07-06T14:51:17.022+0000] {logging_mixin.py:188} INFO - [2024-07-06T14:51:17.022+0000] {dagbag.py:545} INFO - Filling up the DagBag from /home/airflow/.local/lib/python3.12/site-packages/airflow/example_dags/example_branch_operator.py
[2024-07-06T14:51:17.029+0000] {processor.py:840} INFO - DAG(s) 'example_branch_operator' retrieved from /home/airflow/.local/lib/python3.12/site-packages/airflow/example_dags/example_branch_operator.py
[2024-07-06T14:51:17.040+0000] {logging_mixin.py:188} INFO - [2024-07-06T14:51:17.040+0000] {dag.py:3096} INFO - Sync 1 DAGs
[2024-07-06T14:51:17.048+0000] {logging_mixin.py:188} INFO - [2024-07-06T14:51:17.048+0000] {dag.py:3954} INFO - Setting next_dagrun for example_branch_operator to 2024-07-05 00:00:00+00:00, run_after=2024-07-06 00:00:00+00:00
[2024-07-06T14:51:17.054+0000] {processor.py:183} INFO - Processing /home/airflow/.local/lib/python3.12/site-packages/airflow/example_dags/example_branch_operator.py took 0.035 seconds
[2024-07-06T14:51:47.433+0000] {processor.py:161} INFO - Started process (PID=10326) to work on /home/airflow/.local/lib/python3.12/site-packages/airflow/example_dags/example_branch_operator.py
[2024-07-06T14:51:47.434+0000] {processor.py:830} INFO - Processing file /home/airflow/.local/lib/python3.12/site-packages/airflow/example_dags/example_branch_operator.py for tasks to queue
[2024-07-06T14:51:47.434+0000] {logging_mixin.py:188} INFO - [2024-07-06T14:51:47.434+0000] {dagbag.py:545} INFO - Filling up the DagBag from /home/airflow/.local/lib/python3.12/site-packages/airflow/example_dags/example_branch_operator.py
[2024-07-06T14:51:47.441+0000] {processor.py:840} INFO - DAG(s) 'example_branch_operator' retrieved from /home/airflow/.local/lib/python3.12/site-packages/airflow/example_dags/example_branch_operator.py
[2024-07-06T14:51:47.451+0000] {logging_mixin.py:188} INFO - [2024-07-06T14:51:47.451+0000] {dag.py:3096} INFO - Sync 1 DAGs
[2024-07-06T14:51:47.459+0000] {logging_mixin.py:188} INFO - [2024-07-06T14:51:47.459+0000] {dag.py:3954} INFO - Setting next_dagrun for example_branch_operator to 2024-07-05 00:00:00+00:00, run_after=2024-07-06 00:00:00+00:00
[2024-07-06T14:51:47.465+0000] {processor.py:183} INFO - Processing /home/airflow/.local/lib/python3.12/site-packages/airflow/example_dags/example_branch_operator.py took 0.034 seconds
[2024-07-06T14:52:17.870+0000] {processor.py:161} INFO - Started process (PID=10384) to work on /home/airflow/.local/lib/python3.12/site-packages/airflow/example_dags/example_branch_operator.py
[2024-07-06T14:52:17.871+0000] {processor.py:830} INFO - Processing file /home/airflow/.local/lib/python3.12/site-packages/airflow/example_dags/example_branch_operator.py for tasks to queue
[2024-07-06T14:52:17.872+0000] {logging_mixin.py:188} INFO - [2024-07-06T14:52:17.872+0000] {dagbag.py:545} INFO - Filling up the DagBag from /home/airflow/.local/lib/python3.12/site-packages/airflow/example_dags/example_branch_operator.py
[2024-07-06T14:52:17.879+0000] {processor.py:840} INFO - DAG(s) 'example_branch_operator' retrieved from /home/airflow/.local/lib/python3.12/site-packages/airflow/example_dags/example_branch_operator.py
[2024-07-06T14:52:17.891+0000] {logging_mixin.py:188} INFO - [2024-07-06T14:52:17.891+0000] {dag.py:3096} INFO - Sync 1 DAGs
[2024-07-06T14:52:17.901+0000] {logging_mixin.py:188} INFO - [2024-07-06T14:52:17.901+0000] {dag.py:3954} INFO - Setting next_dagrun for example_branch_operator to 2024-07-05 00:00:00+00:00, run_after=2024-07-06 00:00:00+00:00
[2024-07-06T14:52:17.908+0000] {processor.py:183} INFO - Processing /home/airflow/.local/lib/python3.12/site-packages/airflow/example_dags/example_branch_operator.py took 0.040 seconds
[2024-07-06T14:52:48.223+0000] {processor.py:161} INFO - Started process (PID=10442) to work on /home/airflow/.local/lib/python3.12/site-packages/airflow/example_dags/example_branch_operator.py
[2024-07-06T14:52:48.223+0000] {processor.py:830} INFO - Processing file /home/airflow/.local/lib/python3.12/site-packages/airflow/example_dags/example_branch_operator.py for tasks to queue
[2024-07-06T14:52:48.224+0000] {logging_mixin.py:188} INFO - [2024-07-06T14:52:48.224+0000] {dagbag.py:545} INFO - Filling up the DagBag from /home/airflow/.local/lib/python3.12/site-packages/airflow/example_dags/example_branch_operator.py
[2024-07-06T14:52:48.231+0000] {processor.py:840} INFO - DAG(s) 'example_branch_operator' retrieved from /home/airflow/.local/lib/python3.12/site-packages/airflow/example_dags/example_branch_operator.py
[2024-07-06T14:52:48.242+0000] {logging_mixin.py:188} INFO - [2024-07-06T14:52:48.242+0000] {dag.py:3096} INFO - Sync 1 DAGs
[2024-07-06T14:52:48.251+0000] {logging_mixin.py:188} INFO - [2024-07-06T14:52:48.251+0000] {dag.py:3954} INFO - Setting next_dagrun for example_branch_operator to 2024-07-05 00:00:00+00:00, run_after=2024-07-06 00:00:00+00:00
[2024-07-06T14:52:48.259+0000] {processor.py:183} INFO - Processing /home/airflow/.local/lib/python3.12/site-packages/airflow/example_dags/example_branch_operator.py took 0.039 seconds
[2024-07-06T14:53:18.635+0000] {processor.py:161} INFO - Started process (PID=10500) to work on /home/airflow/.local/lib/python3.12/site-packages/airflow/example_dags/example_branch_operator.py
[2024-07-06T14:53:18.635+0000] {processor.py:830} INFO - Processing file /home/airflow/.local/lib/python3.12/site-packages/airflow/example_dags/example_branch_operator.py for tasks to queue
[2024-07-06T14:53:18.636+0000] {logging_mixin.py:188} INFO - [2024-07-06T14:53:18.636+0000] {dagbag.py:545} INFO - Filling up the DagBag from /home/airflow/.local/lib/python3.12/site-packages/airflow/example_dags/example_branch_operator.py
[2024-07-06T14:53:18.643+0000] {processor.py:840} INFO - DAG(s) 'example_branch_operator' retrieved from /home/airflow/.local/lib/python3.12/site-packages/airflow/example_dags/example_branch_operator.py
[2024-07-06T14:53:18.654+0000] {logging_mixin.py:188} INFO - [2024-07-06T14:53:18.653+0000] {dag.py:3096} INFO - Sync 1 DAGs
[2024-07-06T14:53:18.662+0000] {logging_mixin.py:188} INFO - [2024-07-06T14:53:18.662+0000] {dag.py:3954} INFO - Setting next_dagrun for example_branch_operator to 2024-07-05 00:00:00+00:00, run_after=2024-07-06 00:00:00+00:00
[2024-07-06T14:53:18.669+0000] {processor.py:183} INFO - Processing /home/airflow/.local/lib/python3.12/site-packages/airflow/example_dags/example_branch_operator.py took 0.036 seconds
[2024-07-06T14:53:48.924+0000] {processor.py:161} INFO - Started process (PID=10558) to work on /home/airflow/.local/lib/python3.12/site-packages/airflow/example_dags/example_branch_operator.py
[2024-07-06T14:53:48.924+0000] {processor.py:830} INFO - Processing file /home/airflow/.local/lib/python3.12/site-packages/airflow/example_dags/example_branch_operator.py for tasks to queue
[2024-07-06T14:53:48.925+0000] {logging_mixin.py:188} INFO - [2024-07-06T14:53:48.925+0000] {dagbag.py:545} INFO - Filling up the DagBag from /home/airflow/.local/lib/python3.12/site-packages/airflow/example_dags/example_branch_operator.py
[2024-07-06T14:53:48.932+0000] {processor.py:840} INFO - DAG(s) 'example_branch_operator' retrieved from /home/airflow/.local/lib/python3.12/site-packages/airflow/example_dags/example_branch_operator.py
[2024-07-06T14:53:48.942+0000] {logging_mixin.py:188} INFO - [2024-07-06T14:53:48.942+0000] {dag.py:3096} INFO - Sync 1 DAGs
[2024-07-06T14:53:48.950+0000] {logging_mixin.py:188} INFO - [2024-07-06T14:53:48.950+0000] {dag.py:3954} INFO - Setting next_dagrun for example_branch_operator to 2024-07-05 00:00:00+00:00, run_after=2024-07-06 00:00:00+00:00
[2024-07-06T14:53:48.957+0000] {processor.py:183} INFO - Processing /home/airflow/.local/lib/python3.12/site-packages/airflow/example_dags/example_branch_operator.py took 0.036 seconds
[2024-07-06T14:54:19.232+0000] {processor.py:161} INFO - Started process (PID=10616) to work on /home/airflow/.local/lib/python3.12/site-packages/airflow/example_dags/example_branch_operator.py
[2024-07-06T14:54:19.232+0000] {processor.py:830} INFO - Processing file /home/airflow/.local/lib/python3.12/site-packages/airflow/example_dags/example_branch_operator.py for tasks to queue
[2024-07-06T14:54:19.233+0000] {logging_mixin.py:188} INFO - [2024-07-06T14:54:19.233+0000] {dagbag.py:545} INFO - Filling up the DagBag from /home/airflow/.local/lib/python3.12/site-packages/airflow/example_dags/example_branch_operator.py
[2024-07-06T14:54:19.239+0000] {processor.py:840} INFO - DAG(s) 'example_branch_operator' retrieved from /home/airflow/.local/lib/python3.12/site-packages/airflow/example_dags/example_branch_operator.py
[2024-07-06T14:54:19.250+0000] {logging_mixin.py:188} INFO - [2024-07-06T14:54:19.250+0000] {dag.py:3096} INFO - Sync 1 DAGs
[2024-07-06T14:54:19.258+0000] {logging_mixin.py:188} INFO - [2024-07-06T14:54:19.258+0000] {dag.py:3954} INFO - Setting next_dagrun for example_branch_operator to 2024-07-05 00:00:00+00:00, run_after=2024-07-06 00:00:00+00:00
[2024-07-06T14:54:19.264+0000] {processor.py:183} INFO - Processing /home/airflow/.local/lib/python3.12/site-packages/airflow/example_dags/example_branch_operator.py took 0.035 seconds
[2024-07-06T14:54:49.594+0000] {processor.py:161} INFO - Started process (PID=10673) to work on /home/airflow/.local/lib/python3.12/site-packages/airflow/example_dags/example_branch_operator.py
[2024-07-06T14:54:49.594+0000] {processor.py:830} INFO - Processing file /home/airflow/.local/lib/python3.12/site-packages/airflow/example_dags/example_branch_operator.py for tasks to queue
[2024-07-06T14:54:49.595+0000] {logging_mixin.py:188} INFO - [2024-07-06T14:54:49.595+0000] {dagbag.py:545} INFO - Filling up the DagBag from /home/airflow/.local/lib/python3.12/site-packages/airflow/example_dags/example_branch_operator.py
[2024-07-06T14:54:49.602+0000] {processor.py:840} INFO - DAG(s) 'example_branch_operator' retrieved from /home/airflow/.local/lib/python3.12/site-packages/airflow/example_dags/example_branch_operator.py
[2024-07-06T14:54:49.612+0000] {logging_mixin.py:188} INFO - [2024-07-06T14:54:49.612+0000] {dag.py:3096} INFO - Sync 1 DAGs
[2024-07-06T14:54:49.620+0000] {logging_mixin.py:188} INFO - [2024-07-06T14:54:49.620+0000] {dag.py:3954} INFO - Setting next_dagrun for example_branch_operator to 2024-07-05 00:00:00+00:00, run_after=2024-07-06 00:00:00+00:00
[2024-07-06T14:54:49.627+0000] {processor.py:183} INFO - Processing /home/airflow/.local/lib/python3.12/site-packages/airflow/example_dags/example_branch_operator.py took 0.035 seconds
[2024-07-06T14:55:20.035+0000] {processor.py:161} INFO - Started process (PID=10731) to work on /home/airflow/.local/lib/python3.12/site-packages/airflow/example_dags/example_branch_operator.py
[2024-07-06T14:55:20.036+0000] {processor.py:830} INFO - Processing file /home/airflow/.local/lib/python3.12/site-packages/airflow/example_dags/example_branch_operator.py for tasks to queue
[2024-07-06T14:55:20.037+0000] {logging_mixin.py:188} INFO - [2024-07-06T14:55:20.037+0000] {dagbag.py:545} INFO - Filling up the DagBag from /home/airflow/.local/lib/python3.12/site-packages/airflow/example_dags/example_branch_operator.py
[2024-07-06T14:55:20.043+0000] {processor.py:840} INFO - DAG(s) 'example_branch_operator' retrieved from /home/airflow/.local/lib/python3.12/site-packages/airflow/example_dags/example_branch_operator.py
[2024-07-06T14:55:20.054+0000] {logging_mixin.py:188} INFO - [2024-07-06T14:55:20.054+0000] {dag.py:3096} INFO - Sync 1 DAGs
[2024-07-06T14:55:20.063+0000] {logging_mixin.py:188} INFO - [2024-07-06T14:55:20.063+0000] {dag.py:3954} INFO - Setting next_dagrun for example_branch_operator to 2024-07-05 00:00:00+00:00, run_after=2024-07-06 00:00:00+00:00
[2024-07-06T14:55:20.069+0000] {processor.py:183} INFO - Processing /home/airflow/.local/lib/python3.12/site-packages/airflow/example_dags/example_branch_operator.py took 0.036 seconds
[2024-07-06T14:55:50.446+0000] {processor.py:161} INFO - Started process (PID=10789) to work on /home/airflow/.local/lib/python3.12/site-packages/airflow/example_dags/example_branch_operator.py
[2024-07-06T14:55:50.447+0000] {processor.py:830} INFO - Processing file /home/airflow/.local/lib/python3.12/site-packages/airflow/example_dags/example_branch_operator.py for tasks to queue
[2024-07-06T14:55:50.448+0000] {logging_mixin.py:188} INFO - [2024-07-06T14:55:50.448+0000] {dagbag.py:545} INFO - Filling up the DagBag from /home/airflow/.local/lib/python3.12/site-packages/airflow/example_dags/example_branch_operator.py
[2024-07-06T14:55:50.454+0000] {processor.py:840} INFO - DAG(s) 'example_branch_operator' retrieved from /home/airflow/.local/lib/python3.12/site-packages/airflow/example_dags/example_branch_operator.py
[2024-07-06T14:55:50.465+0000] {logging_mixin.py:188} INFO - [2024-07-06T14:55:50.465+0000] {dag.py:3096} INFO - Sync 1 DAGs
[2024-07-06T14:55:50.473+0000] {logging_mixin.py:188} INFO - [2024-07-06T14:55:50.473+0000] {dag.py:3954} INFO - Setting next_dagrun for example_branch_operator to 2024-07-05 00:00:00+00:00, run_after=2024-07-06 00:00:00+00:00
[2024-07-06T14:55:50.479+0000] {processor.py:183} INFO - Processing /home/airflow/.local/lib/python3.12/site-packages/airflow/example_dags/example_branch_operator.py took 0.036 seconds
[2024-07-06T14:56:20.858+0000] {processor.py:161} INFO - Started process (PID=10847) to work on /home/airflow/.local/lib/python3.12/site-packages/airflow/example_dags/example_branch_operator.py
[2024-07-06T14:56:20.858+0000] {processor.py:830} INFO - Processing file /home/airflow/.local/lib/python3.12/site-packages/airflow/example_dags/example_branch_operator.py for tasks to queue
[2024-07-06T14:56:20.859+0000] {logging_mixin.py:188} INFO - [2024-07-06T14:56:20.859+0000] {dagbag.py:545} INFO - Filling up the DagBag from /home/airflow/.local/lib/python3.12/site-packages/airflow/example_dags/example_branch_operator.py
[2024-07-06T14:56:20.865+0000] {processor.py:840} INFO - DAG(s) 'example_branch_operator' retrieved from /home/airflow/.local/lib/python3.12/site-packages/airflow/example_dags/example_branch_operator.py
[2024-07-06T14:56:20.876+0000] {logging_mixin.py:188} INFO - [2024-07-06T14:56:20.876+0000] {dag.py:3096} INFO - Sync 1 DAGs
[2024-07-06T14:56:20.885+0000] {logging_mixin.py:188} INFO - [2024-07-06T14:56:20.885+0000] {dag.py:3954} INFO - Setting next_dagrun for example_branch_operator to 2024-07-05 00:00:00+00:00, run_after=2024-07-06 00:00:00+00:00
[2024-07-06T14:56:20.891+0000] {processor.py:183} INFO - Processing /home/airflow/.local/lib/python3.12/site-packages/airflow/example_dags/example_branch_operator.py took 0.036 seconds
[2024-07-06T14:56:51.195+0000] {processor.py:161} INFO - Started process (PID=10905) to work on /home/airflow/.local/lib/python3.12/site-packages/airflow/example_dags/example_branch_operator.py
[2024-07-06T14:56:51.195+0000] {processor.py:830} INFO - Processing file /home/airflow/.local/lib/python3.12/site-packages/airflow/example_dags/example_branch_operator.py for tasks to queue
[2024-07-06T14:56:51.196+0000] {logging_mixin.py:188} INFO - [2024-07-06T14:56:51.196+0000] {dagbag.py:545} INFO - Filling up the DagBag from /home/airflow/.local/lib/python3.12/site-packages/airflow/example_dags/example_branch_operator.py
[2024-07-06T14:56:51.202+0000] {processor.py:840} INFO - DAG(s) 'example_branch_operator' retrieved from /home/airflow/.local/lib/python3.12/site-packages/airflow/example_dags/example_branch_operator.py
[2024-07-06T14:56:51.212+0000] {logging_mixin.py:188} INFO - [2024-07-06T14:56:51.212+0000] {dag.py:3096} INFO - Sync 1 DAGs
[2024-07-06T14:56:51.220+0000] {logging_mixin.py:188} INFO - [2024-07-06T14:56:51.219+0000] {dag.py:3954} INFO - Setting next_dagrun for example_branch_operator to 2024-07-05 00:00:00+00:00, run_after=2024-07-06 00:00:00+00:00
[2024-07-06T14:56:51.225+0000] {processor.py:183} INFO - Processing /home/airflow/.local/lib/python3.12/site-packages/airflow/example_dags/example_branch_operator.py took 0.032 seconds
[2024-07-06T14:57:21.530+0000] {processor.py:161} INFO - Started process (PID=10963) to work on /home/airflow/.local/lib/python3.12/site-packages/airflow/example_dags/example_branch_operator.py
[2024-07-06T14:57:21.530+0000] {processor.py:830} INFO - Processing file /home/airflow/.local/lib/python3.12/site-packages/airflow/example_dags/example_branch_operator.py for tasks to queue
[2024-07-06T14:57:21.531+0000] {logging_mixin.py:188} INFO - [2024-07-06T14:57:21.531+0000] {dagbag.py:545} INFO - Filling up the DagBag from /home/airflow/.local/lib/python3.12/site-packages/airflow/example_dags/example_branch_operator.py
[2024-07-06T14:57:21.538+0000] {processor.py:840} INFO - DAG(s) 'example_branch_operator' retrieved from /home/airflow/.local/lib/python3.12/site-packages/airflow/example_dags/example_branch_operator.py
[2024-07-06T14:57:21.548+0000] {logging_mixin.py:188} INFO - [2024-07-06T14:57:21.548+0000] {dag.py:3096} INFO - Sync 1 DAGs
[2024-07-06T14:57:21.555+0000] {logging_mixin.py:188} INFO - [2024-07-06T14:57:21.555+0000] {dag.py:3954} INFO - Setting next_dagrun for example_branch_operator to 2024-07-05 00:00:00+00:00, run_after=2024-07-06 00:00:00+00:00
[2024-07-06T14:57:21.561+0000] {processor.py:183} INFO - Processing /home/airflow/.local/lib/python3.12/site-packages/airflow/example_dags/example_branch_operator.py took 0.033 seconds
[2024-07-06T14:57:51.922+0000] {processor.py:161} INFO - Started process (PID=11021) to work on /home/airflow/.local/lib/python3.12/site-packages/airflow/example_dags/example_branch_operator.py
[2024-07-06T14:57:51.922+0000] {processor.py:830} INFO - Processing file /home/airflow/.local/lib/python3.12/site-packages/airflow/example_dags/example_branch_operator.py for tasks to queue
[2024-07-06T14:57:51.923+0000] {logging_mixin.py:188} INFO - [2024-07-06T14:57:51.923+0000] {dagbag.py:545} INFO - Filling up the DagBag from /home/airflow/.local/lib/python3.12/site-packages/airflow/example_dags/example_branch_operator.py
[2024-07-06T14:57:51.929+0000] {processor.py:840} INFO - DAG(s) 'example_branch_operator' retrieved from /home/airflow/.local/lib/python3.12/site-packages/airflow/example_dags/example_branch_operator.py
[2024-07-06T14:57:51.940+0000] {logging_mixin.py:188} INFO - [2024-07-06T14:57:51.940+0000] {dag.py:3096} INFO - Sync 1 DAGs
[2024-07-06T14:57:51.949+0000] {logging_mixin.py:188} INFO - [2024-07-06T14:57:51.949+0000] {dag.py:3954} INFO - Setting next_dagrun for example_branch_operator to 2024-07-05 00:00:00+00:00, run_after=2024-07-06 00:00:00+00:00
[2024-07-06T14:57:51.955+0000] {processor.py:183} INFO - Processing /home/airflow/.local/lib/python3.12/site-packages/airflow/example_dags/example_branch_operator.py took 0.036 seconds
[2024-07-06T14:58:22.390+0000] {processor.py:161} INFO - Started process (PID=11079) to work on /home/airflow/.local/lib/python3.12/site-packages/airflow/example_dags/example_branch_operator.py
[2024-07-06T14:58:22.390+0000] {processor.py:830} INFO - Processing file /home/airflow/.local/lib/python3.12/site-packages/airflow/example_dags/example_branch_operator.py for tasks to queue
[2024-07-06T14:58:22.391+0000] {logging_mixin.py:188} INFO - [2024-07-06T14:58:22.391+0000] {dagbag.py:545} INFO - Filling up the DagBag from /home/airflow/.local/lib/python3.12/site-packages/airflow/example_dags/example_branch_operator.py
[2024-07-06T14:58:22.397+0000] {processor.py:840} INFO - DAG(s) 'example_branch_operator' retrieved from /home/airflow/.local/lib/python3.12/site-packages/airflow/example_dags/example_branch_operator.py
[2024-07-06T14:58:22.407+0000] {logging_mixin.py:188} INFO - [2024-07-06T14:58:22.407+0000] {dag.py:3096} INFO - Sync 1 DAGs
[2024-07-06T14:58:22.415+0000] {logging_mixin.py:188} INFO - [2024-07-06T14:58:22.415+0000] {dag.py:3954} INFO - Setting next_dagrun for example_branch_operator to 2024-07-05 00:00:00+00:00, run_after=2024-07-06 00:00:00+00:00
[2024-07-06T14:58:22.421+0000] {processor.py:183} INFO - Processing /home/airflow/.local/lib/python3.12/site-packages/airflow/example_dags/example_branch_operator.py took 0.033 seconds
[2024-07-06T14:58:52.888+0000] {processor.py:161} INFO - Started process (PID=11137) to work on /home/airflow/.local/lib/python3.12/site-packages/airflow/example_dags/example_branch_operator.py
[2024-07-06T14:58:52.888+0000] {processor.py:830} INFO - Processing file /home/airflow/.local/lib/python3.12/site-packages/airflow/example_dags/example_branch_operator.py for tasks to queue
[2024-07-06T14:58:52.889+0000] {logging_mixin.py:188} INFO - [2024-07-06T14:58:52.889+0000] {dagbag.py:545} INFO - Filling up the DagBag from /home/airflow/.local/lib/python3.12/site-packages/airflow/example_dags/example_branch_operator.py
[2024-07-06T14:58:52.895+0000] {processor.py:840} INFO - DAG(s) 'example_branch_operator' retrieved from /home/airflow/.local/lib/python3.12/site-packages/airflow/example_dags/example_branch_operator.py
[2024-07-06T14:58:52.906+0000] {logging_mixin.py:188} INFO - [2024-07-06T14:58:52.906+0000] {dag.py:3096} INFO - Sync 1 DAGs
[2024-07-06T14:58:52.914+0000] {logging_mixin.py:188} INFO - [2024-07-06T14:58:52.914+0000] {dag.py:3954} INFO - Setting next_dagrun for example_branch_operator to 2024-07-05 00:00:00+00:00, run_after=2024-07-06 00:00:00+00:00
[2024-07-06T14:58:52.921+0000] {processor.py:183} INFO - Processing /home/airflow/.local/lib/python3.12/site-packages/airflow/example_dags/example_branch_operator.py took 0.036 seconds
[2024-07-06T14:59:23.527+0000] {processor.py:161} INFO - Started process (PID=11195) to work on /home/airflow/.local/lib/python3.12/site-packages/airflow/example_dags/example_branch_operator.py
[2024-07-06T14:59:23.528+0000] {processor.py:830} INFO - Processing file /home/airflow/.local/lib/python3.12/site-packages/airflow/example_dags/example_branch_operator.py for tasks to queue
[2024-07-06T14:59:23.529+0000] {logging_mixin.py:188} INFO - [2024-07-06T14:59:23.528+0000] {dagbag.py:545} INFO - Filling up the DagBag from /home/airflow/.local/lib/python3.12/site-packages/airflow/example_dags/example_branch_operator.py
[2024-07-06T14:59:23.535+0000] {processor.py:840} INFO - DAG(s) 'example_branch_operator' retrieved from /home/airflow/.local/lib/python3.12/site-packages/airflow/example_dags/example_branch_operator.py
[2024-07-06T14:59:23.545+0000] {logging_mixin.py:188} INFO - [2024-07-06T14:59:23.545+0000] {dag.py:3096} INFO - Sync 1 DAGs
[2024-07-06T14:59:23.552+0000] {logging_mixin.py:188} INFO - [2024-07-06T14:59:23.552+0000] {dag.py:3954} INFO - Setting next_dagrun for example_branch_operator to 2024-07-05 00:00:00+00:00, run_after=2024-07-06 00:00:00+00:00
[2024-07-06T14:59:23.558+0000] {processor.py:183} INFO - Processing /home/airflow/.local/lib/python3.12/site-packages/airflow/example_dags/example_branch_operator.py took 0.033 seconds
[2024-07-06T14:59:54.179+0000] {processor.py:161} INFO - Started process (PID=11253) to work on /home/airflow/.local/lib/python3.12/site-packages/airflow/example_dags/example_branch_operator.py
[2024-07-06T14:59:54.179+0000] {processor.py:830} INFO - Processing file /home/airflow/.local/lib/python3.12/site-packages/airflow/example_dags/example_branch_operator.py for tasks to queue
[2024-07-06T14:59:54.180+0000] {logging_mixin.py:188} INFO - [2024-07-06T14:59:54.180+0000] {dagbag.py:545} INFO - Filling up the DagBag from /home/airflow/.local/lib/python3.12/site-packages/airflow/example_dags/example_branch_operator.py
[2024-07-06T14:59:54.186+0000] {processor.py:840} INFO - DAG(s) 'example_branch_operator' retrieved from /home/airflow/.local/lib/python3.12/site-packages/airflow/example_dags/example_branch_operator.py
[2024-07-06T14:59:54.196+0000] {logging_mixin.py:188} INFO - [2024-07-06T14:59:54.196+0000] {dag.py:3096} INFO - Sync 1 DAGs
[2024-07-06T14:59:54.204+0000] {logging_mixin.py:188} INFO - [2024-07-06T14:59:54.204+0000] {dag.py:3954} INFO - Setting next_dagrun for example_branch_operator to 2024-07-05 00:00:00+00:00, run_after=2024-07-06 00:00:00+00:00
[2024-07-06T14:59:54.209+0000] {processor.py:183} INFO - Processing /home/airflow/.local/lib/python3.12/site-packages/airflow/example_dags/example_branch_operator.py took 0.033 seconds
[2024-07-06T15:00:24.612+0000] {processor.py:161} INFO - Started process (PID=11311) to work on /home/airflow/.local/lib/python3.12/site-packages/airflow/example_dags/example_branch_operator.py
[2024-07-06T15:00:24.613+0000] {processor.py:830} INFO - Processing file /home/airflow/.local/lib/python3.12/site-packages/airflow/example_dags/example_branch_operator.py for tasks to queue
[2024-07-06T15:00:24.614+0000] {logging_mixin.py:188} INFO - [2024-07-06T15:00:24.613+0000] {dagbag.py:545} INFO - Filling up the DagBag from /home/airflow/.local/lib/python3.12/site-packages/airflow/example_dags/example_branch_operator.py
[2024-07-06T15:00:24.620+0000] {processor.py:840} INFO - DAG(s) 'example_branch_operator' retrieved from /home/airflow/.local/lib/python3.12/site-packages/airflow/example_dags/example_branch_operator.py
[2024-07-06T15:00:24.630+0000] {logging_mixin.py:188} INFO - [2024-07-06T15:00:24.630+0000] {dag.py:3096} INFO - Sync 1 DAGs
[2024-07-06T15:00:24.637+0000] {logging_mixin.py:188} INFO - [2024-07-06T15:00:24.637+0000] {dag.py:3954} INFO - Setting next_dagrun for example_branch_operator to 2024-07-05 00:00:00+00:00, run_after=2024-07-06 00:00:00+00:00
[2024-07-06T15:00:24.643+0000] {processor.py:183} INFO - Processing /home/airflow/.local/lib/python3.12/site-packages/airflow/example_dags/example_branch_operator.py took 0.033 seconds
