[2024-07-06T00:02:22.049+0000] {processor.py:161} INFO - Started process (PID=8200) to work on /home/airflow/.local/lib/python3.12/site-packages/airflow/example_dags/example_task_group_decorator.py
[2024-07-06T00:02:22.049+0000] {processor.py:830} INFO - Processing file /home/airflow/.local/lib/python3.12/site-packages/airflow/example_dags/example_task_group_decorator.py for tasks to queue
[2024-07-06T00:02:22.050+0000] {logging_mixin.py:188} INFO - [2024-07-06T00:02:22.050+0000] {dagbag.py:545} INFO - Filling up the DagBag from /home/airflow/.local/lib/python3.12/site-packages/airflow/example_dags/example_task_group_decorator.py
[2024-07-06T00:02:22.055+0000] {processor.py:840} INFO - DAG(s) 'example_task_group_decorator' retrieved from /home/airflow/.local/lib/python3.12/site-packages/airflow/example_dags/example_task_group_decorator.py
[2024-07-06T00:02:22.064+0000] {logging_mixin.py:188} INFO - [2024-07-06T00:02:22.064+0000] {dag.py:3096} INFO - Sync 1 DAGs
[2024-07-06T00:02:22.072+0000] {logging_mixin.py:188} INFO - [2024-07-06T00:02:22.072+0000] {dag.py:3954} INFO - Setting next_dagrun for example_task_group_decorator to 2024-07-05 00:00:00+00:00, run_after=2024-07-06 00:00:00+00:00
[2024-07-06T00:02:22.079+0000] {processor.py:183} INFO - Processing /home/airflow/.local/lib/python3.12/site-packages/airflow/example_dags/example_task_group_decorator.py took 0.032 seconds
[2024-07-06T01:03:22.406+0000] {processor.py:161} INFO - Started process (PID=8258) to work on /home/airflow/.local/lib/python3.12/site-packages/airflow/example_dags/example_task_group_decorator.py
[2024-07-06T01:03:22.406+0000] {processor.py:830} INFO - Processing file /home/airflow/.local/lib/python3.12/site-packages/airflow/example_dags/example_task_group_decorator.py for tasks to queue
[2024-07-06T01:03:22.407+0000] {logging_mixin.py:188} INFO - [2024-07-06T01:03:22.407+0000] {dagbag.py:545} INFO - Filling up the DagBag from /home/airflow/.local/lib/python3.12/site-packages/airflow/example_dags/example_task_group_decorator.py
[2024-07-06T01:03:22.413+0000] {processor.py:840} INFO - DAG(s) 'example_task_group_decorator' retrieved from /home/airflow/.local/lib/python3.12/site-packages/airflow/example_dags/example_task_group_decorator.py
[2024-07-06T01:03:22.422+0000] {logging_mixin.py:188} INFO - [2024-07-06T01:03:22.422+0000] {dag.py:3096} INFO - Sync 1 DAGs
[2024-07-06T01:03:22.430+0000] {logging_mixin.py:188} INFO - [2024-07-06T01:03:22.430+0000] {dag.py:3954} INFO - Setting next_dagrun for example_task_group_decorator to 2024-07-05 00:00:00+00:00, run_after=2024-07-06 00:00:00+00:00
[2024-07-06T01:03:22.437+0000] {processor.py:183} INFO - Processing /home/airflow/.local/lib/python3.12/site-packages/airflow/example_dags/example_task_group_decorator.py took 0.033 seconds
[2024-07-06T02:04:17.862+0000] {processor.py:161} INFO - Started process (PID=8316) to work on /home/airflow/.local/lib/python3.12/site-packages/airflow/example_dags/example_task_group_decorator.py
[2024-07-06T02:04:17.863+0000] {processor.py:830} INFO - Processing file /home/airflow/.local/lib/python3.12/site-packages/airflow/example_dags/example_task_group_decorator.py for tasks to queue
[2024-07-06T02:04:17.863+0000] {logging_mixin.py:188} INFO - [2024-07-06T02:04:17.863+0000] {dagbag.py:545} INFO - Filling up the DagBag from /home/airflow/.local/lib/python3.12/site-packages/airflow/example_dags/example_task_group_decorator.py
[2024-07-06T02:04:17.869+0000] {processor.py:840} INFO - DAG(s) 'example_task_group_decorator' retrieved from /home/airflow/.local/lib/python3.12/site-packages/airflow/example_dags/example_task_group_decorator.py
[2024-07-06T02:04:17.878+0000] {logging_mixin.py:188} INFO - [2024-07-06T02:04:17.878+0000] {dag.py:3096} INFO - Sync 1 DAGs
[2024-07-06T02:04:17.886+0000] {logging_mixin.py:188} INFO - [2024-07-06T02:04:17.886+0000] {dag.py:3954} INFO - Setting next_dagrun for example_task_group_decorator to 2024-07-05 00:00:00+00:00, run_after=2024-07-06 00:00:00+00:00
[2024-07-06T02:04:17.894+0000] {processor.py:183} INFO - Processing /home/airflow/.local/lib/python3.12/site-packages/airflow/example_dags/example_task_group_decorator.py took 0.034 seconds
[2024-07-06T03:05:21.969+0000] {processor.py:161} INFO - Started process (PID=8374) to work on /home/airflow/.local/lib/python3.12/site-packages/airflow/example_dags/example_task_group_decorator.py
[2024-07-06T03:05:21.969+0000] {processor.py:830} INFO - Processing file /home/airflow/.local/lib/python3.12/site-packages/airflow/example_dags/example_task_group_decorator.py for tasks to queue
[2024-07-06T03:05:21.970+0000] {logging_mixin.py:188} INFO - [2024-07-06T03:05:21.969+0000] {dagbag.py:545} INFO - Filling up the DagBag from /home/airflow/.local/lib/python3.12/site-packages/airflow/example_dags/example_task_group_decorator.py
[2024-07-06T03:05:21.975+0000] {processor.py:840} INFO - DAG(s) 'example_task_group_decorator' retrieved from /home/airflow/.local/lib/python3.12/site-packages/airflow/example_dags/example_task_group_decorator.py
[2024-07-06T03:05:21.984+0000] {logging_mixin.py:188} INFO - [2024-07-06T03:05:21.984+0000] {dag.py:3096} INFO - Sync 1 DAGs
[2024-07-06T03:05:21.992+0000] {logging_mixin.py:188} INFO - [2024-07-06T03:05:21.992+0000] {dag.py:3954} INFO - Setting next_dagrun for example_task_group_decorator to 2024-07-05 00:00:00+00:00, run_after=2024-07-06 00:00:00+00:00
[2024-07-06T03:05:21.999+0000] {processor.py:183} INFO - Processing /home/airflow/.local/lib/python3.12/site-packages/airflow/example_dags/example_task_group_decorator.py took 0.032 seconds
[2024-07-06T04:24:03.166+0000] {processor.py:161} INFO - Started process (PID=8432) to work on /home/airflow/.local/lib/python3.12/site-packages/airflow/example_dags/example_task_group_decorator.py
[2024-07-06T04:24:03.167+0000] {processor.py:830} INFO - Processing file /home/airflow/.local/lib/python3.12/site-packages/airflow/example_dags/example_task_group_decorator.py for tasks to queue
[2024-07-06T04:24:03.167+0000] {logging_mixin.py:188} INFO - [2024-07-06T04:24:03.167+0000] {dagbag.py:545} INFO - Filling up the DagBag from /home/airflow/.local/lib/python3.12/site-packages/airflow/example_dags/example_task_group_decorator.py
[2024-07-06T04:24:03.173+0000] {processor.py:840} INFO - DAG(s) 'example_task_group_decorator' retrieved from /home/airflow/.local/lib/python3.12/site-packages/airflow/example_dags/example_task_group_decorator.py
[2024-07-06T04:24:03.182+0000] {logging_mixin.py:188} INFO - [2024-07-06T04:24:03.181+0000] {dag.py:3096} INFO - Sync 1 DAGs
[2024-07-06T04:24:03.189+0000] {logging_mixin.py:188} INFO - [2024-07-06T04:24:03.189+0000] {dag.py:3954} INFO - Setting next_dagrun for example_task_group_decorator to 2024-07-05 00:00:00+00:00, run_after=2024-07-06 00:00:00+00:00
[2024-07-06T04:24:03.199+0000] {processor.py:183} INFO - Processing /home/airflow/.local/lib/python3.12/site-packages/airflow/example_dags/example_task_group_decorator.py took 0.035 seconds
[2024-07-06T05:41:14.802+0000] {processor.py:161} INFO - Started process (PID=8490) to work on /home/airflow/.local/lib/python3.12/site-packages/airflow/example_dags/example_task_group_decorator.py
[2024-07-06T05:41:14.802+0000] {processor.py:830} INFO - Processing file /home/airflow/.local/lib/python3.12/site-packages/airflow/example_dags/example_task_group_decorator.py for tasks to queue
[2024-07-06T05:41:14.803+0000] {logging_mixin.py:188} INFO - [2024-07-06T05:41:14.803+0000] {dagbag.py:545} INFO - Filling up the DagBag from /home/airflow/.local/lib/python3.12/site-packages/airflow/example_dags/example_task_group_decorator.py
[2024-07-06T05:41:14.808+0000] {processor.py:840} INFO - DAG(s) 'example_task_group_decorator' retrieved from /home/airflow/.local/lib/python3.12/site-packages/airflow/example_dags/example_task_group_decorator.py
[2024-07-06T05:41:14.817+0000] {logging_mixin.py:188} INFO - [2024-07-06T05:41:14.817+0000] {dag.py:3096} INFO - Sync 1 DAGs
[2024-07-06T05:41:14.825+0000] {logging_mixin.py:188} INFO - [2024-07-06T05:41:14.825+0000] {dag.py:3954} INFO - Setting next_dagrun for example_task_group_decorator to 2024-07-05 00:00:00+00:00, run_after=2024-07-06 00:00:00+00:00
[2024-07-06T05:41:14.832+0000] {processor.py:183} INFO - Processing /home/airflow/.local/lib/python3.12/site-packages/airflow/example_dags/example_task_group_decorator.py took 0.032 seconds
[2024-07-06T06:57:58.270+0000] {processor.py:161} INFO - Started process (PID=8548) to work on /home/airflow/.local/lib/python3.12/site-packages/airflow/example_dags/example_task_group_decorator.py
[2024-07-06T06:57:58.271+0000] {processor.py:830} INFO - Processing file /home/airflow/.local/lib/python3.12/site-packages/airflow/example_dags/example_task_group_decorator.py for tasks to queue
[2024-07-06T06:57:58.272+0000] {logging_mixin.py:188} INFO - [2024-07-06T06:57:58.272+0000] {dagbag.py:545} INFO - Filling up the DagBag from /home/airflow/.local/lib/python3.12/site-packages/airflow/example_dags/example_task_group_decorator.py
[2024-07-06T06:57:58.278+0000] {processor.py:840} INFO - DAG(s) 'example_task_group_decorator' retrieved from /home/airflow/.local/lib/python3.12/site-packages/airflow/example_dags/example_task_group_decorator.py
[2024-07-06T06:57:58.288+0000] {logging_mixin.py:188} INFO - [2024-07-06T06:57:58.287+0000] {dag.py:3096} INFO - Sync 1 DAGs
[2024-07-06T06:57:58.296+0000] {logging_mixin.py:188} INFO - [2024-07-06T06:57:58.296+0000] {dag.py:3954} INFO - Setting next_dagrun for example_task_group_decorator to 2024-07-05 00:00:00+00:00, run_after=2024-07-06 00:00:00+00:00
[2024-07-06T06:57:58.302+0000] {processor.py:183} INFO - Processing /home/airflow/.local/lib/python3.12/site-packages/airflow/example_dags/example_task_group_decorator.py took 0.035 seconds
[2024-07-06T07:58:18.660+0000] {processor.py:161} INFO - Started process (PID=8606) to work on /home/airflow/.local/lib/python3.12/site-packages/airflow/example_dags/example_task_group_decorator.py
[2024-07-06T07:58:18.660+0000] {processor.py:830} INFO - Processing file /home/airflow/.local/lib/python3.12/site-packages/airflow/example_dags/example_task_group_decorator.py for tasks to queue
[2024-07-06T07:58:18.661+0000] {logging_mixin.py:188} INFO - [2024-07-06T07:58:18.661+0000] {dagbag.py:545} INFO - Filling up the DagBag from /home/airflow/.local/lib/python3.12/site-packages/airflow/example_dags/example_task_group_decorator.py
[2024-07-06T07:58:18.667+0000] {processor.py:840} INFO - DAG(s) 'example_task_group_decorator' retrieved from /home/airflow/.local/lib/python3.12/site-packages/airflow/example_dags/example_task_group_decorator.py
[2024-07-06T07:58:18.676+0000] {logging_mixin.py:188} INFO - [2024-07-06T07:58:18.675+0000] {dag.py:3096} INFO - Sync 1 DAGs
[2024-07-06T07:58:18.683+0000] {logging_mixin.py:188} INFO - [2024-07-06T07:58:18.683+0000] {dag.py:3954} INFO - Setting next_dagrun for example_task_group_decorator to 2024-07-05 00:00:00+00:00, run_after=2024-07-06 00:00:00+00:00
[2024-07-06T07:58:18.690+0000] {processor.py:183} INFO - Processing /home/airflow/.local/lib/python3.12/site-packages/airflow/example_dags/example_task_group_decorator.py took 0.032 seconds
[2024-07-06T08:36:32.262+0000] {processor.py:161} INFO - Started process (PID=8664) to work on /home/airflow/.local/lib/python3.12/site-packages/airflow/example_dags/example_task_group_decorator.py
[2024-07-06T08:36:32.262+0000] {processor.py:830} INFO - Processing file /home/airflow/.local/lib/python3.12/site-packages/airflow/example_dags/example_task_group_decorator.py for tasks to queue
[2024-07-06T08:36:32.263+0000] {logging_mixin.py:188} INFO - [2024-07-06T08:36:32.263+0000] {dagbag.py:545} INFO - Filling up the DagBag from /home/airflow/.local/lib/python3.12/site-packages/airflow/example_dags/example_task_group_decorator.py
[2024-07-06T08:36:32.270+0000] {processor.py:840} INFO - DAG(s) 'example_task_group_decorator' retrieved from /home/airflow/.local/lib/python3.12/site-packages/airflow/example_dags/example_task_group_decorator.py
[2024-07-06T08:36:32.280+0000] {logging_mixin.py:188} INFO - [2024-07-06T08:36:32.280+0000] {dag.py:3096} INFO - Sync 1 DAGs
[2024-07-06T08:36:32.288+0000] {logging_mixin.py:188} INFO - [2024-07-06T08:36:32.288+0000] {dag.py:3954} INFO - Setting next_dagrun for example_task_group_decorator to 2024-07-05 00:00:00+00:00, run_after=2024-07-06 00:00:00+00:00
[2024-07-06T08:36:32.295+0000] {processor.py:183} INFO - Processing /home/airflow/.local/lib/python3.12/site-packages/airflow/example_dags/example_task_group_decorator.py took 0.038 seconds
[2024-07-06T09:11:22.581+0000] {processor.py:161} INFO - Started process (PID=8722) to work on /home/airflow/.local/lib/python3.12/site-packages/airflow/example_dags/example_task_group_decorator.py
[2024-07-06T09:11:22.581+0000] {processor.py:830} INFO - Processing file /home/airflow/.local/lib/python3.12/site-packages/airflow/example_dags/example_task_group_decorator.py for tasks to queue
[2024-07-06T09:11:22.582+0000] {logging_mixin.py:188} INFO - [2024-07-06T09:11:22.582+0000] {dagbag.py:545} INFO - Filling up the DagBag from /home/airflow/.local/lib/python3.12/site-packages/airflow/example_dags/example_task_group_decorator.py
[2024-07-06T09:11:22.587+0000] {processor.py:840} INFO - DAG(s) 'example_task_group_decorator' retrieved from /home/airflow/.local/lib/python3.12/site-packages/airflow/example_dags/example_task_group_decorator.py
[2024-07-06T09:11:22.596+0000] {logging_mixin.py:188} INFO - [2024-07-06T09:11:22.596+0000] {dag.py:3096} INFO - Sync 1 DAGs
[2024-07-06T09:11:22.603+0000] {logging_mixin.py:188} INFO - [2024-07-06T09:11:22.603+0000] {dag.py:3954} INFO - Setting next_dagrun for example_task_group_decorator to 2024-07-05 00:00:00+00:00, run_after=2024-07-06 00:00:00+00:00
[2024-07-06T09:11:22.610+0000] {processor.py:183} INFO - Processing /home/airflow/.local/lib/python3.12/site-packages/airflow/example_dags/example_task_group_decorator.py took 0.032 seconds
[2024-07-06T09:54:54.957+0000] {processor.py:161} INFO - Started process (PID=8780) to work on /home/airflow/.local/lib/python3.12/site-packages/airflow/example_dags/example_task_group_decorator.py
[2024-07-06T09:54:54.957+0000] {processor.py:830} INFO - Processing file /home/airflow/.local/lib/python3.12/site-packages/airflow/example_dags/example_task_group_decorator.py for tasks to queue
[2024-07-06T09:54:54.958+0000] {logging_mixin.py:188} INFO - [2024-07-06T09:54:54.958+0000] {dagbag.py:545} INFO - Filling up the DagBag from /home/airflow/.local/lib/python3.12/site-packages/airflow/example_dags/example_task_group_decorator.py
[2024-07-06T09:54:54.964+0000] {processor.py:840} INFO - DAG(s) 'example_task_group_decorator' retrieved from /home/airflow/.local/lib/python3.12/site-packages/airflow/example_dags/example_task_group_decorator.py
[2024-07-06T09:54:54.973+0000] {logging_mixin.py:188} INFO - [2024-07-06T09:54:54.973+0000] {dag.py:3096} INFO - Sync 1 DAGs
[2024-07-06T09:54:54.980+0000] {logging_mixin.py:188} INFO - [2024-07-06T09:54:54.980+0000] {dag.py:3954} INFO - Setting next_dagrun for example_task_group_decorator to 2024-07-05 00:00:00+00:00, run_after=2024-07-06 00:00:00+00:00
[2024-07-06T09:54:54.986+0000] {processor.py:183} INFO - Processing /home/airflow/.local/lib/python3.12/site-packages/airflow/example_dags/example_task_group_decorator.py took 0.032 seconds
[2024-07-06T10:32:28.286+0000] {processor.py:161} INFO - Started process (PID=8838) to work on /home/airflow/.local/lib/python3.12/site-packages/airflow/example_dags/example_task_group_decorator.py
[2024-07-06T10:32:28.287+0000] {processor.py:830} INFO - Processing file /home/airflow/.local/lib/python3.12/site-packages/airflow/example_dags/example_task_group_decorator.py for tasks to queue
[2024-07-06T10:32:28.288+0000] {logging_mixin.py:188} INFO - [2024-07-06T10:32:28.288+0000] {dagbag.py:545} INFO - Filling up the DagBag from /home/airflow/.local/lib/python3.12/site-packages/airflow/example_dags/example_task_group_decorator.py
[2024-07-06T10:32:28.294+0000] {processor.py:840} INFO - DAG(s) 'example_task_group_decorator' retrieved from /home/airflow/.local/lib/python3.12/site-packages/airflow/example_dags/example_task_group_decorator.py
[2024-07-06T10:32:28.303+0000] {logging_mixin.py:188} INFO - [2024-07-06T10:32:28.303+0000] {dag.py:3096} INFO - Sync 1 DAGs
[2024-07-06T10:32:28.311+0000] {logging_mixin.py:188} INFO - [2024-07-06T10:32:28.311+0000] {dag.py:3954} INFO - Setting next_dagrun for example_task_group_decorator to 2024-07-05 00:00:00+00:00, run_after=2024-07-06 00:00:00+00:00
[2024-07-06T10:32:28.318+0000] {processor.py:183} INFO - Processing /home/airflow/.local/lib/python3.12/site-packages/airflow/example_dags/example_task_group_decorator.py took 0.034 seconds
[2024-07-06T11:31:00.451+0000] {processor.py:161} INFO - Started process (PID=8896) to work on /home/airflow/.local/lib/python3.12/site-packages/airflow/example_dags/example_task_group_decorator.py
[2024-07-06T11:31:00.452+0000] {processor.py:830} INFO - Processing file /home/airflow/.local/lib/python3.12/site-packages/airflow/example_dags/example_task_group_decorator.py for tasks to queue
[2024-07-06T11:31:00.453+0000] {logging_mixin.py:188} INFO - [2024-07-06T11:31:00.453+0000] {dagbag.py:545} INFO - Filling up the DagBag from /home/airflow/.local/lib/python3.12/site-packages/airflow/example_dags/example_task_group_decorator.py
[2024-07-06T11:31:00.459+0000] {processor.py:840} INFO - DAG(s) 'example_task_group_decorator' retrieved from /home/airflow/.local/lib/python3.12/site-packages/airflow/example_dags/example_task_group_decorator.py
[2024-07-06T11:31:00.469+0000] {logging_mixin.py:188} INFO - [2024-07-06T11:31:00.469+0000] {dag.py:3096} INFO - Sync 1 DAGs
[2024-07-06T11:31:00.477+0000] {logging_mixin.py:188} INFO - [2024-07-06T11:31:00.477+0000] {dag.py:3954} INFO - Setting next_dagrun for example_task_group_decorator to 2024-07-05 00:00:00+00:00, run_after=2024-07-06 00:00:00+00:00
[2024-07-06T11:31:00.484+0000] {processor.py:183} INFO - Processing /home/airflow/.local/lib/python3.12/site-packages/airflow/example_dags/example_task_group_decorator.py took 0.036 seconds
[2024-07-06T12:31:30.171+0000] {processor.py:161} INFO - Started process (PID=8954) to work on /home/airflow/.local/lib/python3.12/site-packages/airflow/example_dags/example_task_group_decorator.py
[2024-07-06T12:31:30.172+0000] {processor.py:830} INFO - Processing file /home/airflow/.local/lib/python3.12/site-packages/airflow/example_dags/example_task_group_decorator.py for tasks to queue
[2024-07-06T12:31:30.172+0000] {logging_mixin.py:188} INFO - [2024-07-06T12:31:30.172+0000] {dagbag.py:545} INFO - Filling up the DagBag from /home/airflow/.local/lib/python3.12/site-packages/airflow/example_dags/example_task_group_decorator.py
[2024-07-06T12:31:30.178+0000] {processor.py:840} INFO - DAG(s) 'example_task_group_decorator' retrieved from /home/airflow/.local/lib/python3.12/site-packages/airflow/example_dags/example_task_group_decorator.py
[2024-07-06T12:31:30.188+0000] {logging_mixin.py:188} INFO - [2024-07-06T12:31:30.188+0000] {dag.py:3096} INFO - Sync 1 DAGs
[2024-07-06T12:31:30.196+0000] {logging_mixin.py:188} INFO - [2024-07-06T12:31:30.196+0000] {dag.py:3954} INFO - Setting next_dagrun for example_task_group_decorator to 2024-07-05 00:00:00+00:00, run_after=2024-07-06 00:00:00+00:00
[2024-07-06T12:31:30.203+0000] {processor.py:183} INFO - Processing /home/airflow/.local/lib/python3.12/site-packages/airflow/example_dags/example_task_group_decorator.py took 0.035 seconds
[2024-07-06T13:31:19.212+0000] {processor.py:161} INFO - Started process (PID=9012) to work on /home/airflow/.local/lib/python3.12/site-packages/airflow/example_dags/example_task_group_decorator.py
[2024-07-06T13:31:19.212+0000] {processor.py:830} INFO - Processing file /home/airflow/.local/lib/python3.12/site-packages/airflow/example_dags/example_task_group_decorator.py for tasks to queue
[2024-07-06T13:31:19.213+0000] {logging_mixin.py:188} INFO - [2024-07-06T13:31:19.213+0000] {dagbag.py:545} INFO - Filling up the DagBag from /home/airflow/.local/lib/python3.12/site-packages/airflow/example_dags/example_task_group_decorator.py
[2024-07-06T13:31:19.219+0000] {processor.py:840} INFO - DAG(s) 'example_task_group_decorator' retrieved from /home/airflow/.local/lib/python3.12/site-packages/airflow/example_dags/example_task_group_decorator.py
[2024-07-06T13:31:19.227+0000] {logging_mixin.py:188} INFO - [2024-07-06T13:31:19.227+0000] {dag.py:3096} INFO - Sync 1 DAGs
[2024-07-06T13:31:19.235+0000] {logging_mixin.py:188} INFO - [2024-07-06T13:31:19.235+0000] {dag.py:3954} INFO - Setting next_dagrun for example_task_group_decorator to 2024-07-05 00:00:00+00:00, run_after=2024-07-06 00:00:00+00:00
[2024-07-06T13:31:19.242+0000] {processor.py:183} INFO - Processing /home/airflow/.local/lib/python3.12/site-packages/airflow/example_dags/example_task_group_decorator.py took 0.033 seconds
[2024-07-06T13:36:55.789+0000] {processor.py:161} INFO - Started process (PID=9070) to work on /home/airflow/.local/lib/python3.12/site-packages/airflow/example_dags/example_task_group_decorator.py
[2024-07-06T13:36:55.790+0000] {processor.py:830} INFO - Processing file /home/airflow/.local/lib/python3.12/site-packages/airflow/example_dags/example_task_group_decorator.py for tasks to queue
[2024-07-06T13:36:55.791+0000] {logging_mixin.py:188} INFO - [2024-07-06T13:36:55.790+0000] {dagbag.py:545} INFO - Filling up the DagBag from /home/airflow/.local/lib/python3.12/site-packages/airflow/example_dags/example_task_group_decorator.py
[2024-07-06T13:36:55.796+0000] {processor.py:840} INFO - DAG(s) 'example_task_group_decorator' retrieved from /home/airflow/.local/lib/python3.12/site-packages/airflow/example_dags/example_task_group_decorator.py
[2024-07-06T13:36:55.805+0000] {logging_mixin.py:188} INFO - [2024-07-06T13:36:55.805+0000] {dag.py:3096} INFO - Sync 1 DAGs
[2024-07-06T13:36:55.812+0000] {logging_mixin.py:188} INFO - [2024-07-06T13:36:55.812+0000] {dag.py:3954} INFO - Setting next_dagrun for example_task_group_decorator to 2024-07-05 00:00:00+00:00, run_after=2024-07-06 00:00:00+00:00
[2024-07-06T13:36:55.819+0000] {processor.py:183} INFO - Processing /home/airflow/.local/lib/python3.12/site-packages/airflow/example_dags/example_task_group_decorator.py took 0.031 seconds
[2024-07-06T14:16:20.190+0000] {processor.py:161} INFO - Started process (PID=9128) to work on /home/airflow/.local/lib/python3.12/site-packages/airflow/example_dags/example_task_group_decorator.py
[2024-07-06T14:16:20.191+0000] {processor.py:830} INFO - Processing file /home/airflow/.local/lib/python3.12/site-packages/airflow/example_dags/example_task_group_decorator.py for tasks to queue
[2024-07-06T14:16:20.192+0000] {logging_mixin.py:188} INFO - [2024-07-06T14:16:20.191+0000] {dagbag.py:545} INFO - Filling up the DagBag from /home/airflow/.local/lib/python3.12/site-packages/airflow/example_dags/example_task_group_decorator.py
[2024-07-06T14:16:20.197+0000] {processor.py:840} INFO - DAG(s) 'example_task_group_decorator' retrieved from /home/airflow/.local/lib/python3.12/site-packages/airflow/example_dags/example_task_group_decorator.py
[2024-07-06T14:16:20.206+0000] {logging_mixin.py:188} INFO - [2024-07-06T14:16:20.206+0000] {dag.py:3096} INFO - Sync 1 DAGs
[2024-07-06T14:16:20.214+0000] {logging_mixin.py:188} INFO - [2024-07-06T14:16:20.213+0000] {dag.py:3954} INFO - Setting next_dagrun for example_task_group_decorator to 2024-07-05 00:00:00+00:00, run_after=2024-07-06 00:00:00+00:00
[2024-07-06T14:16:20.220+0000] {processor.py:183} INFO - Processing /home/airflow/.local/lib/python3.12/site-packages/airflow/example_dags/example_task_group_decorator.py took 0.032 seconds
[2024-07-06T14:42:09.247+0000] {processor.py:161} INFO - Started process (PID=9186) to work on /home/airflow/.local/lib/python3.12/site-packages/airflow/example_dags/example_task_group_decorator.py
[2024-07-06T14:42:09.247+0000] {processor.py:830} INFO - Processing file /home/airflow/.local/lib/python3.12/site-packages/airflow/example_dags/example_task_group_decorator.py for tasks to queue
[2024-07-06T14:42:09.248+0000] {logging_mixin.py:188} INFO - [2024-07-06T14:42:09.248+0000] {dagbag.py:545} INFO - Filling up the DagBag from /home/airflow/.local/lib/python3.12/site-packages/airflow/example_dags/example_task_group_decorator.py
[2024-07-06T14:42:09.255+0000] {processor.py:840} INFO - DAG(s) 'example_task_group_decorator' retrieved from /home/airflow/.local/lib/python3.12/site-packages/airflow/example_dags/example_task_group_decorator.py
[2024-07-06T14:42:09.264+0000] {logging_mixin.py:188} INFO - [2024-07-06T14:42:09.264+0000] {dag.py:3096} INFO - Sync 1 DAGs
[2024-07-06T14:42:09.273+0000] {logging_mixin.py:188} INFO - [2024-07-06T14:42:09.273+0000] {dag.py:3954} INFO - Setting next_dagrun for example_task_group_decorator to 2024-07-05 00:00:00+00:00, run_after=2024-07-06 00:00:00+00:00
[2024-07-06T14:42:09.280+0000] {processor.py:183} INFO - Processing /home/airflow/.local/lib/python3.12/site-packages/airflow/example_dags/example_task_group_decorator.py took 0.036 seconds
[2024-07-06T14:42:39.882+0000] {processor.py:161} INFO - Started process (PID=9244) to work on /home/airflow/.local/lib/python3.12/site-packages/airflow/example_dags/example_task_group_decorator.py
[2024-07-06T14:42:39.883+0000] {processor.py:830} INFO - Processing file /home/airflow/.local/lib/python3.12/site-packages/airflow/example_dags/example_task_group_decorator.py for tasks to queue
[2024-07-06T14:42:39.884+0000] {logging_mixin.py:188} INFO - [2024-07-06T14:42:39.884+0000] {dagbag.py:545} INFO - Filling up the DagBag from /home/airflow/.local/lib/python3.12/site-packages/airflow/example_dags/example_task_group_decorator.py
[2024-07-06T14:42:39.892+0000] {processor.py:840} INFO - DAG(s) 'example_task_group_decorator' retrieved from /home/airflow/.local/lib/python3.12/site-packages/airflow/example_dags/example_task_group_decorator.py
[2024-07-06T14:42:39.904+0000] {logging_mixin.py:188} INFO - [2024-07-06T14:42:39.904+0000] {dag.py:3096} INFO - Sync 1 DAGs
[2024-07-06T14:42:39.915+0000] {logging_mixin.py:188} INFO - [2024-07-06T14:42:39.915+0000] {dag.py:3954} INFO - Setting next_dagrun for example_task_group_decorator to 2024-07-05 00:00:00+00:00, run_after=2024-07-06 00:00:00+00:00
[2024-07-06T14:42:39.924+0000] {processor.py:183} INFO - Processing /home/airflow/.local/lib/python3.12/site-packages/airflow/example_dags/example_task_group_decorator.py took 0.046 seconds
[2024-07-06T14:43:10.402+0000] {processor.py:161} INFO - Started process (PID=9302) to work on /home/airflow/.local/lib/python3.12/site-packages/airflow/example_dags/example_task_group_decorator.py
[2024-07-06T14:43:10.403+0000] {processor.py:830} INFO - Processing file /home/airflow/.local/lib/python3.12/site-packages/airflow/example_dags/example_task_group_decorator.py for tasks to queue
[2024-07-06T14:43:10.404+0000] {logging_mixin.py:188} INFO - [2024-07-06T14:43:10.404+0000] {dagbag.py:545} INFO - Filling up the DagBag from /home/airflow/.local/lib/python3.12/site-packages/airflow/example_dags/example_task_group_decorator.py
[2024-07-06T14:43:10.410+0000] {processor.py:840} INFO - DAG(s) 'example_task_group_decorator' retrieved from /home/airflow/.local/lib/python3.12/site-packages/airflow/example_dags/example_task_group_decorator.py
[2024-07-06T14:43:10.420+0000] {logging_mixin.py:188} INFO - [2024-07-06T14:43:10.420+0000] {dag.py:3096} INFO - Sync 1 DAGs
[2024-07-06T14:43:10.428+0000] {logging_mixin.py:188} INFO - [2024-07-06T14:43:10.428+0000] {dag.py:3954} INFO - Setting next_dagrun for example_task_group_decorator to 2024-07-05 00:00:00+00:00, run_after=2024-07-06 00:00:00+00:00
[2024-07-06T14:43:10.435+0000] {processor.py:183} INFO - Processing /home/airflow/.local/lib/python3.12/site-packages/airflow/example_dags/example_task_group_decorator.py took 0.036 seconds
[2024-07-06T14:43:40.871+0000] {processor.py:161} INFO - Started process (PID=9360) to work on /home/airflow/.local/lib/python3.12/site-packages/airflow/example_dags/example_task_group_decorator.py
[2024-07-06T14:43:40.871+0000] {processor.py:830} INFO - Processing file /home/airflow/.local/lib/python3.12/site-packages/airflow/example_dags/example_task_group_decorator.py for tasks to queue
[2024-07-06T14:43:40.872+0000] {logging_mixin.py:188} INFO - [2024-07-06T14:43:40.872+0000] {dagbag.py:545} INFO - Filling up the DagBag from /home/airflow/.local/lib/python3.12/site-packages/airflow/example_dags/example_task_group_decorator.py
[2024-07-06T14:43:40.878+0000] {processor.py:840} INFO - DAG(s) 'example_task_group_decorator' retrieved from /home/airflow/.local/lib/python3.12/site-packages/airflow/example_dags/example_task_group_decorator.py
[2024-07-06T14:43:40.886+0000] {logging_mixin.py:188} INFO - [2024-07-06T14:43:40.886+0000] {dag.py:3096} INFO - Sync 1 DAGs
[2024-07-06T14:43:40.894+0000] {logging_mixin.py:188} INFO - [2024-07-06T14:43:40.894+0000] {dag.py:3954} INFO - Setting next_dagrun for example_task_group_decorator to 2024-07-05 00:00:00+00:00, run_after=2024-07-06 00:00:00+00:00
[2024-07-06T14:43:40.900+0000] {processor.py:183} INFO - Processing /home/airflow/.local/lib/python3.12/site-packages/airflow/example_dags/example_task_group_decorator.py took 0.031 seconds
[2024-07-06T14:44:11.221+0000] {processor.py:161} INFO - Started process (PID=9424) to work on /home/airflow/.local/lib/python3.12/site-packages/airflow/example_dags/example_task_group_decorator.py
[2024-07-06T14:44:11.222+0000] {processor.py:830} INFO - Processing file /home/airflow/.local/lib/python3.12/site-packages/airflow/example_dags/example_task_group_decorator.py for tasks to queue
[2024-07-06T14:44:11.223+0000] {logging_mixin.py:188} INFO - [2024-07-06T14:44:11.222+0000] {dagbag.py:545} INFO - Filling up the DagBag from /home/airflow/.local/lib/python3.12/site-packages/airflow/example_dags/example_task_group_decorator.py
[2024-07-06T14:44:11.228+0000] {processor.py:840} INFO - DAG(s) 'example_task_group_decorator' retrieved from /home/airflow/.local/lib/python3.12/site-packages/airflow/example_dags/example_task_group_decorator.py
[2024-07-06T14:44:11.237+0000] {logging_mixin.py:188} INFO - [2024-07-06T14:44:11.237+0000] {dag.py:3096} INFO - Sync 1 DAGs
[2024-07-06T14:44:11.244+0000] {logging_mixin.py:188} INFO - [2024-07-06T14:44:11.244+0000] {dag.py:3954} INFO - Setting next_dagrun for example_task_group_decorator to 2024-07-05 00:00:00+00:00, run_after=2024-07-06 00:00:00+00:00
[2024-07-06T14:44:11.251+0000] {processor.py:183} INFO - Processing /home/airflow/.local/lib/python3.12/site-packages/airflow/example_dags/example_task_group_decorator.py took 0.032 seconds
[2024-07-06T14:44:41.651+0000] {processor.py:161} INFO - Started process (PID=9482) to work on /home/airflow/.local/lib/python3.12/site-packages/airflow/example_dags/example_task_group_decorator.py
[2024-07-06T14:44:41.651+0000] {processor.py:830} INFO - Processing file /home/airflow/.local/lib/python3.12/site-packages/airflow/example_dags/example_task_group_decorator.py for tasks to queue
[2024-07-06T14:44:41.652+0000] {logging_mixin.py:188} INFO - [2024-07-06T14:44:41.652+0000] {dagbag.py:545} INFO - Filling up the DagBag from /home/airflow/.local/lib/python3.12/site-packages/airflow/example_dags/example_task_group_decorator.py
[2024-07-06T14:44:41.657+0000] {processor.py:840} INFO - DAG(s) 'example_task_group_decorator' retrieved from /home/airflow/.local/lib/python3.12/site-packages/airflow/example_dags/example_task_group_decorator.py
[2024-07-06T14:44:41.667+0000] {logging_mixin.py:188} INFO - [2024-07-06T14:44:41.667+0000] {dag.py:3096} INFO - Sync 1 DAGs
[2024-07-06T14:44:41.674+0000] {logging_mixin.py:188} INFO - [2024-07-06T14:44:41.674+0000] {dag.py:3954} INFO - Setting next_dagrun for example_task_group_decorator to 2024-07-05 00:00:00+00:00, run_after=2024-07-06 00:00:00+00:00
[2024-07-06T14:44:41.680+0000] {processor.py:183} INFO - Processing /home/airflow/.local/lib/python3.12/site-packages/airflow/example_dags/example_task_group_decorator.py took 0.032 seconds
[2024-07-06T14:45:11.984+0000] {processor.py:161} INFO - Started process (PID=9540) to work on /home/airflow/.local/lib/python3.12/site-packages/airflow/example_dags/example_task_group_decorator.py
[2024-07-06T14:45:11.984+0000] {processor.py:830} INFO - Processing file /home/airflow/.local/lib/python3.12/site-packages/airflow/example_dags/example_task_group_decorator.py for tasks to queue
[2024-07-06T14:45:11.985+0000] {logging_mixin.py:188} INFO - [2024-07-06T14:45:11.985+0000] {dagbag.py:545} INFO - Filling up the DagBag from /home/airflow/.local/lib/python3.12/site-packages/airflow/example_dags/example_task_group_decorator.py
[2024-07-06T14:45:11.990+0000] {processor.py:840} INFO - DAG(s) 'example_task_group_decorator' retrieved from /home/airflow/.local/lib/python3.12/site-packages/airflow/example_dags/example_task_group_decorator.py
[2024-07-06T14:45:11.998+0000] {logging_mixin.py:188} INFO - [2024-07-06T14:45:11.998+0000] {dag.py:3096} INFO - Sync 1 DAGs
[2024-07-06T14:45:12.006+0000] {logging_mixin.py:188} INFO - [2024-07-06T14:45:12.006+0000] {dag.py:3954} INFO - Setting next_dagrun for example_task_group_decorator to 2024-07-05 00:00:00+00:00, run_after=2024-07-06 00:00:00+00:00
[2024-07-06T14:45:12.012+0000] {processor.py:183} INFO - Processing /home/airflow/.local/lib/python3.12/site-packages/airflow/example_dags/example_task_group_decorator.py took 0.030 seconds
[2024-07-06T14:45:42.296+0000] {processor.py:161} INFO - Started process (PID=9598) to work on /home/airflow/.local/lib/python3.12/site-packages/airflow/example_dags/example_task_group_decorator.py
[2024-07-06T14:45:42.296+0000] {processor.py:830} INFO - Processing file /home/airflow/.local/lib/python3.12/site-packages/airflow/example_dags/example_task_group_decorator.py for tasks to queue
[2024-07-06T14:45:42.297+0000] {logging_mixin.py:188} INFO - [2024-07-06T14:45:42.297+0000] {dagbag.py:545} INFO - Filling up the DagBag from /home/airflow/.local/lib/python3.12/site-packages/airflow/example_dags/example_task_group_decorator.py
[2024-07-06T14:45:42.302+0000] {processor.py:840} INFO - DAG(s) 'example_task_group_decorator' retrieved from /home/airflow/.local/lib/python3.12/site-packages/airflow/example_dags/example_task_group_decorator.py
[2024-07-06T14:45:42.311+0000] {logging_mixin.py:188} INFO - [2024-07-06T14:45:42.311+0000] {dag.py:3096} INFO - Sync 1 DAGs
[2024-07-06T14:45:42.319+0000] {logging_mixin.py:188} INFO - [2024-07-06T14:45:42.319+0000] {dag.py:3954} INFO - Setting next_dagrun for example_task_group_decorator to 2024-07-05 00:00:00+00:00, run_after=2024-07-06 00:00:00+00:00
[2024-07-06T14:45:42.325+0000] {processor.py:183} INFO - Processing /home/airflow/.local/lib/python3.12/site-packages/airflow/example_dags/example_task_group_decorator.py took 0.032 seconds
[2024-07-06T14:46:12.825+0000] {processor.py:161} INFO - Started process (PID=9656) to work on /home/airflow/.local/lib/python3.12/site-packages/airflow/example_dags/example_task_group_decorator.py
[2024-07-06T14:46:12.826+0000] {processor.py:830} INFO - Processing file /home/airflow/.local/lib/python3.12/site-packages/airflow/example_dags/example_task_group_decorator.py for tasks to queue
[2024-07-06T14:46:12.826+0000] {logging_mixin.py:188} INFO - [2024-07-06T14:46:12.826+0000] {dagbag.py:545} INFO - Filling up the DagBag from /home/airflow/.local/lib/python3.12/site-packages/airflow/example_dags/example_task_group_decorator.py
[2024-07-06T14:46:12.832+0000] {processor.py:840} INFO - DAG(s) 'example_task_group_decorator' retrieved from /home/airflow/.local/lib/python3.12/site-packages/airflow/example_dags/example_task_group_decorator.py
[2024-07-06T14:46:12.840+0000] {logging_mixin.py:188} INFO - [2024-07-06T14:46:12.840+0000] {dag.py:3096} INFO - Sync 1 DAGs
[2024-07-06T14:46:12.848+0000] {logging_mixin.py:188} INFO - [2024-07-06T14:46:12.848+0000] {dag.py:3954} INFO - Setting next_dagrun for example_task_group_decorator to 2024-07-05 00:00:00+00:00, run_after=2024-07-06 00:00:00+00:00
[2024-07-06T14:46:12.854+0000] {processor.py:183} INFO - Processing /home/airflow/.local/lib/python3.12/site-packages/airflow/example_dags/example_task_group_decorator.py took 0.030 seconds
[2024-07-06T14:46:43.131+0000] {processor.py:161} INFO - Started process (PID=9714) to work on /home/airflow/.local/lib/python3.12/site-packages/airflow/example_dags/example_task_group_decorator.py
[2024-07-06T14:46:43.131+0000] {processor.py:830} INFO - Processing file /home/airflow/.local/lib/python3.12/site-packages/airflow/example_dags/example_task_group_decorator.py for tasks to queue
[2024-07-06T14:46:43.132+0000] {logging_mixin.py:188} INFO - [2024-07-06T14:46:43.132+0000] {dagbag.py:545} INFO - Filling up the DagBag from /home/airflow/.local/lib/python3.12/site-packages/airflow/example_dags/example_task_group_decorator.py
[2024-07-06T14:46:43.138+0000] {processor.py:840} INFO - DAG(s) 'example_task_group_decorator' retrieved from /home/airflow/.local/lib/python3.12/site-packages/airflow/example_dags/example_task_group_decorator.py
[2024-07-06T14:46:43.146+0000] {logging_mixin.py:188} INFO - [2024-07-06T14:46:43.146+0000] {dag.py:3096} INFO - Sync 1 DAGs
[2024-07-06T14:46:43.154+0000] {logging_mixin.py:188} INFO - [2024-07-06T14:46:43.154+0000] {dag.py:3954} INFO - Setting next_dagrun for example_task_group_decorator to 2024-07-05 00:00:00+00:00, run_after=2024-07-06 00:00:00+00:00
[2024-07-06T14:46:43.160+0000] {processor.py:183} INFO - Processing /home/airflow/.local/lib/python3.12/site-packages/airflow/example_dags/example_task_group_decorator.py took 0.032 seconds
[2024-07-06T14:47:13.487+0000] {processor.py:161} INFO - Started process (PID=9772) to work on /home/airflow/.local/lib/python3.12/site-packages/airflow/example_dags/example_task_group_decorator.py
[2024-07-06T14:47:13.488+0000] {processor.py:830} INFO - Processing file /home/airflow/.local/lib/python3.12/site-packages/airflow/example_dags/example_task_group_decorator.py for tasks to queue
[2024-07-06T14:47:13.489+0000] {logging_mixin.py:188} INFO - [2024-07-06T14:47:13.488+0000] {dagbag.py:545} INFO - Filling up the DagBag from /home/airflow/.local/lib/python3.12/site-packages/airflow/example_dags/example_task_group_decorator.py
[2024-07-06T14:47:13.494+0000] {processor.py:840} INFO - DAG(s) 'example_task_group_decorator' retrieved from /home/airflow/.local/lib/python3.12/site-packages/airflow/example_dags/example_task_group_decorator.py
[2024-07-06T14:47:13.504+0000] {logging_mixin.py:188} INFO - [2024-07-06T14:47:13.504+0000] {dag.py:3096} INFO - Sync 1 DAGs
[2024-07-06T14:47:13.512+0000] {logging_mixin.py:188} INFO - [2024-07-06T14:47:13.512+0000] {dag.py:3954} INFO - Setting next_dagrun for example_task_group_decorator to 2024-07-05 00:00:00+00:00, run_after=2024-07-06 00:00:00+00:00
[2024-07-06T14:47:13.518+0000] {processor.py:183} INFO - Processing /home/airflow/.local/lib/python3.12/site-packages/airflow/example_dags/example_task_group_decorator.py took 0.033 seconds
[2024-07-06T14:47:43.755+0000] {processor.py:161} INFO - Started process (PID=9830) to work on /home/airflow/.local/lib/python3.12/site-packages/airflow/example_dags/example_task_group_decorator.py
[2024-07-06T14:47:43.756+0000] {processor.py:830} INFO - Processing file /home/airflow/.local/lib/python3.12/site-packages/airflow/example_dags/example_task_group_decorator.py for tasks to queue
[2024-07-06T14:47:43.756+0000] {logging_mixin.py:188} INFO - [2024-07-06T14:47:43.756+0000] {dagbag.py:545} INFO - Filling up the DagBag from /home/airflow/.local/lib/python3.12/site-packages/airflow/example_dags/example_task_group_decorator.py
[2024-07-06T14:47:43.761+0000] {processor.py:840} INFO - DAG(s) 'example_task_group_decorator' retrieved from /home/airflow/.local/lib/python3.12/site-packages/airflow/example_dags/example_task_group_decorator.py
[2024-07-06T14:47:43.770+0000] {logging_mixin.py:188} INFO - [2024-07-06T14:47:43.770+0000] {dag.py:3096} INFO - Sync 1 DAGs
[2024-07-06T14:47:43.777+0000] {logging_mixin.py:188} INFO - [2024-07-06T14:47:43.777+0000] {dag.py:3954} INFO - Setting next_dagrun for example_task_group_decorator to 2024-07-05 00:00:00+00:00, run_after=2024-07-06 00:00:00+00:00
[2024-07-06T14:47:43.784+0000] {processor.py:183} INFO - Processing /home/airflow/.local/lib/python3.12/site-packages/airflow/example_dags/example_task_group_decorator.py took 0.031 seconds
[2024-07-06T14:48:14.122+0000] {processor.py:161} INFO - Started process (PID=9888) to work on /home/airflow/.local/lib/python3.12/site-packages/airflow/example_dags/example_task_group_decorator.py
[2024-07-06T14:48:14.123+0000] {processor.py:830} INFO - Processing file /home/airflow/.local/lib/python3.12/site-packages/airflow/example_dags/example_task_group_decorator.py for tasks to queue
[2024-07-06T14:48:14.123+0000] {logging_mixin.py:188} INFO - [2024-07-06T14:48:14.123+0000] {dagbag.py:545} INFO - Filling up the DagBag from /home/airflow/.local/lib/python3.12/site-packages/airflow/example_dags/example_task_group_decorator.py
[2024-07-06T14:48:14.129+0000] {processor.py:840} INFO - DAG(s) 'example_task_group_decorator' retrieved from /home/airflow/.local/lib/python3.12/site-packages/airflow/example_dags/example_task_group_decorator.py
[2024-07-06T14:48:14.137+0000] {logging_mixin.py:188} INFO - [2024-07-06T14:48:14.137+0000] {dag.py:3096} INFO - Sync 1 DAGs
[2024-07-06T14:48:14.144+0000] {logging_mixin.py:188} INFO - [2024-07-06T14:48:14.144+0000] {dag.py:3954} INFO - Setting next_dagrun for example_task_group_decorator to 2024-07-05 00:00:00+00:00, run_after=2024-07-06 00:00:00+00:00
[2024-07-06T14:48:14.150+0000] {processor.py:183} INFO - Processing /home/airflow/.local/lib/python3.12/site-packages/airflow/example_dags/example_task_group_decorator.py took 0.030 seconds
[2024-07-06T14:48:44.523+0000] {processor.py:161} INFO - Started process (PID=9946) to work on /home/airflow/.local/lib/python3.12/site-packages/airflow/example_dags/example_task_group_decorator.py
[2024-07-06T14:48:44.523+0000] {processor.py:830} INFO - Processing file /home/airflow/.local/lib/python3.12/site-packages/airflow/example_dags/example_task_group_decorator.py for tasks to queue
[2024-07-06T14:48:44.525+0000] {logging_mixin.py:188} INFO - [2024-07-06T14:48:44.525+0000] {dagbag.py:545} INFO - Filling up the DagBag from /home/airflow/.local/lib/python3.12/site-packages/airflow/example_dags/example_task_group_decorator.py
[2024-07-06T14:48:44.532+0000] {processor.py:840} INFO - DAG(s) 'example_task_group_decorator' retrieved from /home/airflow/.local/lib/python3.12/site-packages/airflow/example_dags/example_task_group_decorator.py
[2024-07-06T14:48:44.549+0000] {logging_mixin.py:188} INFO - [2024-07-06T14:48:44.548+0000] {dag.py:3096} INFO - Sync 1 DAGs
[2024-07-06T14:48:44.560+0000] {logging_mixin.py:188} INFO - [2024-07-06T14:48:44.560+0000] {dag.py:3954} INFO - Setting next_dagrun for example_task_group_decorator to 2024-07-05 00:00:00+00:00, run_after=2024-07-06 00:00:00+00:00
[2024-07-06T14:48:44.570+0000] {processor.py:183} INFO - Processing /home/airflow/.local/lib/python3.12/site-packages/airflow/example_dags/example_task_group_decorator.py took 0.052 seconds
[2024-07-06T14:49:14.871+0000] {processor.py:161} INFO - Started process (PID=10004) to work on /home/airflow/.local/lib/python3.12/site-packages/airflow/example_dags/example_task_group_decorator.py
[2024-07-06T14:49:14.871+0000] {processor.py:830} INFO - Processing file /home/airflow/.local/lib/python3.12/site-packages/airflow/example_dags/example_task_group_decorator.py for tasks to queue
[2024-07-06T14:49:14.872+0000] {logging_mixin.py:188} INFO - [2024-07-06T14:49:14.872+0000] {dagbag.py:545} INFO - Filling up the DagBag from /home/airflow/.local/lib/python3.12/site-packages/airflow/example_dags/example_task_group_decorator.py
[2024-07-06T14:49:14.877+0000] {processor.py:840} INFO - DAG(s) 'example_task_group_decorator' retrieved from /home/airflow/.local/lib/python3.12/site-packages/airflow/example_dags/example_task_group_decorator.py
[2024-07-06T14:49:14.887+0000] {logging_mixin.py:188} INFO - [2024-07-06T14:49:14.886+0000] {dag.py:3096} INFO - Sync 1 DAGs
[2024-07-06T14:49:14.894+0000] {logging_mixin.py:188} INFO - [2024-07-06T14:49:14.894+0000] {dag.py:3954} INFO - Setting next_dagrun for example_task_group_decorator to 2024-07-05 00:00:00+00:00, run_after=2024-07-06 00:00:00+00:00
[2024-07-06T14:49:14.901+0000] {processor.py:183} INFO - Processing /home/airflow/.local/lib/python3.12/site-packages/airflow/example_dags/example_task_group_decorator.py took 0.032 seconds
[2024-07-06T14:49:45.247+0000] {processor.py:161} INFO - Started process (PID=10062) to work on /home/airflow/.local/lib/python3.12/site-packages/airflow/example_dags/example_task_group_decorator.py
[2024-07-06T14:49:45.248+0000] {processor.py:830} INFO - Processing file /home/airflow/.local/lib/python3.12/site-packages/airflow/example_dags/example_task_group_decorator.py for tasks to queue
[2024-07-06T14:49:45.249+0000] {logging_mixin.py:188} INFO - [2024-07-06T14:49:45.248+0000] {dagbag.py:545} INFO - Filling up the DagBag from /home/airflow/.local/lib/python3.12/site-packages/airflow/example_dags/example_task_group_decorator.py
[2024-07-06T14:49:45.255+0000] {processor.py:840} INFO - DAG(s) 'example_task_group_decorator' retrieved from /home/airflow/.local/lib/python3.12/site-packages/airflow/example_dags/example_task_group_decorator.py
[2024-07-06T14:49:45.264+0000] {logging_mixin.py:188} INFO - [2024-07-06T14:49:45.264+0000] {dag.py:3096} INFO - Sync 1 DAGs
[2024-07-06T14:49:45.273+0000] {logging_mixin.py:188} INFO - [2024-07-06T14:49:45.273+0000] {dag.py:3954} INFO - Setting next_dagrun for example_task_group_decorator to 2024-07-05 00:00:00+00:00, run_after=2024-07-06 00:00:00+00:00
[2024-07-06T14:49:45.279+0000] {processor.py:183} INFO - Processing /home/airflow/.local/lib/python3.12/site-packages/airflow/example_dags/example_task_group_decorator.py took 0.035 seconds
[2024-07-06T14:50:15.654+0000] {processor.py:161} INFO - Started process (PID=10120) to work on /home/airflow/.local/lib/python3.12/site-packages/airflow/example_dags/example_task_group_decorator.py
[2024-07-06T14:50:15.654+0000] {processor.py:830} INFO - Processing file /home/airflow/.local/lib/python3.12/site-packages/airflow/example_dags/example_task_group_decorator.py for tasks to queue
[2024-07-06T14:50:15.655+0000] {logging_mixin.py:188} INFO - [2024-07-06T14:50:15.655+0000] {dagbag.py:545} INFO - Filling up the DagBag from /home/airflow/.local/lib/python3.12/site-packages/airflow/example_dags/example_task_group_decorator.py
[2024-07-06T14:50:15.661+0000] {processor.py:840} INFO - DAG(s) 'example_task_group_decorator' retrieved from /home/airflow/.local/lib/python3.12/site-packages/airflow/example_dags/example_task_group_decorator.py
[2024-07-06T14:50:15.669+0000] {logging_mixin.py:188} INFO - [2024-07-06T14:50:15.669+0000] {dag.py:3096} INFO - Sync 1 DAGs
[2024-07-06T14:50:15.677+0000] {logging_mixin.py:188} INFO - [2024-07-06T14:50:15.677+0000] {dag.py:3954} INFO - Setting next_dagrun for example_task_group_decorator to 2024-07-05 00:00:00+00:00, run_after=2024-07-06 00:00:00+00:00
[2024-07-06T14:50:15.683+0000] {processor.py:183} INFO - Processing /home/airflow/.local/lib/python3.12/site-packages/airflow/example_dags/example_task_group_decorator.py took 0.032 seconds
[2024-07-06T14:50:46.012+0000] {processor.py:161} INFO - Started process (PID=10178) to work on /home/airflow/.local/lib/python3.12/site-packages/airflow/example_dags/example_task_group_decorator.py
[2024-07-06T14:50:46.013+0000] {processor.py:830} INFO - Processing file /home/airflow/.local/lib/python3.12/site-packages/airflow/example_dags/example_task_group_decorator.py for tasks to queue
[2024-07-06T14:50:46.014+0000] {logging_mixin.py:188} INFO - [2024-07-06T14:50:46.014+0000] {dagbag.py:545} INFO - Filling up the DagBag from /home/airflow/.local/lib/python3.12/site-packages/airflow/example_dags/example_task_group_decorator.py
[2024-07-06T14:50:46.020+0000] {processor.py:840} INFO - DAG(s) 'example_task_group_decorator' retrieved from /home/airflow/.local/lib/python3.12/site-packages/airflow/example_dags/example_task_group_decorator.py
[2024-07-06T14:50:46.031+0000] {logging_mixin.py:188} INFO - [2024-07-06T14:50:46.031+0000] {dag.py:3096} INFO - Sync 1 DAGs
[2024-07-06T14:50:46.041+0000] {logging_mixin.py:188} INFO - [2024-07-06T14:50:46.041+0000] {dag.py:3954} INFO - Setting next_dagrun for example_task_group_decorator to 2024-07-05 00:00:00+00:00, run_after=2024-07-06 00:00:00+00:00
[2024-07-06T14:50:46.051+0000] {processor.py:183} INFO - Processing /home/airflow/.local/lib/python3.12/site-packages/airflow/example_dags/example_task_group_decorator.py took 0.041 seconds
[2024-07-06T14:51:16.345+0000] {processor.py:161} INFO - Started process (PID=10236) to work on /home/airflow/.local/lib/python3.12/site-packages/airflow/example_dags/example_task_group_decorator.py
[2024-07-06T14:51:16.345+0000] {processor.py:830} INFO - Processing file /home/airflow/.local/lib/python3.12/site-packages/airflow/example_dags/example_task_group_decorator.py for tasks to queue
[2024-07-06T14:51:16.346+0000] {logging_mixin.py:188} INFO - [2024-07-06T14:51:16.346+0000] {dagbag.py:545} INFO - Filling up the DagBag from /home/airflow/.local/lib/python3.12/site-packages/airflow/example_dags/example_task_group_decorator.py
[2024-07-06T14:51:16.351+0000] {processor.py:840} INFO - DAG(s) 'example_task_group_decorator' retrieved from /home/airflow/.local/lib/python3.12/site-packages/airflow/example_dags/example_task_group_decorator.py
[2024-07-06T14:51:16.360+0000] {logging_mixin.py:188} INFO - [2024-07-06T14:51:16.360+0000] {dag.py:3096} INFO - Sync 1 DAGs
[2024-07-06T14:51:16.367+0000] {logging_mixin.py:188} INFO - [2024-07-06T14:51:16.367+0000] {dag.py:3954} INFO - Setting next_dagrun for example_task_group_decorator to 2024-07-05 00:00:00+00:00, run_after=2024-07-06 00:00:00+00:00
[2024-07-06T14:51:16.373+0000] {processor.py:183} INFO - Processing /home/airflow/.local/lib/python3.12/site-packages/airflow/example_dags/example_task_group_decorator.py took 0.031 seconds
[2024-07-06T14:51:46.670+0000] {processor.py:161} INFO - Started process (PID=10294) to work on /home/airflow/.local/lib/python3.12/site-packages/airflow/example_dags/example_task_group_decorator.py
[2024-07-06T14:51:46.671+0000] {processor.py:830} INFO - Processing file /home/airflow/.local/lib/python3.12/site-packages/airflow/example_dags/example_task_group_decorator.py for tasks to queue
[2024-07-06T14:51:46.672+0000] {logging_mixin.py:188} INFO - [2024-07-06T14:51:46.671+0000] {dagbag.py:545} INFO - Filling up the DagBag from /home/airflow/.local/lib/python3.12/site-packages/airflow/example_dags/example_task_group_decorator.py
[2024-07-06T14:51:46.678+0000] {processor.py:840} INFO - DAG(s) 'example_task_group_decorator' retrieved from /home/airflow/.local/lib/python3.12/site-packages/airflow/example_dags/example_task_group_decorator.py
[2024-07-06T14:51:46.687+0000] {logging_mixin.py:188} INFO - [2024-07-06T14:51:46.687+0000] {dag.py:3096} INFO - Sync 1 DAGs
[2024-07-06T14:51:46.695+0000] {logging_mixin.py:188} INFO - [2024-07-06T14:51:46.695+0000] {dag.py:3954} INFO - Setting next_dagrun for example_task_group_decorator to 2024-07-05 00:00:00+00:00, run_after=2024-07-06 00:00:00+00:00
[2024-07-06T14:51:46.701+0000] {processor.py:183} INFO - Processing /home/airflow/.local/lib/python3.12/site-packages/airflow/example_dags/example_task_group_decorator.py took 0.033 seconds
[2024-07-06T14:52:17.129+0000] {processor.py:161} INFO - Started process (PID=10352) to work on /home/airflow/.local/lib/python3.12/site-packages/airflow/example_dags/example_task_group_decorator.py
[2024-07-06T14:52:17.130+0000] {processor.py:830} INFO - Processing file /home/airflow/.local/lib/python3.12/site-packages/airflow/example_dags/example_task_group_decorator.py for tasks to queue
[2024-07-06T14:52:17.130+0000] {logging_mixin.py:188} INFO - [2024-07-06T14:52:17.130+0000] {dagbag.py:545} INFO - Filling up the DagBag from /home/airflow/.local/lib/python3.12/site-packages/airflow/example_dags/example_task_group_decorator.py
[2024-07-06T14:52:17.135+0000] {processor.py:840} INFO - DAG(s) 'example_task_group_decorator' retrieved from /home/airflow/.local/lib/python3.12/site-packages/airflow/example_dags/example_task_group_decorator.py
[2024-07-06T14:52:17.145+0000] {logging_mixin.py:188} INFO - [2024-07-06T14:52:17.144+0000] {dag.py:3096} INFO - Sync 1 DAGs
[2024-07-06T14:52:17.153+0000] {logging_mixin.py:188} INFO - [2024-07-06T14:52:17.153+0000] {dag.py:3954} INFO - Setting next_dagrun for example_task_group_decorator to 2024-07-05 00:00:00+00:00, run_after=2024-07-06 00:00:00+00:00
[2024-07-06T14:52:17.161+0000] {processor.py:183} INFO - Processing /home/airflow/.local/lib/python3.12/site-packages/airflow/example_dags/example_task_group_decorator.py took 0.033 seconds
[2024-07-06T14:52:47.550+0000] {processor.py:161} INFO - Started process (PID=10410) to work on /home/airflow/.local/lib/python3.12/site-packages/airflow/example_dags/example_task_group_decorator.py
[2024-07-06T14:52:47.550+0000] {processor.py:830} INFO - Processing file /home/airflow/.local/lib/python3.12/site-packages/airflow/example_dags/example_task_group_decorator.py for tasks to queue
[2024-07-06T14:52:47.551+0000] {logging_mixin.py:188} INFO - [2024-07-06T14:52:47.551+0000] {dagbag.py:545} INFO - Filling up the DagBag from /home/airflow/.local/lib/python3.12/site-packages/airflow/example_dags/example_task_group_decorator.py
[2024-07-06T14:52:47.556+0000] {processor.py:840} INFO - DAG(s) 'example_task_group_decorator' retrieved from /home/airflow/.local/lib/python3.12/site-packages/airflow/example_dags/example_task_group_decorator.py
[2024-07-06T14:52:47.567+0000] {logging_mixin.py:188} INFO - [2024-07-06T14:52:47.566+0000] {dag.py:3096} INFO - Sync 1 DAGs
[2024-07-06T14:52:47.575+0000] {logging_mixin.py:188} INFO - [2024-07-06T14:52:47.575+0000] {dag.py:3954} INFO - Setting next_dagrun for example_task_group_decorator to 2024-07-05 00:00:00+00:00, run_after=2024-07-06 00:00:00+00:00
[2024-07-06T14:52:47.582+0000] {processor.py:183} INFO - Processing /home/airflow/.local/lib/python3.12/site-packages/airflow/example_dags/example_task_group_decorator.py took 0.034 seconds
[2024-07-06T14:53:17.924+0000] {processor.py:161} INFO - Started process (PID=10468) to work on /home/airflow/.local/lib/python3.12/site-packages/airflow/example_dags/example_task_group_decorator.py
[2024-07-06T14:53:17.924+0000] {processor.py:830} INFO - Processing file /home/airflow/.local/lib/python3.12/site-packages/airflow/example_dags/example_task_group_decorator.py for tasks to queue
[2024-07-06T14:53:17.925+0000] {logging_mixin.py:188} INFO - [2024-07-06T14:53:17.925+0000] {dagbag.py:545} INFO - Filling up the DagBag from /home/airflow/.local/lib/python3.12/site-packages/airflow/example_dags/example_task_group_decorator.py
[2024-07-06T14:53:17.931+0000] {processor.py:840} INFO - DAG(s) 'example_task_group_decorator' retrieved from /home/airflow/.local/lib/python3.12/site-packages/airflow/example_dags/example_task_group_decorator.py
[2024-07-06T14:53:17.940+0000] {logging_mixin.py:188} INFO - [2024-07-06T14:53:17.940+0000] {dag.py:3096} INFO - Sync 1 DAGs
[2024-07-06T14:53:17.948+0000] {logging_mixin.py:188} INFO - [2024-07-06T14:53:17.948+0000] {dag.py:3954} INFO - Setting next_dagrun for example_task_group_decorator to 2024-07-05 00:00:00+00:00, run_after=2024-07-06 00:00:00+00:00
[2024-07-06T14:53:17.955+0000] {processor.py:183} INFO - Processing /home/airflow/.local/lib/python3.12/site-packages/airflow/example_dags/example_task_group_decorator.py took 0.034 seconds
[2024-07-06T14:53:48.289+0000] {processor.py:161} INFO - Started process (PID=10526) to work on /home/airflow/.local/lib/python3.12/site-packages/airflow/example_dags/example_task_group_decorator.py
[2024-07-06T14:53:48.289+0000] {processor.py:830} INFO - Processing file /home/airflow/.local/lib/python3.12/site-packages/airflow/example_dags/example_task_group_decorator.py for tasks to queue
[2024-07-06T14:53:48.290+0000] {logging_mixin.py:188} INFO - [2024-07-06T14:53:48.290+0000] {dagbag.py:545} INFO - Filling up the DagBag from /home/airflow/.local/lib/python3.12/site-packages/airflow/example_dags/example_task_group_decorator.py
[2024-07-06T14:53:48.295+0000] {processor.py:840} INFO - DAG(s) 'example_task_group_decorator' retrieved from /home/airflow/.local/lib/python3.12/site-packages/airflow/example_dags/example_task_group_decorator.py
[2024-07-06T14:53:48.304+0000] {logging_mixin.py:188} INFO - [2024-07-06T14:53:48.304+0000] {dag.py:3096} INFO - Sync 1 DAGs
[2024-07-06T14:53:48.311+0000] {logging_mixin.py:188} INFO - [2024-07-06T14:53:48.311+0000] {dag.py:3954} INFO - Setting next_dagrun for example_task_group_decorator to 2024-07-05 00:00:00+00:00, run_after=2024-07-06 00:00:00+00:00
[2024-07-06T14:53:48.318+0000] {processor.py:183} INFO - Processing /home/airflow/.local/lib/python3.12/site-packages/airflow/example_dags/example_task_group_decorator.py took 0.031 seconds
[2024-07-06T14:54:18.584+0000] {processor.py:161} INFO - Started process (PID=10584) to work on /home/airflow/.local/lib/python3.12/site-packages/airflow/example_dags/example_task_group_decorator.py
[2024-07-06T14:54:18.585+0000] {processor.py:830} INFO - Processing file /home/airflow/.local/lib/python3.12/site-packages/airflow/example_dags/example_task_group_decorator.py for tasks to queue
[2024-07-06T14:54:18.585+0000] {logging_mixin.py:188} INFO - [2024-07-06T14:54:18.585+0000] {dagbag.py:545} INFO - Filling up the DagBag from /home/airflow/.local/lib/python3.12/site-packages/airflow/example_dags/example_task_group_decorator.py
[2024-07-06T14:54:18.591+0000] {processor.py:840} INFO - DAG(s) 'example_task_group_decorator' retrieved from /home/airflow/.local/lib/python3.12/site-packages/airflow/example_dags/example_task_group_decorator.py
[2024-07-06T14:54:18.599+0000] {logging_mixin.py:188} INFO - [2024-07-06T14:54:18.599+0000] {dag.py:3096} INFO - Sync 1 DAGs
[2024-07-06T14:54:18.607+0000] {logging_mixin.py:188} INFO - [2024-07-06T14:54:18.606+0000] {dag.py:3954} INFO - Setting next_dagrun for example_task_group_decorator to 2024-07-05 00:00:00+00:00, run_after=2024-07-06 00:00:00+00:00
[2024-07-06T14:54:18.612+0000] {processor.py:183} INFO - Processing /home/airflow/.local/lib/python3.12/site-packages/airflow/example_dags/example_task_group_decorator.py took 0.030 seconds
[2024-07-06T14:54:48.883+0000] {processor.py:161} INFO - Started process (PID=10641) to work on /home/airflow/.local/lib/python3.12/site-packages/airflow/example_dags/example_task_group_decorator.py
[2024-07-06T14:54:48.883+0000] {processor.py:830} INFO - Processing file /home/airflow/.local/lib/python3.12/site-packages/airflow/example_dags/example_task_group_decorator.py for tasks to queue
[2024-07-06T14:54:48.884+0000] {logging_mixin.py:188} INFO - [2024-07-06T14:54:48.884+0000] {dagbag.py:545} INFO - Filling up the DagBag from /home/airflow/.local/lib/python3.12/site-packages/airflow/example_dags/example_task_group_decorator.py
[2024-07-06T14:54:48.890+0000] {processor.py:840} INFO - DAG(s) 'example_task_group_decorator' retrieved from /home/airflow/.local/lib/python3.12/site-packages/airflow/example_dags/example_task_group_decorator.py
[2024-07-06T14:54:48.898+0000] {logging_mixin.py:188} INFO - [2024-07-06T14:54:48.898+0000] {dag.py:3096} INFO - Sync 1 DAGs
[2024-07-06T14:54:48.906+0000] {logging_mixin.py:188} INFO - [2024-07-06T14:54:48.906+0000] {dag.py:3954} INFO - Setting next_dagrun for example_task_group_decorator to 2024-07-05 00:00:00+00:00, run_after=2024-07-06 00:00:00+00:00
[2024-07-06T14:54:48.912+0000] {processor.py:183} INFO - Processing /home/airflow/.local/lib/python3.12/site-packages/airflow/example_dags/example_task_group_decorator.py took 0.031 seconds
[2024-07-06T14:55:19.322+0000] {processor.py:161} INFO - Started process (PID=10699) to work on /home/airflow/.local/lib/python3.12/site-packages/airflow/example_dags/example_task_group_decorator.py
[2024-07-06T14:55:19.322+0000] {processor.py:830} INFO - Processing file /home/airflow/.local/lib/python3.12/site-packages/airflow/example_dags/example_task_group_decorator.py for tasks to queue
[2024-07-06T14:55:19.323+0000] {logging_mixin.py:188} INFO - [2024-07-06T14:55:19.323+0000] {dagbag.py:545} INFO - Filling up the DagBag from /home/airflow/.local/lib/python3.12/site-packages/airflow/example_dags/example_task_group_decorator.py
[2024-07-06T14:55:19.330+0000] {processor.py:840} INFO - DAG(s) 'example_task_group_decorator' retrieved from /home/airflow/.local/lib/python3.12/site-packages/airflow/example_dags/example_task_group_decorator.py
[2024-07-06T14:55:19.340+0000] {logging_mixin.py:188} INFO - [2024-07-06T14:55:19.340+0000] {dag.py:3096} INFO - Sync 1 DAGs
[2024-07-06T14:55:19.350+0000] {logging_mixin.py:188} INFO - [2024-07-06T14:55:19.350+0000] {dag.py:3954} INFO - Setting next_dagrun for example_task_group_decorator to 2024-07-05 00:00:00+00:00, run_after=2024-07-06 00:00:00+00:00
[2024-07-06T14:55:19.358+0000] {processor.py:183} INFO - Processing /home/airflow/.local/lib/python3.12/site-packages/airflow/example_dags/example_task_group_decorator.py took 0.039 seconds
[2024-07-06T14:55:49.744+0000] {processor.py:161} INFO - Started process (PID=10757) to work on /home/airflow/.local/lib/python3.12/site-packages/airflow/example_dags/example_task_group_decorator.py
[2024-07-06T14:55:49.745+0000] {processor.py:830} INFO - Processing file /home/airflow/.local/lib/python3.12/site-packages/airflow/example_dags/example_task_group_decorator.py for tasks to queue
[2024-07-06T14:55:49.746+0000] {logging_mixin.py:188} INFO - [2024-07-06T14:55:49.746+0000] {dagbag.py:545} INFO - Filling up the DagBag from /home/airflow/.local/lib/python3.12/site-packages/airflow/example_dags/example_task_group_decorator.py
[2024-07-06T14:55:49.752+0000] {processor.py:840} INFO - DAG(s) 'example_task_group_decorator' retrieved from /home/airflow/.local/lib/python3.12/site-packages/airflow/example_dags/example_task_group_decorator.py
[2024-07-06T14:55:49.761+0000] {logging_mixin.py:188} INFO - [2024-07-06T14:55:49.760+0000] {dag.py:3096} INFO - Sync 1 DAGs
[2024-07-06T14:55:49.771+0000] {logging_mixin.py:188} INFO - [2024-07-06T14:55:49.771+0000] {dag.py:3954} INFO - Setting next_dagrun for example_task_group_decorator to 2024-07-05 00:00:00+00:00, run_after=2024-07-06 00:00:00+00:00
[2024-07-06T14:55:49.777+0000] {processor.py:183} INFO - Processing /home/airflow/.local/lib/python3.12/site-packages/airflow/example_dags/example_task_group_decorator.py took 0.036 seconds
[2024-07-06T14:56:20.126+0000] {processor.py:161} INFO - Started process (PID=10815) to work on /home/airflow/.local/lib/python3.12/site-packages/airflow/example_dags/example_task_group_decorator.py
[2024-07-06T14:56:20.126+0000] {processor.py:830} INFO - Processing file /home/airflow/.local/lib/python3.12/site-packages/airflow/example_dags/example_task_group_decorator.py for tasks to queue
[2024-07-06T14:56:20.127+0000] {logging_mixin.py:188} INFO - [2024-07-06T14:56:20.127+0000] {dagbag.py:545} INFO - Filling up the DagBag from /home/airflow/.local/lib/python3.12/site-packages/airflow/example_dags/example_task_group_decorator.py
[2024-07-06T14:56:20.132+0000] {processor.py:840} INFO - DAG(s) 'example_task_group_decorator' retrieved from /home/airflow/.local/lib/python3.12/site-packages/airflow/example_dags/example_task_group_decorator.py
[2024-07-06T14:56:20.141+0000] {logging_mixin.py:188} INFO - [2024-07-06T14:56:20.141+0000] {dag.py:3096} INFO - Sync 1 DAGs
[2024-07-06T14:56:20.148+0000] {logging_mixin.py:188} INFO - [2024-07-06T14:56:20.148+0000] {dag.py:3954} INFO - Setting next_dagrun for example_task_group_decorator to 2024-07-05 00:00:00+00:00, run_after=2024-07-06 00:00:00+00:00
[2024-07-06T14:56:20.155+0000] {processor.py:183} INFO - Processing /home/airflow/.local/lib/python3.12/site-packages/airflow/example_dags/example_task_group_decorator.py took 0.032 seconds
[2024-07-06T14:56:50.548+0000] {processor.py:161} INFO - Started process (PID=10873) to work on /home/airflow/.local/lib/python3.12/site-packages/airflow/example_dags/example_task_group_decorator.py
[2024-07-06T14:56:50.549+0000] {processor.py:830} INFO - Processing file /home/airflow/.local/lib/python3.12/site-packages/airflow/example_dags/example_task_group_decorator.py for tasks to queue
[2024-07-06T14:56:50.550+0000] {logging_mixin.py:188} INFO - [2024-07-06T14:56:50.549+0000] {dagbag.py:545} INFO - Filling up the DagBag from /home/airflow/.local/lib/python3.12/site-packages/airflow/example_dags/example_task_group_decorator.py
[2024-07-06T14:56:50.555+0000] {processor.py:840} INFO - DAG(s) 'example_task_group_decorator' retrieved from /home/airflow/.local/lib/python3.12/site-packages/airflow/example_dags/example_task_group_decorator.py
[2024-07-06T14:56:50.564+0000] {logging_mixin.py:188} INFO - [2024-07-06T14:56:50.564+0000] {dag.py:3096} INFO - Sync 1 DAGs
[2024-07-06T14:56:50.572+0000] {logging_mixin.py:188} INFO - [2024-07-06T14:56:50.571+0000] {dag.py:3954} INFO - Setting next_dagrun for example_task_group_decorator to 2024-07-05 00:00:00+00:00, run_after=2024-07-06 00:00:00+00:00
[2024-07-06T14:56:50.578+0000] {processor.py:183} INFO - Processing /home/airflow/.local/lib/python3.12/site-packages/airflow/example_dags/example_task_group_decorator.py took 0.032 seconds
[2024-07-06T14:57:20.896+0000] {processor.py:161} INFO - Started process (PID=10931) to work on /home/airflow/.local/lib/python3.12/site-packages/airflow/example_dags/example_task_group_decorator.py
[2024-07-06T14:57:20.896+0000] {processor.py:830} INFO - Processing file /home/airflow/.local/lib/python3.12/site-packages/airflow/example_dags/example_task_group_decorator.py for tasks to queue
[2024-07-06T14:57:20.897+0000] {logging_mixin.py:188} INFO - [2024-07-06T14:57:20.897+0000] {dagbag.py:545} INFO - Filling up the DagBag from /home/airflow/.local/lib/python3.12/site-packages/airflow/example_dags/example_task_group_decorator.py
[2024-07-06T14:57:20.902+0000] {processor.py:840} INFO - DAG(s) 'example_task_group_decorator' retrieved from /home/airflow/.local/lib/python3.12/site-packages/airflow/example_dags/example_task_group_decorator.py
[2024-07-06T14:57:20.911+0000] {logging_mixin.py:188} INFO - [2024-07-06T14:57:20.911+0000] {dag.py:3096} INFO - Sync 1 DAGs
[2024-07-06T14:57:20.918+0000] {logging_mixin.py:188} INFO - [2024-07-06T14:57:20.918+0000] {dag.py:3954} INFO - Setting next_dagrun for example_task_group_decorator to 2024-07-05 00:00:00+00:00, run_after=2024-07-06 00:00:00+00:00
[2024-07-06T14:57:20.925+0000] {processor.py:183} INFO - Processing /home/airflow/.local/lib/python3.12/site-packages/airflow/example_dags/example_task_group_decorator.py took 0.032 seconds
[2024-07-06T14:57:51.217+0000] {processor.py:161} INFO - Started process (PID=10989) to work on /home/airflow/.local/lib/python3.12/site-packages/airflow/example_dags/example_task_group_decorator.py
[2024-07-06T14:57:51.217+0000] {processor.py:830} INFO - Processing file /home/airflow/.local/lib/python3.12/site-packages/airflow/example_dags/example_task_group_decorator.py for tasks to queue
[2024-07-06T14:57:51.218+0000] {logging_mixin.py:188} INFO - [2024-07-06T14:57:51.218+0000] {dagbag.py:545} INFO - Filling up the DagBag from /home/airflow/.local/lib/python3.12/site-packages/airflow/example_dags/example_task_group_decorator.py
[2024-07-06T14:57:51.223+0000] {processor.py:840} INFO - DAG(s) 'example_task_group_decorator' retrieved from /home/airflow/.local/lib/python3.12/site-packages/airflow/example_dags/example_task_group_decorator.py
[2024-07-06T14:57:51.232+0000] {logging_mixin.py:188} INFO - [2024-07-06T14:57:51.232+0000] {dag.py:3096} INFO - Sync 1 DAGs
[2024-07-06T14:57:51.240+0000] {logging_mixin.py:188} INFO - [2024-07-06T14:57:51.240+0000] {dag.py:3954} INFO - Setting next_dagrun for example_task_group_decorator to 2024-07-05 00:00:00+00:00, run_after=2024-07-06 00:00:00+00:00
[2024-07-06T14:57:51.246+0000] {processor.py:183} INFO - Processing /home/airflow/.local/lib/python3.12/site-packages/airflow/example_dags/example_task_group_decorator.py took 0.032 seconds
[2024-07-06T14:58:21.615+0000] {processor.py:161} INFO - Started process (PID=11047) to work on /home/airflow/.local/lib/python3.12/site-packages/airflow/example_dags/example_task_group_decorator.py
[2024-07-06T14:58:21.615+0000] {processor.py:830} INFO - Processing file /home/airflow/.local/lib/python3.12/site-packages/airflow/example_dags/example_task_group_decorator.py for tasks to queue
[2024-07-06T14:58:21.616+0000] {logging_mixin.py:188} INFO - [2024-07-06T14:58:21.616+0000] {dagbag.py:545} INFO - Filling up the DagBag from /home/airflow/.local/lib/python3.12/site-packages/airflow/example_dags/example_task_group_decorator.py
[2024-07-06T14:58:21.621+0000] {processor.py:840} INFO - DAG(s) 'example_task_group_decorator' retrieved from /home/airflow/.local/lib/python3.12/site-packages/airflow/example_dags/example_task_group_decorator.py
[2024-07-06T14:58:21.630+0000] {logging_mixin.py:188} INFO - [2024-07-06T14:58:21.630+0000] {dag.py:3096} INFO - Sync 1 DAGs
[2024-07-06T14:58:21.637+0000] {logging_mixin.py:188} INFO - [2024-07-06T14:58:21.637+0000] {dag.py:3954} INFO - Setting next_dagrun for example_task_group_decorator to 2024-07-05 00:00:00+00:00, run_after=2024-07-06 00:00:00+00:00
[2024-07-06T14:58:21.643+0000] {processor.py:183} INFO - Processing /home/airflow/.local/lib/python3.12/site-packages/airflow/example_dags/example_task_group_decorator.py took 0.031 seconds
[2024-07-06T14:58:52.133+0000] {processor.py:161} INFO - Started process (PID=11105) to work on /home/airflow/.local/lib/python3.12/site-packages/airflow/example_dags/example_task_group_decorator.py
[2024-07-06T14:58:52.134+0000] {processor.py:830} INFO - Processing file /home/airflow/.local/lib/python3.12/site-packages/airflow/example_dags/example_task_group_decorator.py for tasks to queue
[2024-07-06T14:58:52.135+0000] {logging_mixin.py:188} INFO - [2024-07-06T14:58:52.134+0000] {dagbag.py:545} INFO - Filling up the DagBag from /home/airflow/.local/lib/python3.12/site-packages/airflow/example_dags/example_task_group_decorator.py
[2024-07-06T14:58:52.140+0000] {processor.py:840} INFO - DAG(s) 'example_task_group_decorator' retrieved from /home/airflow/.local/lib/python3.12/site-packages/airflow/example_dags/example_task_group_decorator.py
[2024-07-06T14:58:52.149+0000] {logging_mixin.py:188} INFO - [2024-07-06T14:58:52.149+0000] {dag.py:3096} INFO - Sync 1 DAGs
[2024-07-06T14:58:52.157+0000] {logging_mixin.py:188} INFO - [2024-07-06T14:58:52.157+0000] {dag.py:3954} INFO - Setting next_dagrun for example_task_group_decorator to 2024-07-05 00:00:00+00:00, run_after=2024-07-06 00:00:00+00:00
[2024-07-06T14:58:52.163+0000] {processor.py:183} INFO - Processing /home/airflow/.local/lib/python3.12/site-packages/airflow/example_dags/example_task_group_decorator.py took 0.032 seconds
[2024-07-06T14:59:22.644+0000] {processor.py:161} INFO - Started process (PID=11163) to work on /home/airflow/.local/lib/python3.12/site-packages/airflow/example_dags/example_task_group_decorator.py
[2024-07-06T14:59:22.644+0000] {processor.py:830} INFO - Processing file /home/airflow/.local/lib/python3.12/site-packages/airflow/example_dags/example_task_group_decorator.py for tasks to queue
[2024-07-06T14:59:22.648+0000] {logging_mixin.py:188} INFO - [2024-07-06T14:59:22.648+0000] {dagbag.py:545} INFO - Filling up the DagBag from /home/airflow/.local/lib/python3.12/site-packages/airflow/example_dags/example_task_group_decorator.py
[2024-07-06T14:59:22.657+0000] {processor.py:840} INFO - DAG(s) 'example_task_group_decorator' retrieved from /home/airflow/.local/lib/python3.12/site-packages/airflow/example_dags/example_task_group_decorator.py
[2024-07-06T14:59:22.674+0000] {logging_mixin.py:188} INFO - [2024-07-06T14:59:22.673+0000] {dag.py:3096} INFO - Sync 1 DAGs
[2024-07-06T14:59:22.692+0000] {logging_mixin.py:188} INFO - [2024-07-06T14:59:22.692+0000] {dag.py:3954} INFO - Setting next_dagrun for example_task_group_decorator to 2024-07-05 00:00:00+00:00, run_after=2024-07-06 00:00:00+00:00
[2024-07-06T14:59:22.703+0000] {processor.py:183} INFO - Processing /home/airflow/.local/lib/python3.12/site-packages/airflow/example_dags/example_task_group_decorator.py took 0.064 seconds
[2024-07-06T14:59:53.439+0000] {processor.py:161} INFO - Started process (PID=11221) to work on /home/airflow/.local/lib/python3.12/site-packages/airflow/example_dags/example_task_group_decorator.py
[2024-07-06T14:59:53.440+0000] {processor.py:830} INFO - Processing file /home/airflow/.local/lib/python3.12/site-packages/airflow/example_dags/example_task_group_decorator.py for tasks to queue
[2024-07-06T14:59:53.441+0000] {logging_mixin.py:188} INFO - [2024-07-06T14:59:53.441+0000] {dagbag.py:545} INFO - Filling up the DagBag from /home/airflow/.local/lib/python3.12/site-packages/airflow/example_dags/example_task_group_decorator.py
[2024-07-06T14:59:53.448+0000] {processor.py:840} INFO - DAG(s) 'example_task_group_decorator' retrieved from /home/airflow/.local/lib/python3.12/site-packages/airflow/example_dags/example_task_group_decorator.py
[2024-07-06T14:59:53.458+0000] {logging_mixin.py:188} INFO - [2024-07-06T14:59:53.458+0000] {dag.py:3096} INFO - Sync 1 DAGs
[2024-07-06T14:59:53.469+0000] {logging_mixin.py:188} INFO - [2024-07-06T14:59:53.469+0000] {dag.py:3954} INFO - Setting next_dagrun for example_task_group_decorator to 2024-07-05 00:00:00+00:00, run_after=2024-07-06 00:00:00+00:00
[2024-07-06T14:59:53.477+0000] {processor.py:183} INFO - Processing /home/airflow/.local/lib/python3.12/site-packages/airflow/example_dags/example_task_group_decorator.py took 0.041 seconds
[2024-07-06T15:00:23.888+0000] {processor.py:161} INFO - Started process (PID=11279) to work on /home/airflow/.local/lib/python3.12/site-packages/airflow/example_dags/example_task_group_decorator.py
[2024-07-06T15:00:23.888+0000] {processor.py:830} INFO - Processing file /home/airflow/.local/lib/python3.12/site-packages/airflow/example_dags/example_task_group_decorator.py for tasks to queue
[2024-07-06T15:00:23.889+0000] {logging_mixin.py:188} INFO - [2024-07-06T15:00:23.889+0000] {dagbag.py:545} INFO - Filling up the DagBag from /home/airflow/.local/lib/python3.12/site-packages/airflow/example_dags/example_task_group_decorator.py
[2024-07-06T15:00:23.895+0000] {processor.py:840} INFO - DAG(s) 'example_task_group_decorator' retrieved from /home/airflow/.local/lib/python3.12/site-packages/airflow/example_dags/example_task_group_decorator.py
[2024-07-06T15:00:23.903+0000] {logging_mixin.py:188} INFO - [2024-07-06T15:00:23.903+0000] {dag.py:3096} INFO - Sync 1 DAGs
[2024-07-06T15:00:23.911+0000] {logging_mixin.py:188} INFO - [2024-07-06T15:00:23.911+0000] {dag.py:3954} INFO - Setting next_dagrun for example_task_group_decorator to 2024-07-05 00:00:00+00:00, run_after=2024-07-06 00:00:00+00:00
[2024-07-06T15:00:23.918+0000] {processor.py:183} INFO - Processing /home/airflow/.local/lib/python3.12/site-packages/airflow/example_dags/example_task_group_decorator.py took 0.032 seconds
