[2024-07-06T00:02:22.810+0000] {processor.py:161} INFO - Started process (PID=8242) to work on /home/airflow/.local/lib/python3.12/site-packages/airflow/example_dags/example_latest_only_with_trigger.py
[2024-07-06T00:02:22.810+0000] {processor.py:830} INFO - Processing file /home/airflow/.local/lib/python3.12/site-packages/airflow/example_dags/example_latest_only_with_trigger.py for tasks to queue
[2024-07-06T00:02:22.811+0000] {logging_mixin.py:188} INFO - [2024-07-06T00:02:22.811+0000] {dagbag.py:545} INFO - Filling up the DagBag from /home/airflow/.local/lib/python3.12/site-packages/airflow/example_dags/example_latest_only_with_trigger.py
[2024-07-06T00:02:22.813+0000] {processor.py:840} INFO - DAG(s) 'latest_only_with_trigger' retrieved from /home/airflow/.local/lib/python3.12/site-packages/airflow/example_dags/example_latest_only_with_trigger.py
[2024-07-06T00:02:22.821+0000] {logging_mixin.py:188} INFO - [2024-07-06T00:02:22.821+0000] {dag.py:3096} INFO - Sync 1 DAGs
[2024-07-06T00:02:22.829+0000] {logging_mixin.py:188} INFO - [2024-07-06T00:02:22.829+0000] {dag.py:3954} INFO - Setting next_dagrun for latest_only_with_trigger to 2024-07-05 20:00:00+00:00, run_after=2024-07-06 00:00:00+00:00
[2024-07-06T00:02:22.835+0000] {processor.py:183} INFO - Processing /home/airflow/.local/lib/python3.12/site-packages/airflow/example_dags/example_latest_only_with_trigger.py took 0.027 seconds
[2024-07-06T01:03:23.129+0000] {processor.py:161} INFO - Started process (PID=8294) to work on /home/airflow/.local/lib/python3.12/site-packages/airflow/example_dags/example_latest_only_with_trigger.py
[2024-07-06T01:03:23.130+0000] {processor.py:830} INFO - Processing file /home/airflow/.local/lib/python3.12/site-packages/airflow/example_dags/example_latest_only_with_trigger.py for tasks to queue
[2024-07-06T01:03:23.130+0000] {logging_mixin.py:188} INFO - [2024-07-06T01:03:23.130+0000] {dagbag.py:545} INFO - Filling up the DagBag from /home/airflow/.local/lib/python3.12/site-packages/airflow/example_dags/example_latest_only_with_trigger.py
[2024-07-06T01:03:23.133+0000] {processor.py:840} INFO - DAG(s) 'latest_only_with_trigger' retrieved from /home/airflow/.local/lib/python3.12/site-packages/airflow/example_dags/example_latest_only_with_trigger.py
[2024-07-06T01:03:23.141+0000] {logging_mixin.py:188} INFO - [2024-07-06T01:03:23.141+0000] {dag.py:3096} INFO - Sync 1 DAGs
[2024-07-06T01:03:23.149+0000] {logging_mixin.py:188} INFO - [2024-07-06T01:03:23.149+0000] {dag.py:3954} INFO - Setting next_dagrun for latest_only_with_trigger to 2024-07-05 20:00:00+00:00, run_after=2024-07-06 00:00:00+00:00
[2024-07-06T01:03:23.156+0000] {processor.py:183} INFO - Processing /home/airflow/.local/lib/python3.12/site-packages/airflow/example_dags/example_latest_only_with_trigger.py took 0.029 seconds
[2024-07-06T02:04:18.710+0000] {processor.py:161} INFO - Started process (PID=8358) to work on /home/airflow/.local/lib/python3.12/site-packages/airflow/example_dags/example_latest_only_with_trigger.py
[2024-07-06T02:04:18.710+0000] {processor.py:830} INFO - Processing file /home/airflow/.local/lib/python3.12/site-packages/airflow/example_dags/example_latest_only_with_trigger.py for tasks to queue
[2024-07-06T02:04:18.711+0000] {logging_mixin.py:188} INFO - [2024-07-06T02:04:18.711+0000] {dagbag.py:545} INFO - Filling up the DagBag from /home/airflow/.local/lib/python3.12/site-packages/airflow/example_dags/example_latest_only_with_trigger.py
[2024-07-06T02:04:18.713+0000] {processor.py:840} INFO - DAG(s) 'latest_only_with_trigger' retrieved from /home/airflow/.local/lib/python3.12/site-packages/airflow/example_dags/example_latest_only_with_trigger.py
[2024-07-06T02:04:18.722+0000] {logging_mixin.py:188} INFO - [2024-07-06T02:04:18.721+0000] {dag.py:3096} INFO - Sync 1 DAGs
[2024-07-06T02:04:18.730+0000] {logging_mixin.py:188} INFO - [2024-07-06T02:04:18.730+0000] {dag.py:3954} INFO - Setting next_dagrun for latest_only_with_trigger to 2024-07-05 20:00:00+00:00, run_after=2024-07-06 00:00:00+00:00
[2024-07-06T02:04:18.736+0000] {processor.py:183} INFO - Processing /home/airflow/.local/lib/python3.12/site-packages/airflow/example_dags/example_latest_only_with_trigger.py took 0.029 seconds
[2024-07-06T03:05:22.796+0000] {processor.py:161} INFO - Started process (PID=8410) to work on /home/airflow/.local/lib/python3.12/site-packages/airflow/example_dags/example_latest_only_with_trigger.py
[2024-07-06T03:05:22.797+0000] {processor.py:830} INFO - Processing file /home/airflow/.local/lib/python3.12/site-packages/airflow/example_dags/example_latest_only_with_trigger.py for tasks to queue
[2024-07-06T03:05:22.797+0000] {logging_mixin.py:188} INFO - [2024-07-06T03:05:22.797+0000] {dagbag.py:545} INFO - Filling up the DagBag from /home/airflow/.local/lib/python3.12/site-packages/airflow/example_dags/example_latest_only_with_trigger.py
[2024-07-06T03:05:22.800+0000] {processor.py:840} INFO - DAG(s) 'latest_only_with_trigger' retrieved from /home/airflow/.local/lib/python3.12/site-packages/airflow/example_dags/example_latest_only_with_trigger.py
[2024-07-06T03:05:22.809+0000] {logging_mixin.py:188} INFO - [2024-07-06T03:05:22.809+0000] {dag.py:3096} INFO - Sync 1 DAGs
[2024-07-06T03:05:22.817+0000] {logging_mixin.py:188} INFO - [2024-07-06T03:05:22.817+0000] {dag.py:3954} INFO - Setting next_dagrun for latest_only_with_trigger to 2024-07-05 20:00:00+00:00, run_after=2024-07-06 00:00:00+00:00
[2024-07-06T03:05:22.824+0000] {processor.py:183} INFO - Processing /home/airflow/.local/lib/python3.12/site-packages/airflow/example_dags/example_latest_only_with_trigger.py took 0.031 seconds
[2024-07-06T04:24:04.036+0000] {processor.py:161} INFO - Started process (PID=8474) to work on /home/airflow/.local/lib/python3.12/site-packages/airflow/example_dags/example_latest_only_with_trigger.py
[2024-07-06T04:24:04.036+0000] {processor.py:830} INFO - Processing file /home/airflow/.local/lib/python3.12/site-packages/airflow/example_dags/example_latest_only_with_trigger.py for tasks to queue
[2024-07-06T04:24:04.037+0000] {logging_mixin.py:188} INFO - [2024-07-06T04:24:04.037+0000] {dagbag.py:545} INFO - Filling up the DagBag from /home/airflow/.local/lib/python3.12/site-packages/airflow/example_dags/example_latest_only_with_trigger.py
[2024-07-06T04:24:04.039+0000] {processor.py:840} INFO - DAG(s) 'latest_only_with_trigger' retrieved from /home/airflow/.local/lib/python3.12/site-packages/airflow/example_dags/example_latest_only_with_trigger.py
[2024-07-06T04:24:04.047+0000] {logging_mixin.py:188} INFO - [2024-07-06T04:24:04.047+0000] {dag.py:3096} INFO - Sync 1 DAGs
[2024-07-06T04:24:04.055+0000] {logging_mixin.py:188} INFO - [2024-07-06T04:24:04.055+0000] {dag.py:3954} INFO - Setting next_dagrun for latest_only_with_trigger to 2024-07-06 00:00:00+00:00, run_after=2024-07-06 04:00:00+00:00
[2024-07-06T04:24:04.062+0000] {processor.py:183} INFO - Processing /home/airflow/.local/lib/python3.12/site-packages/airflow/example_dags/example_latest_only_with_trigger.py took 0.028 seconds
[2024-07-06T05:41:15.548+0000] {processor.py:161} INFO - Started process (PID=8526) to work on /home/airflow/.local/lib/python3.12/site-packages/airflow/example_dags/example_latest_only_with_trigger.py
[2024-07-06T05:41:15.549+0000] {processor.py:830} INFO - Processing file /home/airflow/.local/lib/python3.12/site-packages/airflow/example_dags/example_latest_only_with_trigger.py for tasks to queue
[2024-07-06T05:41:15.550+0000] {logging_mixin.py:188} INFO - [2024-07-06T05:41:15.549+0000] {dagbag.py:545} INFO - Filling up the DagBag from /home/airflow/.local/lib/python3.12/site-packages/airflow/example_dags/example_latest_only_with_trigger.py
[2024-07-06T05:41:15.552+0000] {processor.py:840} INFO - DAG(s) 'latest_only_with_trigger' retrieved from /home/airflow/.local/lib/python3.12/site-packages/airflow/example_dags/example_latest_only_with_trigger.py
[2024-07-06T05:41:15.560+0000] {logging_mixin.py:188} INFO - [2024-07-06T05:41:15.560+0000] {dag.py:3096} INFO - Sync 1 DAGs
[2024-07-06T05:41:15.568+0000] {logging_mixin.py:188} INFO - [2024-07-06T05:41:15.568+0000] {dag.py:3954} INFO - Setting next_dagrun for latest_only_with_trigger to 2024-07-06 00:00:00+00:00, run_after=2024-07-06 04:00:00+00:00
[2024-07-06T05:41:15.575+0000] {processor.py:183} INFO - Processing /home/airflow/.local/lib/python3.12/site-packages/airflow/example_dags/example_latest_only_with_trigger.py took 0.029 seconds
[2024-07-06T06:57:59.039+0000] {processor.py:161} INFO - Started process (PID=8584) to work on /home/airflow/.local/lib/python3.12/site-packages/airflow/example_dags/example_latest_only_with_trigger.py
[2024-07-06T06:57:59.040+0000] {processor.py:830} INFO - Processing file /home/airflow/.local/lib/python3.12/site-packages/airflow/example_dags/example_latest_only_with_trigger.py for tasks to queue
[2024-07-06T06:57:59.041+0000] {logging_mixin.py:188} INFO - [2024-07-06T06:57:59.041+0000] {dagbag.py:545} INFO - Filling up the DagBag from /home/airflow/.local/lib/python3.12/site-packages/airflow/example_dags/example_latest_only_with_trigger.py
[2024-07-06T06:57:59.043+0000] {processor.py:840} INFO - DAG(s) 'latest_only_with_trigger' retrieved from /home/airflow/.local/lib/python3.12/site-packages/airflow/example_dags/example_latest_only_with_trigger.py
[2024-07-06T06:57:59.052+0000] {logging_mixin.py:188} INFO - [2024-07-06T06:57:59.052+0000] {dag.py:3096} INFO - Sync 1 DAGs
[2024-07-06T06:57:59.061+0000] {logging_mixin.py:188} INFO - [2024-07-06T06:57:59.061+0000] {dag.py:3954} INFO - Setting next_dagrun for latest_only_with_trigger to 2024-07-06 00:00:00+00:00, run_after=2024-07-06 04:00:00+00:00
[2024-07-06T06:57:59.068+0000] {processor.py:183} INFO - Processing /home/airflow/.local/lib/python3.12/site-packages/airflow/example_dags/example_latest_only_with_trigger.py took 0.031 seconds
[2024-07-06T07:58:19.407+0000] {processor.py:161} INFO - Started process (PID=8642) to work on /home/airflow/.local/lib/python3.12/site-packages/airflow/example_dags/example_latest_only_with_trigger.py
[2024-07-06T07:58:19.407+0000] {processor.py:830} INFO - Processing file /home/airflow/.local/lib/python3.12/site-packages/airflow/example_dags/example_latest_only_with_trigger.py for tasks to queue
[2024-07-06T07:58:19.408+0000] {logging_mixin.py:188} INFO - [2024-07-06T07:58:19.408+0000] {dagbag.py:545} INFO - Filling up the DagBag from /home/airflow/.local/lib/python3.12/site-packages/airflow/example_dags/example_latest_only_with_trigger.py
[2024-07-06T07:58:19.410+0000] {processor.py:840} INFO - DAG(s) 'latest_only_with_trigger' retrieved from /home/airflow/.local/lib/python3.12/site-packages/airflow/example_dags/example_latest_only_with_trigger.py
[2024-07-06T07:58:19.417+0000] {logging_mixin.py:188} INFO - [2024-07-06T07:58:19.417+0000] {dag.py:3096} INFO - Sync 1 DAGs
[2024-07-06T07:58:19.425+0000] {logging_mixin.py:188} INFO - [2024-07-06T07:58:19.424+0000] {dag.py:3954} INFO - Setting next_dagrun for latest_only_with_trigger to 2024-07-06 00:00:00+00:00, run_after=2024-07-06 04:00:00+00:00
[2024-07-06T07:58:19.431+0000] {processor.py:183} INFO - Processing /home/airflow/.local/lib/python3.12/site-packages/airflow/example_dags/example_latest_only_with_trigger.py took 0.026 seconds
[2024-07-06T08:36:33.118+0000] {processor.py:161} INFO - Started process (PID=8700) to work on /home/airflow/.local/lib/python3.12/site-packages/airflow/example_dags/example_latest_only_with_trigger.py
[2024-07-06T08:36:33.118+0000] {processor.py:830} INFO - Processing file /home/airflow/.local/lib/python3.12/site-packages/airflow/example_dags/example_latest_only_with_trigger.py for tasks to queue
[2024-07-06T08:36:33.119+0000] {logging_mixin.py:188} INFO - [2024-07-06T08:36:33.119+0000] {dagbag.py:545} INFO - Filling up the DagBag from /home/airflow/.local/lib/python3.12/site-packages/airflow/example_dags/example_latest_only_with_trigger.py
[2024-07-06T08:36:33.121+0000] {processor.py:840} INFO - DAG(s) 'latest_only_with_trigger' retrieved from /home/airflow/.local/lib/python3.12/site-packages/airflow/example_dags/example_latest_only_with_trigger.py
[2024-07-06T08:36:33.130+0000] {logging_mixin.py:188} INFO - [2024-07-06T08:36:33.129+0000] {dag.py:3096} INFO - Sync 1 DAGs
[2024-07-06T08:36:33.139+0000] {logging_mixin.py:188} INFO - [2024-07-06T08:36:33.139+0000] {dag.py:3954} INFO - Setting next_dagrun for latest_only_with_trigger to 2024-07-06 04:00:00+00:00, run_after=2024-07-06 08:00:00+00:00
[2024-07-06T08:36:33.150+0000] {processor.py:183} INFO - Processing /home/airflow/.local/lib/python3.12/site-packages/airflow/example_dags/example_latest_only_with_trigger.py took 0.035 seconds
[2024-07-06T09:11:23.290+0000] {processor.py:161} INFO - Started process (PID=8758) to work on /home/airflow/.local/lib/python3.12/site-packages/airflow/example_dags/example_latest_only_with_trigger.py
[2024-07-06T09:11:23.290+0000] {processor.py:830} INFO - Processing file /home/airflow/.local/lib/python3.12/site-packages/airflow/example_dags/example_latest_only_with_trigger.py for tasks to queue
[2024-07-06T09:11:23.291+0000] {logging_mixin.py:188} INFO - [2024-07-06T09:11:23.291+0000] {dagbag.py:545} INFO - Filling up the DagBag from /home/airflow/.local/lib/python3.12/site-packages/airflow/example_dags/example_latest_only_with_trigger.py
[2024-07-06T09:11:23.293+0000] {processor.py:840} INFO - DAG(s) 'latest_only_with_trigger' retrieved from /home/airflow/.local/lib/python3.12/site-packages/airflow/example_dags/example_latest_only_with_trigger.py
[2024-07-06T09:11:23.302+0000] {logging_mixin.py:188} INFO - [2024-07-06T09:11:23.302+0000] {dag.py:3096} INFO - Sync 1 DAGs
[2024-07-06T09:11:23.311+0000] {logging_mixin.py:188} INFO - [2024-07-06T09:11:23.310+0000] {dag.py:3954} INFO - Setting next_dagrun for latest_only_with_trigger to 2024-07-06 04:00:00+00:00, run_after=2024-07-06 08:00:00+00:00
[2024-07-06T09:11:23.318+0000] {processor.py:183} INFO - Processing /home/airflow/.local/lib/python3.12/site-packages/airflow/example_dags/example_latest_only_with_trigger.py took 0.030 seconds
[2024-07-06T09:54:55.750+0000] {processor.py:161} INFO - Started process (PID=8816) to work on /home/airflow/.local/lib/python3.12/site-packages/airflow/example_dags/example_latest_only_with_trigger.py
[2024-07-06T09:54:55.751+0000] {processor.py:830} INFO - Processing file /home/airflow/.local/lib/python3.12/site-packages/airflow/example_dags/example_latest_only_with_trigger.py for tasks to queue
[2024-07-06T09:54:55.752+0000] {logging_mixin.py:188} INFO - [2024-07-06T09:54:55.751+0000] {dagbag.py:545} INFO - Filling up the DagBag from /home/airflow/.local/lib/python3.12/site-packages/airflow/example_dags/example_latest_only_with_trigger.py
[2024-07-06T09:54:55.754+0000] {processor.py:840} INFO - DAG(s) 'latest_only_with_trigger' retrieved from /home/airflow/.local/lib/python3.12/site-packages/airflow/example_dags/example_latest_only_with_trigger.py
[2024-07-06T09:54:55.762+0000] {logging_mixin.py:188} INFO - [2024-07-06T09:54:55.762+0000] {dag.py:3096} INFO - Sync 1 DAGs
[2024-07-06T09:54:55.770+0000] {logging_mixin.py:188} INFO - [2024-07-06T09:54:55.770+0000] {dag.py:3954} INFO - Setting next_dagrun for latest_only_with_trigger to 2024-07-06 04:00:00+00:00, run_after=2024-07-06 08:00:00+00:00
[2024-07-06T09:54:55.777+0000] {processor.py:183} INFO - Processing /home/airflow/.local/lib/python3.12/site-packages/airflow/example_dags/example_latest_only_with_trigger.py took 0.029 seconds
[2024-07-06T10:32:29.056+0000] {processor.py:161} INFO - Started process (PID=8874) to work on /home/airflow/.local/lib/python3.12/site-packages/airflow/example_dags/example_latest_only_with_trigger.py
[2024-07-06T10:32:29.057+0000] {processor.py:830} INFO - Processing file /home/airflow/.local/lib/python3.12/site-packages/airflow/example_dags/example_latest_only_with_trigger.py for tasks to queue
[2024-07-06T10:32:29.058+0000] {logging_mixin.py:188} INFO - [2024-07-06T10:32:29.057+0000] {dagbag.py:545} INFO - Filling up the DagBag from /home/airflow/.local/lib/python3.12/site-packages/airflow/example_dags/example_latest_only_with_trigger.py
[2024-07-06T10:32:29.060+0000] {processor.py:840} INFO - DAG(s) 'latest_only_with_trigger' retrieved from /home/airflow/.local/lib/python3.12/site-packages/airflow/example_dags/example_latest_only_with_trigger.py
[2024-07-06T10:32:29.068+0000] {logging_mixin.py:188} INFO - [2024-07-06T10:32:29.068+0000] {dag.py:3096} INFO - Sync 1 DAGs
[2024-07-06T10:32:29.076+0000] {logging_mixin.py:188} INFO - [2024-07-06T10:32:29.076+0000] {dag.py:3954} INFO - Setting next_dagrun for latest_only_with_trigger to 2024-07-06 04:00:00+00:00, run_after=2024-07-06 08:00:00+00:00
[2024-07-06T10:32:29.083+0000] {processor.py:183} INFO - Processing /home/airflow/.local/lib/python3.12/site-packages/airflow/example_dags/example_latest_only_with_trigger.py took 0.029 seconds
[2024-07-06T11:31:01.217+0000] {processor.py:161} INFO - Started process (PID=8938) to work on /home/airflow/.local/lib/python3.12/site-packages/airflow/example_dags/example_latest_only_with_trigger.py
[2024-07-06T11:31:01.218+0000] {processor.py:830} INFO - Processing file /home/airflow/.local/lib/python3.12/site-packages/airflow/example_dags/example_latest_only_with_trigger.py for tasks to queue
[2024-07-06T11:31:01.219+0000] {logging_mixin.py:188} INFO - [2024-07-06T11:31:01.218+0000] {dagbag.py:545} INFO - Filling up the DagBag from /home/airflow/.local/lib/python3.12/site-packages/airflow/example_dags/example_latest_only_with_trigger.py
[2024-07-06T11:31:01.221+0000] {processor.py:840} INFO - DAG(s) 'latest_only_with_trigger' retrieved from /home/airflow/.local/lib/python3.12/site-packages/airflow/example_dags/example_latest_only_with_trigger.py
[2024-07-06T11:31:01.230+0000] {logging_mixin.py:188} INFO - [2024-07-06T11:31:01.230+0000] {dag.py:3096} INFO - Sync 1 DAGs
[2024-07-06T11:31:01.241+0000] {logging_mixin.py:188} INFO - [2024-07-06T11:31:01.241+0000] {dag.py:3954} INFO - Setting next_dagrun for latest_only_with_trigger to 2024-07-06 04:00:00+00:00, run_after=2024-07-06 08:00:00+00:00
[2024-07-06T11:31:01.248+0000] {processor.py:183} INFO - Processing /home/airflow/.local/lib/python3.12/site-packages/airflow/example_dags/example_latest_only_with_trigger.py took 0.033 seconds
[2024-07-06T12:31:30.932+0000] {processor.py:161} INFO - Started process (PID=8990) to work on /home/airflow/.local/lib/python3.12/site-packages/airflow/example_dags/example_latest_only_with_trigger.py
[2024-07-06T12:31:30.932+0000] {processor.py:830} INFO - Processing file /home/airflow/.local/lib/python3.12/site-packages/airflow/example_dags/example_latest_only_with_trigger.py for tasks to queue
[2024-07-06T12:31:30.933+0000] {logging_mixin.py:188} INFO - [2024-07-06T12:31:30.933+0000] {dagbag.py:545} INFO - Filling up the DagBag from /home/airflow/.local/lib/python3.12/site-packages/airflow/example_dags/example_latest_only_with_trigger.py
[2024-07-06T12:31:30.935+0000] {processor.py:840} INFO - DAG(s) 'latest_only_with_trigger' retrieved from /home/airflow/.local/lib/python3.12/site-packages/airflow/example_dags/example_latest_only_with_trigger.py
[2024-07-06T12:31:30.944+0000] {logging_mixin.py:188} INFO - [2024-07-06T12:31:30.944+0000] {dag.py:3096} INFO - Sync 1 DAGs
[2024-07-06T12:31:30.952+0000] {logging_mixin.py:188} INFO - [2024-07-06T12:31:30.952+0000] {dag.py:3954} INFO - Setting next_dagrun for latest_only_with_trigger to 2024-07-06 08:00:00+00:00, run_after=2024-07-06 12:00:00+00:00
[2024-07-06T12:31:30.959+0000] {processor.py:183} INFO - Processing /home/airflow/.local/lib/python3.12/site-packages/airflow/example_dags/example_latest_only_with_trigger.py took 0.030 seconds
[2024-07-06T13:31:19.929+0000] {processor.py:161} INFO - Started process (PID=9048) to work on /home/airflow/.local/lib/python3.12/site-packages/airflow/example_dags/example_latest_only_with_trigger.py
[2024-07-06T13:31:19.929+0000] {processor.py:830} INFO - Processing file /home/airflow/.local/lib/python3.12/site-packages/airflow/example_dags/example_latest_only_with_trigger.py for tasks to queue
[2024-07-06T13:31:19.930+0000] {logging_mixin.py:188} INFO - [2024-07-06T13:31:19.930+0000] {dagbag.py:545} INFO - Filling up the DagBag from /home/airflow/.local/lib/python3.12/site-packages/airflow/example_dags/example_latest_only_with_trigger.py
[2024-07-06T13:31:19.932+0000] {processor.py:840} INFO - DAG(s) 'latest_only_with_trigger' retrieved from /home/airflow/.local/lib/python3.12/site-packages/airflow/example_dags/example_latest_only_with_trigger.py
[2024-07-06T13:31:19.941+0000] {logging_mixin.py:188} INFO - [2024-07-06T13:31:19.941+0000] {dag.py:3096} INFO - Sync 1 DAGs
[2024-07-06T13:31:19.949+0000] {logging_mixin.py:188} INFO - [2024-07-06T13:31:19.949+0000] {dag.py:3954} INFO - Setting next_dagrun for latest_only_with_trigger to 2024-07-06 08:00:00+00:00, run_after=2024-07-06 12:00:00+00:00
[2024-07-06T13:31:19.955+0000] {processor.py:183} INFO - Processing /home/airflow/.local/lib/python3.12/site-packages/airflow/example_dags/example_latest_only_with_trigger.py took 0.029 seconds
[2024-07-06T13:36:56.544+0000] {processor.py:161} INFO - Started process (PID=9106) to work on /home/airflow/.local/lib/python3.12/site-packages/airflow/example_dags/example_latest_only_with_trigger.py
[2024-07-06T13:36:56.544+0000] {processor.py:830} INFO - Processing file /home/airflow/.local/lib/python3.12/site-packages/airflow/example_dags/example_latest_only_with_trigger.py for tasks to queue
[2024-07-06T13:36:56.545+0000] {logging_mixin.py:188} INFO - [2024-07-06T13:36:56.545+0000] {dagbag.py:545} INFO - Filling up the DagBag from /home/airflow/.local/lib/python3.12/site-packages/airflow/example_dags/example_latest_only_with_trigger.py
[2024-07-06T13:36:56.548+0000] {processor.py:840} INFO - DAG(s) 'latest_only_with_trigger' retrieved from /home/airflow/.local/lib/python3.12/site-packages/airflow/example_dags/example_latest_only_with_trigger.py
[2024-07-06T13:36:56.556+0000] {logging_mixin.py:188} INFO - [2024-07-06T13:36:56.556+0000] {dag.py:3096} INFO - Sync 1 DAGs
[2024-07-06T13:36:56.565+0000] {logging_mixin.py:188} INFO - [2024-07-06T13:36:56.565+0000] {dag.py:3954} INFO - Setting next_dagrun for latest_only_with_trigger to 2024-07-06 08:00:00+00:00, run_after=2024-07-06 12:00:00+00:00
[2024-07-06T13:36:56.574+0000] {processor.py:183} INFO - Processing /home/airflow/.local/lib/python3.12/site-packages/airflow/example_dags/example_latest_only_with_trigger.py took 0.032 seconds
[2024-07-06T14:16:20.989+0000] {processor.py:161} INFO - Started process (PID=9164) to work on /home/airflow/.local/lib/python3.12/site-packages/airflow/example_dags/example_latest_only_with_trigger.py
[2024-07-06T14:16:20.989+0000] {processor.py:830} INFO - Processing file /home/airflow/.local/lib/python3.12/site-packages/airflow/example_dags/example_latest_only_with_trigger.py for tasks to queue
[2024-07-06T14:16:20.990+0000] {logging_mixin.py:188} INFO - [2024-07-06T14:16:20.990+0000] {dagbag.py:545} INFO - Filling up the DagBag from /home/airflow/.local/lib/python3.12/site-packages/airflow/example_dags/example_latest_only_with_trigger.py
[2024-07-06T14:16:20.992+0000] {processor.py:840} INFO - DAG(s) 'latest_only_with_trigger' retrieved from /home/airflow/.local/lib/python3.12/site-packages/airflow/example_dags/example_latest_only_with_trigger.py
[2024-07-06T14:16:21.000+0000] {logging_mixin.py:188} INFO - [2024-07-06T14:16:21.000+0000] {dag.py:3096} INFO - Sync 1 DAGs
[2024-07-06T14:16:21.009+0000] {logging_mixin.py:188} INFO - [2024-07-06T14:16:21.009+0000] {dag.py:3954} INFO - Setting next_dagrun for latest_only_with_trigger to 2024-07-06 08:00:00+00:00, run_after=2024-07-06 12:00:00+00:00
[2024-07-06T14:16:21.015+0000] {processor.py:183} INFO - Processing /home/airflow/.local/lib/python3.12/site-packages/airflow/example_dags/example_latest_only_with_trigger.py took 0.028 seconds
[2024-07-06T14:42:10.035+0000] {processor.py:161} INFO - Started process (PID=9222) to work on /home/airflow/.local/lib/python3.12/site-packages/airflow/example_dags/example_latest_only_with_trigger.py
[2024-07-06T14:42:10.035+0000] {processor.py:830} INFO - Processing file /home/airflow/.local/lib/python3.12/site-packages/airflow/example_dags/example_latest_only_with_trigger.py for tasks to queue
[2024-07-06T14:42:10.036+0000] {logging_mixin.py:188} INFO - [2024-07-06T14:42:10.036+0000] {dagbag.py:545} INFO - Filling up the DagBag from /home/airflow/.local/lib/python3.12/site-packages/airflow/example_dags/example_latest_only_with_trigger.py
[2024-07-06T14:42:10.038+0000] {processor.py:840} INFO - DAG(s) 'latest_only_with_trigger' retrieved from /home/airflow/.local/lib/python3.12/site-packages/airflow/example_dags/example_latest_only_with_trigger.py
[2024-07-06T14:42:10.047+0000] {logging_mixin.py:188} INFO - [2024-07-06T14:42:10.047+0000] {dag.py:3096} INFO - Sync 1 DAGs
[2024-07-06T14:42:10.057+0000] {logging_mixin.py:188} INFO - [2024-07-06T14:42:10.057+0000] {dag.py:3954} INFO - Setting next_dagrun for latest_only_with_trigger to 2024-07-06 08:00:00+00:00, run_after=2024-07-06 12:00:00+00:00
[2024-07-06T14:42:10.064+0000] {processor.py:183} INFO - Processing /home/airflow/.local/lib/python3.12/site-packages/airflow/example_dags/example_latest_only_with_trigger.py took 0.031 seconds
[2024-07-06T14:42:40.755+0000] {processor.py:161} INFO - Started process (PID=9280) to work on /home/airflow/.local/lib/python3.12/site-packages/airflow/example_dags/example_latest_only_with_trigger.py
[2024-07-06T14:42:40.756+0000] {processor.py:830} INFO - Processing file /home/airflow/.local/lib/python3.12/site-packages/airflow/example_dags/example_latest_only_with_trigger.py for tasks to queue
[2024-07-06T14:42:40.757+0000] {logging_mixin.py:188} INFO - [2024-07-06T14:42:40.757+0000] {dagbag.py:545} INFO - Filling up the DagBag from /home/airflow/.local/lib/python3.12/site-packages/airflow/example_dags/example_latest_only_with_trigger.py
[2024-07-06T14:42:40.759+0000] {processor.py:840} INFO - DAG(s) 'latest_only_with_trigger' retrieved from /home/airflow/.local/lib/python3.12/site-packages/airflow/example_dags/example_latest_only_with_trigger.py
[2024-07-06T14:42:40.769+0000] {logging_mixin.py:188} INFO - [2024-07-06T14:42:40.768+0000] {dag.py:3096} INFO - Sync 1 DAGs
[2024-07-06T14:42:40.777+0000] {logging_mixin.py:188} INFO - [2024-07-06T14:42:40.777+0000] {dag.py:3954} INFO - Setting next_dagrun for latest_only_with_trigger to 2024-07-06 08:00:00+00:00, run_after=2024-07-06 12:00:00+00:00
[2024-07-06T14:42:40.785+0000] {processor.py:183} INFO - Processing /home/airflow/.local/lib/python3.12/site-packages/airflow/example_dags/example_latest_only_with_trigger.py took 0.033 seconds
[2024-07-06T14:43:11.237+0000] {processor.py:161} INFO - Started process (PID=9344) to work on /home/airflow/.local/lib/python3.12/site-packages/airflow/example_dags/example_latest_only_with_trigger.py
[2024-07-06T14:43:11.238+0000] {processor.py:830} INFO - Processing file /home/airflow/.local/lib/python3.12/site-packages/airflow/example_dags/example_latest_only_with_trigger.py for tasks to queue
[2024-07-06T14:43:11.239+0000] {logging_mixin.py:188} INFO - [2024-07-06T14:43:11.238+0000] {dagbag.py:545} INFO - Filling up the DagBag from /home/airflow/.local/lib/python3.12/site-packages/airflow/example_dags/example_latest_only_with_trigger.py
[2024-07-06T14:43:11.241+0000] {processor.py:840} INFO - DAG(s) 'latest_only_with_trigger' retrieved from /home/airflow/.local/lib/python3.12/site-packages/airflow/example_dags/example_latest_only_with_trigger.py
[2024-07-06T14:43:11.250+0000] {logging_mixin.py:188} INFO - [2024-07-06T14:43:11.250+0000] {dag.py:3096} INFO - Sync 1 DAGs
[2024-07-06T14:43:11.259+0000] {logging_mixin.py:188} INFO - [2024-07-06T14:43:11.259+0000] {dag.py:3954} INFO - Setting next_dagrun for latest_only_with_trigger to 2024-07-06 08:00:00+00:00, run_after=2024-07-06 12:00:00+00:00
[2024-07-06T14:43:11.266+0000] {processor.py:183} INFO - Processing /home/airflow/.local/lib/python3.12/site-packages/airflow/example_dags/example_latest_only_with_trigger.py took 0.031 seconds
[2024-07-06T14:43:41.631+0000] {processor.py:161} INFO - Started process (PID=9402) to work on /home/airflow/.local/lib/python3.12/site-packages/airflow/example_dags/example_latest_only_with_trigger.py
[2024-07-06T14:43:41.631+0000] {processor.py:830} INFO - Processing file /home/airflow/.local/lib/python3.12/site-packages/airflow/example_dags/example_latest_only_with_trigger.py for tasks to queue
[2024-07-06T14:43:41.632+0000] {logging_mixin.py:188} INFO - [2024-07-06T14:43:41.632+0000] {dagbag.py:545} INFO - Filling up the DagBag from /home/airflow/.local/lib/python3.12/site-packages/airflow/example_dags/example_latest_only_with_trigger.py
[2024-07-06T14:43:41.634+0000] {processor.py:840} INFO - DAG(s) 'latest_only_with_trigger' retrieved from /home/airflow/.local/lib/python3.12/site-packages/airflow/example_dags/example_latest_only_with_trigger.py
[2024-07-06T14:43:41.642+0000] {logging_mixin.py:188} INFO - [2024-07-06T14:43:41.642+0000] {dag.py:3096} INFO - Sync 1 DAGs
[2024-07-06T14:43:41.650+0000] {logging_mixin.py:188} INFO - [2024-07-06T14:43:41.650+0000] {dag.py:3954} INFO - Setting next_dagrun for latest_only_with_trigger to 2024-07-06 08:00:00+00:00, run_after=2024-07-06 12:00:00+00:00
[2024-07-06T14:43:41.656+0000] {processor.py:183} INFO - Processing /home/airflow/.local/lib/python3.12/site-packages/airflow/example_dags/example_latest_only_with_trigger.py took 0.028 seconds
[2024-07-06T14:44:12.014+0000] {processor.py:161} INFO - Started process (PID=9460) to work on /home/airflow/.local/lib/python3.12/site-packages/airflow/example_dags/example_latest_only_with_trigger.py
[2024-07-06T14:44:12.015+0000] {processor.py:830} INFO - Processing file /home/airflow/.local/lib/python3.12/site-packages/airflow/example_dags/example_latest_only_with_trigger.py for tasks to queue
[2024-07-06T14:44:12.015+0000] {logging_mixin.py:188} INFO - [2024-07-06T14:44:12.015+0000] {dagbag.py:545} INFO - Filling up the DagBag from /home/airflow/.local/lib/python3.12/site-packages/airflow/example_dags/example_latest_only_with_trigger.py
[2024-07-06T14:44:12.017+0000] {processor.py:840} INFO - DAG(s) 'latest_only_with_trigger' retrieved from /home/airflow/.local/lib/python3.12/site-packages/airflow/example_dags/example_latest_only_with_trigger.py
[2024-07-06T14:44:12.025+0000] {logging_mixin.py:188} INFO - [2024-07-06T14:44:12.025+0000] {dag.py:3096} INFO - Sync 1 DAGs
[2024-07-06T14:44:12.033+0000] {logging_mixin.py:188} INFO - [2024-07-06T14:44:12.033+0000] {dag.py:3954} INFO - Setting next_dagrun for latest_only_with_trigger to 2024-07-06 08:00:00+00:00, run_after=2024-07-06 12:00:00+00:00
[2024-07-06T14:44:12.039+0000] {processor.py:183} INFO - Processing /home/airflow/.local/lib/python3.12/site-packages/airflow/example_dags/example_latest_only_with_trigger.py took 0.026 seconds
[2024-07-06T14:44:42.338+0000] {processor.py:161} INFO - Started process (PID=9518) to work on /home/airflow/.local/lib/python3.12/site-packages/airflow/example_dags/example_latest_only_with_trigger.py
[2024-07-06T14:44:42.339+0000] {processor.py:830} INFO - Processing file /home/airflow/.local/lib/python3.12/site-packages/airflow/example_dags/example_latest_only_with_trigger.py for tasks to queue
[2024-07-06T14:44:42.340+0000] {logging_mixin.py:188} INFO - [2024-07-06T14:44:42.339+0000] {dagbag.py:545} INFO - Filling up the DagBag from /home/airflow/.local/lib/python3.12/site-packages/airflow/example_dags/example_latest_only_with_trigger.py
[2024-07-06T14:44:42.342+0000] {processor.py:840} INFO - DAG(s) 'latest_only_with_trigger' retrieved from /home/airflow/.local/lib/python3.12/site-packages/airflow/example_dags/example_latest_only_with_trigger.py
[2024-07-06T14:44:42.351+0000] {logging_mixin.py:188} INFO - [2024-07-06T14:44:42.350+0000] {dag.py:3096} INFO - Sync 1 DAGs
[2024-07-06T14:44:42.359+0000] {logging_mixin.py:188} INFO - [2024-07-06T14:44:42.359+0000] {dag.py:3954} INFO - Setting next_dagrun for latest_only_with_trigger to 2024-07-06 08:00:00+00:00, run_after=2024-07-06 12:00:00+00:00
[2024-07-06T14:44:42.366+0000] {processor.py:183} INFO - Processing /home/airflow/.local/lib/python3.12/site-packages/airflow/example_dags/example_latest_only_with_trigger.py took 0.030 seconds
[2024-07-06T14:45:12.710+0000] {processor.py:161} INFO - Started process (PID=9576) to work on /home/airflow/.local/lib/python3.12/site-packages/airflow/example_dags/example_latest_only_with_trigger.py
[2024-07-06T14:45:12.711+0000] {processor.py:830} INFO - Processing file /home/airflow/.local/lib/python3.12/site-packages/airflow/example_dags/example_latest_only_with_trigger.py for tasks to queue
[2024-07-06T14:45:12.711+0000] {logging_mixin.py:188} INFO - [2024-07-06T14:45:12.711+0000] {dagbag.py:545} INFO - Filling up the DagBag from /home/airflow/.local/lib/python3.12/site-packages/airflow/example_dags/example_latest_only_with_trigger.py
[2024-07-06T14:45:12.714+0000] {processor.py:840} INFO - DAG(s) 'latest_only_with_trigger' retrieved from /home/airflow/.local/lib/python3.12/site-packages/airflow/example_dags/example_latest_only_with_trigger.py
[2024-07-06T14:45:12.722+0000] {logging_mixin.py:188} INFO - [2024-07-06T14:45:12.722+0000] {dag.py:3096} INFO - Sync 1 DAGs
[2024-07-06T14:45:12.730+0000] {logging_mixin.py:188} INFO - [2024-07-06T14:45:12.730+0000] {dag.py:3954} INFO - Setting next_dagrun for latest_only_with_trigger to 2024-07-06 08:00:00+00:00, run_after=2024-07-06 12:00:00+00:00
[2024-07-06T14:45:12.737+0000] {processor.py:183} INFO - Processing /home/airflow/.local/lib/python3.12/site-packages/airflow/example_dags/example_latest_only_with_trigger.py took 0.029 seconds
[2024-07-06T14:45:43.230+0000] {processor.py:161} INFO - Started process (PID=9634) to work on /home/airflow/.local/lib/python3.12/site-packages/airflow/example_dags/example_latest_only_with_trigger.py
[2024-07-06T14:45:43.231+0000] {processor.py:830} INFO - Processing file /home/airflow/.local/lib/python3.12/site-packages/airflow/example_dags/example_latest_only_with_trigger.py for tasks to queue
[2024-07-06T14:45:43.231+0000] {logging_mixin.py:188} INFO - [2024-07-06T14:45:43.231+0000] {dagbag.py:545} INFO - Filling up the DagBag from /home/airflow/.local/lib/python3.12/site-packages/airflow/example_dags/example_latest_only_with_trigger.py
[2024-07-06T14:45:43.234+0000] {processor.py:840} INFO - DAG(s) 'latest_only_with_trigger' retrieved from /home/airflow/.local/lib/python3.12/site-packages/airflow/example_dags/example_latest_only_with_trigger.py
[2024-07-06T14:45:43.244+0000] {logging_mixin.py:188} INFO - [2024-07-06T14:45:43.244+0000] {dag.py:3096} INFO - Sync 1 DAGs
[2024-07-06T14:45:43.253+0000] {logging_mixin.py:188} INFO - [2024-07-06T14:45:43.253+0000] {dag.py:3954} INFO - Setting next_dagrun for latest_only_with_trigger to 2024-07-06 08:00:00+00:00, run_after=2024-07-06 12:00:00+00:00
[2024-07-06T14:45:43.260+0000] {processor.py:183} INFO - Processing /home/airflow/.local/lib/python3.12/site-packages/airflow/example_dags/example_latest_only_with_trigger.py took 0.033 seconds
[2024-07-06T14:46:13.546+0000] {processor.py:161} INFO - Started process (PID=9692) to work on /home/airflow/.local/lib/python3.12/site-packages/airflow/example_dags/example_latest_only_with_trigger.py
[2024-07-06T14:46:13.546+0000] {processor.py:830} INFO - Processing file /home/airflow/.local/lib/python3.12/site-packages/airflow/example_dags/example_latest_only_with_trigger.py for tasks to queue
[2024-07-06T14:46:13.547+0000] {logging_mixin.py:188} INFO - [2024-07-06T14:46:13.547+0000] {dagbag.py:545} INFO - Filling up the DagBag from /home/airflow/.local/lib/python3.12/site-packages/airflow/example_dags/example_latest_only_with_trigger.py
[2024-07-06T14:46:13.549+0000] {processor.py:840} INFO - DAG(s) 'latest_only_with_trigger' retrieved from /home/airflow/.local/lib/python3.12/site-packages/airflow/example_dags/example_latest_only_with_trigger.py
[2024-07-06T14:46:13.557+0000] {logging_mixin.py:188} INFO - [2024-07-06T14:46:13.557+0000] {dag.py:3096} INFO - Sync 1 DAGs
[2024-07-06T14:46:13.565+0000] {logging_mixin.py:188} INFO - [2024-07-06T14:46:13.565+0000] {dag.py:3954} INFO - Setting next_dagrun for latest_only_with_trigger to 2024-07-06 08:00:00+00:00, run_after=2024-07-06 12:00:00+00:00
[2024-07-06T14:46:13.571+0000] {processor.py:183} INFO - Processing /home/airflow/.local/lib/python3.12/site-packages/airflow/example_dags/example_latest_only_with_trigger.py took 0.028 seconds
[2024-07-06T14:46:43.879+0000] {processor.py:161} INFO - Started process (PID=9750) to work on /home/airflow/.local/lib/python3.12/site-packages/airflow/example_dags/example_latest_only_with_trigger.py
[2024-07-06T14:46:43.879+0000] {processor.py:830} INFO - Processing file /home/airflow/.local/lib/python3.12/site-packages/airflow/example_dags/example_latest_only_with_trigger.py for tasks to queue
[2024-07-06T14:46:43.880+0000] {logging_mixin.py:188} INFO - [2024-07-06T14:46:43.880+0000] {dagbag.py:545} INFO - Filling up the DagBag from /home/airflow/.local/lib/python3.12/site-packages/airflow/example_dags/example_latest_only_with_trigger.py
[2024-07-06T14:46:43.882+0000] {processor.py:840} INFO - DAG(s) 'latest_only_with_trigger' retrieved from /home/airflow/.local/lib/python3.12/site-packages/airflow/example_dags/example_latest_only_with_trigger.py
[2024-07-06T14:46:43.890+0000] {logging_mixin.py:188} INFO - [2024-07-06T14:46:43.890+0000] {dag.py:3096} INFO - Sync 1 DAGs
[2024-07-06T14:46:43.898+0000] {logging_mixin.py:188} INFO - [2024-07-06T14:46:43.898+0000] {dag.py:3954} INFO - Setting next_dagrun for latest_only_with_trigger to 2024-07-06 08:00:00+00:00, run_after=2024-07-06 12:00:00+00:00
[2024-07-06T14:46:43.904+0000] {processor.py:183} INFO - Processing /home/airflow/.local/lib/python3.12/site-packages/airflow/example_dags/example_latest_only_with_trigger.py took 0.027 seconds
[2024-07-06T14:47:14.221+0000] {processor.py:161} INFO - Started process (PID=9808) to work on /home/airflow/.local/lib/python3.12/site-packages/airflow/example_dags/example_latest_only_with_trigger.py
[2024-07-06T14:47:14.221+0000] {processor.py:830} INFO - Processing file /home/airflow/.local/lib/python3.12/site-packages/airflow/example_dags/example_latest_only_with_trigger.py for tasks to queue
[2024-07-06T14:47:14.222+0000] {logging_mixin.py:188} INFO - [2024-07-06T14:47:14.222+0000] {dagbag.py:545} INFO - Filling up the DagBag from /home/airflow/.local/lib/python3.12/site-packages/airflow/example_dags/example_latest_only_with_trigger.py
[2024-07-06T14:47:14.224+0000] {processor.py:840} INFO - DAG(s) 'latest_only_with_trigger' retrieved from /home/airflow/.local/lib/python3.12/site-packages/airflow/example_dags/example_latest_only_with_trigger.py
[2024-07-06T14:47:14.232+0000] {logging_mixin.py:188} INFO - [2024-07-06T14:47:14.232+0000] {dag.py:3096} INFO - Sync 1 DAGs
[2024-07-06T14:47:14.239+0000] {logging_mixin.py:188} INFO - [2024-07-06T14:47:14.239+0000] {dag.py:3954} INFO - Setting next_dagrun for latest_only_with_trigger to 2024-07-06 08:00:00+00:00, run_after=2024-07-06 12:00:00+00:00
[2024-07-06T14:47:14.245+0000] {processor.py:183} INFO - Processing /home/airflow/.local/lib/python3.12/site-packages/airflow/example_dags/example_latest_only_with_trigger.py took 0.027 seconds
[2024-07-06T14:47:44.515+0000] {processor.py:161} INFO - Started process (PID=9866) to work on /home/airflow/.local/lib/python3.12/site-packages/airflow/example_dags/example_latest_only_with_trigger.py
[2024-07-06T14:47:44.515+0000] {processor.py:830} INFO - Processing file /home/airflow/.local/lib/python3.12/site-packages/airflow/example_dags/example_latest_only_with_trigger.py for tasks to queue
[2024-07-06T14:47:44.516+0000] {logging_mixin.py:188} INFO - [2024-07-06T14:47:44.516+0000] {dagbag.py:545} INFO - Filling up the DagBag from /home/airflow/.local/lib/python3.12/site-packages/airflow/example_dags/example_latest_only_with_trigger.py
[2024-07-06T14:47:44.518+0000] {processor.py:840} INFO - DAG(s) 'latest_only_with_trigger' retrieved from /home/airflow/.local/lib/python3.12/site-packages/airflow/example_dags/example_latest_only_with_trigger.py
[2024-07-06T14:47:44.526+0000] {logging_mixin.py:188} INFO - [2024-07-06T14:47:44.526+0000] {dag.py:3096} INFO - Sync 1 DAGs
[2024-07-06T14:47:44.533+0000] {logging_mixin.py:188} INFO - [2024-07-06T14:47:44.533+0000] {dag.py:3954} INFO - Setting next_dagrun for latest_only_with_trigger to 2024-07-06 08:00:00+00:00, run_after=2024-07-06 12:00:00+00:00
[2024-07-06T14:47:44.539+0000] {processor.py:183} INFO - Processing /home/airflow/.local/lib/python3.12/site-packages/airflow/example_dags/example_latest_only_with_trigger.py took 0.027 seconds
[2024-07-06T14:48:14.941+0000] {processor.py:161} INFO - Started process (PID=9924) to work on /home/airflow/.local/lib/python3.12/site-packages/airflow/example_dags/example_latest_only_with_trigger.py
[2024-07-06T14:48:14.942+0000] {processor.py:830} INFO - Processing file /home/airflow/.local/lib/python3.12/site-packages/airflow/example_dags/example_latest_only_with_trigger.py for tasks to queue
[2024-07-06T14:48:14.942+0000] {logging_mixin.py:188} INFO - [2024-07-06T14:48:14.942+0000] {dagbag.py:545} INFO - Filling up the DagBag from /home/airflow/.local/lib/python3.12/site-packages/airflow/example_dags/example_latest_only_with_trigger.py
[2024-07-06T14:48:14.945+0000] {processor.py:840} INFO - DAG(s) 'latest_only_with_trigger' retrieved from /home/airflow/.local/lib/python3.12/site-packages/airflow/example_dags/example_latest_only_with_trigger.py
[2024-07-06T14:48:14.953+0000] {logging_mixin.py:188} INFO - [2024-07-06T14:48:14.953+0000] {dag.py:3096} INFO - Sync 1 DAGs
[2024-07-06T14:48:14.961+0000] {logging_mixin.py:188} INFO - [2024-07-06T14:48:14.961+0000] {dag.py:3954} INFO - Setting next_dagrun for latest_only_with_trigger to 2024-07-06 08:00:00+00:00, run_after=2024-07-06 12:00:00+00:00
[2024-07-06T14:48:14.967+0000] {processor.py:183} INFO - Processing /home/airflow/.local/lib/python3.12/site-packages/airflow/example_dags/example_latest_only_with_trigger.py took 0.028 seconds
[2024-07-06T14:48:45.336+0000] {processor.py:161} INFO - Started process (PID=9982) to work on /home/airflow/.local/lib/python3.12/site-packages/airflow/example_dags/example_latest_only_with_trigger.py
[2024-07-06T14:48:45.336+0000] {processor.py:830} INFO - Processing file /home/airflow/.local/lib/python3.12/site-packages/airflow/example_dags/example_latest_only_with_trigger.py for tasks to queue
[2024-07-06T14:48:45.337+0000] {logging_mixin.py:188} INFO - [2024-07-06T14:48:45.337+0000] {dagbag.py:545} INFO - Filling up the DagBag from /home/airflow/.local/lib/python3.12/site-packages/airflow/example_dags/example_latest_only_with_trigger.py
[2024-07-06T14:48:45.340+0000] {processor.py:840} INFO - DAG(s) 'latest_only_with_trigger' retrieved from /home/airflow/.local/lib/python3.12/site-packages/airflow/example_dags/example_latest_only_with_trigger.py
[2024-07-06T14:48:45.348+0000] {logging_mixin.py:188} INFO - [2024-07-06T14:48:45.347+0000] {dag.py:3096} INFO - Sync 1 DAGs
[2024-07-06T14:48:45.356+0000] {logging_mixin.py:188} INFO - [2024-07-06T14:48:45.355+0000] {dag.py:3954} INFO - Setting next_dagrun for latest_only_with_trigger to 2024-07-06 08:00:00+00:00, run_after=2024-07-06 12:00:00+00:00
[2024-07-06T14:48:45.362+0000] {processor.py:183} INFO - Processing /home/airflow/.local/lib/python3.12/site-packages/airflow/example_dags/example_latest_only_with_trigger.py took 0.028 seconds
[2024-07-06T14:49:15.623+0000] {processor.py:161} INFO - Started process (PID=10040) to work on /home/airflow/.local/lib/python3.12/site-packages/airflow/example_dags/example_latest_only_with_trigger.py
[2024-07-06T14:49:15.623+0000] {processor.py:830} INFO - Processing file /home/airflow/.local/lib/python3.12/site-packages/airflow/example_dags/example_latest_only_with_trigger.py for tasks to queue
[2024-07-06T14:49:15.624+0000] {logging_mixin.py:188} INFO - [2024-07-06T14:49:15.624+0000] {dagbag.py:545} INFO - Filling up the DagBag from /home/airflow/.local/lib/python3.12/site-packages/airflow/example_dags/example_latest_only_with_trigger.py
[2024-07-06T14:49:15.626+0000] {processor.py:840} INFO - DAG(s) 'latest_only_with_trigger' retrieved from /home/airflow/.local/lib/python3.12/site-packages/airflow/example_dags/example_latest_only_with_trigger.py
[2024-07-06T14:49:15.634+0000] {logging_mixin.py:188} INFO - [2024-07-06T14:49:15.634+0000] {dag.py:3096} INFO - Sync 1 DAGs
[2024-07-06T14:49:15.643+0000] {logging_mixin.py:188} INFO - [2024-07-06T14:49:15.642+0000] {dag.py:3954} INFO - Setting next_dagrun for latest_only_with_trigger to 2024-07-06 08:00:00+00:00, run_after=2024-07-06 12:00:00+00:00
[2024-07-06T14:49:15.649+0000] {processor.py:183} INFO - Processing /home/airflow/.local/lib/python3.12/site-packages/airflow/example_dags/example_latest_only_with_trigger.py took 0.028 seconds
[2024-07-06T14:49:46.077+0000] {processor.py:161} INFO - Started process (PID=10098) to work on /home/airflow/.local/lib/python3.12/site-packages/airflow/example_dags/example_latest_only_with_trigger.py
[2024-07-06T14:49:46.077+0000] {processor.py:830} INFO - Processing file /home/airflow/.local/lib/python3.12/site-packages/airflow/example_dags/example_latest_only_with_trigger.py for tasks to queue
[2024-07-06T14:49:46.078+0000] {logging_mixin.py:188} INFO - [2024-07-06T14:49:46.078+0000] {dagbag.py:545} INFO - Filling up the DagBag from /home/airflow/.local/lib/python3.12/site-packages/airflow/example_dags/example_latest_only_with_trigger.py
[2024-07-06T14:49:46.080+0000] {processor.py:840} INFO - DAG(s) 'latest_only_with_trigger' retrieved from /home/airflow/.local/lib/python3.12/site-packages/airflow/example_dags/example_latest_only_with_trigger.py
[2024-07-06T14:49:46.088+0000] {logging_mixin.py:188} INFO - [2024-07-06T14:49:46.088+0000] {dag.py:3096} INFO - Sync 1 DAGs
[2024-07-06T14:49:46.096+0000] {logging_mixin.py:188} INFO - [2024-07-06T14:49:46.096+0000] {dag.py:3954} INFO - Setting next_dagrun for latest_only_with_trigger to 2024-07-06 08:00:00+00:00, run_after=2024-07-06 12:00:00+00:00
[2024-07-06T14:49:46.102+0000] {processor.py:183} INFO - Processing /home/airflow/.local/lib/python3.12/site-packages/airflow/example_dags/example_latest_only_with_trigger.py took 0.027 seconds
[2024-07-06T14:50:16.405+0000] {processor.py:161} INFO - Started process (PID=10156) to work on /home/airflow/.local/lib/python3.12/site-packages/airflow/example_dags/example_latest_only_with_trigger.py
[2024-07-06T14:50:16.406+0000] {processor.py:830} INFO - Processing file /home/airflow/.local/lib/python3.12/site-packages/airflow/example_dags/example_latest_only_with_trigger.py for tasks to queue
[2024-07-06T14:50:16.406+0000] {logging_mixin.py:188} INFO - [2024-07-06T14:50:16.406+0000] {dagbag.py:545} INFO - Filling up the DagBag from /home/airflow/.local/lib/python3.12/site-packages/airflow/example_dags/example_latest_only_with_trigger.py
[2024-07-06T14:50:16.409+0000] {processor.py:840} INFO - DAG(s) 'latest_only_with_trigger' retrieved from /home/airflow/.local/lib/python3.12/site-packages/airflow/example_dags/example_latest_only_with_trigger.py
[2024-07-06T14:50:16.416+0000] {logging_mixin.py:188} INFO - [2024-07-06T14:50:16.416+0000] {dag.py:3096} INFO - Sync 1 DAGs
[2024-07-06T14:50:16.423+0000] {logging_mixin.py:188} INFO - [2024-07-06T14:50:16.423+0000] {dag.py:3954} INFO - Setting next_dagrun for latest_only_with_trigger to 2024-07-06 08:00:00+00:00, run_after=2024-07-06 12:00:00+00:00
[2024-07-06T14:50:16.429+0000] {processor.py:183} INFO - Processing /home/airflow/.local/lib/python3.12/site-packages/airflow/example_dags/example_latest_only_with_trigger.py took 0.026 seconds
[2024-07-06T14:50:46.766+0000] {processor.py:161} INFO - Started process (PID=10214) to work on /home/airflow/.local/lib/python3.12/site-packages/airflow/example_dags/example_latest_only_with_trigger.py
[2024-07-06T14:50:46.767+0000] {processor.py:830} INFO - Processing file /home/airflow/.local/lib/python3.12/site-packages/airflow/example_dags/example_latest_only_with_trigger.py for tasks to queue
[2024-07-06T14:50:46.767+0000] {logging_mixin.py:188} INFO - [2024-07-06T14:50:46.767+0000] {dagbag.py:545} INFO - Filling up the DagBag from /home/airflow/.local/lib/python3.12/site-packages/airflow/example_dags/example_latest_only_with_trigger.py
[2024-07-06T14:50:46.770+0000] {processor.py:840} INFO - DAG(s) 'latest_only_with_trigger' retrieved from /home/airflow/.local/lib/python3.12/site-packages/airflow/example_dags/example_latest_only_with_trigger.py
[2024-07-06T14:50:46.777+0000] {logging_mixin.py:188} INFO - [2024-07-06T14:50:46.777+0000] {dag.py:3096} INFO - Sync 1 DAGs
[2024-07-06T14:50:46.785+0000] {logging_mixin.py:188} INFO - [2024-07-06T14:50:46.785+0000] {dag.py:3954} INFO - Setting next_dagrun for latest_only_with_trigger to 2024-07-06 08:00:00+00:00, run_after=2024-07-06 12:00:00+00:00
[2024-07-06T14:50:46.791+0000] {processor.py:183} INFO - Processing /home/airflow/.local/lib/python3.12/site-packages/airflow/example_dags/example_latest_only_with_trigger.py took 0.026 seconds
[2024-07-06T14:51:17.096+0000] {processor.py:161} INFO - Started process (PID=10272) to work on /home/airflow/.local/lib/python3.12/site-packages/airflow/example_dags/example_latest_only_with_trigger.py
[2024-07-06T14:51:17.097+0000] {processor.py:830} INFO - Processing file /home/airflow/.local/lib/python3.12/site-packages/airflow/example_dags/example_latest_only_with_trigger.py for tasks to queue
[2024-07-06T14:51:17.097+0000] {logging_mixin.py:188} INFO - [2024-07-06T14:51:17.097+0000] {dagbag.py:545} INFO - Filling up the DagBag from /home/airflow/.local/lib/python3.12/site-packages/airflow/example_dags/example_latest_only_with_trigger.py
[2024-07-06T14:51:17.100+0000] {processor.py:840} INFO - DAG(s) 'latest_only_with_trigger' retrieved from /home/airflow/.local/lib/python3.12/site-packages/airflow/example_dags/example_latest_only_with_trigger.py
[2024-07-06T14:51:17.108+0000] {logging_mixin.py:188} INFO - [2024-07-06T14:51:17.108+0000] {dag.py:3096} INFO - Sync 1 DAGs
[2024-07-06T14:51:17.116+0000] {logging_mixin.py:188} INFO - [2024-07-06T14:51:17.116+0000] {dag.py:3954} INFO - Setting next_dagrun for latest_only_with_trigger to 2024-07-06 08:00:00+00:00, run_after=2024-07-06 12:00:00+00:00
[2024-07-06T14:51:17.123+0000] {processor.py:183} INFO - Processing /home/airflow/.local/lib/python3.12/site-packages/airflow/example_dags/example_latest_only_with_trigger.py took 0.029 seconds
[2024-07-06T14:51:47.534+0000] {processor.py:161} INFO - Started process (PID=10330) to work on /home/airflow/.local/lib/python3.12/site-packages/airflow/example_dags/example_latest_only_with_trigger.py
[2024-07-06T14:51:47.535+0000] {processor.py:830} INFO - Processing file /home/airflow/.local/lib/python3.12/site-packages/airflow/example_dags/example_latest_only_with_trigger.py for tasks to queue
[2024-07-06T14:51:47.535+0000] {logging_mixin.py:188} INFO - [2024-07-06T14:51:47.535+0000] {dagbag.py:545} INFO - Filling up the DagBag from /home/airflow/.local/lib/python3.12/site-packages/airflow/example_dags/example_latest_only_with_trigger.py
[2024-07-06T14:51:47.538+0000] {processor.py:840} INFO - DAG(s) 'latest_only_with_trigger' retrieved from /home/airflow/.local/lib/python3.12/site-packages/airflow/example_dags/example_latest_only_with_trigger.py
[2024-07-06T14:51:47.546+0000] {logging_mixin.py:188} INFO - [2024-07-06T14:51:47.546+0000] {dag.py:3096} INFO - Sync 1 DAGs
[2024-07-06T14:51:47.554+0000] {logging_mixin.py:188} INFO - [2024-07-06T14:51:47.554+0000] {dag.py:3954} INFO - Setting next_dagrun for latest_only_with_trigger to 2024-07-06 08:00:00+00:00, run_after=2024-07-06 12:00:00+00:00
[2024-07-06T14:51:47.561+0000] {processor.py:183} INFO - Processing /home/airflow/.local/lib/python3.12/site-packages/airflow/example_dags/example_latest_only_with_trigger.py took 0.029 seconds
[2024-07-06T14:52:17.955+0000] {processor.py:161} INFO - Started process (PID=10388) to work on /home/airflow/.local/lib/python3.12/site-packages/airflow/example_dags/example_latest_only_with_trigger.py
[2024-07-06T14:52:17.956+0000] {processor.py:830} INFO - Processing file /home/airflow/.local/lib/python3.12/site-packages/airflow/example_dags/example_latest_only_with_trigger.py for tasks to queue
[2024-07-06T14:52:17.956+0000] {logging_mixin.py:188} INFO - [2024-07-06T14:52:17.956+0000] {dagbag.py:545} INFO - Filling up the DagBag from /home/airflow/.local/lib/python3.12/site-packages/airflow/example_dags/example_latest_only_with_trigger.py
[2024-07-06T14:52:17.959+0000] {processor.py:840} INFO - DAG(s) 'latest_only_with_trigger' retrieved from /home/airflow/.local/lib/python3.12/site-packages/airflow/example_dags/example_latest_only_with_trigger.py
[2024-07-06T14:52:17.967+0000] {logging_mixin.py:188} INFO - [2024-07-06T14:52:17.967+0000] {dag.py:3096} INFO - Sync 1 DAGs
[2024-07-06T14:52:17.976+0000] {logging_mixin.py:188} INFO - [2024-07-06T14:52:17.976+0000] {dag.py:3954} INFO - Setting next_dagrun for latest_only_with_trigger to 2024-07-06 08:00:00+00:00, run_after=2024-07-06 12:00:00+00:00
[2024-07-06T14:52:17.983+0000] {processor.py:183} INFO - Processing /home/airflow/.local/lib/python3.12/site-packages/airflow/example_dags/example_latest_only_with_trigger.py took 0.031 seconds
[2024-07-06T14:52:48.303+0000] {processor.py:161} INFO - Started process (PID=10446) to work on /home/airflow/.local/lib/python3.12/site-packages/airflow/example_dags/example_latest_only_with_trigger.py
[2024-07-06T14:52:48.303+0000] {processor.py:830} INFO - Processing file /home/airflow/.local/lib/python3.12/site-packages/airflow/example_dags/example_latest_only_with_trigger.py for tasks to queue
[2024-07-06T14:52:48.304+0000] {logging_mixin.py:188} INFO - [2024-07-06T14:52:48.304+0000] {dagbag.py:545} INFO - Filling up the DagBag from /home/airflow/.local/lib/python3.12/site-packages/airflow/example_dags/example_latest_only_with_trigger.py
[2024-07-06T14:52:48.306+0000] {processor.py:840} INFO - DAG(s) 'latest_only_with_trigger' retrieved from /home/airflow/.local/lib/python3.12/site-packages/airflow/example_dags/example_latest_only_with_trigger.py
[2024-07-06T14:52:48.315+0000] {logging_mixin.py:188} INFO - [2024-07-06T14:52:48.315+0000] {dag.py:3096} INFO - Sync 1 DAGs
[2024-07-06T14:52:48.324+0000] {logging_mixin.py:188} INFO - [2024-07-06T14:52:48.323+0000] {dag.py:3954} INFO - Setting next_dagrun for latest_only_with_trigger to 2024-07-06 08:00:00+00:00, run_after=2024-07-06 12:00:00+00:00
[2024-07-06T14:52:48.331+0000] {processor.py:183} INFO - Processing /home/airflow/.local/lib/python3.12/site-packages/airflow/example_dags/example_latest_only_with_trigger.py took 0.030 seconds
[2024-07-06T14:53:18.709+0000] {processor.py:161} INFO - Started process (PID=10504) to work on /home/airflow/.local/lib/python3.12/site-packages/airflow/example_dags/example_latest_only_with_trigger.py
[2024-07-06T14:53:18.710+0000] {processor.py:830} INFO - Processing file /home/airflow/.local/lib/python3.12/site-packages/airflow/example_dags/example_latest_only_with_trigger.py for tasks to queue
[2024-07-06T14:53:18.711+0000] {logging_mixin.py:188} INFO - [2024-07-06T14:53:18.711+0000] {dagbag.py:545} INFO - Filling up the DagBag from /home/airflow/.local/lib/python3.12/site-packages/airflow/example_dags/example_latest_only_with_trigger.py
[2024-07-06T14:53:18.713+0000] {processor.py:840} INFO - DAG(s) 'latest_only_with_trigger' retrieved from /home/airflow/.local/lib/python3.12/site-packages/airflow/example_dags/example_latest_only_with_trigger.py
[2024-07-06T14:53:18.720+0000] {logging_mixin.py:188} INFO - [2024-07-06T14:53:18.720+0000] {dag.py:3096} INFO - Sync 1 DAGs
[2024-07-06T14:53:18.728+0000] {logging_mixin.py:188} INFO - [2024-07-06T14:53:18.728+0000] {dag.py:3954} INFO - Setting next_dagrun for latest_only_with_trigger to 2024-07-06 08:00:00+00:00, run_after=2024-07-06 12:00:00+00:00
[2024-07-06T14:53:18.733+0000] {processor.py:183} INFO - Processing /home/airflow/.local/lib/python3.12/site-packages/airflow/example_dags/example_latest_only_with_trigger.py took 0.026 seconds
[2024-07-06T14:53:48.998+0000] {processor.py:161} INFO - Started process (PID=10562) to work on /home/airflow/.local/lib/python3.12/site-packages/airflow/example_dags/example_latest_only_with_trigger.py
[2024-07-06T14:53:48.998+0000] {processor.py:830} INFO - Processing file /home/airflow/.local/lib/python3.12/site-packages/airflow/example_dags/example_latest_only_with_trigger.py for tasks to queue
[2024-07-06T14:53:48.999+0000] {logging_mixin.py:188} INFO - [2024-07-06T14:53:48.999+0000] {dagbag.py:545} INFO - Filling up the DagBag from /home/airflow/.local/lib/python3.12/site-packages/airflow/example_dags/example_latest_only_with_trigger.py
[2024-07-06T14:53:49.001+0000] {processor.py:840} INFO - DAG(s) 'latest_only_with_trigger' retrieved from /home/airflow/.local/lib/python3.12/site-packages/airflow/example_dags/example_latest_only_with_trigger.py
[2024-07-06T14:53:49.009+0000] {logging_mixin.py:188} INFO - [2024-07-06T14:53:49.009+0000] {dag.py:3096} INFO - Sync 1 DAGs
[2024-07-06T14:53:49.016+0000] {logging_mixin.py:188} INFO - [2024-07-06T14:53:49.016+0000] {dag.py:3954} INFO - Setting next_dagrun for latest_only_with_trigger to 2024-07-06 08:00:00+00:00, run_after=2024-07-06 12:00:00+00:00
[2024-07-06T14:53:49.021+0000] {processor.py:183} INFO - Processing /home/airflow/.local/lib/python3.12/site-packages/airflow/example_dags/example_latest_only_with_trigger.py took 0.026 seconds
[2024-07-06T14:54:19.305+0000] {processor.py:161} INFO - Started process (PID=10620) to work on /home/airflow/.local/lib/python3.12/site-packages/airflow/example_dags/example_latest_only_with_trigger.py
[2024-07-06T14:54:19.305+0000] {processor.py:830} INFO - Processing file /home/airflow/.local/lib/python3.12/site-packages/airflow/example_dags/example_latest_only_with_trigger.py for tasks to queue
[2024-07-06T14:54:19.306+0000] {logging_mixin.py:188} INFO - [2024-07-06T14:54:19.306+0000] {dagbag.py:545} INFO - Filling up the DagBag from /home/airflow/.local/lib/python3.12/site-packages/airflow/example_dags/example_latest_only_with_trigger.py
[2024-07-06T14:54:19.308+0000] {processor.py:840} INFO - DAG(s) 'latest_only_with_trigger' retrieved from /home/airflow/.local/lib/python3.12/site-packages/airflow/example_dags/example_latest_only_with_trigger.py
[2024-07-06T14:54:19.316+0000] {logging_mixin.py:188} INFO - [2024-07-06T14:54:19.316+0000] {dag.py:3096} INFO - Sync 1 DAGs
[2024-07-06T14:54:19.324+0000] {logging_mixin.py:188} INFO - [2024-07-06T14:54:19.324+0000] {dag.py:3954} INFO - Setting next_dagrun for latest_only_with_trigger to 2024-07-06 08:00:00+00:00, run_after=2024-07-06 12:00:00+00:00
[2024-07-06T14:54:19.335+0000] {processor.py:183} INFO - Processing /home/airflow/.local/lib/python3.12/site-packages/airflow/example_dags/example_latest_only_with_trigger.py took 0.032 seconds
[2024-07-06T14:54:49.668+0000] {processor.py:161} INFO - Started process (PID=10677) to work on /home/airflow/.local/lib/python3.12/site-packages/airflow/example_dags/example_latest_only_with_trigger.py
[2024-07-06T14:54:49.669+0000] {processor.py:830} INFO - Processing file /home/airflow/.local/lib/python3.12/site-packages/airflow/example_dags/example_latest_only_with_trigger.py for tasks to queue
[2024-07-06T14:54:49.669+0000] {logging_mixin.py:188} INFO - [2024-07-06T14:54:49.669+0000] {dagbag.py:545} INFO - Filling up the DagBag from /home/airflow/.local/lib/python3.12/site-packages/airflow/example_dags/example_latest_only_with_trigger.py
[2024-07-06T14:54:49.672+0000] {processor.py:840} INFO - DAG(s) 'latest_only_with_trigger' retrieved from /home/airflow/.local/lib/python3.12/site-packages/airflow/example_dags/example_latest_only_with_trigger.py
[2024-07-06T14:54:49.680+0000] {logging_mixin.py:188} INFO - [2024-07-06T14:54:49.679+0000] {dag.py:3096} INFO - Sync 1 DAGs
[2024-07-06T14:54:49.688+0000] {logging_mixin.py:188} INFO - [2024-07-06T14:54:49.688+0000] {dag.py:3954} INFO - Setting next_dagrun for latest_only_with_trigger to 2024-07-06 08:00:00+00:00, run_after=2024-07-06 12:00:00+00:00
[2024-07-06T14:54:49.693+0000] {processor.py:183} INFO - Processing /home/airflow/.local/lib/python3.12/site-packages/airflow/example_dags/example_latest_only_with_trigger.py took 0.028 seconds
[2024-07-06T14:55:20.111+0000] {processor.py:161} INFO - Started process (PID=10735) to work on /home/airflow/.local/lib/python3.12/site-packages/airflow/example_dags/example_latest_only_with_trigger.py
[2024-07-06T14:55:20.111+0000] {processor.py:830} INFO - Processing file /home/airflow/.local/lib/python3.12/site-packages/airflow/example_dags/example_latest_only_with_trigger.py for tasks to queue
[2024-07-06T14:55:20.112+0000] {logging_mixin.py:188} INFO - [2024-07-06T14:55:20.112+0000] {dagbag.py:545} INFO - Filling up the DagBag from /home/airflow/.local/lib/python3.12/site-packages/airflow/example_dags/example_latest_only_with_trigger.py
[2024-07-06T14:55:20.115+0000] {processor.py:840} INFO - DAG(s) 'latest_only_with_trigger' retrieved from /home/airflow/.local/lib/python3.12/site-packages/airflow/example_dags/example_latest_only_with_trigger.py
[2024-07-06T14:55:20.123+0000] {logging_mixin.py:188} INFO - [2024-07-06T14:55:20.123+0000] {dag.py:3096} INFO - Sync 1 DAGs
[2024-07-06T14:55:20.130+0000] {logging_mixin.py:188} INFO - [2024-07-06T14:55:20.130+0000] {dag.py:3954} INFO - Setting next_dagrun for latest_only_with_trigger to 2024-07-06 08:00:00+00:00, run_after=2024-07-06 12:00:00+00:00
[2024-07-06T14:55:20.137+0000] {processor.py:183} INFO - Processing /home/airflow/.local/lib/python3.12/site-packages/airflow/example_dags/example_latest_only_with_trigger.py took 0.029 seconds
[2024-07-06T14:55:50.521+0000] {processor.py:161} INFO - Started process (PID=10793) to work on /home/airflow/.local/lib/python3.12/site-packages/airflow/example_dags/example_latest_only_with_trigger.py
[2024-07-06T14:55:50.521+0000] {processor.py:830} INFO - Processing file /home/airflow/.local/lib/python3.12/site-packages/airflow/example_dags/example_latest_only_with_trigger.py for tasks to queue
[2024-07-06T14:55:50.522+0000] {logging_mixin.py:188} INFO - [2024-07-06T14:55:50.522+0000] {dagbag.py:545} INFO - Filling up the DagBag from /home/airflow/.local/lib/python3.12/site-packages/airflow/example_dags/example_latest_only_with_trigger.py
[2024-07-06T14:55:50.525+0000] {processor.py:840} INFO - DAG(s) 'latest_only_with_trigger' retrieved from /home/airflow/.local/lib/python3.12/site-packages/airflow/example_dags/example_latest_only_with_trigger.py
[2024-07-06T14:55:50.533+0000] {logging_mixin.py:188} INFO - [2024-07-06T14:55:50.533+0000] {dag.py:3096} INFO - Sync 1 DAGs
[2024-07-06T14:55:50.541+0000] {logging_mixin.py:188} INFO - [2024-07-06T14:55:50.541+0000] {dag.py:3954} INFO - Setting next_dagrun for latest_only_with_trigger to 2024-07-06 08:00:00+00:00, run_after=2024-07-06 12:00:00+00:00
[2024-07-06T14:55:50.547+0000] {processor.py:183} INFO - Processing /home/airflow/.local/lib/python3.12/site-packages/airflow/example_dags/example_latest_only_with_trigger.py took 0.029 seconds
[2024-07-06T14:56:20.933+0000] {processor.py:161} INFO - Started process (PID=10851) to work on /home/airflow/.local/lib/python3.12/site-packages/airflow/example_dags/example_latest_only_with_trigger.py
[2024-07-06T14:56:20.934+0000] {processor.py:830} INFO - Processing file /home/airflow/.local/lib/python3.12/site-packages/airflow/example_dags/example_latest_only_with_trigger.py for tasks to queue
[2024-07-06T14:56:20.935+0000] {logging_mixin.py:188} INFO - [2024-07-06T14:56:20.935+0000] {dagbag.py:545} INFO - Filling up the DagBag from /home/airflow/.local/lib/python3.12/site-packages/airflow/example_dags/example_latest_only_with_trigger.py
[2024-07-06T14:56:20.937+0000] {processor.py:840} INFO - DAG(s) 'latest_only_with_trigger' retrieved from /home/airflow/.local/lib/python3.12/site-packages/airflow/example_dags/example_latest_only_with_trigger.py
[2024-07-06T14:56:20.946+0000] {logging_mixin.py:188} INFO - [2024-07-06T14:56:20.946+0000] {dag.py:3096} INFO - Sync 1 DAGs
[2024-07-06T14:56:20.954+0000] {logging_mixin.py:188} INFO - [2024-07-06T14:56:20.954+0000] {dag.py:3954} INFO - Setting next_dagrun for latest_only_with_trigger to 2024-07-06 08:00:00+00:00, run_after=2024-07-06 12:00:00+00:00
[2024-07-06T14:56:20.960+0000] {processor.py:183} INFO - Processing /home/airflow/.local/lib/python3.12/site-packages/airflow/example_dags/example_latest_only_with_trigger.py took 0.029 seconds
[2024-07-06T14:56:51.269+0000] {processor.py:161} INFO - Started process (PID=10909) to work on /home/airflow/.local/lib/python3.12/site-packages/airflow/example_dags/example_latest_only_with_trigger.py
[2024-07-06T14:56:51.270+0000] {processor.py:830} INFO - Processing file /home/airflow/.local/lib/python3.12/site-packages/airflow/example_dags/example_latest_only_with_trigger.py for tasks to queue
[2024-07-06T14:56:51.270+0000] {logging_mixin.py:188} INFO - [2024-07-06T14:56:51.270+0000] {dagbag.py:545} INFO - Filling up the DagBag from /home/airflow/.local/lib/python3.12/site-packages/airflow/example_dags/example_latest_only_with_trigger.py
[2024-07-06T14:56:51.273+0000] {processor.py:840} INFO - DAG(s) 'latest_only_with_trigger' retrieved from /home/airflow/.local/lib/python3.12/site-packages/airflow/example_dags/example_latest_only_with_trigger.py
[2024-07-06T14:56:51.280+0000] {logging_mixin.py:188} INFO - [2024-07-06T14:56:51.280+0000] {dag.py:3096} INFO - Sync 1 DAGs
[2024-07-06T14:56:51.288+0000] {logging_mixin.py:188} INFO - [2024-07-06T14:56:51.288+0000] {dag.py:3954} INFO - Setting next_dagrun for latest_only_with_trigger to 2024-07-06 08:00:00+00:00, run_after=2024-07-06 12:00:00+00:00
[2024-07-06T14:56:51.294+0000] {processor.py:183} INFO - Processing /home/airflow/.local/lib/python3.12/site-packages/airflow/example_dags/example_latest_only_with_trigger.py took 0.027 seconds
[2024-07-06T14:57:21.605+0000] {processor.py:161} INFO - Started process (PID=10967) to work on /home/airflow/.local/lib/python3.12/site-packages/airflow/example_dags/example_latest_only_with_trigger.py
[2024-07-06T14:57:21.606+0000] {processor.py:830} INFO - Processing file /home/airflow/.local/lib/python3.12/site-packages/airflow/example_dags/example_latest_only_with_trigger.py for tasks to queue
[2024-07-06T14:57:21.607+0000] {logging_mixin.py:188} INFO - [2024-07-06T14:57:21.606+0000] {dagbag.py:545} INFO - Filling up the DagBag from /home/airflow/.local/lib/python3.12/site-packages/airflow/example_dags/example_latest_only_with_trigger.py
[2024-07-06T14:57:21.609+0000] {processor.py:840} INFO - DAG(s) 'latest_only_with_trigger' retrieved from /home/airflow/.local/lib/python3.12/site-packages/airflow/example_dags/example_latest_only_with_trigger.py
[2024-07-06T14:57:21.617+0000] {logging_mixin.py:188} INFO - [2024-07-06T14:57:21.617+0000] {dag.py:3096} INFO - Sync 1 DAGs
[2024-07-06T14:57:21.624+0000] {logging_mixin.py:188} INFO - [2024-07-06T14:57:21.624+0000] {dag.py:3954} INFO - Setting next_dagrun for latest_only_with_trigger to 2024-07-06 08:00:00+00:00, run_after=2024-07-06 12:00:00+00:00
[2024-07-06T14:57:21.631+0000] {processor.py:183} INFO - Processing /home/airflow/.local/lib/python3.12/site-packages/airflow/example_dags/example_latest_only_with_trigger.py took 0.027 seconds
[2024-07-06T14:57:51.997+0000] {processor.py:161} INFO - Started process (PID=11025) to work on /home/airflow/.local/lib/python3.12/site-packages/airflow/example_dags/example_latest_only_with_trigger.py
[2024-07-06T14:57:51.997+0000] {processor.py:830} INFO - Processing file /home/airflow/.local/lib/python3.12/site-packages/airflow/example_dags/example_latest_only_with_trigger.py for tasks to queue
[2024-07-06T14:57:51.998+0000] {logging_mixin.py:188} INFO - [2024-07-06T14:57:51.998+0000] {dagbag.py:545} INFO - Filling up the DagBag from /home/airflow/.local/lib/python3.12/site-packages/airflow/example_dags/example_latest_only_with_trigger.py
[2024-07-06T14:57:52.000+0000] {processor.py:840} INFO - DAG(s) 'latest_only_with_trigger' retrieved from /home/airflow/.local/lib/python3.12/site-packages/airflow/example_dags/example_latest_only_with_trigger.py
[2024-07-06T14:57:52.008+0000] {logging_mixin.py:188} INFO - [2024-07-06T14:57:52.008+0000] {dag.py:3096} INFO - Sync 1 DAGs
[2024-07-06T14:57:52.016+0000] {logging_mixin.py:188} INFO - [2024-07-06T14:57:52.016+0000] {dag.py:3954} INFO - Setting next_dagrun for latest_only_with_trigger to 2024-07-06 08:00:00+00:00, run_after=2024-07-06 12:00:00+00:00
[2024-07-06T14:57:52.022+0000] {processor.py:183} INFO - Processing /home/airflow/.local/lib/python3.12/site-packages/airflow/example_dags/example_latest_only_with_trigger.py took 0.028 seconds
[2024-07-06T14:58:22.459+0000] {processor.py:161} INFO - Started process (PID=11083) to work on /home/airflow/.local/lib/python3.12/site-packages/airflow/example_dags/example_latest_only_with_trigger.py
[2024-07-06T14:58:22.459+0000] {processor.py:830} INFO - Processing file /home/airflow/.local/lib/python3.12/site-packages/airflow/example_dags/example_latest_only_with_trigger.py for tasks to queue
[2024-07-06T14:58:22.460+0000] {logging_mixin.py:188} INFO - [2024-07-06T14:58:22.460+0000] {dagbag.py:545} INFO - Filling up the DagBag from /home/airflow/.local/lib/python3.12/site-packages/airflow/example_dags/example_latest_only_with_trigger.py
[2024-07-06T14:58:22.462+0000] {processor.py:840} INFO - DAG(s) 'latest_only_with_trigger' retrieved from /home/airflow/.local/lib/python3.12/site-packages/airflow/example_dags/example_latest_only_with_trigger.py
[2024-07-06T14:58:22.469+0000] {logging_mixin.py:188} INFO - [2024-07-06T14:58:22.469+0000] {dag.py:3096} INFO - Sync 1 DAGs
[2024-07-06T14:58:22.477+0000] {logging_mixin.py:188} INFO - [2024-07-06T14:58:22.477+0000] {dag.py:3954} INFO - Setting next_dagrun for latest_only_with_trigger to 2024-07-06 08:00:00+00:00, run_after=2024-07-06 12:00:00+00:00
[2024-07-06T14:58:22.483+0000] {processor.py:183} INFO - Processing /home/airflow/.local/lib/python3.12/site-packages/airflow/example_dags/example_latest_only_with_trigger.py took 0.026 seconds
[2024-07-06T14:58:52.965+0000] {processor.py:161} INFO - Started process (PID=11141) to work on /home/airflow/.local/lib/python3.12/site-packages/airflow/example_dags/example_latest_only_with_trigger.py
[2024-07-06T14:58:52.965+0000] {processor.py:830} INFO - Processing file /home/airflow/.local/lib/python3.12/site-packages/airflow/example_dags/example_latest_only_with_trigger.py for tasks to queue
[2024-07-06T14:58:52.966+0000] {logging_mixin.py:188} INFO - [2024-07-06T14:58:52.966+0000] {dagbag.py:545} INFO - Filling up the DagBag from /home/airflow/.local/lib/python3.12/site-packages/airflow/example_dags/example_latest_only_with_trigger.py
[2024-07-06T14:58:52.969+0000] {processor.py:840} INFO - DAG(s) 'latest_only_with_trigger' retrieved from /home/airflow/.local/lib/python3.12/site-packages/airflow/example_dags/example_latest_only_with_trigger.py
[2024-07-06T14:58:52.977+0000] {logging_mixin.py:188} INFO - [2024-07-06T14:58:52.977+0000] {dag.py:3096} INFO - Sync 1 DAGs
[2024-07-06T14:58:52.985+0000] {logging_mixin.py:188} INFO - [2024-07-06T14:58:52.985+0000] {dag.py:3954} INFO - Setting next_dagrun for latest_only_with_trigger to 2024-07-06 08:00:00+00:00, run_after=2024-07-06 12:00:00+00:00
[2024-07-06T14:58:52.991+0000] {processor.py:183} INFO - Processing /home/airflow/.local/lib/python3.12/site-packages/airflow/example_dags/example_latest_only_with_trigger.py took 0.029 seconds
[2024-07-06T14:59:23.604+0000] {processor.py:161} INFO - Started process (PID=11199) to work on /home/airflow/.local/lib/python3.12/site-packages/airflow/example_dags/example_latest_only_with_trigger.py
[2024-07-06T14:59:23.605+0000] {processor.py:830} INFO - Processing file /home/airflow/.local/lib/python3.12/site-packages/airflow/example_dags/example_latest_only_with_trigger.py for tasks to queue
[2024-07-06T14:59:23.606+0000] {logging_mixin.py:188} INFO - [2024-07-06T14:59:23.606+0000] {dagbag.py:545} INFO - Filling up the DagBag from /home/airflow/.local/lib/python3.12/site-packages/airflow/example_dags/example_latest_only_with_trigger.py
[2024-07-06T14:59:23.608+0000] {processor.py:840} INFO - DAG(s) 'latest_only_with_trigger' retrieved from /home/airflow/.local/lib/python3.12/site-packages/airflow/example_dags/example_latest_only_with_trigger.py
[2024-07-06T14:59:23.616+0000] {logging_mixin.py:188} INFO - [2024-07-06T14:59:23.616+0000] {dag.py:3096} INFO - Sync 1 DAGs
[2024-07-06T14:59:23.625+0000] {logging_mixin.py:188} INFO - [2024-07-06T14:59:23.624+0000] {dag.py:3954} INFO - Setting next_dagrun for latest_only_with_trigger to 2024-07-06 08:00:00+00:00, run_after=2024-07-06 12:00:00+00:00
[2024-07-06T14:59:23.631+0000] {processor.py:183} INFO - Processing /home/airflow/.local/lib/python3.12/site-packages/airflow/example_dags/example_latest_only_with_trigger.py took 0.029 seconds
[2024-07-06T14:59:54.255+0000] {processor.py:161} INFO - Started process (PID=11257) to work on /home/airflow/.local/lib/python3.12/site-packages/airflow/example_dags/example_latest_only_with_trigger.py
[2024-07-06T14:59:54.255+0000] {processor.py:830} INFO - Processing file /home/airflow/.local/lib/python3.12/site-packages/airflow/example_dags/example_latest_only_with_trigger.py for tasks to queue
[2024-07-06T14:59:54.256+0000] {logging_mixin.py:188} INFO - [2024-07-06T14:59:54.256+0000] {dagbag.py:545} INFO - Filling up the DagBag from /home/airflow/.local/lib/python3.12/site-packages/airflow/example_dags/example_latest_only_with_trigger.py
[2024-07-06T14:59:54.259+0000] {processor.py:840} INFO - DAG(s) 'latest_only_with_trigger' retrieved from /home/airflow/.local/lib/python3.12/site-packages/airflow/example_dags/example_latest_only_with_trigger.py
[2024-07-06T14:59:54.266+0000] {logging_mixin.py:188} INFO - [2024-07-06T14:59:54.266+0000] {dag.py:3096} INFO - Sync 1 DAGs
[2024-07-06T14:59:54.274+0000] {logging_mixin.py:188} INFO - [2024-07-06T14:59:54.274+0000] {dag.py:3954} INFO - Setting next_dagrun for latest_only_with_trigger to 2024-07-06 08:00:00+00:00, run_after=2024-07-06 12:00:00+00:00
[2024-07-06T14:59:54.280+0000] {processor.py:183} INFO - Processing /home/airflow/.local/lib/python3.12/site-packages/airflow/example_dags/example_latest_only_with_trigger.py took 0.028 seconds
[2024-07-06T15:00:24.713+0000] {processor.py:161} INFO - Started process (PID=11315) to work on /home/airflow/.local/lib/python3.12/site-packages/airflow/example_dags/example_latest_only_with_trigger.py
[2024-07-06T15:00:24.715+0000] {processor.py:830} INFO - Processing file /home/airflow/.local/lib/python3.12/site-packages/airflow/example_dags/example_latest_only_with_trigger.py for tasks to queue
[2024-07-06T15:00:24.716+0000] {logging_mixin.py:188} INFO - [2024-07-06T15:00:24.716+0000] {dagbag.py:545} INFO - Filling up the DagBag from /home/airflow/.local/lib/python3.12/site-packages/airflow/example_dags/example_latest_only_with_trigger.py
[2024-07-06T15:00:24.719+0000] {processor.py:840} INFO - DAG(s) 'latest_only_with_trigger' retrieved from /home/airflow/.local/lib/python3.12/site-packages/airflow/example_dags/example_latest_only_with_trigger.py
[2024-07-06T15:00:24.727+0000] {logging_mixin.py:188} INFO - [2024-07-06T15:00:24.727+0000] {dag.py:3096} INFO - Sync 1 DAGs
[2024-07-06T15:00:24.735+0000] {logging_mixin.py:188} INFO - [2024-07-06T15:00:24.735+0000] {dag.py:3954} INFO - Setting next_dagrun for latest_only_with_trigger to 2024-07-06 08:00:00+00:00, run_after=2024-07-06 12:00:00+00:00
[2024-07-06T15:00:24.742+0000] {processor.py:183} INFO - Processing /home/airflow/.local/lib/python3.12/site-packages/airflow/example_dags/example_latest_only_with_trigger.py took 0.031 seconds
