[2024-07-06T00:02:22.582+0000] {processor.py:161} INFO - Started process (PID=8225) to work on /home/airflow/.local/lib/python3.12/site-packages/airflow/example_dags/example_nested_branch_dag.py
[2024-07-06T00:02:22.582+0000] {processor.py:830} INFO - Processing file /home/airflow/.local/lib/python3.12/site-packages/airflow/example_dags/example_nested_branch_dag.py for tasks to queue
[2024-07-06T00:02:22.583+0000] {logging_mixin.py:188} INFO - [2024-07-06T00:02:22.583+0000] {dagbag.py:545} INFO - Filling up the DagBag from /home/airflow/.local/lib/python3.12/site-packages/airflow/example_dags/example_nested_branch_dag.py
[2024-07-06T00:02:22.587+0000] {processor.py:840} INFO - DAG(s) 'example_nested_branch_dag' retrieved from /home/airflow/.local/lib/python3.12/site-packages/airflow/example_dags/example_nested_branch_dag.py
[2024-07-06T00:02:22.595+0000] {logging_mixin.py:188} INFO - [2024-07-06T00:02:22.595+0000] {dag.py:3096} INFO - Sync 1 DAGs
[2024-07-06T00:02:22.603+0000] {logging_mixin.py:188} INFO - [2024-07-06T00:02:22.603+0000] {dag.py:3954} INFO - Setting next_dagrun for example_nested_branch_dag to 2024-07-05 00:00:00+00:00, run_after=2024-07-06 00:00:00+00:00
[2024-07-06T00:02:22.610+0000] {processor.py:183} INFO - Processing /home/airflow/.local/lib/python3.12/site-packages/airflow/example_dags/example_nested_branch_dag.py took 0.030 seconds
[2024-07-06T01:03:22.924+0000] {processor.py:161} INFO - Started process (PID=8283) to work on /home/airflow/.local/lib/python3.12/site-packages/airflow/example_dags/example_nested_branch_dag.py
[2024-07-06T01:03:22.925+0000] {processor.py:830} INFO - Processing file /home/airflow/.local/lib/python3.12/site-packages/airflow/example_dags/example_nested_branch_dag.py for tasks to queue
[2024-07-06T01:03:22.926+0000] {logging_mixin.py:188} INFO - [2024-07-06T01:03:22.925+0000] {dagbag.py:545} INFO - Filling up the DagBag from /home/airflow/.local/lib/python3.12/site-packages/airflow/example_dags/example_nested_branch_dag.py
[2024-07-06T01:03:22.930+0000] {processor.py:840} INFO - DAG(s) 'example_nested_branch_dag' retrieved from /home/airflow/.local/lib/python3.12/site-packages/airflow/example_dags/example_nested_branch_dag.py
[2024-07-06T01:03:22.938+0000] {logging_mixin.py:188} INFO - [2024-07-06T01:03:22.938+0000] {dag.py:3096} INFO - Sync 1 DAGs
[2024-07-06T01:03:22.947+0000] {logging_mixin.py:188} INFO - [2024-07-06T01:03:22.947+0000] {dag.py:3954} INFO - Setting next_dagrun for example_nested_branch_dag to 2024-07-05 00:00:00+00:00, run_after=2024-07-06 00:00:00+00:00
[2024-07-06T01:03:22.953+0000] {processor.py:183} INFO - Processing /home/airflow/.local/lib/python3.12/site-packages/airflow/example_dags/example_nested_branch_dag.py took 0.031 seconds
[2024-07-06T02:04:18.465+0000] {processor.py:161} INFO - Started process (PID=8341) to work on /home/airflow/.local/lib/python3.12/site-packages/airflow/example_dags/example_nested_branch_dag.py
[2024-07-06T02:04:18.466+0000] {processor.py:830} INFO - Processing file /home/airflow/.local/lib/python3.12/site-packages/airflow/example_dags/example_nested_branch_dag.py for tasks to queue
[2024-07-06T02:04:18.467+0000] {logging_mixin.py:188} INFO - [2024-07-06T02:04:18.466+0000] {dagbag.py:545} INFO - Filling up the DagBag from /home/airflow/.local/lib/python3.12/site-packages/airflow/example_dags/example_nested_branch_dag.py
[2024-07-06T02:04:18.471+0000] {processor.py:840} INFO - DAG(s) 'example_nested_branch_dag' retrieved from /home/airflow/.local/lib/python3.12/site-packages/airflow/example_dags/example_nested_branch_dag.py
[2024-07-06T02:04:18.480+0000] {logging_mixin.py:188} INFO - [2024-07-06T02:04:18.480+0000] {dag.py:3096} INFO - Sync 1 DAGs
[2024-07-06T02:04:18.488+0000] {logging_mixin.py:188} INFO - [2024-07-06T02:04:18.488+0000] {dag.py:3954} INFO - Setting next_dagrun for example_nested_branch_dag to 2024-07-05 00:00:00+00:00, run_after=2024-07-06 00:00:00+00:00
[2024-07-06T02:04:18.495+0000] {processor.py:183} INFO - Processing /home/airflow/.local/lib/python3.12/site-packages/airflow/example_dags/example_nested_branch_dag.py took 0.033 seconds
[2024-07-06T03:05:22.549+0000] {processor.py:161} INFO - Started process (PID=8399) to work on /home/airflow/.local/lib/python3.12/site-packages/airflow/example_dags/example_nested_branch_dag.py
[2024-07-06T03:05:22.550+0000] {processor.py:830} INFO - Processing file /home/airflow/.local/lib/python3.12/site-packages/airflow/example_dags/example_nested_branch_dag.py for tasks to queue
[2024-07-06T03:05:22.551+0000] {logging_mixin.py:188} INFO - [2024-07-06T03:05:22.551+0000] {dagbag.py:545} INFO - Filling up the DagBag from /home/airflow/.local/lib/python3.12/site-packages/airflow/example_dags/example_nested_branch_dag.py
[2024-07-06T03:05:22.559+0000] {processor.py:840} INFO - DAG(s) 'example_nested_branch_dag' retrieved from /home/airflow/.local/lib/python3.12/site-packages/airflow/example_dags/example_nested_branch_dag.py
[2024-07-06T03:05:22.568+0000] {logging_mixin.py:188} INFO - [2024-07-06T03:05:22.568+0000] {dag.py:3096} INFO - Sync 1 DAGs
[2024-07-06T03:05:22.577+0000] {logging_mixin.py:188} INFO - [2024-07-06T03:05:22.577+0000] {dag.py:3954} INFO - Setting next_dagrun for example_nested_branch_dag to 2024-07-05 00:00:00+00:00, run_after=2024-07-06 00:00:00+00:00
[2024-07-06T03:05:22.583+0000] {processor.py:183} INFO - Processing /home/airflow/.local/lib/python3.12/site-packages/airflow/example_dags/example_nested_branch_dag.py took 0.037 seconds
[2024-07-06T04:24:03.801+0000] {processor.py:161} INFO - Started process (PID=8457) to work on /home/airflow/.local/lib/python3.12/site-packages/airflow/example_dags/example_nested_branch_dag.py
[2024-07-06T04:24:03.803+0000] {processor.py:830} INFO - Processing file /home/airflow/.local/lib/python3.12/site-packages/airflow/example_dags/example_nested_branch_dag.py for tasks to queue
[2024-07-06T04:24:03.804+0000] {logging_mixin.py:188} INFO - [2024-07-06T04:24:03.804+0000] {dagbag.py:545} INFO - Filling up the DagBag from /home/airflow/.local/lib/python3.12/site-packages/airflow/example_dags/example_nested_branch_dag.py
[2024-07-06T04:24:03.808+0000] {processor.py:840} INFO - DAG(s) 'example_nested_branch_dag' retrieved from /home/airflow/.local/lib/python3.12/site-packages/airflow/example_dags/example_nested_branch_dag.py
[2024-07-06T04:24:03.817+0000] {logging_mixin.py:188} INFO - [2024-07-06T04:24:03.816+0000] {dag.py:3096} INFO - Sync 1 DAGs
[2024-07-06T04:24:03.825+0000] {logging_mixin.py:188} INFO - [2024-07-06T04:24:03.825+0000] {dag.py:3954} INFO - Setting next_dagrun for example_nested_branch_dag to 2024-07-05 00:00:00+00:00, run_after=2024-07-06 00:00:00+00:00
[2024-07-06T04:24:03.832+0000] {processor.py:183} INFO - Processing /home/airflow/.local/lib/python3.12/site-packages/airflow/example_dags/example_nested_branch_dag.py took 0.033 seconds
[2024-07-06T05:41:15.330+0000] {processor.py:161} INFO - Started process (PID=8515) to work on /home/airflow/.local/lib/python3.12/site-packages/airflow/example_dags/example_nested_branch_dag.py
[2024-07-06T05:41:15.330+0000] {processor.py:830} INFO - Processing file /home/airflow/.local/lib/python3.12/site-packages/airflow/example_dags/example_nested_branch_dag.py for tasks to queue
[2024-07-06T05:41:15.331+0000] {logging_mixin.py:188} INFO - [2024-07-06T05:41:15.331+0000] {dagbag.py:545} INFO - Filling up the DagBag from /home/airflow/.local/lib/python3.12/site-packages/airflow/example_dags/example_nested_branch_dag.py
[2024-07-06T05:41:15.334+0000] {processor.py:840} INFO - DAG(s) 'example_nested_branch_dag' retrieved from /home/airflow/.local/lib/python3.12/site-packages/airflow/example_dags/example_nested_branch_dag.py
[2024-07-06T05:41:15.342+0000] {logging_mixin.py:188} INFO - [2024-07-06T05:41:15.342+0000] {dag.py:3096} INFO - Sync 1 DAGs
[2024-07-06T05:41:15.350+0000] {logging_mixin.py:188} INFO - [2024-07-06T05:41:15.350+0000] {dag.py:3954} INFO - Setting next_dagrun for example_nested_branch_dag to 2024-07-05 00:00:00+00:00, run_after=2024-07-06 00:00:00+00:00
[2024-07-06T05:41:15.356+0000] {processor.py:183} INFO - Processing /home/airflow/.local/lib/python3.12/site-packages/airflow/example_dags/example_nested_branch_dag.py took 0.028 seconds
[2024-07-06T06:57:58.799+0000] {processor.py:161} INFO - Started process (PID=8573) to work on /home/airflow/.local/lib/python3.12/site-packages/airflow/example_dags/example_nested_branch_dag.py
[2024-07-06T06:57:58.799+0000] {processor.py:830} INFO - Processing file /home/airflow/.local/lib/python3.12/site-packages/airflow/example_dags/example_nested_branch_dag.py for tasks to queue
[2024-07-06T06:57:58.800+0000] {logging_mixin.py:188} INFO - [2024-07-06T06:57:58.800+0000] {dagbag.py:545} INFO - Filling up the DagBag from /home/airflow/.local/lib/python3.12/site-packages/airflow/example_dags/example_nested_branch_dag.py
[2024-07-06T06:57:58.803+0000] {processor.py:840} INFO - DAG(s) 'example_nested_branch_dag' retrieved from /home/airflow/.local/lib/python3.12/site-packages/airflow/example_dags/example_nested_branch_dag.py
[2024-07-06T06:57:58.811+0000] {logging_mixin.py:188} INFO - [2024-07-06T06:57:58.811+0000] {dag.py:3096} INFO - Sync 1 DAGs
[2024-07-06T06:57:58.819+0000] {logging_mixin.py:188} INFO - [2024-07-06T06:57:58.819+0000] {dag.py:3954} INFO - Setting next_dagrun for example_nested_branch_dag to 2024-07-05 00:00:00+00:00, run_after=2024-07-06 00:00:00+00:00
[2024-07-06T06:57:58.825+0000] {processor.py:183} INFO - Processing /home/airflow/.local/lib/python3.12/site-packages/airflow/example_dags/example_nested_branch_dag.py took 0.028 seconds
[2024-07-06T07:58:19.194+0000] {processor.py:161} INFO - Started process (PID=8631) to work on /home/airflow/.local/lib/python3.12/site-packages/airflow/example_dags/example_nested_branch_dag.py
[2024-07-06T07:58:19.194+0000] {processor.py:830} INFO - Processing file /home/airflow/.local/lib/python3.12/site-packages/airflow/example_dags/example_nested_branch_dag.py for tasks to queue
[2024-07-06T07:58:19.195+0000] {logging_mixin.py:188} INFO - [2024-07-06T07:58:19.195+0000] {dagbag.py:545} INFO - Filling up the DagBag from /home/airflow/.local/lib/python3.12/site-packages/airflow/example_dags/example_nested_branch_dag.py
[2024-07-06T07:58:19.199+0000] {processor.py:840} INFO - DAG(s) 'example_nested_branch_dag' retrieved from /home/airflow/.local/lib/python3.12/site-packages/airflow/example_dags/example_nested_branch_dag.py
[2024-07-06T07:58:19.207+0000] {logging_mixin.py:188} INFO - [2024-07-06T07:58:19.207+0000] {dag.py:3096} INFO - Sync 1 DAGs
[2024-07-06T07:58:19.214+0000] {logging_mixin.py:188} INFO - [2024-07-06T07:58:19.214+0000] {dag.py:3954} INFO - Setting next_dagrun for example_nested_branch_dag to 2024-07-05 00:00:00+00:00, run_after=2024-07-06 00:00:00+00:00
[2024-07-06T07:58:19.221+0000] {processor.py:183} INFO - Processing /home/airflow/.local/lib/python3.12/site-packages/airflow/example_dags/example_nested_branch_dag.py took 0.029 seconds
[2024-07-06T08:36:32.860+0000] {processor.py:161} INFO - Started process (PID=8689) to work on /home/airflow/.local/lib/python3.12/site-packages/airflow/example_dags/example_nested_branch_dag.py
[2024-07-06T08:36:32.861+0000] {processor.py:830} INFO - Processing file /home/airflow/.local/lib/python3.12/site-packages/airflow/example_dags/example_nested_branch_dag.py for tasks to queue
[2024-07-06T08:36:32.862+0000] {logging_mixin.py:188} INFO - [2024-07-06T08:36:32.861+0000] {dagbag.py:545} INFO - Filling up the DagBag from /home/airflow/.local/lib/python3.12/site-packages/airflow/example_dags/example_nested_branch_dag.py
[2024-07-06T08:36:32.866+0000] {processor.py:840} INFO - DAG(s) 'example_nested_branch_dag' retrieved from /home/airflow/.local/lib/python3.12/site-packages/airflow/example_dags/example_nested_branch_dag.py
[2024-07-06T08:36:32.873+0000] {logging_mixin.py:188} INFO - [2024-07-06T08:36:32.873+0000] {dag.py:3096} INFO - Sync 1 DAGs
[2024-07-06T08:36:32.881+0000] {logging_mixin.py:188} INFO - [2024-07-06T08:36:32.881+0000] {dag.py:3954} INFO - Setting next_dagrun for example_nested_branch_dag to 2024-07-05 00:00:00+00:00, run_after=2024-07-06 00:00:00+00:00
[2024-07-06T08:36:32.888+0000] {processor.py:183} INFO - Processing /home/airflow/.local/lib/python3.12/site-packages/airflow/example_dags/example_nested_branch_dag.py took 0.030 seconds
[2024-07-06T09:11:23.088+0000] {processor.py:161} INFO - Started process (PID=8747) to work on /home/airflow/.local/lib/python3.12/site-packages/airflow/example_dags/example_nested_branch_dag.py
[2024-07-06T09:11:23.089+0000] {processor.py:830} INFO - Processing file /home/airflow/.local/lib/python3.12/site-packages/airflow/example_dags/example_nested_branch_dag.py for tasks to queue
[2024-07-06T09:11:23.090+0000] {logging_mixin.py:188} INFO - [2024-07-06T09:11:23.089+0000] {dagbag.py:545} INFO - Filling up the DagBag from /home/airflow/.local/lib/python3.12/site-packages/airflow/example_dags/example_nested_branch_dag.py
[2024-07-06T09:11:23.094+0000] {processor.py:840} INFO - DAG(s) 'example_nested_branch_dag' retrieved from /home/airflow/.local/lib/python3.12/site-packages/airflow/example_dags/example_nested_branch_dag.py
[2024-07-06T09:11:23.103+0000] {logging_mixin.py:188} INFO - [2024-07-06T09:11:23.103+0000] {dag.py:3096} INFO - Sync 1 DAGs
[2024-07-06T09:11:23.111+0000] {logging_mixin.py:188} INFO - [2024-07-06T09:11:23.111+0000] {dag.py:3954} INFO - Setting next_dagrun for example_nested_branch_dag to 2024-07-05 00:00:00+00:00, run_after=2024-07-06 00:00:00+00:00
[2024-07-06T09:11:23.117+0000] {processor.py:183} INFO - Processing /home/airflow/.local/lib/python3.12/site-packages/airflow/example_dags/example_nested_branch_dag.py took 0.032 seconds
[2024-07-06T09:54:55.538+0000] {processor.py:161} INFO - Started process (PID=8805) to work on /home/airflow/.local/lib/python3.12/site-packages/airflow/example_dags/example_nested_branch_dag.py
[2024-07-06T09:54:55.539+0000] {processor.py:830} INFO - Processing file /home/airflow/.local/lib/python3.12/site-packages/airflow/example_dags/example_nested_branch_dag.py for tasks to queue
[2024-07-06T09:54:55.540+0000] {logging_mixin.py:188} INFO - [2024-07-06T09:54:55.539+0000] {dagbag.py:545} INFO - Filling up the DagBag from /home/airflow/.local/lib/python3.12/site-packages/airflow/example_dags/example_nested_branch_dag.py
[2024-07-06T09:54:55.543+0000] {processor.py:840} INFO - DAG(s) 'example_nested_branch_dag' retrieved from /home/airflow/.local/lib/python3.12/site-packages/airflow/example_dags/example_nested_branch_dag.py
[2024-07-06T09:54:55.552+0000] {logging_mixin.py:188} INFO - [2024-07-06T09:54:55.552+0000] {dag.py:3096} INFO - Sync 1 DAGs
[2024-07-06T09:54:55.559+0000] {logging_mixin.py:188} INFO - [2024-07-06T09:54:55.559+0000] {dag.py:3954} INFO - Setting next_dagrun for example_nested_branch_dag to 2024-07-05 00:00:00+00:00, run_after=2024-07-06 00:00:00+00:00
[2024-07-06T09:54:55.564+0000] {processor.py:183} INFO - Processing /home/airflow/.local/lib/python3.12/site-packages/airflow/example_dags/example_nested_branch_dag.py took 0.028 seconds
[2024-07-06T10:32:28.815+0000] {processor.py:161} INFO - Started process (PID=8863) to work on /home/airflow/.local/lib/python3.12/site-packages/airflow/example_dags/example_nested_branch_dag.py
[2024-07-06T10:32:28.816+0000] {processor.py:830} INFO - Processing file /home/airflow/.local/lib/python3.12/site-packages/airflow/example_dags/example_nested_branch_dag.py for tasks to queue
[2024-07-06T10:32:28.816+0000] {logging_mixin.py:188} INFO - [2024-07-06T10:32:28.816+0000] {dagbag.py:545} INFO - Filling up the DagBag from /home/airflow/.local/lib/python3.12/site-packages/airflow/example_dags/example_nested_branch_dag.py
[2024-07-06T10:32:28.820+0000] {processor.py:840} INFO - DAG(s) 'example_nested_branch_dag' retrieved from /home/airflow/.local/lib/python3.12/site-packages/airflow/example_dags/example_nested_branch_dag.py
[2024-07-06T10:32:28.828+0000] {logging_mixin.py:188} INFO - [2024-07-06T10:32:28.828+0000] {dag.py:3096} INFO - Sync 1 DAGs
[2024-07-06T10:32:28.836+0000] {logging_mixin.py:188} INFO - [2024-07-06T10:32:28.836+0000] {dag.py:3954} INFO - Setting next_dagrun for example_nested_branch_dag to 2024-07-05 00:00:00+00:00, run_after=2024-07-06 00:00:00+00:00
[2024-07-06T10:32:28.842+0000] {processor.py:183} INFO - Processing /home/airflow/.local/lib/python3.12/site-packages/airflow/example_dags/example_nested_branch_dag.py took 0.029 seconds
[2024-07-06T11:31:00.985+0000] {processor.py:161} INFO - Started process (PID=8921) to work on /home/airflow/.local/lib/python3.12/site-packages/airflow/example_dags/example_nested_branch_dag.py
[2024-07-06T11:31:00.986+0000] {processor.py:830} INFO - Processing file /home/airflow/.local/lib/python3.12/site-packages/airflow/example_dags/example_nested_branch_dag.py for tasks to queue
[2024-07-06T11:31:00.987+0000] {logging_mixin.py:188} INFO - [2024-07-06T11:31:00.986+0000] {dagbag.py:545} INFO - Filling up the DagBag from /home/airflow/.local/lib/python3.12/site-packages/airflow/example_dags/example_nested_branch_dag.py
[2024-07-06T11:31:00.991+0000] {processor.py:840} INFO - DAG(s) 'example_nested_branch_dag' retrieved from /home/airflow/.local/lib/python3.12/site-packages/airflow/example_dags/example_nested_branch_dag.py
[2024-07-06T11:31:00.998+0000] {logging_mixin.py:188} INFO - [2024-07-06T11:31:00.998+0000] {dag.py:3096} INFO - Sync 1 DAGs
[2024-07-06T11:31:01.006+0000] {logging_mixin.py:188} INFO - [2024-07-06T11:31:01.006+0000] {dag.py:3954} INFO - Setting next_dagrun for example_nested_branch_dag to 2024-07-05 00:00:00+00:00, run_after=2024-07-06 00:00:00+00:00
[2024-07-06T11:31:01.012+0000] {processor.py:183} INFO - Processing /home/airflow/.local/lib/python3.12/site-packages/airflow/example_dags/example_nested_branch_dag.py took 0.029 seconds
[2024-07-06T12:31:30.716+0000] {processor.py:161} INFO - Started process (PID=8979) to work on /home/airflow/.local/lib/python3.12/site-packages/airflow/example_dags/example_nested_branch_dag.py
[2024-07-06T12:31:30.716+0000] {processor.py:830} INFO - Processing file /home/airflow/.local/lib/python3.12/site-packages/airflow/example_dags/example_nested_branch_dag.py for tasks to queue
[2024-07-06T12:31:30.717+0000] {logging_mixin.py:188} INFO - [2024-07-06T12:31:30.717+0000] {dagbag.py:545} INFO - Filling up the DagBag from /home/airflow/.local/lib/python3.12/site-packages/airflow/example_dags/example_nested_branch_dag.py
[2024-07-06T12:31:30.722+0000] {processor.py:840} INFO - DAG(s) 'example_nested_branch_dag' retrieved from /home/airflow/.local/lib/python3.12/site-packages/airflow/example_dags/example_nested_branch_dag.py
[2024-07-06T12:31:30.730+0000] {logging_mixin.py:188} INFO - [2024-07-06T12:31:30.730+0000] {dag.py:3096} INFO - Sync 1 DAGs
[2024-07-06T12:31:30.739+0000] {logging_mixin.py:188} INFO - [2024-07-06T12:31:30.739+0000] {dag.py:3954} INFO - Setting next_dagrun for example_nested_branch_dag to 2024-07-05 00:00:00+00:00, run_after=2024-07-06 00:00:00+00:00
[2024-07-06T12:31:30.745+0000] {processor.py:183} INFO - Processing /home/airflow/.local/lib/python3.12/site-packages/airflow/example_dags/example_nested_branch_dag.py took 0.032 seconds
[2024-07-06T13:31:19.725+0000] {processor.py:161} INFO - Started process (PID=9037) to work on /home/airflow/.local/lib/python3.12/site-packages/airflow/example_dags/example_nested_branch_dag.py
[2024-07-06T13:31:19.725+0000] {processor.py:830} INFO - Processing file /home/airflow/.local/lib/python3.12/site-packages/airflow/example_dags/example_nested_branch_dag.py for tasks to queue
[2024-07-06T13:31:19.726+0000] {logging_mixin.py:188} INFO - [2024-07-06T13:31:19.726+0000] {dagbag.py:545} INFO - Filling up the DagBag from /home/airflow/.local/lib/python3.12/site-packages/airflow/example_dags/example_nested_branch_dag.py
[2024-07-06T13:31:19.731+0000] {processor.py:840} INFO - DAG(s) 'example_nested_branch_dag' retrieved from /home/airflow/.local/lib/python3.12/site-packages/airflow/example_dags/example_nested_branch_dag.py
[2024-07-06T13:31:19.739+0000] {logging_mixin.py:188} INFO - [2024-07-06T13:31:19.739+0000] {dag.py:3096} INFO - Sync 1 DAGs
[2024-07-06T13:31:19.747+0000] {logging_mixin.py:188} INFO - [2024-07-06T13:31:19.747+0000] {dag.py:3954} INFO - Setting next_dagrun for example_nested_branch_dag to 2024-07-05 00:00:00+00:00, run_after=2024-07-06 00:00:00+00:00
[2024-07-06T13:31:19.754+0000] {processor.py:183} INFO - Processing /home/airflow/.local/lib/python3.12/site-packages/airflow/example_dags/example_nested_branch_dag.py took 0.031 seconds
[2024-07-06T13:36:56.323+0000] {processor.py:161} INFO - Started process (PID=9095) to work on /home/airflow/.local/lib/python3.12/site-packages/airflow/example_dags/example_nested_branch_dag.py
[2024-07-06T13:36:56.323+0000] {processor.py:830} INFO - Processing file /home/airflow/.local/lib/python3.12/site-packages/airflow/example_dags/example_nested_branch_dag.py for tasks to queue
[2024-07-06T13:36:56.324+0000] {logging_mixin.py:188} INFO - [2024-07-06T13:36:56.324+0000] {dagbag.py:545} INFO - Filling up the DagBag from /home/airflow/.local/lib/python3.12/site-packages/airflow/example_dags/example_nested_branch_dag.py
[2024-07-06T13:36:56.328+0000] {processor.py:840} INFO - DAG(s) 'example_nested_branch_dag' retrieved from /home/airflow/.local/lib/python3.12/site-packages/airflow/example_dags/example_nested_branch_dag.py
[2024-07-06T13:36:56.336+0000] {logging_mixin.py:188} INFO - [2024-07-06T13:36:56.336+0000] {dag.py:3096} INFO - Sync 1 DAGs
[2024-07-06T13:36:56.343+0000] {logging_mixin.py:188} INFO - [2024-07-06T13:36:56.343+0000] {dag.py:3954} INFO - Setting next_dagrun for example_nested_branch_dag to 2024-07-05 00:00:00+00:00, run_after=2024-07-06 00:00:00+00:00
[2024-07-06T13:36:56.349+0000] {processor.py:183} INFO - Processing /home/airflow/.local/lib/python3.12/site-packages/airflow/example_dags/example_nested_branch_dag.py took 0.028 seconds
[2024-07-06T14:16:20.771+0000] {processor.py:161} INFO - Started process (PID=9153) to work on /home/airflow/.local/lib/python3.12/site-packages/airflow/example_dags/example_nested_branch_dag.py
[2024-07-06T14:16:20.771+0000] {processor.py:830} INFO - Processing file /home/airflow/.local/lib/python3.12/site-packages/airflow/example_dags/example_nested_branch_dag.py for tasks to queue
[2024-07-06T14:16:20.772+0000] {logging_mixin.py:188} INFO - [2024-07-06T14:16:20.772+0000] {dagbag.py:545} INFO - Filling up the DagBag from /home/airflow/.local/lib/python3.12/site-packages/airflow/example_dags/example_nested_branch_dag.py
[2024-07-06T14:16:20.776+0000] {processor.py:840} INFO - DAG(s) 'example_nested_branch_dag' retrieved from /home/airflow/.local/lib/python3.12/site-packages/airflow/example_dags/example_nested_branch_dag.py
[2024-07-06T14:16:20.784+0000] {logging_mixin.py:188} INFO - [2024-07-06T14:16:20.784+0000] {dag.py:3096} INFO - Sync 1 DAGs
[2024-07-06T14:16:20.791+0000] {logging_mixin.py:188} INFO - [2024-07-06T14:16:20.791+0000] {dag.py:3954} INFO - Setting next_dagrun for example_nested_branch_dag to 2024-07-05 00:00:00+00:00, run_after=2024-07-06 00:00:00+00:00
[2024-07-06T14:16:20.797+0000] {processor.py:183} INFO - Processing /home/airflow/.local/lib/python3.12/site-packages/airflow/example_dags/example_nested_branch_dag.py took 0.028 seconds
[2024-07-06T14:42:09.812+0000] {processor.py:161} INFO - Started process (PID=9211) to work on /home/airflow/.local/lib/python3.12/site-packages/airflow/example_dags/example_nested_branch_dag.py
[2024-07-06T14:42:09.813+0000] {processor.py:830} INFO - Processing file /home/airflow/.local/lib/python3.12/site-packages/airflow/example_dags/example_nested_branch_dag.py for tasks to queue
[2024-07-06T14:42:09.814+0000] {logging_mixin.py:188} INFO - [2024-07-06T14:42:09.814+0000] {dagbag.py:545} INFO - Filling up the DagBag from /home/airflow/.local/lib/python3.12/site-packages/airflow/example_dags/example_nested_branch_dag.py
[2024-07-06T14:42:09.818+0000] {processor.py:840} INFO - DAG(s) 'example_nested_branch_dag' retrieved from /home/airflow/.local/lib/python3.12/site-packages/airflow/example_dags/example_nested_branch_dag.py
[2024-07-06T14:42:09.827+0000] {logging_mixin.py:188} INFO - [2024-07-06T14:42:09.827+0000] {dag.py:3096} INFO - Sync 1 DAGs
[2024-07-06T14:42:09.836+0000] {logging_mixin.py:188} INFO - [2024-07-06T14:42:09.835+0000] {dag.py:3954} INFO - Setting next_dagrun for example_nested_branch_dag to 2024-07-05 00:00:00+00:00, run_after=2024-07-06 00:00:00+00:00
[2024-07-06T14:42:09.842+0000] {processor.py:183} INFO - Processing /home/airflow/.local/lib/python3.12/site-packages/airflow/example_dags/example_nested_branch_dag.py took 0.032 seconds
[2024-07-06T14:42:40.505+0000] {processor.py:161} INFO - Started process (PID=9269) to work on /home/airflow/.local/lib/python3.12/site-packages/airflow/example_dags/example_nested_branch_dag.py
[2024-07-06T14:42:40.506+0000] {processor.py:830} INFO - Processing file /home/airflow/.local/lib/python3.12/site-packages/airflow/example_dags/example_nested_branch_dag.py for tasks to queue
[2024-07-06T14:42:40.507+0000] {logging_mixin.py:188} INFO - [2024-07-06T14:42:40.506+0000] {dagbag.py:545} INFO - Filling up the DagBag from /home/airflow/.local/lib/python3.12/site-packages/airflow/example_dags/example_nested_branch_dag.py
[2024-07-06T14:42:40.511+0000] {processor.py:840} INFO - DAG(s) 'example_nested_branch_dag' retrieved from /home/airflow/.local/lib/python3.12/site-packages/airflow/example_dags/example_nested_branch_dag.py
[2024-07-06T14:42:40.521+0000] {logging_mixin.py:188} INFO - [2024-07-06T14:42:40.521+0000] {dag.py:3096} INFO - Sync 1 DAGs
[2024-07-06T14:42:40.530+0000] {logging_mixin.py:188} INFO - [2024-07-06T14:42:40.530+0000] {dag.py:3954} INFO - Setting next_dagrun for example_nested_branch_dag to 2024-07-05 00:00:00+00:00, run_after=2024-07-06 00:00:00+00:00
[2024-07-06T14:42:40.538+0000] {processor.py:183} INFO - Processing /home/airflow/.local/lib/python3.12/site-packages/airflow/example_dags/example_nested_branch_dag.py took 0.036 seconds
[2024-07-06T14:43:11.002+0000] {processor.py:161} INFO - Started process (PID=9327) to work on /home/airflow/.local/lib/python3.12/site-packages/airflow/example_dags/example_nested_branch_dag.py
[2024-07-06T14:43:11.003+0000] {processor.py:830} INFO - Processing file /home/airflow/.local/lib/python3.12/site-packages/airflow/example_dags/example_nested_branch_dag.py for tasks to queue
[2024-07-06T14:43:11.003+0000] {logging_mixin.py:188} INFO - [2024-07-06T14:43:11.003+0000] {dagbag.py:545} INFO - Filling up the DagBag from /home/airflow/.local/lib/python3.12/site-packages/airflow/example_dags/example_nested_branch_dag.py
[2024-07-06T14:43:11.008+0000] {processor.py:840} INFO - DAG(s) 'example_nested_branch_dag' retrieved from /home/airflow/.local/lib/python3.12/site-packages/airflow/example_dags/example_nested_branch_dag.py
[2024-07-06T14:43:11.017+0000] {logging_mixin.py:188} INFO - [2024-07-06T14:43:11.017+0000] {dag.py:3096} INFO - Sync 1 DAGs
[2024-07-06T14:43:11.027+0000] {logging_mixin.py:188} INFO - [2024-07-06T14:43:11.027+0000] {dag.py:3954} INFO - Setting next_dagrun for example_nested_branch_dag to 2024-07-05 00:00:00+00:00, run_after=2024-07-06 00:00:00+00:00
[2024-07-06T14:43:11.034+0000] {processor.py:183} INFO - Processing /home/airflow/.local/lib/python3.12/site-packages/airflow/example_dags/example_nested_branch_dag.py took 0.034 seconds
[2024-07-06T14:43:41.412+0000] {processor.py:161} INFO - Started process (PID=9391) to work on /home/airflow/.local/lib/python3.12/site-packages/airflow/example_dags/example_nested_branch_dag.py
[2024-07-06T14:43:41.412+0000] {processor.py:830} INFO - Processing file /home/airflow/.local/lib/python3.12/site-packages/airflow/example_dags/example_nested_branch_dag.py for tasks to queue
[2024-07-06T14:43:41.413+0000] {logging_mixin.py:188} INFO - [2024-07-06T14:43:41.413+0000] {dagbag.py:545} INFO - Filling up the DagBag from /home/airflow/.local/lib/python3.12/site-packages/airflow/example_dags/example_nested_branch_dag.py
[2024-07-06T14:43:41.417+0000] {processor.py:840} INFO - DAG(s) 'example_nested_branch_dag' retrieved from /home/airflow/.local/lib/python3.12/site-packages/airflow/example_dags/example_nested_branch_dag.py
[2024-07-06T14:43:41.424+0000] {logging_mixin.py:188} INFO - [2024-07-06T14:43:41.424+0000] {dag.py:3096} INFO - Sync 1 DAGs
[2024-07-06T14:43:41.432+0000] {logging_mixin.py:188} INFO - [2024-07-06T14:43:41.432+0000] {dag.py:3954} INFO - Setting next_dagrun for example_nested_branch_dag to 2024-07-05 00:00:00+00:00, run_after=2024-07-06 00:00:00+00:00
[2024-07-06T14:43:41.438+0000] {processor.py:183} INFO - Processing /home/airflow/.local/lib/python3.12/site-packages/airflow/example_dags/example_nested_branch_dag.py took 0.029 seconds
[2024-07-06T14:44:11.795+0000] {processor.py:161} INFO - Started process (PID=9449) to work on /home/airflow/.local/lib/python3.12/site-packages/airflow/example_dags/example_nested_branch_dag.py
[2024-07-06T14:44:11.795+0000] {processor.py:830} INFO - Processing file /home/airflow/.local/lib/python3.12/site-packages/airflow/example_dags/example_nested_branch_dag.py for tasks to queue
[2024-07-06T14:44:11.796+0000] {logging_mixin.py:188} INFO - [2024-07-06T14:44:11.796+0000] {dagbag.py:545} INFO - Filling up the DagBag from /home/airflow/.local/lib/python3.12/site-packages/airflow/example_dags/example_nested_branch_dag.py
[2024-07-06T14:44:11.800+0000] {processor.py:840} INFO - DAG(s) 'example_nested_branch_dag' retrieved from /home/airflow/.local/lib/python3.12/site-packages/airflow/example_dags/example_nested_branch_dag.py
[2024-07-06T14:44:11.808+0000] {logging_mixin.py:188} INFO - [2024-07-06T14:44:11.808+0000] {dag.py:3096} INFO - Sync 1 DAGs
[2024-07-06T14:44:11.815+0000] {logging_mixin.py:188} INFO - [2024-07-06T14:44:11.815+0000] {dag.py:3954} INFO - Setting next_dagrun for example_nested_branch_dag to 2024-07-05 00:00:00+00:00, run_after=2024-07-06 00:00:00+00:00
[2024-07-06T14:44:11.821+0000] {processor.py:183} INFO - Processing /home/airflow/.local/lib/python3.12/site-packages/airflow/example_dags/example_nested_branch_dag.py took 0.028 seconds
[2024-07-06T14:44:42.144+0000] {processor.py:161} INFO - Started process (PID=9507) to work on /home/airflow/.local/lib/python3.12/site-packages/airflow/example_dags/example_nested_branch_dag.py
[2024-07-06T14:44:42.144+0000] {processor.py:830} INFO - Processing file /home/airflow/.local/lib/python3.12/site-packages/airflow/example_dags/example_nested_branch_dag.py for tasks to queue
[2024-07-06T14:44:42.145+0000] {logging_mixin.py:188} INFO - [2024-07-06T14:44:42.145+0000] {dagbag.py:545} INFO - Filling up the DagBag from /home/airflow/.local/lib/python3.12/site-packages/airflow/example_dags/example_nested_branch_dag.py
[2024-07-06T14:44:42.149+0000] {processor.py:840} INFO - DAG(s) 'example_nested_branch_dag' retrieved from /home/airflow/.local/lib/python3.12/site-packages/airflow/example_dags/example_nested_branch_dag.py
[2024-07-06T14:44:42.158+0000] {logging_mixin.py:188} INFO - [2024-07-06T14:44:42.157+0000] {dag.py:3096} INFO - Sync 1 DAGs
[2024-07-06T14:44:42.166+0000] {logging_mixin.py:188} INFO - [2024-07-06T14:44:42.166+0000] {dag.py:3954} INFO - Setting next_dagrun for example_nested_branch_dag to 2024-07-05 00:00:00+00:00, run_after=2024-07-06 00:00:00+00:00
[2024-07-06T14:44:42.172+0000] {processor.py:183} INFO - Processing /home/airflow/.local/lib/python3.12/site-packages/airflow/example_dags/example_nested_branch_dag.py took 0.030 seconds
[2024-07-06T14:45:12.510+0000] {processor.py:161} INFO - Started process (PID=9565) to work on /home/airflow/.local/lib/python3.12/site-packages/airflow/example_dags/example_nested_branch_dag.py
[2024-07-06T14:45:12.511+0000] {processor.py:830} INFO - Processing file /home/airflow/.local/lib/python3.12/site-packages/airflow/example_dags/example_nested_branch_dag.py for tasks to queue
[2024-07-06T14:45:12.512+0000] {logging_mixin.py:188} INFO - [2024-07-06T14:45:12.511+0000] {dagbag.py:545} INFO - Filling up the DagBag from /home/airflow/.local/lib/python3.12/site-packages/airflow/example_dags/example_nested_branch_dag.py
[2024-07-06T14:45:12.516+0000] {processor.py:840} INFO - DAG(s) 'example_nested_branch_dag' retrieved from /home/airflow/.local/lib/python3.12/site-packages/airflow/example_dags/example_nested_branch_dag.py
[2024-07-06T14:45:12.525+0000] {logging_mixin.py:188} INFO - [2024-07-06T14:45:12.525+0000] {dag.py:3096} INFO - Sync 1 DAGs
[2024-07-06T14:45:12.534+0000] {logging_mixin.py:188} INFO - [2024-07-06T14:45:12.533+0000] {dag.py:3954} INFO - Setting next_dagrun for example_nested_branch_dag to 2024-07-05 00:00:00+00:00, run_after=2024-07-06 00:00:00+00:00
[2024-07-06T14:45:12.540+0000] {processor.py:183} INFO - Processing /home/airflow/.local/lib/python3.12/site-packages/airflow/example_dags/example_nested_branch_dag.py took 0.032 seconds
[2024-07-06T14:45:42.896+0000] {processor.py:161} INFO - Started process (PID=9623) to work on /home/airflow/.local/lib/python3.12/site-packages/airflow/example_dags/example_nested_branch_dag.py
[2024-07-06T14:45:42.896+0000] {processor.py:830} INFO - Processing file /home/airflow/.local/lib/python3.12/site-packages/airflow/example_dags/example_nested_branch_dag.py for tasks to queue
[2024-07-06T14:45:42.897+0000] {logging_mixin.py:188} INFO - [2024-07-06T14:45:42.897+0000] {dagbag.py:545} INFO - Filling up the DagBag from /home/airflow/.local/lib/python3.12/site-packages/airflow/example_dags/example_nested_branch_dag.py
[2024-07-06T14:45:42.901+0000] {processor.py:840} INFO - DAG(s) 'example_nested_branch_dag' retrieved from /home/airflow/.local/lib/python3.12/site-packages/airflow/example_dags/example_nested_branch_dag.py
[2024-07-06T14:45:42.909+0000] {logging_mixin.py:188} INFO - [2024-07-06T14:45:42.909+0000] {dag.py:3096} INFO - Sync 1 DAGs
[2024-07-06T14:45:42.918+0000] {logging_mixin.py:188} INFO - [2024-07-06T14:45:42.918+0000] {dag.py:3954} INFO - Setting next_dagrun for example_nested_branch_dag to 2024-07-05 00:00:00+00:00, run_after=2024-07-06 00:00:00+00:00
[2024-07-06T14:45:42.924+0000] {processor.py:183} INFO - Processing /home/airflow/.local/lib/python3.12/site-packages/airflow/example_dags/example_nested_branch_dag.py took 0.031 seconds
[2024-07-06T14:46:13.344+0000] {processor.py:161} INFO - Started process (PID=9681) to work on /home/airflow/.local/lib/python3.12/site-packages/airflow/example_dags/example_nested_branch_dag.py
[2024-07-06T14:46:13.345+0000] {processor.py:830} INFO - Processing file /home/airflow/.local/lib/python3.12/site-packages/airflow/example_dags/example_nested_branch_dag.py for tasks to queue
[2024-07-06T14:46:13.346+0000] {logging_mixin.py:188} INFO - [2024-07-06T14:46:13.345+0000] {dagbag.py:545} INFO - Filling up the DagBag from /home/airflow/.local/lib/python3.12/site-packages/airflow/example_dags/example_nested_branch_dag.py
[2024-07-06T14:46:13.350+0000] {processor.py:840} INFO - DAG(s) 'example_nested_branch_dag' retrieved from /home/airflow/.local/lib/python3.12/site-packages/airflow/example_dags/example_nested_branch_dag.py
[2024-07-06T14:46:13.358+0000] {logging_mixin.py:188} INFO - [2024-07-06T14:46:13.358+0000] {dag.py:3096} INFO - Sync 1 DAGs
[2024-07-06T14:46:13.367+0000] {logging_mixin.py:188} INFO - [2024-07-06T14:46:13.367+0000] {dag.py:3954} INFO - Setting next_dagrun for example_nested_branch_dag to 2024-07-05 00:00:00+00:00, run_after=2024-07-06 00:00:00+00:00
[2024-07-06T14:46:13.373+0000] {processor.py:183} INFO - Processing /home/airflow/.local/lib/python3.12/site-packages/airflow/example_dags/example_nested_branch_dag.py took 0.031 seconds
[2024-07-06T14:46:43.647+0000] {processor.py:161} INFO - Started process (PID=9739) to work on /home/airflow/.local/lib/python3.12/site-packages/airflow/example_dags/example_nested_branch_dag.py
[2024-07-06T14:46:43.647+0000] {processor.py:830} INFO - Processing file /home/airflow/.local/lib/python3.12/site-packages/airflow/example_dags/example_nested_branch_dag.py for tasks to queue
[2024-07-06T14:46:43.648+0000] {logging_mixin.py:188} INFO - [2024-07-06T14:46:43.648+0000] {dagbag.py:545} INFO - Filling up the DagBag from /home/airflow/.local/lib/python3.12/site-packages/airflow/example_dags/example_nested_branch_dag.py
[2024-07-06T14:46:43.652+0000] {processor.py:840} INFO - DAG(s) 'example_nested_branch_dag' retrieved from /home/airflow/.local/lib/python3.12/site-packages/airflow/example_dags/example_nested_branch_dag.py
[2024-07-06T14:46:43.661+0000] {logging_mixin.py:188} INFO - [2024-07-06T14:46:43.661+0000] {dag.py:3096} INFO - Sync 1 DAGs
[2024-07-06T14:46:43.669+0000] {logging_mixin.py:188} INFO - [2024-07-06T14:46:43.669+0000] {dag.py:3954} INFO - Setting next_dagrun for example_nested_branch_dag to 2024-07-05 00:00:00+00:00, run_after=2024-07-06 00:00:00+00:00
[2024-07-06T14:46:43.676+0000] {processor.py:183} INFO - Processing /home/airflow/.local/lib/python3.12/site-packages/airflow/example_dags/example_nested_branch_dag.py took 0.032 seconds
[2024-07-06T14:47:14.010+0000] {processor.py:161} INFO - Started process (PID=9797) to work on /home/airflow/.local/lib/python3.12/site-packages/airflow/example_dags/example_nested_branch_dag.py
[2024-07-06T14:47:14.010+0000] {processor.py:830} INFO - Processing file /home/airflow/.local/lib/python3.12/site-packages/airflow/example_dags/example_nested_branch_dag.py for tasks to queue
[2024-07-06T14:47:14.011+0000] {logging_mixin.py:188} INFO - [2024-07-06T14:47:14.011+0000] {dagbag.py:545} INFO - Filling up the DagBag from /home/airflow/.local/lib/python3.12/site-packages/airflow/example_dags/example_nested_branch_dag.py
[2024-07-06T14:47:14.015+0000] {processor.py:840} INFO - DAG(s) 'example_nested_branch_dag' retrieved from /home/airflow/.local/lib/python3.12/site-packages/airflow/example_dags/example_nested_branch_dag.py
[2024-07-06T14:47:14.022+0000] {logging_mixin.py:188} INFO - [2024-07-06T14:47:14.022+0000] {dag.py:3096} INFO - Sync 1 DAGs
[2024-07-06T14:47:14.030+0000] {logging_mixin.py:188} INFO - [2024-07-06T14:47:14.030+0000] {dag.py:3954} INFO - Setting next_dagrun for example_nested_branch_dag to 2024-07-05 00:00:00+00:00, run_after=2024-07-06 00:00:00+00:00
[2024-07-06T14:47:14.035+0000] {processor.py:183} INFO - Processing /home/airflow/.local/lib/python3.12/site-packages/airflow/example_dags/example_nested_branch_dag.py took 0.028 seconds
[2024-07-06T14:47:44.300+0000] {processor.py:161} INFO - Started process (PID=9855) to work on /home/airflow/.local/lib/python3.12/site-packages/airflow/example_dags/example_nested_branch_dag.py
[2024-07-06T14:47:44.300+0000] {processor.py:830} INFO - Processing file /home/airflow/.local/lib/python3.12/site-packages/airflow/example_dags/example_nested_branch_dag.py for tasks to queue
[2024-07-06T14:47:44.301+0000] {logging_mixin.py:188} INFO - [2024-07-06T14:47:44.301+0000] {dagbag.py:545} INFO - Filling up the DagBag from /home/airflow/.local/lib/python3.12/site-packages/airflow/example_dags/example_nested_branch_dag.py
[2024-07-06T14:47:44.304+0000] {processor.py:840} INFO - DAG(s) 'example_nested_branch_dag' retrieved from /home/airflow/.local/lib/python3.12/site-packages/airflow/example_dags/example_nested_branch_dag.py
[2024-07-06T14:47:44.312+0000] {logging_mixin.py:188} INFO - [2024-07-06T14:47:44.312+0000] {dag.py:3096} INFO - Sync 1 DAGs
[2024-07-06T14:47:44.319+0000] {logging_mixin.py:188} INFO - [2024-07-06T14:47:44.319+0000] {dag.py:3954} INFO - Setting next_dagrun for example_nested_branch_dag to 2024-07-05 00:00:00+00:00, run_after=2024-07-06 00:00:00+00:00
[2024-07-06T14:47:44.326+0000] {processor.py:183} INFO - Processing /home/airflow/.local/lib/python3.12/site-packages/airflow/example_dags/example_nested_branch_dag.py took 0.028 seconds
[2024-07-06T14:48:14.701+0000] {processor.py:161} INFO - Started process (PID=9913) to work on /home/airflow/.local/lib/python3.12/site-packages/airflow/example_dags/example_nested_branch_dag.py
[2024-07-06T14:48:14.701+0000] {processor.py:830} INFO - Processing file /home/airflow/.local/lib/python3.12/site-packages/airflow/example_dags/example_nested_branch_dag.py for tasks to queue
[2024-07-06T14:48:14.702+0000] {logging_mixin.py:188} INFO - [2024-07-06T14:48:14.701+0000] {dagbag.py:545} INFO - Filling up the DagBag from /home/airflow/.local/lib/python3.12/site-packages/airflow/example_dags/example_nested_branch_dag.py
[2024-07-06T14:48:14.706+0000] {processor.py:840} INFO - DAG(s) 'example_nested_branch_dag' retrieved from /home/airflow/.local/lib/python3.12/site-packages/airflow/example_dags/example_nested_branch_dag.py
[2024-07-06T14:48:14.713+0000] {logging_mixin.py:188} INFO - [2024-07-06T14:48:14.713+0000] {dag.py:3096} INFO - Sync 1 DAGs
[2024-07-06T14:48:14.721+0000] {logging_mixin.py:188} INFO - [2024-07-06T14:48:14.721+0000] {dag.py:3954} INFO - Setting next_dagrun for example_nested_branch_dag to 2024-07-05 00:00:00+00:00, run_after=2024-07-06 00:00:00+00:00
[2024-07-06T14:48:14.727+0000] {processor.py:183} INFO - Processing /home/airflow/.local/lib/python3.12/site-packages/airflow/example_dags/example_nested_branch_dag.py took 0.029 seconds
[2024-07-06T14:48:45.107+0000] {processor.py:161} INFO - Started process (PID=9971) to work on /home/airflow/.local/lib/python3.12/site-packages/airflow/example_dags/example_nested_branch_dag.py
[2024-07-06T14:48:45.107+0000] {processor.py:830} INFO - Processing file /home/airflow/.local/lib/python3.12/site-packages/airflow/example_dags/example_nested_branch_dag.py for tasks to queue
[2024-07-06T14:48:45.108+0000] {logging_mixin.py:188} INFO - [2024-07-06T14:48:45.108+0000] {dagbag.py:545} INFO - Filling up the DagBag from /home/airflow/.local/lib/python3.12/site-packages/airflow/example_dags/example_nested_branch_dag.py
[2024-07-06T14:48:45.113+0000] {processor.py:840} INFO - DAG(s) 'example_nested_branch_dag' retrieved from /home/airflow/.local/lib/python3.12/site-packages/airflow/example_dags/example_nested_branch_dag.py
[2024-07-06T14:48:45.121+0000] {logging_mixin.py:188} INFO - [2024-07-06T14:48:45.121+0000] {dag.py:3096} INFO - Sync 1 DAGs
[2024-07-06T14:48:45.129+0000] {logging_mixin.py:188} INFO - [2024-07-06T14:48:45.129+0000] {dag.py:3954} INFO - Setting next_dagrun for example_nested_branch_dag to 2024-07-05 00:00:00+00:00, run_after=2024-07-06 00:00:00+00:00
[2024-07-06T14:48:45.136+0000] {processor.py:183} INFO - Processing /home/airflow/.local/lib/python3.12/site-packages/airflow/example_dags/example_nested_branch_dag.py took 0.031 seconds
[2024-07-06T14:49:15.407+0000] {processor.py:161} INFO - Started process (PID=10029) to work on /home/airflow/.local/lib/python3.12/site-packages/airflow/example_dags/example_nested_branch_dag.py
[2024-07-06T14:49:15.407+0000] {processor.py:830} INFO - Processing file /home/airflow/.local/lib/python3.12/site-packages/airflow/example_dags/example_nested_branch_dag.py for tasks to queue
[2024-07-06T14:49:15.408+0000] {logging_mixin.py:188} INFO - [2024-07-06T14:49:15.407+0000] {dagbag.py:545} INFO - Filling up the DagBag from /home/airflow/.local/lib/python3.12/site-packages/airflow/example_dags/example_nested_branch_dag.py
[2024-07-06T14:49:15.412+0000] {processor.py:840} INFO - DAG(s) 'example_nested_branch_dag' retrieved from /home/airflow/.local/lib/python3.12/site-packages/airflow/example_dags/example_nested_branch_dag.py
[2024-07-06T14:49:15.419+0000] {logging_mixin.py:188} INFO - [2024-07-06T14:49:15.419+0000] {dag.py:3096} INFO - Sync 1 DAGs
[2024-07-06T14:49:15.427+0000] {logging_mixin.py:188} INFO - [2024-07-06T14:49:15.427+0000] {dag.py:3954} INFO - Setting next_dagrun for example_nested_branch_dag to 2024-07-05 00:00:00+00:00, run_after=2024-07-06 00:00:00+00:00
[2024-07-06T14:49:15.433+0000] {processor.py:183} INFO - Processing /home/airflow/.local/lib/python3.12/site-packages/airflow/example_dags/example_nested_branch_dag.py took 0.029 seconds
[2024-07-06T14:49:45.860+0000] {processor.py:161} INFO - Started process (PID=10087) to work on /home/airflow/.local/lib/python3.12/site-packages/airflow/example_dags/example_nested_branch_dag.py
[2024-07-06T14:49:45.860+0000] {processor.py:830} INFO - Processing file /home/airflow/.local/lib/python3.12/site-packages/airflow/example_dags/example_nested_branch_dag.py for tasks to queue
[2024-07-06T14:49:45.861+0000] {logging_mixin.py:188} INFO - [2024-07-06T14:49:45.861+0000] {dagbag.py:545} INFO - Filling up the DagBag from /home/airflow/.local/lib/python3.12/site-packages/airflow/example_dags/example_nested_branch_dag.py
[2024-07-06T14:49:45.865+0000] {processor.py:840} INFO - DAG(s) 'example_nested_branch_dag' retrieved from /home/airflow/.local/lib/python3.12/site-packages/airflow/example_dags/example_nested_branch_dag.py
[2024-07-06T14:49:45.874+0000] {logging_mixin.py:188} INFO - [2024-07-06T14:49:45.874+0000] {dag.py:3096} INFO - Sync 1 DAGs
[2024-07-06T14:49:45.882+0000] {logging_mixin.py:188} INFO - [2024-07-06T14:49:45.882+0000] {dag.py:3954} INFO - Setting next_dagrun for example_nested_branch_dag to 2024-07-05 00:00:00+00:00, run_after=2024-07-06 00:00:00+00:00
[2024-07-06T14:49:45.888+0000] {processor.py:183} INFO - Processing /home/airflow/.local/lib/python3.12/site-packages/airflow/example_dags/example_nested_branch_dag.py took 0.031 seconds
[2024-07-06T14:50:16.197+0000] {processor.py:161} INFO - Started process (PID=10145) to work on /home/airflow/.local/lib/python3.12/site-packages/airflow/example_dags/example_nested_branch_dag.py
[2024-07-06T14:50:16.197+0000] {processor.py:830} INFO - Processing file /home/airflow/.local/lib/python3.12/site-packages/airflow/example_dags/example_nested_branch_dag.py for tasks to queue
[2024-07-06T14:50:16.198+0000] {logging_mixin.py:188} INFO - [2024-07-06T14:50:16.198+0000] {dagbag.py:545} INFO - Filling up the DagBag from /home/airflow/.local/lib/python3.12/site-packages/airflow/example_dags/example_nested_branch_dag.py
[2024-07-06T14:50:16.202+0000] {processor.py:840} INFO - DAG(s) 'example_nested_branch_dag' retrieved from /home/airflow/.local/lib/python3.12/site-packages/airflow/example_dags/example_nested_branch_dag.py
[2024-07-06T14:50:16.209+0000] {logging_mixin.py:188} INFO - [2024-07-06T14:50:16.209+0000] {dag.py:3096} INFO - Sync 1 DAGs
[2024-07-06T14:50:16.217+0000] {logging_mixin.py:188} INFO - [2024-07-06T14:50:16.216+0000] {dag.py:3954} INFO - Setting next_dagrun for example_nested_branch_dag to 2024-07-05 00:00:00+00:00, run_after=2024-07-06 00:00:00+00:00
[2024-07-06T14:50:16.223+0000] {processor.py:183} INFO - Processing /home/airflow/.local/lib/python3.12/site-packages/airflow/example_dags/example_nested_branch_dag.py took 0.028 seconds
[2024-07-06T14:50:46.525+0000] {processor.py:161} INFO - Started process (PID=10203) to work on /home/airflow/.local/lib/python3.12/site-packages/airflow/example_dags/example_nested_branch_dag.py
[2024-07-06T14:50:46.526+0000] {processor.py:830} INFO - Processing file /home/airflow/.local/lib/python3.12/site-packages/airflow/example_dags/example_nested_branch_dag.py for tasks to queue
[2024-07-06T14:50:46.527+0000] {logging_mixin.py:188} INFO - [2024-07-06T14:50:46.527+0000] {dagbag.py:545} INFO - Filling up the DagBag from /home/airflow/.local/lib/python3.12/site-packages/airflow/example_dags/example_nested_branch_dag.py
[2024-07-06T14:50:46.531+0000] {processor.py:840} INFO - DAG(s) 'example_nested_branch_dag' retrieved from /home/airflow/.local/lib/python3.12/site-packages/airflow/example_dags/example_nested_branch_dag.py
[2024-07-06T14:50:46.540+0000] {logging_mixin.py:188} INFO - [2024-07-06T14:50:46.539+0000] {dag.py:3096} INFO - Sync 1 DAGs
[2024-07-06T14:50:46.548+0000] {logging_mixin.py:188} INFO - [2024-07-06T14:50:46.548+0000] {dag.py:3954} INFO - Setting next_dagrun for example_nested_branch_dag to 2024-07-05 00:00:00+00:00, run_after=2024-07-06 00:00:00+00:00
[2024-07-06T14:50:46.554+0000] {processor.py:183} INFO - Processing /home/airflow/.local/lib/python3.12/site-packages/airflow/example_dags/example_nested_branch_dag.py took 0.031 seconds
[2024-07-06T14:51:16.888+0000] {processor.py:161} INFO - Started process (PID=10261) to work on /home/airflow/.local/lib/python3.12/site-packages/airflow/example_dags/example_nested_branch_dag.py
[2024-07-06T14:51:16.888+0000] {processor.py:830} INFO - Processing file /home/airflow/.local/lib/python3.12/site-packages/airflow/example_dags/example_nested_branch_dag.py for tasks to queue
[2024-07-06T14:51:16.889+0000] {logging_mixin.py:188} INFO - [2024-07-06T14:51:16.889+0000] {dagbag.py:545} INFO - Filling up the DagBag from /home/airflow/.local/lib/python3.12/site-packages/airflow/example_dags/example_nested_branch_dag.py
[2024-07-06T14:51:16.893+0000] {processor.py:840} INFO - DAG(s) 'example_nested_branch_dag' retrieved from /home/airflow/.local/lib/python3.12/site-packages/airflow/example_dags/example_nested_branch_dag.py
[2024-07-06T14:51:16.902+0000] {logging_mixin.py:188} INFO - [2024-07-06T14:51:16.902+0000] {dag.py:3096} INFO - Sync 1 DAGs
[2024-07-06T14:51:16.911+0000] {logging_mixin.py:188} INFO - [2024-07-06T14:51:16.911+0000] {dag.py:3954} INFO - Setting next_dagrun for example_nested_branch_dag to 2024-07-05 00:00:00+00:00, run_after=2024-07-06 00:00:00+00:00
[2024-07-06T14:51:16.917+0000] {processor.py:183} INFO - Processing /home/airflow/.local/lib/python3.12/site-packages/airflow/example_dags/example_nested_branch_dag.py took 0.031 seconds
[2024-07-06T14:51:47.269+0000] {processor.py:161} INFO - Started process (PID=10319) to work on /home/airflow/.local/lib/python3.12/site-packages/airflow/example_dags/example_nested_branch_dag.py
[2024-07-06T14:51:47.269+0000] {processor.py:830} INFO - Processing file /home/airflow/.local/lib/python3.12/site-packages/airflow/example_dags/example_nested_branch_dag.py for tasks to queue
[2024-07-06T14:51:47.270+0000] {logging_mixin.py:188} INFO - [2024-07-06T14:51:47.270+0000] {dagbag.py:545} INFO - Filling up the DagBag from /home/airflow/.local/lib/python3.12/site-packages/airflow/example_dags/example_nested_branch_dag.py
[2024-07-06T14:51:47.274+0000] {processor.py:840} INFO - DAG(s) 'example_nested_branch_dag' retrieved from /home/airflow/.local/lib/python3.12/site-packages/airflow/example_dags/example_nested_branch_dag.py
[2024-07-06T14:51:47.286+0000] {logging_mixin.py:188} INFO - [2024-07-06T14:51:47.286+0000] {dag.py:3096} INFO - Sync 1 DAGs
[2024-07-06T14:51:47.296+0000] {logging_mixin.py:188} INFO - [2024-07-06T14:51:47.295+0000] {dag.py:3954} INFO - Setting next_dagrun for example_nested_branch_dag to 2024-07-05 00:00:00+00:00, run_after=2024-07-06 00:00:00+00:00
[2024-07-06T14:51:47.303+0000] {processor.py:183} INFO - Processing /home/airflow/.local/lib/python3.12/site-packages/airflow/example_dags/example_nested_branch_dag.py took 0.036 seconds
[2024-07-06T14:52:17.709+0000] {processor.py:161} INFO - Started process (PID=10377) to work on /home/airflow/.local/lib/python3.12/site-packages/airflow/example_dags/example_nested_branch_dag.py
[2024-07-06T14:52:17.710+0000] {processor.py:830} INFO - Processing file /home/airflow/.local/lib/python3.12/site-packages/airflow/example_dags/example_nested_branch_dag.py for tasks to queue
[2024-07-06T14:52:17.711+0000] {logging_mixin.py:188} INFO - [2024-07-06T14:52:17.710+0000] {dagbag.py:545} INFO - Filling up the DagBag from /home/airflow/.local/lib/python3.12/site-packages/airflow/example_dags/example_nested_branch_dag.py
[2024-07-06T14:52:17.714+0000] {processor.py:840} INFO - DAG(s) 'example_nested_branch_dag' retrieved from /home/airflow/.local/lib/python3.12/site-packages/airflow/example_dags/example_nested_branch_dag.py
[2024-07-06T14:52:17.723+0000] {logging_mixin.py:188} INFO - [2024-07-06T14:52:17.722+0000] {dag.py:3096} INFO - Sync 1 DAGs
[2024-07-06T14:52:17.731+0000] {logging_mixin.py:188} INFO - [2024-07-06T14:52:17.730+0000] {dag.py:3954} INFO - Setting next_dagrun for example_nested_branch_dag to 2024-07-05 00:00:00+00:00, run_after=2024-07-06 00:00:00+00:00
[2024-07-06T14:52:17.737+0000] {processor.py:183} INFO - Processing /home/airflow/.local/lib/python3.12/site-packages/airflow/example_dags/example_nested_branch_dag.py took 0.030 seconds
[2024-07-06T14:52:48.092+0000] {processor.py:161} INFO - Started process (PID=10435) to work on /home/airflow/.local/lib/python3.12/site-packages/airflow/example_dags/example_nested_branch_dag.py
[2024-07-06T14:52:48.092+0000] {processor.py:830} INFO - Processing file /home/airflow/.local/lib/python3.12/site-packages/airflow/example_dags/example_nested_branch_dag.py for tasks to queue
[2024-07-06T14:52:48.093+0000] {logging_mixin.py:188} INFO - [2024-07-06T14:52:48.093+0000] {dagbag.py:545} INFO - Filling up the DagBag from /home/airflow/.local/lib/python3.12/site-packages/airflow/example_dags/example_nested_branch_dag.py
[2024-07-06T14:52:48.098+0000] {processor.py:840} INFO - DAG(s) 'example_nested_branch_dag' retrieved from /home/airflow/.local/lib/python3.12/site-packages/airflow/example_dags/example_nested_branch_dag.py
[2024-07-06T14:52:48.107+0000] {logging_mixin.py:188} INFO - [2024-07-06T14:52:48.107+0000] {dag.py:3096} INFO - Sync 1 DAGs
[2024-07-06T14:52:48.116+0000] {logging_mixin.py:188} INFO - [2024-07-06T14:52:48.116+0000] {dag.py:3954} INFO - Setting next_dagrun for example_nested_branch_dag to 2024-07-05 00:00:00+00:00, run_after=2024-07-06 00:00:00+00:00
[2024-07-06T14:52:48.123+0000] {processor.py:183} INFO - Processing /home/airflow/.local/lib/python3.12/site-packages/airflow/example_dags/example_nested_branch_dag.py took 0.034 seconds
[2024-07-06T14:53:18.459+0000] {processor.py:161} INFO - Started process (PID=10493) to work on /home/airflow/.local/lib/python3.12/site-packages/airflow/example_dags/example_nested_branch_dag.py
[2024-07-06T14:53:18.459+0000] {processor.py:830} INFO - Processing file /home/airflow/.local/lib/python3.12/site-packages/airflow/example_dags/example_nested_branch_dag.py for tasks to queue
[2024-07-06T14:53:18.460+0000] {logging_mixin.py:188} INFO - [2024-07-06T14:53:18.460+0000] {dagbag.py:545} INFO - Filling up the DagBag from /home/airflow/.local/lib/python3.12/site-packages/airflow/example_dags/example_nested_branch_dag.py
[2024-07-06T14:53:18.463+0000] {processor.py:840} INFO - DAG(s) 'example_nested_branch_dag' retrieved from /home/airflow/.local/lib/python3.12/site-packages/airflow/example_dags/example_nested_branch_dag.py
[2024-07-06T14:53:18.471+0000] {logging_mixin.py:188} INFO - [2024-07-06T14:53:18.471+0000] {dag.py:3096} INFO - Sync 1 DAGs
[2024-07-06T14:53:18.478+0000] {logging_mixin.py:188} INFO - [2024-07-06T14:53:18.478+0000] {dag.py:3954} INFO - Setting next_dagrun for example_nested_branch_dag to 2024-07-05 00:00:00+00:00, run_after=2024-07-06 00:00:00+00:00
[2024-07-06T14:53:18.484+0000] {processor.py:183} INFO - Processing /home/airflow/.local/lib/python3.12/site-packages/airflow/example_dags/example_nested_branch_dag.py took 0.028 seconds
[2024-07-06T14:53:48.790+0000] {processor.py:161} INFO - Started process (PID=10551) to work on /home/airflow/.local/lib/python3.12/site-packages/airflow/example_dags/example_nested_branch_dag.py
[2024-07-06T14:53:48.791+0000] {processor.py:830} INFO - Processing file /home/airflow/.local/lib/python3.12/site-packages/airflow/example_dags/example_nested_branch_dag.py for tasks to queue
[2024-07-06T14:53:48.791+0000] {logging_mixin.py:188} INFO - [2024-07-06T14:53:48.791+0000] {dagbag.py:545} INFO - Filling up the DagBag from /home/airflow/.local/lib/python3.12/site-packages/airflow/example_dags/example_nested_branch_dag.py
[2024-07-06T14:53:48.796+0000] {processor.py:840} INFO - DAG(s) 'example_nested_branch_dag' retrieved from /home/airflow/.local/lib/python3.12/site-packages/airflow/example_dags/example_nested_branch_dag.py
[2024-07-06T14:53:48.804+0000] {logging_mixin.py:188} INFO - [2024-07-06T14:53:48.804+0000] {dag.py:3096} INFO - Sync 1 DAGs
[2024-07-06T14:53:48.812+0000] {logging_mixin.py:188} INFO - [2024-07-06T14:53:48.812+0000] {dag.py:3954} INFO - Setting next_dagrun for example_nested_branch_dag to 2024-07-05 00:00:00+00:00, run_after=2024-07-06 00:00:00+00:00
[2024-07-06T14:53:48.819+0000] {processor.py:183} INFO - Processing /home/airflow/.local/lib/python3.12/site-packages/airflow/example_dags/example_nested_branch_dag.py took 0.031 seconds
[2024-07-06T14:54:19.093+0000] {processor.py:161} INFO - Started process (PID=10609) to work on /home/airflow/.local/lib/python3.12/site-packages/airflow/example_dags/example_nested_branch_dag.py
[2024-07-06T14:54:19.094+0000] {processor.py:830} INFO - Processing file /home/airflow/.local/lib/python3.12/site-packages/airflow/example_dags/example_nested_branch_dag.py for tasks to queue
[2024-07-06T14:54:19.095+0000] {logging_mixin.py:188} INFO - [2024-07-06T14:54:19.094+0000] {dagbag.py:545} INFO - Filling up the DagBag from /home/airflow/.local/lib/python3.12/site-packages/airflow/example_dags/example_nested_branch_dag.py
[2024-07-06T14:54:19.099+0000] {processor.py:840} INFO - DAG(s) 'example_nested_branch_dag' retrieved from /home/airflow/.local/lib/python3.12/site-packages/airflow/example_dags/example_nested_branch_dag.py
[2024-07-06T14:54:19.106+0000] {logging_mixin.py:188} INFO - [2024-07-06T14:54:19.106+0000] {dag.py:3096} INFO - Sync 1 DAGs
[2024-07-06T14:54:19.114+0000] {logging_mixin.py:188} INFO - [2024-07-06T14:54:19.114+0000] {dag.py:3954} INFO - Setting next_dagrun for example_nested_branch_dag to 2024-07-05 00:00:00+00:00, run_after=2024-07-06 00:00:00+00:00
[2024-07-06T14:54:19.120+0000] {processor.py:183} INFO - Processing /home/airflow/.local/lib/python3.12/site-packages/airflow/example_dags/example_nested_branch_dag.py took 0.029 seconds
[2024-07-06T14:54:49.446+0000] {processor.py:161} INFO - Started process (PID=10666) to work on /home/airflow/.local/lib/python3.12/site-packages/airflow/example_dags/example_nested_branch_dag.py
[2024-07-06T14:54:49.446+0000] {processor.py:830} INFO - Processing file /home/airflow/.local/lib/python3.12/site-packages/airflow/example_dags/example_nested_branch_dag.py for tasks to queue
[2024-07-06T14:54:49.447+0000] {logging_mixin.py:188} INFO - [2024-07-06T14:54:49.447+0000] {dagbag.py:545} INFO - Filling up the DagBag from /home/airflow/.local/lib/python3.12/site-packages/airflow/example_dags/example_nested_branch_dag.py
[2024-07-06T14:54:49.451+0000] {processor.py:840} INFO - DAG(s) 'example_nested_branch_dag' retrieved from /home/airflow/.local/lib/python3.12/site-packages/airflow/example_dags/example_nested_branch_dag.py
[2024-07-06T14:54:49.459+0000] {logging_mixin.py:188} INFO - [2024-07-06T14:54:49.459+0000] {dag.py:3096} INFO - Sync 1 DAGs
[2024-07-06T14:54:49.468+0000] {logging_mixin.py:188} INFO - [2024-07-06T14:54:49.468+0000] {dag.py:3954} INFO - Setting next_dagrun for example_nested_branch_dag to 2024-07-05 00:00:00+00:00, run_after=2024-07-06 00:00:00+00:00
[2024-07-06T14:54:49.477+0000] {processor.py:183} INFO - Processing /home/airflow/.local/lib/python3.12/site-packages/airflow/example_dags/example_nested_branch_dag.py took 0.033 seconds
[2024-07-06T14:55:19.905+0000] {processor.py:161} INFO - Started process (PID=10724) to work on /home/airflow/.local/lib/python3.12/site-packages/airflow/example_dags/example_nested_branch_dag.py
[2024-07-06T14:55:19.905+0000] {processor.py:830} INFO - Processing file /home/airflow/.local/lib/python3.12/site-packages/airflow/example_dags/example_nested_branch_dag.py for tasks to queue
[2024-07-06T14:55:19.906+0000] {logging_mixin.py:188} INFO - [2024-07-06T14:55:19.906+0000] {dagbag.py:545} INFO - Filling up the DagBag from /home/airflow/.local/lib/python3.12/site-packages/airflow/example_dags/example_nested_branch_dag.py
[2024-07-06T14:55:19.910+0000] {processor.py:840} INFO - DAG(s) 'example_nested_branch_dag' retrieved from /home/airflow/.local/lib/python3.12/site-packages/airflow/example_dags/example_nested_branch_dag.py
[2024-07-06T14:55:19.918+0000] {logging_mixin.py:188} INFO - [2024-07-06T14:55:19.918+0000] {dag.py:3096} INFO - Sync 1 DAGs
[2024-07-06T14:55:19.926+0000] {logging_mixin.py:188} INFO - [2024-07-06T14:55:19.926+0000] {dag.py:3954} INFO - Setting next_dagrun for example_nested_branch_dag to 2024-07-05 00:00:00+00:00, run_after=2024-07-06 00:00:00+00:00
[2024-07-06T14:55:19.933+0000] {processor.py:183} INFO - Processing /home/airflow/.local/lib/python3.12/site-packages/airflow/example_dags/example_nested_branch_dag.py took 0.031 seconds
[2024-07-06T14:55:50.306+0000] {processor.py:161} INFO - Started process (PID=10782) to work on /home/airflow/.local/lib/python3.12/site-packages/airflow/example_dags/example_nested_branch_dag.py
[2024-07-06T14:55:50.306+0000] {processor.py:830} INFO - Processing file /home/airflow/.local/lib/python3.12/site-packages/airflow/example_dags/example_nested_branch_dag.py for tasks to queue
[2024-07-06T14:55:50.307+0000] {logging_mixin.py:188} INFO - [2024-07-06T14:55:50.307+0000] {dagbag.py:545} INFO - Filling up the DagBag from /home/airflow/.local/lib/python3.12/site-packages/airflow/example_dags/example_nested_branch_dag.py
[2024-07-06T14:55:50.311+0000] {processor.py:840} INFO - DAG(s) 'example_nested_branch_dag' retrieved from /home/airflow/.local/lib/python3.12/site-packages/airflow/example_dags/example_nested_branch_dag.py
[2024-07-06T14:55:50.319+0000] {logging_mixin.py:188} INFO - [2024-07-06T14:55:50.318+0000] {dag.py:3096} INFO - Sync 1 DAGs
[2024-07-06T14:55:50.326+0000] {logging_mixin.py:188} INFO - [2024-07-06T14:55:50.326+0000] {dag.py:3954} INFO - Setting next_dagrun for example_nested_branch_dag to 2024-07-05 00:00:00+00:00, run_after=2024-07-06 00:00:00+00:00
[2024-07-06T14:55:50.332+0000] {processor.py:183} INFO - Processing /home/airflow/.local/lib/python3.12/site-packages/airflow/example_dags/example_nested_branch_dag.py took 0.028 seconds
[2024-07-06T14:56:20.715+0000] {processor.py:161} INFO - Started process (PID=10840) to work on /home/airflow/.local/lib/python3.12/site-packages/airflow/example_dags/example_nested_branch_dag.py
[2024-07-06T14:56:20.715+0000] {processor.py:830} INFO - Processing file /home/airflow/.local/lib/python3.12/site-packages/airflow/example_dags/example_nested_branch_dag.py for tasks to queue
[2024-07-06T14:56:20.716+0000] {logging_mixin.py:188} INFO - [2024-07-06T14:56:20.716+0000] {dagbag.py:545} INFO - Filling up the DagBag from /home/airflow/.local/lib/python3.12/site-packages/airflow/example_dags/example_nested_branch_dag.py
[2024-07-06T14:56:20.720+0000] {processor.py:840} INFO - DAG(s) 'example_nested_branch_dag' retrieved from /home/airflow/.local/lib/python3.12/site-packages/airflow/example_dags/example_nested_branch_dag.py
[2024-07-06T14:56:20.728+0000] {logging_mixin.py:188} INFO - [2024-07-06T14:56:20.728+0000] {dag.py:3096} INFO - Sync 1 DAGs
[2024-07-06T14:56:20.736+0000] {logging_mixin.py:188} INFO - [2024-07-06T14:56:20.736+0000] {dag.py:3954} INFO - Setting next_dagrun for example_nested_branch_dag to 2024-07-05 00:00:00+00:00, run_after=2024-07-06 00:00:00+00:00
[2024-07-06T14:56:20.742+0000] {processor.py:183} INFO - Processing /home/airflow/.local/lib/python3.12/site-packages/airflow/example_dags/example_nested_branch_dag.py took 0.030 seconds
[2024-07-06T14:56:51.055+0000] {processor.py:161} INFO - Started process (PID=10898) to work on /home/airflow/.local/lib/python3.12/site-packages/airflow/example_dags/example_nested_branch_dag.py
[2024-07-06T14:56:51.056+0000] {processor.py:830} INFO - Processing file /home/airflow/.local/lib/python3.12/site-packages/airflow/example_dags/example_nested_branch_dag.py for tasks to queue
[2024-07-06T14:56:51.056+0000] {logging_mixin.py:188} INFO - [2024-07-06T14:56:51.056+0000] {dagbag.py:545} INFO - Filling up the DagBag from /home/airflow/.local/lib/python3.12/site-packages/airflow/example_dags/example_nested_branch_dag.py
[2024-07-06T14:56:51.060+0000] {processor.py:840} INFO - DAG(s) 'example_nested_branch_dag' retrieved from /home/airflow/.local/lib/python3.12/site-packages/airflow/example_dags/example_nested_branch_dag.py
[2024-07-06T14:56:51.069+0000] {logging_mixin.py:188} INFO - [2024-07-06T14:56:51.069+0000] {dag.py:3096} INFO - Sync 1 DAGs
[2024-07-06T14:56:51.077+0000] {logging_mixin.py:188} INFO - [2024-07-06T14:56:51.077+0000] {dag.py:3954} INFO - Setting next_dagrun for example_nested_branch_dag to 2024-07-05 00:00:00+00:00, run_after=2024-07-06 00:00:00+00:00
[2024-07-06T14:56:51.083+0000] {processor.py:183} INFO - Processing /home/airflow/.local/lib/python3.12/site-packages/airflow/example_dags/example_nested_branch_dag.py took 0.030 seconds
[2024-07-06T14:57:21.391+0000] {processor.py:161} INFO - Started process (PID=10956) to work on /home/airflow/.local/lib/python3.12/site-packages/airflow/example_dags/example_nested_branch_dag.py
[2024-07-06T14:57:21.392+0000] {processor.py:830} INFO - Processing file /home/airflow/.local/lib/python3.12/site-packages/airflow/example_dags/example_nested_branch_dag.py for tasks to queue
[2024-07-06T14:57:21.392+0000] {logging_mixin.py:188} INFO - [2024-07-06T14:57:21.392+0000] {dagbag.py:545} INFO - Filling up the DagBag from /home/airflow/.local/lib/python3.12/site-packages/airflow/example_dags/example_nested_branch_dag.py
[2024-07-06T14:57:21.396+0000] {processor.py:840} INFO - DAG(s) 'example_nested_branch_dag' retrieved from /home/airflow/.local/lib/python3.12/site-packages/airflow/example_dags/example_nested_branch_dag.py
[2024-07-06T14:57:21.404+0000] {logging_mixin.py:188} INFO - [2024-07-06T14:57:21.404+0000] {dag.py:3096} INFO - Sync 1 DAGs
[2024-07-06T14:57:21.413+0000] {logging_mixin.py:188} INFO - [2024-07-06T14:57:21.413+0000] {dag.py:3954} INFO - Setting next_dagrun for example_nested_branch_dag to 2024-07-05 00:00:00+00:00, run_after=2024-07-06 00:00:00+00:00
[2024-07-06T14:57:21.419+0000] {processor.py:183} INFO - Processing /home/airflow/.local/lib/python3.12/site-packages/airflow/example_dags/example_nested_branch_dag.py took 0.030 seconds
[2024-07-06T14:57:51.780+0000] {processor.py:161} INFO - Started process (PID=11014) to work on /home/airflow/.local/lib/python3.12/site-packages/airflow/example_dags/example_nested_branch_dag.py
[2024-07-06T14:57:51.780+0000] {processor.py:830} INFO - Processing file /home/airflow/.local/lib/python3.12/site-packages/airflow/example_dags/example_nested_branch_dag.py for tasks to queue
[2024-07-06T14:57:51.781+0000] {logging_mixin.py:188} INFO - [2024-07-06T14:57:51.780+0000] {dagbag.py:545} INFO - Filling up the DagBag from /home/airflow/.local/lib/python3.12/site-packages/airflow/example_dags/example_nested_branch_dag.py
[2024-07-06T14:57:51.785+0000] {processor.py:840} INFO - DAG(s) 'example_nested_branch_dag' retrieved from /home/airflow/.local/lib/python3.12/site-packages/airflow/example_dags/example_nested_branch_dag.py
[2024-07-06T14:57:51.792+0000] {logging_mixin.py:188} INFO - [2024-07-06T14:57:51.792+0000] {dag.py:3096} INFO - Sync 1 DAGs
[2024-07-06T14:57:51.800+0000] {logging_mixin.py:188} INFO - [2024-07-06T14:57:51.800+0000] {dag.py:3954} INFO - Setting next_dagrun for example_nested_branch_dag to 2024-07-05 00:00:00+00:00, run_after=2024-07-06 00:00:00+00:00
[2024-07-06T14:57:51.806+0000] {processor.py:183} INFO - Processing /home/airflow/.local/lib/python3.12/site-packages/airflow/example_dags/example_nested_branch_dag.py took 0.028 seconds
[2024-07-06T14:58:22.254+0000] {processor.py:161} INFO - Started process (PID=11072) to work on /home/airflow/.local/lib/python3.12/site-packages/airflow/example_dags/example_nested_branch_dag.py
[2024-07-06T14:58:22.254+0000] {processor.py:830} INFO - Processing file /home/airflow/.local/lib/python3.12/site-packages/airflow/example_dags/example_nested_branch_dag.py for tasks to queue
[2024-07-06T14:58:22.255+0000] {logging_mixin.py:188} INFO - [2024-07-06T14:58:22.255+0000] {dagbag.py:545} INFO - Filling up the DagBag from /home/airflow/.local/lib/python3.12/site-packages/airflow/example_dags/example_nested_branch_dag.py
[2024-07-06T14:58:22.259+0000] {processor.py:840} INFO - DAG(s) 'example_nested_branch_dag' retrieved from /home/airflow/.local/lib/python3.12/site-packages/airflow/example_dags/example_nested_branch_dag.py
[2024-07-06T14:58:22.266+0000] {logging_mixin.py:188} INFO - [2024-07-06T14:58:22.266+0000] {dag.py:3096} INFO - Sync 1 DAGs
[2024-07-06T14:58:22.273+0000] {logging_mixin.py:188} INFO - [2024-07-06T14:58:22.273+0000] {dag.py:3954} INFO - Setting next_dagrun for example_nested_branch_dag to 2024-07-05 00:00:00+00:00, run_after=2024-07-06 00:00:00+00:00
[2024-07-06T14:58:22.279+0000] {processor.py:183} INFO - Processing /home/airflow/.local/lib/python3.12/site-packages/airflow/example_dags/example_nested_branch_dag.py took 0.028 seconds
[2024-07-06T14:58:52.749+0000] {processor.py:161} INFO - Started process (PID=11130) to work on /home/airflow/.local/lib/python3.12/site-packages/airflow/example_dags/example_nested_branch_dag.py
[2024-07-06T14:58:52.749+0000] {processor.py:830} INFO - Processing file /home/airflow/.local/lib/python3.12/site-packages/airflow/example_dags/example_nested_branch_dag.py for tasks to queue
[2024-07-06T14:58:52.750+0000] {logging_mixin.py:188} INFO - [2024-07-06T14:58:52.750+0000] {dagbag.py:545} INFO - Filling up the DagBag from /home/airflow/.local/lib/python3.12/site-packages/airflow/example_dags/example_nested_branch_dag.py
[2024-07-06T14:58:52.754+0000] {processor.py:840} INFO - DAG(s) 'example_nested_branch_dag' retrieved from /home/airflow/.local/lib/python3.12/site-packages/airflow/example_dags/example_nested_branch_dag.py
[2024-07-06T14:58:52.761+0000] {logging_mixin.py:188} INFO - [2024-07-06T14:58:52.761+0000] {dag.py:3096} INFO - Sync 1 DAGs
[2024-07-06T14:58:52.769+0000] {logging_mixin.py:188} INFO - [2024-07-06T14:58:52.768+0000] {dag.py:3954} INFO - Setting next_dagrun for example_nested_branch_dag to 2024-07-05 00:00:00+00:00, run_after=2024-07-06 00:00:00+00:00
[2024-07-06T14:58:52.774+0000] {processor.py:183} INFO - Processing /home/airflow/.local/lib/python3.12/site-packages/airflow/example_dags/example_nested_branch_dag.py took 0.028 seconds
[2024-07-06T14:59:23.375+0000] {processor.py:161} INFO - Started process (PID=11188) to work on /home/airflow/.local/lib/python3.12/site-packages/airflow/example_dags/example_nested_branch_dag.py
[2024-07-06T14:59:23.377+0000] {processor.py:830} INFO - Processing file /home/airflow/.local/lib/python3.12/site-packages/airflow/example_dags/example_nested_branch_dag.py for tasks to queue
[2024-07-06T14:59:23.379+0000] {logging_mixin.py:188} INFO - [2024-07-06T14:59:23.379+0000] {dagbag.py:545} INFO - Filling up the DagBag from /home/airflow/.local/lib/python3.12/site-packages/airflow/example_dags/example_nested_branch_dag.py
[2024-07-06T14:59:23.387+0000] {processor.py:840} INFO - DAG(s) 'example_nested_branch_dag' retrieved from /home/airflow/.local/lib/python3.12/site-packages/airflow/example_dags/example_nested_branch_dag.py
[2024-07-06T14:59:23.396+0000] {logging_mixin.py:188} INFO - [2024-07-06T14:59:23.396+0000] {dag.py:3096} INFO - Sync 1 DAGs
[2024-07-06T14:59:23.405+0000] {logging_mixin.py:188} INFO - [2024-07-06T14:59:23.405+0000] {dag.py:3954} INFO - Setting next_dagrun for example_nested_branch_dag to 2024-07-05 00:00:00+00:00, run_after=2024-07-06 00:00:00+00:00
[2024-07-06T14:59:23.411+0000] {processor.py:183} INFO - Processing /home/airflow/.local/lib/python3.12/site-packages/airflow/example_dags/example_nested_branch_dag.py took 0.040 seconds
[2024-07-06T14:59:54.033+0000] {processor.py:161} INFO - Started process (PID=11246) to work on /home/airflow/.local/lib/python3.12/site-packages/airflow/example_dags/example_nested_branch_dag.py
[2024-07-06T14:59:54.033+0000] {processor.py:830} INFO - Processing file /home/airflow/.local/lib/python3.12/site-packages/airflow/example_dags/example_nested_branch_dag.py for tasks to queue
[2024-07-06T14:59:54.034+0000] {logging_mixin.py:188} INFO - [2024-07-06T14:59:54.034+0000] {dagbag.py:545} INFO - Filling up the DagBag from /home/airflow/.local/lib/python3.12/site-packages/airflow/example_dags/example_nested_branch_dag.py
[2024-07-06T14:59:54.039+0000] {processor.py:840} INFO - DAG(s) 'example_nested_branch_dag' retrieved from /home/airflow/.local/lib/python3.12/site-packages/airflow/example_dags/example_nested_branch_dag.py
[2024-07-06T14:59:54.049+0000] {logging_mixin.py:188} INFO - [2024-07-06T14:59:54.049+0000] {dag.py:3096} INFO - Sync 1 DAGs
[2024-07-06T14:59:54.059+0000] {logging_mixin.py:188} INFO - [2024-07-06T14:59:54.059+0000] {dag.py:3954} INFO - Setting next_dagrun for example_nested_branch_dag to 2024-07-05 00:00:00+00:00, run_after=2024-07-06 00:00:00+00:00
[2024-07-06T14:59:54.066+0000] {processor.py:183} INFO - Processing /home/airflow/.local/lib/python3.12/site-packages/airflow/example_dags/example_nested_branch_dag.py took 0.036 seconds
[2024-07-06T15:00:24.474+0000] {processor.py:161} INFO - Started process (PID=11304) to work on /home/airflow/.local/lib/python3.12/site-packages/airflow/example_dags/example_nested_branch_dag.py
[2024-07-06T15:00:24.475+0000] {processor.py:830} INFO - Processing file /home/airflow/.local/lib/python3.12/site-packages/airflow/example_dags/example_nested_branch_dag.py for tasks to queue
[2024-07-06T15:00:24.475+0000] {logging_mixin.py:188} INFO - [2024-07-06T15:00:24.475+0000] {dagbag.py:545} INFO - Filling up the DagBag from /home/airflow/.local/lib/python3.12/site-packages/airflow/example_dags/example_nested_branch_dag.py
[2024-07-06T15:00:24.479+0000] {processor.py:840} INFO - DAG(s) 'example_nested_branch_dag' retrieved from /home/airflow/.local/lib/python3.12/site-packages/airflow/example_dags/example_nested_branch_dag.py
[2024-07-06T15:00:24.488+0000] {logging_mixin.py:188} INFO - [2024-07-06T15:00:24.488+0000] {dag.py:3096} INFO - Sync 1 DAGs
[2024-07-06T15:00:24.495+0000] {logging_mixin.py:188} INFO - [2024-07-06T15:00:24.495+0000] {dag.py:3954} INFO - Setting next_dagrun for example_nested_branch_dag to 2024-07-05 00:00:00+00:00, run_after=2024-07-06 00:00:00+00:00
[2024-07-06T15:00:24.502+0000] {processor.py:183} INFO - Processing /home/airflow/.local/lib/python3.12/site-packages/airflow/example_dags/example_nested_branch_dag.py took 0.030 seconds
