[2024-07-06T00:02:22.265+0000] {processor.py:161} INFO - Started process (PID=8210) to work on /home/airflow/.local/lib/python3.12/site-packages/airflow/example_dags/example_branch_python_dop_operator_3.py
[2024-07-06T00:02:22.265+0000] {processor.py:830} INFO - Processing file /home/airflow/.local/lib/python3.12/site-packages/airflow/example_dags/example_branch_python_dop_operator_3.py for tasks to queue
[2024-07-06T00:02:22.266+0000] {logging_mixin.py:188} INFO - [2024-07-06T00:02:22.266+0000] {dagbag.py:545} INFO - Filling up the DagBag from /home/airflow/.local/lib/python3.12/site-packages/airflow/example_dags/example_branch_python_dop_operator_3.py
[2024-07-06T00:02:22.270+0000] {processor.py:840} INFO - DAG(s) 'example_branch_dop_operator_v3' retrieved from /home/airflow/.local/lib/python3.12/site-packages/airflow/example_dags/example_branch_python_dop_operator_3.py
[2024-07-06T00:02:22.280+0000] {logging_mixin.py:188} INFO - [2024-07-06T00:02:22.280+0000] {dag.py:3096} INFO - Sync 1 DAGs
[2024-07-06T00:02:22.291+0000] {logging_mixin.py:188} INFO - [2024-07-06T00:02:22.291+0000] {dag.py:3954} INFO - Setting next_dagrun for example_branch_dop_operator_v3 to 2024-07-06 00:01:00+00:00, run_after=2024-07-06 00:02:00+00:00
[2024-07-06T00:02:22.298+0000] {processor.py:183} INFO - Processing /home/airflow/.local/lib/python3.12/site-packages/airflow/example_dags/example_branch_python_dop_operator_3.py took 0.035 seconds
[2024-07-06T01:03:22.592+0000] {processor.py:161} INFO - Started process (PID=8268) to work on /home/airflow/.local/lib/python3.12/site-packages/airflow/example_dags/example_branch_python_dop_operator_3.py
[2024-07-06T01:03:22.593+0000] {processor.py:830} INFO - Processing file /home/airflow/.local/lib/python3.12/site-packages/airflow/example_dags/example_branch_python_dop_operator_3.py for tasks to queue
[2024-07-06T01:03:22.593+0000] {logging_mixin.py:188} INFO - [2024-07-06T01:03:22.593+0000] {dagbag.py:545} INFO - Filling up the DagBag from /home/airflow/.local/lib/python3.12/site-packages/airflow/example_dags/example_branch_python_dop_operator_3.py
[2024-07-06T01:03:22.597+0000] {processor.py:840} INFO - DAG(s) 'example_branch_dop_operator_v3' retrieved from /home/airflow/.local/lib/python3.12/site-packages/airflow/example_dags/example_branch_python_dop_operator_3.py
[2024-07-06T01:03:22.604+0000] {logging_mixin.py:188} INFO - [2024-07-06T01:03:22.604+0000] {dag.py:3096} INFO - Sync 1 DAGs
[2024-07-06T01:03:22.612+0000] {logging_mixin.py:188} INFO - [2024-07-06T01:03:22.612+0000] {dag.py:3954} INFO - Setting next_dagrun for example_branch_dop_operator_v3 to 2024-07-06 01:02:00+00:00, run_after=2024-07-06 01:03:00+00:00
[2024-07-06T01:03:22.619+0000] {processor.py:183} INFO - Processing /home/airflow/.local/lib/python3.12/site-packages/airflow/example_dags/example_branch_python_dop_operator_3.py took 0.029 seconds
[2024-07-06T02:04:18.126+0000] {processor.py:161} INFO - Started process (PID=8326) to work on /home/airflow/.local/lib/python3.12/site-packages/airflow/example_dags/example_branch_python_dop_operator_3.py
[2024-07-06T02:04:18.127+0000] {processor.py:830} INFO - Processing file /home/airflow/.local/lib/python3.12/site-packages/airflow/example_dags/example_branch_python_dop_operator_3.py for tasks to queue
[2024-07-06T02:04:18.128+0000] {logging_mixin.py:188} INFO - [2024-07-06T02:04:18.127+0000] {dagbag.py:545} INFO - Filling up the DagBag from /home/airflow/.local/lib/python3.12/site-packages/airflow/example_dags/example_branch_python_dop_operator_3.py
[2024-07-06T02:04:18.132+0000] {processor.py:840} INFO - DAG(s) 'example_branch_dop_operator_v3' retrieved from /home/airflow/.local/lib/python3.12/site-packages/airflow/example_dags/example_branch_python_dop_operator_3.py
[2024-07-06T02:04:18.140+0000] {logging_mixin.py:188} INFO - [2024-07-06T02:04:18.140+0000] {dag.py:3096} INFO - Sync 1 DAGs
[2024-07-06T02:04:18.151+0000] {logging_mixin.py:188} INFO - [2024-07-06T02:04:18.151+0000] {dag.py:3954} INFO - Setting next_dagrun for example_branch_dop_operator_v3 to 2024-07-06 02:03:00+00:00, run_after=2024-07-06 02:04:00+00:00
[2024-07-06T02:04:18.158+0000] {processor.py:183} INFO - Processing /home/airflow/.local/lib/python3.12/site-packages/airflow/example_dags/example_branch_python_dop_operator_3.py took 0.034 seconds
[2024-07-06T03:05:22.205+0000] {processor.py:161} INFO - Started process (PID=8384) to work on /home/airflow/.local/lib/python3.12/site-packages/airflow/example_dags/example_branch_python_dop_operator_3.py
[2024-07-06T03:05:22.206+0000] {processor.py:830} INFO - Processing file /home/airflow/.local/lib/python3.12/site-packages/airflow/example_dags/example_branch_python_dop_operator_3.py for tasks to queue
[2024-07-06T03:05:22.207+0000] {logging_mixin.py:188} INFO - [2024-07-06T03:05:22.207+0000] {dagbag.py:545} INFO - Filling up the DagBag from /home/airflow/.local/lib/python3.12/site-packages/airflow/example_dags/example_branch_python_dop_operator_3.py
[2024-07-06T03:05:22.210+0000] {processor.py:840} INFO - DAG(s) 'example_branch_dop_operator_v3' retrieved from /home/airflow/.local/lib/python3.12/site-packages/airflow/example_dags/example_branch_python_dop_operator_3.py
[2024-07-06T03:05:22.219+0000] {logging_mixin.py:188} INFO - [2024-07-06T03:05:22.219+0000] {dag.py:3096} INFO - Sync 1 DAGs
[2024-07-06T03:05:22.228+0000] {logging_mixin.py:188} INFO - [2024-07-06T03:05:22.228+0000] {dag.py:3954} INFO - Setting next_dagrun for example_branch_dop_operator_v3 to 2024-07-06 03:04:00+00:00, run_after=2024-07-06 03:05:00+00:00
[2024-07-06T03:05:22.235+0000] {processor.py:183} INFO - Processing /home/airflow/.local/lib/python3.12/site-packages/airflow/example_dags/example_branch_python_dop_operator_3.py took 0.032 seconds
[2024-07-06T04:24:03.425+0000] {processor.py:161} INFO - Started process (PID=8442) to work on /home/airflow/.local/lib/python3.12/site-packages/airflow/example_dags/example_branch_python_dop_operator_3.py
[2024-07-06T04:24:03.427+0000] {processor.py:830} INFO - Processing file /home/airflow/.local/lib/python3.12/site-packages/airflow/example_dags/example_branch_python_dop_operator_3.py for tasks to queue
[2024-07-06T04:24:03.428+0000] {logging_mixin.py:188} INFO - [2024-07-06T04:24:03.428+0000] {dagbag.py:545} INFO - Filling up the DagBag from /home/airflow/.local/lib/python3.12/site-packages/airflow/example_dags/example_branch_python_dop_operator_3.py
[2024-07-06T04:24:03.432+0000] {processor.py:840} INFO - DAG(s) 'example_branch_dop_operator_v3' retrieved from /home/airflow/.local/lib/python3.12/site-packages/airflow/example_dags/example_branch_python_dop_operator_3.py
[2024-07-06T04:24:03.439+0000] {logging_mixin.py:188} INFO - [2024-07-06T04:24:03.439+0000] {dag.py:3096} INFO - Sync 1 DAGs
[2024-07-06T04:24:03.448+0000] {logging_mixin.py:188} INFO - [2024-07-06T04:24:03.448+0000] {dag.py:3954} INFO - Setting next_dagrun for example_branch_dop_operator_v3 to 2024-07-06 04:23:00+00:00, run_after=2024-07-06 04:24:00+00:00
[2024-07-06T04:24:03.454+0000] {processor.py:183} INFO - Processing /home/airflow/.local/lib/python3.12/site-packages/airflow/example_dags/example_branch_python_dop_operator_3.py took 0.031 seconds
[2024-07-06T05:41:15.018+0000] {processor.py:161} INFO - Started process (PID=8500) to work on /home/airflow/.local/lib/python3.12/site-packages/airflow/example_dags/example_branch_python_dop_operator_3.py
[2024-07-06T05:41:15.018+0000] {processor.py:830} INFO - Processing file /home/airflow/.local/lib/python3.12/site-packages/airflow/example_dags/example_branch_python_dop_operator_3.py for tasks to queue
[2024-07-06T05:41:15.019+0000] {logging_mixin.py:188} INFO - [2024-07-06T05:41:15.019+0000] {dagbag.py:545} INFO - Filling up the DagBag from /home/airflow/.local/lib/python3.12/site-packages/airflow/example_dags/example_branch_python_dop_operator_3.py
[2024-07-06T05:41:15.022+0000] {processor.py:840} INFO - DAG(s) 'example_branch_dop_operator_v3' retrieved from /home/airflow/.local/lib/python3.12/site-packages/airflow/example_dags/example_branch_python_dop_operator_3.py
[2024-07-06T05:41:15.030+0000] {logging_mixin.py:188} INFO - [2024-07-06T05:41:15.030+0000] {dag.py:3096} INFO - Sync 1 DAGs
[2024-07-06T05:41:15.040+0000] {logging_mixin.py:188} INFO - [2024-07-06T05:41:15.040+0000] {dag.py:3954} INFO - Setting next_dagrun for example_branch_dop_operator_v3 to 2024-07-06 05:40:00+00:00, run_after=2024-07-06 05:41:00+00:00
[2024-07-06T05:41:15.047+0000] {processor.py:183} INFO - Processing /home/airflow/.local/lib/python3.12/site-packages/airflow/example_dags/example_branch_python_dop_operator_3.py took 0.032 seconds
[2024-07-06T06:57:58.487+0000] {processor.py:161} INFO - Started process (PID=8558) to work on /home/airflow/.local/lib/python3.12/site-packages/airflow/example_dags/example_branch_python_dop_operator_3.py
[2024-07-06T06:57:58.487+0000] {processor.py:830} INFO - Processing file /home/airflow/.local/lib/python3.12/site-packages/airflow/example_dags/example_branch_python_dop_operator_3.py for tasks to queue
[2024-07-06T06:57:58.488+0000] {logging_mixin.py:188} INFO - [2024-07-06T06:57:58.488+0000] {dagbag.py:545} INFO - Filling up the DagBag from /home/airflow/.local/lib/python3.12/site-packages/airflow/example_dags/example_branch_python_dop_operator_3.py
[2024-07-06T06:57:58.492+0000] {processor.py:840} INFO - DAG(s) 'example_branch_dop_operator_v3' retrieved from /home/airflow/.local/lib/python3.12/site-packages/airflow/example_dags/example_branch_python_dop_operator_3.py
[2024-07-06T06:57:58.500+0000] {logging_mixin.py:188} INFO - [2024-07-06T06:57:58.500+0000] {dag.py:3096} INFO - Sync 1 DAGs
[2024-07-06T06:57:58.509+0000] {logging_mixin.py:188} INFO - [2024-07-06T06:57:58.509+0000] {dag.py:3954} INFO - Setting next_dagrun for example_branch_dop_operator_v3 to 2024-07-06 06:56:00+00:00, run_after=2024-07-06 06:57:00+00:00
[2024-07-06T06:57:58.516+0000] {processor.py:183} INFO - Processing /home/airflow/.local/lib/python3.12/site-packages/airflow/example_dags/example_branch_python_dop_operator_3.py took 0.032 seconds
[2024-07-06T07:58:18.876+0000] {processor.py:161} INFO - Started process (PID=8616) to work on /home/airflow/.local/lib/python3.12/site-packages/airflow/example_dags/example_branch_python_dop_operator_3.py
[2024-07-06T07:58:18.876+0000] {processor.py:830} INFO - Processing file /home/airflow/.local/lib/python3.12/site-packages/airflow/example_dags/example_branch_python_dop_operator_3.py for tasks to queue
[2024-07-06T07:58:18.877+0000] {logging_mixin.py:188} INFO - [2024-07-06T07:58:18.877+0000] {dagbag.py:545} INFO - Filling up the DagBag from /home/airflow/.local/lib/python3.12/site-packages/airflow/example_dags/example_branch_python_dop_operator_3.py
[2024-07-06T07:58:18.880+0000] {processor.py:840} INFO - DAG(s) 'example_branch_dop_operator_v3' retrieved from /home/airflow/.local/lib/python3.12/site-packages/airflow/example_dags/example_branch_python_dop_operator_3.py
[2024-07-06T07:58:18.889+0000] {logging_mixin.py:188} INFO - [2024-07-06T07:58:18.889+0000] {dag.py:3096} INFO - Sync 1 DAGs
[2024-07-06T07:58:18.898+0000] {logging_mixin.py:188} INFO - [2024-07-06T07:58:18.898+0000] {dag.py:3954} INFO - Setting next_dagrun for example_branch_dop_operator_v3 to 2024-07-06 07:57:00+00:00, run_after=2024-07-06 07:58:00+00:00
[2024-07-06T07:58:18.905+0000] {processor.py:183} INFO - Processing /home/airflow/.local/lib/python3.12/site-packages/airflow/example_dags/example_branch_python_dop_operator_3.py took 0.032 seconds
[2024-07-06T08:36:32.500+0000] {processor.py:161} INFO - Started process (PID=8674) to work on /home/airflow/.local/lib/python3.12/site-packages/airflow/example_dags/example_branch_python_dop_operator_3.py
[2024-07-06T08:36:32.501+0000] {processor.py:830} INFO - Processing file /home/airflow/.local/lib/python3.12/site-packages/airflow/example_dags/example_branch_python_dop_operator_3.py for tasks to queue
[2024-07-06T08:36:32.502+0000] {logging_mixin.py:188} INFO - [2024-07-06T08:36:32.501+0000] {dagbag.py:545} INFO - Filling up the DagBag from /home/airflow/.local/lib/python3.12/site-packages/airflow/example_dags/example_branch_python_dop_operator_3.py
[2024-07-06T08:36:32.506+0000] {processor.py:840} INFO - DAG(s) 'example_branch_dop_operator_v3' retrieved from /home/airflow/.local/lib/python3.12/site-packages/airflow/example_dags/example_branch_python_dop_operator_3.py
[2024-07-06T08:36:32.515+0000] {logging_mixin.py:188} INFO - [2024-07-06T08:36:32.515+0000] {dag.py:3096} INFO - Sync 1 DAGs
[2024-07-06T08:36:32.524+0000] {logging_mixin.py:188} INFO - [2024-07-06T08:36:32.524+0000] {dag.py:3954} INFO - Setting next_dagrun for example_branch_dop_operator_v3 to 2024-07-06 08:35:00+00:00, run_after=2024-07-06 08:36:00+00:00
[2024-07-06T08:36:32.531+0000] {processor.py:183} INFO - Processing /home/airflow/.local/lib/python3.12/site-packages/airflow/example_dags/example_branch_python_dop_operator_3.py took 0.033 seconds
[2024-07-06T09:11:22.762+0000] {processor.py:161} INFO - Started process (PID=8732) to work on /home/airflow/.local/lib/python3.12/site-packages/airflow/example_dags/example_branch_python_dop_operator_3.py
[2024-07-06T09:11:22.762+0000] {processor.py:830} INFO - Processing file /home/airflow/.local/lib/python3.12/site-packages/airflow/example_dags/example_branch_python_dop_operator_3.py for tasks to queue
[2024-07-06T09:11:22.763+0000] {logging_mixin.py:188} INFO - [2024-07-06T09:11:22.763+0000] {dagbag.py:545} INFO - Filling up the DagBag from /home/airflow/.local/lib/python3.12/site-packages/airflow/example_dags/example_branch_python_dop_operator_3.py
[2024-07-06T09:11:22.767+0000] {processor.py:840} INFO - DAG(s) 'example_branch_dop_operator_v3' retrieved from /home/airflow/.local/lib/python3.12/site-packages/airflow/example_dags/example_branch_python_dop_operator_3.py
[2024-07-06T09:11:22.774+0000] {logging_mixin.py:188} INFO - [2024-07-06T09:11:22.774+0000] {dag.py:3096} INFO - Sync 1 DAGs
[2024-07-06T09:11:22.783+0000] {logging_mixin.py:188} INFO - [2024-07-06T09:11:22.783+0000] {dag.py:3954} INFO - Setting next_dagrun for example_branch_dop_operator_v3 to 2024-07-06 09:10:00+00:00, run_after=2024-07-06 09:11:00+00:00
[2024-07-06T09:11:22.789+0000] {processor.py:183} INFO - Processing /home/airflow/.local/lib/python3.12/site-packages/airflow/example_dags/example_branch_python_dop_operator_3.py took 0.030 seconds
[2024-07-06T09:54:55.143+0000] {processor.py:161} INFO - Started process (PID=8790) to work on /home/airflow/.local/lib/python3.12/site-packages/airflow/example_dags/example_branch_python_dop_operator_3.py
[2024-07-06T09:54:55.143+0000] {processor.py:830} INFO - Processing file /home/airflow/.local/lib/python3.12/site-packages/airflow/example_dags/example_branch_python_dop_operator_3.py for tasks to queue
[2024-07-06T09:54:55.144+0000] {logging_mixin.py:188} INFO - [2024-07-06T09:54:55.144+0000] {dagbag.py:545} INFO - Filling up the DagBag from /home/airflow/.local/lib/python3.12/site-packages/airflow/example_dags/example_branch_python_dop_operator_3.py
[2024-07-06T09:54:55.148+0000] {processor.py:840} INFO - DAG(s) 'example_branch_dop_operator_v3' retrieved from /home/airflow/.local/lib/python3.12/site-packages/airflow/example_dags/example_branch_python_dop_operator_3.py
[2024-07-06T09:54:55.155+0000] {logging_mixin.py:188} INFO - [2024-07-06T09:54:55.155+0000] {dag.py:3096} INFO - Sync 1 DAGs
[2024-07-06T09:54:55.164+0000] {logging_mixin.py:188} INFO - [2024-07-06T09:54:55.164+0000] {dag.py:3954} INFO - Setting next_dagrun for example_branch_dop_operator_v3 to 2024-07-06 09:53:00+00:00, run_after=2024-07-06 09:54:00+00:00
[2024-07-06T09:54:55.170+0000] {processor.py:183} INFO - Processing /home/airflow/.local/lib/python3.12/site-packages/airflow/example_dags/example_branch_python_dop_operator_3.py took 0.030 seconds
[2024-07-06T10:32:28.505+0000] {processor.py:161} INFO - Started process (PID=8848) to work on /home/airflow/.local/lib/python3.12/site-packages/airflow/example_dags/example_branch_python_dop_operator_3.py
[2024-07-06T10:32:28.505+0000] {processor.py:830} INFO - Processing file /home/airflow/.local/lib/python3.12/site-packages/airflow/example_dags/example_branch_python_dop_operator_3.py for tasks to queue
[2024-07-06T10:32:28.506+0000] {logging_mixin.py:188} INFO - [2024-07-06T10:32:28.506+0000] {dagbag.py:545} INFO - Filling up the DagBag from /home/airflow/.local/lib/python3.12/site-packages/airflow/example_dags/example_branch_python_dop_operator_3.py
[2024-07-06T10:32:28.509+0000] {processor.py:840} INFO - DAG(s) 'example_branch_dop_operator_v3' retrieved from /home/airflow/.local/lib/python3.12/site-packages/airflow/example_dags/example_branch_python_dop_operator_3.py
[2024-07-06T10:32:28.517+0000] {logging_mixin.py:188} INFO - [2024-07-06T10:32:28.517+0000] {dag.py:3096} INFO - Sync 1 DAGs
[2024-07-06T10:32:28.526+0000] {logging_mixin.py:188} INFO - [2024-07-06T10:32:28.526+0000] {dag.py:3954} INFO - Setting next_dagrun for example_branch_dop_operator_v3 to 2024-07-06 10:31:00+00:00, run_after=2024-07-06 10:32:00+00:00
[2024-07-06T10:32:28.532+0000] {processor.py:183} INFO - Processing /home/airflow/.local/lib/python3.12/site-packages/airflow/example_dags/example_branch_python_dop_operator_3.py took 0.029 seconds
[2024-07-06T11:31:00.672+0000] {processor.py:161} INFO - Started process (PID=8906) to work on /home/airflow/.local/lib/python3.12/site-packages/airflow/example_dags/example_branch_python_dop_operator_3.py
[2024-07-06T11:31:00.672+0000] {processor.py:830} INFO - Processing file /home/airflow/.local/lib/python3.12/site-packages/airflow/example_dags/example_branch_python_dop_operator_3.py for tasks to queue
[2024-07-06T11:31:00.673+0000] {logging_mixin.py:188} INFO - [2024-07-06T11:31:00.673+0000] {dagbag.py:545} INFO - Filling up the DagBag from /home/airflow/.local/lib/python3.12/site-packages/airflow/example_dags/example_branch_python_dop_operator_3.py
[2024-07-06T11:31:00.676+0000] {processor.py:840} INFO - DAG(s) 'example_branch_dop_operator_v3' retrieved from /home/airflow/.local/lib/python3.12/site-packages/airflow/example_dags/example_branch_python_dop_operator_3.py
[2024-07-06T11:31:00.685+0000] {logging_mixin.py:188} INFO - [2024-07-06T11:31:00.685+0000] {dag.py:3096} INFO - Sync 1 DAGs
[2024-07-06T11:31:00.694+0000] {logging_mixin.py:188} INFO - [2024-07-06T11:31:00.694+0000] {dag.py:3954} INFO - Setting next_dagrun for example_branch_dop_operator_v3 to 2024-07-06 11:30:00+00:00, run_after=2024-07-06 11:31:00+00:00
[2024-07-06T11:31:00.701+0000] {processor.py:183} INFO - Processing /home/airflow/.local/lib/python3.12/site-packages/airflow/example_dags/example_branch_python_dop_operator_3.py took 0.031 seconds
[2024-07-06T12:31:30.368+0000] {processor.py:161} INFO - Started process (PID=8964) to work on /home/airflow/.local/lib/python3.12/site-packages/airflow/example_dags/example_branch_python_dop_operator_3.py
[2024-07-06T12:31:30.369+0000] {processor.py:830} INFO - Processing file /home/airflow/.local/lib/python3.12/site-packages/airflow/example_dags/example_branch_python_dop_operator_3.py for tasks to queue
[2024-07-06T12:31:30.370+0000] {logging_mixin.py:188} INFO - [2024-07-06T12:31:30.369+0000] {dagbag.py:545} INFO - Filling up the DagBag from /home/airflow/.local/lib/python3.12/site-packages/airflow/example_dags/example_branch_python_dop_operator_3.py
[2024-07-06T12:31:30.373+0000] {processor.py:840} INFO - DAG(s) 'example_branch_dop_operator_v3' retrieved from /home/airflow/.local/lib/python3.12/site-packages/airflow/example_dags/example_branch_python_dop_operator_3.py
[2024-07-06T12:31:30.381+0000] {logging_mixin.py:188} INFO - [2024-07-06T12:31:30.381+0000] {dag.py:3096} INFO - Sync 1 DAGs
[2024-07-06T12:31:30.391+0000] {logging_mixin.py:188} INFO - [2024-07-06T12:31:30.391+0000] {dag.py:3954} INFO - Setting next_dagrun for example_branch_dop_operator_v3 to 2024-07-06 12:30:00+00:00, run_after=2024-07-06 12:31:00+00:00
[2024-07-06T12:31:30.397+0000] {processor.py:183} INFO - Processing /home/airflow/.local/lib/python3.12/site-packages/airflow/example_dags/example_branch_python_dop_operator_3.py took 0.031 seconds
[2024-07-06T13:31:19.399+0000] {processor.py:161} INFO - Started process (PID=9022) to work on /home/airflow/.local/lib/python3.12/site-packages/airflow/example_dags/example_branch_python_dop_operator_3.py
[2024-07-06T13:31:19.400+0000] {processor.py:830} INFO - Processing file /home/airflow/.local/lib/python3.12/site-packages/airflow/example_dags/example_branch_python_dop_operator_3.py for tasks to queue
[2024-07-06T13:31:19.401+0000] {logging_mixin.py:188} INFO - [2024-07-06T13:31:19.400+0000] {dagbag.py:545} INFO - Filling up the DagBag from /home/airflow/.local/lib/python3.12/site-packages/airflow/example_dags/example_branch_python_dop_operator_3.py
[2024-07-06T13:31:19.404+0000] {processor.py:840} INFO - DAG(s) 'example_branch_dop_operator_v3' retrieved from /home/airflow/.local/lib/python3.12/site-packages/airflow/example_dags/example_branch_python_dop_operator_3.py
[2024-07-06T13:31:19.412+0000] {logging_mixin.py:188} INFO - [2024-07-06T13:31:19.412+0000] {dag.py:3096} INFO - Sync 1 DAGs
[2024-07-06T13:31:19.421+0000] {logging_mixin.py:188} INFO - [2024-07-06T13:31:19.421+0000] {dag.py:3954} INFO - Setting next_dagrun for example_branch_dop_operator_v3 to 2024-07-06 13:30:00+00:00, run_after=2024-07-06 13:31:00+00:00
[2024-07-06T13:31:19.427+0000] {processor.py:183} INFO - Processing /home/airflow/.local/lib/python3.12/site-packages/airflow/example_dags/example_branch_python_dop_operator_3.py took 0.030 seconds
[2024-07-06T13:36:56.011+0000] {processor.py:161} INFO - Started process (PID=9080) to work on /home/airflow/.local/lib/python3.12/site-packages/airflow/example_dags/example_branch_python_dop_operator_3.py
[2024-07-06T13:36:56.011+0000] {processor.py:830} INFO - Processing file /home/airflow/.local/lib/python3.12/site-packages/airflow/example_dags/example_branch_python_dop_operator_3.py for tasks to queue
[2024-07-06T13:36:56.012+0000] {logging_mixin.py:188} INFO - [2024-07-06T13:36:56.012+0000] {dagbag.py:545} INFO - Filling up the DagBag from /home/airflow/.local/lib/python3.12/site-packages/airflow/example_dags/example_branch_python_dop_operator_3.py
[2024-07-06T13:36:56.015+0000] {processor.py:840} INFO - DAG(s) 'example_branch_dop_operator_v3' retrieved from /home/airflow/.local/lib/python3.12/site-packages/airflow/example_dags/example_branch_python_dop_operator_3.py
[2024-07-06T13:36:56.023+0000] {logging_mixin.py:188} INFO - [2024-07-06T13:36:56.023+0000] {dag.py:3096} INFO - Sync 1 DAGs
[2024-07-06T13:36:56.032+0000] {logging_mixin.py:188} INFO - [2024-07-06T13:36:56.032+0000] {dag.py:3954} INFO - Setting next_dagrun for example_branch_dop_operator_v3 to 2024-07-06 13:35:00+00:00, run_after=2024-07-06 13:36:00+00:00
[2024-07-06T13:36:56.038+0000] {processor.py:183} INFO - Processing /home/airflow/.local/lib/python3.12/site-packages/airflow/example_dags/example_branch_python_dop_operator_3.py took 0.030 seconds
[2024-07-06T14:16:20.377+0000] {processor.py:161} INFO - Started process (PID=9138) to work on /home/airflow/.local/lib/python3.12/site-packages/airflow/example_dags/example_branch_python_dop_operator_3.py
[2024-07-06T14:16:20.377+0000] {processor.py:830} INFO - Processing file /home/airflow/.local/lib/python3.12/site-packages/airflow/example_dags/example_branch_python_dop_operator_3.py for tasks to queue
[2024-07-06T14:16:20.378+0000] {logging_mixin.py:188} INFO - [2024-07-06T14:16:20.378+0000] {dagbag.py:545} INFO - Filling up the DagBag from /home/airflow/.local/lib/python3.12/site-packages/airflow/example_dags/example_branch_python_dop_operator_3.py
[2024-07-06T14:16:20.382+0000] {processor.py:840} INFO - DAG(s) 'example_branch_dop_operator_v3' retrieved from /home/airflow/.local/lib/python3.12/site-packages/airflow/example_dags/example_branch_python_dop_operator_3.py
[2024-07-06T14:16:20.389+0000] {logging_mixin.py:188} INFO - [2024-07-06T14:16:20.389+0000] {dag.py:3096} INFO - Sync 1 DAGs
[2024-07-06T14:16:20.398+0000] {logging_mixin.py:188} INFO - [2024-07-06T14:16:20.398+0000] {dag.py:3954} INFO - Setting next_dagrun for example_branch_dop_operator_v3 to 2024-07-06 14:15:00+00:00, run_after=2024-07-06 14:16:00+00:00
[2024-07-06T14:16:20.404+0000] {processor.py:183} INFO - Processing /home/airflow/.local/lib/python3.12/site-packages/airflow/example_dags/example_branch_python_dop_operator_3.py took 0.029 seconds
[2024-07-06T14:42:09.480+0000] {processor.py:161} INFO - Started process (PID=9196) to work on /home/airflow/.local/lib/python3.12/site-packages/airflow/example_dags/example_branch_python_dop_operator_3.py
[2024-07-06T14:42:09.480+0000] {processor.py:830} INFO - Processing file /home/airflow/.local/lib/python3.12/site-packages/airflow/example_dags/example_branch_python_dop_operator_3.py for tasks to queue
[2024-07-06T14:42:09.481+0000] {logging_mixin.py:188} INFO - [2024-07-06T14:42:09.481+0000] {dagbag.py:545} INFO - Filling up the DagBag from /home/airflow/.local/lib/python3.12/site-packages/airflow/example_dags/example_branch_python_dop_operator_3.py
[2024-07-06T14:42:09.485+0000] {processor.py:840} INFO - DAG(s) 'example_branch_dop_operator_v3' retrieved from /home/airflow/.local/lib/python3.12/site-packages/airflow/example_dags/example_branch_python_dop_operator_3.py
[2024-07-06T14:42:09.493+0000] {logging_mixin.py:188} INFO - [2024-07-06T14:42:09.493+0000] {dag.py:3096} INFO - Sync 1 DAGs
[2024-07-06T14:42:09.502+0000] {logging_mixin.py:188} INFO - [2024-07-06T14:42:09.502+0000] {dag.py:3954} INFO - Setting next_dagrun for example_branch_dop_operator_v3 to 2024-07-06 14:41:00+00:00, run_after=2024-07-06 14:42:00+00:00
[2024-07-06T14:42:09.509+0000] {processor.py:183} INFO - Processing /home/airflow/.local/lib/python3.12/site-packages/airflow/example_dags/example_branch_python_dop_operator_3.py took 0.032 seconds
[2024-07-06T14:42:40.148+0000] {processor.py:161} INFO - Started process (PID=9254) to work on /home/airflow/.local/lib/python3.12/site-packages/airflow/example_dags/example_branch_python_dop_operator_3.py
[2024-07-06T14:42:40.149+0000] {processor.py:830} INFO - Processing file /home/airflow/.local/lib/python3.12/site-packages/airflow/example_dags/example_branch_python_dop_operator_3.py for tasks to queue
[2024-07-06T14:42:40.149+0000] {logging_mixin.py:188} INFO - [2024-07-06T14:42:40.149+0000] {dagbag.py:545} INFO - Filling up the DagBag from /home/airflow/.local/lib/python3.12/site-packages/airflow/example_dags/example_branch_python_dop_operator_3.py
[2024-07-06T14:42:40.153+0000] {processor.py:840} INFO - DAG(s) 'example_branch_dop_operator_v3' retrieved from /home/airflow/.local/lib/python3.12/site-packages/airflow/example_dags/example_branch_python_dop_operator_3.py
[2024-07-06T14:42:40.162+0000] {logging_mixin.py:188} INFO - [2024-07-06T14:42:40.162+0000] {dag.py:3096} INFO - Sync 1 DAGs
[2024-07-06T14:42:40.173+0000] {logging_mixin.py:188} INFO - [2024-07-06T14:42:40.173+0000] {dag.py:3954} INFO - Setting next_dagrun for example_branch_dop_operator_v3 to 2024-07-06 14:41:00+00:00, run_after=2024-07-06 14:42:00+00:00
[2024-07-06T14:42:40.180+0000] {processor.py:183} INFO - Processing /home/airflow/.local/lib/python3.12/site-packages/airflow/example_dags/example_branch_python_dop_operator_3.py took 0.034 seconds
[2024-07-06T14:43:10.641+0000] {processor.py:161} INFO - Started process (PID=9312) to work on /home/airflow/.local/lib/python3.12/site-packages/airflow/example_dags/example_branch_python_dop_operator_3.py
[2024-07-06T14:43:10.641+0000] {processor.py:830} INFO - Processing file /home/airflow/.local/lib/python3.12/site-packages/airflow/example_dags/example_branch_python_dop_operator_3.py for tasks to queue
[2024-07-06T14:43:10.642+0000] {logging_mixin.py:188} INFO - [2024-07-06T14:43:10.642+0000] {dagbag.py:545} INFO - Filling up the DagBag from /home/airflow/.local/lib/python3.12/site-packages/airflow/example_dags/example_branch_python_dop_operator_3.py
[2024-07-06T14:43:10.645+0000] {processor.py:840} INFO - DAG(s) 'example_branch_dop_operator_v3' retrieved from /home/airflow/.local/lib/python3.12/site-packages/airflow/example_dags/example_branch_python_dop_operator_3.py
[2024-07-06T14:43:10.654+0000] {logging_mixin.py:188} INFO - [2024-07-06T14:43:10.654+0000] {dag.py:3096} INFO - Sync 1 DAGs
[2024-07-06T14:43:10.663+0000] {logging_mixin.py:188} INFO - [2024-07-06T14:43:10.663+0000] {dag.py:3954} INFO - Setting next_dagrun for example_branch_dop_operator_v3 to 2024-07-06 14:42:00+00:00, run_after=2024-07-06 14:43:00+00:00
[2024-07-06T14:43:10.670+0000] {processor.py:183} INFO - Processing /home/airflow/.local/lib/python3.12/site-packages/airflow/example_dags/example_branch_python_dop_operator_3.py took 0.032 seconds
[2024-07-06T14:43:41.112+0000] {processor.py:161} INFO - Started process (PID=9370) to work on /home/airflow/.local/lib/python3.12/site-packages/airflow/example_dags/example_branch_python_dop_operator_3.py
[2024-07-06T14:43:41.112+0000] {processor.py:830} INFO - Processing file /home/airflow/.local/lib/python3.12/site-packages/airflow/example_dags/example_branch_python_dop_operator_3.py for tasks to queue
[2024-07-06T14:43:41.113+0000] {logging_mixin.py:188} INFO - [2024-07-06T14:43:41.113+0000] {dagbag.py:545} INFO - Filling up the DagBag from /home/airflow/.local/lib/python3.12/site-packages/airflow/example_dags/example_branch_python_dop_operator_3.py
[2024-07-06T14:43:41.117+0000] {processor.py:840} INFO - DAG(s) 'example_branch_dop_operator_v3' retrieved from /home/airflow/.local/lib/python3.12/site-packages/airflow/example_dags/example_branch_python_dop_operator_3.py
[2024-07-06T14:43:41.125+0000] {logging_mixin.py:188} INFO - [2024-07-06T14:43:41.125+0000] {dag.py:3096} INFO - Sync 1 DAGs
[2024-07-06T14:43:41.136+0000] {logging_mixin.py:188} INFO - [2024-07-06T14:43:41.136+0000] {dag.py:3954} INFO - Setting next_dagrun for example_branch_dop_operator_v3 to 2024-07-06 14:42:00+00:00, run_after=2024-07-06 14:43:00+00:00
[2024-07-06T14:43:41.143+0000] {processor.py:183} INFO - Processing /home/airflow/.local/lib/python3.12/site-packages/airflow/example_dags/example_branch_python_dop_operator_3.py took 0.034 seconds
[2024-07-06T14:44:11.403+0000] {processor.py:161} INFO - Started process (PID=9434) to work on /home/airflow/.local/lib/python3.12/site-packages/airflow/example_dags/example_branch_python_dop_operator_3.py
[2024-07-06T14:44:11.404+0000] {processor.py:830} INFO - Processing file /home/airflow/.local/lib/python3.12/site-packages/airflow/example_dags/example_branch_python_dop_operator_3.py for tasks to queue
[2024-07-06T14:44:11.404+0000] {logging_mixin.py:188} INFO - [2024-07-06T14:44:11.404+0000] {dagbag.py:545} INFO - Filling up the DagBag from /home/airflow/.local/lib/python3.12/site-packages/airflow/example_dags/example_branch_python_dop_operator_3.py
[2024-07-06T14:44:11.407+0000] {processor.py:840} INFO - DAG(s) 'example_branch_dop_operator_v3' retrieved from /home/airflow/.local/lib/python3.12/site-packages/airflow/example_dags/example_branch_python_dop_operator_3.py
[2024-07-06T14:44:11.415+0000] {logging_mixin.py:188} INFO - [2024-07-06T14:44:11.415+0000] {dag.py:3096} INFO - Sync 1 DAGs
[2024-07-06T14:44:11.423+0000] {logging_mixin.py:188} INFO - [2024-07-06T14:44:11.423+0000] {dag.py:3954} INFO - Setting next_dagrun for example_branch_dop_operator_v3 to 2024-07-06 14:43:00+00:00, run_after=2024-07-06 14:44:00+00:00
[2024-07-06T14:44:11.429+0000] {processor.py:183} INFO - Processing /home/airflow/.local/lib/python3.12/site-packages/airflow/example_dags/example_branch_python_dop_operator_3.py took 0.028 seconds
[2024-07-06T14:44:41.858+0000] {processor.py:161} INFO - Started process (PID=9492) to work on /home/airflow/.local/lib/python3.12/site-packages/airflow/example_dags/example_branch_python_dop_operator_3.py
[2024-07-06T14:44:41.858+0000] {processor.py:830} INFO - Processing file /home/airflow/.local/lib/python3.12/site-packages/airflow/example_dags/example_branch_python_dop_operator_3.py for tasks to queue
[2024-07-06T14:44:41.859+0000] {logging_mixin.py:188} INFO - [2024-07-06T14:44:41.859+0000] {dagbag.py:545} INFO - Filling up the DagBag from /home/airflow/.local/lib/python3.12/site-packages/airflow/example_dags/example_branch_python_dop_operator_3.py
[2024-07-06T14:44:41.862+0000] {processor.py:840} INFO - DAG(s) 'example_branch_dop_operator_v3' retrieved from /home/airflow/.local/lib/python3.12/site-packages/airflow/example_dags/example_branch_python_dop_operator_3.py
[2024-07-06T14:44:41.870+0000] {logging_mixin.py:188} INFO - [2024-07-06T14:44:41.870+0000] {dag.py:3096} INFO - Sync 1 DAGs
[2024-07-06T14:44:41.879+0000] {logging_mixin.py:188} INFO - [2024-07-06T14:44:41.879+0000] {dag.py:3954} INFO - Setting next_dagrun for example_branch_dop_operator_v3 to 2024-07-06 14:43:00+00:00, run_after=2024-07-06 14:44:00+00:00
[2024-07-06T14:44:41.886+0000] {processor.py:183} INFO - Processing /home/airflow/.local/lib/python3.12/site-packages/airflow/example_dags/example_branch_python_dop_operator_3.py took 0.030 seconds
[2024-07-06T14:45:12.191+0000] {processor.py:161} INFO - Started process (PID=9550) to work on /home/airflow/.local/lib/python3.12/site-packages/airflow/example_dags/example_branch_python_dop_operator_3.py
[2024-07-06T14:45:12.191+0000] {processor.py:830} INFO - Processing file /home/airflow/.local/lib/python3.12/site-packages/airflow/example_dags/example_branch_python_dop_operator_3.py for tasks to queue
[2024-07-06T14:45:12.192+0000] {logging_mixin.py:188} INFO - [2024-07-06T14:45:12.192+0000] {dagbag.py:545} INFO - Filling up the DagBag from /home/airflow/.local/lib/python3.12/site-packages/airflow/example_dags/example_branch_python_dop_operator_3.py
[2024-07-06T14:45:12.195+0000] {processor.py:840} INFO - DAG(s) 'example_branch_dop_operator_v3' retrieved from /home/airflow/.local/lib/python3.12/site-packages/airflow/example_dags/example_branch_python_dop_operator_3.py
[2024-07-06T14:45:12.202+0000] {logging_mixin.py:188} INFO - [2024-07-06T14:45:12.202+0000] {dag.py:3096} INFO - Sync 1 DAGs
[2024-07-06T14:45:12.210+0000] {logging_mixin.py:188} INFO - [2024-07-06T14:45:12.210+0000] {dag.py:3954} INFO - Setting next_dagrun for example_branch_dop_operator_v3 to 2024-07-06 14:44:00+00:00, run_after=2024-07-06 14:45:00+00:00
[2024-07-06T14:45:12.216+0000] {processor.py:183} INFO - Processing /home/airflow/.local/lib/python3.12/site-packages/airflow/example_dags/example_branch_python_dop_operator_3.py took 0.027 seconds
[2024-07-06T14:45:42.544+0000] {processor.py:161} INFO - Started process (PID=9608) to work on /home/airflow/.local/lib/python3.12/site-packages/airflow/example_dags/example_branch_python_dop_operator_3.py
[2024-07-06T14:45:42.544+0000] {processor.py:830} INFO - Processing file /home/airflow/.local/lib/python3.12/site-packages/airflow/example_dags/example_branch_python_dop_operator_3.py for tasks to queue
[2024-07-06T14:45:42.545+0000] {logging_mixin.py:188} INFO - [2024-07-06T14:45:42.545+0000] {dagbag.py:545} INFO - Filling up the DagBag from /home/airflow/.local/lib/python3.12/site-packages/airflow/example_dags/example_branch_python_dop_operator_3.py
[2024-07-06T14:45:42.549+0000] {processor.py:840} INFO - DAG(s) 'example_branch_dop_operator_v3' retrieved from /home/airflow/.local/lib/python3.12/site-packages/airflow/example_dags/example_branch_python_dop_operator_3.py
[2024-07-06T14:45:42.557+0000] {logging_mixin.py:188} INFO - [2024-07-06T14:45:42.557+0000] {dag.py:3096} INFO - Sync 1 DAGs
[2024-07-06T14:45:42.566+0000] {logging_mixin.py:188} INFO - [2024-07-06T14:45:42.566+0000] {dag.py:3954} INFO - Setting next_dagrun for example_branch_dop_operator_v3 to 2024-07-06 14:44:00+00:00, run_after=2024-07-06 14:45:00+00:00
[2024-07-06T14:45:42.572+0000] {processor.py:183} INFO - Processing /home/airflow/.local/lib/python3.12/site-packages/airflow/example_dags/example_branch_python_dop_operator_3.py took 0.031 seconds
[2024-07-06T14:46:13.032+0000] {processor.py:161} INFO - Started process (PID=9666) to work on /home/airflow/.local/lib/python3.12/site-packages/airflow/example_dags/example_branch_python_dop_operator_3.py
[2024-07-06T14:46:13.032+0000] {processor.py:830} INFO - Processing file /home/airflow/.local/lib/python3.12/site-packages/airflow/example_dags/example_branch_python_dop_operator_3.py for tasks to queue
[2024-07-06T14:46:13.033+0000] {logging_mixin.py:188} INFO - [2024-07-06T14:46:13.033+0000] {dagbag.py:545} INFO - Filling up the DagBag from /home/airflow/.local/lib/python3.12/site-packages/airflow/example_dags/example_branch_python_dop_operator_3.py
[2024-07-06T14:46:13.036+0000] {processor.py:840} INFO - DAG(s) 'example_branch_dop_operator_v3' retrieved from /home/airflow/.local/lib/python3.12/site-packages/airflow/example_dags/example_branch_python_dop_operator_3.py
[2024-07-06T14:46:13.043+0000] {logging_mixin.py:188} INFO - [2024-07-06T14:46:13.043+0000] {dag.py:3096} INFO - Sync 1 DAGs
[2024-07-06T14:46:13.051+0000] {logging_mixin.py:188} INFO - [2024-07-06T14:46:13.051+0000] {dag.py:3954} INFO - Setting next_dagrun for example_branch_dop_operator_v3 to 2024-07-06 14:45:00+00:00, run_after=2024-07-06 14:46:00+00:00
[2024-07-06T14:46:13.057+0000] {processor.py:183} INFO - Processing /home/airflow/.local/lib/python3.12/site-packages/airflow/example_dags/example_branch_python_dop_operator_3.py took 0.028 seconds
[2024-07-06T14:46:43.317+0000] {processor.py:161} INFO - Started process (PID=9724) to work on /home/airflow/.local/lib/python3.12/site-packages/airflow/example_dags/example_branch_python_dop_operator_3.py
[2024-07-06T14:46:43.317+0000] {processor.py:830} INFO - Processing file /home/airflow/.local/lib/python3.12/site-packages/airflow/example_dags/example_branch_python_dop_operator_3.py for tasks to queue
[2024-07-06T14:46:43.318+0000] {logging_mixin.py:188} INFO - [2024-07-06T14:46:43.318+0000] {dagbag.py:545} INFO - Filling up the DagBag from /home/airflow/.local/lib/python3.12/site-packages/airflow/example_dags/example_branch_python_dop_operator_3.py
[2024-07-06T14:46:43.321+0000] {processor.py:840} INFO - DAG(s) 'example_branch_dop_operator_v3' retrieved from /home/airflow/.local/lib/python3.12/site-packages/airflow/example_dags/example_branch_python_dop_operator_3.py
[2024-07-06T14:46:43.328+0000] {logging_mixin.py:188} INFO - [2024-07-06T14:46:43.328+0000] {dag.py:3096} INFO - Sync 1 DAGs
[2024-07-06T14:46:43.337+0000] {logging_mixin.py:188} INFO - [2024-07-06T14:46:43.336+0000] {dag.py:3954} INFO - Setting next_dagrun for example_branch_dop_operator_v3 to 2024-07-06 14:45:00+00:00, run_after=2024-07-06 14:46:00+00:00
[2024-07-06T14:46:43.343+0000] {processor.py:183} INFO - Processing /home/airflow/.local/lib/python3.12/site-packages/airflow/example_dags/example_branch_python_dop_operator_3.py took 0.028 seconds
[2024-07-06T14:47:13.705+0000] {processor.py:161} INFO - Started process (PID=9782) to work on /home/airflow/.local/lib/python3.12/site-packages/airflow/example_dags/example_branch_python_dop_operator_3.py
[2024-07-06T14:47:13.705+0000] {processor.py:830} INFO - Processing file /home/airflow/.local/lib/python3.12/site-packages/airflow/example_dags/example_branch_python_dop_operator_3.py for tasks to queue
[2024-07-06T14:47:13.706+0000] {logging_mixin.py:188} INFO - [2024-07-06T14:47:13.706+0000] {dagbag.py:545} INFO - Filling up the DagBag from /home/airflow/.local/lib/python3.12/site-packages/airflow/example_dags/example_branch_python_dop_operator_3.py
[2024-07-06T14:47:13.709+0000] {processor.py:840} INFO - DAG(s) 'example_branch_dop_operator_v3' retrieved from /home/airflow/.local/lib/python3.12/site-packages/airflow/example_dags/example_branch_python_dop_operator_3.py
[2024-07-06T14:47:13.716+0000] {logging_mixin.py:188} INFO - [2024-07-06T14:47:13.716+0000] {dag.py:3096} INFO - Sync 1 DAGs
[2024-07-06T14:47:13.724+0000] {logging_mixin.py:188} INFO - [2024-07-06T14:47:13.724+0000] {dag.py:3954} INFO - Setting next_dagrun for example_branch_dop_operator_v3 to 2024-07-06 14:46:00+00:00, run_after=2024-07-06 14:47:00+00:00
[2024-07-06T14:47:13.730+0000] {processor.py:183} INFO - Processing /home/airflow/.local/lib/python3.12/site-packages/airflow/example_dags/example_branch_python_dop_operator_3.py took 0.028 seconds
[2024-07-06T14:47:43.967+0000] {processor.py:161} INFO - Started process (PID=9840) to work on /home/airflow/.local/lib/python3.12/site-packages/airflow/example_dags/example_branch_python_dop_operator_3.py
[2024-07-06T14:47:43.968+0000] {processor.py:830} INFO - Processing file /home/airflow/.local/lib/python3.12/site-packages/airflow/example_dags/example_branch_python_dop_operator_3.py for tasks to queue
[2024-07-06T14:47:43.968+0000] {logging_mixin.py:188} INFO - [2024-07-06T14:47:43.968+0000] {dagbag.py:545} INFO - Filling up the DagBag from /home/airflow/.local/lib/python3.12/site-packages/airflow/example_dags/example_branch_python_dop_operator_3.py
[2024-07-06T14:47:43.971+0000] {processor.py:840} INFO - DAG(s) 'example_branch_dop_operator_v3' retrieved from /home/airflow/.local/lib/python3.12/site-packages/airflow/example_dags/example_branch_python_dop_operator_3.py
[2024-07-06T14:47:43.979+0000] {logging_mixin.py:188} INFO - [2024-07-06T14:47:43.979+0000] {dag.py:3096} INFO - Sync 1 DAGs
[2024-07-06T14:47:43.988+0000] {logging_mixin.py:188} INFO - [2024-07-06T14:47:43.988+0000] {dag.py:3954} INFO - Setting next_dagrun for example_branch_dop_operator_v3 to 2024-07-06 14:46:00+00:00, run_after=2024-07-06 14:47:00+00:00
[2024-07-06T14:47:43.994+0000] {processor.py:183} INFO - Processing /home/airflow/.local/lib/python3.12/site-packages/airflow/example_dags/example_branch_python_dop_operator_3.py took 0.029 seconds
[2024-07-06T14:48:14.305+0000] {processor.py:161} INFO - Started process (PID=9898) to work on /home/airflow/.local/lib/python3.12/site-packages/airflow/example_dags/example_branch_python_dop_operator_3.py
[2024-07-06T14:48:14.305+0000] {processor.py:830} INFO - Processing file /home/airflow/.local/lib/python3.12/site-packages/airflow/example_dags/example_branch_python_dop_operator_3.py for tasks to queue
[2024-07-06T14:48:14.306+0000] {logging_mixin.py:188} INFO - [2024-07-06T14:48:14.306+0000] {dagbag.py:545} INFO - Filling up the DagBag from /home/airflow/.local/lib/python3.12/site-packages/airflow/example_dags/example_branch_python_dop_operator_3.py
[2024-07-06T14:48:14.309+0000] {processor.py:840} INFO - DAG(s) 'example_branch_dop_operator_v3' retrieved from /home/airflow/.local/lib/python3.12/site-packages/airflow/example_dags/example_branch_python_dop_operator_3.py
[2024-07-06T14:48:14.316+0000] {logging_mixin.py:188} INFO - [2024-07-06T14:48:14.316+0000] {dag.py:3096} INFO - Sync 1 DAGs
[2024-07-06T14:48:14.324+0000] {logging_mixin.py:188} INFO - [2024-07-06T14:48:14.324+0000] {dag.py:3954} INFO - Setting next_dagrun for example_branch_dop_operator_v3 to 2024-07-06 14:47:00+00:00, run_after=2024-07-06 14:48:00+00:00
[2024-07-06T14:48:14.331+0000] {processor.py:183} INFO - Processing /home/airflow/.local/lib/python3.12/site-packages/airflow/example_dags/example_branch_python_dop_operator_3.py took 0.028 seconds
[2024-07-06T14:48:44.781+0000] {processor.py:161} INFO - Started process (PID=9956) to work on /home/airflow/.local/lib/python3.12/site-packages/airflow/example_dags/example_branch_python_dop_operator_3.py
[2024-07-06T14:48:44.781+0000] {processor.py:830} INFO - Processing file /home/airflow/.local/lib/python3.12/site-packages/airflow/example_dags/example_branch_python_dop_operator_3.py for tasks to queue
[2024-07-06T14:48:44.782+0000] {logging_mixin.py:188} INFO - [2024-07-06T14:48:44.782+0000] {dagbag.py:545} INFO - Filling up the DagBag from /home/airflow/.local/lib/python3.12/site-packages/airflow/example_dags/example_branch_python_dop_operator_3.py
[2024-07-06T14:48:44.786+0000] {processor.py:840} INFO - DAG(s) 'example_branch_dop_operator_v3' retrieved from /home/airflow/.local/lib/python3.12/site-packages/airflow/example_dags/example_branch_python_dop_operator_3.py
[2024-07-06T14:48:44.796+0000] {logging_mixin.py:188} INFO - [2024-07-06T14:48:44.796+0000] {dag.py:3096} INFO - Sync 1 DAGs
[2024-07-06T14:48:44.806+0000] {logging_mixin.py:188} INFO - [2024-07-06T14:48:44.806+0000] {dag.py:3954} INFO - Setting next_dagrun for example_branch_dop_operator_v3 to 2024-07-06 14:47:00+00:00, run_after=2024-07-06 14:48:00+00:00
[2024-07-06T14:48:44.814+0000] {processor.py:183} INFO - Processing /home/airflow/.local/lib/python3.12/site-packages/airflow/example_dags/example_branch_python_dop_operator_3.py took 0.035 seconds
[2024-07-06T14:49:15.105+0000] {processor.py:161} INFO - Started process (PID=10014) to work on /home/airflow/.local/lib/python3.12/site-packages/airflow/example_dags/example_branch_python_dop_operator_3.py
[2024-07-06T14:49:15.106+0000] {processor.py:830} INFO - Processing file /home/airflow/.local/lib/python3.12/site-packages/airflow/example_dags/example_branch_python_dop_operator_3.py for tasks to queue
[2024-07-06T14:49:15.107+0000] {logging_mixin.py:188} INFO - [2024-07-06T14:49:15.106+0000] {dagbag.py:545} INFO - Filling up the DagBag from /home/airflow/.local/lib/python3.12/site-packages/airflow/example_dags/example_branch_python_dop_operator_3.py
[2024-07-06T14:49:15.110+0000] {processor.py:840} INFO - DAG(s) 'example_branch_dop_operator_v3' retrieved from /home/airflow/.local/lib/python3.12/site-packages/airflow/example_dags/example_branch_python_dop_operator_3.py
[2024-07-06T14:49:15.117+0000] {logging_mixin.py:188} INFO - [2024-07-06T14:49:15.117+0000] {dag.py:3096} INFO - Sync 1 DAGs
[2024-07-06T14:49:15.126+0000] {logging_mixin.py:188} INFO - [2024-07-06T14:49:15.125+0000] {dag.py:3954} INFO - Setting next_dagrun for example_branch_dop_operator_v3 to 2024-07-06 14:48:00+00:00, run_after=2024-07-06 14:49:00+00:00
[2024-07-06T14:49:15.132+0000] {processor.py:183} INFO - Processing /home/airflow/.local/lib/python3.12/site-packages/airflow/example_dags/example_branch_python_dop_operator_3.py took 0.029 seconds
[2024-07-06T14:49:45.559+0000] {processor.py:161} INFO - Started process (PID=10072) to work on /home/airflow/.local/lib/python3.12/site-packages/airflow/example_dags/example_branch_python_dop_operator_3.py
[2024-07-06T14:49:45.560+0000] {processor.py:830} INFO - Processing file /home/airflow/.local/lib/python3.12/site-packages/airflow/example_dags/example_branch_python_dop_operator_3.py for tasks to queue
[2024-07-06T14:49:45.561+0000] {logging_mixin.py:188} INFO - [2024-07-06T14:49:45.561+0000] {dagbag.py:545} INFO - Filling up the DagBag from /home/airflow/.local/lib/python3.12/site-packages/airflow/example_dags/example_branch_python_dop_operator_3.py
[2024-07-06T14:49:45.565+0000] {processor.py:840} INFO - DAG(s) 'example_branch_dop_operator_v3' retrieved from /home/airflow/.local/lib/python3.12/site-packages/airflow/example_dags/example_branch_python_dop_operator_3.py
[2024-07-06T14:49:45.573+0000] {logging_mixin.py:188} INFO - [2024-07-06T14:49:45.573+0000] {dag.py:3096} INFO - Sync 1 DAGs
[2024-07-06T14:49:45.583+0000] {logging_mixin.py:188} INFO - [2024-07-06T14:49:45.583+0000] {dag.py:3954} INFO - Setting next_dagrun for example_branch_dop_operator_v3 to 2024-07-06 14:48:00+00:00, run_after=2024-07-06 14:49:00+00:00
[2024-07-06T14:49:45.591+0000] {processor.py:183} INFO - Processing /home/airflow/.local/lib/python3.12/site-packages/airflow/example_dags/example_branch_python_dop_operator_3.py took 0.034 seconds
[2024-07-06T14:50:15.835+0000] {processor.py:161} INFO - Started process (PID=10130) to work on /home/airflow/.local/lib/python3.12/site-packages/airflow/example_dags/example_branch_python_dop_operator_3.py
[2024-07-06T14:50:15.835+0000] {processor.py:830} INFO - Processing file /home/airflow/.local/lib/python3.12/site-packages/airflow/example_dags/example_branch_python_dop_operator_3.py for tasks to queue
[2024-07-06T14:50:15.836+0000] {logging_mixin.py:188} INFO - [2024-07-06T14:50:15.836+0000] {dagbag.py:545} INFO - Filling up the DagBag from /home/airflow/.local/lib/python3.12/site-packages/airflow/example_dags/example_branch_python_dop_operator_3.py
[2024-07-06T14:50:15.839+0000] {processor.py:840} INFO - DAG(s) 'example_branch_dop_operator_v3' retrieved from /home/airflow/.local/lib/python3.12/site-packages/airflow/example_dags/example_branch_python_dop_operator_3.py
[2024-07-06T14:50:15.846+0000] {logging_mixin.py:188} INFO - [2024-07-06T14:50:15.846+0000] {dag.py:3096} INFO - Sync 1 DAGs
[2024-07-06T14:50:15.854+0000] {logging_mixin.py:188} INFO - [2024-07-06T14:50:15.854+0000] {dag.py:3954} INFO - Setting next_dagrun for example_branch_dop_operator_v3 to 2024-07-06 14:49:00+00:00, run_after=2024-07-06 14:50:00+00:00
[2024-07-06T14:50:15.860+0000] {processor.py:183} INFO - Processing /home/airflow/.local/lib/python3.12/site-packages/airflow/example_dags/example_branch_python_dop_operator_3.py took 0.028 seconds
[2024-07-06T14:50:46.215+0000] {processor.py:161} INFO - Started process (PID=10188) to work on /home/airflow/.local/lib/python3.12/site-packages/airflow/example_dags/example_branch_python_dop_operator_3.py
[2024-07-06T14:50:46.216+0000] {processor.py:830} INFO - Processing file /home/airflow/.local/lib/python3.12/site-packages/airflow/example_dags/example_branch_python_dop_operator_3.py for tasks to queue
[2024-07-06T14:50:46.216+0000] {logging_mixin.py:188} INFO - [2024-07-06T14:50:46.216+0000] {dagbag.py:545} INFO - Filling up the DagBag from /home/airflow/.local/lib/python3.12/site-packages/airflow/example_dags/example_branch_python_dop_operator_3.py
[2024-07-06T14:50:46.220+0000] {processor.py:840} INFO - DAG(s) 'example_branch_dop_operator_v3' retrieved from /home/airflow/.local/lib/python3.12/site-packages/airflow/example_dags/example_branch_python_dop_operator_3.py
[2024-07-06T14:50:46.229+0000] {logging_mixin.py:188} INFO - [2024-07-06T14:50:46.229+0000] {dag.py:3096} INFO - Sync 1 DAGs
[2024-07-06T14:50:46.238+0000] {logging_mixin.py:188} INFO - [2024-07-06T14:50:46.238+0000] {dag.py:3954} INFO - Setting next_dagrun for example_branch_dop_operator_v3 to 2024-07-06 14:49:00+00:00, run_after=2024-07-06 14:50:00+00:00
[2024-07-06T14:50:46.245+0000] {processor.py:183} INFO - Processing /home/airflow/.local/lib/python3.12/site-packages/airflow/example_dags/example_branch_python_dop_operator_3.py took 0.032 seconds
[2024-07-06T14:51:16.557+0000] {processor.py:161} INFO - Started process (PID=10246) to work on /home/airflow/.local/lib/python3.12/site-packages/airflow/example_dags/example_branch_python_dop_operator_3.py
[2024-07-06T14:51:16.557+0000] {processor.py:830} INFO - Processing file /home/airflow/.local/lib/python3.12/site-packages/airflow/example_dags/example_branch_python_dop_operator_3.py for tasks to queue
[2024-07-06T14:51:16.558+0000] {logging_mixin.py:188} INFO - [2024-07-06T14:51:16.558+0000] {dagbag.py:545} INFO - Filling up the DagBag from /home/airflow/.local/lib/python3.12/site-packages/airflow/example_dags/example_branch_python_dop_operator_3.py
[2024-07-06T14:51:16.561+0000] {processor.py:840} INFO - DAG(s) 'example_branch_dop_operator_v3' retrieved from /home/airflow/.local/lib/python3.12/site-packages/airflow/example_dags/example_branch_python_dop_operator_3.py
[2024-07-06T14:51:16.569+0000] {logging_mixin.py:188} INFO - [2024-07-06T14:51:16.569+0000] {dag.py:3096} INFO - Sync 1 DAGs
[2024-07-06T14:51:16.576+0000] {logging_mixin.py:188} INFO - [2024-07-06T14:51:16.576+0000] {dag.py:3954} INFO - Setting next_dagrun for example_branch_dop_operator_v3 to 2024-07-06 14:50:00+00:00, run_after=2024-07-06 14:51:00+00:00
[2024-07-06T14:51:16.582+0000] {processor.py:183} INFO - Processing /home/airflow/.local/lib/python3.12/site-packages/airflow/example_dags/example_branch_python_dop_operator_3.py took 0.028 seconds
[2024-07-06T14:51:46.891+0000] {processor.py:161} INFO - Started process (PID=10304) to work on /home/airflow/.local/lib/python3.12/site-packages/airflow/example_dags/example_branch_python_dop_operator_3.py
[2024-07-06T14:51:46.892+0000] {processor.py:830} INFO - Processing file /home/airflow/.local/lib/python3.12/site-packages/airflow/example_dags/example_branch_python_dop_operator_3.py for tasks to queue
[2024-07-06T14:51:46.892+0000] {logging_mixin.py:188} INFO - [2024-07-06T14:51:46.892+0000] {dagbag.py:545} INFO - Filling up the DagBag from /home/airflow/.local/lib/python3.12/site-packages/airflow/example_dags/example_branch_python_dop_operator_3.py
[2024-07-06T14:51:46.895+0000] {processor.py:840} INFO - DAG(s) 'example_branch_dop_operator_v3' retrieved from /home/airflow/.local/lib/python3.12/site-packages/airflow/example_dags/example_branch_python_dop_operator_3.py
[2024-07-06T14:51:46.905+0000] {logging_mixin.py:188} INFO - [2024-07-06T14:51:46.905+0000] {dag.py:3096} INFO - Sync 1 DAGs
[2024-07-06T14:51:46.916+0000] {logging_mixin.py:188} INFO - [2024-07-06T14:51:46.916+0000] {dag.py:3954} INFO - Setting next_dagrun for example_branch_dop_operator_v3 to 2024-07-06 14:50:00+00:00, run_after=2024-07-06 14:51:00+00:00
[2024-07-06T14:51:46.922+0000] {processor.py:183} INFO - Processing /home/airflow/.local/lib/python3.12/site-packages/airflow/example_dags/example_branch_python_dop_operator_3.py took 0.033 seconds
[2024-07-06T14:52:17.364+0000] {processor.py:161} INFO - Started process (PID=10362) to work on /home/airflow/.local/lib/python3.12/site-packages/airflow/example_dags/example_branch_python_dop_operator_3.py
[2024-07-06T14:52:17.364+0000] {processor.py:830} INFO - Processing file /home/airflow/.local/lib/python3.12/site-packages/airflow/example_dags/example_branch_python_dop_operator_3.py for tasks to queue
[2024-07-06T14:52:17.365+0000] {logging_mixin.py:188} INFO - [2024-07-06T14:52:17.365+0000] {dagbag.py:545} INFO - Filling up the DagBag from /home/airflow/.local/lib/python3.12/site-packages/airflow/example_dags/example_branch_python_dop_operator_3.py
[2024-07-06T14:52:17.369+0000] {processor.py:840} INFO - DAG(s) 'example_branch_dop_operator_v3' retrieved from /home/airflow/.local/lib/python3.12/site-packages/airflow/example_dags/example_branch_python_dop_operator_3.py
[2024-07-06T14:52:17.381+0000] {logging_mixin.py:188} INFO - [2024-07-06T14:52:17.381+0000] {dag.py:3096} INFO - Sync 1 DAGs
[2024-07-06T14:52:17.391+0000] {logging_mixin.py:188} INFO - [2024-07-06T14:52:17.391+0000] {dag.py:3954} INFO - Setting next_dagrun for example_branch_dop_operator_v3 to 2024-07-06 14:51:00+00:00, run_after=2024-07-06 14:52:00+00:00
[2024-07-06T14:52:17.399+0000] {processor.py:183} INFO - Processing /home/airflow/.local/lib/python3.12/site-packages/airflow/example_dags/example_branch_python_dop_operator_3.py took 0.038 seconds
[2024-07-06T14:52:47.768+0000] {processor.py:161} INFO - Started process (PID=10420) to work on /home/airflow/.local/lib/python3.12/site-packages/airflow/example_dags/example_branch_python_dop_operator_3.py
[2024-07-06T14:52:47.768+0000] {processor.py:830} INFO - Processing file /home/airflow/.local/lib/python3.12/site-packages/airflow/example_dags/example_branch_python_dop_operator_3.py for tasks to queue
[2024-07-06T14:52:47.769+0000] {logging_mixin.py:188} INFO - [2024-07-06T14:52:47.769+0000] {dagbag.py:545} INFO - Filling up the DagBag from /home/airflow/.local/lib/python3.12/site-packages/airflow/example_dags/example_branch_python_dop_operator_3.py
[2024-07-06T14:52:47.773+0000] {processor.py:840} INFO - DAG(s) 'example_branch_dop_operator_v3' retrieved from /home/airflow/.local/lib/python3.12/site-packages/airflow/example_dags/example_branch_python_dop_operator_3.py
[2024-07-06T14:52:47.781+0000] {logging_mixin.py:188} INFO - [2024-07-06T14:52:47.781+0000] {dag.py:3096} INFO - Sync 1 DAGs
[2024-07-06T14:52:47.792+0000] {logging_mixin.py:188} INFO - [2024-07-06T14:52:47.791+0000] {dag.py:3954} INFO - Setting next_dagrun for example_branch_dop_operator_v3 to 2024-07-06 14:51:00+00:00, run_after=2024-07-06 14:52:00+00:00
[2024-07-06T14:52:47.799+0000] {processor.py:183} INFO - Processing /home/airflow/.local/lib/python3.12/site-packages/airflow/example_dags/example_branch_python_dop_operator_3.py took 0.034 seconds
[2024-07-06T14:53:18.145+0000] {processor.py:161} INFO - Started process (PID=10478) to work on /home/airflow/.local/lib/python3.12/site-packages/airflow/example_dags/example_branch_python_dop_operator_3.py
[2024-07-06T14:53:18.146+0000] {processor.py:830} INFO - Processing file /home/airflow/.local/lib/python3.12/site-packages/airflow/example_dags/example_branch_python_dop_operator_3.py for tasks to queue
[2024-07-06T14:53:18.146+0000] {logging_mixin.py:188} INFO - [2024-07-06T14:53:18.146+0000] {dagbag.py:545} INFO - Filling up the DagBag from /home/airflow/.local/lib/python3.12/site-packages/airflow/example_dags/example_branch_python_dop_operator_3.py
[2024-07-06T14:53:18.150+0000] {processor.py:840} INFO - DAG(s) 'example_branch_dop_operator_v3' retrieved from /home/airflow/.local/lib/python3.12/site-packages/airflow/example_dags/example_branch_python_dop_operator_3.py
[2024-07-06T14:53:18.158+0000] {logging_mixin.py:188} INFO - [2024-07-06T14:53:18.158+0000] {dag.py:3096} INFO - Sync 1 DAGs
[2024-07-06T14:53:18.166+0000] {logging_mixin.py:188} INFO - [2024-07-06T14:53:18.166+0000] {dag.py:3954} INFO - Setting next_dagrun for example_branch_dop_operator_v3 to 2024-07-06 14:52:00+00:00, run_after=2024-07-06 14:53:00+00:00
[2024-07-06T14:53:18.172+0000] {processor.py:183} INFO - Processing /home/airflow/.local/lib/python3.12/site-packages/airflow/example_dags/example_branch_python_dop_operator_3.py took 0.029 seconds
[2024-07-06T14:53:48.468+0000] {processor.py:161} INFO - Started process (PID=10536) to work on /home/airflow/.local/lib/python3.12/site-packages/airflow/example_dags/example_branch_python_dop_operator_3.py
[2024-07-06T14:53:48.469+0000] {processor.py:830} INFO - Processing file /home/airflow/.local/lib/python3.12/site-packages/airflow/example_dags/example_branch_python_dop_operator_3.py for tasks to queue
[2024-07-06T14:53:48.470+0000] {logging_mixin.py:188} INFO - [2024-07-06T14:53:48.469+0000] {dagbag.py:545} INFO - Filling up the DagBag from /home/airflow/.local/lib/python3.12/site-packages/airflow/example_dags/example_branch_python_dop_operator_3.py
[2024-07-06T14:53:48.473+0000] {processor.py:840} INFO - DAG(s) 'example_branch_dop_operator_v3' retrieved from /home/airflow/.local/lib/python3.12/site-packages/airflow/example_dags/example_branch_python_dop_operator_3.py
[2024-07-06T14:53:48.480+0000] {logging_mixin.py:188} INFO - [2024-07-06T14:53:48.480+0000] {dag.py:3096} INFO - Sync 1 DAGs
[2024-07-06T14:53:48.488+0000] {logging_mixin.py:188} INFO - [2024-07-06T14:53:48.488+0000] {dag.py:3954} INFO - Setting next_dagrun for example_branch_dop_operator_v3 to 2024-07-06 14:52:00+00:00, run_after=2024-07-06 14:53:00+00:00
[2024-07-06T14:53:48.494+0000] {processor.py:183} INFO - Processing /home/airflow/.local/lib/python3.12/site-packages/airflow/example_dags/example_branch_python_dop_operator_3.py took 0.028 seconds
[2024-07-06T14:54:18.790+0000] {processor.py:161} INFO - Started process (PID=10594) to work on /home/airflow/.local/lib/python3.12/site-packages/airflow/example_dags/example_branch_python_dop_operator_3.py
[2024-07-06T14:54:18.790+0000] {processor.py:830} INFO - Processing file /home/airflow/.local/lib/python3.12/site-packages/airflow/example_dags/example_branch_python_dop_operator_3.py for tasks to queue
[2024-07-06T14:54:18.791+0000] {logging_mixin.py:188} INFO - [2024-07-06T14:54:18.791+0000] {dagbag.py:545} INFO - Filling up the DagBag from /home/airflow/.local/lib/python3.12/site-packages/airflow/example_dags/example_branch_python_dop_operator_3.py
[2024-07-06T14:54:18.794+0000] {processor.py:840} INFO - DAG(s) 'example_branch_dop_operator_v3' retrieved from /home/airflow/.local/lib/python3.12/site-packages/airflow/example_dags/example_branch_python_dop_operator_3.py
[2024-07-06T14:54:18.802+0000] {logging_mixin.py:188} INFO - [2024-07-06T14:54:18.802+0000] {dag.py:3096} INFO - Sync 1 DAGs
[2024-07-06T14:54:18.810+0000] {logging_mixin.py:188} INFO - [2024-07-06T14:54:18.810+0000] {dag.py:3954} INFO - Setting next_dagrun for example_branch_dop_operator_v3 to 2024-07-06 14:53:00+00:00, run_after=2024-07-06 14:54:00+00:00
[2024-07-06T14:54:18.816+0000] {processor.py:183} INFO - Processing /home/airflow/.local/lib/python3.12/site-packages/airflow/example_dags/example_branch_python_dop_operator_3.py took 0.029 seconds
[2024-07-06T14:54:49.115+0000] {processor.py:161} INFO - Started process (PID=10651) to work on /home/airflow/.local/lib/python3.12/site-packages/airflow/example_dags/example_branch_python_dop_operator_3.py
[2024-07-06T14:54:49.115+0000] {processor.py:830} INFO - Processing file /home/airflow/.local/lib/python3.12/site-packages/airflow/example_dags/example_branch_python_dop_operator_3.py for tasks to queue
[2024-07-06T14:54:49.116+0000] {logging_mixin.py:188} INFO - [2024-07-06T14:54:49.116+0000] {dagbag.py:545} INFO - Filling up the DagBag from /home/airflow/.local/lib/python3.12/site-packages/airflow/example_dags/example_branch_python_dop_operator_3.py
[2024-07-06T14:54:49.119+0000] {processor.py:840} INFO - DAG(s) 'example_branch_dop_operator_v3' retrieved from /home/airflow/.local/lib/python3.12/site-packages/airflow/example_dags/example_branch_python_dop_operator_3.py
[2024-07-06T14:54:49.127+0000] {logging_mixin.py:188} INFO - [2024-07-06T14:54:49.127+0000] {dag.py:3096} INFO - Sync 1 DAGs
[2024-07-06T14:54:49.136+0000] {logging_mixin.py:188} INFO - [2024-07-06T14:54:49.136+0000] {dag.py:3954} INFO - Setting next_dagrun for example_branch_dop_operator_v3 to 2024-07-06 14:53:00+00:00, run_after=2024-07-06 14:54:00+00:00
[2024-07-06T14:54:49.143+0000] {processor.py:183} INFO - Processing /home/airflow/.local/lib/python3.12/site-packages/airflow/example_dags/example_branch_python_dop_operator_3.py took 0.030 seconds
[2024-07-06T14:55:19.517+0000] {processor.py:161} INFO - Started process (PID=10709) to work on /home/airflow/.local/lib/python3.12/site-packages/airflow/example_dags/example_branch_python_dop_operator_3.py
[2024-07-06T14:55:19.518+0000] {processor.py:830} INFO - Processing file /home/airflow/.local/lib/python3.12/site-packages/airflow/example_dags/example_branch_python_dop_operator_3.py for tasks to queue
[2024-07-06T14:55:19.518+0000] {logging_mixin.py:188} INFO - [2024-07-06T14:55:19.518+0000] {dagbag.py:545} INFO - Filling up the DagBag from /home/airflow/.local/lib/python3.12/site-packages/airflow/example_dags/example_branch_python_dop_operator_3.py
[2024-07-06T14:55:19.522+0000] {processor.py:840} INFO - DAG(s) 'example_branch_dop_operator_v3' retrieved from /home/airflow/.local/lib/python3.12/site-packages/airflow/example_dags/example_branch_python_dop_operator_3.py
[2024-07-06T14:55:19.529+0000] {logging_mixin.py:188} INFO - [2024-07-06T14:55:19.529+0000] {dag.py:3096} INFO - Sync 1 DAGs
[2024-07-06T14:55:19.538+0000] {logging_mixin.py:188} INFO - [2024-07-06T14:55:19.538+0000] {dag.py:3954} INFO - Setting next_dagrun for example_branch_dop_operator_v3 to 2024-07-06 14:54:00+00:00, run_after=2024-07-06 14:55:00+00:00
[2024-07-06T14:55:19.544+0000] {processor.py:183} INFO - Processing /home/airflow/.local/lib/python3.12/site-packages/airflow/example_dags/example_branch_python_dop_operator_3.py took 0.030 seconds
[2024-07-06T14:55:49.942+0000] {processor.py:161} INFO - Started process (PID=10767) to work on /home/airflow/.local/lib/python3.12/site-packages/airflow/example_dags/example_branch_python_dop_operator_3.py
[2024-07-06T14:55:49.943+0000] {processor.py:830} INFO - Processing file /home/airflow/.local/lib/python3.12/site-packages/airflow/example_dags/example_branch_python_dop_operator_3.py for tasks to queue
[2024-07-06T14:55:49.943+0000] {logging_mixin.py:188} INFO - [2024-07-06T14:55:49.943+0000] {dagbag.py:545} INFO - Filling up the DagBag from /home/airflow/.local/lib/python3.12/site-packages/airflow/example_dags/example_branch_python_dop_operator_3.py
[2024-07-06T14:55:49.947+0000] {processor.py:840} INFO - DAG(s) 'example_branch_dop_operator_v3' retrieved from /home/airflow/.local/lib/python3.12/site-packages/airflow/example_dags/example_branch_python_dop_operator_3.py
[2024-07-06T14:55:49.954+0000] {logging_mixin.py:188} INFO - [2024-07-06T14:55:49.954+0000] {dag.py:3096} INFO - Sync 1 DAGs
[2024-07-06T14:55:49.963+0000] {logging_mixin.py:188} INFO - [2024-07-06T14:55:49.963+0000] {dag.py:3954} INFO - Setting next_dagrun for example_branch_dop_operator_v3 to 2024-07-06 14:54:00+00:00, run_after=2024-07-06 14:55:00+00:00
[2024-07-06T14:55:49.969+0000] {processor.py:183} INFO - Processing /home/airflow/.local/lib/python3.12/site-packages/airflow/example_dags/example_branch_python_dop_operator_3.py took 0.029 seconds
[2024-07-06T14:56:20.367+0000] {processor.py:161} INFO - Started process (PID=10825) to work on /home/airflow/.local/lib/python3.12/site-packages/airflow/example_dags/example_branch_python_dop_operator_3.py
[2024-07-06T14:56:20.368+0000] {processor.py:830} INFO - Processing file /home/airflow/.local/lib/python3.12/site-packages/airflow/example_dags/example_branch_python_dop_operator_3.py for tasks to queue
[2024-07-06T14:56:20.368+0000] {logging_mixin.py:188} INFO - [2024-07-06T14:56:20.368+0000] {dagbag.py:545} INFO - Filling up the DagBag from /home/airflow/.local/lib/python3.12/site-packages/airflow/example_dags/example_branch_python_dop_operator_3.py
[2024-07-06T14:56:20.372+0000] {processor.py:840} INFO - DAG(s) 'example_branch_dop_operator_v3' retrieved from /home/airflow/.local/lib/python3.12/site-packages/airflow/example_dags/example_branch_python_dop_operator_3.py
[2024-07-06T14:56:20.379+0000] {logging_mixin.py:188} INFO - [2024-07-06T14:56:20.379+0000] {dag.py:3096} INFO - Sync 1 DAGs
[2024-07-06T14:56:20.387+0000] {logging_mixin.py:188} INFO - [2024-07-06T14:56:20.387+0000] {dag.py:3954} INFO - Setting next_dagrun for example_branch_dop_operator_v3 to 2024-07-06 14:55:00+00:00, run_after=2024-07-06 14:56:00+00:00
[2024-07-06T14:56:20.393+0000] {processor.py:183} INFO - Processing /home/airflow/.local/lib/python3.12/site-packages/airflow/example_dags/example_branch_python_dop_operator_3.py took 0.028 seconds
[2024-07-06T14:56:50.737+0000] {processor.py:161} INFO - Started process (PID=10883) to work on /home/airflow/.local/lib/python3.12/site-packages/airflow/example_dags/example_branch_python_dop_operator_3.py
[2024-07-06T14:56:50.738+0000] {processor.py:830} INFO - Processing file /home/airflow/.local/lib/python3.12/site-packages/airflow/example_dags/example_branch_python_dop_operator_3.py for tasks to queue
[2024-07-06T14:56:50.739+0000] {logging_mixin.py:188} INFO - [2024-07-06T14:56:50.738+0000] {dagbag.py:545} INFO - Filling up the DagBag from /home/airflow/.local/lib/python3.12/site-packages/airflow/example_dags/example_branch_python_dop_operator_3.py
[2024-07-06T14:56:50.742+0000] {processor.py:840} INFO - DAG(s) 'example_branch_dop_operator_v3' retrieved from /home/airflow/.local/lib/python3.12/site-packages/airflow/example_dags/example_branch_python_dop_operator_3.py
[2024-07-06T14:56:50.749+0000] {logging_mixin.py:188} INFO - [2024-07-06T14:56:50.749+0000] {dag.py:3096} INFO - Sync 1 DAGs
[2024-07-06T14:56:50.757+0000] {logging_mixin.py:188} INFO - [2024-07-06T14:56:50.757+0000] {dag.py:3954} INFO - Setting next_dagrun for example_branch_dop_operator_v3 to 2024-07-06 14:55:00+00:00, run_after=2024-07-06 14:56:00+00:00
[2024-07-06T14:56:50.763+0000] {processor.py:183} INFO - Processing /home/airflow/.local/lib/python3.12/site-packages/airflow/example_dags/example_branch_python_dop_operator_3.py took 0.028 seconds
[2024-07-06T14:57:21.077+0000] {processor.py:161} INFO - Started process (PID=10941) to work on /home/airflow/.local/lib/python3.12/site-packages/airflow/example_dags/example_branch_python_dop_operator_3.py
[2024-07-06T14:57:21.078+0000] {processor.py:830} INFO - Processing file /home/airflow/.local/lib/python3.12/site-packages/airflow/example_dags/example_branch_python_dop_operator_3.py for tasks to queue
[2024-07-06T14:57:21.079+0000] {logging_mixin.py:188} INFO - [2024-07-06T14:57:21.078+0000] {dagbag.py:545} INFO - Filling up the DagBag from /home/airflow/.local/lib/python3.12/site-packages/airflow/example_dags/example_branch_python_dop_operator_3.py
[2024-07-06T14:57:21.082+0000] {processor.py:840} INFO - DAG(s) 'example_branch_dop_operator_v3' retrieved from /home/airflow/.local/lib/python3.12/site-packages/airflow/example_dags/example_branch_python_dop_operator_3.py
[2024-07-06T14:57:21.089+0000] {logging_mixin.py:188} INFO - [2024-07-06T14:57:21.089+0000] {dag.py:3096} INFO - Sync 1 DAGs
[2024-07-06T14:57:21.097+0000] {logging_mixin.py:188} INFO - [2024-07-06T14:57:21.097+0000] {dag.py:3954} INFO - Setting next_dagrun for example_branch_dop_operator_v3 to 2024-07-06 14:56:00+00:00, run_after=2024-07-06 14:57:00+00:00
[2024-07-06T14:57:21.104+0000] {processor.py:183} INFO - Processing /home/airflow/.local/lib/python3.12/site-packages/airflow/example_dags/example_branch_python_dop_operator_3.py took 0.029 seconds
[2024-07-06T14:57:51.399+0000] {processor.py:161} INFO - Started process (PID=10999) to work on /home/airflow/.local/lib/python3.12/site-packages/airflow/example_dags/example_branch_python_dop_operator_3.py
[2024-07-06T14:57:51.400+0000] {processor.py:830} INFO - Processing file /home/airflow/.local/lib/python3.12/site-packages/airflow/example_dags/example_branch_python_dop_operator_3.py for tasks to queue
[2024-07-06T14:57:51.400+0000] {logging_mixin.py:188} INFO - [2024-07-06T14:57:51.400+0000] {dagbag.py:545} INFO - Filling up the DagBag from /home/airflow/.local/lib/python3.12/site-packages/airflow/example_dags/example_branch_python_dop_operator_3.py
[2024-07-06T14:57:51.404+0000] {processor.py:840} INFO - DAG(s) 'example_branch_dop_operator_v3' retrieved from /home/airflow/.local/lib/python3.12/site-packages/airflow/example_dags/example_branch_python_dop_operator_3.py
[2024-07-06T14:57:51.411+0000] {logging_mixin.py:188} INFO - [2024-07-06T14:57:51.411+0000] {dag.py:3096} INFO - Sync 1 DAGs
[2024-07-06T14:57:51.423+0000] {logging_mixin.py:188} INFO - [2024-07-06T14:57:51.423+0000] {dag.py:3954} INFO - Setting next_dagrun for example_branch_dop_operator_v3 to 2024-07-06 14:56:00+00:00, run_after=2024-07-06 14:57:00+00:00
[2024-07-06T14:57:51.430+0000] {processor.py:183} INFO - Processing /home/airflow/.local/lib/python3.12/site-packages/airflow/example_dags/example_branch_python_dop_operator_3.py took 0.033 seconds
[2024-07-06T14:58:21.842+0000] {processor.py:161} INFO - Started process (PID=11057) to work on /home/airflow/.local/lib/python3.12/site-packages/airflow/example_dags/example_branch_python_dop_operator_3.py
[2024-07-06T14:58:21.843+0000] {processor.py:830} INFO - Processing file /home/airflow/.local/lib/python3.12/site-packages/airflow/example_dags/example_branch_python_dop_operator_3.py for tasks to queue
[2024-07-06T14:58:21.843+0000] {logging_mixin.py:188} INFO - [2024-07-06T14:58:21.843+0000] {dagbag.py:545} INFO - Filling up the DagBag from /home/airflow/.local/lib/python3.12/site-packages/airflow/example_dags/example_branch_python_dop_operator_3.py
[2024-07-06T14:58:21.847+0000] {processor.py:840} INFO - DAG(s) 'example_branch_dop_operator_v3' retrieved from /home/airflow/.local/lib/python3.12/site-packages/airflow/example_dags/example_branch_python_dop_operator_3.py
[2024-07-06T14:58:21.854+0000] {logging_mixin.py:188} INFO - [2024-07-06T14:58:21.854+0000] {dag.py:3096} INFO - Sync 1 DAGs
[2024-07-06T14:58:21.863+0000] {logging_mixin.py:188} INFO - [2024-07-06T14:58:21.863+0000] {dag.py:3954} INFO - Setting next_dagrun for example_branch_dop_operator_v3 to 2024-07-06 14:57:00+00:00, run_after=2024-07-06 14:58:00+00:00
[2024-07-06T14:58:21.869+0000] {processor.py:183} INFO - Processing /home/airflow/.local/lib/python3.12/site-packages/airflow/example_dags/example_branch_python_dop_operator_3.py took 0.029 seconds
[2024-07-06T14:58:52.331+0000] {processor.py:161} INFO - Started process (PID=11115) to work on /home/airflow/.local/lib/python3.12/site-packages/airflow/example_dags/example_branch_python_dop_operator_3.py
[2024-07-06T14:58:52.332+0000] {processor.py:830} INFO - Processing file /home/airflow/.local/lib/python3.12/site-packages/airflow/example_dags/example_branch_python_dop_operator_3.py for tasks to queue
[2024-07-06T14:58:52.333+0000] {logging_mixin.py:188} INFO - [2024-07-06T14:58:52.333+0000] {dagbag.py:545} INFO - Filling up the DagBag from /home/airflow/.local/lib/python3.12/site-packages/airflow/example_dags/example_branch_python_dop_operator_3.py
[2024-07-06T14:58:52.336+0000] {processor.py:840} INFO - DAG(s) 'example_branch_dop_operator_v3' retrieved from /home/airflow/.local/lib/python3.12/site-packages/airflow/example_dags/example_branch_python_dop_operator_3.py
[2024-07-06T14:58:52.343+0000] {logging_mixin.py:188} INFO - [2024-07-06T14:58:52.343+0000] {dag.py:3096} INFO - Sync 1 DAGs
[2024-07-06T14:58:52.351+0000] {logging_mixin.py:188} INFO - [2024-07-06T14:58:52.351+0000] {dag.py:3954} INFO - Setting next_dagrun for example_branch_dop_operator_v3 to 2024-07-06 14:57:00+00:00, run_after=2024-07-06 14:58:00+00:00
[2024-07-06T14:58:52.358+0000] {processor.py:183} INFO - Processing /home/airflow/.local/lib/python3.12/site-packages/airflow/example_dags/example_branch_python_dop_operator_3.py took 0.029 seconds
[2024-07-06T14:59:22.935+0000] {processor.py:161} INFO - Started process (PID=11173) to work on /home/airflow/.local/lib/python3.12/site-packages/airflow/example_dags/example_branch_python_dop_operator_3.py
[2024-07-06T14:59:22.936+0000] {processor.py:830} INFO - Processing file /home/airflow/.local/lib/python3.12/site-packages/airflow/example_dags/example_branch_python_dop_operator_3.py for tasks to queue
[2024-07-06T14:59:22.937+0000] {logging_mixin.py:188} INFO - [2024-07-06T14:59:22.937+0000] {dagbag.py:545} INFO - Filling up the DagBag from /home/airflow/.local/lib/python3.12/site-packages/airflow/example_dags/example_branch_python_dop_operator_3.py
[2024-07-06T14:59:22.940+0000] {processor.py:840} INFO - DAG(s) 'example_branch_dop_operator_v3' retrieved from /home/airflow/.local/lib/python3.12/site-packages/airflow/example_dags/example_branch_python_dop_operator_3.py
[2024-07-06T14:59:22.947+0000] {logging_mixin.py:188} INFO - [2024-07-06T14:59:22.947+0000] {dag.py:3096} INFO - Sync 1 DAGs
[2024-07-06T14:59:22.955+0000] {logging_mixin.py:188} INFO - [2024-07-06T14:59:22.955+0000] {dag.py:3954} INFO - Setting next_dagrun for example_branch_dop_operator_v3 to 2024-07-06 14:58:00+00:00, run_after=2024-07-06 14:59:00+00:00
[2024-07-06T14:59:22.961+0000] {processor.py:183} INFO - Processing /home/airflow/.local/lib/python3.12/site-packages/airflow/example_dags/example_branch_python_dop_operator_3.py took 0.028 seconds
[2024-07-06T14:59:53.661+0000] {processor.py:161} INFO - Started process (PID=11231) to work on /home/airflow/.local/lib/python3.12/site-packages/airflow/example_dags/example_branch_python_dop_operator_3.py
[2024-07-06T14:59:53.661+0000] {processor.py:830} INFO - Processing file /home/airflow/.local/lib/python3.12/site-packages/airflow/example_dags/example_branch_python_dop_operator_3.py for tasks to queue
[2024-07-06T14:59:53.662+0000] {logging_mixin.py:188} INFO - [2024-07-06T14:59:53.662+0000] {dagbag.py:545} INFO - Filling up the DagBag from /home/airflow/.local/lib/python3.12/site-packages/airflow/example_dags/example_branch_python_dop_operator_3.py
[2024-07-06T14:59:53.665+0000] {processor.py:840} INFO - DAG(s) 'example_branch_dop_operator_v3' retrieved from /home/airflow/.local/lib/python3.12/site-packages/airflow/example_dags/example_branch_python_dop_operator_3.py
[2024-07-06T14:59:53.673+0000] {logging_mixin.py:188} INFO - [2024-07-06T14:59:53.673+0000] {dag.py:3096} INFO - Sync 1 DAGs
[2024-07-06T14:59:53.682+0000] {logging_mixin.py:188} INFO - [2024-07-06T14:59:53.682+0000] {dag.py:3954} INFO - Setting next_dagrun for example_branch_dop_operator_v3 to 2024-07-06 14:58:00+00:00, run_after=2024-07-06 14:59:00+00:00
[2024-07-06T14:59:53.689+0000] {processor.py:183} INFO - Processing /home/airflow/.local/lib/python3.12/site-packages/airflow/example_dags/example_branch_python_dop_operator_3.py took 0.031 seconds
[2024-07-06T15:00:24.105+0000] {processor.py:161} INFO - Started process (PID=11289) to work on /home/airflow/.local/lib/python3.12/site-packages/airflow/example_dags/example_branch_python_dop_operator_3.py
[2024-07-06T15:00:24.105+0000] {processor.py:830} INFO - Processing file /home/airflow/.local/lib/python3.12/site-packages/airflow/example_dags/example_branch_python_dop_operator_3.py for tasks to queue
[2024-07-06T15:00:24.106+0000] {logging_mixin.py:188} INFO - [2024-07-06T15:00:24.106+0000] {dagbag.py:545} INFO - Filling up the DagBag from /home/airflow/.local/lib/python3.12/site-packages/airflow/example_dags/example_branch_python_dop_operator_3.py
[2024-07-06T15:00:24.109+0000] {processor.py:840} INFO - DAG(s) 'example_branch_dop_operator_v3' retrieved from /home/airflow/.local/lib/python3.12/site-packages/airflow/example_dags/example_branch_python_dop_operator_3.py
[2024-07-06T15:00:24.118+0000] {logging_mixin.py:188} INFO - [2024-07-06T15:00:24.117+0000] {dag.py:3096} INFO - Sync 1 DAGs
[2024-07-06T15:00:24.126+0000] {logging_mixin.py:188} INFO - [2024-07-06T15:00:24.125+0000] {dag.py:3954} INFO - Setting next_dagrun for example_branch_dop_operator_v3 to 2024-07-06 14:59:00+00:00, run_after=2024-07-06 15:00:00+00:00
[2024-07-06T15:00:24.131+0000] {processor.py:183} INFO - Processing /home/airflow/.local/lib/python3.12/site-packages/airflow/example_dags/example_branch_python_dop_operator_3.py took 0.029 seconds
