[2024-07-06T00:02:22.507+0000] {processor.py:161} INFO - Started process (PID=8221) to work on /home/airflow/.local/lib/python3.12/site-packages/airflow/example_dags/example_params_trigger_ui.py
[2024-07-06T00:02:22.507+0000] {processor.py:830} INFO - Processing file /home/airflow/.local/lib/python3.12/site-packages/airflow/example_dags/example_params_trigger_ui.py for tasks to queue
[2024-07-06T00:02:22.508+0000] {logging_mixin.py:188} INFO - [2024-07-06T00:02:22.508+0000] {dagbag.py:545} INFO - Filling up the DagBag from /home/airflow/.local/lib/python3.12/site-packages/airflow/example_dags/example_params_trigger_ui.py
[2024-07-06T00:02:22.513+0000] {processor.py:840} INFO - DAG(s) 'example_params_trigger_ui' retrieved from /home/airflow/.local/lib/python3.12/site-packages/airflow/example_dags/example_params_trigger_ui.py
[2024-07-06T00:02:22.528+0000] {logging_mixin.py:188} INFO - [2024-07-06T00:02:22.528+0000] {dag.py:3096} INFO - Sync 1 DAGs
[2024-07-06T00:02:22.533+0000] {logging_mixin.py:188} INFO - [2024-07-06T00:02:22.533+0000] {dag.py:3954} INFO - Setting next_dagrun for example_params_trigger_ui to None, run_after=None
[2024-07-06T00:02:22.539+0000] {processor.py:183} INFO - Processing /home/airflow/.local/lib/python3.12/site-packages/airflow/example_dags/example_params_trigger_ui.py took 0.035 seconds
[2024-07-06T01:03:22.840+0000] {processor.py:161} INFO - Started process (PID=8279) to work on /home/airflow/.local/lib/python3.12/site-packages/airflow/example_dags/example_params_trigger_ui.py
[2024-07-06T01:03:22.841+0000] {processor.py:830} INFO - Processing file /home/airflow/.local/lib/python3.12/site-packages/airflow/example_dags/example_params_trigger_ui.py for tasks to queue
[2024-07-06T01:03:22.842+0000] {logging_mixin.py:188} INFO - [2024-07-06T01:03:22.841+0000] {dagbag.py:545} INFO - Filling up the DagBag from /home/airflow/.local/lib/python3.12/site-packages/airflow/example_dags/example_params_trigger_ui.py
[2024-07-06T01:03:22.847+0000] {processor.py:840} INFO - DAG(s) 'example_params_trigger_ui' retrieved from /home/airflow/.local/lib/python3.12/site-packages/airflow/example_dags/example_params_trigger_ui.py
[2024-07-06T01:03:22.863+0000] {logging_mixin.py:188} INFO - [2024-07-06T01:03:22.863+0000] {dag.py:3096} INFO - Sync 1 DAGs
[2024-07-06T01:03:22.868+0000] {logging_mixin.py:188} INFO - [2024-07-06T01:03:22.868+0000] {dag.py:3954} INFO - Setting next_dagrun for example_params_trigger_ui to None, run_after=None
[2024-07-06T01:03:22.875+0000] {processor.py:183} INFO - Processing /home/airflow/.local/lib/python3.12/site-packages/airflow/example_dags/example_params_trigger_ui.py took 0.037 seconds
[2024-07-06T02:04:18.386+0000] {processor.py:161} INFO - Started process (PID=8337) to work on /home/airflow/.local/lib/python3.12/site-packages/airflow/example_dags/example_params_trigger_ui.py
[2024-07-06T02:04:18.386+0000] {processor.py:830} INFO - Processing file /home/airflow/.local/lib/python3.12/site-packages/airflow/example_dags/example_params_trigger_ui.py for tasks to queue
[2024-07-06T02:04:18.387+0000] {logging_mixin.py:188} INFO - [2024-07-06T02:04:18.387+0000] {dagbag.py:545} INFO - Filling up the DagBag from /home/airflow/.local/lib/python3.12/site-packages/airflow/example_dags/example_params_trigger_ui.py
[2024-07-06T02:04:18.394+0000] {processor.py:840} INFO - DAG(s) 'example_params_trigger_ui' retrieved from /home/airflow/.local/lib/python3.12/site-packages/airflow/example_dags/example_params_trigger_ui.py
[2024-07-06T02:04:18.410+0000] {logging_mixin.py:188} INFO - [2024-07-06T02:04:18.410+0000] {dag.py:3096} INFO - Sync 1 DAGs
[2024-07-06T02:04:18.414+0000] {logging_mixin.py:188} INFO - [2024-07-06T02:04:18.414+0000] {dag.py:3954} INFO - Setting next_dagrun for example_params_trigger_ui to None, run_after=None
[2024-07-06T02:04:18.421+0000] {processor.py:183} INFO - Processing /home/airflow/.local/lib/python3.12/site-packages/airflow/example_dags/example_params_trigger_ui.py took 0.038 seconds
[2024-07-06T03:05:22.455+0000] {processor.py:161} INFO - Started process (PID=8395) to work on /home/airflow/.local/lib/python3.12/site-packages/airflow/example_dags/example_params_trigger_ui.py
[2024-07-06T03:05:22.455+0000] {processor.py:830} INFO - Processing file /home/airflow/.local/lib/python3.12/site-packages/airflow/example_dags/example_params_trigger_ui.py for tasks to queue
[2024-07-06T03:05:22.456+0000] {logging_mixin.py:188} INFO - [2024-07-06T03:05:22.456+0000] {dagbag.py:545} INFO - Filling up the DagBag from /home/airflow/.local/lib/python3.12/site-packages/airflow/example_dags/example_params_trigger_ui.py
[2024-07-06T03:05:22.461+0000] {processor.py:840} INFO - DAG(s) 'example_params_trigger_ui' retrieved from /home/airflow/.local/lib/python3.12/site-packages/airflow/example_dags/example_params_trigger_ui.py
[2024-07-06T03:05:22.477+0000] {logging_mixin.py:188} INFO - [2024-07-06T03:05:22.477+0000] {dag.py:3096} INFO - Sync 1 DAGs
[2024-07-06T03:05:22.482+0000] {logging_mixin.py:188} INFO - [2024-07-06T03:05:22.482+0000] {dag.py:3954} INFO - Setting next_dagrun for example_params_trigger_ui to None, run_after=None
[2024-07-06T03:05:22.489+0000] {processor.py:183} INFO - Processing /home/airflow/.local/lib/python3.12/site-packages/airflow/example_dags/example_params_trigger_ui.py took 0.036 seconds
[2024-07-06T04:24:03.729+0000] {processor.py:161} INFO - Started process (PID=8453) to work on /home/airflow/.local/lib/python3.12/site-packages/airflow/example_dags/example_params_trigger_ui.py
[2024-07-06T04:24:03.729+0000] {processor.py:830} INFO - Processing file /home/airflow/.local/lib/python3.12/site-packages/airflow/example_dags/example_params_trigger_ui.py for tasks to queue
[2024-07-06T04:24:03.730+0000] {logging_mixin.py:188} INFO - [2024-07-06T04:24:03.730+0000] {dagbag.py:545} INFO - Filling up the DagBag from /home/airflow/.local/lib/python3.12/site-packages/airflow/example_dags/example_params_trigger_ui.py
[2024-07-06T04:24:03.736+0000] {processor.py:840} INFO - DAG(s) 'example_params_trigger_ui' retrieved from /home/airflow/.local/lib/python3.12/site-packages/airflow/example_dags/example_params_trigger_ui.py
[2024-07-06T04:24:03.752+0000] {logging_mixin.py:188} INFO - [2024-07-06T04:24:03.752+0000] {dag.py:3096} INFO - Sync 1 DAGs
[2024-07-06T04:24:03.757+0000] {logging_mixin.py:188} INFO - [2024-07-06T04:24:03.757+0000] {dag.py:3954} INFO - Setting next_dagrun for example_params_trigger_ui to None, run_after=None
[2024-07-06T04:24:03.763+0000] {processor.py:183} INFO - Processing /home/airflow/.local/lib/python3.12/site-packages/airflow/example_dags/example_params_trigger_ui.py took 0.037 seconds
[2024-07-06T05:41:15.261+0000] {processor.py:161} INFO - Started process (PID=8511) to work on /home/airflow/.local/lib/python3.12/site-packages/airflow/example_dags/example_params_trigger_ui.py
[2024-07-06T05:41:15.261+0000] {processor.py:830} INFO - Processing file /home/airflow/.local/lib/python3.12/site-packages/airflow/example_dags/example_params_trigger_ui.py for tasks to queue
[2024-07-06T05:41:15.262+0000] {logging_mixin.py:188} INFO - [2024-07-06T05:41:15.262+0000] {dagbag.py:545} INFO - Filling up the DagBag from /home/airflow/.local/lib/python3.12/site-packages/airflow/example_dags/example_params_trigger_ui.py
[2024-07-06T05:41:15.268+0000] {processor.py:840} INFO - DAG(s) 'example_params_trigger_ui' retrieved from /home/airflow/.local/lib/python3.12/site-packages/airflow/example_dags/example_params_trigger_ui.py
[2024-07-06T05:41:15.282+0000] {logging_mixin.py:188} INFO - [2024-07-06T05:41:15.282+0000] {dag.py:3096} INFO - Sync 1 DAGs
[2024-07-06T05:41:15.288+0000] {logging_mixin.py:188} INFO - [2024-07-06T05:41:15.287+0000] {dag.py:3954} INFO - Setting next_dagrun for example_params_trigger_ui to None, run_after=None
[2024-07-06T05:41:15.294+0000] {processor.py:183} INFO - Processing /home/airflow/.local/lib/python3.12/site-packages/airflow/example_dags/example_params_trigger_ui.py took 0.036 seconds
[2024-07-06T06:57:58.728+0000] {processor.py:161} INFO - Started process (PID=8569) to work on /home/airflow/.local/lib/python3.12/site-packages/airflow/example_dags/example_params_trigger_ui.py
[2024-07-06T06:57:58.729+0000] {processor.py:830} INFO - Processing file /home/airflow/.local/lib/python3.12/site-packages/airflow/example_dags/example_params_trigger_ui.py for tasks to queue
[2024-07-06T06:57:58.729+0000] {logging_mixin.py:188} INFO - [2024-07-06T06:57:58.729+0000] {dagbag.py:545} INFO - Filling up the DagBag from /home/airflow/.local/lib/python3.12/site-packages/airflow/example_dags/example_params_trigger_ui.py
[2024-07-06T06:57:58.735+0000] {processor.py:840} INFO - DAG(s) 'example_params_trigger_ui' retrieved from /home/airflow/.local/lib/python3.12/site-packages/airflow/example_dags/example_params_trigger_ui.py
[2024-07-06T06:57:58.750+0000] {logging_mixin.py:188} INFO - [2024-07-06T06:57:58.750+0000] {dag.py:3096} INFO - Sync 1 DAGs
[2024-07-06T06:57:58.755+0000] {logging_mixin.py:188} INFO - [2024-07-06T06:57:58.755+0000] {dag.py:3954} INFO - Setting next_dagrun for example_params_trigger_ui to None, run_after=None
[2024-07-06T06:57:58.762+0000] {processor.py:183} INFO - Processing /home/airflow/.local/lib/python3.12/site-packages/airflow/example_dags/example_params_trigger_ui.py took 0.036 seconds
[2024-07-06T07:58:19.121+0000] {processor.py:161} INFO - Started process (PID=8627) to work on /home/airflow/.local/lib/python3.12/site-packages/airflow/example_dags/example_params_trigger_ui.py
[2024-07-06T07:58:19.121+0000] {processor.py:830} INFO - Processing file /home/airflow/.local/lib/python3.12/site-packages/airflow/example_dags/example_params_trigger_ui.py for tasks to queue
[2024-07-06T07:58:19.122+0000] {logging_mixin.py:188} INFO - [2024-07-06T07:58:19.122+0000] {dagbag.py:545} INFO - Filling up the DagBag from /home/airflow/.local/lib/python3.12/site-packages/airflow/example_dags/example_params_trigger_ui.py
[2024-07-06T07:58:19.128+0000] {processor.py:840} INFO - DAG(s) 'example_params_trigger_ui' retrieved from /home/airflow/.local/lib/python3.12/site-packages/airflow/example_dags/example_params_trigger_ui.py
[2024-07-06T07:58:19.143+0000] {logging_mixin.py:188} INFO - [2024-07-06T07:58:19.143+0000] {dag.py:3096} INFO - Sync 1 DAGs
[2024-07-06T07:58:19.147+0000] {logging_mixin.py:188} INFO - [2024-07-06T07:58:19.147+0000] {dag.py:3954} INFO - Setting next_dagrun for example_params_trigger_ui to None, run_after=None
[2024-07-06T07:58:19.154+0000] {processor.py:183} INFO - Processing /home/airflow/.local/lib/python3.12/site-packages/airflow/example_dags/example_params_trigger_ui.py took 0.035 seconds
[2024-07-06T08:36:32.744+0000] {processor.py:161} INFO - Started process (PID=8685) to work on /home/airflow/.local/lib/python3.12/site-packages/airflow/example_dags/example_params_trigger_ui.py
[2024-07-06T08:36:32.745+0000] {processor.py:830} INFO - Processing file /home/airflow/.local/lib/python3.12/site-packages/airflow/example_dags/example_params_trigger_ui.py for tasks to queue
[2024-07-06T08:36:32.749+0000] {logging_mixin.py:188} INFO - [2024-07-06T08:36:32.749+0000] {dagbag.py:545} INFO - Filling up the DagBag from /home/airflow/.local/lib/python3.12/site-packages/airflow/example_dags/example_params_trigger_ui.py
[2024-07-06T08:36:32.757+0000] {processor.py:840} INFO - DAG(s) 'example_params_trigger_ui' retrieved from /home/airflow/.local/lib/python3.12/site-packages/airflow/example_dags/example_params_trigger_ui.py
[2024-07-06T08:36:32.772+0000] {logging_mixin.py:188} INFO - [2024-07-06T08:36:32.772+0000] {dag.py:3096} INFO - Sync 1 DAGs
[2024-07-06T08:36:32.777+0000] {logging_mixin.py:188} INFO - [2024-07-06T08:36:32.777+0000] {dag.py:3954} INFO - Setting next_dagrun for example_params_trigger_ui to None, run_after=None
[2024-07-06T08:36:32.784+0000] {processor.py:183} INFO - Processing /home/airflow/.local/lib/python3.12/site-packages/airflow/example_dags/example_params_trigger_ui.py took 0.042 seconds
[2024-07-06T09:11:23.013+0000] {processor.py:161} INFO - Started process (PID=8743) to work on /home/airflow/.local/lib/python3.12/site-packages/airflow/example_dags/example_params_trigger_ui.py
[2024-07-06T09:11:23.013+0000] {processor.py:830} INFO - Processing file /home/airflow/.local/lib/python3.12/site-packages/airflow/example_dags/example_params_trigger_ui.py for tasks to queue
[2024-07-06T09:11:23.014+0000] {logging_mixin.py:188} INFO - [2024-07-06T09:11:23.014+0000] {dagbag.py:545} INFO - Filling up the DagBag from /home/airflow/.local/lib/python3.12/site-packages/airflow/example_dags/example_params_trigger_ui.py
[2024-07-06T09:11:23.020+0000] {processor.py:840} INFO - DAG(s) 'example_params_trigger_ui' retrieved from /home/airflow/.local/lib/python3.12/site-packages/airflow/example_dags/example_params_trigger_ui.py
[2024-07-06T09:11:23.035+0000] {logging_mixin.py:188} INFO - [2024-07-06T09:11:23.035+0000] {dag.py:3096} INFO - Sync 1 DAGs
[2024-07-06T09:11:23.040+0000] {logging_mixin.py:188} INFO - [2024-07-06T09:11:23.040+0000] {dag.py:3954} INFO - Setting next_dagrun for example_params_trigger_ui to None, run_after=None
[2024-07-06T09:11:23.047+0000] {processor.py:183} INFO - Processing /home/airflow/.local/lib/python3.12/site-packages/airflow/example_dags/example_params_trigger_ui.py took 0.036 seconds
[2024-07-06T09:54:55.469+0000] {processor.py:161} INFO - Started process (PID=8801) to work on /home/airflow/.local/lib/python3.12/site-packages/airflow/example_dags/example_params_trigger_ui.py
[2024-07-06T09:54:55.469+0000] {processor.py:830} INFO - Processing file /home/airflow/.local/lib/python3.12/site-packages/airflow/example_dags/example_params_trigger_ui.py for tasks to queue
[2024-07-06T09:54:55.470+0000] {logging_mixin.py:188} INFO - [2024-07-06T09:54:55.470+0000] {dagbag.py:545} INFO - Filling up the DagBag from /home/airflow/.local/lib/python3.12/site-packages/airflow/example_dags/example_params_trigger_ui.py
[2024-07-06T09:54:55.476+0000] {processor.py:840} INFO - DAG(s) 'example_params_trigger_ui' retrieved from /home/airflow/.local/lib/python3.12/site-packages/airflow/example_dags/example_params_trigger_ui.py
[2024-07-06T09:54:55.491+0000] {logging_mixin.py:188} INFO - [2024-07-06T09:54:55.491+0000] {dag.py:3096} INFO - Sync 1 DAGs
[2024-07-06T09:54:55.496+0000] {logging_mixin.py:188} INFO - [2024-07-06T09:54:55.495+0000] {dag.py:3954} INFO - Setting next_dagrun for example_params_trigger_ui to None, run_after=None
[2024-07-06T09:54:55.502+0000] {processor.py:183} INFO - Processing /home/airflow/.local/lib/python3.12/site-packages/airflow/example_dags/example_params_trigger_ui.py took 0.035 seconds
[2024-07-06T10:32:28.743+0000] {processor.py:161} INFO - Started process (PID=8859) to work on /home/airflow/.local/lib/python3.12/site-packages/airflow/example_dags/example_params_trigger_ui.py
[2024-07-06T10:32:28.743+0000] {processor.py:830} INFO - Processing file /home/airflow/.local/lib/python3.12/site-packages/airflow/example_dags/example_params_trigger_ui.py for tasks to queue
[2024-07-06T10:32:28.744+0000] {logging_mixin.py:188} INFO - [2024-07-06T10:32:28.744+0000] {dagbag.py:545} INFO - Filling up the DagBag from /home/airflow/.local/lib/python3.12/site-packages/airflow/example_dags/example_params_trigger_ui.py
[2024-07-06T10:32:28.750+0000] {processor.py:840} INFO - DAG(s) 'example_params_trigger_ui' retrieved from /home/airflow/.local/lib/python3.12/site-packages/airflow/example_dags/example_params_trigger_ui.py
[2024-07-06T10:32:28.765+0000] {logging_mixin.py:188} INFO - [2024-07-06T10:32:28.765+0000] {dag.py:3096} INFO - Sync 1 DAGs
[2024-07-06T10:32:28.769+0000] {logging_mixin.py:188} INFO - [2024-07-06T10:32:28.769+0000] {dag.py:3954} INFO - Setting next_dagrun for example_params_trigger_ui to None, run_after=None
[2024-07-06T10:32:28.775+0000] {processor.py:183} INFO - Processing /home/airflow/.local/lib/python3.12/site-packages/airflow/example_dags/example_params_trigger_ui.py took 0.035 seconds
[2024-07-06T11:31:00.907+0000] {processor.py:161} INFO - Started process (PID=8917) to work on /home/airflow/.local/lib/python3.12/site-packages/airflow/example_dags/example_params_trigger_ui.py
[2024-07-06T11:31:00.907+0000] {processor.py:830} INFO - Processing file /home/airflow/.local/lib/python3.12/site-packages/airflow/example_dags/example_params_trigger_ui.py for tasks to queue
[2024-07-06T11:31:00.908+0000] {logging_mixin.py:188} INFO - [2024-07-06T11:31:00.908+0000] {dagbag.py:545} INFO - Filling up the DagBag from /home/airflow/.local/lib/python3.12/site-packages/airflow/example_dags/example_params_trigger_ui.py
[2024-07-06T11:31:00.914+0000] {processor.py:840} INFO - DAG(s) 'example_params_trigger_ui' retrieved from /home/airflow/.local/lib/python3.12/site-packages/airflow/example_dags/example_params_trigger_ui.py
[2024-07-06T11:31:00.929+0000] {logging_mixin.py:188} INFO - [2024-07-06T11:31:00.929+0000] {dag.py:3096} INFO - Sync 1 DAGs
[2024-07-06T11:31:00.933+0000] {logging_mixin.py:188} INFO - [2024-07-06T11:31:00.933+0000] {dag.py:3954} INFO - Setting next_dagrun for example_params_trigger_ui to None, run_after=None
[2024-07-06T11:31:00.939+0000] {processor.py:183} INFO - Processing /home/airflow/.local/lib/python3.12/site-packages/airflow/example_dags/example_params_trigger_ui.py took 0.035 seconds
[2024-07-06T12:31:30.634+0000] {processor.py:161} INFO - Started process (PID=8975) to work on /home/airflow/.local/lib/python3.12/site-packages/airflow/example_dags/example_params_trigger_ui.py
[2024-07-06T12:31:30.635+0000] {processor.py:830} INFO - Processing file /home/airflow/.local/lib/python3.12/site-packages/airflow/example_dags/example_params_trigger_ui.py for tasks to queue
[2024-07-06T12:31:30.635+0000] {logging_mixin.py:188} INFO - [2024-07-06T12:31:30.635+0000] {dagbag.py:545} INFO - Filling up the DagBag from /home/airflow/.local/lib/python3.12/site-packages/airflow/example_dags/example_params_trigger_ui.py
[2024-07-06T12:31:30.642+0000] {processor.py:840} INFO - DAG(s) 'example_params_trigger_ui' retrieved from /home/airflow/.local/lib/python3.12/site-packages/airflow/example_dags/example_params_trigger_ui.py
[2024-07-06T12:31:30.659+0000] {logging_mixin.py:188} INFO - [2024-07-06T12:31:30.658+0000] {dag.py:3096} INFO - Sync 1 DAGs
[2024-07-06T12:31:30.664+0000] {logging_mixin.py:188} INFO - [2024-07-06T12:31:30.664+0000] {dag.py:3954} INFO - Setting next_dagrun for example_params_trigger_ui to None, run_after=None
[2024-07-06T12:31:30.672+0000] {processor.py:183} INFO - Processing /home/airflow/.local/lib/python3.12/site-packages/airflow/example_dags/example_params_trigger_ui.py took 0.041 seconds
[2024-07-06T13:31:19.649+0000] {processor.py:161} INFO - Started process (PID=9033) to work on /home/airflow/.local/lib/python3.12/site-packages/airflow/example_dags/example_params_trigger_ui.py
[2024-07-06T13:31:19.650+0000] {processor.py:830} INFO - Processing file /home/airflow/.local/lib/python3.12/site-packages/airflow/example_dags/example_params_trigger_ui.py for tasks to queue
[2024-07-06T13:31:19.650+0000] {logging_mixin.py:188} INFO - [2024-07-06T13:31:19.650+0000] {dagbag.py:545} INFO - Filling up the DagBag from /home/airflow/.local/lib/python3.12/site-packages/airflow/example_dags/example_params_trigger_ui.py
[2024-07-06T13:31:19.656+0000] {processor.py:840} INFO - DAG(s) 'example_params_trigger_ui' retrieved from /home/airflow/.local/lib/python3.12/site-packages/airflow/example_dags/example_params_trigger_ui.py
[2024-07-06T13:31:19.672+0000] {logging_mixin.py:188} INFO - [2024-07-06T13:31:19.672+0000] {dag.py:3096} INFO - Sync 1 DAGs
[2024-07-06T13:31:19.676+0000] {logging_mixin.py:188} INFO - [2024-07-06T13:31:19.676+0000] {dag.py:3954} INFO - Setting next_dagrun for example_params_trigger_ui to None, run_after=None
[2024-07-06T13:31:19.683+0000] {processor.py:183} INFO - Processing /home/airflow/.local/lib/python3.12/site-packages/airflow/example_dags/example_params_trigger_ui.py took 0.036 seconds
[2024-07-06T13:36:56.253+0000] {processor.py:161} INFO - Started process (PID=9091) to work on /home/airflow/.local/lib/python3.12/site-packages/airflow/example_dags/example_params_trigger_ui.py
[2024-07-06T13:36:56.253+0000] {processor.py:830} INFO - Processing file /home/airflow/.local/lib/python3.12/site-packages/airflow/example_dags/example_params_trigger_ui.py for tasks to queue
[2024-07-06T13:36:56.254+0000] {logging_mixin.py:188} INFO - [2024-07-06T13:36:56.254+0000] {dagbag.py:545} INFO - Filling up the DagBag from /home/airflow/.local/lib/python3.12/site-packages/airflow/example_dags/example_params_trigger_ui.py
[2024-07-06T13:36:56.260+0000] {processor.py:840} INFO - DAG(s) 'example_params_trigger_ui' retrieved from /home/airflow/.local/lib/python3.12/site-packages/airflow/example_dags/example_params_trigger_ui.py
[2024-07-06T13:36:56.275+0000] {logging_mixin.py:188} INFO - [2024-07-06T13:36:56.275+0000] {dag.py:3096} INFO - Sync 1 DAGs
[2024-07-06T13:36:56.280+0000] {logging_mixin.py:188} INFO - [2024-07-06T13:36:56.280+0000] {dag.py:3954} INFO - Setting next_dagrun for example_params_trigger_ui to None, run_after=None
[2024-07-06T13:36:56.286+0000] {processor.py:183} INFO - Processing /home/airflow/.local/lib/python3.12/site-packages/airflow/example_dags/example_params_trigger_ui.py took 0.035 seconds
[2024-07-06T14:16:20.703+0000] {processor.py:161} INFO - Started process (PID=9149) to work on /home/airflow/.local/lib/python3.12/site-packages/airflow/example_dags/example_params_trigger_ui.py
[2024-07-06T14:16:20.703+0000] {processor.py:830} INFO - Processing file /home/airflow/.local/lib/python3.12/site-packages/airflow/example_dags/example_params_trigger_ui.py for tasks to queue
[2024-07-06T14:16:20.704+0000] {logging_mixin.py:188} INFO - [2024-07-06T14:16:20.704+0000] {dagbag.py:545} INFO - Filling up the DagBag from /home/airflow/.local/lib/python3.12/site-packages/airflow/example_dags/example_params_trigger_ui.py
[2024-07-06T14:16:20.709+0000] {processor.py:840} INFO - DAG(s) 'example_params_trigger_ui' retrieved from /home/airflow/.local/lib/python3.12/site-packages/airflow/example_dags/example_params_trigger_ui.py
[2024-07-06T14:16:20.723+0000] {logging_mixin.py:188} INFO - [2024-07-06T14:16:20.723+0000] {dag.py:3096} INFO - Sync 1 DAGs
[2024-07-06T14:16:20.728+0000] {logging_mixin.py:188} INFO - [2024-07-06T14:16:20.728+0000] {dag.py:3954} INFO - Setting next_dagrun for example_params_trigger_ui to None, run_after=None
[2024-07-06T14:16:20.735+0000] {processor.py:183} INFO - Processing /home/airflow/.local/lib/python3.12/site-packages/airflow/example_dags/example_params_trigger_ui.py took 0.034 seconds
[2024-07-06T14:42:09.731+0000] {processor.py:161} INFO - Started process (PID=9207) to work on /home/airflow/.local/lib/python3.12/site-packages/airflow/example_dags/example_params_trigger_ui.py
[2024-07-06T14:42:09.732+0000] {processor.py:830} INFO - Processing file /home/airflow/.local/lib/python3.12/site-packages/airflow/example_dags/example_params_trigger_ui.py for tasks to queue
[2024-07-06T14:42:09.732+0000] {logging_mixin.py:188} INFO - [2024-07-06T14:42:09.732+0000] {dagbag.py:545} INFO - Filling up the DagBag from /home/airflow/.local/lib/python3.12/site-packages/airflow/example_dags/example_params_trigger_ui.py
[2024-07-06T14:42:09.739+0000] {processor.py:840} INFO - DAG(s) 'example_params_trigger_ui' retrieved from /home/airflow/.local/lib/python3.12/site-packages/airflow/example_dags/example_params_trigger_ui.py
[2024-07-06T14:42:09.755+0000] {logging_mixin.py:188} INFO - [2024-07-06T14:42:09.755+0000] {dag.py:3096} INFO - Sync 1 DAGs
[2024-07-06T14:42:09.761+0000] {logging_mixin.py:188} INFO - [2024-07-06T14:42:09.760+0000] {dag.py:3954} INFO - Setting next_dagrun for example_params_trigger_ui to None, run_after=None
[2024-07-06T14:42:09.767+0000] {processor.py:183} INFO - Processing /home/airflow/.local/lib/python3.12/site-packages/airflow/example_dags/example_params_trigger_ui.py took 0.038 seconds
[2024-07-06T14:42:40.413+0000] {processor.py:161} INFO - Started process (PID=9265) to work on /home/airflow/.local/lib/python3.12/site-packages/airflow/example_dags/example_params_trigger_ui.py
[2024-07-06T14:42:40.414+0000] {processor.py:830} INFO - Processing file /home/airflow/.local/lib/python3.12/site-packages/airflow/example_dags/example_params_trigger_ui.py for tasks to queue
[2024-07-06T14:42:40.415+0000] {logging_mixin.py:188} INFO - [2024-07-06T14:42:40.415+0000] {dagbag.py:545} INFO - Filling up the DagBag from /home/airflow/.local/lib/python3.12/site-packages/airflow/example_dags/example_params_trigger_ui.py
[2024-07-06T14:42:40.422+0000] {processor.py:840} INFO - DAG(s) 'example_params_trigger_ui' retrieved from /home/airflow/.local/lib/python3.12/site-packages/airflow/example_dags/example_params_trigger_ui.py
[2024-07-06T14:42:40.440+0000] {logging_mixin.py:188} INFO - [2024-07-06T14:42:40.440+0000] {dag.py:3096} INFO - Sync 1 DAGs
[2024-07-06T14:42:40.445+0000] {logging_mixin.py:188} INFO - [2024-07-06T14:42:40.445+0000] {dag.py:3954} INFO - Setting next_dagrun for example_params_trigger_ui to None, run_after=None
[2024-07-06T14:42:40.452+0000] {processor.py:183} INFO - Processing /home/airflow/.local/lib/python3.12/site-packages/airflow/example_dags/example_params_trigger_ui.py took 0.042 seconds
[2024-07-06T14:43:10.915+0000] {processor.py:161} INFO - Started process (PID=9323) to work on /home/airflow/.local/lib/python3.12/site-packages/airflow/example_dags/example_params_trigger_ui.py
[2024-07-06T14:43:10.918+0000] {processor.py:830} INFO - Processing file /home/airflow/.local/lib/python3.12/site-packages/airflow/example_dags/example_params_trigger_ui.py for tasks to queue
[2024-07-06T14:43:10.921+0000] {logging_mixin.py:188} INFO - [2024-07-06T14:43:10.920+0000] {dagbag.py:545} INFO - Filling up the DagBag from /home/airflow/.local/lib/python3.12/site-packages/airflow/example_dags/example_params_trigger_ui.py
[2024-07-06T14:43:10.927+0000] {processor.py:840} INFO - DAG(s) 'example_params_trigger_ui' retrieved from /home/airflow/.local/lib/python3.12/site-packages/airflow/example_dags/example_params_trigger_ui.py
[2024-07-06T14:43:10.943+0000] {logging_mixin.py:188} INFO - [2024-07-06T14:43:10.943+0000] {dag.py:3096} INFO - Sync 1 DAGs
[2024-07-06T14:43:10.948+0000] {logging_mixin.py:188} INFO - [2024-07-06T14:43:10.948+0000] {dag.py:3954} INFO - Setting next_dagrun for example_params_trigger_ui to None, run_after=None
[2024-07-06T14:43:10.956+0000] {processor.py:183} INFO - Processing /home/airflow/.local/lib/python3.12/site-packages/airflow/example_dags/example_params_trigger_ui.py took 0.043 seconds
[2024-07-06T14:43:41.340+0000] {processor.py:161} INFO - Started process (PID=9387) to work on /home/airflow/.local/lib/python3.12/site-packages/airflow/example_dags/example_params_trigger_ui.py
[2024-07-06T14:43:41.341+0000] {processor.py:830} INFO - Processing file /home/airflow/.local/lib/python3.12/site-packages/airflow/example_dags/example_params_trigger_ui.py for tasks to queue
[2024-07-06T14:43:41.341+0000] {logging_mixin.py:188} INFO - [2024-07-06T14:43:41.341+0000] {dagbag.py:545} INFO - Filling up the DagBag from /home/airflow/.local/lib/python3.12/site-packages/airflow/example_dags/example_params_trigger_ui.py
[2024-07-06T14:43:41.347+0000] {processor.py:840} INFO - DAG(s) 'example_params_trigger_ui' retrieved from /home/airflow/.local/lib/python3.12/site-packages/airflow/example_dags/example_params_trigger_ui.py
[2024-07-06T14:43:41.362+0000] {logging_mixin.py:188} INFO - [2024-07-06T14:43:41.362+0000] {dag.py:3096} INFO - Sync 1 DAGs
[2024-07-06T14:43:41.366+0000] {logging_mixin.py:188} INFO - [2024-07-06T14:43:41.366+0000] {dag.py:3954} INFO - Setting next_dagrun for example_params_trigger_ui to None, run_after=None
[2024-07-06T14:43:41.373+0000] {processor.py:183} INFO - Processing /home/airflow/.local/lib/python3.12/site-packages/airflow/example_dags/example_params_trigger_ui.py took 0.035 seconds
[2024-07-06T14:44:11.724+0000] {processor.py:161} INFO - Started process (PID=9445) to work on /home/airflow/.local/lib/python3.12/site-packages/airflow/example_dags/example_params_trigger_ui.py
[2024-07-06T14:44:11.725+0000] {processor.py:830} INFO - Processing file /home/airflow/.local/lib/python3.12/site-packages/airflow/example_dags/example_params_trigger_ui.py for tasks to queue
[2024-07-06T14:44:11.725+0000] {logging_mixin.py:188} INFO - [2024-07-06T14:44:11.725+0000] {dagbag.py:545} INFO - Filling up the DagBag from /home/airflow/.local/lib/python3.12/site-packages/airflow/example_dags/example_params_trigger_ui.py
[2024-07-06T14:44:11.731+0000] {processor.py:840} INFO - DAG(s) 'example_params_trigger_ui' retrieved from /home/airflow/.local/lib/python3.12/site-packages/airflow/example_dags/example_params_trigger_ui.py
[2024-07-06T14:44:11.745+0000] {logging_mixin.py:188} INFO - [2024-07-06T14:44:11.745+0000] {dag.py:3096} INFO - Sync 1 DAGs
[2024-07-06T14:44:11.750+0000] {logging_mixin.py:188} INFO - [2024-07-06T14:44:11.749+0000] {dag.py:3954} INFO - Setting next_dagrun for example_params_trigger_ui to None, run_after=None
[2024-07-06T14:44:11.755+0000] {processor.py:183} INFO - Processing /home/airflow/.local/lib/python3.12/site-packages/airflow/example_dags/example_params_trigger_ui.py took 0.033 seconds
[2024-07-06T14:44:42.069+0000] {processor.py:161} INFO - Started process (PID=9503) to work on /home/airflow/.local/lib/python3.12/site-packages/airflow/example_dags/example_params_trigger_ui.py
[2024-07-06T14:44:42.070+0000] {processor.py:830} INFO - Processing file /home/airflow/.local/lib/python3.12/site-packages/airflow/example_dags/example_params_trigger_ui.py for tasks to queue
[2024-07-06T14:44:42.071+0000] {logging_mixin.py:188} INFO - [2024-07-06T14:44:42.070+0000] {dagbag.py:545} INFO - Filling up the DagBag from /home/airflow/.local/lib/python3.12/site-packages/airflow/example_dags/example_params_trigger_ui.py
[2024-07-06T14:44:42.076+0000] {processor.py:840} INFO - DAG(s) 'example_params_trigger_ui' retrieved from /home/airflow/.local/lib/python3.12/site-packages/airflow/example_dags/example_params_trigger_ui.py
[2024-07-06T14:44:42.092+0000] {logging_mixin.py:188} INFO - [2024-07-06T14:44:42.092+0000] {dag.py:3096} INFO - Sync 1 DAGs
[2024-07-06T14:44:42.097+0000] {logging_mixin.py:188} INFO - [2024-07-06T14:44:42.096+0000] {dag.py:3954} INFO - Setting next_dagrun for example_params_trigger_ui to None, run_after=None
[2024-07-06T14:44:42.103+0000] {processor.py:183} INFO - Processing /home/airflow/.local/lib/python3.12/site-packages/airflow/example_dags/example_params_trigger_ui.py took 0.036 seconds
[2024-07-06T14:45:12.435+0000] {processor.py:161} INFO - Started process (PID=9561) to work on /home/airflow/.local/lib/python3.12/site-packages/airflow/example_dags/example_params_trigger_ui.py
[2024-07-06T14:45:12.435+0000] {processor.py:830} INFO - Processing file /home/airflow/.local/lib/python3.12/site-packages/airflow/example_dags/example_params_trigger_ui.py for tasks to queue
[2024-07-06T14:45:12.436+0000] {logging_mixin.py:188} INFO - [2024-07-06T14:45:12.436+0000] {dagbag.py:545} INFO - Filling up the DagBag from /home/airflow/.local/lib/python3.12/site-packages/airflow/example_dags/example_params_trigger_ui.py
[2024-07-06T14:45:12.442+0000] {processor.py:840} INFO - DAG(s) 'example_params_trigger_ui' retrieved from /home/airflow/.local/lib/python3.12/site-packages/airflow/example_dags/example_params_trigger_ui.py
[2024-07-06T14:45:12.457+0000] {logging_mixin.py:188} INFO - [2024-07-06T14:45:12.457+0000] {dag.py:3096} INFO - Sync 1 DAGs
[2024-07-06T14:45:12.462+0000] {logging_mixin.py:188} INFO - [2024-07-06T14:45:12.462+0000] {dag.py:3954} INFO - Setting next_dagrun for example_params_trigger_ui to None, run_after=None
[2024-07-06T14:45:12.468+0000] {processor.py:183} INFO - Processing /home/airflow/.local/lib/python3.12/site-packages/airflow/example_dags/example_params_trigger_ui.py took 0.036 seconds
[2024-07-06T14:45:42.793+0000] {processor.py:161} INFO - Started process (PID=9619) to work on /home/airflow/.local/lib/python3.12/site-packages/airflow/example_dags/example_params_trigger_ui.py
[2024-07-06T14:45:42.793+0000] {processor.py:830} INFO - Processing file /home/airflow/.local/lib/python3.12/site-packages/airflow/example_dags/example_params_trigger_ui.py for tasks to queue
[2024-07-06T14:45:42.794+0000] {logging_mixin.py:188} INFO - [2024-07-06T14:45:42.794+0000] {dagbag.py:545} INFO - Filling up the DagBag from /home/airflow/.local/lib/python3.12/site-packages/airflow/example_dags/example_params_trigger_ui.py
[2024-07-06T14:45:42.800+0000] {processor.py:840} INFO - DAG(s) 'example_params_trigger_ui' retrieved from /home/airflow/.local/lib/python3.12/site-packages/airflow/example_dags/example_params_trigger_ui.py
[2024-07-06T14:45:42.815+0000] {logging_mixin.py:188} INFO - [2024-07-06T14:45:42.815+0000] {dag.py:3096} INFO - Sync 1 DAGs
[2024-07-06T14:45:42.820+0000] {logging_mixin.py:188} INFO - [2024-07-06T14:45:42.820+0000] {dag.py:3954} INFO - Setting next_dagrun for example_params_trigger_ui to None, run_after=None
[2024-07-06T14:45:42.826+0000] {processor.py:183} INFO - Processing /home/airflow/.local/lib/python3.12/site-packages/airflow/example_dags/example_params_trigger_ui.py took 0.036 seconds
[2024-07-06T14:46:13.271+0000] {processor.py:161} INFO - Started process (PID=9677) to work on /home/airflow/.local/lib/python3.12/site-packages/airflow/example_dags/example_params_trigger_ui.py
[2024-07-06T14:46:13.271+0000] {processor.py:830} INFO - Processing file /home/airflow/.local/lib/python3.12/site-packages/airflow/example_dags/example_params_trigger_ui.py for tasks to queue
[2024-07-06T14:46:13.272+0000] {logging_mixin.py:188} INFO - [2024-07-06T14:46:13.272+0000] {dagbag.py:545} INFO - Filling up the DagBag from /home/airflow/.local/lib/python3.12/site-packages/airflow/example_dags/example_params_trigger_ui.py
[2024-07-06T14:46:13.277+0000] {processor.py:840} INFO - DAG(s) 'example_params_trigger_ui' retrieved from /home/airflow/.local/lib/python3.12/site-packages/airflow/example_dags/example_params_trigger_ui.py
[2024-07-06T14:46:13.292+0000] {logging_mixin.py:188} INFO - [2024-07-06T14:46:13.292+0000] {dag.py:3096} INFO - Sync 1 DAGs
[2024-07-06T14:46:13.297+0000] {logging_mixin.py:188} INFO - [2024-07-06T14:46:13.297+0000] {dag.py:3954} INFO - Setting next_dagrun for example_params_trigger_ui to None, run_after=None
[2024-07-06T14:46:13.304+0000] {processor.py:183} INFO - Processing /home/airflow/.local/lib/python3.12/site-packages/airflow/example_dags/example_params_trigger_ui.py took 0.035 seconds
[2024-07-06T14:46:43.564+0000] {processor.py:161} INFO - Started process (PID=9735) to work on /home/airflow/.local/lib/python3.12/site-packages/airflow/example_dags/example_params_trigger_ui.py
[2024-07-06T14:46:43.564+0000] {processor.py:830} INFO - Processing file /home/airflow/.local/lib/python3.12/site-packages/airflow/example_dags/example_params_trigger_ui.py for tasks to queue
[2024-07-06T14:46:43.565+0000] {logging_mixin.py:188} INFO - [2024-07-06T14:46:43.565+0000] {dagbag.py:545} INFO - Filling up the DagBag from /home/airflow/.local/lib/python3.12/site-packages/airflow/example_dags/example_params_trigger_ui.py
[2024-07-06T14:46:43.571+0000] {processor.py:840} INFO - DAG(s) 'example_params_trigger_ui' retrieved from /home/airflow/.local/lib/python3.12/site-packages/airflow/example_dags/example_params_trigger_ui.py
[2024-07-06T14:46:43.587+0000] {logging_mixin.py:188} INFO - [2024-07-06T14:46:43.587+0000] {dag.py:3096} INFO - Sync 1 DAGs
[2024-07-06T14:46:43.592+0000] {logging_mixin.py:188} INFO - [2024-07-06T14:46:43.592+0000] {dag.py:3954} INFO - Setting next_dagrun for example_params_trigger_ui to None, run_after=None
[2024-07-06T14:46:43.598+0000] {processor.py:183} INFO - Processing /home/airflow/.local/lib/python3.12/site-packages/airflow/example_dags/example_params_trigger_ui.py took 0.037 seconds
[2024-07-06T14:47:13.942+0000] {processor.py:161} INFO - Started process (PID=9793) to work on /home/airflow/.local/lib/python3.12/site-packages/airflow/example_dags/example_params_trigger_ui.py
[2024-07-06T14:47:13.943+0000] {processor.py:830} INFO - Processing file /home/airflow/.local/lib/python3.12/site-packages/airflow/example_dags/example_params_trigger_ui.py for tasks to queue
[2024-07-06T14:47:13.944+0000] {logging_mixin.py:188} INFO - [2024-07-06T14:47:13.944+0000] {dagbag.py:545} INFO - Filling up the DagBag from /home/airflow/.local/lib/python3.12/site-packages/airflow/example_dags/example_params_trigger_ui.py
[2024-07-06T14:47:13.949+0000] {processor.py:840} INFO - DAG(s) 'example_params_trigger_ui' retrieved from /home/airflow/.local/lib/python3.12/site-packages/airflow/example_dags/example_params_trigger_ui.py
[2024-07-06T14:47:13.963+0000] {logging_mixin.py:188} INFO - [2024-07-06T14:47:13.963+0000] {dag.py:3096} INFO - Sync 1 DAGs
[2024-07-06T14:47:13.968+0000] {logging_mixin.py:188} INFO - [2024-07-06T14:47:13.967+0000] {dag.py:3954} INFO - Setting next_dagrun for example_params_trigger_ui to None, run_after=None
[2024-07-06T14:47:13.974+0000] {processor.py:183} INFO - Processing /home/airflow/.local/lib/python3.12/site-packages/airflow/example_dags/example_params_trigger_ui.py took 0.033 seconds
[2024-07-06T14:47:44.231+0000] {processor.py:161} INFO - Started process (PID=9851) to work on /home/airflow/.local/lib/python3.12/site-packages/airflow/example_dags/example_params_trigger_ui.py
[2024-07-06T14:47:44.232+0000] {processor.py:830} INFO - Processing file /home/airflow/.local/lib/python3.12/site-packages/airflow/example_dags/example_params_trigger_ui.py for tasks to queue
[2024-07-06T14:47:44.233+0000] {logging_mixin.py:188} INFO - [2024-07-06T14:47:44.232+0000] {dagbag.py:545} INFO - Filling up the DagBag from /home/airflow/.local/lib/python3.12/site-packages/airflow/example_dags/example_params_trigger_ui.py
[2024-07-06T14:47:44.238+0000] {processor.py:840} INFO - DAG(s) 'example_params_trigger_ui' retrieved from /home/airflow/.local/lib/python3.12/site-packages/airflow/example_dags/example_params_trigger_ui.py
[2024-07-06T14:47:44.252+0000] {logging_mixin.py:188} INFO - [2024-07-06T14:47:44.252+0000] {dag.py:3096} INFO - Sync 1 DAGs
[2024-07-06T14:47:44.257+0000] {logging_mixin.py:188} INFO - [2024-07-06T14:47:44.257+0000] {dag.py:3954} INFO - Setting next_dagrun for example_params_trigger_ui to None, run_after=None
[2024-07-06T14:47:44.263+0000] {processor.py:183} INFO - Processing /home/airflow/.local/lib/python3.12/site-packages/airflow/example_dags/example_params_trigger_ui.py took 0.034 seconds
[2024-07-06T14:48:14.630+0000] {processor.py:161} INFO - Started process (PID=9909) to work on /home/airflow/.local/lib/python3.12/site-packages/airflow/example_dags/example_params_trigger_ui.py
[2024-07-06T14:48:14.630+0000] {processor.py:830} INFO - Processing file /home/airflow/.local/lib/python3.12/site-packages/airflow/example_dags/example_params_trigger_ui.py for tasks to queue
[2024-07-06T14:48:14.631+0000] {logging_mixin.py:188} INFO - [2024-07-06T14:48:14.631+0000] {dagbag.py:545} INFO - Filling up the DagBag from /home/airflow/.local/lib/python3.12/site-packages/airflow/example_dags/example_params_trigger_ui.py
[2024-07-06T14:48:14.636+0000] {processor.py:840} INFO - DAG(s) 'example_params_trigger_ui' retrieved from /home/airflow/.local/lib/python3.12/site-packages/airflow/example_dags/example_params_trigger_ui.py
[2024-07-06T14:48:14.652+0000] {logging_mixin.py:188} INFO - [2024-07-06T14:48:14.651+0000] {dag.py:3096} INFO - Sync 1 DAGs
[2024-07-06T14:48:14.657+0000] {logging_mixin.py:188} INFO - [2024-07-06T14:48:14.657+0000] {dag.py:3954} INFO - Setting next_dagrun for example_params_trigger_ui to None, run_after=None
[2024-07-06T14:48:14.663+0000] {processor.py:183} INFO - Processing /home/airflow/.local/lib/python3.12/site-packages/airflow/example_dags/example_params_trigger_ui.py took 0.036 seconds
[2024-07-06T14:48:45.028+0000] {processor.py:161} INFO - Started process (PID=9967) to work on /home/airflow/.local/lib/python3.12/site-packages/airflow/example_dags/example_params_trigger_ui.py
[2024-07-06T14:48:45.028+0000] {processor.py:830} INFO - Processing file /home/airflow/.local/lib/python3.12/site-packages/airflow/example_dags/example_params_trigger_ui.py for tasks to queue
[2024-07-06T14:48:45.029+0000] {logging_mixin.py:188} INFO - [2024-07-06T14:48:45.029+0000] {dagbag.py:545} INFO - Filling up the DagBag from /home/airflow/.local/lib/python3.12/site-packages/airflow/example_dags/example_params_trigger_ui.py
[2024-07-06T14:48:45.035+0000] {processor.py:840} INFO - DAG(s) 'example_params_trigger_ui' retrieved from /home/airflow/.local/lib/python3.12/site-packages/airflow/example_dags/example_params_trigger_ui.py
[2024-07-06T14:48:45.050+0000] {logging_mixin.py:188} INFO - [2024-07-06T14:48:45.050+0000] {dag.py:3096} INFO - Sync 1 DAGs
[2024-07-06T14:48:45.055+0000] {logging_mixin.py:188} INFO - [2024-07-06T14:48:45.055+0000] {dag.py:3954} INFO - Setting next_dagrun for example_params_trigger_ui to None, run_after=None
[2024-07-06T14:48:45.061+0000] {processor.py:183} INFO - Processing /home/airflow/.local/lib/python3.12/site-packages/airflow/example_dags/example_params_trigger_ui.py took 0.035 seconds
[2024-07-06T14:49:15.339+0000] {processor.py:161} INFO - Started process (PID=10025) to work on /home/airflow/.local/lib/python3.12/site-packages/airflow/example_dags/example_params_trigger_ui.py
[2024-07-06T14:49:15.339+0000] {processor.py:830} INFO - Processing file /home/airflow/.local/lib/python3.12/site-packages/airflow/example_dags/example_params_trigger_ui.py for tasks to queue
[2024-07-06T14:49:15.340+0000] {logging_mixin.py:188} INFO - [2024-07-06T14:49:15.340+0000] {dagbag.py:545} INFO - Filling up the DagBag from /home/airflow/.local/lib/python3.12/site-packages/airflow/example_dags/example_params_trigger_ui.py
[2024-07-06T14:49:15.346+0000] {processor.py:840} INFO - DAG(s) 'example_params_trigger_ui' retrieved from /home/airflow/.local/lib/python3.12/site-packages/airflow/example_dags/example_params_trigger_ui.py
[2024-07-06T14:49:15.360+0000] {logging_mixin.py:188} INFO - [2024-07-06T14:49:15.360+0000] {dag.py:3096} INFO - Sync 1 DAGs
[2024-07-06T14:49:15.364+0000] {logging_mixin.py:188} INFO - [2024-07-06T14:49:15.364+0000] {dag.py:3954} INFO - Setting next_dagrun for example_params_trigger_ui to None, run_after=None
[2024-07-06T14:49:15.370+0000] {processor.py:183} INFO - Processing /home/airflow/.local/lib/python3.12/site-packages/airflow/example_dags/example_params_trigger_ui.py took 0.034 seconds
[2024-07-06T14:49:45.785+0000] {processor.py:161} INFO - Started process (PID=10083) to work on /home/airflow/.local/lib/python3.12/site-packages/airflow/example_dags/example_params_trigger_ui.py
[2024-07-06T14:49:45.785+0000] {processor.py:830} INFO - Processing file /home/airflow/.local/lib/python3.12/site-packages/airflow/example_dags/example_params_trigger_ui.py for tasks to queue
[2024-07-06T14:49:45.786+0000] {logging_mixin.py:188} INFO - [2024-07-06T14:49:45.786+0000] {dagbag.py:545} INFO - Filling up the DagBag from /home/airflow/.local/lib/python3.12/site-packages/airflow/example_dags/example_params_trigger_ui.py
[2024-07-06T14:49:45.792+0000] {processor.py:840} INFO - DAG(s) 'example_params_trigger_ui' retrieved from /home/airflow/.local/lib/python3.12/site-packages/airflow/example_dags/example_params_trigger_ui.py
[2024-07-06T14:49:45.807+0000] {logging_mixin.py:188} INFO - [2024-07-06T14:49:45.807+0000] {dag.py:3096} INFO - Sync 1 DAGs
[2024-07-06T14:49:45.812+0000] {logging_mixin.py:188} INFO - [2024-07-06T14:49:45.812+0000] {dag.py:3954} INFO - Setting next_dagrun for example_params_trigger_ui to None, run_after=None
[2024-07-06T14:49:45.818+0000] {processor.py:183} INFO - Processing /home/airflow/.local/lib/python3.12/site-packages/airflow/example_dags/example_params_trigger_ui.py took 0.035 seconds
[2024-07-06T14:50:16.128+0000] {processor.py:161} INFO - Started process (PID=10141) to work on /home/airflow/.local/lib/python3.12/site-packages/airflow/example_dags/example_params_trigger_ui.py
[2024-07-06T14:50:16.128+0000] {processor.py:830} INFO - Processing file /home/airflow/.local/lib/python3.12/site-packages/airflow/example_dags/example_params_trigger_ui.py for tasks to queue
[2024-07-06T14:50:16.129+0000] {logging_mixin.py:188} INFO - [2024-07-06T14:50:16.129+0000] {dagbag.py:545} INFO - Filling up the DagBag from /home/airflow/.local/lib/python3.12/site-packages/airflow/example_dags/example_params_trigger_ui.py
[2024-07-06T14:50:16.134+0000] {processor.py:840} INFO - DAG(s) 'example_params_trigger_ui' retrieved from /home/airflow/.local/lib/python3.12/site-packages/airflow/example_dags/example_params_trigger_ui.py
[2024-07-06T14:50:16.148+0000] {logging_mixin.py:188} INFO - [2024-07-06T14:50:16.148+0000] {dag.py:3096} INFO - Sync 1 DAGs
[2024-07-06T14:50:16.153+0000] {logging_mixin.py:188} INFO - [2024-07-06T14:50:16.153+0000] {dag.py:3954} INFO - Setting next_dagrun for example_params_trigger_ui to None, run_after=None
[2024-07-06T14:50:16.159+0000] {processor.py:183} INFO - Processing /home/airflow/.local/lib/python3.12/site-packages/airflow/example_dags/example_params_trigger_ui.py took 0.033 seconds
[2024-07-06T14:50:46.454+0000] {processor.py:161} INFO - Started process (PID=10199) to work on /home/airflow/.local/lib/python3.12/site-packages/airflow/example_dags/example_params_trigger_ui.py
[2024-07-06T14:50:46.454+0000] {processor.py:830} INFO - Processing file /home/airflow/.local/lib/python3.12/site-packages/airflow/example_dags/example_params_trigger_ui.py for tasks to queue
[2024-07-06T14:50:46.455+0000] {logging_mixin.py:188} INFO - [2024-07-06T14:50:46.454+0000] {dagbag.py:545} INFO - Filling up the DagBag from /home/airflow/.local/lib/python3.12/site-packages/airflow/example_dags/example_params_trigger_ui.py
[2024-07-06T14:50:46.460+0000] {processor.py:840} INFO - DAG(s) 'example_params_trigger_ui' retrieved from /home/airflow/.local/lib/python3.12/site-packages/airflow/example_dags/example_params_trigger_ui.py
[2024-07-06T14:50:46.475+0000] {logging_mixin.py:188} INFO - [2024-07-06T14:50:46.475+0000] {dag.py:3096} INFO - Sync 1 DAGs
[2024-07-06T14:50:46.479+0000] {logging_mixin.py:188} INFO - [2024-07-06T14:50:46.479+0000] {dag.py:3954} INFO - Setting next_dagrun for example_params_trigger_ui to None, run_after=None
[2024-07-06T14:50:46.486+0000] {processor.py:183} INFO - Processing /home/airflow/.local/lib/python3.12/site-packages/airflow/example_dags/example_params_trigger_ui.py took 0.034 seconds
[2024-07-06T14:51:16.812+0000] {processor.py:161} INFO - Started process (PID=10257) to work on /home/airflow/.local/lib/python3.12/site-packages/airflow/example_dags/example_params_trigger_ui.py
[2024-07-06T14:51:16.813+0000] {processor.py:830} INFO - Processing file /home/airflow/.local/lib/python3.12/site-packages/airflow/example_dags/example_params_trigger_ui.py for tasks to queue
[2024-07-06T14:51:16.814+0000] {logging_mixin.py:188} INFO - [2024-07-06T14:51:16.813+0000] {dagbag.py:545} INFO - Filling up the DagBag from /home/airflow/.local/lib/python3.12/site-packages/airflow/example_dags/example_params_trigger_ui.py
[2024-07-06T14:51:16.819+0000] {processor.py:840} INFO - DAG(s) 'example_params_trigger_ui' retrieved from /home/airflow/.local/lib/python3.12/site-packages/airflow/example_dags/example_params_trigger_ui.py
[2024-07-06T14:51:16.835+0000] {logging_mixin.py:188} INFO - [2024-07-06T14:51:16.835+0000] {dag.py:3096} INFO - Sync 1 DAGs
[2024-07-06T14:51:16.840+0000] {logging_mixin.py:188} INFO - [2024-07-06T14:51:16.840+0000] {dag.py:3954} INFO - Setting next_dagrun for example_params_trigger_ui to None, run_after=None
[2024-07-06T14:51:16.847+0000] {processor.py:183} INFO - Processing /home/airflow/.local/lib/python3.12/site-packages/airflow/example_dags/example_params_trigger_ui.py took 0.037 seconds
[2024-07-06T14:51:47.188+0000] {processor.py:161} INFO - Started process (PID=10315) to work on /home/airflow/.local/lib/python3.12/site-packages/airflow/example_dags/example_params_trigger_ui.py
[2024-07-06T14:51:47.189+0000] {processor.py:830} INFO - Processing file /home/airflow/.local/lib/python3.12/site-packages/airflow/example_dags/example_params_trigger_ui.py for tasks to queue
[2024-07-06T14:51:47.190+0000] {logging_mixin.py:188} INFO - [2024-07-06T14:51:47.190+0000] {dagbag.py:545} INFO - Filling up the DagBag from /home/airflow/.local/lib/python3.12/site-packages/airflow/example_dags/example_params_trigger_ui.py
[2024-07-06T14:51:47.196+0000] {processor.py:840} INFO - DAG(s) 'example_params_trigger_ui' retrieved from /home/airflow/.local/lib/python3.12/site-packages/airflow/example_dags/example_params_trigger_ui.py
[2024-07-06T14:51:47.212+0000] {logging_mixin.py:188} INFO - [2024-07-06T14:51:47.212+0000] {dag.py:3096} INFO - Sync 1 DAGs
[2024-07-06T14:51:47.217+0000] {logging_mixin.py:188} INFO - [2024-07-06T14:51:47.217+0000] {dag.py:3954} INFO - Setting next_dagrun for example_params_trigger_ui to None, run_after=None
[2024-07-06T14:51:47.225+0000] {processor.py:183} INFO - Processing /home/airflow/.local/lib/python3.12/site-packages/airflow/example_dags/example_params_trigger_ui.py took 0.039 seconds
[2024-07-06T14:52:17.639+0000] {processor.py:161} INFO - Started process (PID=10373) to work on /home/airflow/.local/lib/python3.12/site-packages/airflow/example_dags/example_params_trigger_ui.py
[2024-07-06T14:52:17.640+0000] {processor.py:830} INFO - Processing file /home/airflow/.local/lib/python3.12/site-packages/airflow/example_dags/example_params_trigger_ui.py for tasks to queue
[2024-07-06T14:52:17.640+0000] {logging_mixin.py:188} INFO - [2024-07-06T14:52:17.640+0000] {dagbag.py:545} INFO - Filling up the DagBag from /home/airflow/.local/lib/python3.12/site-packages/airflow/example_dags/example_params_trigger_ui.py
[2024-07-06T14:52:17.646+0000] {processor.py:840} INFO - DAG(s) 'example_params_trigger_ui' retrieved from /home/airflow/.local/lib/python3.12/site-packages/airflow/example_dags/example_params_trigger_ui.py
[2024-07-06T14:52:17.661+0000] {logging_mixin.py:188} INFO - [2024-07-06T14:52:17.661+0000] {dag.py:3096} INFO - Sync 1 DAGs
[2024-07-06T14:52:17.666+0000] {logging_mixin.py:188} INFO - [2024-07-06T14:52:17.666+0000] {dag.py:3954} INFO - Setting next_dagrun for example_params_trigger_ui to None, run_after=None
[2024-07-06T14:52:17.672+0000] {processor.py:183} INFO - Processing /home/airflow/.local/lib/python3.12/site-packages/airflow/example_dags/example_params_trigger_ui.py took 0.035 seconds
[2024-07-06T14:52:48.018+0000] {processor.py:161} INFO - Started process (PID=10431) to work on /home/airflow/.local/lib/python3.12/site-packages/airflow/example_dags/example_params_trigger_ui.py
[2024-07-06T14:52:48.019+0000] {processor.py:830} INFO - Processing file /home/airflow/.local/lib/python3.12/site-packages/airflow/example_dags/example_params_trigger_ui.py for tasks to queue
[2024-07-06T14:52:48.020+0000] {logging_mixin.py:188} INFO - [2024-07-06T14:52:48.020+0000] {dagbag.py:545} INFO - Filling up the DagBag from /home/airflow/.local/lib/python3.12/site-packages/airflow/example_dags/example_params_trigger_ui.py
[2024-07-06T14:52:48.025+0000] {processor.py:840} INFO - DAG(s) 'example_params_trigger_ui' retrieved from /home/airflow/.local/lib/python3.12/site-packages/airflow/example_dags/example_params_trigger_ui.py
[2024-07-06T14:52:48.041+0000] {logging_mixin.py:188} INFO - [2024-07-06T14:52:48.041+0000] {dag.py:3096} INFO - Sync 1 DAGs
[2024-07-06T14:52:48.046+0000] {logging_mixin.py:188} INFO - [2024-07-06T14:52:48.046+0000] {dag.py:3954} INFO - Setting next_dagrun for example_params_trigger_ui to None, run_after=None
[2024-07-06T14:52:48.052+0000] {processor.py:183} INFO - Processing /home/airflow/.local/lib/python3.12/site-packages/airflow/example_dags/example_params_trigger_ui.py took 0.036 seconds
[2024-07-06T14:53:18.388+0000] {processor.py:161} INFO - Started process (PID=10489) to work on /home/airflow/.local/lib/python3.12/site-packages/airflow/example_dags/example_params_trigger_ui.py
[2024-07-06T14:53:18.388+0000] {processor.py:830} INFO - Processing file /home/airflow/.local/lib/python3.12/site-packages/airflow/example_dags/example_params_trigger_ui.py for tasks to queue
[2024-07-06T14:53:18.389+0000] {logging_mixin.py:188} INFO - [2024-07-06T14:53:18.389+0000] {dagbag.py:545} INFO - Filling up the DagBag from /home/airflow/.local/lib/python3.12/site-packages/airflow/example_dags/example_params_trigger_ui.py
[2024-07-06T14:53:18.395+0000] {processor.py:840} INFO - DAG(s) 'example_params_trigger_ui' retrieved from /home/airflow/.local/lib/python3.12/site-packages/airflow/example_dags/example_params_trigger_ui.py
[2024-07-06T14:53:18.411+0000] {logging_mixin.py:188} INFO - [2024-07-06T14:53:18.411+0000] {dag.py:3096} INFO - Sync 1 DAGs
[2024-07-06T14:53:18.416+0000] {logging_mixin.py:188} INFO - [2024-07-06T14:53:18.416+0000] {dag.py:3954} INFO - Setting next_dagrun for example_params_trigger_ui to None, run_after=None
[2024-07-06T14:53:18.422+0000] {processor.py:183} INFO - Processing /home/airflow/.local/lib/python3.12/site-packages/airflow/example_dags/example_params_trigger_ui.py took 0.037 seconds
[2024-07-06T14:53:48.713+0000] {processor.py:161} INFO - Started process (PID=10547) to work on /home/airflow/.local/lib/python3.12/site-packages/airflow/example_dags/example_params_trigger_ui.py
[2024-07-06T14:53:48.714+0000] {processor.py:830} INFO - Processing file /home/airflow/.local/lib/python3.12/site-packages/airflow/example_dags/example_params_trigger_ui.py for tasks to queue
[2024-07-06T14:53:48.714+0000] {logging_mixin.py:188} INFO - [2024-07-06T14:53:48.714+0000] {dagbag.py:545} INFO - Filling up the DagBag from /home/airflow/.local/lib/python3.12/site-packages/airflow/example_dags/example_params_trigger_ui.py
[2024-07-06T14:53:48.720+0000] {processor.py:840} INFO - DAG(s) 'example_params_trigger_ui' retrieved from /home/airflow/.local/lib/python3.12/site-packages/airflow/example_dags/example_params_trigger_ui.py
[2024-07-06T14:53:48.736+0000] {logging_mixin.py:188} INFO - [2024-07-06T14:53:48.736+0000] {dag.py:3096} INFO - Sync 1 DAGs
[2024-07-06T14:53:48.741+0000] {logging_mixin.py:188} INFO - [2024-07-06T14:53:48.741+0000] {dag.py:3954} INFO - Setting next_dagrun for example_params_trigger_ui to None, run_after=None
[2024-07-06T14:53:48.748+0000] {processor.py:183} INFO - Processing /home/airflow/.local/lib/python3.12/site-packages/airflow/example_dags/example_params_trigger_ui.py took 0.037 seconds
[2024-07-06T14:54:19.021+0000] {processor.py:161} INFO - Started process (PID=10605) to work on /home/airflow/.local/lib/python3.12/site-packages/airflow/example_dags/example_params_trigger_ui.py
[2024-07-06T14:54:19.021+0000] {processor.py:830} INFO - Processing file /home/airflow/.local/lib/python3.12/site-packages/airflow/example_dags/example_params_trigger_ui.py for tasks to queue
[2024-07-06T14:54:19.022+0000] {logging_mixin.py:188} INFO - [2024-07-06T14:54:19.022+0000] {dagbag.py:545} INFO - Filling up the DagBag from /home/airflow/.local/lib/python3.12/site-packages/airflow/example_dags/example_params_trigger_ui.py
[2024-07-06T14:54:19.028+0000] {processor.py:840} INFO - DAG(s) 'example_params_trigger_ui' retrieved from /home/airflow/.local/lib/python3.12/site-packages/airflow/example_dags/example_params_trigger_ui.py
[2024-07-06T14:54:19.043+0000] {logging_mixin.py:188} INFO - [2024-07-06T14:54:19.043+0000] {dag.py:3096} INFO - Sync 1 DAGs
[2024-07-06T14:54:19.047+0000] {logging_mixin.py:188} INFO - [2024-07-06T14:54:19.047+0000] {dag.py:3954} INFO - Setting next_dagrun for example_params_trigger_ui to None, run_after=None
[2024-07-06T14:54:19.054+0000] {processor.py:183} INFO - Processing /home/airflow/.local/lib/python3.12/site-packages/airflow/example_dags/example_params_trigger_ui.py took 0.035 seconds
[2024-07-06T14:54:49.374+0000] {processor.py:161} INFO - Started process (PID=10662) to work on /home/airflow/.local/lib/python3.12/site-packages/airflow/example_dags/example_params_trigger_ui.py
[2024-07-06T14:54:49.375+0000] {processor.py:830} INFO - Processing file /home/airflow/.local/lib/python3.12/site-packages/airflow/example_dags/example_params_trigger_ui.py for tasks to queue
[2024-07-06T14:54:49.376+0000] {logging_mixin.py:188} INFO - [2024-07-06T14:54:49.376+0000] {dagbag.py:545} INFO - Filling up the DagBag from /home/airflow/.local/lib/python3.12/site-packages/airflow/example_dags/example_params_trigger_ui.py
[2024-07-06T14:54:49.381+0000] {processor.py:840} INFO - DAG(s) 'example_params_trigger_ui' retrieved from /home/airflow/.local/lib/python3.12/site-packages/airflow/example_dags/example_params_trigger_ui.py
[2024-07-06T14:54:49.396+0000] {logging_mixin.py:188} INFO - [2024-07-06T14:54:49.396+0000] {dag.py:3096} INFO - Sync 1 DAGs
[2024-07-06T14:54:49.400+0000] {logging_mixin.py:188} INFO - [2024-07-06T14:54:49.400+0000] {dag.py:3954} INFO - Setting next_dagrun for example_params_trigger_ui to None, run_after=None
[2024-07-06T14:54:49.406+0000] {processor.py:183} INFO - Processing /home/airflow/.local/lib/python3.12/site-packages/airflow/example_dags/example_params_trigger_ui.py took 0.034 seconds
[2024-07-06T14:55:19.831+0000] {processor.py:161} INFO - Started process (PID=10720) to work on /home/airflow/.local/lib/python3.12/site-packages/airflow/example_dags/example_params_trigger_ui.py
[2024-07-06T14:55:19.831+0000] {processor.py:830} INFO - Processing file /home/airflow/.local/lib/python3.12/site-packages/airflow/example_dags/example_params_trigger_ui.py for tasks to queue
[2024-07-06T14:55:19.832+0000] {logging_mixin.py:188} INFO - [2024-07-06T14:55:19.832+0000] {dagbag.py:545} INFO - Filling up the DagBag from /home/airflow/.local/lib/python3.12/site-packages/airflow/example_dags/example_params_trigger_ui.py
[2024-07-06T14:55:19.838+0000] {processor.py:840} INFO - DAG(s) 'example_params_trigger_ui' retrieved from /home/airflow/.local/lib/python3.12/site-packages/airflow/example_dags/example_params_trigger_ui.py
[2024-07-06T14:55:19.853+0000] {logging_mixin.py:188} INFO - [2024-07-06T14:55:19.853+0000] {dag.py:3096} INFO - Sync 1 DAGs
[2024-07-06T14:55:19.857+0000] {logging_mixin.py:188} INFO - [2024-07-06T14:55:19.857+0000] {dag.py:3954} INFO - Setting next_dagrun for example_params_trigger_ui to None, run_after=None
[2024-07-06T14:55:19.863+0000] {processor.py:183} INFO - Processing /home/airflow/.local/lib/python3.12/site-packages/airflow/example_dags/example_params_trigger_ui.py took 0.035 seconds
[2024-07-06T14:55:50.237+0000] {processor.py:161} INFO - Started process (PID=10778) to work on /home/airflow/.local/lib/python3.12/site-packages/airflow/example_dags/example_params_trigger_ui.py
[2024-07-06T14:55:50.237+0000] {processor.py:830} INFO - Processing file /home/airflow/.local/lib/python3.12/site-packages/airflow/example_dags/example_params_trigger_ui.py for tasks to queue
[2024-07-06T14:55:50.238+0000] {logging_mixin.py:188} INFO - [2024-07-06T14:55:50.238+0000] {dagbag.py:545} INFO - Filling up the DagBag from /home/airflow/.local/lib/python3.12/site-packages/airflow/example_dags/example_params_trigger_ui.py
[2024-07-06T14:55:50.244+0000] {processor.py:840} INFO - DAG(s) 'example_params_trigger_ui' retrieved from /home/airflow/.local/lib/python3.12/site-packages/airflow/example_dags/example_params_trigger_ui.py
[2024-07-06T14:55:50.258+0000] {logging_mixin.py:188} INFO - [2024-07-06T14:55:50.258+0000] {dag.py:3096} INFO - Sync 1 DAGs
[2024-07-06T14:55:50.262+0000] {logging_mixin.py:188} INFO - [2024-07-06T14:55:50.262+0000] {dag.py:3954} INFO - Setting next_dagrun for example_params_trigger_ui to None, run_after=None
[2024-07-06T14:55:50.269+0000] {processor.py:183} INFO - Processing /home/airflow/.local/lib/python3.12/site-packages/airflow/example_dags/example_params_trigger_ui.py took 0.034 seconds
[2024-07-06T14:56:20.612+0000] {processor.py:161} INFO - Started process (PID=10836) to work on /home/airflow/.local/lib/python3.12/site-packages/airflow/example_dags/example_params_trigger_ui.py
[2024-07-06T14:56:20.612+0000] {processor.py:830} INFO - Processing file /home/airflow/.local/lib/python3.12/site-packages/airflow/example_dags/example_params_trigger_ui.py for tasks to queue
[2024-07-06T14:56:20.613+0000] {logging_mixin.py:188} INFO - [2024-07-06T14:56:20.613+0000] {dagbag.py:545} INFO - Filling up the DagBag from /home/airflow/.local/lib/python3.12/site-packages/airflow/example_dags/example_params_trigger_ui.py
[2024-07-06T14:56:20.619+0000] {processor.py:840} INFO - DAG(s) 'example_params_trigger_ui' retrieved from /home/airflow/.local/lib/python3.12/site-packages/airflow/example_dags/example_params_trigger_ui.py
[2024-07-06T14:56:20.634+0000] {logging_mixin.py:188} INFO - [2024-07-06T14:56:20.634+0000] {dag.py:3096} INFO - Sync 1 DAGs
[2024-07-06T14:56:20.638+0000] {logging_mixin.py:188} INFO - [2024-07-06T14:56:20.638+0000] {dag.py:3954} INFO - Setting next_dagrun for example_params_trigger_ui to None, run_after=None
[2024-07-06T14:56:20.644+0000] {processor.py:183} INFO - Processing /home/airflow/.local/lib/python3.12/site-packages/airflow/example_dags/example_params_trigger_ui.py took 0.034 seconds
[2024-07-06T14:56:50.982+0000] {processor.py:161} INFO - Started process (PID=10894) to work on /home/airflow/.local/lib/python3.12/site-packages/airflow/example_dags/example_params_trigger_ui.py
[2024-07-06T14:56:50.983+0000] {processor.py:830} INFO - Processing file /home/airflow/.local/lib/python3.12/site-packages/airflow/example_dags/example_params_trigger_ui.py for tasks to queue
[2024-07-06T14:56:50.983+0000] {logging_mixin.py:188} INFO - [2024-07-06T14:56:50.983+0000] {dagbag.py:545} INFO - Filling up the DagBag from /home/airflow/.local/lib/python3.12/site-packages/airflow/example_dags/example_params_trigger_ui.py
[2024-07-06T14:56:50.989+0000] {processor.py:840} INFO - DAG(s) 'example_params_trigger_ui' retrieved from /home/airflow/.local/lib/python3.12/site-packages/airflow/example_dags/example_params_trigger_ui.py
[2024-07-06T14:56:51.004+0000] {logging_mixin.py:188} INFO - [2024-07-06T14:56:51.004+0000] {dag.py:3096} INFO - Sync 1 DAGs
[2024-07-06T14:56:51.009+0000] {logging_mixin.py:188} INFO - [2024-07-06T14:56:51.009+0000] {dag.py:3954} INFO - Setting next_dagrun for example_params_trigger_ui to None, run_after=None
[2024-07-06T14:56:51.015+0000] {processor.py:183} INFO - Processing /home/airflow/.local/lib/python3.12/site-packages/airflow/example_dags/example_params_trigger_ui.py took 0.035 seconds
[2024-07-06T14:57:21.318+0000] {processor.py:161} INFO - Started process (PID=10952) to work on /home/airflow/.local/lib/python3.12/site-packages/airflow/example_dags/example_params_trigger_ui.py
[2024-07-06T14:57:21.318+0000] {processor.py:830} INFO - Processing file /home/airflow/.local/lib/python3.12/site-packages/airflow/example_dags/example_params_trigger_ui.py for tasks to queue
[2024-07-06T14:57:21.319+0000] {logging_mixin.py:188} INFO - [2024-07-06T14:57:21.319+0000] {dagbag.py:545} INFO - Filling up the DagBag from /home/airflow/.local/lib/python3.12/site-packages/airflow/example_dags/example_params_trigger_ui.py
[2024-07-06T14:57:21.324+0000] {processor.py:840} INFO - DAG(s) 'example_params_trigger_ui' retrieved from /home/airflow/.local/lib/python3.12/site-packages/airflow/example_dags/example_params_trigger_ui.py
[2024-07-06T14:57:21.339+0000] {logging_mixin.py:188} INFO - [2024-07-06T14:57:21.339+0000] {dag.py:3096} INFO - Sync 1 DAGs
[2024-07-06T14:57:21.344+0000] {logging_mixin.py:188} INFO - [2024-07-06T14:57:21.344+0000] {dag.py:3954} INFO - Setting next_dagrun for example_params_trigger_ui to None, run_after=None
[2024-07-06T14:57:21.350+0000] {processor.py:183} INFO - Processing /home/airflow/.local/lib/python3.12/site-packages/airflow/example_dags/example_params_trigger_ui.py took 0.035 seconds
[2024-07-06T14:57:51.697+0000] {processor.py:161} INFO - Started process (PID=11010) to work on /home/airflow/.local/lib/python3.12/site-packages/airflow/example_dags/example_params_trigger_ui.py
[2024-07-06T14:57:51.698+0000] {processor.py:830} INFO - Processing file /home/airflow/.local/lib/python3.12/site-packages/airflow/example_dags/example_params_trigger_ui.py for tasks to queue
[2024-07-06T14:57:51.699+0000] {logging_mixin.py:188} INFO - [2024-07-06T14:57:51.699+0000] {dagbag.py:545} INFO - Filling up the DagBag from /home/airflow/.local/lib/python3.12/site-packages/airflow/example_dags/example_params_trigger_ui.py
[2024-07-06T14:57:51.705+0000] {processor.py:840} INFO - DAG(s) 'example_params_trigger_ui' retrieved from /home/airflow/.local/lib/python3.12/site-packages/airflow/example_dags/example_params_trigger_ui.py
[2024-07-06T14:57:51.721+0000] {logging_mixin.py:188} INFO - [2024-07-06T14:57:51.721+0000] {dag.py:3096} INFO - Sync 1 DAGs
[2024-07-06T14:57:51.726+0000] {logging_mixin.py:188} INFO - [2024-07-06T14:57:51.726+0000] {dag.py:3954} INFO - Setting next_dagrun for example_params_trigger_ui to None, run_after=None
[2024-07-06T14:57:51.732+0000] {processor.py:183} INFO - Processing /home/airflow/.local/lib/python3.12/site-packages/airflow/example_dags/example_params_trigger_ui.py took 0.038 seconds
[2024-07-06T14:58:22.187+0000] {processor.py:161} INFO - Started process (PID=11068) to work on /home/airflow/.local/lib/python3.12/site-packages/airflow/example_dags/example_params_trigger_ui.py
[2024-07-06T14:58:22.187+0000] {processor.py:830} INFO - Processing file /home/airflow/.local/lib/python3.12/site-packages/airflow/example_dags/example_params_trigger_ui.py for tasks to queue
[2024-07-06T14:58:22.188+0000] {logging_mixin.py:188} INFO - [2024-07-06T14:58:22.188+0000] {dagbag.py:545} INFO - Filling up the DagBag from /home/airflow/.local/lib/python3.12/site-packages/airflow/example_dags/example_params_trigger_ui.py
[2024-07-06T14:58:22.194+0000] {processor.py:840} INFO - DAG(s) 'example_params_trigger_ui' retrieved from /home/airflow/.local/lib/python3.12/site-packages/airflow/example_dags/example_params_trigger_ui.py
[2024-07-06T14:58:22.208+0000] {logging_mixin.py:188} INFO - [2024-07-06T14:58:22.208+0000] {dag.py:3096} INFO - Sync 1 DAGs
[2024-07-06T14:58:22.212+0000] {logging_mixin.py:188} INFO - [2024-07-06T14:58:22.212+0000] {dag.py:3954} INFO - Setting next_dagrun for example_params_trigger_ui to None, run_after=None
[2024-07-06T14:58:22.219+0000] {processor.py:183} INFO - Processing /home/airflow/.local/lib/python3.12/site-packages/airflow/example_dags/example_params_trigger_ui.py took 0.034 seconds
[2024-07-06T14:58:52.679+0000] {processor.py:161} INFO - Started process (PID=11126) to work on /home/airflow/.local/lib/python3.12/site-packages/airflow/example_dags/example_params_trigger_ui.py
[2024-07-06T14:58:52.680+0000] {processor.py:830} INFO - Processing file /home/airflow/.local/lib/python3.12/site-packages/airflow/example_dags/example_params_trigger_ui.py for tasks to queue
[2024-07-06T14:58:52.680+0000] {logging_mixin.py:188} INFO - [2024-07-06T14:58:52.680+0000] {dagbag.py:545} INFO - Filling up the DagBag from /home/airflow/.local/lib/python3.12/site-packages/airflow/example_dags/example_params_trigger_ui.py
[2024-07-06T14:58:52.686+0000] {processor.py:840} INFO - DAG(s) 'example_params_trigger_ui' retrieved from /home/airflow/.local/lib/python3.12/site-packages/airflow/example_dags/example_params_trigger_ui.py
[2024-07-06T14:58:52.700+0000] {logging_mixin.py:188} INFO - [2024-07-06T14:58:52.700+0000] {dag.py:3096} INFO - Sync 1 DAGs
[2024-07-06T14:58:52.705+0000] {logging_mixin.py:188} INFO - [2024-07-06T14:58:52.705+0000] {dag.py:3954} INFO - Setting next_dagrun for example_params_trigger_ui to None, run_after=None
[2024-07-06T14:58:52.711+0000] {processor.py:183} INFO - Processing /home/airflow/.local/lib/python3.12/site-packages/airflow/example_dags/example_params_trigger_ui.py took 0.034 seconds
[2024-07-06T14:59:23.296+0000] {processor.py:161} INFO - Started process (PID=11184) to work on /home/airflow/.local/lib/python3.12/site-packages/airflow/example_dags/example_params_trigger_ui.py
[2024-07-06T14:59:23.296+0000] {processor.py:830} INFO - Processing file /home/airflow/.local/lib/python3.12/site-packages/airflow/example_dags/example_params_trigger_ui.py for tasks to queue
[2024-07-06T14:59:23.297+0000] {logging_mixin.py:188} INFO - [2024-07-06T14:59:23.297+0000] {dagbag.py:545} INFO - Filling up the DagBag from /home/airflow/.local/lib/python3.12/site-packages/airflow/example_dags/example_params_trigger_ui.py
[2024-07-06T14:59:23.303+0000] {processor.py:840} INFO - DAG(s) 'example_params_trigger_ui' retrieved from /home/airflow/.local/lib/python3.12/site-packages/airflow/example_dags/example_params_trigger_ui.py
[2024-07-06T14:59:23.318+0000] {logging_mixin.py:188} INFO - [2024-07-06T14:59:23.318+0000] {dag.py:3096} INFO - Sync 1 DAGs
[2024-07-06T14:59:23.323+0000] {logging_mixin.py:188} INFO - [2024-07-06T14:59:23.323+0000] {dag.py:3954} INFO - Setting next_dagrun for example_params_trigger_ui to None, run_after=None
[2024-07-06T14:59:23.329+0000] {processor.py:183} INFO - Processing /home/airflow/.local/lib/python3.12/site-packages/airflow/example_dags/example_params_trigger_ui.py took 0.036 seconds
[2024-07-06T14:59:53.951+0000] {processor.py:161} INFO - Started process (PID=11242) to work on /home/airflow/.local/lib/python3.12/site-packages/airflow/example_dags/example_params_trigger_ui.py
[2024-07-06T14:59:53.952+0000] {processor.py:830} INFO - Processing file /home/airflow/.local/lib/python3.12/site-packages/airflow/example_dags/example_params_trigger_ui.py for tasks to queue
[2024-07-06T14:59:53.953+0000] {logging_mixin.py:188} INFO - [2024-07-06T14:59:53.952+0000] {dagbag.py:545} INFO - Filling up the DagBag from /home/airflow/.local/lib/python3.12/site-packages/airflow/example_dags/example_params_trigger_ui.py
[2024-07-06T14:59:53.958+0000] {processor.py:840} INFO - DAG(s) 'example_params_trigger_ui' retrieved from /home/airflow/.local/lib/python3.12/site-packages/airflow/example_dags/example_params_trigger_ui.py
[2024-07-06T14:59:53.973+0000] {logging_mixin.py:188} INFO - [2024-07-06T14:59:53.973+0000] {dag.py:3096} INFO - Sync 1 DAGs
[2024-07-06T14:59:53.978+0000] {logging_mixin.py:188} INFO - [2024-07-06T14:59:53.978+0000] {dag.py:3954} INFO - Setting next_dagrun for example_params_trigger_ui to None, run_after=None
[2024-07-06T14:59:53.985+0000] {processor.py:183} INFO - Processing /home/airflow/.local/lib/python3.12/site-packages/airflow/example_dags/example_params_trigger_ui.py took 0.036 seconds
[2024-07-06T15:00:24.399+0000] {processor.py:161} INFO - Started process (PID=11300) to work on /home/airflow/.local/lib/python3.12/site-packages/airflow/example_dags/example_params_trigger_ui.py
[2024-07-06T15:00:24.399+0000] {processor.py:830} INFO - Processing file /home/airflow/.local/lib/python3.12/site-packages/airflow/example_dags/example_params_trigger_ui.py for tasks to queue
[2024-07-06T15:00:24.400+0000] {logging_mixin.py:188} INFO - [2024-07-06T15:00:24.400+0000] {dagbag.py:545} INFO - Filling up the DagBag from /home/airflow/.local/lib/python3.12/site-packages/airflow/example_dags/example_params_trigger_ui.py
[2024-07-06T15:00:24.406+0000] {processor.py:840} INFO - DAG(s) 'example_params_trigger_ui' retrieved from /home/airflow/.local/lib/python3.12/site-packages/airflow/example_dags/example_params_trigger_ui.py
[2024-07-06T15:00:24.422+0000] {logging_mixin.py:188} INFO - [2024-07-06T15:00:24.422+0000] {dag.py:3096} INFO - Sync 1 DAGs
[2024-07-06T15:00:24.427+0000] {logging_mixin.py:188} INFO - [2024-07-06T15:00:24.427+0000] {dag.py:3954} INFO - Setting next_dagrun for example_params_trigger_ui to None, run_after=None
[2024-07-06T15:00:24.433+0000] {processor.py:183} INFO - Processing /home/airflow/.local/lib/python3.12/site-packages/airflow/example_dags/example_params_trigger_ui.py took 0.037 seconds
