[2024-07-06T00:02:22.539+0000] {processor.py:161} INFO - Started process (PID=8222) to work on /home/airflow/.local/lib/python3.12/site-packages/airflow/example_dags/example_xcom.py
[2024-07-06T00:02:22.539+0000] {processor.py:830} INFO - Processing file /home/airflow/.local/lib/python3.12/site-packages/airflow/example_dags/example_xcom.py for tasks to queue
[2024-07-06T00:02:22.540+0000] {logging_mixin.py:188} INFO - [2024-07-06T00:02:22.540+0000] {dagbag.py:545} INFO - Filling up the DagBag from /home/airflow/.local/lib/python3.12/site-packages/airflow/example_dags/example_xcom.py
[2024-07-06T00:02:22.543+0000] {processor.py:840} INFO - DAG(s) 'example_xcom' retrieved from /home/airflow/.local/lib/python3.12/site-packages/airflow/example_dags/example_xcom.py
[2024-07-06T00:02:22.552+0000] {logging_mixin.py:188} INFO - [2024-07-06T00:02:22.552+0000] {dag.py:3096} INFO - Sync 1 DAGs
[2024-07-06T00:02:22.560+0000] {logging_mixin.py:188} INFO - [2024-07-06T00:02:22.560+0000] {dag.py:3954} INFO - Setting next_dagrun for example_xcom to 2021-01-01 00:00:00+00:00, run_after=2021-01-01 00:00:00+00:00
[2024-07-06T00:02:22.566+0000] {processor.py:183} INFO - Processing /home/airflow/.local/lib/python3.12/site-packages/airflow/example_dags/example_xcom.py took 0.029 seconds
[2024-07-06T01:03:22.863+0000] {processor.py:161} INFO - Started process (PID=8280) to work on /home/airflow/.local/lib/python3.12/site-packages/airflow/example_dags/example_xcom.py
[2024-07-06T01:03:22.863+0000] {processor.py:830} INFO - Processing file /home/airflow/.local/lib/python3.12/site-packages/airflow/example_dags/example_xcom.py for tasks to queue
[2024-07-06T01:03:22.864+0000] {logging_mixin.py:188} INFO - [2024-07-06T01:03:22.864+0000] {dagbag.py:545} INFO - Filling up the DagBag from /home/airflow/.local/lib/python3.12/site-packages/airflow/example_dags/example_xcom.py
[2024-07-06T01:03:22.867+0000] {processor.py:840} INFO - DAG(s) 'example_xcom' retrieved from /home/airflow/.local/lib/python3.12/site-packages/airflow/example_dags/example_xcom.py
[2024-07-06T01:03:22.876+0000] {logging_mixin.py:188} INFO - [2024-07-06T01:03:22.876+0000] {dag.py:3096} INFO - Sync 1 DAGs
[2024-07-06T01:03:22.884+0000] {logging_mixin.py:188} INFO - [2024-07-06T01:03:22.884+0000] {dag.py:3954} INFO - Setting next_dagrun for example_xcom to 2021-01-01 00:00:00+00:00, run_after=2021-01-01 00:00:00+00:00
[2024-07-06T01:03:22.891+0000] {processor.py:183} INFO - Processing /home/airflow/.local/lib/python3.12/site-packages/airflow/example_dags/example_xcom.py took 0.030 seconds
[2024-07-06T02:04:18.395+0000] {processor.py:161} INFO - Started process (PID=8338) to work on /home/airflow/.local/lib/python3.12/site-packages/airflow/example_dags/example_xcom.py
[2024-07-06T02:04:18.396+0000] {processor.py:830} INFO - Processing file /home/airflow/.local/lib/python3.12/site-packages/airflow/example_dags/example_xcom.py for tasks to queue
[2024-07-06T02:04:18.396+0000] {logging_mixin.py:188} INFO - [2024-07-06T02:04:18.396+0000] {dagbag.py:545} INFO - Filling up the DagBag from /home/airflow/.local/lib/python3.12/site-packages/airflow/example_dags/example_xcom.py
[2024-07-06T02:04:18.400+0000] {processor.py:840} INFO - DAG(s) 'example_xcom' retrieved from /home/airflow/.local/lib/python3.12/site-packages/airflow/example_dags/example_xcom.py
[2024-07-06T02:04:18.408+0000] {logging_mixin.py:188} INFO - [2024-07-06T02:04:18.408+0000] {dag.py:3096} INFO - Sync 1 DAGs
[2024-07-06T02:04:18.416+0000] {logging_mixin.py:188} INFO - [2024-07-06T02:04:18.416+0000] {dag.py:3954} INFO - Setting next_dagrun for example_xcom to 2021-01-01 00:00:00+00:00, run_after=2021-01-01 00:00:00+00:00
[2024-07-06T02:04:18.422+0000] {processor.py:183} INFO - Processing /home/airflow/.local/lib/python3.12/site-packages/airflow/example_dags/example_xcom.py took 0.029 seconds
[2024-07-06T03:05:22.490+0000] {processor.py:161} INFO - Started process (PID=8396) to work on /home/airflow/.local/lib/python3.12/site-packages/airflow/example_dags/example_xcom.py
[2024-07-06T03:05:22.490+0000] {processor.py:830} INFO - Processing file /home/airflow/.local/lib/python3.12/site-packages/airflow/example_dags/example_xcom.py for tasks to queue
[2024-07-06T03:05:22.491+0000] {logging_mixin.py:188} INFO - [2024-07-06T03:05:22.491+0000] {dagbag.py:545} INFO - Filling up the DagBag from /home/airflow/.local/lib/python3.12/site-packages/airflow/example_dags/example_xcom.py
[2024-07-06T03:05:22.495+0000] {processor.py:840} INFO - DAG(s) 'example_xcom' retrieved from /home/airflow/.local/lib/python3.12/site-packages/airflow/example_dags/example_xcom.py
[2024-07-06T03:05:22.509+0000] {logging_mixin.py:188} INFO - [2024-07-06T03:05:22.509+0000] {dag.py:3096} INFO - Sync 1 DAGs
[2024-07-06T03:05:22.523+0000] {logging_mixin.py:188} INFO - [2024-07-06T03:05:22.523+0000] {dag.py:3954} INFO - Setting next_dagrun for example_xcom to 2021-01-01 00:00:00+00:00, run_after=2021-01-01 00:00:00+00:00
[2024-07-06T03:05:22.533+0000] {processor.py:183} INFO - Processing /home/airflow/.local/lib/python3.12/site-packages/airflow/example_dags/example_xcom.py took 0.046 seconds
[2024-07-06T04:24:03.729+0000] {processor.py:161} INFO - Started process (PID=8454) to work on /home/airflow/.local/lib/python3.12/site-packages/airflow/example_dags/example_xcom.py
[2024-07-06T04:24:03.729+0000] {processor.py:830} INFO - Processing file /home/airflow/.local/lib/python3.12/site-packages/airflow/example_dags/example_xcom.py for tasks to queue
[2024-07-06T04:24:03.730+0000] {logging_mixin.py:188} INFO - [2024-07-06T04:24:03.730+0000] {dagbag.py:545} INFO - Filling up the DagBag from /home/airflow/.local/lib/python3.12/site-packages/airflow/example_dags/example_xcom.py
[2024-07-06T04:24:03.734+0000] {processor.py:840} INFO - DAG(s) 'example_xcom' retrieved from /home/airflow/.local/lib/python3.12/site-packages/airflow/example_dags/example_xcom.py
[2024-07-06T04:24:03.743+0000] {logging_mixin.py:188} INFO - [2024-07-06T04:24:03.743+0000] {dag.py:3096} INFO - Sync 1 DAGs
[2024-07-06T04:24:03.751+0000] {logging_mixin.py:188} INFO - [2024-07-06T04:24:03.751+0000] {dag.py:3954} INFO - Setting next_dagrun for example_xcom to 2021-01-01 00:00:00+00:00, run_after=2021-01-01 00:00:00+00:00
[2024-07-06T04:24:03.758+0000] {processor.py:183} INFO - Processing /home/airflow/.local/lib/python3.12/site-packages/airflow/example_dags/example_xcom.py took 0.031 seconds
[2024-07-06T05:41:15.264+0000] {processor.py:161} INFO - Started process (PID=8512) to work on /home/airflow/.local/lib/python3.12/site-packages/airflow/example_dags/example_xcom.py
[2024-07-06T05:41:15.264+0000] {processor.py:830} INFO - Processing file /home/airflow/.local/lib/python3.12/site-packages/airflow/example_dags/example_xcom.py for tasks to queue
[2024-07-06T05:41:15.265+0000] {logging_mixin.py:188} INFO - [2024-07-06T05:41:15.265+0000] {dagbag.py:545} INFO - Filling up the DagBag from /home/airflow/.local/lib/python3.12/site-packages/airflow/example_dags/example_xcom.py
[2024-07-06T05:41:15.268+0000] {processor.py:840} INFO - DAG(s) 'example_xcom' retrieved from /home/airflow/.local/lib/python3.12/site-packages/airflow/example_dags/example_xcom.py
[2024-07-06T05:41:15.276+0000] {logging_mixin.py:188} INFO - [2024-07-06T05:41:15.275+0000] {dag.py:3096} INFO - Sync 1 DAGs
[2024-07-06T05:41:15.283+0000] {logging_mixin.py:188} INFO - [2024-07-06T05:41:15.283+0000] {dag.py:3954} INFO - Setting next_dagrun for example_xcom to 2021-01-01 00:00:00+00:00, run_after=2021-01-01 00:00:00+00:00
[2024-07-06T05:41:15.290+0000] {processor.py:183} INFO - Processing /home/airflow/.local/lib/python3.12/site-packages/airflow/example_dags/example_xcom.py took 0.028 seconds
[2024-07-06T06:57:58.732+0000] {processor.py:161} INFO - Started process (PID=8570) to work on /home/airflow/.local/lib/python3.12/site-packages/airflow/example_dags/example_xcom.py
[2024-07-06T06:57:58.733+0000] {processor.py:830} INFO - Processing file /home/airflow/.local/lib/python3.12/site-packages/airflow/example_dags/example_xcom.py for tasks to queue
[2024-07-06T06:57:58.734+0000] {logging_mixin.py:188} INFO - [2024-07-06T06:57:58.733+0000] {dagbag.py:545} INFO - Filling up the DagBag from /home/airflow/.local/lib/python3.12/site-packages/airflow/example_dags/example_xcom.py
[2024-07-06T06:57:58.737+0000] {processor.py:840} INFO - DAG(s) 'example_xcom' retrieved from /home/airflow/.local/lib/python3.12/site-packages/airflow/example_dags/example_xcom.py
[2024-07-06T06:57:58.744+0000] {logging_mixin.py:188} INFO - [2024-07-06T06:57:58.744+0000] {dag.py:3096} INFO - Sync 1 DAGs
[2024-07-06T06:57:58.752+0000] {logging_mixin.py:188} INFO - [2024-07-06T06:57:58.752+0000] {dag.py:3954} INFO - Setting next_dagrun for example_xcom to 2021-01-01 00:00:00+00:00, run_after=2021-01-01 00:00:00+00:00
[2024-07-06T06:57:58.758+0000] {processor.py:183} INFO - Processing /home/airflow/.local/lib/python3.12/site-packages/airflow/example_dags/example_xcom.py took 0.028 seconds
[2024-07-06T07:58:19.128+0000] {processor.py:161} INFO - Started process (PID=8628) to work on /home/airflow/.local/lib/python3.12/site-packages/airflow/example_dags/example_xcom.py
[2024-07-06T07:58:19.128+0000] {processor.py:830} INFO - Processing file /home/airflow/.local/lib/python3.12/site-packages/airflow/example_dags/example_xcom.py for tasks to queue
[2024-07-06T07:58:19.129+0000] {logging_mixin.py:188} INFO - [2024-07-06T07:58:19.129+0000] {dagbag.py:545} INFO - Filling up the DagBag from /home/airflow/.local/lib/python3.12/site-packages/airflow/example_dags/example_xcom.py
[2024-07-06T07:58:19.132+0000] {processor.py:840} INFO - DAG(s) 'example_xcom' retrieved from /home/airflow/.local/lib/python3.12/site-packages/airflow/example_dags/example_xcom.py
[2024-07-06T07:58:19.140+0000] {logging_mixin.py:188} INFO - [2024-07-06T07:58:19.140+0000] {dag.py:3096} INFO - Sync 1 DAGs
[2024-07-06T07:58:19.147+0000] {logging_mixin.py:188} INFO - [2024-07-06T07:58:19.147+0000] {dag.py:3954} INFO - Setting next_dagrun for example_xcom to 2021-01-01 00:00:00+00:00, run_after=2021-01-01 00:00:00+00:00
[2024-07-06T07:58:19.154+0000] {processor.py:183} INFO - Processing /home/airflow/.local/lib/python3.12/site-packages/airflow/example_dags/example_xcom.py took 0.028 seconds
[2024-07-06T08:36:32.757+0000] {processor.py:161} INFO - Started process (PID=8686) to work on /home/airflow/.local/lib/python3.12/site-packages/airflow/example_dags/example_xcom.py
[2024-07-06T08:36:32.758+0000] {processor.py:830} INFO - Processing file /home/airflow/.local/lib/python3.12/site-packages/airflow/example_dags/example_xcom.py for tasks to queue
[2024-07-06T08:36:32.759+0000] {logging_mixin.py:188} INFO - [2024-07-06T08:36:32.758+0000] {dagbag.py:545} INFO - Filling up the DagBag from /home/airflow/.local/lib/python3.12/site-packages/airflow/example_dags/example_xcom.py
[2024-07-06T08:36:32.762+0000] {processor.py:840} INFO - DAG(s) 'example_xcom' retrieved from /home/airflow/.local/lib/python3.12/site-packages/airflow/example_dags/example_xcom.py
[2024-07-06T08:36:32.770+0000] {logging_mixin.py:188} INFO - [2024-07-06T08:36:32.770+0000] {dag.py:3096} INFO - Sync 1 DAGs
[2024-07-06T08:36:32.777+0000] {logging_mixin.py:188} INFO - [2024-07-06T08:36:32.777+0000] {dag.py:3954} INFO - Setting next_dagrun for example_xcom to 2021-01-01 00:00:00+00:00, run_after=2021-01-01 00:00:00+00:00
[2024-07-06T08:36:32.784+0000] {processor.py:183} INFO - Processing /home/airflow/.local/lib/python3.12/site-packages/airflow/example_dags/example_xcom.py took 0.029 seconds
[2024-07-06T09:11:23.031+0000] {processor.py:161} INFO - Started process (PID=8744) to work on /home/airflow/.local/lib/python3.12/site-packages/airflow/example_dags/example_xcom.py
[2024-07-06T09:11:23.031+0000] {processor.py:830} INFO - Processing file /home/airflow/.local/lib/python3.12/site-packages/airflow/example_dags/example_xcom.py for tasks to queue
[2024-07-06T09:11:23.032+0000] {logging_mixin.py:188} INFO - [2024-07-06T09:11:23.032+0000] {dagbag.py:545} INFO - Filling up the DagBag from /home/airflow/.local/lib/python3.12/site-packages/airflow/example_dags/example_xcom.py
[2024-07-06T09:11:23.035+0000] {processor.py:840} INFO - DAG(s) 'example_xcom' retrieved from /home/airflow/.local/lib/python3.12/site-packages/airflow/example_dags/example_xcom.py
[2024-07-06T09:11:23.043+0000] {logging_mixin.py:188} INFO - [2024-07-06T09:11:23.043+0000] {dag.py:3096} INFO - Sync 1 DAGs
[2024-07-06T09:11:23.051+0000] {logging_mixin.py:188} INFO - [2024-07-06T09:11:23.051+0000] {dag.py:3954} INFO - Setting next_dagrun for example_xcom to 2021-01-01 00:00:00+00:00, run_after=2021-01-01 00:00:00+00:00
[2024-07-06T09:11:23.057+0000] {processor.py:183} INFO - Processing /home/airflow/.local/lib/python3.12/site-packages/airflow/example_dags/example_xcom.py took 0.028 seconds
[2024-07-06T09:54:55.471+0000] {processor.py:161} INFO - Started process (PID=8802) to work on /home/airflow/.local/lib/python3.12/site-packages/airflow/example_dags/example_xcom.py
[2024-07-06T09:54:55.471+0000] {processor.py:830} INFO - Processing file /home/airflow/.local/lib/python3.12/site-packages/airflow/example_dags/example_xcom.py for tasks to queue
[2024-07-06T09:54:55.472+0000] {logging_mixin.py:188} INFO - [2024-07-06T09:54:55.472+0000] {dagbag.py:545} INFO - Filling up the DagBag from /home/airflow/.local/lib/python3.12/site-packages/airflow/example_dags/example_xcom.py
[2024-07-06T09:54:55.475+0000] {processor.py:840} INFO - DAG(s) 'example_xcom' retrieved from /home/airflow/.local/lib/python3.12/site-packages/airflow/example_dags/example_xcom.py
[2024-07-06T09:54:55.483+0000] {logging_mixin.py:188} INFO - [2024-07-06T09:54:55.483+0000] {dag.py:3096} INFO - Sync 1 DAGs
[2024-07-06T09:54:55.491+0000] {logging_mixin.py:188} INFO - [2024-07-06T09:54:55.491+0000] {dag.py:3954} INFO - Setting next_dagrun for example_xcom to 2021-01-01 00:00:00+00:00, run_after=2021-01-01 00:00:00+00:00
[2024-07-06T09:54:55.497+0000] {processor.py:183} INFO - Processing /home/airflow/.local/lib/python3.12/site-packages/airflow/example_dags/example_xcom.py took 0.029 seconds
[2024-07-06T10:32:28.750+0000] {processor.py:161} INFO - Started process (PID=8860) to work on /home/airflow/.local/lib/python3.12/site-packages/airflow/example_dags/example_xcom.py
[2024-07-06T10:32:28.751+0000] {processor.py:830} INFO - Processing file /home/airflow/.local/lib/python3.12/site-packages/airflow/example_dags/example_xcom.py for tasks to queue
[2024-07-06T10:32:28.751+0000] {logging_mixin.py:188} INFO - [2024-07-06T10:32:28.751+0000] {dagbag.py:545} INFO - Filling up the DagBag from /home/airflow/.local/lib/python3.12/site-packages/airflow/example_dags/example_xcom.py
[2024-07-06T10:32:28.755+0000] {processor.py:840} INFO - DAG(s) 'example_xcom' retrieved from /home/airflow/.local/lib/python3.12/site-packages/airflow/example_dags/example_xcom.py
[2024-07-06T10:32:28.763+0000] {logging_mixin.py:188} INFO - [2024-07-06T10:32:28.762+0000] {dag.py:3096} INFO - Sync 1 DAGs
[2024-07-06T10:32:28.770+0000] {logging_mixin.py:188} INFO - [2024-07-06T10:32:28.770+0000] {dag.py:3954} INFO - Setting next_dagrun for example_xcom to 2021-01-01 00:00:00+00:00, run_after=2021-01-01 00:00:00+00:00
[2024-07-06T10:32:28.776+0000] {processor.py:183} INFO - Processing /home/airflow/.local/lib/python3.12/site-packages/airflow/example_dags/example_xcom.py took 0.028 seconds
[2024-07-06T11:31:00.913+0000] {processor.py:161} INFO - Started process (PID=8918) to work on /home/airflow/.local/lib/python3.12/site-packages/airflow/example_dags/example_xcom.py
[2024-07-06T11:31:00.914+0000] {processor.py:830} INFO - Processing file /home/airflow/.local/lib/python3.12/site-packages/airflow/example_dags/example_xcom.py for tasks to queue
[2024-07-06T11:31:00.914+0000] {logging_mixin.py:188} INFO - [2024-07-06T11:31:00.914+0000] {dagbag.py:545} INFO - Filling up the DagBag from /home/airflow/.local/lib/python3.12/site-packages/airflow/example_dags/example_xcom.py
[2024-07-06T11:31:00.917+0000] {processor.py:840} INFO - DAG(s) 'example_xcom' retrieved from /home/airflow/.local/lib/python3.12/site-packages/airflow/example_dags/example_xcom.py
[2024-07-06T11:31:00.925+0000] {logging_mixin.py:188} INFO - [2024-07-06T11:31:00.925+0000] {dag.py:3096} INFO - Sync 1 DAGs
[2024-07-06T11:31:00.932+0000] {logging_mixin.py:188} INFO - [2024-07-06T11:31:00.932+0000] {dag.py:3954} INFO - Setting next_dagrun for example_xcom to 2021-01-01 00:00:00+00:00, run_after=2021-01-01 00:00:00+00:00
[2024-07-06T11:31:00.939+0000] {processor.py:183} INFO - Processing /home/airflow/.local/lib/python3.12/site-packages/airflow/example_dags/example_xcom.py took 0.028 seconds
[2024-07-06T12:31:30.656+0000] {processor.py:161} INFO - Started process (PID=8976) to work on /home/airflow/.local/lib/python3.12/site-packages/airflow/example_dags/example_xcom.py
[2024-07-06T12:31:30.656+0000] {processor.py:830} INFO - Processing file /home/airflow/.local/lib/python3.12/site-packages/airflow/example_dags/example_xcom.py for tasks to queue
[2024-07-06T12:31:30.657+0000] {logging_mixin.py:188} INFO - [2024-07-06T12:31:30.657+0000] {dagbag.py:545} INFO - Filling up the DagBag from /home/airflow/.local/lib/python3.12/site-packages/airflow/example_dags/example_xcom.py
[2024-07-06T12:31:30.661+0000] {processor.py:840} INFO - DAG(s) 'example_xcom' retrieved from /home/airflow/.local/lib/python3.12/site-packages/airflow/example_dags/example_xcom.py
[2024-07-06T12:31:30.670+0000] {logging_mixin.py:188} INFO - [2024-07-06T12:31:30.670+0000] {dag.py:3096} INFO - Sync 1 DAGs
[2024-07-06T12:31:30.679+0000] {logging_mixin.py:188} INFO - [2024-07-06T12:31:30.679+0000] {dag.py:3954} INFO - Setting next_dagrun for example_xcom to 2021-01-01 00:00:00+00:00, run_after=2021-01-01 00:00:00+00:00
[2024-07-06T12:31:30.685+0000] {processor.py:183} INFO - Processing /home/airflow/.local/lib/python3.12/site-packages/airflow/example_dags/example_xcom.py took 0.032 seconds
[2024-07-06T13:31:19.670+0000] {processor.py:161} INFO - Started process (PID=9034) to work on /home/airflow/.local/lib/python3.12/site-packages/airflow/example_dags/example_xcom.py
[2024-07-06T13:31:19.670+0000] {processor.py:830} INFO - Processing file /home/airflow/.local/lib/python3.12/site-packages/airflow/example_dags/example_xcom.py for tasks to queue
[2024-07-06T13:31:19.671+0000] {logging_mixin.py:188} INFO - [2024-07-06T13:31:19.671+0000] {dagbag.py:545} INFO - Filling up the DagBag from /home/airflow/.local/lib/python3.12/site-packages/airflow/example_dags/example_xcom.py
[2024-07-06T13:31:19.674+0000] {processor.py:840} INFO - DAG(s) 'example_xcom' retrieved from /home/airflow/.local/lib/python3.12/site-packages/airflow/example_dags/example_xcom.py
[2024-07-06T13:31:19.682+0000] {logging_mixin.py:188} INFO - [2024-07-06T13:31:19.682+0000] {dag.py:3096} INFO - Sync 1 DAGs
[2024-07-06T13:31:19.690+0000] {logging_mixin.py:188} INFO - [2024-07-06T13:31:19.690+0000] {dag.py:3954} INFO - Setting next_dagrun for example_xcom to 2021-01-01 00:00:00+00:00, run_after=2021-01-01 00:00:00+00:00
[2024-07-06T13:31:19.696+0000] {processor.py:183} INFO - Processing /home/airflow/.local/lib/python3.12/site-packages/airflow/example_dags/example_xcom.py took 0.029 seconds
[2024-07-06T13:36:56.257+0000] {processor.py:161} INFO - Started process (PID=9092) to work on /home/airflow/.local/lib/python3.12/site-packages/airflow/example_dags/example_xcom.py
[2024-07-06T13:36:56.258+0000] {processor.py:830} INFO - Processing file /home/airflow/.local/lib/python3.12/site-packages/airflow/example_dags/example_xcom.py for tasks to queue
[2024-07-06T13:36:56.258+0000] {logging_mixin.py:188} INFO - [2024-07-06T13:36:56.258+0000] {dagbag.py:545} INFO - Filling up the DagBag from /home/airflow/.local/lib/python3.12/site-packages/airflow/example_dags/example_xcom.py
[2024-07-06T13:36:56.261+0000] {processor.py:840} INFO - DAG(s) 'example_xcom' retrieved from /home/airflow/.local/lib/python3.12/site-packages/airflow/example_dags/example_xcom.py
[2024-07-06T13:36:56.268+0000] {logging_mixin.py:188} INFO - [2024-07-06T13:36:56.268+0000] {dag.py:3096} INFO - Sync 1 DAGs
[2024-07-06T13:36:56.276+0000] {logging_mixin.py:188} INFO - [2024-07-06T13:36:56.276+0000] {dag.py:3954} INFO - Setting next_dagrun for example_xcom to 2021-01-01 00:00:00+00:00, run_after=2021-01-01 00:00:00+00:00
[2024-07-06T13:36:56.282+0000] {processor.py:183} INFO - Processing /home/airflow/.local/lib/python3.12/site-packages/airflow/example_dags/example_xcom.py took 0.027 seconds
[2024-07-06T14:16:20.705+0000] {processor.py:161} INFO - Started process (PID=9150) to work on /home/airflow/.local/lib/python3.12/site-packages/airflow/example_dags/example_xcom.py
[2024-07-06T14:16:20.705+0000] {processor.py:830} INFO - Processing file /home/airflow/.local/lib/python3.12/site-packages/airflow/example_dags/example_xcom.py for tasks to queue
[2024-07-06T14:16:20.706+0000] {logging_mixin.py:188} INFO - [2024-07-06T14:16:20.705+0000] {dagbag.py:545} INFO - Filling up the DagBag from /home/airflow/.local/lib/python3.12/site-packages/airflow/example_dags/example_xcom.py
[2024-07-06T14:16:20.708+0000] {processor.py:840} INFO - DAG(s) 'example_xcom' retrieved from /home/airflow/.local/lib/python3.12/site-packages/airflow/example_dags/example_xcom.py
[2024-07-06T14:16:20.716+0000] {logging_mixin.py:188} INFO - [2024-07-06T14:16:20.716+0000] {dag.py:3096} INFO - Sync 1 DAGs
[2024-07-06T14:16:20.724+0000] {logging_mixin.py:188} INFO - [2024-07-06T14:16:20.724+0000] {dag.py:3954} INFO - Setting next_dagrun for example_xcom to 2021-01-01 00:00:00+00:00, run_after=2021-01-01 00:00:00+00:00
[2024-07-06T14:16:20.730+0000] {processor.py:183} INFO - Processing /home/airflow/.local/lib/python3.12/site-packages/airflow/example_dags/example_xcom.py took 0.028 seconds
[2024-07-06T14:42:09.745+0000] {processor.py:161} INFO - Started process (PID=9208) to work on /home/airflow/.local/lib/python3.12/site-packages/airflow/example_dags/example_xcom.py
[2024-07-06T14:42:09.746+0000] {processor.py:830} INFO - Processing file /home/airflow/.local/lib/python3.12/site-packages/airflow/example_dags/example_xcom.py for tasks to queue
[2024-07-06T14:42:09.746+0000] {logging_mixin.py:188} INFO - [2024-07-06T14:42:09.746+0000] {dagbag.py:545} INFO - Filling up the DagBag from /home/airflow/.local/lib/python3.12/site-packages/airflow/example_dags/example_xcom.py
[2024-07-06T14:42:09.750+0000] {processor.py:840} INFO - DAG(s) 'example_xcom' retrieved from /home/airflow/.local/lib/python3.12/site-packages/airflow/example_dags/example_xcom.py
[2024-07-06T14:42:09.758+0000] {logging_mixin.py:188} INFO - [2024-07-06T14:42:09.758+0000] {dag.py:3096} INFO - Sync 1 DAGs
[2024-07-06T14:42:09.766+0000] {logging_mixin.py:188} INFO - [2024-07-06T14:42:09.766+0000] {dag.py:3954} INFO - Setting next_dagrun for example_xcom to 2021-01-01 00:00:00+00:00, run_after=2021-01-01 00:00:00+00:00
[2024-07-06T14:42:09.772+0000] {processor.py:183} INFO - Processing /home/airflow/.local/lib/python3.12/site-packages/airflow/example_dags/example_xcom.py took 0.030 seconds
[2024-07-06T14:42:40.430+0000] {processor.py:161} INFO - Started process (PID=9266) to work on /home/airflow/.local/lib/python3.12/site-packages/airflow/example_dags/example_xcom.py
[2024-07-06T14:42:40.431+0000] {processor.py:830} INFO - Processing file /home/airflow/.local/lib/python3.12/site-packages/airflow/example_dags/example_xcom.py for tasks to queue
[2024-07-06T14:42:40.432+0000] {logging_mixin.py:188} INFO - [2024-07-06T14:42:40.432+0000] {dagbag.py:545} INFO - Filling up the DagBag from /home/airflow/.local/lib/python3.12/site-packages/airflow/example_dags/example_xcom.py
[2024-07-06T14:42:40.436+0000] {processor.py:840} INFO - DAG(s) 'example_xcom' retrieved from /home/airflow/.local/lib/python3.12/site-packages/airflow/example_dags/example_xcom.py
[2024-07-06T14:42:40.445+0000] {logging_mixin.py:188} INFO - [2024-07-06T14:42:40.445+0000] {dag.py:3096} INFO - Sync 1 DAGs
[2024-07-06T14:42:40.453+0000] {logging_mixin.py:188} INFO - [2024-07-06T14:42:40.453+0000] {dag.py:3954} INFO - Setting next_dagrun for example_xcom to 2021-01-01 00:00:00+00:00, run_after=2021-01-01 00:00:00+00:00
[2024-07-06T14:42:40.460+0000] {processor.py:183} INFO - Processing /home/airflow/.local/lib/python3.12/site-packages/airflow/example_dags/example_xcom.py took 0.033 seconds
[2024-07-06T14:43:10.943+0000] {processor.py:161} INFO - Started process (PID=9324) to work on /home/airflow/.local/lib/python3.12/site-packages/airflow/example_dags/example_xcom.py
[2024-07-06T14:43:10.943+0000] {processor.py:830} INFO - Processing file /home/airflow/.local/lib/python3.12/site-packages/airflow/example_dags/example_xcom.py for tasks to queue
[2024-07-06T14:43:10.944+0000] {logging_mixin.py:188} INFO - [2024-07-06T14:43:10.944+0000] {dagbag.py:545} INFO - Filling up the DagBag from /home/airflow/.local/lib/python3.12/site-packages/airflow/example_dags/example_xcom.py
[2024-07-06T14:43:10.948+0000] {processor.py:840} INFO - DAG(s) 'example_xcom' retrieved from /home/airflow/.local/lib/python3.12/site-packages/airflow/example_dags/example_xcom.py
[2024-07-06T14:43:10.957+0000] {logging_mixin.py:188} INFO - [2024-07-06T14:43:10.956+0000] {dag.py:3096} INFO - Sync 1 DAGs
[2024-07-06T14:43:10.966+0000] {logging_mixin.py:188} INFO - [2024-07-06T14:43:10.965+0000] {dag.py:3954} INFO - Setting next_dagrun for example_xcom to 2021-01-01 00:00:00+00:00, run_after=2021-01-01 00:00:00+00:00
[2024-07-06T14:43:10.973+0000] {processor.py:183} INFO - Processing /home/airflow/.local/lib/python3.12/site-packages/airflow/example_dags/example_xcom.py took 0.033 seconds
[2024-07-06T14:43:41.350+0000] {processor.py:161} INFO - Started process (PID=9388) to work on /home/airflow/.local/lib/python3.12/site-packages/airflow/example_dags/example_xcom.py
[2024-07-06T14:43:41.350+0000] {processor.py:830} INFO - Processing file /home/airflow/.local/lib/python3.12/site-packages/airflow/example_dags/example_xcom.py for tasks to queue
[2024-07-06T14:43:41.351+0000] {logging_mixin.py:188} INFO - [2024-07-06T14:43:41.351+0000] {dagbag.py:545} INFO - Filling up the DagBag from /home/airflow/.local/lib/python3.12/site-packages/airflow/example_dags/example_xcom.py
[2024-07-06T14:43:41.354+0000] {processor.py:840} INFO - DAG(s) 'example_xcom' retrieved from /home/airflow/.local/lib/python3.12/site-packages/airflow/example_dags/example_xcom.py
[2024-07-06T14:43:41.362+0000] {logging_mixin.py:188} INFO - [2024-07-06T14:43:41.362+0000] {dag.py:3096} INFO - Sync 1 DAGs
[2024-07-06T14:43:41.369+0000] {logging_mixin.py:188} INFO - [2024-07-06T14:43:41.369+0000] {dag.py:3954} INFO - Setting next_dagrun for example_xcom to 2021-01-01 00:00:00+00:00, run_after=2021-01-01 00:00:00+00:00
[2024-07-06T14:43:41.375+0000] {processor.py:183} INFO - Processing /home/airflow/.local/lib/python3.12/site-packages/airflow/example_dags/example_xcom.py took 0.028 seconds
[2024-07-06T14:44:11.725+0000] {processor.py:161} INFO - Started process (PID=9446) to work on /home/airflow/.local/lib/python3.12/site-packages/airflow/example_dags/example_xcom.py
[2024-07-06T14:44:11.725+0000] {processor.py:830} INFO - Processing file /home/airflow/.local/lib/python3.12/site-packages/airflow/example_dags/example_xcom.py for tasks to queue
[2024-07-06T14:44:11.726+0000] {logging_mixin.py:188} INFO - [2024-07-06T14:44:11.726+0000] {dagbag.py:545} INFO - Filling up the DagBag from /home/airflow/.local/lib/python3.12/site-packages/airflow/example_dags/example_xcom.py
[2024-07-06T14:44:11.729+0000] {processor.py:840} INFO - DAG(s) 'example_xcom' retrieved from /home/airflow/.local/lib/python3.12/site-packages/airflow/example_dags/example_xcom.py
[2024-07-06T14:44:11.737+0000] {logging_mixin.py:188} INFO - [2024-07-06T14:44:11.737+0000] {dag.py:3096} INFO - Sync 1 DAGs
[2024-07-06T14:44:11.746+0000] {logging_mixin.py:188} INFO - [2024-07-06T14:44:11.746+0000] {dag.py:3954} INFO - Setting next_dagrun for example_xcom to 2021-01-01 00:00:00+00:00, run_after=2021-01-01 00:00:00+00:00
[2024-07-06T14:44:11.754+0000] {processor.py:183} INFO - Processing /home/airflow/.local/lib/python3.12/site-packages/airflow/example_dags/example_xcom.py took 0.032 seconds
[2024-07-06T14:44:42.087+0000] {processor.py:161} INFO - Started process (PID=9504) to work on /home/airflow/.local/lib/python3.12/site-packages/airflow/example_dags/example_xcom.py
[2024-07-06T14:44:42.088+0000] {processor.py:830} INFO - Processing file /home/airflow/.local/lib/python3.12/site-packages/airflow/example_dags/example_xcom.py for tasks to queue
[2024-07-06T14:44:42.088+0000] {logging_mixin.py:188} INFO - [2024-07-06T14:44:42.088+0000] {dagbag.py:545} INFO - Filling up the DagBag from /home/airflow/.local/lib/python3.12/site-packages/airflow/example_dags/example_xcom.py
[2024-07-06T14:44:42.091+0000] {processor.py:840} INFO - DAG(s) 'example_xcom' retrieved from /home/airflow/.local/lib/python3.12/site-packages/airflow/example_dags/example_xcom.py
[2024-07-06T14:44:42.099+0000] {logging_mixin.py:188} INFO - [2024-07-06T14:44:42.099+0000] {dag.py:3096} INFO - Sync 1 DAGs
[2024-07-06T14:44:42.107+0000] {logging_mixin.py:188} INFO - [2024-07-06T14:44:42.107+0000] {dag.py:3954} INFO - Setting next_dagrun for example_xcom to 2021-01-01 00:00:00+00:00, run_after=2021-01-01 00:00:00+00:00
[2024-07-06T14:44:42.113+0000] {processor.py:183} INFO - Processing /home/airflow/.local/lib/python3.12/site-packages/airflow/example_dags/example_xcom.py took 0.028 seconds
[2024-07-06T14:45:12.452+0000] {processor.py:161} INFO - Started process (PID=9562) to work on /home/airflow/.local/lib/python3.12/site-packages/airflow/example_dags/example_xcom.py
[2024-07-06T14:45:12.453+0000] {processor.py:830} INFO - Processing file /home/airflow/.local/lib/python3.12/site-packages/airflow/example_dags/example_xcom.py for tasks to queue
[2024-07-06T14:45:12.453+0000] {logging_mixin.py:188} INFO - [2024-07-06T14:45:12.453+0000] {dagbag.py:545} INFO - Filling up the DagBag from /home/airflow/.local/lib/python3.12/site-packages/airflow/example_dags/example_xcom.py
[2024-07-06T14:45:12.456+0000] {processor.py:840} INFO - DAG(s) 'example_xcom' retrieved from /home/airflow/.local/lib/python3.12/site-packages/airflow/example_dags/example_xcom.py
[2024-07-06T14:45:12.465+0000] {logging_mixin.py:188} INFO - [2024-07-06T14:45:12.465+0000] {dag.py:3096} INFO - Sync 1 DAGs
[2024-07-06T14:45:12.473+0000] {logging_mixin.py:188} INFO - [2024-07-06T14:45:12.473+0000] {dag.py:3954} INFO - Setting next_dagrun for example_xcom to 2021-01-01 00:00:00+00:00, run_after=2021-01-01 00:00:00+00:00
[2024-07-06T14:45:12.480+0000] {processor.py:183} INFO - Processing /home/airflow/.local/lib/python3.12/site-packages/airflow/example_dags/example_xcom.py took 0.030 seconds
[2024-07-06T14:45:42.799+0000] {processor.py:161} INFO - Started process (PID=9620) to work on /home/airflow/.local/lib/python3.12/site-packages/airflow/example_dags/example_xcom.py
[2024-07-06T14:45:42.799+0000] {processor.py:830} INFO - Processing file /home/airflow/.local/lib/python3.12/site-packages/airflow/example_dags/example_xcom.py for tasks to queue
[2024-07-06T14:45:42.800+0000] {logging_mixin.py:188} INFO - [2024-07-06T14:45:42.800+0000] {dagbag.py:545} INFO - Filling up the DagBag from /home/airflow/.local/lib/python3.12/site-packages/airflow/example_dags/example_xcom.py
[2024-07-06T14:45:42.803+0000] {processor.py:840} INFO - DAG(s) 'example_xcom' retrieved from /home/airflow/.local/lib/python3.12/site-packages/airflow/example_dags/example_xcom.py
[2024-07-06T14:45:42.811+0000] {logging_mixin.py:188} INFO - [2024-07-06T14:45:42.811+0000] {dag.py:3096} INFO - Sync 1 DAGs
[2024-07-06T14:45:42.818+0000] {logging_mixin.py:188} INFO - [2024-07-06T14:45:42.818+0000] {dag.py:3954} INFO - Setting next_dagrun for example_xcom to 2021-01-01 00:00:00+00:00, run_after=2021-01-01 00:00:00+00:00
[2024-07-06T14:45:42.825+0000] {processor.py:183} INFO - Processing /home/airflow/.local/lib/python3.12/site-packages/airflow/example_dags/example_xcom.py took 0.029 seconds
[2024-07-06T14:46:13.292+0000] {processor.py:161} INFO - Started process (PID=9678) to work on /home/airflow/.local/lib/python3.12/site-packages/airflow/example_dags/example_xcom.py
[2024-07-06T14:46:13.293+0000] {processor.py:830} INFO - Processing file /home/airflow/.local/lib/python3.12/site-packages/airflow/example_dags/example_xcom.py for tasks to queue
[2024-07-06T14:46:13.293+0000] {logging_mixin.py:188} INFO - [2024-07-06T14:46:13.293+0000] {dagbag.py:545} INFO - Filling up the DagBag from /home/airflow/.local/lib/python3.12/site-packages/airflow/example_dags/example_xcom.py
[2024-07-06T14:46:13.297+0000] {processor.py:840} INFO - DAG(s) 'example_xcom' retrieved from /home/airflow/.local/lib/python3.12/site-packages/airflow/example_dags/example_xcom.py
[2024-07-06T14:46:13.305+0000] {logging_mixin.py:188} INFO - [2024-07-06T14:46:13.305+0000] {dag.py:3096} INFO - Sync 1 DAGs
[2024-07-06T14:46:13.313+0000] {logging_mixin.py:188} INFO - [2024-07-06T14:46:13.313+0000] {dag.py:3954} INFO - Setting next_dagrun for example_xcom to 2021-01-01 00:00:00+00:00, run_after=2021-01-01 00:00:00+00:00
[2024-07-06T14:46:13.319+0000] {processor.py:183} INFO - Processing /home/airflow/.local/lib/python3.12/site-packages/airflow/example_dags/example_xcom.py took 0.029 seconds
[2024-07-06T14:46:43.590+0000] {processor.py:161} INFO - Started process (PID=9736) to work on /home/airflow/.local/lib/python3.12/site-packages/airflow/example_dags/example_xcom.py
[2024-07-06T14:46:43.591+0000] {processor.py:830} INFO - Processing file /home/airflow/.local/lib/python3.12/site-packages/airflow/example_dags/example_xcom.py for tasks to queue
[2024-07-06T14:46:43.591+0000] {logging_mixin.py:188} INFO - [2024-07-06T14:46:43.591+0000] {dagbag.py:545} INFO - Filling up the DagBag from /home/airflow/.local/lib/python3.12/site-packages/airflow/example_dags/example_xcom.py
[2024-07-06T14:46:43.594+0000] {processor.py:840} INFO - DAG(s) 'example_xcom' retrieved from /home/airflow/.local/lib/python3.12/site-packages/airflow/example_dags/example_xcom.py
[2024-07-06T14:46:43.603+0000] {logging_mixin.py:188} INFO - [2024-07-06T14:46:43.603+0000] {dag.py:3096} INFO - Sync 1 DAGs
[2024-07-06T14:46:43.611+0000] {logging_mixin.py:188} INFO - [2024-07-06T14:46:43.611+0000] {dag.py:3954} INFO - Setting next_dagrun for example_xcom to 2021-01-01 00:00:00+00:00, run_after=2021-01-01 00:00:00+00:00
[2024-07-06T14:46:43.617+0000] {processor.py:183} INFO - Processing /home/airflow/.local/lib/python3.12/site-packages/airflow/example_dags/example_xcom.py took 0.029 seconds
[2024-07-06T14:47:13.944+0000] {processor.py:161} INFO - Started process (PID=9794) to work on /home/airflow/.local/lib/python3.12/site-packages/airflow/example_dags/example_xcom.py
[2024-07-06T14:47:13.944+0000] {processor.py:830} INFO - Processing file /home/airflow/.local/lib/python3.12/site-packages/airflow/example_dags/example_xcom.py for tasks to queue
[2024-07-06T14:47:13.945+0000] {logging_mixin.py:188} INFO - [2024-07-06T14:47:13.945+0000] {dagbag.py:545} INFO - Filling up the DagBag from /home/airflow/.local/lib/python3.12/site-packages/airflow/example_dags/example_xcom.py
[2024-07-06T14:47:13.948+0000] {processor.py:840} INFO - DAG(s) 'example_xcom' retrieved from /home/airflow/.local/lib/python3.12/site-packages/airflow/example_dags/example_xcom.py
[2024-07-06T14:47:13.956+0000] {logging_mixin.py:188} INFO - [2024-07-06T14:47:13.956+0000] {dag.py:3096} INFO - Sync 1 DAGs
[2024-07-06T14:47:13.963+0000] {logging_mixin.py:188} INFO - [2024-07-06T14:47:13.963+0000] {dag.py:3954} INFO - Setting next_dagrun for example_xcom to 2021-01-01 00:00:00+00:00, run_after=2021-01-01 00:00:00+00:00
[2024-07-06T14:47:13.969+0000] {processor.py:183} INFO - Processing /home/airflow/.local/lib/python3.12/site-packages/airflow/example_dags/example_xcom.py took 0.028 seconds
[2024-07-06T14:47:44.233+0000] {processor.py:161} INFO - Started process (PID=9852) to work on /home/airflow/.local/lib/python3.12/site-packages/airflow/example_dags/example_xcom.py
[2024-07-06T14:47:44.233+0000] {processor.py:830} INFO - Processing file /home/airflow/.local/lib/python3.12/site-packages/airflow/example_dags/example_xcom.py for tasks to queue
[2024-07-06T14:47:44.234+0000] {logging_mixin.py:188} INFO - [2024-07-06T14:47:44.234+0000] {dagbag.py:545} INFO - Filling up the DagBag from /home/airflow/.local/lib/python3.12/site-packages/airflow/example_dags/example_xcom.py
[2024-07-06T14:47:44.237+0000] {processor.py:840} INFO - DAG(s) 'example_xcom' retrieved from /home/airflow/.local/lib/python3.12/site-packages/airflow/example_dags/example_xcom.py
[2024-07-06T14:47:44.245+0000] {logging_mixin.py:188} INFO - [2024-07-06T14:47:44.245+0000] {dag.py:3096} INFO - Sync 1 DAGs
[2024-07-06T14:47:44.253+0000] {logging_mixin.py:188} INFO - [2024-07-06T14:47:44.253+0000] {dag.py:3954} INFO - Setting next_dagrun for example_xcom to 2021-01-01 00:00:00+00:00, run_after=2021-01-01 00:00:00+00:00
[2024-07-06T14:47:44.259+0000] {processor.py:183} INFO - Processing /home/airflow/.local/lib/python3.12/site-packages/airflow/example_dags/example_xcom.py took 0.028 seconds
[2024-07-06T14:48:14.631+0000] {processor.py:161} INFO - Started process (PID=9910) to work on /home/airflow/.local/lib/python3.12/site-packages/airflow/example_dags/example_xcom.py
[2024-07-06T14:48:14.632+0000] {processor.py:830} INFO - Processing file /home/airflow/.local/lib/python3.12/site-packages/airflow/example_dags/example_xcom.py for tasks to queue
[2024-07-06T14:48:14.632+0000] {logging_mixin.py:188} INFO - [2024-07-06T14:48:14.632+0000] {dagbag.py:545} INFO - Filling up the DagBag from /home/airflow/.local/lib/python3.12/site-packages/airflow/example_dags/example_xcom.py
[2024-07-06T14:48:14.635+0000] {processor.py:840} INFO - DAG(s) 'example_xcom' retrieved from /home/airflow/.local/lib/python3.12/site-packages/airflow/example_dags/example_xcom.py
[2024-07-06T14:48:14.644+0000] {logging_mixin.py:188} INFO - [2024-07-06T14:48:14.644+0000] {dag.py:3096} INFO - Sync 1 DAGs
[2024-07-06T14:48:14.652+0000] {logging_mixin.py:188} INFO - [2024-07-06T14:48:14.652+0000] {dag.py:3954} INFO - Setting next_dagrun for example_xcom to 2021-01-01 00:00:00+00:00, run_after=2021-01-01 00:00:00+00:00
[2024-07-06T14:48:14.661+0000] {processor.py:183} INFO - Processing /home/airflow/.local/lib/python3.12/site-packages/airflow/example_dags/example_xcom.py took 0.032 seconds
[2024-07-06T14:48:45.071+0000] {processor.py:161} INFO - Started process (PID=9968) to work on /home/airflow/.local/lib/python3.12/site-packages/airflow/example_dags/example_xcom.py
[2024-07-06T14:48:45.071+0000] {processor.py:830} INFO - Processing file /home/airflow/.local/lib/python3.12/site-packages/airflow/example_dags/example_xcom.py for tasks to queue
[2024-07-06T14:48:45.072+0000] {logging_mixin.py:188} INFO - [2024-07-06T14:48:45.072+0000] {dagbag.py:545} INFO - Filling up the DagBag from /home/airflow/.local/lib/python3.12/site-packages/airflow/example_dags/example_xcom.py
[2024-07-06T14:48:45.075+0000] {processor.py:840} INFO - DAG(s) 'example_xcom' retrieved from /home/airflow/.local/lib/python3.12/site-packages/airflow/example_dags/example_xcom.py
[2024-07-06T14:48:45.083+0000] {logging_mixin.py:188} INFO - [2024-07-06T14:48:45.083+0000] {dag.py:3096} INFO - Sync 1 DAGs
[2024-07-06T14:48:45.090+0000] {logging_mixin.py:188} INFO - [2024-07-06T14:48:45.090+0000] {dag.py:3954} INFO - Setting next_dagrun for example_xcom to 2021-01-01 00:00:00+00:00, run_after=2021-01-01 00:00:00+00:00
[2024-07-06T14:48:45.097+0000] {processor.py:183} INFO - Processing /home/airflow/.local/lib/python3.12/site-packages/airflow/example_dags/example_xcom.py took 0.029 seconds
[2024-07-06T14:49:15.344+0000] {processor.py:161} INFO - Started process (PID=10026) to work on /home/airflow/.local/lib/python3.12/site-packages/airflow/example_dags/example_xcom.py
[2024-07-06T14:49:15.344+0000] {processor.py:830} INFO - Processing file /home/airflow/.local/lib/python3.12/site-packages/airflow/example_dags/example_xcom.py for tasks to queue
[2024-07-06T14:49:15.345+0000] {logging_mixin.py:188} INFO - [2024-07-06T14:49:15.345+0000] {dagbag.py:545} INFO - Filling up the DagBag from /home/airflow/.local/lib/python3.12/site-packages/airflow/example_dags/example_xcom.py
[2024-07-06T14:49:15.348+0000] {processor.py:840} INFO - DAG(s) 'example_xcom' retrieved from /home/airflow/.local/lib/python3.12/site-packages/airflow/example_dags/example_xcom.py
[2024-07-06T14:49:15.355+0000] {logging_mixin.py:188} INFO - [2024-07-06T14:49:15.355+0000] {dag.py:3096} INFO - Sync 1 DAGs
[2024-07-06T14:49:15.362+0000] {logging_mixin.py:188} INFO - [2024-07-06T14:49:15.362+0000] {dag.py:3954} INFO - Setting next_dagrun for example_xcom to 2021-01-01 00:00:00+00:00, run_after=2021-01-01 00:00:00+00:00
[2024-07-06T14:49:15.368+0000] {processor.py:183} INFO - Processing /home/airflow/.local/lib/python3.12/site-packages/airflow/example_dags/example_xcom.py took 0.027 seconds
[2024-07-06T14:49:45.817+0000] {processor.py:161} INFO - Started process (PID=10084) to work on /home/airflow/.local/lib/python3.12/site-packages/airflow/example_dags/example_xcom.py
[2024-07-06T14:49:45.818+0000] {processor.py:830} INFO - Processing file /home/airflow/.local/lib/python3.12/site-packages/airflow/example_dags/example_xcom.py for tasks to queue
[2024-07-06T14:49:45.819+0000] {logging_mixin.py:188} INFO - [2024-07-06T14:49:45.818+0000] {dagbag.py:545} INFO - Filling up the DagBag from /home/airflow/.local/lib/python3.12/site-packages/airflow/example_dags/example_xcom.py
[2024-07-06T14:49:45.822+0000] {processor.py:840} INFO - DAG(s) 'example_xcom' retrieved from /home/airflow/.local/lib/python3.12/site-packages/airflow/example_dags/example_xcom.py
[2024-07-06T14:49:45.830+0000] {logging_mixin.py:188} INFO - [2024-07-06T14:49:45.830+0000] {dag.py:3096} INFO - Sync 1 DAGs
[2024-07-06T14:49:45.838+0000] {logging_mixin.py:188} INFO - [2024-07-06T14:49:45.838+0000] {dag.py:3954} INFO - Setting next_dagrun for example_xcom to 2021-01-01 00:00:00+00:00, run_after=2021-01-01 00:00:00+00:00
[2024-07-06T14:49:45.844+0000] {processor.py:183} INFO - Processing /home/airflow/.local/lib/python3.12/site-packages/airflow/example_dags/example_xcom.py took 0.030 seconds
[2024-07-06T14:50:16.129+0000] {processor.py:161} INFO - Started process (PID=10142) to work on /home/airflow/.local/lib/python3.12/site-packages/airflow/example_dags/example_xcom.py
[2024-07-06T14:50:16.129+0000] {processor.py:830} INFO - Processing file /home/airflow/.local/lib/python3.12/site-packages/airflow/example_dags/example_xcom.py for tasks to queue
[2024-07-06T14:50:16.130+0000] {logging_mixin.py:188} INFO - [2024-07-06T14:50:16.130+0000] {dagbag.py:545} INFO - Filling up the DagBag from /home/airflow/.local/lib/python3.12/site-packages/airflow/example_dags/example_xcom.py
[2024-07-06T14:50:16.133+0000] {processor.py:840} INFO - DAG(s) 'example_xcom' retrieved from /home/airflow/.local/lib/python3.12/site-packages/airflow/example_dags/example_xcom.py
[2024-07-06T14:50:16.141+0000] {logging_mixin.py:188} INFO - [2024-07-06T14:50:16.141+0000] {dag.py:3096} INFO - Sync 1 DAGs
[2024-07-06T14:50:16.148+0000] {logging_mixin.py:188} INFO - [2024-07-06T14:50:16.148+0000] {dag.py:3954} INFO - Setting next_dagrun for example_xcom to 2021-01-01 00:00:00+00:00, run_after=2021-01-01 00:00:00+00:00
[2024-07-06T14:50:16.154+0000] {processor.py:183} INFO - Processing /home/airflow/.local/lib/python3.12/site-packages/airflow/example_dags/example_xcom.py took 0.027 seconds
[2024-07-06T14:50:46.486+0000] {processor.py:161} INFO - Started process (PID=10200) to work on /home/airflow/.local/lib/python3.12/site-packages/airflow/example_dags/example_xcom.py
[2024-07-06T14:50:46.486+0000] {processor.py:830} INFO - Processing file /home/airflow/.local/lib/python3.12/site-packages/airflow/example_dags/example_xcom.py for tasks to queue
[2024-07-06T14:50:46.487+0000] {logging_mixin.py:188} INFO - [2024-07-06T14:50:46.487+0000] {dagbag.py:545} INFO - Filling up the DagBag from /home/airflow/.local/lib/python3.12/site-packages/airflow/example_dags/example_xcom.py
[2024-07-06T14:50:46.490+0000] {processor.py:840} INFO - DAG(s) 'example_xcom' retrieved from /home/airflow/.local/lib/python3.12/site-packages/airflow/example_dags/example_xcom.py
[2024-07-06T14:50:46.498+0000] {logging_mixin.py:188} INFO - [2024-07-06T14:50:46.498+0000] {dag.py:3096} INFO - Sync 1 DAGs
[2024-07-06T14:50:46.506+0000] {logging_mixin.py:188} INFO - [2024-07-06T14:50:46.506+0000] {dag.py:3954} INFO - Setting next_dagrun for example_xcom to 2021-01-01 00:00:00+00:00, run_after=2021-01-01 00:00:00+00:00
[2024-07-06T14:50:46.512+0000] {processor.py:183} INFO - Processing /home/airflow/.local/lib/python3.12/site-packages/airflow/example_dags/example_xcom.py took 0.029 seconds
[2024-07-06T14:51:16.837+0000] {processor.py:161} INFO - Started process (PID=10258) to work on /home/airflow/.local/lib/python3.12/site-packages/airflow/example_dags/example_xcom.py
[2024-07-06T14:51:16.838+0000] {processor.py:830} INFO - Processing file /home/airflow/.local/lib/python3.12/site-packages/airflow/example_dags/example_xcom.py for tasks to queue
[2024-07-06T14:51:16.839+0000] {logging_mixin.py:188} INFO - [2024-07-06T14:51:16.838+0000] {dagbag.py:545} INFO - Filling up the DagBag from /home/airflow/.local/lib/python3.12/site-packages/airflow/example_dags/example_xcom.py
[2024-07-06T14:51:16.842+0000] {processor.py:840} INFO - DAG(s) 'example_xcom' retrieved from /home/airflow/.local/lib/python3.12/site-packages/airflow/example_dags/example_xcom.py
[2024-07-06T14:51:16.850+0000] {logging_mixin.py:188} INFO - [2024-07-06T14:51:16.850+0000] {dag.py:3096} INFO - Sync 1 DAGs
[2024-07-06T14:51:16.858+0000] {logging_mixin.py:188} INFO - [2024-07-06T14:51:16.858+0000] {dag.py:3954} INFO - Setting next_dagrun for example_xcom to 2021-01-01 00:00:00+00:00, run_after=2021-01-01 00:00:00+00:00
[2024-07-06T14:51:16.865+0000] {processor.py:183} INFO - Processing /home/airflow/.local/lib/python3.12/site-packages/airflow/example_dags/example_xcom.py took 0.030 seconds
[2024-07-06T14:51:47.194+0000] {processor.py:161} INFO - Started process (PID=10316) to work on /home/airflow/.local/lib/python3.12/site-packages/airflow/example_dags/example_xcom.py
[2024-07-06T14:51:47.194+0000] {processor.py:830} INFO - Processing file /home/airflow/.local/lib/python3.12/site-packages/airflow/example_dags/example_xcom.py for tasks to queue
[2024-07-06T14:51:47.195+0000] {logging_mixin.py:188} INFO - [2024-07-06T14:51:47.195+0000] {dagbag.py:545} INFO - Filling up the DagBag from /home/airflow/.local/lib/python3.12/site-packages/airflow/example_dags/example_xcom.py
[2024-07-06T14:51:47.198+0000] {processor.py:840} INFO - DAG(s) 'example_xcom' retrieved from /home/airflow/.local/lib/python3.12/site-packages/airflow/example_dags/example_xcom.py
[2024-07-06T14:51:47.206+0000] {logging_mixin.py:188} INFO - [2024-07-06T14:51:47.206+0000] {dag.py:3096} INFO - Sync 1 DAGs
[2024-07-06T14:51:47.215+0000] {logging_mixin.py:188} INFO - [2024-07-06T14:51:47.215+0000] {dag.py:3954} INFO - Setting next_dagrun for example_xcom to 2021-01-01 00:00:00+00:00, run_after=2021-01-01 00:00:00+00:00
[2024-07-06T14:51:47.223+0000] {processor.py:183} INFO - Processing /home/airflow/.local/lib/python3.12/site-packages/airflow/example_dags/example_xcom.py took 0.032 seconds
[2024-07-06T14:52:17.641+0000] {processor.py:161} INFO - Started process (PID=10374) to work on /home/airflow/.local/lib/python3.12/site-packages/airflow/example_dags/example_xcom.py
[2024-07-06T14:52:17.641+0000] {processor.py:830} INFO - Processing file /home/airflow/.local/lib/python3.12/site-packages/airflow/example_dags/example_xcom.py for tasks to queue
[2024-07-06T14:52:17.642+0000] {logging_mixin.py:188} INFO - [2024-07-06T14:52:17.642+0000] {dagbag.py:545} INFO - Filling up the DagBag from /home/airflow/.local/lib/python3.12/site-packages/airflow/example_dags/example_xcom.py
[2024-07-06T14:52:17.645+0000] {processor.py:840} INFO - DAG(s) 'example_xcom' retrieved from /home/airflow/.local/lib/python3.12/site-packages/airflow/example_dags/example_xcom.py
[2024-07-06T14:52:17.653+0000] {logging_mixin.py:188} INFO - [2024-07-06T14:52:17.653+0000] {dag.py:3096} INFO - Sync 1 DAGs
[2024-07-06T14:52:17.661+0000] {logging_mixin.py:188} INFO - [2024-07-06T14:52:17.661+0000] {dag.py:3954} INFO - Setting next_dagrun for example_xcom to 2021-01-01 00:00:00+00:00, run_after=2021-01-01 00:00:00+00:00
[2024-07-06T14:52:17.668+0000] {processor.py:183} INFO - Processing /home/airflow/.local/lib/python3.12/site-packages/airflow/example_dags/example_xcom.py took 0.029 seconds
[2024-07-06T14:52:48.022+0000] {processor.py:161} INFO - Started process (PID=10432) to work on /home/airflow/.local/lib/python3.12/site-packages/airflow/example_dags/example_xcom.py
[2024-07-06T14:52:48.022+0000] {processor.py:830} INFO - Processing file /home/airflow/.local/lib/python3.12/site-packages/airflow/example_dags/example_xcom.py for tasks to queue
[2024-07-06T14:52:48.023+0000] {logging_mixin.py:188} INFO - [2024-07-06T14:52:48.023+0000] {dagbag.py:545} INFO - Filling up the DagBag from /home/airflow/.local/lib/python3.12/site-packages/airflow/example_dags/example_xcom.py
[2024-07-06T14:52:48.026+0000] {processor.py:840} INFO - DAG(s) 'example_xcom' retrieved from /home/airflow/.local/lib/python3.12/site-packages/airflow/example_dags/example_xcom.py
[2024-07-06T14:52:48.034+0000] {logging_mixin.py:188} INFO - [2024-07-06T14:52:48.034+0000] {dag.py:3096} INFO - Sync 1 DAGs
[2024-07-06T14:52:48.042+0000] {logging_mixin.py:188} INFO - [2024-07-06T14:52:48.042+0000] {dag.py:3954} INFO - Setting next_dagrun for example_xcom to 2021-01-01 00:00:00+00:00, run_after=2021-01-01 00:00:00+00:00
[2024-07-06T14:52:48.048+0000] {processor.py:183} INFO - Processing /home/airflow/.local/lib/python3.12/site-packages/airflow/example_dags/example_xcom.py took 0.029 seconds
[2024-07-06T14:53:18.391+0000] {processor.py:161} INFO - Started process (PID=10490) to work on /home/airflow/.local/lib/python3.12/site-packages/airflow/example_dags/example_xcom.py
[2024-07-06T14:53:18.392+0000] {processor.py:830} INFO - Processing file /home/airflow/.local/lib/python3.12/site-packages/airflow/example_dags/example_xcom.py for tasks to queue
[2024-07-06T14:53:18.393+0000] {logging_mixin.py:188} INFO - [2024-07-06T14:53:18.393+0000] {dagbag.py:545} INFO - Filling up the DagBag from /home/airflow/.local/lib/python3.12/site-packages/airflow/example_dags/example_xcom.py
[2024-07-06T14:53:18.396+0000] {processor.py:840} INFO - DAG(s) 'example_xcom' retrieved from /home/airflow/.local/lib/python3.12/site-packages/airflow/example_dags/example_xcom.py
[2024-07-06T14:53:18.404+0000] {logging_mixin.py:188} INFO - [2024-07-06T14:53:18.403+0000] {dag.py:3096} INFO - Sync 1 DAGs
[2024-07-06T14:53:18.412+0000] {logging_mixin.py:188} INFO - [2024-07-06T14:53:18.412+0000] {dag.py:3954} INFO - Setting next_dagrun for example_xcom to 2021-01-01 00:00:00+00:00, run_after=2021-01-01 00:00:00+00:00
[2024-07-06T14:53:18.418+0000] {processor.py:183} INFO - Processing /home/airflow/.local/lib/python3.12/site-packages/airflow/example_dags/example_xcom.py took 0.029 seconds
[2024-07-06T14:53:48.740+0000] {processor.py:161} INFO - Started process (PID=10548) to work on /home/airflow/.local/lib/python3.12/site-packages/airflow/example_dags/example_xcom.py
[2024-07-06T14:53:48.740+0000] {processor.py:830} INFO - Processing file /home/airflow/.local/lib/python3.12/site-packages/airflow/example_dags/example_xcom.py for tasks to queue
[2024-07-06T14:53:48.741+0000] {logging_mixin.py:188} INFO - [2024-07-06T14:53:48.741+0000] {dagbag.py:545} INFO - Filling up the DagBag from /home/airflow/.local/lib/python3.12/site-packages/airflow/example_dags/example_xcom.py
[2024-07-06T14:53:48.744+0000] {processor.py:840} INFO - DAG(s) 'example_xcom' retrieved from /home/airflow/.local/lib/python3.12/site-packages/airflow/example_dags/example_xcom.py
[2024-07-06T14:53:48.752+0000] {logging_mixin.py:188} INFO - [2024-07-06T14:53:48.752+0000] {dag.py:3096} INFO - Sync 1 DAGs
[2024-07-06T14:53:48.760+0000] {logging_mixin.py:188} INFO - [2024-07-06T14:53:48.760+0000] {dag.py:3954} INFO - Setting next_dagrun for example_xcom to 2021-01-01 00:00:00+00:00, run_after=2021-01-01 00:00:00+00:00
[2024-07-06T14:53:48.767+0000] {processor.py:183} INFO - Processing /home/airflow/.local/lib/python3.12/site-packages/airflow/example_dags/example_xcom.py took 0.029 seconds
[2024-07-06T14:54:19.030+0000] {processor.py:161} INFO - Started process (PID=10606) to work on /home/airflow/.local/lib/python3.12/site-packages/airflow/example_dags/example_xcom.py
[2024-07-06T14:54:19.030+0000] {processor.py:830} INFO - Processing file /home/airflow/.local/lib/python3.12/site-packages/airflow/example_dags/example_xcom.py for tasks to queue
[2024-07-06T14:54:19.031+0000] {logging_mixin.py:188} INFO - [2024-07-06T14:54:19.031+0000] {dagbag.py:545} INFO - Filling up the DagBag from /home/airflow/.local/lib/python3.12/site-packages/airflow/example_dags/example_xcom.py
[2024-07-06T14:54:19.034+0000] {processor.py:840} INFO - DAG(s) 'example_xcom' retrieved from /home/airflow/.local/lib/python3.12/site-packages/airflow/example_dags/example_xcom.py
[2024-07-06T14:54:19.042+0000] {logging_mixin.py:188} INFO - [2024-07-06T14:54:19.042+0000] {dag.py:3096} INFO - Sync 1 DAGs
[2024-07-06T14:54:19.050+0000] {logging_mixin.py:188} INFO - [2024-07-06T14:54:19.050+0000] {dag.py:3954} INFO - Setting next_dagrun for example_xcom to 2021-01-01 00:00:00+00:00, run_after=2021-01-01 00:00:00+00:00
[2024-07-06T14:54:19.055+0000] {processor.py:183} INFO - Processing /home/airflow/.local/lib/python3.12/site-packages/airflow/example_dags/example_xcom.py took 0.028 seconds
[2024-07-06T14:54:49.381+0000] {processor.py:161} INFO - Started process (PID=10663) to work on /home/airflow/.local/lib/python3.12/site-packages/airflow/example_dags/example_xcom.py
[2024-07-06T14:54:49.382+0000] {processor.py:830} INFO - Processing file /home/airflow/.local/lib/python3.12/site-packages/airflow/example_dags/example_xcom.py for tasks to queue
[2024-07-06T14:54:49.382+0000] {logging_mixin.py:188} INFO - [2024-07-06T14:54:49.382+0000] {dagbag.py:545} INFO - Filling up the DagBag from /home/airflow/.local/lib/python3.12/site-packages/airflow/example_dags/example_xcom.py
[2024-07-06T14:54:49.385+0000] {processor.py:840} INFO - DAG(s) 'example_xcom' retrieved from /home/airflow/.local/lib/python3.12/site-packages/airflow/example_dags/example_xcom.py
[2024-07-06T14:54:49.393+0000] {logging_mixin.py:188} INFO - [2024-07-06T14:54:49.393+0000] {dag.py:3096} INFO - Sync 1 DAGs
[2024-07-06T14:54:49.400+0000] {logging_mixin.py:188} INFO - [2024-07-06T14:54:49.400+0000] {dag.py:3954} INFO - Setting next_dagrun for example_xcom to 2021-01-01 00:00:00+00:00, run_after=2021-01-01 00:00:00+00:00
[2024-07-06T14:54:49.406+0000] {processor.py:183} INFO - Processing /home/airflow/.local/lib/python3.12/site-packages/airflow/example_dags/example_xcom.py took 0.027 seconds
[2024-07-06T14:55:19.839+0000] {processor.py:161} INFO - Started process (PID=10721) to work on /home/airflow/.local/lib/python3.12/site-packages/airflow/example_dags/example_xcom.py
[2024-07-06T14:55:19.839+0000] {processor.py:830} INFO - Processing file /home/airflow/.local/lib/python3.12/site-packages/airflow/example_dags/example_xcom.py for tasks to queue
[2024-07-06T14:55:19.840+0000] {logging_mixin.py:188} INFO - [2024-07-06T14:55:19.840+0000] {dagbag.py:545} INFO - Filling up the DagBag from /home/airflow/.local/lib/python3.12/site-packages/airflow/example_dags/example_xcom.py
[2024-07-06T14:55:19.843+0000] {processor.py:840} INFO - DAG(s) 'example_xcom' retrieved from /home/airflow/.local/lib/python3.12/site-packages/airflow/example_dags/example_xcom.py
[2024-07-06T14:55:19.853+0000] {logging_mixin.py:188} INFO - [2024-07-06T14:55:19.853+0000] {dag.py:3096} INFO - Sync 1 DAGs
[2024-07-06T14:55:19.863+0000] {logging_mixin.py:188} INFO - [2024-07-06T14:55:19.863+0000] {dag.py:3954} INFO - Setting next_dagrun for example_xcom to 2021-01-01 00:00:00+00:00, run_after=2021-01-01 00:00:00+00:00
[2024-07-06T14:55:19.871+0000] {processor.py:183} INFO - Processing /home/airflow/.local/lib/python3.12/site-packages/airflow/example_dags/example_xcom.py took 0.035 seconds
[2024-07-06T14:55:50.239+0000] {processor.py:161} INFO - Started process (PID=10779) to work on /home/airflow/.local/lib/python3.12/site-packages/airflow/example_dags/example_xcom.py
[2024-07-06T14:55:50.239+0000] {processor.py:830} INFO - Processing file /home/airflow/.local/lib/python3.12/site-packages/airflow/example_dags/example_xcom.py for tasks to queue
[2024-07-06T14:55:50.240+0000] {logging_mixin.py:188} INFO - [2024-07-06T14:55:50.239+0000] {dagbag.py:545} INFO - Filling up the DagBag from /home/airflow/.local/lib/python3.12/site-packages/airflow/example_dags/example_xcom.py
[2024-07-06T14:55:50.243+0000] {processor.py:840} INFO - DAG(s) 'example_xcom' retrieved from /home/airflow/.local/lib/python3.12/site-packages/airflow/example_dags/example_xcom.py
[2024-07-06T14:55:50.251+0000] {logging_mixin.py:188} INFO - [2024-07-06T14:55:50.251+0000] {dag.py:3096} INFO - Sync 1 DAGs
[2024-07-06T14:55:50.258+0000] {logging_mixin.py:188} INFO - [2024-07-06T14:55:50.258+0000] {dag.py:3954} INFO - Setting next_dagrun for example_xcom to 2021-01-01 00:00:00+00:00, run_after=2021-01-01 00:00:00+00:00
[2024-07-06T14:55:50.264+0000] {processor.py:183} INFO - Processing /home/airflow/.local/lib/python3.12/site-packages/airflow/example_dags/example_xcom.py took 0.028 seconds
[2024-07-06T14:56:20.653+0000] {processor.py:161} INFO - Started process (PID=10837) to work on /home/airflow/.local/lib/python3.12/site-packages/airflow/example_dags/example_xcom.py
[2024-07-06T14:56:20.654+0000] {processor.py:830} INFO - Processing file /home/airflow/.local/lib/python3.12/site-packages/airflow/example_dags/example_xcom.py for tasks to queue
[2024-07-06T14:56:20.654+0000] {logging_mixin.py:188} INFO - [2024-07-06T14:56:20.654+0000] {dagbag.py:545} INFO - Filling up the DagBag from /home/airflow/.local/lib/python3.12/site-packages/airflow/example_dags/example_xcom.py
[2024-07-06T14:56:20.657+0000] {processor.py:840} INFO - DAG(s) 'example_xcom' retrieved from /home/airflow/.local/lib/python3.12/site-packages/airflow/example_dags/example_xcom.py
[2024-07-06T14:56:20.665+0000] {logging_mixin.py:188} INFO - [2024-07-06T14:56:20.665+0000] {dag.py:3096} INFO - Sync 1 DAGs
[2024-07-06T14:56:20.673+0000] {logging_mixin.py:188} INFO - [2024-07-06T14:56:20.673+0000] {dag.py:3954} INFO - Setting next_dagrun for example_xcom to 2021-01-01 00:00:00+00:00, run_after=2021-01-01 00:00:00+00:00
[2024-07-06T14:56:20.679+0000] {processor.py:183} INFO - Processing /home/airflow/.local/lib/python3.12/site-packages/airflow/example_dags/example_xcom.py took 0.028 seconds
[2024-07-06T14:56:51.015+0000] {processor.py:161} INFO - Started process (PID=10895) to work on /home/airflow/.local/lib/python3.12/site-packages/airflow/example_dags/example_xcom.py
[2024-07-06T14:56:51.015+0000] {processor.py:830} INFO - Processing file /home/airflow/.local/lib/python3.12/site-packages/airflow/example_dags/example_xcom.py for tasks to queue
[2024-07-06T14:56:51.016+0000] {logging_mixin.py:188} INFO - [2024-07-06T14:56:51.016+0000] {dagbag.py:545} INFO - Filling up the DagBag from /home/airflow/.local/lib/python3.12/site-packages/airflow/example_dags/example_xcom.py
[2024-07-06T14:56:51.019+0000] {processor.py:840} INFO - DAG(s) 'example_xcom' retrieved from /home/airflow/.local/lib/python3.12/site-packages/airflow/example_dags/example_xcom.py
[2024-07-06T14:56:51.027+0000] {logging_mixin.py:188} INFO - [2024-07-06T14:56:51.027+0000] {dag.py:3096} INFO - Sync 1 DAGs
[2024-07-06T14:56:51.035+0000] {logging_mixin.py:188} INFO - [2024-07-06T14:56:51.035+0000] {dag.py:3954} INFO - Setting next_dagrun for example_xcom to 2021-01-01 00:00:00+00:00, run_after=2021-01-01 00:00:00+00:00
[2024-07-06T14:56:51.041+0000] {processor.py:183} INFO - Processing /home/airflow/.local/lib/python3.12/site-packages/airflow/example_dags/example_xcom.py took 0.029 seconds
[2024-07-06T14:57:21.350+0000] {processor.py:161} INFO - Started process (PID=10953) to work on /home/airflow/.local/lib/python3.12/site-packages/airflow/example_dags/example_xcom.py
[2024-07-06T14:57:21.351+0000] {processor.py:830} INFO - Processing file /home/airflow/.local/lib/python3.12/site-packages/airflow/example_dags/example_xcom.py for tasks to queue
[2024-07-06T14:57:21.352+0000] {logging_mixin.py:188} INFO - [2024-07-06T14:57:21.352+0000] {dagbag.py:545} INFO - Filling up the DagBag from /home/airflow/.local/lib/python3.12/site-packages/airflow/example_dags/example_xcom.py
[2024-07-06T14:57:21.355+0000] {processor.py:840} INFO - DAG(s) 'example_xcom' retrieved from /home/airflow/.local/lib/python3.12/site-packages/airflow/example_dags/example_xcom.py
[2024-07-06T14:57:21.363+0000] {logging_mixin.py:188} INFO - [2024-07-06T14:57:21.363+0000] {dag.py:3096} INFO - Sync 1 DAGs
[2024-07-06T14:57:21.371+0000] {logging_mixin.py:188} INFO - [2024-07-06T14:57:21.371+0000] {dag.py:3954} INFO - Setting next_dagrun for example_xcom to 2021-01-01 00:00:00+00:00, run_after=2021-01-01 00:00:00+00:00
[2024-07-06T14:57:21.377+0000] {processor.py:183} INFO - Processing /home/airflow/.local/lib/python3.12/site-packages/airflow/example_dags/example_xcom.py took 0.029 seconds
[2024-07-06T14:57:51.714+0000] {processor.py:161} INFO - Started process (PID=11011) to work on /home/airflow/.local/lib/python3.12/site-packages/airflow/example_dags/example_xcom.py
[2024-07-06T14:57:51.714+0000] {processor.py:830} INFO - Processing file /home/airflow/.local/lib/python3.12/site-packages/airflow/example_dags/example_xcom.py for tasks to queue
[2024-07-06T14:57:51.715+0000] {logging_mixin.py:188} INFO - [2024-07-06T14:57:51.715+0000] {dagbag.py:545} INFO - Filling up the DagBag from /home/airflow/.local/lib/python3.12/site-packages/airflow/example_dags/example_xcom.py
[2024-07-06T14:57:51.718+0000] {processor.py:840} INFO - DAG(s) 'example_xcom' retrieved from /home/airflow/.local/lib/python3.12/site-packages/airflow/example_dags/example_xcom.py
[2024-07-06T14:57:51.726+0000] {logging_mixin.py:188} INFO - [2024-07-06T14:57:51.726+0000] {dag.py:3096} INFO - Sync 1 DAGs
[2024-07-06T14:57:51.734+0000] {logging_mixin.py:188} INFO - [2024-07-06T14:57:51.734+0000] {dag.py:3954} INFO - Setting next_dagrun for example_xcom to 2021-01-01 00:00:00+00:00, run_after=2021-01-01 00:00:00+00:00
[2024-07-06T14:57:51.741+0000] {processor.py:183} INFO - Processing /home/airflow/.local/lib/python3.12/site-packages/airflow/example_dags/example_xcom.py took 0.030 seconds
[2024-07-06T14:58:22.189+0000] {processor.py:161} INFO - Started process (PID=11069) to work on /home/airflow/.local/lib/python3.12/site-packages/airflow/example_dags/example_xcom.py
[2024-07-06T14:58:22.189+0000] {processor.py:830} INFO - Processing file /home/airflow/.local/lib/python3.12/site-packages/airflow/example_dags/example_xcom.py for tasks to queue
[2024-07-06T14:58:22.189+0000] {logging_mixin.py:188} INFO - [2024-07-06T14:58:22.189+0000] {dagbag.py:545} INFO - Filling up the DagBag from /home/airflow/.local/lib/python3.12/site-packages/airflow/example_dags/example_xcom.py
[2024-07-06T14:58:22.192+0000] {processor.py:840} INFO - DAG(s) 'example_xcom' retrieved from /home/airflow/.local/lib/python3.12/site-packages/airflow/example_dags/example_xcom.py
[2024-07-06T14:58:22.201+0000] {logging_mixin.py:188} INFO - [2024-07-06T14:58:22.201+0000] {dag.py:3096} INFO - Sync 1 DAGs
[2024-07-06T14:58:22.208+0000] {logging_mixin.py:188} INFO - [2024-07-06T14:58:22.208+0000] {dag.py:3954} INFO - Setting next_dagrun for example_xcom to 2021-01-01 00:00:00+00:00, run_after=2021-01-01 00:00:00+00:00
[2024-07-06T14:58:22.214+0000] {processor.py:183} INFO - Processing /home/airflow/.local/lib/python3.12/site-packages/airflow/example_dags/example_xcom.py took 0.028 seconds
[2024-07-06T14:58:52.681+0000] {processor.py:161} INFO - Started process (PID=11127) to work on /home/airflow/.local/lib/python3.12/site-packages/airflow/example_dags/example_xcom.py
[2024-07-06T14:58:52.681+0000] {processor.py:830} INFO - Processing file /home/airflow/.local/lib/python3.12/site-packages/airflow/example_dags/example_xcom.py for tasks to queue
[2024-07-06T14:58:52.682+0000] {logging_mixin.py:188} INFO - [2024-07-06T14:58:52.682+0000] {dagbag.py:545} INFO - Filling up the DagBag from /home/airflow/.local/lib/python3.12/site-packages/airflow/example_dags/example_xcom.py
[2024-07-06T14:58:52.685+0000] {processor.py:840} INFO - DAG(s) 'example_xcom' retrieved from /home/airflow/.local/lib/python3.12/site-packages/airflow/example_dags/example_xcom.py
[2024-07-06T14:58:52.693+0000] {logging_mixin.py:188} INFO - [2024-07-06T14:58:52.693+0000] {dag.py:3096} INFO - Sync 1 DAGs
[2024-07-06T14:58:52.700+0000] {logging_mixin.py:188} INFO - [2024-07-06T14:58:52.700+0000] {dag.py:3954} INFO - Setting next_dagrun for example_xcom to 2021-01-01 00:00:00+00:00, run_after=2021-01-01 00:00:00+00:00
[2024-07-06T14:58:52.707+0000] {processor.py:183} INFO - Processing /home/airflow/.local/lib/python3.12/site-packages/airflow/example_dags/example_xcom.py took 0.028 seconds
[2024-07-06T14:59:23.329+0000] {processor.py:161} INFO - Started process (PID=11185) to work on /home/airflow/.local/lib/python3.12/site-packages/airflow/example_dags/example_xcom.py
[2024-07-06T14:59:23.329+0000] {processor.py:830} INFO - Processing file /home/airflow/.local/lib/python3.12/site-packages/airflow/example_dags/example_xcom.py for tasks to queue
[2024-07-06T14:59:23.330+0000] {logging_mixin.py:188} INFO - [2024-07-06T14:59:23.330+0000] {dagbag.py:545} INFO - Filling up the DagBag from /home/airflow/.local/lib/python3.12/site-packages/airflow/example_dags/example_xcom.py
[2024-07-06T14:59:23.334+0000] {processor.py:840} INFO - DAG(s) 'example_xcom' retrieved from /home/airflow/.local/lib/python3.12/site-packages/airflow/example_dags/example_xcom.py
[2024-07-06T14:59:23.344+0000] {logging_mixin.py:188} INFO - [2024-07-06T14:59:23.344+0000] {dag.py:3096} INFO - Sync 1 DAGs
[2024-07-06T14:59:23.352+0000] {logging_mixin.py:188} INFO - [2024-07-06T14:59:23.352+0000] {dag.py:3954} INFO - Setting next_dagrun for example_xcom to 2021-01-01 00:00:00+00:00, run_after=2021-01-01 00:00:00+00:00
[2024-07-06T14:59:23.359+0000] {processor.py:183} INFO - Processing /home/airflow/.local/lib/python3.12/site-packages/airflow/example_dags/example_xcom.py took 0.032 seconds
[2024-07-06T14:59:53.985+0000] {processor.py:161} INFO - Started process (PID=11243) to work on /home/airflow/.local/lib/python3.12/site-packages/airflow/example_dags/example_xcom.py
[2024-07-06T14:59:53.985+0000] {processor.py:830} INFO - Processing file /home/airflow/.local/lib/python3.12/site-packages/airflow/example_dags/example_xcom.py for tasks to queue
[2024-07-06T14:59:53.986+0000] {logging_mixin.py:188} INFO - [2024-07-06T14:59:53.986+0000] {dagbag.py:545} INFO - Filling up the DagBag from /home/airflow/.local/lib/python3.12/site-packages/airflow/example_dags/example_xcom.py
[2024-07-06T14:59:53.990+0000] {processor.py:840} INFO - DAG(s) 'example_xcom' retrieved from /home/airflow/.local/lib/python3.12/site-packages/airflow/example_dags/example_xcom.py
[2024-07-06T14:59:54.001+0000] {logging_mixin.py:188} INFO - [2024-07-06T14:59:54.001+0000] {dag.py:3096} INFO - Sync 1 DAGs
[2024-07-06T14:59:54.010+0000] {logging_mixin.py:188} INFO - [2024-07-06T14:59:54.010+0000] {dag.py:3954} INFO - Setting next_dagrun for example_xcom to 2021-01-01 00:00:00+00:00, run_after=2021-01-01 00:00:00+00:00
[2024-07-06T14:59:54.016+0000] {processor.py:183} INFO - Processing /home/airflow/.local/lib/python3.12/site-packages/airflow/example_dags/example_xcom.py took 0.034 seconds
[2024-07-06T15:00:24.430+0000] {processor.py:161} INFO - Started process (PID=11301) to work on /home/airflow/.local/lib/python3.12/site-packages/airflow/example_dags/example_xcom.py
[2024-07-06T15:00:24.431+0000] {processor.py:830} INFO - Processing file /home/airflow/.local/lib/python3.12/site-packages/airflow/example_dags/example_xcom.py for tasks to queue
[2024-07-06T15:00:24.431+0000] {logging_mixin.py:188} INFO - [2024-07-06T15:00:24.431+0000] {dagbag.py:545} INFO - Filling up the DagBag from /home/airflow/.local/lib/python3.12/site-packages/airflow/example_dags/example_xcom.py
[2024-07-06T15:00:24.434+0000] {processor.py:840} INFO - DAG(s) 'example_xcom' retrieved from /home/airflow/.local/lib/python3.12/site-packages/airflow/example_dags/example_xcom.py
[2024-07-06T15:00:24.442+0000] {logging_mixin.py:188} INFO - [2024-07-06T15:00:24.442+0000] {dag.py:3096} INFO - Sync 1 DAGs
[2024-07-06T15:00:24.450+0000] {logging_mixin.py:188} INFO - [2024-07-06T15:00:24.450+0000] {dag.py:3954} INFO - Setting next_dagrun for example_xcom to 2021-01-01 00:00:00+00:00, run_after=2021-01-01 00:00:00+00:00
[2024-07-06T15:00:24.457+0000] {processor.py:183} INFO - Processing /home/airflow/.local/lib/python3.12/site-packages/airflow/example_dags/example_xcom.py took 0.029 seconds
