[2024-07-06T00:02:22.204+0000] {processor.py:161} INFO - Started process (PID=8207) to work on /home/airflow/.local/lib/python3.12/site-packages/airflow/example_dags/example_short_circuit_operator.py
[2024-07-06T00:02:22.204+0000] {processor.py:830} INFO - Processing file /home/airflow/.local/lib/python3.12/site-packages/airflow/example_dags/example_short_circuit_operator.py for tasks to queue
[2024-07-06T00:02:22.205+0000] {logging_mixin.py:188} INFO - [2024-07-06T00:02:22.205+0000] {dagbag.py:545} INFO - Filling up the DagBag from /home/airflow/.local/lib/python3.12/site-packages/airflow/example_dags/example_short_circuit_operator.py
[2024-07-06T00:02:22.208+0000] {processor.py:840} INFO - DAG(s) 'example_short_circuit_operator' retrieved from /home/airflow/.local/lib/python3.12/site-packages/airflow/example_dags/example_short_circuit_operator.py
[2024-07-06T00:02:22.217+0000] {logging_mixin.py:188} INFO - [2024-07-06T00:02:22.217+0000] {dag.py:3096} INFO - Sync 1 DAGs
[2024-07-06T00:02:22.225+0000] {logging_mixin.py:188} INFO - [2024-07-06T00:02:22.225+0000] {dag.py:3954} INFO - Setting next_dagrun for example_short_circuit_operator to 2024-07-05 00:00:00+00:00, run_after=2024-07-06 00:00:00+00:00
[2024-07-06T00:02:22.231+0000] {processor.py:183} INFO - Processing /home/airflow/.local/lib/python3.12/site-packages/airflow/example_dags/example_short_circuit_operator.py took 0.030 seconds
[2024-07-06T01:03:22.550+0000] {processor.py:161} INFO - Started process (PID=8265) to work on /home/airflow/.local/lib/python3.12/site-packages/airflow/example_dags/example_short_circuit_operator.py
[2024-07-06T01:03:22.550+0000] {processor.py:830} INFO - Processing file /home/airflow/.local/lib/python3.12/site-packages/airflow/example_dags/example_short_circuit_operator.py for tasks to queue
[2024-07-06T01:03:22.551+0000] {logging_mixin.py:188} INFO - [2024-07-06T01:03:22.551+0000] {dagbag.py:545} INFO - Filling up the DagBag from /home/airflow/.local/lib/python3.12/site-packages/airflow/example_dags/example_short_circuit_operator.py
[2024-07-06T01:03:22.554+0000] {processor.py:840} INFO - DAG(s) 'example_short_circuit_operator' retrieved from /home/airflow/.local/lib/python3.12/site-packages/airflow/example_dags/example_short_circuit_operator.py
[2024-07-06T01:03:22.563+0000] {logging_mixin.py:188} INFO - [2024-07-06T01:03:22.563+0000] {dag.py:3096} INFO - Sync 1 DAGs
[2024-07-06T01:03:22.571+0000] {logging_mixin.py:188} INFO - [2024-07-06T01:03:22.571+0000] {dag.py:3954} INFO - Setting next_dagrun for example_short_circuit_operator to 2024-07-05 00:00:00+00:00, run_after=2024-07-06 00:00:00+00:00
[2024-07-06T01:03:22.577+0000] {processor.py:183} INFO - Processing /home/airflow/.local/lib/python3.12/site-packages/airflow/example_dags/example_short_circuit_operator.py took 0.030 seconds
[2024-07-06T02:04:18.052+0000] {processor.py:161} INFO - Started process (PID=8323) to work on /home/airflow/.local/lib/python3.12/site-packages/airflow/example_dags/example_short_circuit_operator.py
[2024-07-06T02:04:18.052+0000] {processor.py:830} INFO - Processing file /home/airflow/.local/lib/python3.12/site-packages/airflow/example_dags/example_short_circuit_operator.py for tasks to queue
[2024-07-06T02:04:18.053+0000] {logging_mixin.py:188} INFO - [2024-07-06T02:04:18.053+0000] {dagbag.py:545} INFO - Filling up the DagBag from /home/airflow/.local/lib/python3.12/site-packages/airflow/example_dags/example_short_circuit_operator.py
[2024-07-06T02:04:18.056+0000] {processor.py:840} INFO - DAG(s) 'example_short_circuit_operator' retrieved from /home/airflow/.local/lib/python3.12/site-packages/airflow/example_dags/example_short_circuit_operator.py
[2024-07-06T02:04:18.065+0000] {logging_mixin.py:188} INFO - [2024-07-06T02:04:18.065+0000] {dag.py:3096} INFO - Sync 1 DAGs
[2024-07-06T02:04:18.074+0000] {logging_mixin.py:188} INFO - [2024-07-06T02:04:18.074+0000] {dag.py:3954} INFO - Setting next_dagrun for example_short_circuit_operator to 2024-07-05 00:00:00+00:00, run_after=2024-07-06 00:00:00+00:00
[2024-07-06T02:04:18.081+0000] {processor.py:183} INFO - Processing /home/airflow/.local/lib/python3.12/site-packages/airflow/example_dags/example_short_circuit_operator.py took 0.032 seconds
[2024-07-06T03:05:22.145+0000] {processor.py:161} INFO - Started process (PID=8381) to work on /home/airflow/.local/lib/python3.12/site-packages/airflow/example_dags/example_short_circuit_operator.py
[2024-07-06T03:05:22.145+0000] {processor.py:830} INFO - Processing file /home/airflow/.local/lib/python3.12/site-packages/airflow/example_dags/example_short_circuit_operator.py for tasks to queue
[2024-07-06T03:05:22.146+0000] {logging_mixin.py:188} INFO - [2024-07-06T03:05:22.146+0000] {dagbag.py:545} INFO - Filling up the DagBag from /home/airflow/.local/lib/python3.12/site-packages/airflow/example_dags/example_short_circuit_operator.py
[2024-07-06T03:05:22.149+0000] {processor.py:840} INFO - DAG(s) 'example_short_circuit_operator' retrieved from /home/airflow/.local/lib/python3.12/site-packages/airflow/example_dags/example_short_circuit_operator.py
[2024-07-06T03:05:22.158+0000] {logging_mixin.py:188} INFO - [2024-07-06T03:05:22.158+0000] {dag.py:3096} INFO - Sync 1 DAGs
[2024-07-06T03:05:22.167+0000] {logging_mixin.py:188} INFO - [2024-07-06T03:05:22.167+0000] {dag.py:3954} INFO - Setting next_dagrun for example_short_circuit_operator to 2024-07-05 00:00:00+00:00, run_after=2024-07-06 00:00:00+00:00
[2024-07-06T03:05:22.174+0000] {processor.py:183} INFO - Processing /home/airflow/.local/lib/python3.12/site-packages/airflow/example_dags/example_short_circuit_operator.py took 0.032 seconds
[2024-07-06T04:24:03.359+0000] {processor.py:161} INFO - Started process (PID=8439) to work on /home/airflow/.local/lib/python3.12/site-packages/airflow/example_dags/example_short_circuit_operator.py
[2024-07-06T04:24:03.359+0000] {processor.py:830} INFO - Processing file /home/airflow/.local/lib/python3.12/site-packages/airflow/example_dags/example_short_circuit_operator.py for tasks to queue
[2024-07-06T04:24:03.360+0000] {logging_mixin.py:188} INFO - [2024-07-06T04:24:03.359+0000] {dagbag.py:545} INFO - Filling up the DagBag from /home/airflow/.local/lib/python3.12/site-packages/airflow/example_dags/example_short_circuit_operator.py
[2024-07-06T04:24:03.362+0000] {processor.py:840} INFO - DAG(s) 'example_short_circuit_operator' retrieved from /home/airflow/.local/lib/python3.12/site-packages/airflow/example_dags/example_short_circuit_operator.py
[2024-07-06T04:24:03.370+0000] {logging_mixin.py:188} INFO - [2024-07-06T04:24:03.370+0000] {dag.py:3096} INFO - Sync 1 DAGs
[2024-07-06T04:24:03.378+0000] {logging_mixin.py:188} INFO - [2024-07-06T04:24:03.378+0000] {dag.py:3954} INFO - Setting next_dagrun for example_short_circuit_operator to 2024-07-05 00:00:00+00:00, run_after=2024-07-06 00:00:00+00:00
[2024-07-06T04:24:03.384+0000] {processor.py:183} INFO - Processing /home/airflow/.local/lib/python3.12/site-packages/airflow/example_dags/example_short_circuit_operator.py took 0.028 seconds
[2024-07-06T05:41:14.956+0000] {processor.py:161} INFO - Started process (PID=8497) to work on /home/airflow/.local/lib/python3.12/site-packages/airflow/example_dags/example_short_circuit_operator.py
[2024-07-06T05:41:14.956+0000] {processor.py:830} INFO - Processing file /home/airflow/.local/lib/python3.12/site-packages/airflow/example_dags/example_short_circuit_operator.py for tasks to queue
[2024-07-06T05:41:14.957+0000] {logging_mixin.py:188} INFO - [2024-07-06T05:41:14.957+0000] {dagbag.py:545} INFO - Filling up the DagBag from /home/airflow/.local/lib/python3.12/site-packages/airflow/example_dags/example_short_circuit_operator.py
[2024-07-06T05:41:14.960+0000] {processor.py:840} INFO - DAG(s) 'example_short_circuit_operator' retrieved from /home/airflow/.local/lib/python3.12/site-packages/airflow/example_dags/example_short_circuit_operator.py
[2024-07-06T05:41:14.969+0000] {logging_mixin.py:188} INFO - [2024-07-06T05:41:14.969+0000] {dag.py:3096} INFO - Sync 1 DAGs
[2024-07-06T05:41:14.977+0000] {logging_mixin.py:188} INFO - [2024-07-06T05:41:14.977+0000] {dag.py:3954} INFO - Setting next_dagrun for example_short_circuit_operator to 2024-07-05 00:00:00+00:00, run_after=2024-07-06 00:00:00+00:00
[2024-07-06T05:41:14.983+0000] {processor.py:183} INFO - Processing /home/airflow/.local/lib/python3.12/site-packages/airflow/example_dags/example_short_circuit_operator.py took 0.030 seconds
[2024-07-06T06:57:58.425+0000] {processor.py:161} INFO - Started process (PID=8555) to work on /home/airflow/.local/lib/python3.12/site-packages/airflow/example_dags/example_short_circuit_operator.py
[2024-07-06T06:57:58.425+0000] {processor.py:830} INFO - Processing file /home/airflow/.local/lib/python3.12/site-packages/airflow/example_dags/example_short_circuit_operator.py for tasks to queue
[2024-07-06T06:57:58.426+0000] {logging_mixin.py:188} INFO - [2024-07-06T06:57:58.426+0000] {dagbag.py:545} INFO - Filling up the DagBag from /home/airflow/.local/lib/python3.12/site-packages/airflow/example_dags/example_short_circuit_operator.py
[2024-07-06T06:57:58.429+0000] {processor.py:840} INFO - DAG(s) 'example_short_circuit_operator' retrieved from /home/airflow/.local/lib/python3.12/site-packages/airflow/example_dags/example_short_circuit_operator.py
[2024-07-06T06:57:58.439+0000] {logging_mixin.py:188} INFO - [2024-07-06T06:57:58.438+0000] {dag.py:3096} INFO - Sync 1 DAGs
[2024-07-06T06:57:58.447+0000] {logging_mixin.py:188} INFO - [2024-07-06T06:57:58.447+0000] {dag.py:3954} INFO - Setting next_dagrun for example_short_circuit_operator to 2024-07-05 00:00:00+00:00, run_after=2024-07-06 00:00:00+00:00
[2024-07-06T06:57:58.454+0000] {processor.py:183} INFO - Processing /home/airflow/.local/lib/python3.12/site-packages/airflow/example_dags/example_short_circuit_operator.py took 0.032 seconds
[2024-07-06T07:58:18.803+0000] {processor.py:161} INFO - Started process (PID=8613) to work on /home/airflow/.local/lib/python3.12/site-packages/airflow/example_dags/example_short_circuit_operator.py
[2024-07-06T07:58:18.803+0000] {processor.py:830} INFO - Processing file /home/airflow/.local/lib/python3.12/site-packages/airflow/example_dags/example_short_circuit_operator.py for tasks to queue
[2024-07-06T07:58:18.804+0000] {logging_mixin.py:188} INFO - [2024-07-06T07:58:18.804+0000] {dagbag.py:545} INFO - Filling up the DagBag from /home/airflow/.local/lib/python3.12/site-packages/airflow/example_dags/example_short_circuit_operator.py
[2024-07-06T07:58:18.807+0000] {processor.py:840} INFO - DAG(s) 'example_short_circuit_operator' retrieved from /home/airflow/.local/lib/python3.12/site-packages/airflow/example_dags/example_short_circuit_operator.py
[2024-07-06T07:58:18.816+0000] {logging_mixin.py:188} INFO - [2024-07-06T07:58:18.816+0000] {dag.py:3096} INFO - Sync 1 DAGs
[2024-07-06T07:58:18.824+0000] {logging_mixin.py:188} INFO - [2024-07-06T07:58:18.824+0000] {dag.py:3954} INFO - Setting next_dagrun for example_short_circuit_operator to 2024-07-05 00:00:00+00:00, run_after=2024-07-06 00:00:00+00:00
[2024-07-06T07:58:18.830+0000] {processor.py:183} INFO - Processing /home/airflow/.local/lib/python3.12/site-packages/airflow/example_dags/example_short_circuit_operator.py took 0.029 seconds
[2024-07-06T08:36:32.439+0000] {processor.py:161} INFO - Started process (PID=8671) to work on /home/airflow/.local/lib/python3.12/site-packages/airflow/example_dags/example_short_circuit_operator.py
[2024-07-06T08:36:32.439+0000] {processor.py:830} INFO - Processing file /home/airflow/.local/lib/python3.12/site-packages/airflow/example_dags/example_short_circuit_operator.py for tasks to queue
[2024-07-06T08:36:32.440+0000] {logging_mixin.py:188} INFO - [2024-07-06T08:36:32.440+0000] {dagbag.py:545} INFO - Filling up the DagBag from /home/airflow/.local/lib/python3.12/site-packages/airflow/example_dags/example_short_circuit_operator.py
[2024-07-06T08:36:32.443+0000] {processor.py:840} INFO - DAG(s) 'example_short_circuit_operator' retrieved from /home/airflow/.local/lib/python3.12/site-packages/airflow/example_dags/example_short_circuit_operator.py
[2024-07-06T08:36:32.453+0000] {logging_mixin.py:188} INFO - [2024-07-06T08:36:32.453+0000] {dag.py:3096} INFO - Sync 1 DAGs
[2024-07-06T08:36:32.461+0000] {logging_mixin.py:188} INFO - [2024-07-06T08:36:32.461+0000] {dag.py:3954} INFO - Setting next_dagrun for example_short_circuit_operator to 2024-07-05 00:00:00+00:00, run_after=2024-07-06 00:00:00+00:00
[2024-07-06T08:36:32.467+0000] {processor.py:183} INFO - Processing /home/airflow/.local/lib/python3.12/site-packages/airflow/example_dags/example_short_circuit_operator.py took 0.031 seconds
[2024-07-06T09:11:22.721+0000] {processor.py:161} INFO - Started process (PID=8729) to work on /home/airflow/.local/lib/python3.12/site-packages/airflow/example_dags/example_short_circuit_operator.py
[2024-07-06T09:11:22.721+0000] {processor.py:830} INFO - Processing file /home/airflow/.local/lib/python3.12/site-packages/airflow/example_dags/example_short_circuit_operator.py for tasks to queue
[2024-07-06T09:11:22.722+0000] {logging_mixin.py:188} INFO - [2024-07-06T09:11:22.722+0000] {dagbag.py:545} INFO - Filling up the DagBag from /home/airflow/.local/lib/python3.12/site-packages/airflow/example_dags/example_short_circuit_operator.py
[2024-07-06T09:11:22.725+0000] {processor.py:840} INFO - DAG(s) 'example_short_circuit_operator' retrieved from /home/airflow/.local/lib/python3.12/site-packages/airflow/example_dags/example_short_circuit_operator.py
[2024-07-06T09:11:22.734+0000] {logging_mixin.py:188} INFO - [2024-07-06T09:11:22.733+0000] {dag.py:3096} INFO - Sync 1 DAGs
[2024-07-06T09:11:22.741+0000] {logging_mixin.py:188} INFO - [2024-07-06T09:11:22.741+0000] {dag.py:3954} INFO - Setting next_dagrun for example_short_circuit_operator to 2024-07-05 00:00:00+00:00, run_after=2024-07-06 00:00:00+00:00
[2024-07-06T09:11:22.747+0000] {processor.py:183} INFO - Processing /home/airflow/.local/lib/python3.12/site-packages/airflow/example_dags/example_short_circuit_operator.py took 0.029 seconds
[2024-07-06T09:54:55.102+0000] {processor.py:161} INFO - Started process (PID=8787) to work on /home/airflow/.local/lib/python3.12/site-packages/airflow/example_dags/example_short_circuit_operator.py
[2024-07-06T09:54:55.103+0000] {processor.py:830} INFO - Processing file /home/airflow/.local/lib/python3.12/site-packages/airflow/example_dags/example_short_circuit_operator.py for tasks to queue
[2024-07-06T09:54:55.104+0000] {logging_mixin.py:188} INFO - [2024-07-06T09:54:55.103+0000] {dagbag.py:545} INFO - Filling up the DagBag from /home/airflow/.local/lib/python3.12/site-packages/airflow/example_dags/example_short_circuit_operator.py
[2024-07-06T09:54:55.107+0000] {processor.py:840} INFO - DAG(s) 'example_short_circuit_operator' retrieved from /home/airflow/.local/lib/python3.12/site-packages/airflow/example_dags/example_short_circuit_operator.py
[2024-07-06T09:54:55.115+0000] {logging_mixin.py:188} INFO - [2024-07-06T09:54:55.115+0000] {dag.py:3096} INFO - Sync 1 DAGs
[2024-07-06T09:54:55.123+0000] {logging_mixin.py:188} INFO - [2024-07-06T09:54:55.123+0000] {dag.py:3954} INFO - Setting next_dagrun for example_short_circuit_operator to 2024-07-05 00:00:00+00:00, run_after=2024-07-06 00:00:00+00:00
[2024-07-06T09:54:55.129+0000] {processor.py:183} INFO - Processing /home/airflow/.local/lib/python3.12/site-packages/airflow/example_dags/example_short_circuit_operator.py took 0.029 seconds
[2024-07-06T10:32:28.435+0000] {processor.py:161} INFO - Started process (PID=8845) to work on /home/airflow/.local/lib/python3.12/site-packages/airflow/example_dags/example_short_circuit_operator.py
[2024-07-06T10:32:28.436+0000] {processor.py:830} INFO - Processing file /home/airflow/.local/lib/python3.12/site-packages/airflow/example_dags/example_short_circuit_operator.py for tasks to queue
[2024-07-06T10:32:28.436+0000] {logging_mixin.py:188} INFO - [2024-07-06T10:32:28.436+0000] {dagbag.py:545} INFO - Filling up the DagBag from /home/airflow/.local/lib/python3.12/site-packages/airflow/example_dags/example_short_circuit_operator.py
[2024-07-06T10:32:28.439+0000] {processor.py:840} INFO - DAG(s) 'example_short_circuit_operator' retrieved from /home/airflow/.local/lib/python3.12/site-packages/airflow/example_dags/example_short_circuit_operator.py
[2024-07-06T10:32:28.448+0000] {logging_mixin.py:188} INFO - [2024-07-06T10:32:28.448+0000] {dag.py:3096} INFO - Sync 1 DAGs
[2024-07-06T10:32:28.456+0000] {logging_mixin.py:188} INFO - [2024-07-06T10:32:28.456+0000] {dag.py:3954} INFO - Setting next_dagrun for example_short_circuit_operator to 2024-07-05 00:00:00+00:00, run_after=2024-07-06 00:00:00+00:00
[2024-07-06T10:32:28.462+0000] {processor.py:183} INFO - Processing /home/airflow/.local/lib/python3.12/site-packages/airflow/example_dags/example_short_circuit_operator.py took 0.029 seconds
[2024-07-06T11:31:00.609+0000] {processor.py:161} INFO - Started process (PID=8903) to work on /home/airflow/.local/lib/python3.12/site-packages/airflow/example_dags/example_short_circuit_operator.py
[2024-07-06T11:31:00.610+0000] {processor.py:830} INFO - Processing file /home/airflow/.local/lib/python3.12/site-packages/airflow/example_dags/example_short_circuit_operator.py for tasks to queue
[2024-07-06T11:31:00.610+0000] {logging_mixin.py:188} INFO - [2024-07-06T11:31:00.610+0000] {dagbag.py:545} INFO - Filling up the DagBag from /home/airflow/.local/lib/python3.12/site-packages/airflow/example_dags/example_short_circuit_operator.py
[2024-07-06T11:31:00.614+0000] {processor.py:840} INFO - DAG(s) 'example_short_circuit_operator' retrieved from /home/airflow/.local/lib/python3.12/site-packages/airflow/example_dags/example_short_circuit_operator.py
[2024-07-06T11:31:00.623+0000] {logging_mixin.py:188} INFO - [2024-07-06T11:31:00.622+0000] {dag.py:3096} INFO - Sync 1 DAGs
[2024-07-06T11:31:00.631+0000] {logging_mixin.py:188} INFO - [2024-07-06T11:31:00.631+0000] {dag.py:3954} INFO - Setting next_dagrun for example_short_circuit_operator to 2024-07-05 00:00:00+00:00, run_after=2024-07-06 00:00:00+00:00
[2024-07-06T11:31:00.637+0000] {processor.py:183} INFO - Processing /home/airflow/.local/lib/python3.12/site-packages/airflow/example_dags/example_short_circuit_operator.py took 0.030 seconds
[2024-07-06T12:31:30.324+0000] {processor.py:161} INFO - Started process (PID=8961) to work on /home/airflow/.local/lib/python3.12/site-packages/airflow/example_dags/example_short_circuit_operator.py
[2024-07-06T12:31:30.325+0000] {processor.py:830} INFO - Processing file /home/airflow/.local/lib/python3.12/site-packages/airflow/example_dags/example_short_circuit_operator.py for tasks to queue
[2024-07-06T12:31:30.325+0000] {logging_mixin.py:188} INFO - [2024-07-06T12:31:30.325+0000] {dagbag.py:545} INFO - Filling up the DagBag from /home/airflow/.local/lib/python3.12/site-packages/airflow/example_dags/example_short_circuit_operator.py
[2024-07-06T12:31:30.329+0000] {processor.py:840} INFO - DAG(s) 'example_short_circuit_operator' retrieved from /home/airflow/.local/lib/python3.12/site-packages/airflow/example_dags/example_short_circuit_operator.py
[2024-07-06T12:31:30.339+0000] {logging_mixin.py:188} INFO - [2024-07-06T12:31:30.339+0000] {dag.py:3096} INFO - Sync 1 DAGs
[2024-07-06T12:31:30.348+0000] {logging_mixin.py:188} INFO - [2024-07-06T12:31:30.348+0000] {dag.py:3954} INFO - Setting next_dagrun for example_short_circuit_operator to 2024-07-05 00:00:00+00:00, run_after=2024-07-06 00:00:00+00:00
[2024-07-06T12:31:30.355+0000] {processor.py:183} INFO - Processing /home/airflow/.local/lib/python3.12/site-packages/airflow/example_dags/example_short_circuit_operator.py took 0.033 seconds
[2024-07-06T13:31:19.357+0000] {processor.py:161} INFO - Started process (PID=9019) to work on /home/airflow/.local/lib/python3.12/site-packages/airflow/example_dags/example_short_circuit_operator.py
[2024-07-06T13:31:19.357+0000] {processor.py:830} INFO - Processing file /home/airflow/.local/lib/python3.12/site-packages/airflow/example_dags/example_short_circuit_operator.py for tasks to queue
[2024-07-06T13:31:19.358+0000] {logging_mixin.py:188} INFO - [2024-07-06T13:31:19.358+0000] {dagbag.py:545} INFO - Filling up the DagBag from /home/airflow/.local/lib/python3.12/site-packages/airflow/example_dags/example_short_circuit_operator.py
[2024-07-06T13:31:19.361+0000] {processor.py:840} INFO - DAG(s) 'example_short_circuit_operator' retrieved from /home/airflow/.local/lib/python3.12/site-packages/airflow/example_dags/example_short_circuit_operator.py
[2024-07-06T13:31:19.370+0000] {logging_mixin.py:188} INFO - [2024-07-06T13:31:19.370+0000] {dag.py:3096} INFO - Sync 1 DAGs
[2024-07-06T13:31:19.378+0000] {logging_mixin.py:188} INFO - [2024-07-06T13:31:19.378+0000] {dag.py:3954} INFO - Setting next_dagrun for example_short_circuit_operator to 2024-07-05 00:00:00+00:00, run_after=2024-07-06 00:00:00+00:00
[2024-07-06T13:31:19.384+0000] {processor.py:183} INFO - Processing /home/airflow/.local/lib/python3.12/site-packages/airflow/example_dags/example_short_circuit_operator.py took 0.030 seconds
[2024-07-06T13:36:55.940+0000] {processor.py:161} INFO - Started process (PID=9077) to work on /home/airflow/.local/lib/python3.12/site-packages/airflow/example_dags/example_short_circuit_operator.py
[2024-07-06T13:36:55.940+0000] {processor.py:830} INFO - Processing file /home/airflow/.local/lib/python3.12/site-packages/airflow/example_dags/example_short_circuit_operator.py for tasks to queue
[2024-07-06T13:36:55.941+0000] {logging_mixin.py:188} INFO - [2024-07-06T13:36:55.941+0000] {dagbag.py:545} INFO - Filling up the DagBag from /home/airflow/.local/lib/python3.12/site-packages/airflow/example_dags/example_short_circuit_operator.py
[2024-07-06T13:36:55.944+0000] {processor.py:840} INFO - DAG(s) 'example_short_circuit_operator' retrieved from /home/airflow/.local/lib/python3.12/site-packages/airflow/example_dags/example_short_circuit_operator.py
[2024-07-06T13:36:55.952+0000] {logging_mixin.py:188} INFO - [2024-07-06T13:36:55.952+0000] {dag.py:3096} INFO - Sync 1 DAGs
[2024-07-06T13:36:55.960+0000] {logging_mixin.py:188} INFO - [2024-07-06T13:36:55.960+0000] {dag.py:3954} INFO - Setting next_dagrun for example_short_circuit_operator to 2024-07-05 00:00:00+00:00, run_after=2024-07-06 00:00:00+00:00
[2024-07-06T13:36:55.966+0000] {processor.py:183} INFO - Processing /home/airflow/.local/lib/python3.12/site-packages/airflow/example_dags/example_short_circuit_operator.py took 0.029 seconds
[2024-07-06T14:16:20.335+0000] {processor.py:161} INFO - Started process (PID=9135) to work on /home/airflow/.local/lib/python3.12/site-packages/airflow/example_dags/example_short_circuit_operator.py
[2024-07-06T14:16:20.335+0000] {processor.py:830} INFO - Processing file /home/airflow/.local/lib/python3.12/site-packages/airflow/example_dags/example_short_circuit_operator.py for tasks to queue
[2024-07-06T14:16:20.336+0000] {logging_mixin.py:188} INFO - [2024-07-06T14:16:20.336+0000] {dagbag.py:545} INFO - Filling up the DagBag from /home/airflow/.local/lib/python3.12/site-packages/airflow/example_dags/example_short_circuit_operator.py
[2024-07-06T14:16:20.340+0000] {processor.py:840} INFO - DAG(s) 'example_short_circuit_operator' retrieved from /home/airflow/.local/lib/python3.12/site-packages/airflow/example_dags/example_short_circuit_operator.py
[2024-07-06T14:16:20.349+0000] {logging_mixin.py:188} INFO - [2024-07-06T14:16:20.348+0000] {dag.py:3096} INFO - Sync 1 DAGs
[2024-07-06T14:16:20.357+0000] {logging_mixin.py:188} INFO - [2024-07-06T14:16:20.356+0000] {dag.py:3954} INFO - Setting next_dagrun for example_short_circuit_operator to 2024-07-05 00:00:00+00:00, run_after=2024-07-06 00:00:00+00:00
[2024-07-06T14:16:20.363+0000] {processor.py:183} INFO - Processing /home/airflow/.local/lib/python3.12/site-packages/airflow/example_dags/example_short_circuit_operator.py took 0.031 seconds
[2024-07-06T14:42:09.417+0000] {processor.py:161} INFO - Started process (PID=9193) to work on /home/airflow/.local/lib/python3.12/site-packages/airflow/example_dags/example_short_circuit_operator.py
[2024-07-06T14:42:09.417+0000] {processor.py:830} INFO - Processing file /home/airflow/.local/lib/python3.12/site-packages/airflow/example_dags/example_short_circuit_operator.py for tasks to queue
[2024-07-06T14:42:09.418+0000] {logging_mixin.py:188} INFO - [2024-07-06T14:42:09.418+0000] {dagbag.py:545} INFO - Filling up the DagBag from /home/airflow/.local/lib/python3.12/site-packages/airflow/example_dags/example_short_circuit_operator.py
[2024-07-06T14:42:09.421+0000] {processor.py:840} INFO - DAG(s) 'example_short_circuit_operator' retrieved from /home/airflow/.local/lib/python3.12/site-packages/airflow/example_dags/example_short_circuit_operator.py
[2024-07-06T14:42:09.431+0000] {logging_mixin.py:188} INFO - [2024-07-06T14:42:09.431+0000] {dag.py:3096} INFO - Sync 1 DAGs
[2024-07-06T14:42:09.439+0000] {logging_mixin.py:188} INFO - [2024-07-06T14:42:09.439+0000] {dag.py:3954} INFO - Setting next_dagrun for example_short_circuit_operator to 2024-07-05 00:00:00+00:00, run_after=2024-07-06 00:00:00+00:00
[2024-07-06T14:42:09.446+0000] {processor.py:183} INFO - Processing /home/airflow/.local/lib/python3.12/site-packages/airflow/example_dags/example_short_circuit_operator.py took 0.032 seconds
[2024-07-06T14:42:40.083+0000] {processor.py:161} INFO - Started process (PID=9251) to work on /home/airflow/.local/lib/python3.12/site-packages/airflow/example_dags/example_short_circuit_operator.py
[2024-07-06T14:42:40.084+0000] {processor.py:830} INFO - Processing file /home/airflow/.local/lib/python3.12/site-packages/airflow/example_dags/example_short_circuit_operator.py for tasks to queue
[2024-07-06T14:42:40.084+0000] {logging_mixin.py:188} INFO - [2024-07-06T14:42:40.084+0000] {dagbag.py:545} INFO - Filling up the DagBag from /home/airflow/.local/lib/python3.12/site-packages/airflow/example_dags/example_short_circuit_operator.py
[2024-07-06T14:42:40.088+0000] {processor.py:840} INFO - DAG(s) 'example_short_circuit_operator' retrieved from /home/airflow/.local/lib/python3.12/site-packages/airflow/example_dags/example_short_circuit_operator.py
[2024-07-06T14:42:40.098+0000] {logging_mixin.py:188} INFO - [2024-07-06T14:42:40.098+0000] {dag.py:3096} INFO - Sync 1 DAGs
[2024-07-06T14:42:40.107+0000] {logging_mixin.py:188} INFO - [2024-07-06T14:42:40.107+0000] {dag.py:3954} INFO - Setting next_dagrun for example_short_circuit_operator to 2024-07-05 00:00:00+00:00, run_after=2024-07-06 00:00:00+00:00
[2024-07-06T14:42:40.114+0000] {processor.py:183} INFO - Processing /home/airflow/.local/lib/python3.12/site-packages/airflow/example_dags/example_short_circuit_operator.py took 0.035 seconds
[2024-07-06T14:43:10.561+0000] {processor.py:161} INFO - Started process (PID=9309) to work on /home/airflow/.local/lib/python3.12/site-packages/airflow/example_dags/example_short_circuit_operator.py
[2024-07-06T14:43:10.564+0000] {processor.py:830} INFO - Processing file /home/airflow/.local/lib/python3.12/site-packages/airflow/example_dags/example_short_circuit_operator.py for tasks to queue
[2024-07-06T14:43:10.565+0000] {logging_mixin.py:188} INFO - [2024-07-06T14:43:10.564+0000] {dagbag.py:545} INFO - Filling up the DagBag from /home/airflow/.local/lib/python3.12/site-packages/airflow/example_dags/example_short_circuit_operator.py
[2024-07-06T14:43:10.568+0000] {processor.py:840} INFO - DAG(s) 'example_short_circuit_operator' retrieved from /home/airflow/.local/lib/python3.12/site-packages/airflow/example_dags/example_short_circuit_operator.py
[2024-07-06T14:43:10.577+0000] {logging_mixin.py:188} INFO - [2024-07-06T14:43:10.577+0000] {dag.py:3096} INFO - Sync 1 DAGs
[2024-07-06T14:43:10.585+0000] {logging_mixin.py:188} INFO - [2024-07-06T14:43:10.585+0000] {dag.py:3954} INFO - Setting next_dagrun for example_short_circuit_operator to 2024-07-05 00:00:00+00:00, run_after=2024-07-06 00:00:00+00:00
[2024-07-06T14:43:10.591+0000] {processor.py:183} INFO - Processing /home/airflow/.local/lib/python3.12/site-packages/airflow/example_dags/example_short_circuit_operator.py took 0.032 seconds
[2024-07-06T14:43:41.040+0000] {processor.py:161} INFO - Started process (PID=9367) to work on /home/airflow/.local/lib/python3.12/site-packages/airflow/example_dags/example_short_circuit_operator.py
[2024-07-06T14:43:41.040+0000] {processor.py:830} INFO - Processing file /home/airflow/.local/lib/python3.12/site-packages/airflow/example_dags/example_short_circuit_operator.py for tasks to queue
[2024-07-06T14:43:41.041+0000] {logging_mixin.py:188} INFO - [2024-07-06T14:43:41.041+0000] {dagbag.py:545} INFO - Filling up the DagBag from /home/airflow/.local/lib/python3.12/site-packages/airflow/example_dags/example_short_circuit_operator.py
[2024-07-06T14:43:41.044+0000] {processor.py:840} INFO - DAG(s) 'example_short_circuit_operator' retrieved from /home/airflow/.local/lib/python3.12/site-packages/airflow/example_dags/example_short_circuit_operator.py
[2024-07-06T14:43:41.052+0000] {logging_mixin.py:188} INFO - [2024-07-06T14:43:41.052+0000] {dag.py:3096} INFO - Sync 1 DAGs
[2024-07-06T14:43:41.062+0000] {logging_mixin.py:188} INFO - [2024-07-06T14:43:41.062+0000] {dag.py:3954} INFO - Setting next_dagrun for example_short_circuit_operator to 2024-07-05 00:00:00+00:00, run_after=2024-07-06 00:00:00+00:00
[2024-07-06T14:43:41.068+0000] {processor.py:183} INFO - Processing /home/airflow/.local/lib/python3.12/site-packages/airflow/example_dags/example_short_circuit_operator.py took 0.030 seconds
[2024-07-06T14:44:11.363+0000] {processor.py:161} INFO - Started process (PID=9431) to work on /home/airflow/.local/lib/python3.12/site-packages/airflow/example_dags/example_short_circuit_operator.py
[2024-07-06T14:44:11.364+0000] {processor.py:830} INFO - Processing file /home/airflow/.local/lib/python3.12/site-packages/airflow/example_dags/example_short_circuit_operator.py for tasks to queue
[2024-07-06T14:44:11.365+0000] {logging_mixin.py:188} INFO - [2024-07-06T14:44:11.365+0000] {dagbag.py:545} INFO - Filling up the DagBag from /home/airflow/.local/lib/python3.12/site-packages/airflow/example_dags/example_short_circuit_operator.py
[2024-07-06T14:44:11.368+0000] {processor.py:840} INFO - DAG(s) 'example_short_circuit_operator' retrieved from /home/airflow/.local/lib/python3.12/site-packages/airflow/example_dags/example_short_circuit_operator.py
[2024-07-06T14:44:11.376+0000] {logging_mixin.py:188} INFO - [2024-07-06T14:44:11.376+0000] {dag.py:3096} INFO - Sync 1 DAGs
[2024-07-06T14:44:11.384+0000] {logging_mixin.py:188} INFO - [2024-07-06T14:44:11.384+0000] {dag.py:3954} INFO - Setting next_dagrun for example_short_circuit_operator to 2024-07-05 00:00:00+00:00, run_after=2024-07-06 00:00:00+00:00
[2024-07-06T14:44:11.391+0000] {processor.py:183} INFO - Processing /home/airflow/.local/lib/python3.12/site-packages/airflow/example_dags/example_short_circuit_operator.py took 0.030 seconds
[2024-07-06T14:44:41.799+0000] {processor.py:161} INFO - Started process (PID=9489) to work on /home/airflow/.local/lib/python3.12/site-packages/airflow/example_dags/example_short_circuit_operator.py
[2024-07-06T14:44:41.799+0000] {processor.py:830} INFO - Processing file /home/airflow/.local/lib/python3.12/site-packages/airflow/example_dags/example_short_circuit_operator.py for tasks to queue
[2024-07-06T14:44:41.800+0000] {logging_mixin.py:188} INFO - [2024-07-06T14:44:41.800+0000] {dagbag.py:545} INFO - Filling up the DagBag from /home/airflow/.local/lib/python3.12/site-packages/airflow/example_dags/example_short_circuit_operator.py
[2024-07-06T14:44:41.803+0000] {processor.py:840} INFO - DAG(s) 'example_short_circuit_operator' retrieved from /home/airflow/.local/lib/python3.12/site-packages/airflow/example_dags/example_short_circuit_operator.py
[2024-07-06T14:44:41.811+0000] {logging_mixin.py:188} INFO - [2024-07-06T14:44:41.811+0000] {dag.py:3096} INFO - Sync 1 DAGs
[2024-07-06T14:44:41.820+0000] {logging_mixin.py:188} INFO - [2024-07-06T14:44:41.820+0000] {dag.py:3954} INFO - Setting next_dagrun for example_short_circuit_operator to 2024-07-05 00:00:00+00:00, run_after=2024-07-06 00:00:00+00:00
[2024-07-06T14:44:41.825+0000] {processor.py:183} INFO - Processing /home/airflow/.local/lib/python3.12/site-packages/airflow/example_dags/example_short_circuit_operator.py took 0.029 seconds
[2024-07-06T14:45:12.121+0000] {processor.py:161} INFO - Started process (PID=9547) to work on /home/airflow/.local/lib/python3.12/site-packages/airflow/example_dags/example_short_circuit_operator.py
[2024-07-06T14:45:12.122+0000] {processor.py:830} INFO - Processing file /home/airflow/.local/lib/python3.12/site-packages/airflow/example_dags/example_short_circuit_operator.py for tasks to queue
[2024-07-06T14:45:12.123+0000] {logging_mixin.py:188} INFO - [2024-07-06T14:45:12.123+0000] {dagbag.py:545} INFO - Filling up the DagBag from /home/airflow/.local/lib/python3.12/site-packages/airflow/example_dags/example_short_circuit_operator.py
[2024-07-06T14:45:12.126+0000] {processor.py:840} INFO - DAG(s) 'example_short_circuit_operator' retrieved from /home/airflow/.local/lib/python3.12/site-packages/airflow/example_dags/example_short_circuit_operator.py
[2024-07-06T14:45:12.135+0000] {logging_mixin.py:188} INFO - [2024-07-06T14:45:12.135+0000] {dag.py:3096} INFO - Sync 1 DAGs
[2024-07-06T14:45:12.142+0000] {logging_mixin.py:188} INFO - [2024-07-06T14:45:12.142+0000] {dag.py:3954} INFO - Setting next_dagrun for example_short_circuit_operator to 2024-07-05 00:00:00+00:00, run_after=2024-07-06 00:00:00+00:00
[2024-07-06T14:45:12.148+0000] {processor.py:183} INFO - Processing /home/airflow/.local/lib/python3.12/site-packages/airflow/example_dags/example_short_circuit_operator.py took 0.030 seconds
[2024-07-06T14:45:42.474+0000] {processor.py:161} INFO - Started process (PID=9605) to work on /home/airflow/.local/lib/python3.12/site-packages/airflow/example_dags/example_short_circuit_operator.py
[2024-07-06T14:45:42.475+0000] {processor.py:830} INFO - Processing file /home/airflow/.local/lib/python3.12/site-packages/airflow/example_dags/example_short_circuit_operator.py for tasks to queue
[2024-07-06T14:45:42.475+0000] {logging_mixin.py:188} INFO - [2024-07-06T14:45:42.475+0000] {dagbag.py:545} INFO - Filling up the DagBag from /home/airflow/.local/lib/python3.12/site-packages/airflow/example_dags/example_short_circuit_operator.py
[2024-07-06T14:45:42.478+0000] {processor.py:840} INFO - DAG(s) 'example_short_circuit_operator' retrieved from /home/airflow/.local/lib/python3.12/site-packages/airflow/example_dags/example_short_circuit_operator.py
[2024-07-06T14:45:42.486+0000] {logging_mixin.py:188} INFO - [2024-07-06T14:45:42.486+0000] {dag.py:3096} INFO - Sync 1 DAGs
[2024-07-06T14:45:42.494+0000] {logging_mixin.py:188} INFO - [2024-07-06T14:45:42.494+0000] {dag.py:3954} INFO - Setting next_dagrun for example_short_circuit_operator to 2024-07-05 00:00:00+00:00, run_after=2024-07-06 00:00:00+00:00
[2024-07-06T14:45:42.500+0000] {processor.py:183} INFO - Processing /home/airflow/.local/lib/python3.12/site-packages/airflow/example_dags/example_short_circuit_operator.py took 0.028 seconds
[2024-07-06T14:46:12.988+0000] {processor.py:161} INFO - Started process (PID=9663) to work on /home/airflow/.local/lib/python3.12/site-packages/airflow/example_dags/example_short_circuit_operator.py
[2024-07-06T14:46:12.988+0000] {processor.py:830} INFO - Processing file /home/airflow/.local/lib/python3.12/site-packages/airflow/example_dags/example_short_circuit_operator.py for tasks to queue
[2024-07-06T14:46:12.989+0000] {logging_mixin.py:188} INFO - [2024-07-06T14:46:12.989+0000] {dagbag.py:545} INFO - Filling up the DagBag from /home/airflow/.local/lib/python3.12/site-packages/airflow/example_dags/example_short_circuit_operator.py
[2024-07-06T14:46:12.992+0000] {processor.py:840} INFO - DAG(s) 'example_short_circuit_operator' retrieved from /home/airflow/.local/lib/python3.12/site-packages/airflow/example_dags/example_short_circuit_operator.py
[2024-07-06T14:46:13.001+0000] {logging_mixin.py:188} INFO - [2024-07-06T14:46:13.000+0000] {dag.py:3096} INFO - Sync 1 DAGs
[2024-07-06T14:46:13.008+0000] {logging_mixin.py:188} INFO - [2024-07-06T14:46:13.008+0000] {dag.py:3954} INFO - Setting next_dagrun for example_short_circuit_operator to 2024-07-05 00:00:00+00:00, run_after=2024-07-06 00:00:00+00:00
[2024-07-06T14:46:13.014+0000] {processor.py:183} INFO - Processing /home/airflow/.local/lib/python3.12/site-packages/airflow/example_dags/example_short_circuit_operator.py took 0.029 seconds
[2024-07-06T14:46:43.274+0000] {processor.py:161} INFO - Started process (PID=9721) to work on /home/airflow/.local/lib/python3.12/site-packages/airflow/example_dags/example_short_circuit_operator.py
[2024-07-06T14:46:43.274+0000] {processor.py:830} INFO - Processing file /home/airflow/.local/lib/python3.12/site-packages/airflow/example_dags/example_short_circuit_operator.py for tasks to queue
[2024-07-06T14:46:43.275+0000] {logging_mixin.py:188} INFO - [2024-07-06T14:46:43.275+0000] {dagbag.py:545} INFO - Filling up the DagBag from /home/airflow/.local/lib/python3.12/site-packages/airflow/example_dags/example_short_circuit_operator.py
[2024-07-06T14:46:43.278+0000] {processor.py:840} INFO - DAG(s) 'example_short_circuit_operator' retrieved from /home/airflow/.local/lib/python3.12/site-packages/airflow/example_dags/example_short_circuit_operator.py
[2024-07-06T14:46:43.287+0000] {logging_mixin.py:188} INFO - [2024-07-06T14:46:43.287+0000] {dag.py:3096} INFO - Sync 1 DAGs
[2024-07-06T14:46:43.295+0000] {logging_mixin.py:188} INFO - [2024-07-06T14:46:43.295+0000] {dag.py:3954} INFO - Setting next_dagrun for example_short_circuit_operator to 2024-07-05 00:00:00+00:00, run_after=2024-07-06 00:00:00+00:00
[2024-07-06T14:46:43.301+0000] {processor.py:183} INFO - Processing /home/airflow/.local/lib/python3.12/site-packages/airflow/example_dags/example_short_circuit_operator.py took 0.030 seconds
[2024-07-06T14:47:13.628+0000] {processor.py:161} INFO - Started process (PID=9779) to work on /home/airflow/.local/lib/python3.12/site-packages/airflow/example_dags/example_short_circuit_operator.py
[2024-07-06T14:47:13.628+0000] {processor.py:830} INFO - Processing file /home/airflow/.local/lib/python3.12/site-packages/airflow/example_dags/example_short_circuit_operator.py for tasks to queue
[2024-07-06T14:47:13.629+0000] {logging_mixin.py:188} INFO - [2024-07-06T14:47:13.629+0000] {dagbag.py:545} INFO - Filling up the DagBag from /home/airflow/.local/lib/python3.12/site-packages/airflow/example_dags/example_short_circuit_operator.py
[2024-07-06T14:47:13.632+0000] {processor.py:840} INFO - DAG(s) 'example_short_circuit_operator' retrieved from /home/airflow/.local/lib/python3.12/site-packages/airflow/example_dags/example_short_circuit_operator.py
[2024-07-06T14:47:13.641+0000] {logging_mixin.py:188} INFO - [2024-07-06T14:47:13.641+0000] {dag.py:3096} INFO - Sync 1 DAGs
[2024-07-06T14:47:13.652+0000] {logging_mixin.py:188} INFO - [2024-07-06T14:47:13.652+0000] {dag.py:3954} INFO - Setting next_dagrun for example_short_circuit_operator to 2024-07-05 00:00:00+00:00, run_after=2024-07-06 00:00:00+00:00
[2024-07-06T14:47:13.659+0000] {processor.py:183} INFO - Processing /home/airflow/.local/lib/python3.12/site-packages/airflow/example_dags/example_short_circuit_operator.py took 0.033 seconds
[2024-07-06T14:47:43.919+0000] {processor.py:161} INFO - Started process (PID=9837) to work on /home/airflow/.local/lib/python3.12/site-packages/airflow/example_dags/example_short_circuit_operator.py
[2024-07-06T14:47:43.920+0000] {processor.py:830} INFO - Processing file /home/airflow/.local/lib/python3.12/site-packages/airflow/example_dags/example_short_circuit_operator.py for tasks to queue
[2024-07-06T14:47:43.920+0000] {logging_mixin.py:188} INFO - [2024-07-06T14:47:43.920+0000] {dagbag.py:545} INFO - Filling up the DagBag from /home/airflow/.local/lib/python3.12/site-packages/airflow/example_dags/example_short_circuit_operator.py
[2024-07-06T14:47:43.923+0000] {processor.py:840} INFO - DAG(s) 'example_short_circuit_operator' retrieved from /home/airflow/.local/lib/python3.12/site-packages/airflow/example_dags/example_short_circuit_operator.py
[2024-07-06T14:47:43.932+0000] {logging_mixin.py:188} INFO - [2024-07-06T14:47:43.932+0000] {dag.py:3096} INFO - Sync 1 DAGs
[2024-07-06T14:47:43.941+0000] {logging_mixin.py:188} INFO - [2024-07-06T14:47:43.941+0000] {dag.py:3954} INFO - Setting next_dagrun for example_short_circuit_operator to 2024-07-05 00:00:00+00:00, run_after=2024-07-06 00:00:00+00:00
[2024-07-06T14:47:43.947+0000] {processor.py:183} INFO - Processing /home/airflow/.local/lib/python3.12/site-packages/airflow/example_dags/example_short_circuit_operator.py took 0.030 seconds
[2024-07-06T14:48:14.265+0000] {processor.py:161} INFO - Started process (PID=9895) to work on /home/airflow/.local/lib/python3.12/site-packages/airflow/example_dags/example_short_circuit_operator.py
[2024-07-06T14:48:14.266+0000] {processor.py:830} INFO - Processing file /home/airflow/.local/lib/python3.12/site-packages/airflow/example_dags/example_short_circuit_operator.py for tasks to queue
[2024-07-06T14:48:14.266+0000] {logging_mixin.py:188} INFO - [2024-07-06T14:48:14.266+0000] {dagbag.py:545} INFO - Filling up the DagBag from /home/airflow/.local/lib/python3.12/site-packages/airflow/example_dags/example_short_circuit_operator.py
[2024-07-06T14:48:14.269+0000] {processor.py:840} INFO - DAG(s) 'example_short_circuit_operator' retrieved from /home/airflow/.local/lib/python3.12/site-packages/airflow/example_dags/example_short_circuit_operator.py
[2024-07-06T14:48:14.278+0000] {logging_mixin.py:188} INFO - [2024-07-06T14:48:14.278+0000] {dag.py:3096} INFO - Sync 1 DAGs
[2024-07-06T14:48:14.286+0000] {logging_mixin.py:188} INFO - [2024-07-06T14:48:14.285+0000] {dag.py:3954} INFO - Setting next_dagrun for example_short_circuit_operator to 2024-07-05 00:00:00+00:00, run_after=2024-07-06 00:00:00+00:00
[2024-07-06T14:48:14.292+0000] {processor.py:183} INFO - Processing /home/airflow/.local/lib/python3.12/site-packages/airflow/example_dags/example_short_circuit_operator.py took 0.029 seconds
[2024-07-06T14:48:44.716+0000] {processor.py:161} INFO - Started process (PID=9953) to work on /home/airflow/.local/lib/python3.12/site-packages/airflow/example_dags/example_short_circuit_operator.py
[2024-07-06T14:48:44.717+0000] {processor.py:830} INFO - Processing file /home/airflow/.local/lib/python3.12/site-packages/airflow/example_dags/example_short_circuit_operator.py for tasks to queue
[2024-07-06T14:48:44.717+0000] {logging_mixin.py:188} INFO - [2024-07-06T14:48:44.717+0000] {dagbag.py:545} INFO - Filling up the DagBag from /home/airflow/.local/lib/python3.12/site-packages/airflow/example_dags/example_short_circuit_operator.py
[2024-07-06T14:48:44.721+0000] {processor.py:840} INFO - DAG(s) 'example_short_circuit_operator' retrieved from /home/airflow/.local/lib/python3.12/site-packages/airflow/example_dags/example_short_circuit_operator.py
[2024-07-06T14:48:44.731+0000] {logging_mixin.py:188} INFO - [2024-07-06T14:48:44.731+0000] {dag.py:3096} INFO - Sync 1 DAGs
[2024-07-06T14:48:44.740+0000] {logging_mixin.py:188} INFO - [2024-07-06T14:48:44.740+0000] {dag.py:3954} INFO - Setting next_dagrun for example_short_circuit_operator to 2024-07-05 00:00:00+00:00, run_after=2024-07-06 00:00:00+00:00
[2024-07-06T14:48:44.747+0000] {processor.py:183} INFO - Processing /home/airflow/.local/lib/python3.12/site-packages/airflow/example_dags/example_short_circuit_operator.py took 0.034 seconds
[2024-07-06T14:49:15.040+0000] {processor.py:161} INFO - Started process (PID=10011) to work on /home/airflow/.local/lib/python3.12/site-packages/airflow/example_dags/example_short_circuit_operator.py
[2024-07-06T14:49:15.040+0000] {processor.py:830} INFO - Processing file /home/airflow/.local/lib/python3.12/site-packages/airflow/example_dags/example_short_circuit_operator.py for tasks to queue
[2024-07-06T14:49:15.041+0000] {logging_mixin.py:188} INFO - [2024-07-06T14:49:15.040+0000] {dagbag.py:545} INFO - Filling up the DagBag from /home/airflow/.local/lib/python3.12/site-packages/airflow/example_dags/example_short_circuit_operator.py
[2024-07-06T14:49:15.043+0000] {processor.py:840} INFO - DAG(s) 'example_short_circuit_operator' retrieved from /home/airflow/.local/lib/python3.12/site-packages/airflow/example_dags/example_short_circuit_operator.py
[2024-07-06T14:49:15.051+0000] {logging_mixin.py:188} INFO - [2024-07-06T14:49:15.051+0000] {dag.py:3096} INFO - Sync 1 DAGs
[2024-07-06T14:49:15.058+0000] {logging_mixin.py:188} INFO - [2024-07-06T14:49:15.058+0000] {dag.py:3954} INFO - Setting next_dagrun for example_short_circuit_operator to 2024-07-05 00:00:00+00:00, run_after=2024-07-06 00:00:00+00:00
[2024-07-06T14:49:15.064+0000] {processor.py:183} INFO - Processing /home/airflow/.local/lib/python3.12/site-packages/airflow/example_dags/example_short_circuit_operator.py took 0.027 seconds
[2024-07-06T14:49:45.488+0000] {processor.py:161} INFO - Started process (PID=10069) to work on /home/airflow/.local/lib/python3.12/site-packages/airflow/example_dags/example_short_circuit_operator.py
[2024-07-06T14:49:45.488+0000] {processor.py:830} INFO - Processing file /home/airflow/.local/lib/python3.12/site-packages/airflow/example_dags/example_short_circuit_operator.py for tasks to queue
[2024-07-06T14:49:45.489+0000] {logging_mixin.py:188} INFO - [2024-07-06T14:49:45.489+0000] {dagbag.py:545} INFO - Filling up the DagBag from /home/airflow/.local/lib/python3.12/site-packages/airflow/example_dags/example_short_circuit_operator.py
[2024-07-06T14:49:45.493+0000] {processor.py:840} INFO - DAG(s) 'example_short_circuit_operator' retrieved from /home/airflow/.local/lib/python3.12/site-packages/airflow/example_dags/example_short_circuit_operator.py
[2024-07-06T14:49:45.502+0000] {logging_mixin.py:188} INFO - [2024-07-06T14:49:45.502+0000] {dag.py:3096} INFO - Sync 1 DAGs
[2024-07-06T14:49:45.510+0000] {logging_mixin.py:188} INFO - [2024-07-06T14:49:45.510+0000] {dag.py:3954} INFO - Setting next_dagrun for example_short_circuit_operator to 2024-07-05 00:00:00+00:00, run_after=2024-07-06 00:00:00+00:00
[2024-07-06T14:49:45.517+0000] {processor.py:183} INFO - Processing /home/airflow/.local/lib/python3.12/site-packages/airflow/example_dags/example_short_circuit_operator.py took 0.031 seconds
[2024-07-06T14:50:15.794+0000] {processor.py:161} INFO - Started process (PID=10127) to work on /home/airflow/.local/lib/python3.12/site-packages/airflow/example_dags/example_short_circuit_operator.py
[2024-07-06T14:50:15.794+0000] {processor.py:830} INFO - Processing file /home/airflow/.local/lib/python3.12/site-packages/airflow/example_dags/example_short_circuit_operator.py for tasks to queue
[2024-07-06T14:50:15.795+0000] {logging_mixin.py:188} INFO - [2024-07-06T14:50:15.795+0000] {dagbag.py:545} INFO - Filling up the DagBag from /home/airflow/.local/lib/python3.12/site-packages/airflow/example_dags/example_short_circuit_operator.py
[2024-07-06T14:50:15.798+0000] {processor.py:840} INFO - DAG(s) 'example_short_circuit_operator' retrieved from /home/airflow/.local/lib/python3.12/site-packages/airflow/example_dags/example_short_circuit_operator.py
[2024-07-06T14:50:15.807+0000] {logging_mixin.py:188} INFO - [2024-07-06T14:50:15.807+0000] {dag.py:3096} INFO - Sync 1 DAGs
[2024-07-06T14:50:15.814+0000] {logging_mixin.py:188} INFO - [2024-07-06T14:50:15.814+0000] {dag.py:3954} INFO - Setting next_dagrun for example_short_circuit_operator to 2024-07-05 00:00:00+00:00, run_after=2024-07-06 00:00:00+00:00
[2024-07-06T14:50:15.820+0000] {processor.py:183} INFO - Processing /home/airflow/.local/lib/python3.12/site-packages/airflow/example_dags/example_short_circuit_operator.py took 0.029 seconds
[2024-07-06T14:50:46.172+0000] {processor.py:161} INFO - Started process (PID=10185) to work on /home/airflow/.local/lib/python3.12/site-packages/airflow/example_dags/example_short_circuit_operator.py
[2024-07-06T14:50:46.173+0000] {processor.py:830} INFO - Processing file /home/airflow/.local/lib/python3.12/site-packages/airflow/example_dags/example_short_circuit_operator.py for tasks to queue
[2024-07-06T14:50:46.173+0000] {logging_mixin.py:188} INFO - [2024-07-06T14:50:46.173+0000] {dagbag.py:545} INFO - Filling up the DagBag from /home/airflow/.local/lib/python3.12/site-packages/airflow/example_dags/example_short_circuit_operator.py
[2024-07-06T14:50:46.177+0000] {processor.py:840} INFO - DAG(s) 'example_short_circuit_operator' retrieved from /home/airflow/.local/lib/python3.12/site-packages/airflow/example_dags/example_short_circuit_operator.py
[2024-07-06T14:50:46.186+0000] {logging_mixin.py:188} INFO - [2024-07-06T14:50:46.186+0000] {dag.py:3096} INFO - Sync 1 DAGs
[2024-07-06T14:50:46.194+0000] {logging_mixin.py:188} INFO - [2024-07-06T14:50:46.194+0000] {dag.py:3954} INFO - Setting next_dagrun for example_short_circuit_operator to 2024-07-05 00:00:00+00:00, run_after=2024-07-06 00:00:00+00:00
[2024-07-06T14:50:46.201+0000] {processor.py:183} INFO - Processing /home/airflow/.local/lib/python3.12/site-packages/airflow/example_dags/example_short_circuit_operator.py took 0.031 seconds
[2024-07-06T14:51:16.486+0000] {processor.py:161} INFO - Started process (PID=10243) to work on /home/airflow/.local/lib/python3.12/site-packages/airflow/example_dags/example_short_circuit_operator.py
[2024-07-06T14:51:16.487+0000] {processor.py:830} INFO - Processing file /home/airflow/.local/lib/python3.12/site-packages/airflow/example_dags/example_short_circuit_operator.py for tasks to queue
[2024-07-06T14:51:16.487+0000] {logging_mixin.py:188} INFO - [2024-07-06T14:51:16.487+0000] {dagbag.py:545} INFO - Filling up the DagBag from /home/airflow/.local/lib/python3.12/site-packages/airflow/example_dags/example_short_circuit_operator.py
[2024-07-06T14:51:16.491+0000] {processor.py:840} INFO - DAG(s) 'example_short_circuit_operator' retrieved from /home/airflow/.local/lib/python3.12/site-packages/airflow/example_dags/example_short_circuit_operator.py
[2024-07-06T14:51:16.500+0000] {logging_mixin.py:188} INFO - [2024-07-06T14:51:16.500+0000] {dag.py:3096} INFO - Sync 1 DAGs
[2024-07-06T14:51:16.507+0000] {logging_mixin.py:188} INFO - [2024-07-06T14:51:16.507+0000] {dag.py:3954} INFO - Setting next_dagrun for example_short_circuit_operator to 2024-07-05 00:00:00+00:00, run_after=2024-07-06 00:00:00+00:00
[2024-07-06T14:51:16.514+0000] {processor.py:183} INFO - Processing /home/airflow/.local/lib/python3.12/site-packages/airflow/example_dags/example_short_circuit_operator.py took 0.030 seconds
[2024-07-06T14:51:46.817+0000] {processor.py:161} INFO - Started process (PID=10301) to work on /home/airflow/.local/lib/python3.12/site-packages/airflow/example_dags/example_short_circuit_operator.py
[2024-07-06T14:51:46.818+0000] {processor.py:830} INFO - Processing file /home/airflow/.local/lib/python3.12/site-packages/airflow/example_dags/example_short_circuit_operator.py for tasks to queue
[2024-07-06T14:51:46.818+0000] {logging_mixin.py:188} INFO - [2024-07-06T14:51:46.818+0000] {dagbag.py:545} INFO - Filling up the DagBag from /home/airflow/.local/lib/python3.12/site-packages/airflow/example_dags/example_short_circuit_operator.py
[2024-07-06T14:51:46.821+0000] {processor.py:840} INFO - DAG(s) 'example_short_circuit_operator' retrieved from /home/airflow/.local/lib/python3.12/site-packages/airflow/example_dags/example_short_circuit_operator.py
[2024-07-06T14:51:46.831+0000] {logging_mixin.py:188} INFO - [2024-07-06T14:51:46.830+0000] {dag.py:3096} INFO - Sync 1 DAGs
[2024-07-06T14:51:46.839+0000] {logging_mixin.py:188} INFO - [2024-07-06T14:51:46.838+0000] {dag.py:3954} INFO - Setting next_dagrun for example_short_circuit_operator to 2024-07-05 00:00:00+00:00, run_after=2024-07-06 00:00:00+00:00
[2024-07-06T14:51:46.846+0000] {processor.py:183} INFO - Processing /home/airflow/.local/lib/python3.12/site-packages/airflow/example_dags/example_short_circuit_operator.py took 0.031 seconds
[2024-07-06T14:52:17.296+0000] {processor.py:161} INFO - Started process (PID=10359) to work on /home/airflow/.local/lib/python3.12/site-packages/airflow/example_dags/example_short_circuit_operator.py
[2024-07-06T14:52:17.297+0000] {processor.py:830} INFO - Processing file /home/airflow/.local/lib/python3.12/site-packages/airflow/example_dags/example_short_circuit_operator.py for tasks to queue
[2024-07-06T14:52:17.298+0000] {logging_mixin.py:188} INFO - [2024-07-06T14:52:17.298+0000] {dagbag.py:545} INFO - Filling up the DagBag from /home/airflow/.local/lib/python3.12/site-packages/airflow/example_dags/example_short_circuit_operator.py
[2024-07-06T14:52:17.301+0000] {processor.py:840} INFO - DAG(s) 'example_short_circuit_operator' retrieved from /home/airflow/.local/lib/python3.12/site-packages/airflow/example_dags/example_short_circuit_operator.py
[2024-07-06T14:52:17.311+0000] {logging_mixin.py:188} INFO - [2024-07-06T14:52:17.311+0000] {dag.py:3096} INFO - Sync 1 DAGs
[2024-07-06T14:52:17.320+0000] {logging_mixin.py:188} INFO - [2024-07-06T14:52:17.320+0000] {dag.py:3954} INFO - Setting next_dagrun for example_short_circuit_operator to 2024-07-05 00:00:00+00:00, run_after=2024-07-06 00:00:00+00:00
[2024-07-06T14:52:17.327+0000] {processor.py:183} INFO - Processing /home/airflow/.local/lib/python3.12/site-packages/airflow/example_dags/example_short_circuit_operator.py took 0.033 seconds
[2024-07-06T14:52:47.709+0000] {processor.py:161} INFO - Started process (PID=10417) to work on /home/airflow/.local/lib/python3.12/site-packages/airflow/example_dags/example_short_circuit_operator.py
[2024-07-06T14:52:47.709+0000] {processor.py:830} INFO - Processing file /home/airflow/.local/lib/python3.12/site-packages/airflow/example_dags/example_short_circuit_operator.py for tasks to queue
[2024-07-06T14:52:47.710+0000] {logging_mixin.py:188} INFO - [2024-07-06T14:52:47.709+0000] {dagbag.py:545} INFO - Filling up the DagBag from /home/airflow/.local/lib/python3.12/site-packages/airflow/example_dags/example_short_circuit_operator.py
[2024-07-06T14:52:47.713+0000] {processor.py:840} INFO - DAG(s) 'example_short_circuit_operator' retrieved from /home/airflow/.local/lib/python3.12/site-packages/airflow/example_dags/example_short_circuit_operator.py
[2024-07-06T14:52:47.722+0000] {logging_mixin.py:188} INFO - [2024-07-06T14:52:47.722+0000] {dag.py:3096} INFO - Sync 1 DAGs
[2024-07-06T14:52:47.730+0000] {logging_mixin.py:188} INFO - [2024-07-06T14:52:47.730+0000] {dag.py:3954} INFO - Setting next_dagrun for example_short_circuit_operator to 2024-07-05 00:00:00+00:00, run_after=2024-07-06 00:00:00+00:00
[2024-07-06T14:52:47.737+0000] {processor.py:183} INFO - Processing /home/airflow/.local/lib/python3.12/site-packages/airflow/example_dags/example_short_circuit_operator.py took 0.031 seconds
[2024-07-06T14:53:18.070+0000] {processor.py:161} INFO - Started process (PID=10475) to work on /home/airflow/.local/lib/python3.12/site-packages/airflow/example_dags/example_short_circuit_operator.py
[2024-07-06T14:53:18.070+0000] {processor.py:830} INFO - Processing file /home/airflow/.local/lib/python3.12/site-packages/airflow/example_dags/example_short_circuit_operator.py for tasks to queue
[2024-07-06T14:53:18.071+0000] {logging_mixin.py:188} INFO - [2024-07-06T14:53:18.071+0000] {dagbag.py:545} INFO - Filling up the DagBag from /home/airflow/.local/lib/python3.12/site-packages/airflow/example_dags/example_short_circuit_operator.py
[2024-07-06T14:53:18.074+0000] {processor.py:840} INFO - DAG(s) 'example_short_circuit_operator' retrieved from /home/airflow/.local/lib/python3.12/site-packages/airflow/example_dags/example_short_circuit_operator.py
[2024-07-06T14:53:18.083+0000] {logging_mixin.py:188} INFO - [2024-07-06T14:53:18.083+0000] {dag.py:3096} INFO - Sync 1 DAGs
[2024-07-06T14:53:18.091+0000] {logging_mixin.py:188} INFO - [2024-07-06T14:53:18.091+0000] {dag.py:3954} INFO - Setting next_dagrun for example_short_circuit_operator to 2024-07-05 00:00:00+00:00, run_after=2024-07-06 00:00:00+00:00
[2024-07-06T14:53:18.097+0000] {processor.py:183} INFO - Processing /home/airflow/.local/lib/python3.12/site-packages/airflow/example_dags/example_short_circuit_operator.py took 0.030 seconds
[2024-07-06T14:53:48.426+0000] {processor.py:161} INFO - Started process (PID=10533) to work on /home/airflow/.local/lib/python3.12/site-packages/airflow/example_dags/example_short_circuit_operator.py
[2024-07-06T14:53:48.426+0000] {processor.py:830} INFO - Processing file /home/airflow/.local/lib/python3.12/site-packages/airflow/example_dags/example_short_circuit_operator.py for tasks to queue
[2024-07-06T14:53:48.427+0000] {logging_mixin.py:188} INFO - [2024-07-06T14:53:48.427+0000] {dagbag.py:545} INFO - Filling up the DagBag from /home/airflow/.local/lib/python3.12/site-packages/airflow/example_dags/example_short_circuit_operator.py
[2024-07-06T14:53:48.430+0000] {processor.py:840} INFO - DAG(s) 'example_short_circuit_operator' retrieved from /home/airflow/.local/lib/python3.12/site-packages/airflow/example_dags/example_short_circuit_operator.py
[2024-07-06T14:53:48.439+0000] {logging_mixin.py:188} INFO - [2024-07-06T14:53:48.439+0000] {dag.py:3096} INFO - Sync 1 DAGs
[2024-07-06T14:53:48.447+0000] {logging_mixin.py:188} INFO - [2024-07-06T14:53:48.447+0000] {dag.py:3954} INFO - Setting next_dagrun for example_short_circuit_operator to 2024-07-05 00:00:00+00:00, run_after=2024-07-06 00:00:00+00:00
[2024-07-06T14:53:48.453+0000] {processor.py:183} INFO - Processing /home/airflow/.local/lib/python3.12/site-packages/airflow/example_dags/example_short_circuit_operator.py took 0.030 seconds
[2024-07-06T14:54:18.721+0000] {processor.py:161} INFO - Started process (PID=10591) to work on /home/airflow/.local/lib/python3.12/site-packages/airflow/example_dags/example_short_circuit_operator.py
[2024-07-06T14:54:18.721+0000] {processor.py:830} INFO - Processing file /home/airflow/.local/lib/python3.12/site-packages/airflow/example_dags/example_short_circuit_operator.py for tasks to queue
[2024-07-06T14:54:18.722+0000] {logging_mixin.py:188} INFO - [2024-07-06T14:54:18.722+0000] {dagbag.py:545} INFO - Filling up the DagBag from /home/airflow/.local/lib/python3.12/site-packages/airflow/example_dags/example_short_circuit_operator.py
[2024-07-06T14:54:18.725+0000] {processor.py:840} INFO - DAG(s) 'example_short_circuit_operator' retrieved from /home/airflow/.local/lib/python3.12/site-packages/airflow/example_dags/example_short_circuit_operator.py
[2024-07-06T14:54:18.733+0000] {logging_mixin.py:188} INFO - [2024-07-06T14:54:18.733+0000] {dag.py:3096} INFO - Sync 1 DAGs
[2024-07-06T14:54:18.741+0000] {logging_mixin.py:188} INFO - [2024-07-06T14:54:18.741+0000] {dag.py:3954} INFO - Setting next_dagrun for example_short_circuit_operator to 2024-07-05 00:00:00+00:00, run_after=2024-07-06 00:00:00+00:00
[2024-07-06T14:54:18.747+0000] {processor.py:183} INFO - Processing /home/airflow/.local/lib/python3.12/site-packages/airflow/example_dags/example_short_circuit_operator.py took 0.029 seconds
[2024-07-06T14:54:49.050+0000] {processor.py:161} INFO - Started process (PID=10648) to work on /home/airflow/.local/lib/python3.12/site-packages/airflow/example_dags/example_short_circuit_operator.py
[2024-07-06T14:54:49.051+0000] {processor.py:830} INFO - Processing file /home/airflow/.local/lib/python3.12/site-packages/airflow/example_dags/example_short_circuit_operator.py for tasks to queue
[2024-07-06T14:54:49.051+0000] {logging_mixin.py:188} INFO - [2024-07-06T14:54:49.051+0000] {dagbag.py:545} INFO - Filling up the DagBag from /home/airflow/.local/lib/python3.12/site-packages/airflow/example_dags/example_short_circuit_operator.py
[2024-07-06T14:54:49.054+0000] {processor.py:840} INFO - DAG(s) 'example_short_circuit_operator' retrieved from /home/airflow/.local/lib/python3.12/site-packages/airflow/example_dags/example_short_circuit_operator.py
[2024-07-06T14:54:49.062+0000] {logging_mixin.py:188} INFO - [2024-07-06T14:54:49.062+0000] {dag.py:3096} INFO - Sync 1 DAGs
[2024-07-06T14:54:49.069+0000] {logging_mixin.py:188} INFO - [2024-07-06T14:54:49.069+0000] {dag.py:3954} INFO - Setting next_dagrun for example_short_circuit_operator to 2024-07-05 00:00:00+00:00, run_after=2024-07-06 00:00:00+00:00
[2024-07-06T14:54:49.075+0000] {processor.py:183} INFO - Processing /home/airflow/.local/lib/python3.12/site-packages/airflow/example_dags/example_short_circuit_operator.py took 0.027 seconds
[2024-07-06T14:55:19.476+0000] {processor.py:161} INFO - Started process (PID=10706) to work on /home/airflow/.local/lib/python3.12/site-packages/airflow/example_dags/example_short_circuit_operator.py
[2024-07-06T14:55:19.476+0000] {processor.py:830} INFO - Processing file /home/airflow/.local/lib/python3.12/site-packages/airflow/example_dags/example_short_circuit_operator.py for tasks to queue
[2024-07-06T14:55:19.477+0000] {logging_mixin.py:188} INFO - [2024-07-06T14:55:19.477+0000] {dagbag.py:545} INFO - Filling up the DagBag from /home/airflow/.local/lib/python3.12/site-packages/airflow/example_dags/example_short_circuit_operator.py
[2024-07-06T14:55:19.480+0000] {processor.py:840} INFO - DAG(s) 'example_short_circuit_operator' retrieved from /home/airflow/.local/lib/python3.12/site-packages/airflow/example_dags/example_short_circuit_operator.py
[2024-07-06T14:55:19.488+0000] {logging_mixin.py:188} INFO - [2024-07-06T14:55:19.488+0000] {dag.py:3096} INFO - Sync 1 DAGs
[2024-07-06T14:55:19.496+0000] {logging_mixin.py:188} INFO - [2024-07-06T14:55:19.496+0000] {dag.py:3954} INFO - Setting next_dagrun for example_short_circuit_operator to 2024-07-05 00:00:00+00:00, run_after=2024-07-06 00:00:00+00:00
[2024-07-06T14:55:19.502+0000] {processor.py:183} INFO - Processing /home/airflow/.local/lib/python3.12/site-packages/airflow/example_dags/example_short_circuit_operator.py took 0.029 seconds
[2024-07-06T14:55:49.892+0000] {processor.py:161} INFO - Started process (PID=10764) to work on /home/airflow/.local/lib/python3.12/site-packages/airflow/example_dags/example_short_circuit_operator.py
[2024-07-06T14:55:49.892+0000] {processor.py:830} INFO - Processing file /home/airflow/.local/lib/python3.12/site-packages/airflow/example_dags/example_short_circuit_operator.py for tasks to queue
[2024-07-06T14:55:49.893+0000] {logging_mixin.py:188} INFO - [2024-07-06T14:55:49.893+0000] {dagbag.py:545} INFO - Filling up the DagBag from /home/airflow/.local/lib/python3.12/site-packages/airflow/example_dags/example_short_circuit_operator.py
[2024-07-06T14:55:49.897+0000] {processor.py:840} INFO - DAG(s) 'example_short_circuit_operator' retrieved from /home/airflow/.local/lib/python3.12/site-packages/airflow/example_dags/example_short_circuit_operator.py
[2024-07-06T14:55:49.907+0000] {logging_mixin.py:188} INFO - [2024-07-06T14:55:49.907+0000] {dag.py:3096} INFO - Sync 1 DAGs
[2024-07-06T14:55:49.915+0000] {logging_mixin.py:188} INFO - [2024-07-06T14:55:49.915+0000] {dag.py:3954} INFO - Setting next_dagrun for example_short_circuit_operator to 2024-07-05 00:00:00+00:00, run_after=2024-07-06 00:00:00+00:00
[2024-07-06T14:55:49.922+0000] {processor.py:183} INFO - Processing /home/airflow/.local/lib/python3.12/site-packages/airflow/example_dags/example_short_circuit_operator.py took 0.032 seconds
[2024-07-06T14:56:20.297+0000] {processor.py:161} INFO - Started process (PID=10822) to work on /home/airflow/.local/lib/python3.12/site-packages/airflow/example_dags/example_short_circuit_operator.py
[2024-07-06T14:56:20.297+0000] {processor.py:830} INFO - Processing file /home/airflow/.local/lib/python3.12/site-packages/airflow/example_dags/example_short_circuit_operator.py for tasks to queue
[2024-07-06T14:56:20.298+0000] {logging_mixin.py:188} INFO - [2024-07-06T14:56:20.298+0000] {dagbag.py:545} INFO - Filling up the DagBag from /home/airflow/.local/lib/python3.12/site-packages/airflow/example_dags/example_short_circuit_operator.py
[2024-07-06T14:56:20.301+0000] {processor.py:840} INFO - DAG(s) 'example_short_circuit_operator' retrieved from /home/airflow/.local/lib/python3.12/site-packages/airflow/example_dags/example_short_circuit_operator.py
[2024-07-06T14:56:20.309+0000] {logging_mixin.py:188} INFO - [2024-07-06T14:56:20.309+0000] {dag.py:3096} INFO - Sync 1 DAGs
[2024-07-06T14:56:20.316+0000] {logging_mixin.py:188} INFO - [2024-07-06T14:56:20.316+0000] {dag.py:3954} INFO - Setting next_dagrun for example_short_circuit_operator to 2024-07-05 00:00:00+00:00, run_after=2024-07-06 00:00:00+00:00
[2024-07-06T14:56:20.322+0000] {processor.py:183} INFO - Processing /home/airflow/.local/lib/python3.12/site-packages/airflow/example_dags/example_short_circuit_operator.py took 0.027 seconds
[2024-07-06T14:56:50.694+0000] {processor.py:161} INFO - Started process (PID=10880) to work on /home/airflow/.local/lib/python3.12/site-packages/airflow/example_dags/example_short_circuit_operator.py
[2024-07-06T14:56:50.694+0000] {processor.py:830} INFO - Processing file /home/airflow/.local/lib/python3.12/site-packages/airflow/example_dags/example_short_circuit_operator.py for tasks to queue
[2024-07-06T14:56:50.695+0000] {logging_mixin.py:188} INFO - [2024-07-06T14:56:50.695+0000] {dagbag.py:545} INFO - Filling up the DagBag from /home/airflow/.local/lib/python3.12/site-packages/airflow/example_dags/example_short_circuit_operator.py
[2024-07-06T14:56:50.698+0000] {processor.py:840} INFO - DAG(s) 'example_short_circuit_operator' retrieved from /home/airflow/.local/lib/python3.12/site-packages/airflow/example_dags/example_short_circuit_operator.py
[2024-07-06T14:56:50.707+0000] {logging_mixin.py:188} INFO - [2024-07-06T14:56:50.707+0000] {dag.py:3096} INFO - Sync 1 DAGs
[2024-07-06T14:56:50.716+0000] {logging_mixin.py:188} INFO - [2024-07-06T14:56:50.715+0000] {dag.py:3954} INFO - Setting next_dagrun for example_short_circuit_operator to 2024-07-05 00:00:00+00:00, run_after=2024-07-06 00:00:00+00:00
[2024-07-06T14:56:50.721+0000] {processor.py:183} INFO - Processing /home/airflow/.local/lib/python3.12/site-packages/airflow/example_dags/example_short_circuit_operator.py took 0.030 seconds
[2024-07-06T14:57:21.035+0000] {processor.py:161} INFO - Started process (PID=10938) to work on /home/airflow/.local/lib/python3.12/site-packages/airflow/example_dags/example_short_circuit_operator.py
[2024-07-06T14:57:21.035+0000] {processor.py:830} INFO - Processing file /home/airflow/.local/lib/python3.12/site-packages/airflow/example_dags/example_short_circuit_operator.py for tasks to queue
[2024-07-06T14:57:21.036+0000] {logging_mixin.py:188} INFO - [2024-07-06T14:57:21.036+0000] {dagbag.py:545} INFO - Filling up the DagBag from /home/airflow/.local/lib/python3.12/site-packages/airflow/example_dags/example_short_circuit_operator.py
[2024-07-06T14:57:21.039+0000] {processor.py:840} INFO - DAG(s) 'example_short_circuit_operator' retrieved from /home/airflow/.local/lib/python3.12/site-packages/airflow/example_dags/example_short_circuit_operator.py
[2024-07-06T14:57:21.048+0000] {logging_mixin.py:188} INFO - [2024-07-06T14:57:21.048+0000] {dag.py:3096} INFO - Sync 1 DAGs
[2024-07-06T14:57:21.056+0000] {logging_mixin.py:188} INFO - [2024-07-06T14:57:21.056+0000] {dag.py:3954} INFO - Setting next_dagrun for example_short_circuit_operator to 2024-07-05 00:00:00+00:00, run_after=2024-07-06 00:00:00+00:00
[2024-07-06T14:57:21.062+0000] {processor.py:183} INFO - Processing /home/airflow/.local/lib/python3.12/site-packages/airflow/example_dags/example_short_circuit_operator.py took 0.029 seconds
[2024-07-06T14:57:51.357+0000] {processor.py:161} INFO - Started process (PID=10996) to work on /home/airflow/.local/lib/python3.12/site-packages/airflow/example_dags/example_short_circuit_operator.py
[2024-07-06T14:57:51.359+0000] {processor.py:830} INFO - Processing file /home/airflow/.local/lib/python3.12/site-packages/airflow/example_dags/example_short_circuit_operator.py for tasks to queue
[2024-07-06T14:57:51.360+0000] {logging_mixin.py:188} INFO - [2024-07-06T14:57:51.360+0000] {dagbag.py:545} INFO - Filling up the DagBag from /home/airflow/.local/lib/python3.12/site-packages/airflow/example_dags/example_short_circuit_operator.py
[2024-07-06T14:57:51.363+0000] {processor.py:840} INFO - DAG(s) 'example_short_circuit_operator' retrieved from /home/airflow/.local/lib/python3.12/site-packages/airflow/example_dags/example_short_circuit_operator.py
[2024-07-06T14:57:51.372+0000] {logging_mixin.py:188} INFO - [2024-07-06T14:57:51.372+0000] {dag.py:3096} INFO - Sync 1 DAGs
[2024-07-06T14:57:51.380+0000] {logging_mixin.py:188} INFO - [2024-07-06T14:57:51.380+0000] {dag.py:3954} INFO - Setting next_dagrun for example_short_circuit_operator to 2024-07-05 00:00:00+00:00, run_after=2024-07-06 00:00:00+00:00
[2024-07-06T14:57:51.387+0000] {processor.py:183} INFO - Processing /home/airflow/.local/lib/python3.12/site-packages/airflow/example_dags/example_short_circuit_operator.py took 0.032 seconds
[2024-07-06T14:58:21.777+0000] {processor.py:161} INFO - Started process (PID=11054) to work on /home/airflow/.local/lib/python3.12/site-packages/airflow/example_dags/example_short_circuit_operator.py
[2024-07-06T14:58:21.777+0000] {processor.py:830} INFO - Processing file /home/airflow/.local/lib/python3.12/site-packages/airflow/example_dags/example_short_circuit_operator.py for tasks to queue
[2024-07-06T14:58:21.778+0000] {logging_mixin.py:188} INFO - [2024-07-06T14:58:21.778+0000] {dagbag.py:545} INFO - Filling up the DagBag from /home/airflow/.local/lib/python3.12/site-packages/airflow/example_dags/example_short_circuit_operator.py
[2024-07-06T14:58:21.781+0000] {processor.py:840} INFO - DAG(s) 'example_short_circuit_operator' retrieved from /home/airflow/.local/lib/python3.12/site-packages/airflow/example_dags/example_short_circuit_operator.py
[2024-07-06T14:58:21.788+0000] {logging_mixin.py:188} INFO - [2024-07-06T14:58:21.788+0000] {dag.py:3096} INFO - Sync 1 DAGs
[2024-07-06T14:58:21.797+0000] {logging_mixin.py:188} INFO - [2024-07-06T14:58:21.797+0000] {dag.py:3954} INFO - Setting next_dagrun for example_short_circuit_operator to 2024-07-05 00:00:00+00:00, run_after=2024-07-06 00:00:00+00:00
[2024-07-06T14:58:21.803+0000] {processor.py:183} INFO - Processing /home/airflow/.local/lib/python3.12/site-packages/airflow/example_dags/example_short_circuit_operator.py took 0.028 seconds
[2024-07-06T14:58:52.285+0000] {processor.py:161} INFO - Started process (PID=11112) to work on /home/airflow/.local/lib/python3.12/site-packages/airflow/example_dags/example_short_circuit_operator.py
[2024-07-06T14:58:52.285+0000] {processor.py:830} INFO - Processing file /home/airflow/.local/lib/python3.12/site-packages/airflow/example_dags/example_short_circuit_operator.py for tasks to queue
[2024-07-06T14:58:52.286+0000] {logging_mixin.py:188} INFO - [2024-07-06T14:58:52.286+0000] {dagbag.py:545} INFO - Filling up the DagBag from /home/airflow/.local/lib/python3.12/site-packages/airflow/example_dags/example_short_circuit_operator.py
[2024-07-06T14:58:52.290+0000] {processor.py:840} INFO - DAG(s) 'example_short_circuit_operator' retrieved from /home/airflow/.local/lib/python3.12/site-packages/airflow/example_dags/example_short_circuit_operator.py
[2024-07-06T14:58:52.298+0000] {logging_mixin.py:188} INFO - [2024-07-06T14:58:52.298+0000] {dag.py:3096} INFO - Sync 1 DAGs
[2024-07-06T14:58:52.307+0000] {logging_mixin.py:188} INFO - [2024-07-06T14:58:52.307+0000] {dag.py:3954} INFO - Setting next_dagrun for example_short_circuit_operator to 2024-07-05 00:00:00+00:00, run_after=2024-07-06 00:00:00+00:00
[2024-07-06T14:58:52.314+0000] {processor.py:183} INFO - Processing /home/airflow/.local/lib/python3.12/site-packages/airflow/example_dags/example_short_circuit_operator.py took 0.031 seconds
[2024-07-06T14:59:22.863+0000] {processor.py:161} INFO - Started process (PID=11170) to work on /home/airflow/.local/lib/python3.12/site-packages/airflow/example_dags/example_short_circuit_operator.py
[2024-07-06T14:59:22.863+0000] {processor.py:830} INFO - Processing file /home/airflow/.local/lib/python3.12/site-packages/airflow/example_dags/example_short_circuit_operator.py for tasks to queue
[2024-07-06T14:59:22.864+0000] {logging_mixin.py:188} INFO - [2024-07-06T14:59:22.864+0000] {dagbag.py:545} INFO - Filling up the DagBag from /home/airflow/.local/lib/python3.12/site-packages/airflow/example_dags/example_short_circuit_operator.py
[2024-07-06T14:59:22.867+0000] {processor.py:840} INFO - DAG(s) 'example_short_circuit_operator' retrieved from /home/airflow/.local/lib/python3.12/site-packages/airflow/example_dags/example_short_circuit_operator.py
[2024-07-06T14:59:22.875+0000] {logging_mixin.py:188} INFO - [2024-07-06T14:59:22.875+0000] {dag.py:3096} INFO - Sync 1 DAGs
[2024-07-06T14:59:22.882+0000] {logging_mixin.py:188} INFO - [2024-07-06T14:59:22.882+0000] {dag.py:3954} INFO - Setting next_dagrun for example_short_circuit_operator to 2024-07-05 00:00:00+00:00, run_after=2024-07-06 00:00:00+00:00
[2024-07-06T14:59:22.888+0000] {processor.py:183} INFO - Processing /home/airflow/.local/lib/python3.12/site-packages/airflow/example_dags/example_short_circuit_operator.py took 0.028 seconds
[2024-07-06T14:59:53.607+0000] {processor.py:161} INFO - Started process (PID=11228) to work on /home/airflow/.local/lib/python3.12/site-packages/airflow/example_dags/example_short_circuit_operator.py
[2024-07-06T14:59:53.608+0000] {processor.py:830} INFO - Processing file /home/airflow/.local/lib/python3.12/site-packages/airflow/example_dags/example_short_circuit_operator.py for tasks to queue
[2024-07-06T14:59:53.609+0000] {logging_mixin.py:188} INFO - [2024-07-06T14:59:53.608+0000] {dagbag.py:545} INFO - Filling up the DagBag from /home/airflow/.local/lib/python3.12/site-packages/airflow/example_dags/example_short_circuit_operator.py
[2024-07-06T14:59:53.612+0000] {processor.py:840} INFO - DAG(s) 'example_short_circuit_operator' retrieved from /home/airflow/.local/lib/python3.12/site-packages/airflow/example_dags/example_short_circuit_operator.py
[2024-07-06T14:59:53.622+0000] {logging_mixin.py:188} INFO - [2024-07-06T14:59:53.622+0000] {dag.py:3096} INFO - Sync 1 DAGs
[2024-07-06T14:59:53.631+0000] {logging_mixin.py:188} INFO - [2024-07-06T14:59:53.631+0000] {dag.py:3954} INFO - Setting next_dagrun for example_short_circuit_operator to 2024-07-05 00:00:00+00:00, run_after=2024-07-06 00:00:00+00:00
[2024-07-06T14:59:53.637+0000] {processor.py:183} INFO - Processing /home/airflow/.local/lib/python3.12/site-packages/airflow/example_dags/example_short_circuit_operator.py took 0.033 seconds
[2024-07-06T15:00:24.036+0000] {processor.py:161} INFO - Started process (PID=11286) to work on /home/airflow/.local/lib/python3.12/site-packages/airflow/example_dags/example_short_circuit_operator.py
[2024-07-06T15:00:24.037+0000] {processor.py:830} INFO - Processing file /home/airflow/.local/lib/python3.12/site-packages/airflow/example_dags/example_short_circuit_operator.py for tasks to queue
[2024-07-06T15:00:24.037+0000] {logging_mixin.py:188} INFO - [2024-07-06T15:00:24.037+0000] {dagbag.py:545} INFO - Filling up the DagBag from /home/airflow/.local/lib/python3.12/site-packages/airflow/example_dags/example_short_circuit_operator.py
[2024-07-06T15:00:24.040+0000] {processor.py:840} INFO - DAG(s) 'example_short_circuit_operator' retrieved from /home/airflow/.local/lib/python3.12/site-packages/airflow/example_dags/example_short_circuit_operator.py
[2024-07-06T15:00:24.048+0000] {logging_mixin.py:188} INFO - [2024-07-06T15:00:24.048+0000] {dag.py:3096} INFO - Sync 1 DAGs
[2024-07-06T15:00:24.056+0000] {logging_mixin.py:188} INFO - [2024-07-06T15:00:24.056+0000] {dag.py:3954} INFO - Setting next_dagrun for example_short_circuit_operator to 2024-07-05 00:00:00+00:00, run_after=2024-07-06 00:00:00+00:00
[2024-07-06T15:00:24.061+0000] {processor.py:183} INFO - Processing /home/airflow/.local/lib/python3.12/site-packages/airflow/example_dags/example_short_circuit_operator.py took 0.027 seconds
