[2024-07-06T00:02:22.171+0000] {processor.py:161} INFO - Started process (PID=8206) to work on /home/airflow/.local/lib/python3.12/site-packages/airflow/example_dags/tutorial_dag.py
[2024-07-06T00:02:22.171+0000] {processor.py:830} INFO - Processing file /home/airflow/.local/lib/python3.12/site-packages/airflow/example_dags/tutorial_dag.py for tasks to queue
[2024-07-06T00:02:22.172+0000] {logging_mixin.py:188} INFO - [2024-07-06T00:02:22.172+0000] {dagbag.py:545} INFO - Filling up the DagBag from /home/airflow/.local/lib/python3.12/site-packages/airflow/example_dags/tutorial_dag.py
[2024-07-06T00:02:22.174+0000] {processor.py:840} INFO - DAG(s) 'tutorial_dag' retrieved from /home/airflow/.local/lib/python3.12/site-packages/airflow/example_dags/tutorial_dag.py
[2024-07-06T00:02:22.182+0000] {logging_mixin.py:188} INFO - [2024-07-06T00:02:22.182+0000] {dag.py:3096} INFO - Sync 1 DAGs
[2024-07-06T00:02:22.187+0000] {logging_mixin.py:188} INFO - [2024-07-06T00:02:22.187+0000] {dag.py:3954} INFO - Setting next_dagrun for tutorial_dag to None, run_after=None
[2024-07-06T00:02:22.193+0000] {processor.py:183} INFO - Processing /home/airflow/.local/lib/python3.12/site-packages/airflow/example_dags/tutorial_dag.py took 0.025 seconds
[2024-07-06T01:03:22.525+0000] {processor.py:161} INFO - Started process (PID=8264) to work on /home/airflow/.local/lib/python3.12/site-packages/airflow/example_dags/tutorial_dag.py
[2024-07-06T01:03:22.525+0000] {processor.py:830} INFO - Processing file /home/airflow/.local/lib/python3.12/site-packages/airflow/example_dags/tutorial_dag.py for tasks to queue
[2024-07-06T01:03:22.526+0000] {logging_mixin.py:188} INFO - [2024-07-06T01:03:22.526+0000] {dagbag.py:545} INFO - Filling up the DagBag from /home/airflow/.local/lib/python3.12/site-packages/airflow/example_dags/tutorial_dag.py
[2024-07-06T01:03:22.528+0000] {processor.py:840} INFO - DAG(s) 'tutorial_dag' retrieved from /home/airflow/.local/lib/python3.12/site-packages/airflow/example_dags/tutorial_dag.py
[2024-07-06T01:03:22.536+0000] {logging_mixin.py:188} INFO - [2024-07-06T01:03:22.536+0000] {dag.py:3096} INFO - Sync 1 DAGs
[2024-07-06T01:03:22.541+0000] {logging_mixin.py:188} INFO - [2024-07-06T01:03:22.541+0000] {dag.py:3954} INFO - Setting next_dagrun for tutorial_dag to None, run_after=None
[2024-07-06T01:03:22.547+0000] {processor.py:183} INFO - Processing /home/airflow/.local/lib/python3.12/site-packages/airflow/example_dags/tutorial_dag.py took 0.025 seconds
[2024-07-06T02:04:18.050+0000] {processor.py:161} INFO - Started process (PID=8322) to work on /home/airflow/.local/lib/python3.12/site-packages/airflow/example_dags/tutorial_dag.py
[2024-07-06T02:04:18.050+0000] {processor.py:830} INFO - Processing file /home/airflow/.local/lib/python3.12/site-packages/airflow/example_dags/tutorial_dag.py for tasks to queue
[2024-07-06T02:04:18.051+0000] {logging_mixin.py:188} INFO - [2024-07-06T02:04:18.051+0000] {dagbag.py:545} INFO - Filling up the DagBag from /home/airflow/.local/lib/python3.12/site-packages/airflow/example_dags/tutorial_dag.py
[2024-07-06T02:04:18.054+0000] {processor.py:840} INFO - DAG(s) 'tutorial_dag' retrieved from /home/airflow/.local/lib/python3.12/site-packages/airflow/example_dags/tutorial_dag.py
[2024-07-06T02:04:18.063+0000] {logging_mixin.py:188} INFO - [2024-07-06T02:04:18.063+0000] {dag.py:3096} INFO - Sync 1 DAGs
[2024-07-06T02:04:18.069+0000] {logging_mixin.py:188} INFO - [2024-07-06T02:04:18.069+0000] {dag.py:3954} INFO - Setting next_dagrun for tutorial_dag to None, run_after=None
[2024-07-06T02:04:18.076+0000] {processor.py:183} INFO - Processing /home/airflow/.local/lib/python3.12/site-packages/airflow/example_dags/tutorial_dag.py took 0.029 seconds
[2024-07-06T03:05:22.111+0000] {processor.py:161} INFO - Started process (PID=8380) to work on /home/airflow/.local/lib/python3.12/site-packages/airflow/example_dags/tutorial_dag.py
[2024-07-06T03:05:22.112+0000] {processor.py:830} INFO - Processing file /home/airflow/.local/lib/python3.12/site-packages/airflow/example_dags/tutorial_dag.py for tasks to queue
[2024-07-06T03:05:22.112+0000] {logging_mixin.py:188} INFO - [2024-07-06T03:05:22.112+0000] {dagbag.py:545} INFO - Filling up the DagBag from /home/airflow/.local/lib/python3.12/site-packages/airflow/example_dags/tutorial_dag.py
[2024-07-06T03:05:22.115+0000] {processor.py:840} INFO - DAG(s) 'tutorial_dag' retrieved from /home/airflow/.local/lib/python3.12/site-packages/airflow/example_dags/tutorial_dag.py
[2024-07-06T03:05:22.123+0000] {logging_mixin.py:188} INFO - [2024-07-06T03:05:22.123+0000] {dag.py:3096} INFO - Sync 1 DAGs
[2024-07-06T03:05:22.128+0000] {logging_mixin.py:188} INFO - [2024-07-06T03:05:22.128+0000] {dag.py:3954} INFO - Setting next_dagrun for tutorial_dag to None, run_after=None
[2024-07-06T03:05:22.135+0000] {processor.py:183} INFO - Processing /home/airflow/.local/lib/python3.12/site-packages/airflow/example_dags/tutorial_dag.py took 0.028 seconds
[2024-07-06T04:24:03.357+0000] {processor.py:161} INFO - Started process (PID=8438) to work on /home/airflow/.local/lib/python3.12/site-packages/airflow/example_dags/tutorial_dag.py
[2024-07-06T04:24:03.357+0000] {processor.py:830} INFO - Processing file /home/airflow/.local/lib/python3.12/site-packages/airflow/example_dags/tutorial_dag.py for tasks to queue
[2024-07-06T04:24:03.358+0000] {logging_mixin.py:188} INFO - [2024-07-06T04:24:03.358+0000] {dagbag.py:545} INFO - Filling up the DagBag from /home/airflow/.local/lib/python3.12/site-packages/airflow/example_dags/tutorial_dag.py
[2024-07-06T04:24:03.360+0000] {processor.py:840} INFO - DAG(s) 'tutorial_dag' retrieved from /home/airflow/.local/lib/python3.12/site-packages/airflow/example_dags/tutorial_dag.py
[2024-07-06T04:24:03.368+0000] {logging_mixin.py:188} INFO - [2024-07-06T04:24:03.368+0000] {dag.py:3096} INFO - Sync 1 DAGs
[2024-07-06T04:24:03.373+0000] {logging_mixin.py:188} INFO - [2024-07-06T04:24:03.373+0000] {dag.py:3954} INFO - Setting next_dagrun for tutorial_dag to None, run_after=None
[2024-07-06T04:24:03.379+0000] {processor.py:183} INFO - Processing /home/airflow/.local/lib/python3.12/site-packages/airflow/example_dags/tutorial_dag.py took 0.025 seconds
[2024-07-06T05:41:14.924+0000] {processor.py:161} INFO - Started process (PID=8496) to work on /home/airflow/.local/lib/python3.12/site-packages/airflow/example_dags/tutorial_dag.py
[2024-07-06T05:41:14.924+0000] {processor.py:830} INFO - Processing file /home/airflow/.local/lib/python3.12/site-packages/airflow/example_dags/tutorial_dag.py for tasks to queue
[2024-07-06T05:41:14.925+0000] {logging_mixin.py:188} INFO - [2024-07-06T05:41:14.925+0000] {dagbag.py:545} INFO - Filling up the DagBag from /home/airflow/.local/lib/python3.12/site-packages/airflow/example_dags/tutorial_dag.py
[2024-07-06T05:41:14.927+0000] {processor.py:840} INFO - DAG(s) 'tutorial_dag' retrieved from /home/airflow/.local/lib/python3.12/site-packages/airflow/example_dags/tutorial_dag.py
[2024-07-06T05:41:14.935+0000] {logging_mixin.py:188} INFO - [2024-07-06T05:41:14.935+0000] {dag.py:3096} INFO - Sync 1 DAGs
[2024-07-06T05:41:14.940+0000] {logging_mixin.py:188} INFO - [2024-07-06T05:41:14.940+0000] {dag.py:3954} INFO - Setting next_dagrun for tutorial_dag to None, run_after=None
[2024-07-06T05:41:14.946+0000] {processor.py:183} INFO - Processing /home/airflow/.local/lib/python3.12/site-packages/airflow/example_dags/tutorial_dag.py took 0.024 seconds
[2024-07-06T06:57:58.393+0000] {processor.py:161} INFO - Started process (PID=8554) to work on /home/airflow/.local/lib/python3.12/site-packages/airflow/example_dags/tutorial_dag.py
[2024-07-06T06:57:58.393+0000] {processor.py:830} INFO - Processing file /home/airflow/.local/lib/python3.12/site-packages/airflow/example_dags/tutorial_dag.py for tasks to queue
[2024-07-06T06:57:58.394+0000] {logging_mixin.py:188} INFO - [2024-07-06T06:57:58.394+0000] {dagbag.py:545} INFO - Filling up the DagBag from /home/airflow/.local/lib/python3.12/site-packages/airflow/example_dags/tutorial_dag.py
[2024-07-06T06:57:58.396+0000] {processor.py:840} INFO - DAG(s) 'tutorial_dag' retrieved from /home/airflow/.local/lib/python3.12/site-packages/airflow/example_dags/tutorial_dag.py
[2024-07-06T06:57:58.404+0000] {logging_mixin.py:188} INFO - [2024-07-06T06:57:58.404+0000] {dag.py:3096} INFO - Sync 1 DAGs
[2024-07-06T06:57:58.408+0000] {logging_mixin.py:188} INFO - [2024-07-06T06:57:58.408+0000] {dag.py:3954} INFO - Setting next_dagrun for tutorial_dag to None, run_after=None
[2024-07-06T06:57:58.415+0000] {processor.py:183} INFO - Processing /home/airflow/.local/lib/python3.12/site-packages/airflow/example_dags/tutorial_dag.py took 0.024 seconds
[2024-07-06T07:58:18.775+0000] {processor.py:161} INFO - Started process (PID=8612) to work on /home/airflow/.local/lib/python3.12/site-packages/airflow/example_dags/tutorial_dag.py
[2024-07-06T07:58:18.775+0000] {processor.py:830} INFO - Processing file /home/airflow/.local/lib/python3.12/site-packages/airflow/example_dags/tutorial_dag.py for tasks to queue
[2024-07-06T07:58:18.776+0000] {logging_mixin.py:188} INFO - [2024-07-06T07:58:18.776+0000] {dagbag.py:545} INFO - Filling up the DagBag from /home/airflow/.local/lib/python3.12/site-packages/airflow/example_dags/tutorial_dag.py
[2024-07-06T07:58:18.778+0000] {processor.py:840} INFO - DAG(s) 'tutorial_dag' retrieved from /home/airflow/.local/lib/python3.12/site-packages/airflow/example_dags/tutorial_dag.py
[2024-07-06T07:58:18.787+0000] {logging_mixin.py:188} INFO - [2024-07-06T07:58:18.787+0000] {dag.py:3096} INFO - Sync 1 DAGs
[2024-07-06T07:58:18.791+0000] {logging_mixin.py:188} INFO - [2024-07-06T07:58:18.791+0000] {dag.py:3954} INFO - Setting next_dagrun for tutorial_dag to None, run_after=None
[2024-07-06T07:58:18.798+0000] {processor.py:183} INFO - Processing /home/airflow/.local/lib/python3.12/site-packages/airflow/example_dags/tutorial_dag.py took 0.025 seconds
[2024-07-06T08:36:32.404+0000] {processor.py:161} INFO - Started process (PID=8670) to work on /home/airflow/.local/lib/python3.12/site-packages/airflow/example_dags/tutorial_dag.py
[2024-07-06T08:36:32.404+0000] {processor.py:830} INFO - Processing file /home/airflow/.local/lib/python3.12/site-packages/airflow/example_dags/tutorial_dag.py for tasks to queue
[2024-07-06T08:36:32.405+0000] {logging_mixin.py:188} INFO - [2024-07-06T08:36:32.405+0000] {dagbag.py:545} INFO - Filling up the DagBag from /home/airflow/.local/lib/python3.12/site-packages/airflow/example_dags/tutorial_dag.py
[2024-07-06T08:36:32.407+0000] {processor.py:840} INFO - DAG(s) 'tutorial_dag' retrieved from /home/airflow/.local/lib/python3.12/site-packages/airflow/example_dags/tutorial_dag.py
[2024-07-06T08:36:32.417+0000] {logging_mixin.py:188} INFO - [2024-07-06T08:36:32.417+0000] {dag.py:3096} INFO - Sync 1 DAGs
[2024-07-06T08:36:32.422+0000] {logging_mixin.py:188} INFO - [2024-07-06T08:36:32.421+0000] {dag.py:3954} INFO - Setting next_dagrun for tutorial_dag to None, run_after=None
[2024-07-06T08:36:32.429+0000] {processor.py:183} INFO - Processing /home/airflow/.local/lib/python3.12/site-packages/airflow/example_dags/tutorial_dag.py took 0.027 seconds
[2024-07-06T09:11:22.694+0000] {processor.py:161} INFO - Started process (PID=8728) to work on /home/airflow/.local/lib/python3.12/site-packages/airflow/example_dags/tutorial_dag.py
[2024-07-06T09:11:22.695+0000] {processor.py:830} INFO - Processing file /home/airflow/.local/lib/python3.12/site-packages/airflow/example_dags/tutorial_dag.py for tasks to queue
[2024-07-06T09:11:22.695+0000] {logging_mixin.py:188} INFO - [2024-07-06T09:11:22.695+0000] {dagbag.py:545} INFO - Filling up the DagBag from /home/airflow/.local/lib/python3.12/site-packages/airflow/example_dags/tutorial_dag.py
[2024-07-06T09:11:22.698+0000] {processor.py:840} INFO - DAG(s) 'tutorial_dag' retrieved from /home/airflow/.local/lib/python3.12/site-packages/airflow/example_dags/tutorial_dag.py
[2024-07-06T09:11:22.705+0000] {logging_mixin.py:188} INFO - [2024-07-06T09:11:22.705+0000] {dag.py:3096} INFO - Sync 1 DAGs
[2024-07-06T09:11:22.710+0000] {logging_mixin.py:188} INFO - [2024-07-06T09:11:22.710+0000] {dag.py:3954} INFO - Setting next_dagrun for tutorial_dag to None, run_after=None
[2024-07-06T09:11:22.717+0000] {processor.py:183} INFO - Processing /home/airflow/.local/lib/python3.12/site-packages/airflow/example_dags/tutorial_dag.py took 0.025 seconds
[2024-07-06T09:54:55.076+0000] {processor.py:161} INFO - Started process (PID=8786) to work on /home/airflow/.local/lib/python3.12/site-packages/airflow/example_dags/tutorial_dag.py
[2024-07-06T09:54:55.076+0000] {processor.py:830} INFO - Processing file /home/airflow/.local/lib/python3.12/site-packages/airflow/example_dags/tutorial_dag.py for tasks to queue
[2024-07-06T09:54:55.077+0000] {logging_mixin.py:188} INFO - [2024-07-06T09:54:55.077+0000] {dagbag.py:545} INFO - Filling up the DagBag from /home/airflow/.local/lib/python3.12/site-packages/airflow/example_dags/tutorial_dag.py
[2024-07-06T09:54:55.079+0000] {processor.py:840} INFO - DAG(s) 'tutorial_dag' retrieved from /home/airflow/.local/lib/python3.12/site-packages/airflow/example_dags/tutorial_dag.py
[2024-07-06T09:54:55.088+0000] {logging_mixin.py:188} INFO - [2024-07-06T09:54:55.088+0000] {dag.py:3096} INFO - Sync 1 DAGs
[2024-07-06T09:54:55.093+0000] {logging_mixin.py:188} INFO - [2024-07-06T09:54:55.093+0000] {dag.py:3954} INFO - Setting next_dagrun for tutorial_dag to None, run_after=None
[2024-07-06T09:54:55.099+0000] {processor.py:183} INFO - Processing /home/airflow/.local/lib/python3.12/site-packages/airflow/example_dags/tutorial_dag.py took 0.026 seconds
[2024-07-06T10:32:28.408+0000] {processor.py:161} INFO - Started process (PID=8844) to work on /home/airflow/.local/lib/python3.12/site-packages/airflow/example_dags/tutorial_dag.py
[2024-07-06T10:32:28.408+0000] {processor.py:830} INFO - Processing file /home/airflow/.local/lib/python3.12/site-packages/airflow/example_dags/tutorial_dag.py for tasks to queue
[2024-07-06T10:32:28.409+0000] {logging_mixin.py:188} INFO - [2024-07-06T10:32:28.409+0000] {dagbag.py:545} INFO - Filling up the DagBag from /home/airflow/.local/lib/python3.12/site-packages/airflow/example_dags/tutorial_dag.py
[2024-07-06T10:32:28.411+0000] {processor.py:840} INFO - DAG(s) 'tutorial_dag' retrieved from /home/airflow/.local/lib/python3.12/site-packages/airflow/example_dags/tutorial_dag.py
[2024-07-06T10:32:28.420+0000] {logging_mixin.py:188} INFO - [2024-07-06T10:32:28.420+0000] {dag.py:3096} INFO - Sync 1 DAGs
[2024-07-06T10:32:28.425+0000] {logging_mixin.py:188} INFO - [2024-07-06T10:32:28.425+0000] {dag.py:3954} INFO - Setting next_dagrun for tutorial_dag to None, run_after=None
[2024-07-06T10:32:28.431+0000] {processor.py:183} INFO - Processing /home/airflow/.local/lib/python3.12/site-packages/airflow/example_dags/tutorial_dag.py took 0.025 seconds
[2024-07-06T11:31:00.578+0000] {processor.py:161} INFO - Started process (PID=8902) to work on /home/airflow/.local/lib/python3.12/site-packages/airflow/example_dags/tutorial_dag.py
[2024-07-06T11:31:00.578+0000] {processor.py:830} INFO - Processing file /home/airflow/.local/lib/python3.12/site-packages/airflow/example_dags/tutorial_dag.py for tasks to queue
[2024-07-06T11:31:00.579+0000] {logging_mixin.py:188} INFO - [2024-07-06T11:31:00.579+0000] {dagbag.py:545} INFO - Filling up the DagBag from /home/airflow/.local/lib/python3.12/site-packages/airflow/example_dags/tutorial_dag.py
[2024-07-06T11:31:00.581+0000] {processor.py:840} INFO - DAG(s) 'tutorial_dag' retrieved from /home/airflow/.local/lib/python3.12/site-packages/airflow/example_dags/tutorial_dag.py
[2024-07-06T11:31:00.589+0000] {logging_mixin.py:188} INFO - [2024-07-06T11:31:00.589+0000] {dag.py:3096} INFO - Sync 1 DAGs
[2024-07-06T11:31:00.593+0000] {logging_mixin.py:188} INFO - [2024-07-06T11:31:00.593+0000] {dag.py:3954} INFO - Setting next_dagrun for tutorial_dag to None, run_after=None
[2024-07-06T11:31:00.600+0000] {processor.py:183} INFO - Processing /home/airflow/.local/lib/python3.12/site-packages/airflow/example_dags/tutorial_dag.py took 0.024 seconds
[2024-07-06T12:31:30.295+0000] {processor.py:161} INFO - Started process (PID=8960) to work on /home/airflow/.local/lib/python3.12/site-packages/airflow/example_dags/tutorial_dag.py
[2024-07-06T12:31:30.296+0000] {processor.py:830} INFO - Processing file /home/airflow/.local/lib/python3.12/site-packages/airflow/example_dags/tutorial_dag.py for tasks to queue
[2024-07-06T12:31:30.296+0000] {logging_mixin.py:188} INFO - [2024-07-06T12:31:30.296+0000] {dagbag.py:545} INFO - Filling up the DagBag from /home/airflow/.local/lib/python3.12/site-packages/airflow/example_dags/tutorial_dag.py
[2024-07-06T12:31:30.299+0000] {processor.py:840} INFO - DAG(s) 'tutorial_dag' retrieved from /home/airflow/.local/lib/python3.12/site-packages/airflow/example_dags/tutorial_dag.py
[2024-07-06T12:31:30.307+0000] {logging_mixin.py:188} INFO - [2024-07-06T12:31:30.307+0000] {dag.py:3096} INFO - Sync 1 DAGs
[2024-07-06T12:31:30.313+0000] {logging_mixin.py:188} INFO - [2024-07-06T12:31:30.312+0000] {dag.py:3954} INFO - Setting next_dagrun for tutorial_dag to None, run_after=None
[2024-07-06T12:31:30.319+0000] {processor.py:183} INFO - Processing /home/airflow/.local/lib/python3.12/site-packages/airflow/example_dags/tutorial_dag.py took 0.027 seconds
[2024-07-06T13:31:19.331+0000] {processor.py:161} INFO - Started process (PID=9018) to work on /home/airflow/.local/lib/python3.12/site-packages/airflow/example_dags/tutorial_dag.py
[2024-07-06T13:31:19.331+0000] {processor.py:830} INFO - Processing file /home/airflow/.local/lib/python3.12/site-packages/airflow/example_dags/tutorial_dag.py for tasks to queue
[2024-07-06T13:31:19.332+0000] {logging_mixin.py:188} INFO - [2024-07-06T13:31:19.332+0000] {dagbag.py:545} INFO - Filling up the DagBag from /home/airflow/.local/lib/python3.12/site-packages/airflow/example_dags/tutorial_dag.py
[2024-07-06T13:31:19.334+0000] {processor.py:840} INFO - DAG(s) 'tutorial_dag' retrieved from /home/airflow/.local/lib/python3.12/site-packages/airflow/example_dags/tutorial_dag.py
[2024-07-06T13:31:19.342+0000] {logging_mixin.py:188} INFO - [2024-07-06T13:31:19.342+0000] {dag.py:3096} INFO - Sync 1 DAGs
[2024-07-06T13:31:19.347+0000] {logging_mixin.py:188} INFO - [2024-07-06T13:31:19.347+0000] {dag.py:3954} INFO - Setting next_dagrun for tutorial_dag to None, run_after=None
[2024-07-06T13:31:19.354+0000] {processor.py:183} INFO - Processing /home/airflow/.local/lib/python3.12/site-packages/airflow/example_dags/tutorial_dag.py took 0.025 seconds
[2024-07-06T13:36:55.905+0000] {processor.py:161} INFO - Started process (PID=9076) to work on /home/airflow/.local/lib/python3.12/site-packages/airflow/example_dags/tutorial_dag.py
[2024-07-06T13:36:55.905+0000] {processor.py:830} INFO - Processing file /home/airflow/.local/lib/python3.12/site-packages/airflow/example_dags/tutorial_dag.py for tasks to queue
[2024-07-06T13:36:55.906+0000] {logging_mixin.py:188} INFO - [2024-07-06T13:36:55.906+0000] {dagbag.py:545} INFO - Filling up the DagBag from /home/airflow/.local/lib/python3.12/site-packages/airflow/example_dags/tutorial_dag.py
[2024-07-06T13:36:55.908+0000] {processor.py:840} INFO - DAG(s) 'tutorial_dag' retrieved from /home/airflow/.local/lib/python3.12/site-packages/airflow/example_dags/tutorial_dag.py
[2024-07-06T13:36:55.916+0000] {logging_mixin.py:188} INFO - [2024-07-06T13:36:55.916+0000] {dag.py:3096} INFO - Sync 1 DAGs
[2024-07-06T13:36:55.921+0000] {logging_mixin.py:188} INFO - [2024-07-06T13:36:55.921+0000] {dag.py:3954} INFO - Setting next_dagrun for tutorial_dag to None, run_after=None
[2024-07-06T13:36:55.928+0000] {processor.py:183} INFO - Processing /home/airflow/.local/lib/python3.12/site-packages/airflow/example_dags/tutorial_dag.py took 0.026 seconds
[2024-07-06T14:16:20.309+0000] {processor.py:161} INFO - Started process (PID=9134) to work on /home/airflow/.local/lib/python3.12/site-packages/airflow/example_dags/tutorial_dag.py
[2024-07-06T14:16:20.310+0000] {processor.py:830} INFO - Processing file /home/airflow/.local/lib/python3.12/site-packages/airflow/example_dags/tutorial_dag.py for tasks to queue
[2024-07-06T14:16:20.310+0000] {logging_mixin.py:188} INFO - [2024-07-06T14:16:20.310+0000] {dagbag.py:545} INFO - Filling up the DagBag from /home/airflow/.local/lib/python3.12/site-packages/airflow/example_dags/tutorial_dag.py
[2024-07-06T14:16:20.312+0000] {processor.py:840} INFO - DAG(s) 'tutorial_dag' retrieved from /home/airflow/.local/lib/python3.12/site-packages/airflow/example_dags/tutorial_dag.py
[2024-07-06T14:16:20.320+0000] {logging_mixin.py:188} INFO - [2024-07-06T14:16:20.320+0000] {dag.py:3096} INFO - Sync 1 DAGs
[2024-07-06T14:16:20.325+0000] {logging_mixin.py:188} INFO - [2024-07-06T14:16:20.325+0000] {dag.py:3954} INFO - Setting next_dagrun for tutorial_dag to None, run_after=None
[2024-07-06T14:16:20.332+0000] {processor.py:183} INFO - Processing /home/airflow/.local/lib/python3.12/site-packages/airflow/example_dags/tutorial_dag.py took 0.025 seconds
[2024-07-06T14:42:09.382+0000] {processor.py:161} INFO - Started process (PID=9192) to work on /home/airflow/.local/lib/python3.12/site-packages/airflow/example_dags/tutorial_dag.py
[2024-07-06T14:42:09.383+0000] {processor.py:830} INFO - Processing file /home/airflow/.local/lib/python3.12/site-packages/airflow/example_dags/tutorial_dag.py for tasks to queue
[2024-07-06T14:42:09.384+0000] {logging_mixin.py:188} INFO - [2024-07-06T14:42:09.384+0000] {dagbag.py:545} INFO - Filling up the DagBag from /home/airflow/.local/lib/python3.12/site-packages/airflow/example_dags/tutorial_dag.py
[2024-07-06T14:42:09.386+0000] {processor.py:840} INFO - DAG(s) 'tutorial_dag' retrieved from /home/airflow/.local/lib/python3.12/site-packages/airflow/example_dags/tutorial_dag.py
[2024-07-06T14:42:09.394+0000] {logging_mixin.py:188} INFO - [2024-07-06T14:42:09.394+0000] {dag.py:3096} INFO - Sync 1 DAGs
[2024-07-06T14:42:09.399+0000] {logging_mixin.py:188} INFO - [2024-07-06T14:42:09.399+0000] {dag.py:3954} INFO - Setting next_dagrun for tutorial_dag to None, run_after=None
[2024-07-06T14:42:09.406+0000] {processor.py:183} INFO - Processing /home/airflow/.local/lib/python3.12/site-packages/airflow/example_dags/tutorial_dag.py took 0.026 seconds
[2024-07-06T14:42:40.045+0000] {processor.py:161} INFO - Started process (PID=9250) to work on /home/airflow/.local/lib/python3.12/site-packages/airflow/example_dags/tutorial_dag.py
[2024-07-06T14:42:40.046+0000] {processor.py:830} INFO - Processing file /home/airflow/.local/lib/python3.12/site-packages/airflow/example_dags/tutorial_dag.py for tasks to queue
[2024-07-06T14:42:40.046+0000] {logging_mixin.py:188} INFO - [2024-07-06T14:42:40.046+0000] {dagbag.py:545} INFO - Filling up the DagBag from /home/airflow/.local/lib/python3.12/site-packages/airflow/example_dags/tutorial_dag.py
[2024-07-06T14:42:40.049+0000] {processor.py:840} INFO - DAG(s) 'tutorial_dag' retrieved from /home/airflow/.local/lib/python3.12/site-packages/airflow/example_dags/tutorial_dag.py
[2024-07-06T14:42:40.057+0000] {logging_mixin.py:188} INFO - [2024-07-06T14:42:40.057+0000] {dag.py:3096} INFO - Sync 1 DAGs
[2024-07-06T14:42:40.063+0000] {logging_mixin.py:188} INFO - [2024-07-06T14:42:40.063+0000] {dag.py:3954} INFO - Setting next_dagrun for tutorial_dag to None, run_after=None
[2024-07-06T14:42:40.070+0000] {processor.py:183} INFO - Processing /home/airflow/.local/lib/python3.12/site-packages/airflow/example_dags/tutorial_dag.py took 0.028 seconds
[2024-07-06T14:43:10.533+0000] {processor.py:161} INFO - Started process (PID=9308) to work on /home/airflow/.local/lib/python3.12/site-packages/airflow/example_dags/tutorial_dag.py
[2024-07-06T14:43:10.534+0000] {processor.py:830} INFO - Processing file /home/airflow/.local/lib/python3.12/site-packages/airflow/example_dags/tutorial_dag.py for tasks to queue
[2024-07-06T14:43:10.535+0000] {logging_mixin.py:188} INFO - [2024-07-06T14:43:10.535+0000] {dagbag.py:545} INFO - Filling up the DagBag from /home/airflow/.local/lib/python3.12/site-packages/airflow/example_dags/tutorial_dag.py
[2024-07-06T14:43:10.537+0000] {processor.py:840} INFO - DAG(s) 'tutorial_dag' retrieved from /home/airflow/.local/lib/python3.12/site-packages/airflow/example_dags/tutorial_dag.py
[2024-07-06T14:43:10.546+0000] {logging_mixin.py:188} INFO - [2024-07-06T14:43:10.545+0000] {dag.py:3096} INFO - Sync 1 DAGs
[2024-07-06T14:43:10.550+0000] {logging_mixin.py:188} INFO - [2024-07-06T14:43:10.550+0000] {dag.py:3954} INFO - Setting next_dagrun for tutorial_dag to None, run_after=None
[2024-07-06T14:43:10.558+0000] {processor.py:183} INFO - Processing /home/airflow/.local/lib/python3.12/site-packages/airflow/example_dags/tutorial_dag.py took 0.026 seconds
[2024-07-06T14:43:41.039+0000] {processor.py:161} INFO - Started process (PID=9366) to work on /home/airflow/.local/lib/python3.12/site-packages/airflow/example_dags/tutorial_dag.py
[2024-07-06T14:43:41.039+0000] {processor.py:830} INFO - Processing file /home/airflow/.local/lib/python3.12/site-packages/airflow/example_dags/tutorial_dag.py for tasks to queue
[2024-07-06T14:43:41.040+0000] {logging_mixin.py:188} INFO - [2024-07-06T14:43:41.040+0000] {dagbag.py:545} INFO - Filling up the DagBag from /home/airflow/.local/lib/python3.12/site-packages/airflow/example_dags/tutorial_dag.py
[2024-07-06T14:43:41.042+0000] {processor.py:840} INFO - DAG(s) 'tutorial_dag' retrieved from /home/airflow/.local/lib/python3.12/site-packages/airflow/example_dags/tutorial_dag.py
[2024-07-06T14:43:41.051+0000] {logging_mixin.py:188} INFO - [2024-07-06T14:43:41.051+0000] {dag.py:3096} INFO - Sync 1 DAGs
[2024-07-06T14:43:41.055+0000] {logging_mixin.py:188} INFO - [2024-07-06T14:43:41.055+0000] {dag.py:3954} INFO - Setting next_dagrun for tutorial_dag to None, run_after=None
[2024-07-06T14:43:41.062+0000] {processor.py:183} INFO - Processing /home/airflow/.local/lib/python3.12/site-packages/airflow/example_dags/tutorial_dag.py took 0.026 seconds
[2024-07-06T14:44:11.337+0000] {processor.py:161} INFO - Started process (PID=9430) to work on /home/airflow/.local/lib/python3.12/site-packages/airflow/example_dags/tutorial_dag.py
[2024-07-06T14:44:11.338+0000] {processor.py:830} INFO - Processing file /home/airflow/.local/lib/python3.12/site-packages/airflow/example_dags/tutorial_dag.py for tasks to queue
[2024-07-06T14:44:11.338+0000] {logging_mixin.py:188} INFO - [2024-07-06T14:44:11.338+0000] {dagbag.py:545} INFO - Filling up the DagBag from /home/airflow/.local/lib/python3.12/site-packages/airflow/example_dags/tutorial_dag.py
[2024-07-06T14:44:11.341+0000] {processor.py:840} INFO - DAG(s) 'tutorial_dag' retrieved from /home/airflow/.local/lib/python3.12/site-packages/airflow/example_dags/tutorial_dag.py
[2024-07-06T14:44:11.348+0000] {logging_mixin.py:188} INFO - [2024-07-06T14:44:11.348+0000] {dag.py:3096} INFO - Sync 1 DAGs
[2024-07-06T14:44:11.353+0000] {logging_mixin.py:188} INFO - [2024-07-06T14:44:11.353+0000] {dag.py:3954} INFO - Setting next_dagrun for tutorial_dag to None, run_after=None
[2024-07-06T14:44:11.359+0000] {processor.py:183} INFO - Processing /home/airflow/.local/lib/python3.12/site-packages/airflow/example_dags/tutorial_dag.py took 0.024 seconds
[2024-07-06T14:44:41.768+0000] {processor.py:161} INFO - Started process (PID=9488) to work on /home/airflow/.local/lib/python3.12/site-packages/airflow/example_dags/tutorial_dag.py
[2024-07-06T14:44:41.768+0000] {processor.py:830} INFO - Processing file /home/airflow/.local/lib/python3.12/site-packages/airflow/example_dags/tutorial_dag.py for tasks to queue
[2024-07-06T14:44:41.769+0000] {logging_mixin.py:188} INFO - [2024-07-06T14:44:41.769+0000] {dagbag.py:545} INFO - Filling up the DagBag from /home/airflow/.local/lib/python3.12/site-packages/airflow/example_dags/tutorial_dag.py
[2024-07-06T14:44:41.771+0000] {processor.py:840} INFO - DAG(s) 'tutorial_dag' retrieved from /home/airflow/.local/lib/python3.12/site-packages/airflow/example_dags/tutorial_dag.py
[2024-07-06T14:44:41.779+0000] {logging_mixin.py:188} INFO - [2024-07-06T14:44:41.779+0000] {dag.py:3096} INFO - Sync 1 DAGs
[2024-07-06T14:44:41.784+0000] {logging_mixin.py:188} INFO - [2024-07-06T14:44:41.784+0000] {dag.py:3954} INFO - Setting next_dagrun for tutorial_dag to None, run_after=None
[2024-07-06T14:44:41.790+0000] {processor.py:183} INFO - Processing /home/airflow/.local/lib/python3.12/site-packages/airflow/example_dags/tutorial_dag.py took 0.024 seconds
[2024-07-06T14:45:12.096+0000] {processor.py:161} INFO - Started process (PID=9546) to work on /home/airflow/.local/lib/python3.12/site-packages/airflow/example_dags/tutorial_dag.py
[2024-07-06T14:45:12.096+0000] {processor.py:830} INFO - Processing file /home/airflow/.local/lib/python3.12/site-packages/airflow/example_dags/tutorial_dag.py for tasks to queue
[2024-07-06T14:45:12.097+0000] {logging_mixin.py:188} INFO - [2024-07-06T14:45:12.097+0000] {dagbag.py:545} INFO - Filling up the DagBag from /home/airflow/.local/lib/python3.12/site-packages/airflow/example_dags/tutorial_dag.py
[2024-07-06T14:45:12.099+0000] {processor.py:840} INFO - DAG(s) 'tutorial_dag' retrieved from /home/airflow/.local/lib/python3.12/site-packages/airflow/example_dags/tutorial_dag.py
[2024-07-06T14:45:12.106+0000] {logging_mixin.py:188} INFO - [2024-07-06T14:45:12.106+0000] {dag.py:3096} INFO - Sync 1 DAGs
[2024-07-06T14:45:12.111+0000] {logging_mixin.py:188} INFO - [2024-07-06T14:45:12.111+0000] {dag.py:3954} INFO - Setting next_dagrun for tutorial_dag to None, run_after=None
[2024-07-06T14:45:12.117+0000] {processor.py:183} INFO - Processing /home/airflow/.local/lib/python3.12/site-packages/airflow/example_dags/tutorial_dag.py took 0.024 seconds
[2024-07-06T14:45:42.473+0000] {processor.py:161} INFO - Started process (PID=9604) to work on /home/airflow/.local/lib/python3.12/site-packages/airflow/example_dags/tutorial_dag.py
[2024-07-06T14:45:42.473+0000] {processor.py:830} INFO - Processing file /home/airflow/.local/lib/python3.12/site-packages/airflow/example_dags/tutorial_dag.py for tasks to queue
[2024-07-06T14:45:42.474+0000] {logging_mixin.py:188} INFO - [2024-07-06T14:45:42.474+0000] {dagbag.py:545} INFO - Filling up the DagBag from /home/airflow/.local/lib/python3.12/site-packages/airflow/example_dags/tutorial_dag.py
[2024-07-06T14:45:42.476+0000] {processor.py:840} INFO - DAG(s) 'tutorial_dag' retrieved from /home/airflow/.local/lib/python3.12/site-packages/airflow/example_dags/tutorial_dag.py
[2024-07-06T14:45:42.485+0000] {logging_mixin.py:188} INFO - [2024-07-06T14:45:42.485+0000] {dag.py:3096} INFO - Sync 1 DAGs
[2024-07-06T14:45:42.490+0000] {logging_mixin.py:188} INFO - [2024-07-06T14:45:42.489+0000] {dag.py:3954} INFO - Setting next_dagrun for tutorial_dag to None, run_after=None
[2024-07-06T14:45:42.496+0000] {processor.py:183} INFO - Processing /home/airflow/.local/lib/python3.12/site-packages/airflow/example_dags/tutorial_dag.py took 0.026 seconds
[2024-07-06T14:46:12.967+0000] {processor.py:161} INFO - Started process (PID=9662) to work on /home/airflow/.local/lib/python3.12/site-packages/airflow/example_dags/tutorial_dag.py
[2024-07-06T14:46:12.967+0000] {processor.py:830} INFO - Processing file /home/airflow/.local/lib/python3.12/site-packages/airflow/example_dags/tutorial_dag.py for tasks to queue
[2024-07-06T14:46:12.968+0000] {logging_mixin.py:188} INFO - [2024-07-06T14:46:12.968+0000] {dagbag.py:545} INFO - Filling up the DagBag from /home/airflow/.local/lib/python3.12/site-packages/airflow/example_dags/tutorial_dag.py
[2024-07-06T14:46:12.970+0000] {processor.py:840} INFO - DAG(s) 'tutorial_dag' retrieved from /home/airflow/.local/lib/python3.12/site-packages/airflow/example_dags/tutorial_dag.py
[2024-07-06T14:46:12.977+0000] {logging_mixin.py:188} INFO - [2024-07-06T14:46:12.977+0000] {dag.py:3096} INFO - Sync 1 DAGs
[2024-07-06T14:46:12.982+0000] {logging_mixin.py:188} INFO - [2024-07-06T14:46:12.982+0000] {dag.py:3954} INFO - Setting next_dagrun for tutorial_dag to None, run_after=None
[2024-07-06T14:46:12.988+0000] {processor.py:183} INFO - Processing /home/airflow/.local/lib/python3.12/site-packages/airflow/example_dags/tutorial_dag.py took 0.024 seconds
[2024-07-06T14:46:43.249+0000] {processor.py:161} INFO - Started process (PID=9720) to work on /home/airflow/.local/lib/python3.12/site-packages/airflow/example_dags/tutorial_dag.py
[2024-07-06T14:46:43.250+0000] {processor.py:830} INFO - Processing file /home/airflow/.local/lib/python3.12/site-packages/airflow/example_dags/tutorial_dag.py for tasks to queue
[2024-07-06T14:46:43.251+0000] {logging_mixin.py:188} INFO - [2024-07-06T14:46:43.250+0000] {dagbag.py:545} INFO - Filling up the DagBag from /home/airflow/.local/lib/python3.12/site-packages/airflow/example_dags/tutorial_dag.py
[2024-07-06T14:46:43.253+0000] {processor.py:840} INFO - DAG(s) 'tutorial_dag' retrieved from /home/airflow/.local/lib/python3.12/site-packages/airflow/example_dags/tutorial_dag.py
[2024-07-06T14:46:43.261+0000] {logging_mixin.py:188} INFO - [2024-07-06T14:46:43.261+0000] {dag.py:3096} INFO - Sync 1 DAGs
[2024-07-06T14:46:43.266+0000] {logging_mixin.py:188} INFO - [2024-07-06T14:46:43.266+0000] {dag.py:3954} INFO - Setting next_dagrun for tutorial_dag to None, run_after=None
[2024-07-06T14:46:43.272+0000] {processor.py:183} INFO - Processing /home/airflow/.local/lib/python3.12/site-packages/airflow/example_dags/tutorial_dag.py took 0.025 seconds
[2024-07-06T14:47:13.602+0000] {processor.py:161} INFO - Started process (PID=9778) to work on /home/airflow/.local/lib/python3.12/site-packages/airflow/example_dags/tutorial_dag.py
[2024-07-06T14:47:13.602+0000] {processor.py:830} INFO - Processing file /home/airflow/.local/lib/python3.12/site-packages/airflow/example_dags/tutorial_dag.py for tasks to queue
[2024-07-06T14:47:13.603+0000] {logging_mixin.py:188} INFO - [2024-07-06T14:47:13.603+0000] {dagbag.py:545} INFO - Filling up the DagBag from /home/airflow/.local/lib/python3.12/site-packages/airflow/example_dags/tutorial_dag.py
[2024-07-06T14:47:13.605+0000] {processor.py:840} INFO - DAG(s) 'tutorial_dag' retrieved from /home/airflow/.local/lib/python3.12/site-packages/airflow/example_dags/tutorial_dag.py
[2024-07-06T14:47:13.613+0000] {logging_mixin.py:188} INFO - [2024-07-06T14:47:13.613+0000] {dag.py:3096} INFO - Sync 1 DAGs
[2024-07-06T14:47:13.618+0000] {logging_mixin.py:188} INFO - [2024-07-06T14:47:13.618+0000] {dag.py:3954} INFO - Setting next_dagrun for tutorial_dag to None, run_after=None
[2024-07-06T14:47:13.624+0000] {processor.py:183} INFO - Processing /home/airflow/.local/lib/python3.12/site-packages/airflow/example_dags/tutorial_dag.py took 0.025 seconds
[2024-07-06T14:47:43.898+0000] {processor.py:161} INFO - Started process (PID=9836) to work on /home/airflow/.local/lib/python3.12/site-packages/airflow/example_dags/tutorial_dag.py
[2024-07-06T14:47:43.899+0000] {processor.py:830} INFO - Processing file /home/airflow/.local/lib/python3.12/site-packages/airflow/example_dags/tutorial_dag.py for tasks to queue
[2024-07-06T14:47:43.899+0000] {logging_mixin.py:188} INFO - [2024-07-06T14:47:43.899+0000] {dagbag.py:545} INFO - Filling up the DagBag from /home/airflow/.local/lib/python3.12/site-packages/airflow/example_dags/tutorial_dag.py
[2024-07-06T14:47:43.901+0000] {processor.py:840} INFO - DAG(s) 'tutorial_dag' retrieved from /home/airflow/.local/lib/python3.12/site-packages/airflow/example_dags/tutorial_dag.py
[2024-07-06T14:47:43.910+0000] {logging_mixin.py:188} INFO - [2024-07-06T14:47:43.910+0000] {dag.py:3096} INFO - Sync 1 DAGs
[2024-07-06T14:47:43.915+0000] {logging_mixin.py:188} INFO - [2024-07-06T14:47:43.914+0000] {dag.py:3954} INFO - Setting next_dagrun for tutorial_dag to None, run_after=None
[2024-07-06T14:47:43.921+0000] {processor.py:183} INFO - Processing /home/airflow/.local/lib/python3.12/site-packages/airflow/example_dags/tutorial_dag.py took 0.025 seconds
[2024-07-06T14:48:14.240+0000] {processor.py:161} INFO - Started process (PID=9894) to work on /home/airflow/.local/lib/python3.12/site-packages/airflow/example_dags/tutorial_dag.py
[2024-07-06T14:48:14.240+0000] {processor.py:830} INFO - Processing file /home/airflow/.local/lib/python3.12/site-packages/airflow/example_dags/tutorial_dag.py for tasks to queue
[2024-07-06T14:48:14.241+0000] {logging_mixin.py:188} INFO - [2024-07-06T14:48:14.241+0000] {dagbag.py:545} INFO - Filling up the DagBag from /home/airflow/.local/lib/python3.12/site-packages/airflow/example_dags/tutorial_dag.py
[2024-07-06T14:48:14.243+0000] {processor.py:840} INFO - DAG(s) 'tutorial_dag' retrieved from /home/airflow/.local/lib/python3.12/site-packages/airflow/example_dags/tutorial_dag.py
[2024-07-06T14:48:14.251+0000] {logging_mixin.py:188} INFO - [2024-07-06T14:48:14.251+0000] {dag.py:3096} INFO - Sync 1 DAGs
[2024-07-06T14:48:14.255+0000] {logging_mixin.py:188} INFO - [2024-07-06T14:48:14.255+0000] {dag.py:3954} INFO - Setting next_dagrun for tutorial_dag to None, run_after=None
[2024-07-06T14:48:14.262+0000] {processor.py:183} INFO - Processing /home/airflow/.local/lib/python3.12/site-packages/airflow/example_dags/tutorial_dag.py took 0.024 seconds
[2024-07-06T14:48:44.682+0000] {processor.py:161} INFO - Started process (PID=9952) to work on /home/airflow/.local/lib/python3.12/site-packages/airflow/example_dags/tutorial_dag.py
[2024-07-06T14:48:44.682+0000] {processor.py:830} INFO - Processing file /home/airflow/.local/lib/python3.12/site-packages/airflow/example_dags/tutorial_dag.py for tasks to queue
[2024-07-06T14:48:44.683+0000] {logging_mixin.py:188} INFO - [2024-07-06T14:48:44.683+0000] {dagbag.py:545} INFO - Filling up the DagBag from /home/airflow/.local/lib/python3.12/site-packages/airflow/example_dags/tutorial_dag.py
[2024-07-06T14:48:44.685+0000] {processor.py:840} INFO - DAG(s) 'tutorial_dag' retrieved from /home/airflow/.local/lib/python3.12/site-packages/airflow/example_dags/tutorial_dag.py
[2024-07-06T14:48:44.694+0000] {logging_mixin.py:188} INFO - [2024-07-06T14:48:44.694+0000] {dag.py:3096} INFO - Sync 1 DAGs
[2024-07-06T14:48:44.699+0000] {logging_mixin.py:188} INFO - [2024-07-06T14:48:44.699+0000] {dag.py:3954} INFO - Setting next_dagrun for tutorial_dag to None, run_after=None
[2024-07-06T14:48:44.706+0000] {processor.py:183} INFO - Processing /home/airflow/.local/lib/python3.12/site-packages/airflow/example_dags/tutorial_dag.py took 0.027 seconds
[2024-07-06T14:49:15.039+0000] {processor.py:161} INFO - Started process (PID=10010) to work on /home/airflow/.local/lib/python3.12/site-packages/airflow/example_dags/tutorial_dag.py
[2024-07-06T14:49:15.039+0000] {processor.py:830} INFO - Processing file /home/airflow/.local/lib/python3.12/site-packages/airflow/example_dags/tutorial_dag.py for tasks to queue
[2024-07-06T14:49:15.040+0000] {logging_mixin.py:188} INFO - [2024-07-06T14:49:15.039+0000] {dagbag.py:545} INFO - Filling up the DagBag from /home/airflow/.local/lib/python3.12/site-packages/airflow/example_dags/tutorial_dag.py
[2024-07-06T14:49:15.042+0000] {processor.py:840} INFO - DAG(s) 'tutorial_dag' retrieved from /home/airflow/.local/lib/python3.12/site-packages/airflow/example_dags/tutorial_dag.py
[2024-07-06T14:49:15.050+0000] {logging_mixin.py:188} INFO - [2024-07-06T14:49:15.050+0000] {dag.py:3096} INFO - Sync 1 DAGs
[2024-07-06T14:49:15.054+0000] {logging_mixin.py:188} INFO - [2024-07-06T14:49:15.054+0000] {dag.py:3954} INFO - Setting next_dagrun for tutorial_dag to None, run_after=None
[2024-07-06T14:49:15.061+0000] {processor.py:183} INFO - Processing /home/airflow/.local/lib/python3.12/site-packages/airflow/example_dags/tutorial_dag.py took 0.025 seconds
[2024-07-06T14:49:45.486+0000] {processor.py:161} INFO - Started process (PID=10068) to work on /home/airflow/.local/lib/python3.12/site-packages/airflow/example_dags/tutorial_dag.py
[2024-07-06T14:49:45.487+0000] {processor.py:830} INFO - Processing file /home/airflow/.local/lib/python3.12/site-packages/airflow/example_dags/tutorial_dag.py for tasks to queue
[2024-07-06T14:49:45.487+0000] {logging_mixin.py:188} INFO - [2024-07-06T14:49:45.487+0000] {dagbag.py:545} INFO - Filling up the DagBag from /home/airflow/.local/lib/python3.12/site-packages/airflow/example_dags/tutorial_dag.py
[2024-07-06T14:49:45.490+0000] {processor.py:840} INFO - DAG(s) 'tutorial_dag' retrieved from /home/airflow/.local/lib/python3.12/site-packages/airflow/example_dags/tutorial_dag.py
[2024-07-06T14:49:45.499+0000] {logging_mixin.py:188} INFO - [2024-07-06T14:49:45.499+0000] {dag.py:3096} INFO - Sync 1 DAGs
[2024-07-06T14:49:45.504+0000] {logging_mixin.py:188} INFO - [2024-07-06T14:49:45.504+0000] {dag.py:3954} INFO - Setting next_dagrun for tutorial_dag to None, run_after=None
[2024-07-06T14:49:45.511+0000] {processor.py:183} INFO - Processing /home/airflow/.local/lib/python3.12/site-packages/airflow/example_dags/tutorial_dag.py took 0.028 seconds
[2024-07-06T14:50:15.769+0000] {processor.py:161} INFO - Started process (PID=10126) to work on /home/airflow/.local/lib/python3.12/site-packages/airflow/example_dags/tutorial_dag.py
[2024-07-06T14:50:15.769+0000] {processor.py:830} INFO - Processing file /home/airflow/.local/lib/python3.12/site-packages/airflow/example_dags/tutorial_dag.py for tasks to queue
[2024-07-06T14:50:15.770+0000] {logging_mixin.py:188} INFO - [2024-07-06T14:50:15.770+0000] {dagbag.py:545} INFO - Filling up the DagBag from /home/airflow/.local/lib/python3.12/site-packages/airflow/example_dags/tutorial_dag.py
[2024-07-06T14:50:15.772+0000] {processor.py:840} INFO - DAG(s) 'tutorial_dag' retrieved from /home/airflow/.local/lib/python3.12/site-packages/airflow/example_dags/tutorial_dag.py
[2024-07-06T14:50:15.780+0000] {logging_mixin.py:188} INFO - [2024-07-06T14:50:15.780+0000] {dag.py:3096} INFO - Sync 1 DAGs
[2024-07-06T14:50:15.785+0000] {logging_mixin.py:188} INFO - [2024-07-06T14:50:15.785+0000] {dag.py:3954} INFO - Setting next_dagrun for tutorial_dag to None, run_after=None
[2024-07-06T14:50:15.791+0000] {processor.py:183} INFO - Processing /home/airflow/.local/lib/python3.12/site-packages/airflow/example_dags/tutorial_dag.py took 0.025 seconds
[2024-07-06T14:50:46.144+0000] {processor.py:161} INFO - Started process (PID=10184) to work on /home/airflow/.local/lib/python3.12/site-packages/airflow/example_dags/tutorial_dag.py
[2024-07-06T14:50:46.144+0000] {processor.py:830} INFO - Processing file /home/airflow/.local/lib/python3.12/site-packages/airflow/example_dags/tutorial_dag.py for tasks to queue
[2024-07-06T14:50:46.145+0000] {logging_mixin.py:188} INFO - [2024-07-06T14:50:46.145+0000] {dagbag.py:545} INFO - Filling up the DagBag from /home/airflow/.local/lib/python3.12/site-packages/airflow/example_dags/tutorial_dag.py
[2024-07-06T14:50:46.148+0000] {processor.py:840} INFO - DAG(s) 'tutorial_dag' retrieved from /home/airflow/.local/lib/python3.12/site-packages/airflow/example_dags/tutorial_dag.py
[2024-07-06T14:50:46.156+0000] {logging_mixin.py:188} INFO - [2024-07-06T14:50:46.156+0000] {dag.py:3096} INFO - Sync 1 DAGs
[2024-07-06T14:50:46.161+0000] {logging_mixin.py:188} INFO - [2024-07-06T14:50:46.161+0000] {dag.py:3954} INFO - Setting next_dagrun for tutorial_dag to None, run_after=None
[2024-07-06T14:50:46.168+0000] {processor.py:183} INFO - Processing /home/airflow/.local/lib/python3.12/site-packages/airflow/example_dags/tutorial_dag.py took 0.027 seconds
[2024-07-06T14:51:16.460+0000] {processor.py:161} INFO - Started process (PID=10242) to work on /home/airflow/.local/lib/python3.12/site-packages/airflow/example_dags/tutorial_dag.py
[2024-07-06T14:51:16.461+0000] {processor.py:830} INFO - Processing file /home/airflow/.local/lib/python3.12/site-packages/airflow/example_dags/tutorial_dag.py for tasks to queue
[2024-07-06T14:51:16.461+0000] {logging_mixin.py:188} INFO - [2024-07-06T14:51:16.461+0000] {dagbag.py:545} INFO - Filling up the DagBag from /home/airflow/.local/lib/python3.12/site-packages/airflow/example_dags/tutorial_dag.py
[2024-07-06T14:51:16.463+0000] {processor.py:840} INFO - DAG(s) 'tutorial_dag' retrieved from /home/airflow/.local/lib/python3.12/site-packages/airflow/example_dags/tutorial_dag.py
[2024-07-06T14:51:16.471+0000] {logging_mixin.py:188} INFO - [2024-07-06T14:51:16.471+0000] {dag.py:3096} INFO - Sync 1 DAGs
[2024-07-06T14:51:16.476+0000] {logging_mixin.py:188} INFO - [2024-07-06T14:51:16.476+0000] {dag.py:3954} INFO - Setting next_dagrun for tutorial_dag to None, run_after=None
[2024-07-06T14:51:16.482+0000] {processor.py:183} INFO - Processing /home/airflow/.local/lib/python3.12/site-packages/airflow/example_dags/tutorial_dag.py took 0.024 seconds
[2024-07-06T14:51:46.789+0000] {processor.py:161} INFO - Started process (PID=10300) to work on /home/airflow/.local/lib/python3.12/site-packages/airflow/example_dags/tutorial_dag.py
[2024-07-06T14:51:46.789+0000] {processor.py:830} INFO - Processing file /home/airflow/.local/lib/python3.12/site-packages/airflow/example_dags/tutorial_dag.py for tasks to queue
[2024-07-06T14:51:46.790+0000] {logging_mixin.py:188} INFO - [2024-07-06T14:51:46.790+0000] {dagbag.py:545} INFO - Filling up the DagBag from /home/airflow/.local/lib/python3.12/site-packages/airflow/example_dags/tutorial_dag.py
[2024-07-06T14:51:46.792+0000] {processor.py:840} INFO - DAG(s) 'tutorial_dag' retrieved from /home/airflow/.local/lib/python3.12/site-packages/airflow/example_dags/tutorial_dag.py
[2024-07-06T14:51:46.800+0000] {logging_mixin.py:188} INFO - [2024-07-06T14:51:46.800+0000] {dag.py:3096} INFO - Sync 1 DAGs
[2024-07-06T14:51:46.805+0000] {logging_mixin.py:188} INFO - [2024-07-06T14:51:46.805+0000] {dag.py:3954} INFO - Setting next_dagrun for tutorial_dag to None, run_after=None
[2024-07-06T14:51:46.812+0000] {processor.py:183} INFO - Processing /home/airflow/.local/lib/python3.12/site-packages/airflow/example_dags/tutorial_dag.py took 0.025 seconds
[2024-07-06T14:52:17.258+0000] {processor.py:161} INFO - Started process (PID=10358) to work on /home/airflow/.local/lib/python3.12/site-packages/airflow/example_dags/tutorial_dag.py
[2024-07-06T14:52:17.259+0000] {processor.py:830} INFO - Processing file /home/airflow/.local/lib/python3.12/site-packages/airflow/example_dags/tutorial_dag.py for tasks to queue
[2024-07-06T14:52:17.260+0000] {logging_mixin.py:188} INFO - [2024-07-06T14:52:17.260+0000] {dagbag.py:545} INFO - Filling up the DagBag from /home/airflow/.local/lib/python3.12/site-packages/airflow/example_dags/tutorial_dag.py
[2024-07-06T14:52:17.265+0000] {processor.py:840} INFO - DAG(s) 'tutorial_dag' retrieved from /home/airflow/.local/lib/python3.12/site-packages/airflow/example_dags/tutorial_dag.py
[2024-07-06T14:52:17.273+0000] {logging_mixin.py:188} INFO - [2024-07-06T14:52:17.273+0000] {dag.py:3096} INFO - Sync 1 DAGs
[2024-07-06T14:52:17.278+0000] {logging_mixin.py:188} INFO - [2024-07-06T14:52:17.278+0000] {dag.py:3954} INFO - Setting next_dagrun for tutorial_dag to None, run_after=None
[2024-07-06T14:52:17.286+0000] {processor.py:183} INFO - Processing /home/airflow/.local/lib/python3.12/site-packages/airflow/example_dags/tutorial_dag.py took 0.031 seconds
[2024-07-06T14:52:47.677+0000] {processor.py:161} INFO - Started process (PID=10416) to work on /home/airflow/.local/lib/python3.12/site-packages/airflow/example_dags/tutorial_dag.py
[2024-07-06T14:52:47.678+0000] {processor.py:830} INFO - Processing file /home/airflow/.local/lib/python3.12/site-packages/airflow/example_dags/tutorial_dag.py for tasks to queue
[2024-07-06T14:52:47.678+0000] {logging_mixin.py:188} INFO - [2024-07-06T14:52:47.678+0000] {dagbag.py:545} INFO - Filling up the DagBag from /home/airflow/.local/lib/python3.12/site-packages/airflow/example_dags/tutorial_dag.py
[2024-07-06T14:52:47.680+0000] {processor.py:840} INFO - DAG(s) 'tutorial_dag' retrieved from /home/airflow/.local/lib/python3.12/site-packages/airflow/example_dags/tutorial_dag.py
[2024-07-06T14:52:47.688+0000] {logging_mixin.py:188} INFO - [2024-07-06T14:52:47.688+0000] {dag.py:3096} INFO - Sync 1 DAGs
[2024-07-06T14:52:47.692+0000] {logging_mixin.py:188} INFO - [2024-07-06T14:52:47.692+0000] {dag.py:3954} INFO - Setting next_dagrun for tutorial_dag to None, run_after=None
[2024-07-06T14:52:47.699+0000] {processor.py:183} INFO - Processing /home/airflow/.local/lib/python3.12/site-packages/airflow/example_dags/tutorial_dag.py took 0.024 seconds
[2024-07-06T14:53:18.043+0000] {processor.py:161} INFO - Started process (PID=10474) to work on /home/airflow/.local/lib/python3.12/site-packages/airflow/example_dags/tutorial_dag.py
[2024-07-06T14:53:18.044+0000] {processor.py:830} INFO - Processing file /home/airflow/.local/lib/python3.12/site-packages/airflow/example_dags/tutorial_dag.py for tasks to queue
[2024-07-06T14:53:18.044+0000] {logging_mixin.py:188} INFO - [2024-07-06T14:53:18.044+0000] {dagbag.py:545} INFO - Filling up the DagBag from /home/airflow/.local/lib/python3.12/site-packages/airflow/example_dags/tutorial_dag.py
[2024-07-06T14:53:18.047+0000] {processor.py:840} INFO - DAG(s) 'tutorial_dag' retrieved from /home/airflow/.local/lib/python3.12/site-packages/airflow/example_dags/tutorial_dag.py
[2024-07-06T14:53:18.055+0000] {logging_mixin.py:188} INFO - [2024-07-06T14:53:18.055+0000] {dag.py:3096} INFO - Sync 1 DAGs
[2024-07-06T14:53:18.060+0000] {logging_mixin.py:188} INFO - [2024-07-06T14:53:18.060+0000] {dag.py:3954} INFO - Setting next_dagrun for tutorial_dag to None, run_after=None
[2024-07-06T14:53:18.066+0000] {processor.py:183} INFO - Processing /home/airflow/.local/lib/python3.12/site-packages/airflow/example_dags/tutorial_dag.py took 0.025 seconds
[2024-07-06T14:53:48.401+0000] {processor.py:161} INFO - Started process (PID=10532) to work on /home/airflow/.local/lib/python3.12/site-packages/airflow/example_dags/tutorial_dag.py
[2024-07-06T14:53:48.401+0000] {processor.py:830} INFO - Processing file /home/airflow/.local/lib/python3.12/site-packages/airflow/example_dags/tutorial_dag.py for tasks to queue
[2024-07-06T14:53:48.402+0000] {logging_mixin.py:188} INFO - [2024-07-06T14:53:48.402+0000] {dagbag.py:545} INFO - Filling up the DagBag from /home/airflow/.local/lib/python3.12/site-packages/airflow/example_dags/tutorial_dag.py
[2024-07-06T14:53:48.404+0000] {processor.py:840} INFO - DAG(s) 'tutorial_dag' retrieved from /home/airflow/.local/lib/python3.12/site-packages/airflow/example_dags/tutorial_dag.py
[2024-07-06T14:53:48.412+0000] {logging_mixin.py:188} INFO - [2024-07-06T14:53:48.412+0000] {dag.py:3096} INFO - Sync 1 DAGs
[2024-07-06T14:53:48.417+0000] {logging_mixin.py:188} INFO - [2024-07-06T14:53:48.417+0000] {dag.py:3954} INFO - Setting next_dagrun for tutorial_dag to None, run_after=None
[2024-07-06T14:53:48.423+0000] {processor.py:183} INFO - Processing /home/airflow/.local/lib/python3.12/site-packages/airflow/example_dags/tutorial_dag.py took 0.025 seconds
[2024-07-06T14:54:18.695+0000] {processor.py:161} INFO - Started process (PID=10590) to work on /home/airflow/.local/lib/python3.12/site-packages/airflow/example_dags/tutorial_dag.py
[2024-07-06T14:54:18.696+0000] {processor.py:830} INFO - Processing file /home/airflow/.local/lib/python3.12/site-packages/airflow/example_dags/tutorial_dag.py for tasks to queue
[2024-07-06T14:54:18.696+0000] {logging_mixin.py:188} INFO - [2024-07-06T14:54:18.696+0000] {dagbag.py:545} INFO - Filling up the DagBag from /home/airflow/.local/lib/python3.12/site-packages/airflow/example_dags/tutorial_dag.py
[2024-07-06T14:54:18.698+0000] {processor.py:840} INFO - DAG(s) 'tutorial_dag' retrieved from /home/airflow/.local/lib/python3.12/site-packages/airflow/example_dags/tutorial_dag.py
[2024-07-06T14:54:18.706+0000] {logging_mixin.py:188} INFO - [2024-07-06T14:54:18.706+0000] {dag.py:3096} INFO - Sync 1 DAGs
[2024-07-06T14:54:18.711+0000] {logging_mixin.py:188} INFO - [2024-07-06T14:54:18.711+0000] {dag.py:3954} INFO - Setting next_dagrun for tutorial_dag to None, run_after=None
[2024-07-06T14:54:18.717+0000] {processor.py:183} INFO - Processing /home/airflow/.local/lib/python3.12/site-packages/airflow/example_dags/tutorial_dag.py took 0.024 seconds
[2024-07-06T14:54:49.049+0000] {processor.py:161} INFO - Started process (PID=10647) to work on /home/airflow/.local/lib/python3.12/site-packages/airflow/example_dags/tutorial_dag.py
[2024-07-06T14:54:49.049+0000] {processor.py:830} INFO - Processing file /home/airflow/.local/lib/python3.12/site-packages/airflow/example_dags/tutorial_dag.py for tasks to queue
[2024-07-06T14:54:49.050+0000] {logging_mixin.py:188} INFO - [2024-07-06T14:54:49.050+0000] {dagbag.py:545} INFO - Filling up the DagBag from /home/airflow/.local/lib/python3.12/site-packages/airflow/example_dags/tutorial_dag.py
[2024-07-06T14:54:49.052+0000] {processor.py:840} INFO - DAG(s) 'tutorial_dag' retrieved from /home/airflow/.local/lib/python3.12/site-packages/airflow/example_dags/tutorial_dag.py
[2024-07-06T14:54:49.060+0000] {logging_mixin.py:188} INFO - [2024-07-06T14:54:49.060+0000] {dag.py:3096} INFO - Sync 1 DAGs
[2024-07-06T14:54:49.064+0000] {logging_mixin.py:188} INFO - [2024-07-06T14:54:49.064+0000] {dag.py:3954} INFO - Setting next_dagrun for tutorial_dag to None, run_after=None
[2024-07-06T14:54:49.071+0000] {processor.py:183} INFO - Processing /home/airflow/.local/lib/python3.12/site-packages/airflow/example_dags/tutorial_dag.py took 0.025 seconds
[2024-07-06T14:55:19.449+0000] {processor.py:161} INFO - Started process (PID=10705) to work on /home/airflow/.local/lib/python3.12/site-packages/airflow/example_dags/tutorial_dag.py
[2024-07-06T14:55:19.449+0000] {processor.py:830} INFO - Processing file /home/airflow/.local/lib/python3.12/site-packages/airflow/example_dags/tutorial_dag.py for tasks to queue
[2024-07-06T14:55:19.450+0000] {logging_mixin.py:188} INFO - [2024-07-06T14:55:19.450+0000] {dagbag.py:545} INFO - Filling up the DagBag from /home/airflow/.local/lib/python3.12/site-packages/airflow/example_dags/tutorial_dag.py
[2024-07-06T14:55:19.452+0000] {processor.py:840} INFO - DAG(s) 'tutorial_dag' retrieved from /home/airflow/.local/lib/python3.12/site-packages/airflow/example_dags/tutorial_dag.py
[2024-07-06T14:55:19.460+0000] {logging_mixin.py:188} INFO - [2024-07-06T14:55:19.460+0000] {dag.py:3096} INFO - Sync 1 DAGs
[2024-07-06T14:55:19.465+0000] {logging_mixin.py:188} INFO - [2024-07-06T14:55:19.465+0000] {dag.py:3954} INFO - Setting next_dagrun for tutorial_dag to None, run_after=None
[2024-07-06T14:55:19.472+0000] {processor.py:183} INFO - Processing /home/airflow/.local/lib/python3.12/site-packages/airflow/example_dags/tutorial_dag.py took 0.025 seconds
[2024-07-06T14:55:49.868+0000] {processor.py:161} INFO - Started process (PID=10763) to work on /home/airflow/.local/lib/python3.12/site-packages/airflow/example_dags/tutorial_dag.py
[2024-07-06T14:55:49.869+0000] {processor.py:830} INFO - Processing file /home/airflow/.local/lib/python3.12/site-packages/airflow/example_dags/tutorial_dag.py for tasks to queue
[2024-07-06T14:55:49.870+0000] {logging_mixin.py:188} INFO - [2024-07-06T14:55:49.869+0000] {dagbag.py:545} INFO - Filling up the DagBag from /home/airflow/.local/lib/python3.12/site-packages/airflow/example_dags/tutorial_dag.py
[2024-07-06T14:55:49.872+0000] {processor.py:840} INFO - DAG(s) 'tutorial_dag' retrieved from /home/airflow/.local/lib/python3.12/site-packages/airflow/example_dags/tutorial_dag.py
[2024-07-06T14:55:49.880+0000] {logging_mixin.py:188} INFO - [2024-07-06T14:55:49.880+0000] {dag.py:3096} INFO - Sync 1 DAGs
[2024-07-06T14:55:49.885+0000] {logging_mixin.py:188} INFO - [2024-07-06T14:55:49.885+0000] {dag.py:3954} INFO - Setting next_dagrun for tutorial_dag to None, run_after=None
[2024-07-06T14:55:49.893+0000] {processor.py:183} INFO - Processing /home/airflow/.local/lib/python3.12/site-packages/airflow/example_dags/tutorial_dag.py took 0.027 seconds
[2024-07-06T14:56:20.296+0000] {processor.py:161} INFO - Started process (PID=10821) to work on /home/airflow/.local/lib/python3.12/site-packages/airflow/example_dags/tutorial_dag.py
[2024-07-06T14:56:20.296+0000] {processor.py:830} INFO - Processing file /home/airflow/.local/lib/python3.12/site-packages/airflow/example_dags/tutorial_dag.py for tasks to queue
[2024-07-06T14:56:20.297+0000] {logging_mixin.py:188} INFO - [2024-07-06T14:56:20.297+0000] {dagbag.py:545} INFO - Filling up the DagBag from /home/airflow/.local/lib/python3.12/site-packages/airflow/example_dags/tutorial_dag.py
[2024-07-06T14:56:20.299+0000] {processor.py:840} INFO - DAG(s) 'tutorial_dag' retrieved from /home/airflow/.local/lib/python3.12/site-packages/airflow/example_dags/tutorial_dag.py
[2024-07-06T14:56:20.307+0000] {logging_mixin.py:188} INFO - [2024-07-06T14:56:20.307+0000] {dag.py:3096} INFO - Sync 1 DAGs
[2024-07-06T14:56:20.312+0000] {logging_mixin.py:188} INFO - [2024-07-06T14:56:20.312+0000] {dag.py:3954} INFO - Setting next_dagrun for tutorial_dag to None, run_after=None
[2024-07-06T14:56:20.318+0000] {processor.py:183} INFO - Processing /home/airflow/.local/lib/python3.12/site-packages/airflow/example_dags/tutorial_dag.py took 0.025 seconds
[2024-07-06T14:56:50.669+0000] {processor.py:161} INFO - Started process (PID=10879) to work on /home/airflow/.local/lib/python3.12/site-packages/airflow/example_dags/tutorial_dag.py
[2024-07-06T14:56:50.670+0000] {processor.py:830} INFO - Processing file /home/airflow/.local/lib/python3.12/site-packages/airflow/example_dags/tutorial_dag.py for tasks to queue
[2024-07-06T14:56:50.670+0000] {logging_mixin.py:188} INFO - [2024-07-06T14:56:50.670+0000] {dagbag.py:545} INFO - Filling up the DagBag from /home/airflow/.local/lib/python3.12/site-packages/airflow/example_dags/tutorial_dag.py
[2024-07-06T14:56:50.673+0000] {processor.py:840} INFO - DAG(s) 'tutorial_dag' retrieved from /home/airflow/.local/lib/python3.12/site-packages/airflow/example_dags/tutorial_dag.py
[2024-07-06T14:56:50.680+0000] {logging_mixin.py:188} INFO - [2024-07-06T14:56:50.680+0000] {dag.py:3096} INFO - Sync 1 DAGs
[2024-07-06T14:56:50.685+0000] {logging_mixin.py:188} INFO - [2024-07-06T14:56:50.685+0000] {dag.py:3954} INFO - Setting next_dagrun for tutorial_dag to None, run_after=None
[2024-07-06T14:56:50.692+0000] {processor.py:183} INFO - Processing /home/airflow/.local/lib/python3.12/site-packages/airflow/example_dags/tutorial_dag.py took 0.025 seconds
[2024-07-06T14:57:21.011+0000] {processor.py:161} INFO - Started process (PID=10937) to work on /home/airflow/.local/lib/python3.12/site-packages/airflow/example_dags/tutorial_dag.py
[2024-07-06T14:57:21.011+0000] {processor.py:830} INFO - Processing file /home/airflow/.local/lib/python3.12/site-packages/airflow/example_dags/tutorial_dag.py for tasks to queue
[2024-07-06T14:57:21.012+0000] {logging_mixin.py:188} INFO - [2024-07-06T14:57:21.012+0000] {dagbag.py:545} INFO - Filling up the DagBag from /home/airflow/.local/lib/python3.12/site-packages/airflow/example_dags/tutorial_dag.py
[2024-07-06T14:57:21.014+0000] {processor.py:840} INFO - DAG(s) 'tutorial_dag' retrieved from /home/airflow/.local/lib/python3.12/site-packages/airflow/example_dags/tutorial_dag.py
[2024-07-06T14:57:21.022+0000] {logging_mixin.py:188} INFO - [2024-07-06T14:57:21.022+0000] {dag.py:3096} INFO - Sync 1 DAGs
[2024-07-06T14:57:21.027+0000] {logging_mixin.py:188} INFO - [2024-07-06T14:57:21.027+0000] {dag.py:3954} INFO - Setting next_dagrun for tutorial_dag to None, run_after=None
[2024-07-06T14:57:21.034+0000] {processor.py:183} INFO - Processing /home/airflow/.local/lib/python3.12/site-packages/airflow/example_dags/tutorial_dag.py took 0.025 seconds
[2024-07-06T14:57:51.332+0000] {processor.py:161} INFO - Started process (PID=10995) to work on /home/airflow/.local/lib/python3.12/site-packages/airflow/example_dags/tutorial_dag.py
[2024-07-06T14:57:51.333+0000] {processor.py:830} INFO - Processing file /home/airflow/.local/lib/python3.12/site-packages/airflow/example_dags/tutorial_dag.py for tasks to queue
[2024-07-06T14:57:51.333+0000] {logging_mixin.py:188} INFO - [2024-07-06T14:57:51.333+0000] {dagbag.py:545} INFO - Filling up the DagBag from /home/airflow/.local/lib/python3.12/site-packages/airflow/example_dags/tutorial_dag.py
[2024-07-06T14:57:51.336+0000] {processor.py:840} INFO - DAG(s) 'tutorial_dag' retrieved from /home/airflow/.local/lib/python3.12/site-packages/airflow/example_dags/tutorial_dag.py
[2024-07-06T14:57:51.343+0000] {logging_mixin.py:188} INFO - [2024-07-06T14:57:51.343+0000] {dag.py:3096} INFO - Sync 1 DAGs
[2024-07-06T14:57:51.348+0000] {logging_mixin.py:188} INFO - [2024-07-06T14:57:51.348+0000] {dag.py:3954} INFO - Setting next_dagrun for tutorial_dag to None, run_after=None
[2024-07-06T14:57:51.354+0000] {processor.py:183} INFO - Processing /home/airflow/.local/lib/python3.12/site-packages/airflow/example_dags/tutorial_dag.py took 0.024 seconds
[2024-07-06T14:58:21.776+0000] {processor.py:161} INFO - Started process (PID=11053) to work on /home/airflow/.local/lib/python3.12/site-packages/airflow/example_dags/tutorial_dag.py
[2024-07-06T14:58:21.776+0000] {processor.py:830} INFO - Processing file /home/airflow/.local/lib/python3.12/site-packages/airflow/example_dags/tutorial_dag.py for tasks to queue
[2024-07-06T14:58:21.777+0000] {logging_mixin.py:188} INFO - [2024-07-06T14:58:21.777+0000] {dagbag.py:545} INFO - Filling up the DagBag from /home/airflow/.local/lib/python3.12/site-packages/airflow/example_dags/tutorial_dag.py
[2024-07-06T14:58:21.779+0000] {processor.py:840} INFO - DAG(s) 'tutorial_dag' retrieved from /home/airflow/.local/lib/python3.12/site-packages/airflow/example_dags/tutorial_dag.py
[2024-07-06T14:58:21.787+0000] {logging_mixin.py:188} INFO - [2024-07-06T14:58:21.787+0000] {dag.py:3096} INFO - Sync 1 DAGs
[2024-07-06T14:58:21.791+0000] {logging_mixin.py:188} INFO - [2024-07-06T14:58:21.791+0000] {dag.py:3954} INFO - Setting next_dagrun for tutorial_dag to None, run_after=None
[2024-07-06T14:58:21.797+0000] {processor.py:183} INFO - Processing /home/airflow/.local/lib/python3.12/site-packages/airflow/example_dags/tutorial_dag.py took 0.024 seconds
[2024-07-06T14:58:52.261+0000] {processor.py:161} INFO - Started process (PID=11111) to work on /home/airflow/.local/lib/python3.12/site-packages/airflow/example_dags/tutorial_dag.py
[2024-07-06T14:58:52.262+0000] {processor.py:830} INFO - Processing file /home/airflow/.local/lib/python3.12/site-packages/airflow/example_dags/tutorial_dag.py for tasks to queue
[2024-07-06T14:58:52.262+0000] {logging_mixin.py:188} INFO - [2024-07-06T14:58:52.262+0000] {dagbag.py:545} INFO - Filling up the DagBag from /home/airflow/.local/lib/python3.12/site-packages/airflow/example_dags/tutorial_dag.py
[2024-07-06T14:58:52.265+0000] {processor.py:840} INFO - DAG(s) 'tutorial_dag' retrieved from /home/airflow/.local/lib/python3.12/site-packages/airflow/example_dags/tutorial_dag.py
[2024-07-06T14:58:52.273+0000] {logging_mixin.py:188} INFO - [2024-07-06T14:58:52.273+0000] {dag.py:3096} INFO - Sync 1 DAGs
[2024-07-06T14:58:52.278+0000] {logging_mixin.py:188} INFO - [2024-07-06T14:58:52.278+0000] {dag.py:3954} INFO - Setting next_dagrun for tutorial_dag to None, run_after=None
[2024-07-06T14:58:52.284+0000] {processor.py:183} INFO - Processing /home/airflow/.local/lib/python3.12/site-packages/airflow/example_dags/tutorial_dag.py took 0.026 seconds
[2024-07-06T14:59:22.829+0000] {processor.py:161} INFO - Started process (PID=11169) to work on /home/airflow/.local/lib/python3.12/site-packages/airflow/example_dags/tutorial_dag.py
[2024-07-06T14:59:22.829+0000] {processor.py:830} INFO - Processing file /home/airflow/.local/lib/python3.12/site-packages/airflow/example_dags/tutorial_dag.py for tasks to queue
[2024-07-06T14:59:22.830+0000] {logging_mixin.py:188} INFO - [2024-07-06T14:59:22.830+0000] {dagbag.py:545} INFO - Filling up the DagBag from /home/airflow/.local/lib/python3.12/site-packages/airflow/example_dags/tutorial_dag.py
[2024-07-06T14:59:22.833+0000] {processor.py:840} INFO - DAG(s) 'tutorial_dag' retrieved from /home/airflow/.local/lib/python3.12/site-packages/airflow/example_dags/tutorial_dag.py
[2024-07-06T14:59:22.842+0000] {logging_mixin.py:188} INFO - [2024-07-06T14:59:22.842+0000] {dag.py:3096} INFO - Sync 1 DAGs
[2024-07-06T14:59:22.847+0000] {logging_mixin.py:188} INFO - [2024-07-06T14:59:22.847+0000] {dag.py:3954} INFO - Setting next_dagrun for tutorial_dag to None, run_after=None
[2024-07-06T14:59:22.854+0000] {processor.py:183} INFO - Processing /home/airflow/.local/lib/python3.12/site-packages/airflow/example_dags/tutorial_dag.py took 0.027 seconds
[2024-07-06T14:59:53.585+0000] {processor.py:161} INFO - Started process (PID=11227) to work on /home/airflow/.local/lib/python3.12/site-packages/airflow/example_dags/tutorial_dag.py
[2024-07-06T14:59:53.585+0000] {processor.py:830} INFO - Processing file /home/airflow/.local/lib/python3.12/site-packages/airflow/example_dags/tutorial_dag.py for tasks to queue
[2024-07-06T14:59:53.586+0000] {logging_mixin.py:188} INFO - [2024-07-06T14:59:53.586+0000] {dagbag.py:545} INFO - Filling up the DagBag from /home/airflow/.local/lib/python3.12/site-packages/airflow/example_dags/tutorial_dag.py
[2024-07-06T14:59:53.589+0000] {processor.py:840} INFO - DAG(s) 'tutorial_dag' retrieved from /home/airflow/.local/lib/python3.12/site-packages/airflow/example_dags/tutorial_dag.py
[2024-07-06T14:59:53.598+0000] {logging_mixin.py:188} INFO - [2024-07-06T14:59:53.598+0000] {dag.py:3096} INFO - Sync 1 DAGs
[2024-07-06T14:59:53.603+0000] {logging_mixin.py:188} INFO - [2024-07-06T14:59:53.603+0000] {dag.py:3954} INFO - Setting next_dagrun for tutorial_dag to None, run_after=None
[2024-07-06T14:59:53.610+0000] {processor.py:183} INFO - Processing /home/airflow/.local/lib/python3.12/site-packages/airflow/example_dags/tutorial_dag.py took 0.028 seconds
[2024-07-06T15:00:24.006+0000] {processor.py:161} INFO - Started process (PID=11285) to work on /home/airflow/.local/lib/python3.12/site-packages/airflow/example_dags/tutorial_dag.py
[2024-07-06T15:00:24.006+0000] {processor.py:830} INFO - Processing file /home/airflow/.local/lib/python3.12/site-packages/airflow/example_dags/tutorial_dag.py for tasks to queue
[2024-07-06T15:00:24.007+0000] {logging_mixin.py:188} INFO - [2024-07-06T15:00:24.007+0000] {dagbag.py:545} INFO - Filling up the DagBag from /home/airflow/.local/lib/python3.12/site-packages/airflow/example_dags/tutorial_dag.py
[2024-07-06T15:00:24.009+0000] {processor.py:840} INFO - DAG(s) 'tutorial_dag' retrieved from /home/airflow/.local/lib/python3.12/site-packages/airflow/example_dags/tutorial_dag.py
[2024-07-06T15:00:24.016+0000] {logging_mixin.py:188} INFO - [2024-07-06T15:00:24.016+0000] {dag.py:3096} INFO - Sync 1 DAGs
[2024-07-06T15:00:24.021+0000] {logging_mixin.py:188} INFO - [2024-07-06T15:00:24.021+0000] {dag.py:3954} INFO - Setting next_dagrun for tutorial_dag to None, run_after=None
[2024-07-06T15:00:24.027+0000] {processor.py:183} INFO - Processing /home/airflow/.local/lib/python3.12/site-packages/airflow/example_dags/tutorial_dag.py took 0.024 seconds
