[2024-07-06T00:02:22.610+0000] {processor.py:161} INFO - Started process (PID=8226) to work on /home/airflow/.local/lib/python3.12/site-packages/airflow/example_dags/tutorial.py
[2024-07-06T00:02:22.611+0000] {processor.py:830} INFO - Processing file /home/airflow/.local/lib/python3.12/site-packages/airflow/example_dags/tutorial.py for tasks to queue
[2024-07-06T00:02:22.611+0000] {logging_mixin.py:188} INFO - [2024-07-06T00:02:22.611+0000] {dagbag.py:545} INFO - Filling up the DagBag from /home/airflow/.local/lib/python3.12/site-packages/airflow/example_dags/tutorial.py
[2024-07-06T00:02:22.614+0000] {processor.py:840} INFO - DAG(s) 'tutorial' retrieved from /home/airflow/.local/lib/python3.12/site-packages/airflow/example_dags/tutorial.py
[2024-07-06T00:02:22.623+0000] {logging_mixin.py:188} INFO - [2024-07-06T00:02:22.623+0000] {dag.py:3096} INFO - Sync 1 DAGs
[2024-07-06T00:02:22.632+0000] {logging_mixin.py:188} INFO - [2024-07-06T00:02:22.631+0000] {dag.py:3954} INFO - Setting next_dagrun for tutorial to 2024-07-05 00:00:00+00:00, run_after=2024-07-06 00:00:00+00:00
[2024-07-06T00:02:22.638+0000] {processor.py:183} INFO - Processing /home/airflow/.local/lib/python3.12/site-packages/airflow/example_dags/tutorial.py took 0.031 seconds
[2024-07-06T01:03:22.939+0000] {processor.py:161} INFO - Started process (PID=8284) to work on /home/airflow/.local/lib/python3.12/site-packages/airflow/example_dags/tutorial.py
[2024-07-06T01:03:22.939+0000] {processor.py:830} INFO - Processing file /home/airflow/.local/lib/python3.12/site-packages/airflow/example_dags/tutorial.py for tasks to queue
[2024-07-06T01:03:22.940+0000] {logging_mixin.py:188} INFO - [2024-07-06T01:03:22.939+0000] {dagbag.py:545} INFO - Filling up the DagBag from /home/airflow/.local/lib/python3.12/site-packages/airflow/example_dags/tutorial.py
[2024-07-06T01:03:22.942+0000] {processor.py:840} INFO - DAG(s) 'tutorial' retrieved from /home/airflow/.local/lib/python3.12/site-packages/airflow/example_dags/tutorial.py
[2024-07-06T01:03:22.950+0000] {logging_mixin.py:188} INFO - [2024-07-06T01:03:22.950+0000] {dag.py:3096} INFO - Sync 1 DAGs
[2024-07-06T01:03:22.958+0000] {logging_mixin.py:188} INFO - [2024-07-06T01:03:22.958+0000] {dag.py:3954} INFO - Setting next_dagrun for tutorial to 2024-07-05 00:00:00+00:00, run_after=2024-07-06 00:00:00+00:00
[2024-07-06T01:03:22.965+0000] {processor.py:183} INFO - Processing /home/airflow/.local/lib/python3.12/site-packages/airflow/example_dags/tutorial.py took 0.029 seconds
[2024-07-06T02:04:18.499+0000] {processor.py:161} INFO - Started process (PID=8342) to work on /home/airflow/.local/lib/python3.12/site-packages/airflow/example_dags/tutorial.py
[2024-07-06T02:04:18.499+0000] {processor.py:830} INFO - Processing file /home/airflow/.local/lib/python3.12/site-packages/airflow/example_dags/tutorial.py for tasks to queue
[2024-07-06T02:04:18.500+0000] {logging_mixin.py:188} INFO - [2024-07-06T02:04:18.500+0000] {dagbag.py:545} INFO - Filling up the DagBag from /home/airflow/.local/lib/python3.12/site-packages/airflow/example_dags/tutorial.py
[2024-07-06T02:04:18.503+0000] {processor.py:840} INFO - DAG(s) 'tutorial' retrieved from /home/airflow/.local/lib/python3.12/site-packages/airflow/example_dags/tutorial.py
[2024-07-06T02:04:18.512+0000] {logging_mixin.py:188} INFO - [2024-07-06T02:04:18.512+0000] {dag.py:3096} INFO - Sync 1 DAGs
[2024-07-06T02:04:18.520+0000] {logging_mixin.py:188} INFO - [2024-07-06T02:04:18.520+0000] {dag.py:3954} INFO - Setting next_dagrun for tutorial to 2024-07-05 00:00:00+00:00, run_after=2024-07-06 00:00:00+00:00
[2024-07-06T02:04:18.527+0000] {processor.py:183} INFO - Processing /home/airflow/.local/lib/python3.12/site-packages/airflow/example_dags/tutorial.py took 0.031 seconds
[2024-07-06T03:05:22.583+0000] {processor.py:161} INFO - Started process (PID=8400) to work on /home/airflow/.local/lib/python3.12/site-packages/airflow/example_dags/tutorial.py
[2024-07-06T03:05:22.584+0000] {processor.py:830} INFO - Processing file /home/airflow/.local/lib/python3.12/site-packages/airflow/example_dags/tutorial.py for tasks to queue
[2024-07-06T03:05:22.585+0000] {logging_mixin.py:188} INFO - [2024-07-06T03:05:22.584+0000] {dagbag.py:545} INFO - Filling up the DagBag from /home/airflow/.local/lib/python3.12/site-packages/airflow/example_dags/tutorial.py
[2024-07-06T03:05:22.587+0000] {processor.py:840} INFO - DAG(s) 'tutorial' retrieved from /home/airflow/.local/lib/python3.12/site-packages/airflow/example_dags/tutorial.py
[2024-07-06T03:05:22.596+0000] {logging_mixin.py:188} INFO - [2024-07-06T03:05:22.596+0000] {dag.py:3096} INFO - Sync 1 DAGs
[2024-07-06T03:05:22.606+0000] {logging_mixin.py:188} INFO - [2024-07-06T03:05:22.606+0000] {dag.py:3954} INFO - Setting next_dagrun for tutorial to 2024-07-05 00:00:00+00:00, run_after=2024-07-06 00:00:00+00:00
[2024-07-06T03:05:22.613+0000] {processor.py:183} INFO - Processing /home/airflow/.local/lib/python3.12/site-packages/airflow/example_dags/tutorial.py took 0.032 seconds
[2024-07-06T04:24:03.806+0000] {processor.py:161} INFO - Started process (PID=8458) to work on /home/airflow/.local/lib/python3.12/site-packages/airflow/example_dags/tutorial.py
[2024-07-06T04:24:03.807+0000] {processor.py:830} INFO - Processing file /home/airflow/.local/lib/python3.12/site-packages/airflow/example_dags/tutorial.py for tasks to queue
[2024-07-06T04:24:03.808+0000] {logging_mixin.py:188} INFO - [2024-07-06T04:24:03.808+0000] {dagbag.py:545} INFO - Filling up the DagBag from /home/airflow/.local/lib/python3.12/site-packages/airflow/example_dags/tutorial.py
[2024-07-06T04:24:03.810+0000] {processor.py:840} INFO - DAG(s) 'tutorial' retrieved from /home/airflow/.local/lib/python3.12/site-packages/airflow/example_dags/tutorial.py
[2024-07-06T04:24:03.818+0000] {logging_mixin.py:188} INFO - [2024-07-06T04:24:03.818+0000] {dag.py:3096} INFO - Sync 1 DAGs
[2024-07-06T04:24:03.826+0000] {logging_mixin.py:188} INFO - [2024-07-06T04:24:03.825+0000] {dag.py:3954} INFO - Setting next_dagrun for tutorial to 2024-07-05 00:00:00+00:00, run_after=2024-07-06 00:00:00+00:00
[2024-07-06T04:24:03.832+0000] {processor.py:183} INFO - Processing /home/airflow/.local/lib/python3.12/site-packages/airflow/example_dags/tutorial.py took 0.028 seconds
[2024-07-06T05:41:15.365+0000] {processor.py:161} INFO - Started process (PID=8516) to work on /home/airflow/.local/lib/python3.12/site-packages/airflow/example_dags/tutorial.py
[2024-07-06T05:41:15.366+0000] {processor.py:830} INFO - Processing file /home/airflow/.local/lib/python3.12/site-packages/airflow/example_dags/tutorial.py for tasks to queue
[2024-07-06T05:41:15.366+0000] {logging_mixin.py:188} INFO - [2024-07-06T05:41:15.366+0000] {dagbag.py:545} INFO - Filling up the DagBag from /home/airflow/.local/lib/python3.12/site-packages/airflow/example_dags/tutorial.py
[2024-07-06T05:41:15.369+0000] {processor.py:840} INFO - DAG(s) 'tutorial' retrieved from /home/airflow/.local/lib/python3.12/site-packages/airflow/example_dags/tutorial.py
[2024-07-06T05:41:15.377+0000] {logging_mixin.py:188} INFO - [2024-07-06T05:41:15.377+0000] {dag.py:3096} INFO - Sync 1 DAGs
[2024-07-06T05:41:15.384+0000] {logging_mixin.py:188} INFO - [2024-07-06T05:41:15.384+0000] {dag.py:3954} INFO - Setting next_dagrun for tutorial to 2024-07-05 00:00:00+00:00, run_after=2024-07-06 00:00:00+00:00
[2024-07-06T05:41:15.390+0000] {processor.py:183} INFO - Processing /home/airflow/.local/lib/python3.12/site-packages/airflow/example_dags/tutorial.py took 0.028 seconds
[2024-07-06T06:57:58.834+0000] {processor.py:161} INFO - Started process (PID=8574) to work on /home/airflow/.local/lib/python3.12/site-packages/airflow/example_dags/tutorial.py
[2024-07-06T06:57:58.834+0000] {processor.py:830} INFO - Processing file /home/airflow/.local/lib/python3.12/site-packages/airflow/example_dags/tutorial.py for tasks to queue
[2024-07-06T06:57:58.835+0000] {logging_mixin.py:188} INFO - [2024-07-06T06:57:58.835+0000] {dagbag.py:545} INFO - Filling up the DagBag from /home/airflow/.local/lib/python3.12/site-packages/airflow/example_dags/tutorial.py
[2024-07-06T06:57:58.838+0000] {processor.py:840} INFO - DAG(s) 'tutorial' retrieved from /home/airflow/.local/lib/python3.12/site-packages/airflow/example_dags/tutorial.py
[2024-07-06T06:57:58.846+0000] {logging_mixin.py:188} INFO - [2024-07-06T06:57:58.846+0000] {dag.py:3096} INFO - Sync 1 DAGs
[2024-07-06T06:57:58.853+0000] {logging_mixin.py:188} INFO - [2024-07-06T06:57:58.853+0000] {dag.py:3954} INFO - Setting next_dagrun for tutorial to 2024-07-05 00:00:00+00:00, run_after=2024-07-06 00:00:00+00:00
[2024-07-06T06:57:58.861+0000] {processor.py:183} INFO - Processing /home/airflow/.local/lib/python3.12/site-packages/airflow/example_dags/tutorial.py took 0.029 seconds
[2024-07-06T07:58:19.224+0000] {processor.py:161} INFO - Started process (PID=8632) to work on /home/airflow/.local/lib/python3.12/site-packages/airflow/example_dags/tutorial.py
[2024-07-06T07:58:19.226+0000] {processor.py:830} INFO - Processing file /home/airflow/.local/lib/python3.12/site-packages/airflow/example_dags/tutorial.py for tasks to queue
[2024-07-06T07:58:19.227+0000] {logging_mixin.py:188} INFO - [2024-07-06T07:58:19.227+0000] {dagbag.py:545} INFO - Filling up the DagBag from /home/airflow/.local/lib/python3.12/site-packages/airflow/example_dags/tutorial.py
[2024-07-06T07:58:19.229+0000] {processor.py:840} INFO - DAG(s) 'tutorial' retrieved from /home/airflow/.local/lib/python3.12/site-packages/airflow/example_dags/tutorial.py
[2024-07-06T07:58:19.237+0000] {logging_mixin.py:188} INFO - [2024-07-06T07:58:19.237+0000] {dag.py:3096} INFO - Sync 1 DAGs
[2024-07-06T07:58:19.245+0000] {logging_mixin.py:188} INFO - [2024-07-06T07:58:19.245+0000] {dag.py:3954} INFO - Setting next_dagrun for tutorial to 2024-07-05 00:00:00+00:00, run_after=2024-07-06 00:00:00+00:00
[2024-07-06T07:58:19.251+0000] {processor.py:183} INFO - Processing /home/airflow/.local/lib/python3.12/site-packages/airflow/example_dags/tutorial.py took 0.029 seconds
[2024-07-06T08:36:32.891+0000] {processor.py:161} INFO - Started process (PID=8690) to work on /home/airflow/.local/lib/python3.12/site-packages/airflow/example_dags/tutorial.py
[2024-07-06T08:36:32.891+0000] {processor.py:830} INFO - Processing file /home/airflow/.local/lib/python3.12/site-packages/airflow/example_dags/tutorial.py for tasks to queue
[2024-07-06T08:36:32.892+0000] {logging_mixin.py:188} INFO - [2024-07-06T08:36:32.892+0000] {dagbag.py:545} INFO - Filling up the DagBag from /home/airflow/.local/lib/python3.12/site-packages/airflow/example_dags/tutorial.py
[2024-07-06T08:36:32.894+0000] {processor.py:840} INFO - DAG(s) 'tutorial' retrieved from /home/airflow/.local/lib/python3.12/site-packages/airflow/example_dags/tutorial.py
[2024-07-06T08:36:32.902+0000] {logging_mixin.py:188} INFO - [2024-07-06T08:36:32.902+0000] {dag.py:3096} INFO - Sync 1 DAGs
[2024-07-06T08:36:32.910+0000] {logging_mixin.py:188} INFO - [2024-07-06T08:36:32.909+0000] {dag.py:3954} INFO - Setting next_dagrun for tutorial to 2024-07-05 00:00:00+00:00, run_after=2024-07-06 00:00:00+00:00
[2024-07-06T08:36:32.916+0000] {processor.py:183} INFO - Processing /home/airflow/.local/lib/python3.12/site-packages/airflow/example_dags/tutorial.py took 0.028 seconds
[2024-07-06T09:11:23.099+0000] {processor.py:161} INFO - Started process (PID=8748) to work on /home/airflow/.local/lib/python3.12/site-packages/airflow/example_dags/tutorial.py
[2024-07-06T09:11:23.099+0000] {processor.py:830} INFO - Processing file /home/airflow/.local/lib/python3.12/site-packages/airflow/example_dags/tutorial.py for tasks to queue
[2024-07-06T09:11:23.100+0000] {logging_mixin.py:188} INFO - [2024-07-06T09:11:23.100+0000] {dagbag.py:545} INFO - Filling up the DagBag from /home/airflow/.local/lib/python3.12/site-packages/airflow/example_dags/tutorial.py
[2024-07-06T09:11:23.102+0000] {processor.py:840} INFO - DAG(s) 'tutorial' retrieved from /home/airflow/.local/lib/python3.12/site-packages/airflow/example_dags/tutorial.py
[2024-07-06T09:11:23.110+0000] {logging_mixin.py:188} INFO - [2024-07-06T09:11:23.110+0000] {dag.py:3096} INFO - Sync 1 DAGs
[2024-07-06T09:11:23.118+0000] {logging_mixin.py:188} INFO - [2024-07-06T09:11:23.118+0000] {dag.py:3954} INFO - Setting next_dagrun for tutorial to 2024-07-05 00:00:00+00:00, run_after=2024-07-06 00:00:00+00:00
[2024-07-06T09:11:23.124+0000] {processor.py:183} INFO - Processing /home/airflow/.local/lib/python3.12/site-packages/airflow/example_dags/tutorial.py took 0.028 seconds
[2024-07-06T09:54:55.573+0000] {processor.py:161} INFO - Started process (PID=8806) to work on /home/airflow/.local/lib/python3.12/site-packages/airflow/example_dags/tutorial.py
[2024-07-06T09:54:55.574+0000] {processor.py:830} INFO - Processing file /home/airflow/.local/lib/python3.12/site-packages/airflow/example_dags/tutorial.py for tasks to queue
[2024-07-06T09:54:55.575+0000] {logging_mixin.py:188} INFO - [2024-07-06T09:54:55.574+0000] {dagbag.py:545} INFO - Filling up the DagBag from /home/airflow/.local/lib/python3.12/site-packages/airflow/example_dags/tutorial.py
[2024-07-06T09:54:55.577+0000] {processor.py:840} INFO - DAG(s) 'tutorial' retrieved from /home/airflow/.local/lib/python3.12/site-packages/airflow/example_dags/tutorial.py
[2024-07-06T09:54:55.585+0000] {logging_mixin.py:188} INFO - [2024-07-06T09:54:55.585+0000] {dag.py:3096} INFO - Sync 1 DAGs
[2024-07-06T09:54:55.592+0000] {logging_mixin.py:188} INFO - [2024-07-06T09:54:55.592+0000] {dag.py:3954} INFO - Setting next_dagrun for tutorial to 2024-07-05 00:00:00+00:00, run_after=2024-07-06 00:00:00+00:00
[2024-07-06T09:54:55.599+0000] {processor.py:183} INFO - Processing /home/airflow/.local/lib/python3.12/site-packages/airflow/example_dags/tutorial.py took 0.028 seconds
[2024-07-06T10:32:28.846+0000] {processor.py:161} INFO - Started process (PID=8864) to work on /home/airflow/.local/lib/python3.12/site-packages/airflow/example_dags/tutorial.py
[2024-07-06T10:32:28.846+0000] {processor.py:830} INFO - Processing file /home/airflow/.local/lib/python3.12/site-packages/airflow/example_dags/tutorial.py for tasks to queue
[2024-07-06T10:32:28.847+0000] {logging_mixin.py:188} INFO - [2024-07-06T10:32:28.847+0000] {dagbag.py:545} INFO - Filling up the DagBag from /home/airflow/.local/lib/python3.12/site-packages/airflow/example_dags/tutorial.py
[2024-07-06T10:32:28.850+0000] {processor.py:840} INFO - DAG(s) 'tutorial' retrieved from /home/airflow/.local/lib/python3.12/site-packages/airflow/example_dags/tutorial.py
[2024-07-06T10:32:28.858+0000] {logging_mixin.py:188} INFO - [2024-07-06T10:32:28.858+0000] {dag.py:3096} INFO - Sync 1 DAGs
[2024-07-06T10:32:28.866+0000] {logging_mixin.py:188} INFO - [2024-07-06T10:32:28.866+0000] {dag.py:3954} INFO - Setting next_dagrun for tutorial to 2024-07-05 00:00:00+00:00, run_after=2024-07-06 00:00:00+00:00
[2024-07-06T10:32:28.872+0000] {processor.py:183} INFO - Processing /home/airflow/.local/lib/python3.12/site-packages/airflow/example_dags/tutorial.py took 0.029 seconds
[2024-07-06T11:31:01.017+0000] {processor.py:161} INFO - Started process (PID=8922) to work on /home/airflow/.local/lib/python3.12/site-packages/airflow/example_dags/tutorial.py
[2024-07-06T11:31:01.017+0000] {processor.py:830} INFO - Processing file /home/airflow/.local/lib/python3.12/site-packages/airflow/example_dags/tutorial.py for tasks to queue
[2024-07-06T11:31:01.018+0000] {logging_mixin.py:188} INFO - [2024-07-06T11:31:01.018+0000] {dagbag.py:545} INFO - Filling up the DagBag from /home/airflow/.local/lib/python3.12/site-packages/airflow/example_dags/tutorial.py
[2024-07-06T11:31:01.021+0000] {processor.py:840} INFO - DAG(s) 'tutorial' retrieved from /home/airflow/.local/lib/python3.12/site-packages/airflow/example_dags/tutorial.py
[2024-07-06T11:31:01.029+0000] {logging_mixin.py:188} INFO - [2024-07-06T11:31:01.029+0000] {dag.py:3096} INFO - Sync 1 DAGs
[2024-07-06T11:31:01.037+0000] {logging_mixin.py:188} INFO - [2024-07-06T11:31:01.037+0000] {dag.py:3954} INFO - Setting next_dagrun for tutorial to 2024-07-05 00:00:00+00:00, run_after=2024-07-06 00:00:00+00:00
[2024-07-06T11:31:01.044+0000] {processor.py:183} INFO - Processing /home/airflow/.local/lib/python3.12/site-packages/airflow/example_dags/tutorial.py took 0.030 seconds
[2024-07-06T12:31:30.728+0000] {processor.py:161} INFO - Started process (PID=8980) to work on /home/airflow/.local/lib/python3.12/site-packages/airflow/example_dags/tutorial.py
[2024-07-06T12:31:30.729+0000] {processor.py:830} INFO - Processing file /home/airflow/.local/lib/python3.12/site-packages/airflow/example_dags/tutorial.py for tasks to queue
[2024-07-06T12:31:30.730+0000] {logging_mixin.py:188} INFO - [2024-07-06T12:31:30.730+0000] {dagbag.py:545} INFO - Filling up the DagBag from /home/airflow/.local/lib/python3.12/site-packages/airflow/example_dags/tutorial.py
[2024-07-06T12:31:30.732+0000] {processor.py:840} INFO - DAG(s) 'tutorial' retrieved from /home/airflow/.local/lib/python3.12/site-packages/airflow/example_dags/tutorial.py
[2024-07-06T12:31:30.740+0000] {logging_mixin.py:188} INFO - [2024-07-06T12:31:30.740+0000] {dag.py:3096} INFO - Sync 1 DAGs
[2024-07-06T12:31:30.748+0000] {logging_mixin.py:188} INFO - [2024-07-06T12:31:30.748+0000] {dag.py:3954} INFO - Setting next_dagrun for tutorial to 2024-07-05 00:00:00+00:00, run_after=2024-07-06 00:00:00+00:00
[2024-07-06T12:31:30.754+0000] {processor.py:183} INFO - Processing /home/airflow/.local/lib/python3.12/site-packages/airflow/example_dags/tutorial.py took 0.028 seconds
[2024-07-06T13:31:19.738+0000] {processor.py:161} INFO - Started process (PID=9038) to work on /home/airflow/.local/lib/python3.12/site-packages/airflow/example_dags/tutorial.py
[2024-07-06T13:31:19.739+0000] {processor.py:830} INFO - Processing file /home/airflow/.local/lib/python3.12/site-packages/airflow/example_dags/tutorial.py for tasks to queue
[2024-07-06T13:31:19.739+0000] {logging_mixin.py:188} INFO - [2024-07-06T13:31:19.739+0000] {dagbag.py:545} INFO - Filling up the DagBag from /home/airflow/.local/lib/python3.12/site-packages/airflow/example_dags/tutorial.py
[2024-07-06T13:31:19.742+0000] {processor.py:840} INFO - DAG(s) 'tutorial' retrieved from /home/airflow/.local/lib/python3.12/site-packages/airflow/example_dags/tutorial.py
[2024-07-06T13:31:19.749+0000] {logging_mixin.py:188} INFO - [2024-07-06T13:31:19.749+0000] {dag.py:3096} INFO - Sync 1 DAGs
[2024-07-06T13:31:19.757+0000] {logging_mixin.py:188} INFO - [2024-07-06T13:31:19.757+0000] {dag.py:3954} INFO - Setting next_dagrun for tutorial to 2024-07-05 00:00:00+00:00, run_after=2024-07-06 00:00:00+00:00
[2024-07-06T13:31:19.763+0000] {processor.py:183} INFO - Processing /home/airflow/.local/lib/python3.12/site-packages/airflow/example_dags/tutorial.py took 0.028 seconds
[2024-07-06T13:36:56.358+0000] {processor.py:161} INFO - Started process (PID=9096) to work on /home/airflow/.local/lib/python3.12/site-packages/airflow/example_dags/tutorial.py
[2024-07-06T13:36:56.358+0000] {processor.py:830} INFO - Processing file /home/airflow/.local/lib/python3.12/site-packages/airflow/example_dags/tutorial.py for tasks to queue
[2024-07-06T13:36:56.359+0000] {logging_mixin.py:188} INFO - [2024-07-06T13:36:56.359+0000] {dagbag.py:545} INFO - Filling up the DagBag from /home/airflow/.local/lib/python3.12/site-packages/airflow/example_dags/tutorial.py
[2024-07-06T13:36:56.361+0000] {processor.py:840} INFO - DAG(s) 'tutorial' retrieved from /home/airflow/.local/lib/python3.12/site-packages/airflow/example_dags/tutorial.py
[2024-07-06T13:36:56.370+0000] {logging_mixin.py:188} INFO - [2024-07-06T13:36:56.370+0000] {dag.py:3096} INFO - Sync 1 DAGs
[2024-07-06T13:36:56.378+0000] {logging_mixin.py:188} INFO - [2024-07-06T13:36:56.378+0000] {dag.py:3954} INFO - Setting next_dagrun for tutorial to 2024-07-05 00:00:00+00:00, run_after=2024-07-06 00:00:00+00:00
[2024-07-06T13:36:56.384+0000] {processor.py:183} INFO - Processing /home/airflow/.local/lib/python3.12/site-packages/airflow/example_dags/tutorial.py took 0.029 seconds
[2024-07-06T14:16:20.806+0000] {processor.py:161} INFO - Started process (PID=9154) to work on /home/airflow/.local/lib/python3.12/site-packages/airflow/example_dags/tutorial.py
[2024-07-06T14:16:20.807+0000] {processor.py:830} INFO - Processing file /home/airflow/.local/lib/python3.12/site-packages/airflow/example_dags/tutorial.py for tasks to queue
[2024-07-06T14:16:20.807+0000] {logging_mixin.py:188} INFO - [2024-07-06T14:16:20.807+0000] {dagbag.py:545} INFO - Filling up the DagBag from /home/airflow/.local/lib/python3.12/site-packages/airflow/example_dags/tutorial.py
[2024-07-06T14:16:20.810+0000] {processor.py:840} INFO - DAG(s) 'tutorial' retrieved from /home/airflow/.local/lib/python3.12/site-packages/airflow/example_dags/tutorial.py
[2024-07-06T14:16:20.818+0000] {logging_mixin.py:188} INFO - [2024-07-06T14:16:20.818+0000] {dag.py:3096} INFO - Sync 1 DAGs
[2024-07-06T14:16:20.826+0000] {logging_mixin.py:188} INFO - [2024-07-06T14:16:20.826+0000] {dag.py:3954} INFO - Setting next_dagrun for tutorial to 2024-07-05 00:00:00+00:00, run_after=2024-07-06 00:00:00+00:00
[2024-07-06T14:16:20.832+0000] {processor.py:183} INFO - Processing /home/airflow/.local/lib/python3.12/site-packages/airflow/example_dags/tutorial.py took 0.028 seconds
[2024-07-06T14:42:09.816+0000] {processor.py:161} INFO - Started process (PID=9212) to work on /home/airflow/.local/lib/python3.12/site-packages/airflow/example_dags/tutorial.py
[2024-07-06T14:42:09.817+0000] {processor.py:830} INFO - Processing file /home/airflow/.local/lib/python3.12/site-packages/airflow/example_dags/tutorial.py for tasks to queue
[2024-07-06T14:42:09.818+0000] {logging_mixin.py:188} INFO - [2024-07-06T14:42:09.818+0000] {dagbag.py:545} INFO - Filling up the DagBag from /home/airflow/.local/lib/python3.12/site-packages/airflow/example_dags/tutorial.py
[2024-07-06T14:42:09.820+0000] {processor.py:840} INFO - DAG(s) 'tutorial' retrieved from /home/airflow/.local/lib/python3.12/site-packages/airflow/example_dags/tutorial.py
[2024-07-06T14:42:09.828+0000] {logging_mixin.py:188} INFO - [2024-07-06T14:42:09.828+0000] {dag.py:3096} INFO - Sync 1 DAGs
[2024-07-06T14:42:09.836+0000] {logging_mixin.py:188} INFO - [2024-07-06T14:42:09.835+0000] {dag.py:3954} INFO - Setting next_dagrun for tutorial to 2024-07-05 00:00:00+00:00, run_after=2024-07-06 00:00:00+00:00
[2024-07-06T14:42:09.842+0000] {processor.py:183} INFO - Processing /home/airflow/.local/lib/python3.12/site-packages/airflow/example_dags/tutorial.py took 0.028 seconds
[2024-07-06T14:42:40.512+0000] {processor.py:161} INFO - Started process (PID=9270) to work on /home/airflow/.local/lib/python3.12/site-packages/airflow/example_dags/tutorial.py
[2024-07-06T14:42:40.513+0000] {processor.py:830} INFO - Processing file /home/airflow/.local/lib/python3.12/site-packages/airflow/example_dags/tutorial.py for tasks to queue
[2024-07-06T14:42:40.513+0000] {logging_mixin.py:188} INFO - [2024-07-06T14:42:40.513+0000] {dagbag.py:545} INFO - Filling up the DagBag from /home/airflow/.local/lib/python3.12/site-packages/airflow/example_dags/tutorial.py
[2024-07-06T14:42:40.517+0000] {processor.py:840} INFO - DAG(s) 'tutorial' retrieved from /home/airflow/.local/lib/python3.12/site-packages/airflow/example_dags/tutorial.py
[2024-07-06T14:42:40.525+0000] {logging_mixin.py:188} INFO - [2024-07-06T14:42:40.525+0000] {dag.py:3096} INFO - Sync 1 DAGs
[2024-07-06T14:42:40.534+0000] {logging_mixin.py:188} INFO - [2024-07-06T14:42:40.534+0000] {dag.py:3954} INFO - Setting next_dagrun for tutorial to 2024-07-05 00:00:00+00:00, run_after=2024-07-06 00:00:00+00:00
[2024-07-06T14:42:40.541+0000] {processor.py:183} INFO - Processing /home/airflow/.local/lib/python3.12/site-packages/airflow/example_dags/tutorial.py took 0.032 seconds
[2024-07-06T14:43:11.018+0000] {processor.py:161} INFO - Started process (PID=9328) to work on /home/airflow/.local/lib/python3.12/site-packages/airflow/example_dags/tutorial.py
[2024-07-06T14:43:11.019+0000] {processor.py:830} INFO - Processing file /home/airflow/.local/lib/python3.12/site-packages/airflow/example_dags/tutorial.py for tasks to queue
[2024-07-06T14:43:11.020+0000] {logging_mixin.py:188} INFO - [2024-07-06T14:43:11.019+0000] {dagbag.py:545} INFO - Filling up the DagBag from /home/airflow/.local/lib/python3.12/site-packages/airflow/example_dags/tutorial.py
[2024-07-06T14:43:11.022+0000] {processor.py:840} INFO - DAG(s) 'tutorial' retrieved from /home/airflow/.local/lib/python3.12/site-packages/airflow/example_dags/tutorial.py
[2024-07-06T14:43:11.031+0000] {logging_mixin.py:188} INFO - [2024-07-06T14:43:11.031+0000] {dag.py:3096} INFO - Sync 1 DAGs
[2024-07-06T14:43:11.040+0000] {logging_mixin.py:188} INFO - [2024-07-06T14:43:11.040+0000] {dag.py:3954} INFO - Setting next_dagrun for tutorial to 2024-07-05 00:00:00+00:00, run_after=2024-07-06 00:00:00+00:00
[2024-07-06T14:43:11.047+0000] {processor.py:183} INFO - Processing /home/airflow/.local/lib/python3.12/site-packages/airflow/example_dags/tutorial.py took 0.031 seconds
[2024-07-06T14:43:41.443+0000] {processor.py:161} INFO - Started process (PID=9392) to work on /home/airflow/.local/lib/python3.12/site-packages/airflow/example_dags/tutorial.py
[2024-07-06T14:43:41.443+0000] {processor.py:830} INFO - Processing file /home/airflow/.local/lib/python3.12/site-packages/airflow/example_dags/tutorial.py for tasks to queue
[2024-07-06T14:43:41.444+0000] {logging_mixin.py:188} INFO - [2024-07-06T14:43:41.444+0000] {dagbag.py:545} INFO - Filling up the DagBag from /home/airflow/.local/lib/python3.12/site-packages/airflow/example_dags/tutorial.py
[2024-07-06T14:43:41.447+0000] {processor.py:840} INFO - DAG(s) 'tutorial' retrieved from /home/airflow/.local/lib/python3.12/site-packages/airflow/example_dags/tutorial.py
[2024-07-06T14:43:41.454+0000] {logging_mixin.py:188} INFO - [2024-07-06T14:43:41.454+0000] {dag.py:3096} INFO - Sync 1 DAGs
[2024-07-06T14:43:41.462+0000] {logging_mixin.py:188} INFO - [2024-07-06T14:43:41.462+0000] {dag.py:3954} INFO - Setting next_dagrun for tutorial to 2024-07-05 00:00:00+00:00, run_after=2024-07-06 00:00:00+00:00
[2024-07-06T14:43:41.468+0000] {processor.py:183} INFO - Processing /home/airflow/.local/lib/python3.12/site-packages/airflow/example_dags/tutorial.py took 0.028 seconds
[2024-07-06T14:44:11.830+0000] {processor.py:161} INFO - Started process (PID=9450) to work on /home/airflow/.local/lib/python3.12/site-packages/airflow/example_dags/tutorial.py
[2024-07-06T14:44:11.830+0000] {processor.py:830} INFO - Processing file /home/airflow/.local/lib/python3.12/site-packages/airflow/example_dags/tutorial.py for tasks to queue
[2024-07-06T14:44:11.831+0000] {logging_mixin.py:188} INFO - [2024-07-06T14:44:11.831+0000] {dagbag.py:545} INFO - Filling up the DagBag from /home/airflow/.local/lib/python3.12/site-packages/airflow/example_dags/tutorial.py
[2024-07-06T14:44:11.833+0000] {processor.py:840} INFO - DAG(s) 'tutorial' retrieved from /home/airflow/.local/lib/python3.12/site-packages/airflow/example_dags/tutorial.py
[2024-07-06T14:44:11.841+0000] {logging_mixin.py:188} INFO - [2024-07-06T14:44:11.841+0000] {dag.py:3096} INFO - Sync 1 DAGs
[2024-07-06T14:44:11.848+0000] {logging_mixin.py:188} INFO - [2024-07-06T14:44:11.848+0000] {dag.py:3954} INFO - Setting next_dagrun for tutorial to 2024-07-05 00:00:00+00:00, run_after=2024-07-06 00:00:00+00:00
[2024-07-06T14:44:11.854+0000] {processor.py:183} INFO - Processing /home/airflow/.local/lib/python3.12/site-packages/airflow/example_dags/tutorial.py took 0.026 seconds
[2024-07-06T14:44:42.154+0000] {processor.py:161} INFO - Started process (PID=9508) to work on /home/airflow/.local/lib/python3.12/site-packages/airflow/example_dags/tutorial.py
[2024-07-06T14:44:42.154+0000] {processor.py:830} INFO - Processing file /home/airflow/.local/lib/python3.12/site-packages/airflow/example_dags/tutorial.py for tasks to queue
[2024-07-06T14:44:42.155+0000] {logging_mixin.py:188} INFO - [2024-07-06T14:44:42.155+0000] {dagbag.py:545} INFO - Filling up the DagBag from /home/airflow/.local/lib/python3.12/site-packages/airflow/example_dags/tutorial.py
[2024-07-06T14:44:42.157+0000] {processor.py:840} INFO - DAG(s) 'tutorial' retrieved from /home/airflow/.local/lib/python3.12/site-packages/airflow/example_dags/tutorial.py
[2024-07-06T14:44:42.165+0000] {logging_mixin.py:188} INFO - [2024-07-06T14:44:42.165+0000] {dag.py:3096} INFO - Sync 1 DAGs
[2024-07-06T14:44:42.172+0000] {logging_mixin.py:188} INFO - [2024-07-06T14:44:42.172+0000] {dag.py:3954} INFO - Setting next_dagrun for tutorial to 2024-07-05 00:00:00+00:00, run_after=2024-07-06 00:00:00+00:00
[2024-07-06T14:44:42.179+0000] {processor.py:183} INFO - Processing /home/airflow/.local/lib/python3.12/site-packages/airflow/example_dags/tutorial.py took 0.027 seconds
[2024-07-06T14:45:12.523+0000] {processor.py:161} INFO - Started process (PID=9566) to work on /home/airflow/.local/lib/python3.12/site-packages/airflow/example_dags/tutorial.py
[2024-07-06T14:45:12.523+0000] {processor.py:830} INFO - Processing file /home/airflow/.local/lib/python3.12/site-packages/airflow/example_dags/tutorial.py for tasks to queue
[2024-07-06T14:45:12.524+0000] {logging_mixin.py:188} INFO - [2024-07-06T14:45:12.524+0000] {dagbag.py:545} INFO - Filling up the DagBag from /home/airflow/.local/lib/python3.12/site-packages/airflow/example_dags/tutorial.py
[2024-07-06T14:45:12.527+0000] {processor.py:840} INFO - DAG(s) 'tutorial' retrieved from /home/airflow/.local/lib/python3.12/site-packages/airflow/example_dags/tutorial.py
[2024-07-06T14:45:12.534+0000] {logging_mixin.py:188} INFO - [2024-07-06T14:45:12.534+0000] {dag.py:3096} INFO - Sync 1 DAGs
[2024-07-06T14:45:12.542+0000] {logging_mixin.py:188} INFO - [2024-07-06T14:45:12.542+0000] {dag.py:3954} INFO - Setting next_dagrun for tutorial to 2024-07-05 00:00:00+00:00, run_after=2024-07-06 00:00:00+00:00
[2024-07-06T14:45:12.549+0000] {processor.py:183} INFO - Processing /home/airflow/.local/lib/python3.12/site-packages/airflow/example_dags/tutorial.py took 0.028 seconds
[2024-07-06T14:45:42.897+0000] {processor.py:161} INFO - Started process (PID=9624) to work on /home/airflow/.local/lib/python3.12/site-packages/airflow/example_dags/tutorial.py
[2024-07-06T14:45:42.897+0000] {processor.py:830} INFO - Processing file /home/airflow/.local/lib/python3.12/site-packages/airflow/example_dags/tutorial.py for tasks to queue
[2024-07-06T14:45:42.898+0000] {logging_mixin.py:188} INFO - [2024-07-06T14:45:42.898+0000] {dagbag.py:545} INFO - Filling up the DagBag from /home/airflow/.local/lib/python3.12/site-packages/airflow/example_dags/tutorial.py
[2024-07-06T14:45:42.900+0000] {processor.py:840} INFO - DAG(s) 'tutorial' retrieved from /home/airflow/.local/lib/python3.12/site-packages/airflow/example_dags/tutorial.py
[2024-07-06T14:45:42.908+0000] {logging_mixin.py:188} INFO - [2024-07-06T14:45:42.908+0000] {dag.py:3096} INFO - Sync 1 DAGs
[2024-07-06T14:45:42.918+0000] {logging_mixin.py:188} INFO - [2024-07-06T14:45:42.918+0000] {dag.py:3954} INFO - Setting next_dagrun for tutorial to 2024-07-05 00:00:00+00:00, run_after=2024-07-06 00:00:00+00:00
[2024-07-06T14:45:42.924+0000] {processor.py:183} INFO - Processing /home/airflow/.local/lib/python3.12/site-packages/airflow/example_dags/tutorial.py took 0.030 seconds
[2024-07-06T14:46:13.359+0000] {processor.py:161} INFO - Started process (PID=9682) to work on /home/airflow/.local/lib/python3.12/site-packages/airflow/example_dags/tutorial.py
[2024-07-06T14:46:13.360+0000] {processor.py:830} INFO - Processing file /home/airflow/.local/lib/python3.12/site-packages/airflow/example_dags/tutorial.py for tasks to queue
[2024-07-06T14:46:13.360+0000] {logging_mixin.py:188} INFO - [2024-07-06T14:46:13.360+0000] {dagbag.py:545} INFO - Filling up the DagBag from /home/airflow/.local/lib/python3.12/site-packages/airflow/example_dags/tutorial.py
[2024-07-06T14:46:13.363+0000] {processor.py:840} INFO - DAG(s) 'tutorial' retrieved from /home/airflow/.local/lib/python3.12/site-packages/airflow/example_dags/tutorial.py
[2024-07-06T14:46:13.370+0000] {logging_mixin.py:188} INFO - [2024-07-06T14:46:13.370+0000] {dag.py:3096} INFO - Sync 1 DAGs
[2024-07-06T14:46:13.378+0000] {logging_mixin.py:188} INFO - [2024-07-06T14:46:13.378+0000] {dag.py:3954} INFO - Setting next_dagrun for tutorial to 2024-07-05 00:00:00+00:00, run_after=2024-07-06 00:00:00+00:00
[2024-07-06T14:46:13.384+0000] {processor.py:183} INFO - Processing /home/airflow/.local/lib/python3.12/site-packages/airflow/example_dags/tutorial.py took 0.027 seconds
[2024-07-06T14:46:43.665+0000] {processor.py:161} INFO - Started process (PID=9740) to work on /home/airflow/.local/lib/python3.12/site-packages/airflow/example_dags/tutorial.py
[2024-07-06T14:46:43.665+0000] {processor.py:830} INFO - Processing file /home/airflow/.local/lib/python3.12/site-packages/airflow/example_dags/tutorial.py for tasks to queue
[2024-07-06T14:46:43.666+0000] {logging_mixin.py:188} INFO - [2024-07-06T14:46:43.666+0000] {dagbag.py:545} INFO - Filling up the DagBag from /home/airflow/.local/lib/python3.12/site-packages/airflow/example_dags/tutorial.py
[2024-07-06T14:46:43.669+0000] {processor.py:840} INFO - DAG(s) 'tutorial' retrieved from /home/airflow/.local/lib/python3.12/site-packages/airflow/example_dags/tutorial.py
[2024-07-06T14:46:43.677+0000] {logging_mixin.py:188} INFO - [2024-07-06T14:46:43.677+0000] {dag.py:3096} INFO - Sync 1 DAGs
[2024-07-06T14:46:43.685+0000] {logging_mixin.py:188} INFO - [2024-07-06T14:46:43.685+0000] {dag.py:3954} INFO - Setting next_dagrun for tutorial to 2024-07-05 00:00:00+00:00, run_after=2024-07-06 00:00:00+00:00
[2024-07-06T14:46:43.692+0000] {processor.py:183} INFO - Processing /home/airflow/.local/lib/python3.12/site-packages/airflow/example_dags/tutorial.py took 0.029 seconds
[2024-07-06T14:47:14.044+0000] {processor.py:161} INFO - Started process (PID=9798) to work on /home/airflow/.local/lib/python3.12/site-packages/airflow/example_dags/tutorial.py
[2024-07-06T14:47:14.044+0000] {processor.py:830} INFO - Processing file /home/airflow/.local/lib/python3.12/site-packages/airflow/example_dags/tutorial.py for tasks to queue
[2024-07-06T14:47:14.045+0000] {logging_mixin.py:188} INFO - [2024-07-06T14:47:14.045+0000] {dagbag.py:545} INFO - Filling up the DagBag from /home/airflow/.local/lib/python3.12/site-packages/airflow/example_dags/tutorial.py
[2024-07-06T14:47:14.048+0000] {processor.py:840} INFO - DAG(s) 'tutorial' retrieved from /home/airflow/.local/lib/python3.12/site-packages/airflow/example_dags/tutorial.py
[2024-07-06T14:47:14.055+0000] {logging_mixin.py:188} INFO - [2024-07-06T14:47:14.055+0000] {dag.py:3096} INFO - Sync 1 DAGs
[2024-07-06T14:47:14.063+0000] {logging_mixin.py:188} INFO - [2024-07-06T14:47:14.063+0000] {dag.py:3954} INFO - Setting next_dagrun for tutorial to 2024-07-05 00:00:00+00:00, run_after=2024-07-06 00:00:00+00:00
[2024-07-06T14:47:14.069+0000] {processor.py:183} INFO - Processing /home/airflow/.local/lib/python3.12/site-packages/airflow/example_dags/tutorial.py took 0.027 seconds
[2024-07-06T14:47:44.334+0000] {processor.py:161} INFO - Started process (PID=9856) to work on /home/airflow/.local/lib/python3.12/site-packages/airflow/example_dags/tutorial.py
[2024-07-06T14:47:44.335+0000] {processor.py:830} INFO - Processing file /home/airflow/.local/lib/python3.12/site-packages/airflow/example_dags/tutorial.py for tasks to queue
[2024-07-06T14:47:44.336+0000] {logging_mixin.py:188} INFO - [2024-07-06T14:47:44.335+0000] {dagbag.py:545} INFO - Filling up the DagBag from /home/airflow/.local/lib/python3.12/site-packages/airflow/example_dags/tutorial.py
[2024-07-06T14:47:44.338+0000] {processor.py:840} INFO - DAG(s) 'tutorial' retrieved from /home/airflow/.local/lib/python3.12/site-packages/airflow/example_dags/tutorial.py
[2024-07-06T14:47:44.346+0000] {logging_mixin.py:188} INFO - [2024-07-06T14:47:44.346+0000] {dag.py:3096} INFO - Sync 1 DAGs
[2024-07-06T14:47:44.354+0000] {logging_mixin.py:188} INFO - [2024-07-06T14:47:44.354+0000] {dag.py:3954} INFO - Setting next_dagrun for tutorial to 2024-07-05 00:00:00+00:00, run_after=2024-07-06 00:00:00+00:00
[2024-07-06T14:47:44.360+0000] {processor.py:183} INFO - Processing /home/airflow/.local/lib/python3.12/site-packages/airflow/example_dags/tutorial.py took 0.028 seconds
[2024-07-06T14:48:14.731+0000] {processor.py:161} INFO - Started process (PID=9914) to work on /home/airflow/.local/lib/python3.12/site-packages/airflow/example_dags/tutorial.py
[2024-07-06T14:48:14.732+0000] {processor.py:830} INFO - Processing file /home/airflow/.local/lib/python3.12/site-packages/airflow/example_dags/tutorial.py for tasks to queue
[2024-07-06T14:48:14.733+0000] {logging_mixin.py:188} INFO - [2024-07-06T14:48:14.732+0000] {dagbag.py:545} INFO - Filling up the DagBag from /home/airflow/.local/lib/python3.12/site-packages/airflow/example_dags/tutorial.py
[2024-07-06T14:48:14.735+0000] {processor.py:840} INFO - DAG(s) 'tutorial' retrieved from /home/airflow/.local/lib/python3.12/site-packages/airflow/example_dags/tutorial.py
[2024-07-06T14:48:14.743+0000] {logging_mixin.py:188} INFO - [2024-07-06T14:48:14.743+0000] {dag.py:3096} INFO - Sync 1 DAGs
[2024-07-06T14:48:14.751+0000] {logging_mixin.py:188} INFO - [2024-07-06T14:48:14.751+0000] {dag.py:3954} INFO - Setting next_dagrun for tutorial to 2024-07-05 00:00:00+00:00, run_after=2024-07-06 00:00:00+00:00
[2024-07-06T14:48:14.757+0000] {processor.py:183} INFO - Processing /home/airflow/.local/lib/python3.12/site-packages/airflow/example_dags/tutorial.py took 0.028 seconds
[2024-07-06T14:48:45.136+0000] {processor.py:161} INFO - Started process (PID=9972) to work on /home/airflow/.local/lib/python3.12/site-packages/airflow/example_dags/tutorial.py
[2024-07-06T14:48:45.136+0000] {processor.py:830} INFO - Processing file /home/airflow/.local/lib/python3.12/site-packages/airflow/example_dags/tutorial.py for tasks to queue
[2024-07-06T14:48:45.137+0000] {logging_mixin.py:188} INFO - [2024-07-06T14:48:45.137+0000] {dagbag.py:545} INFO - Filling up the DagBag from /home/airflow/.local/lib/python3.12/site-packages/airflow/example_dags/tutorial.py
[2024-07-06T14:48:45.140+0000] {processor.py:840} INFO - DAG(s) 'tutorial' retrieved from /home/airflow/.local/lib/python3.12/site-packages/airflow/example_dags/tutorial.py
[2024-07-06T14:48:45.148+0000] {logging_mixin.py:188} INFO - [2024-07-06T14:48:45.148+0000] {dag.py:3096} INFO - Sync 1 DAGs
[2024-07-06T14:48:45.157+0000] {logging_mixin.py:188} INFO - [2024-07-06T14:48:45.157+0000] {dag.py:3954} INFO - Setting next_dagrun for tutorial to 2024-07-05 00:00:00+00:00, run_after=2024-07-06 00:00:00+00:00
[2024-07-06T14:48:45.164+0000] {processor.py:183} INFO - Processing /home/airflow/.local/lib/python3.12/site-packages/airflow/example_dags/tutorial.py took 0.031 seconds
[2024-07-06T14:49:15.437+0000] {processor.py:161} INFO - Started process (PID=10030) to work on /home/airflow/.local/lib/python3.12/site-packages/airflow/example_dags/tutorial.py
[2024-07-06T14:49:15.437+0000] {processor.py:830} INFO - Processing file /home/airflow/.local/lib/python3.12/site-packages/airflow/example_dags/tutorial.py for tasks to queue
[2024-07-06T14:49:15.438+0000] {logging_mixin.py:188} INFO - [2024-07-06T14:49:15.438+0000] {dagbag.py:545} INFO - Filling up the DagBag from /home/airflow/.local/lib/python3.12/site-packages/airflow/example_dags/tutorial.py
[2024-07-06T14:49:15.441+0000] {processor.py:840} INFO - DAG(s) 'tutorial' retrieved from /home/airflow/.local/lib/python3.12/site-packages/airflow/example_dags/tutorial.py
[2024-07-06T14:49:15.450+0000] {logging_mixin.py:188} INFO - [2024-07-06T14:49:15.450+0000] {dag.py:3096} INFO - Sync 1 DAGs
[2024-07-06T14:49:15.458+0000] {logging_mixin.py:188} INFO - [2024-07-06T14:49:15.458+0000] {dag.py:3954} INFO - Setting next_dagrun for tutorial to 2024-07-05 00:00:00+00:00, run_after=2024-07-06 00:00:00+00:00
[2024-07-06T14:49:15.465+0000] {processor.py:183} INFO - Processing /home/airflow/.local/lib/python3.12/site-packages/airflow/example_dags/tutorial.py took 0.030 seconds
[2024-07-06T14:49:45.886+0000] {processor.py:161} INFO - Started process (PID=10088) to work on /home/airflow/.local/lib/python3.12/site-packages/airflow/example_dags/tutorial.py
[2024-07-06T14:49:45.886+0000] {processor.py:830} INFO - Processing file /home/airflow/.local/lib/python3.12/site-packages/airflow/example_dags/tutorial.py for tasks to queue
[2024-07-06T14:49:45.887+0000] {logging_mixin.py:188} INFO - [2024-07-06T14:49:45.887+0000] {dagbag.py:545} INFO - Filling up the DagBag from /home/airflow/.local/lib/python3.12/site-packages/airflow/example_dags/tutorial.py
[2024-07-06T14:49:45.890+0000] {processor.py:840} INFO - DAG(s) 'tutorial' retrieved from /home/airflow/.local/lib/python3.12/site-packages/airflow/example_dags/tutorial.py
[2024-07-06T14:49:45.898+0000] {logging_mixin.py:188} INFO - [2024-07-06T14:49:45.898+0000] {dag.py:3096} INFO - Sync 1 DAGs
[2024-07-06T14:49:45.908+0000] {logging_mixin.py:188} INFO - [2024-07-06T14:49:45.907+0000] {dag.py:3954} INFO - Setting next_dagrun for tutorial to 2024-07-05 00:00:00+00:00, run_after=2024-07-06 00:00:00+00:00
[2024-07-06T14:49:45.914+0000] {processor.py:183} INFO - Processing /home/airflow/.local/lib/python3.12/site-packages/airflow/example_dags/tutorial.py took 0.030 seconds
[2024-07-06T14:50:16.197+0000] {processor.py:161} INFO - Started process (PID=10146) to work on /home/airflow/.local/lib/python3.12/site-packages/airflow/example_dags/tutorial.py
[2024-07-06T14:50:16.198+0000] {processor.py:830} INFO - Processing file /home/airflow/.local/lib/python3.12/site-packages/airflow/example_dags/tutorial.py for tasks to queue
[2024-07-06T14:50:16.198+0000] {logging_mixin.py:188} INFO - [2024-07-06T14:50:16.198+0000] {dagbag.py:545} INFO - Filling up the DagBag from /home/airflow/.local/lib/python3.12/site-packages/airflow/example_dags/tutorial.py
[2024-07-06T14:50:16.201+0000] {processor.py:840} INFO - DAG(s) 'tutorial' retrieved from /home/airflow/.local/lib/python3.12/site-packages/airflow/example_dags/tutorial.py
[2024-07-06T14:50:16.209+0000] {logging_mixin.py:188} INFO - [2024-07-06T14:50:16.209+0000] {dag.py:3096} INFO - Sync 1 DAGs
[2024-07-06T14:50:16.216+0000] {logging_mixin.py:188} INFO - [2024-07-06T14:50:16.216+0000] {dag.py:3954} INFO - Setting next_dagrun for tutorial to 2024-07-05 00:00:00+00:00, run_after=2024-07-06 00:00:00+00:00
[2024-07-06T14:50:16.223+0000] {processor.py:183} INFO - Processing /home/airflow/.local/lib/python3.12/site-packages/airflow/example_dags/tutorial.py took 0.027 seconds
[2024-07-06T14:50:46.554+0000] {processor.py:161} INFO - Started process (PID=10204) to work on /home/airflow/.local/lib/python3.12/site-packages/airflow/example_dags/tutorial.py
[2024-07-06T14:50:46.554+0000] {processor.py:830} INFO - Processing file /home/airflow/.local/lib/python3.12/site-packages/airflow/example_dags/tutorial.py for tasks to queue
[2024-07-06T14:50:46.555+0000] {logging_mixin.py:188} INFO - [2024-07-06T14:50:46.555+0000] {dagbag.py:545} INFO - Filling up the DagBag from /home/airflow/.local/lib/python3.12/site-packages/airflow/example_dags/tutorial.py
[2024-07-06T14:50:46.558+0000] {processor.py:840} INFO - DAG(s) 'tutorial' retrieved from /home/airflow/.local/lib/python3.12/site-packages/airflow/example_dags/tutorial.py
[2024-07-06T14:50:46.566+0000] {logging_mixin.py:188} INFO - [2024-07-06T14:50:46.566+0000] {dag.py:3096} INFO - Sync 1 DAGs
[2024-07-06T14:50:46.576+0000] {logging_mixin.py:188} INFO - [2024-07-06T14:50:46.575+0000] {dag.py:3954} INFO - Setting next_dagrun for tutorial to 2024-07-05 00:00:00+00:00, run_after=2024-07-06 00:00:00+00:00
[2024-07-06T14:50:46.582+0000] {processor.py:183} INFO - Processing /home/airflow/.local/lib/python3.12/site-packages/airflow/example_dags/tutorial.py took 0.031 seconds
[2024-07-06T14:51:16.906+0000] {processor.py:161} INFO - Started process (PID=10262) to work on /home/airflow/.local/lib/python3.12/site-packages/airflow/example_dags/tutorial.py
[2024-07-06T14:51:16.906+0000] {processor.py:830} INFO - Processing file /home/airflow/.local/lib/python3.12/site-packages/airflow/example_dags/tutorial.py for tasks to queue
[2024-07-06T14:51:16.907+0000] {logging_mixin.py:188} INFO - [2024-07-06T14:51:16.907+0000] {dagbag.py:545} INFO - Filling up the DagBag from /home/airflow/.local/lib/python3.12/site-packages/airflow/example_dags/tutorial.py
[2024-07-06T14:51:16.910+0000] {processor.py:840} INFO - DAG(s) 'tutorial' retrieved from /home/airflow/.local/lib/python3.12/site-packages/airflow/example_dags/tutorial.py
[2024-07-06T14:51:16.918+0000] {logging_mixin.py:188} INFO - [2024-07-06T14:51:16.918+0000] {dag.py:3096} INFO - Sync 1 DAGs
[2024-07-06T14:51:16.926+0000] {logging_mixin.py:188} INFO - [2024-07-06T14:51:16.926+0000] {dag.py:3954} INFO - Setting next_dagrun for tutorial to 2024-07-05 00:00:00+00:00, run_after=2024-07-06 00:00:00+00:00
[2024-07-06T14:51:16.933+0000] {processor.py:183} INFO - Processing /home/airflow/.local/lib/python3.12/site-packages/airflow/example_dags/tutorial.py took 0.029 seconds
[2024-07-06T14:51:47.313+0000] {processor.py:161} INFO - Started process (PID=10320) to work on /home/airflow/.local/lib/python3.12/site-packages/airflow/example_dags/tutorial.py
[2024-07-06T14:51:47.314+0000] {processor.py:830} INFO - Processing file /home/airflow/.local/lib/python3.12/site-packages/airflow/example_dags/tutorial.py for tasks to queue
[2024-07-06T14:51:47.314+0000] {logging_mixin.py:188} INFO - [2024-07-06T14:51:47.314+0000] {dagbag.py:545} INFO - Filling up the DagBag from /home/airflow/.local/lib/python3.12/site-packages/airflow/example_dags/tutorial.py
[2024-07-06T14:51:47.318+0000] {processor.py:840} INFO - DAG(s) 'tutorial' retrieved from /home/airflow/.local/lib/python3.12/site-packages/airflow/example_dags/tutorial.py
[2024-07-06T14:51:47.327+0000] {logging_mixin.py:188} INFO - [2024-07-06T14:51:47.327+0000] {dag.py:3096} INFO - Sync 1 DAGs
[2024-07-06T14:51:47.337+0000] {logging_mixin.py:188} INFO - [2024-07-06T14:51:47.337+0000] {dag.py:3954} INFO - Setting next_dagrun for tutorial to 2024-07-05 00:00:00+00:00, run_after=2024-07-06 00:00:00+00:00
[2024-07-06T14:51:47.344+0000] {processor.py:183} INFO - Processing /home/airflow/.local/lib/python3.12/site-packages/airflow/example_dags/tutorial.py took 0.034 seconds
[2024-07-06T14:52:17.746+0000] {processor.py:161} INFO - Started process (PID=10378) to work on /home/airflow/.local/lib/python3.12/site-packages/airflow/example_dags/tutorial.py
[2024-07-06T14:52:17.747+0000] {processor.py:830} INFO - Processing file /home/airflow/.local/lib/python3.12/site-packages/airflow/example_dags/tutorial.py for tasks to queue
[2024-07-06T14:52:17.748+0000] {logging_mixin.py:188} INFO - [2024-07-06T14:52:17.747+0000] {dagbag.py:545} INFO - Filling up the DagBag from /home/airflow/.local/lib/python3.12/site-packages/airflow/example_dags/tutorial.py
[2024-07-06T14:52:17.750+0000] {processor.py:840} INFO - DAG(s) 'tutorial' retrieved from /home/airflow/.local/lib/python3.12/site-packages/airflow/example_dags/tutorial.py
[2024-07-06T14:52:17.759+0000] {logging_mixin.py:188} INFO - [2024-07-06T14:52:17.758+0000] {dag.py:3096} INFO - Sync 1 DAGs
[2024-07-06T14:52:17.767+0000] {logging_mixin.py:188} INFO - [2024-07-06T14:52:17.767+0000] {dag.py:3954} INFO - Setting next_dagrun for tutorial to 2024-07-05 00:00:00+00:00, run_after=2024-07-06 00:00:00+00:00
[2024-07-06T14:52:17.773+0000] {processor.py:183} INFO - Processing /home/airflow/.local/lib/python3.12/site-packages/airflow/example_dags/tutorial.py took 0.029 seconds
[2024-07-06T14:52:48.098+0000] {processor.py:161} INFO - Started process (PID=10436) to work on /home/airflow/.local/lib/python3.12/site-packages/airflow/example_dags/tutorial.py
[2024-07-06T14:52:48.098+0000] {processor.py:830} INFO - Processing file /home/airflow/.local/lib/python3.12/site-packages/airflow/example_dags/tutorial.py for tasks to queue
[2024-07-06T14:52:48.099+0000] {logging_mixin.py:188} INFO - [2024-07-06T14:52:48.099+0000] {dagbag.py:545} INFO - Filling up the DagBag from /home/airflow/.local/lib/python3.12/site-packages/airflow/example_dags/tutorial.py
[2024-07-06T14:52:48.102+0000] {processor.py:840} INFO - DAG(s) 'tutorial' retrieved from /home/airflow/.local/lib/python3.12/site-packages/airflow/example_dags/tutorial.py
[2024-07-06T14:52:48.110+0000] {logging_mixin.py:188} INFO - [2024-07-06T14:52:48.110+0000] {dag.py:3096} INFO - Sync 1 DAGs
[2024-07-06T14:52:48.118+0000] {logging_mixin.py:188} INFO - [2024-07-06T14:52:48.118+0000] {dag.py:3954} INFO - Setting next_dagrun for tutorial to 2024-07-05 00:00:00+00:00, run_after=2024-07-06 00:00:00+00:00
[2024-07-06T14:52:48.128+0000] {processor.py:183} INFO - Processing /home/airflow/.local/lib/python3.12/site-packages/airflow/example_dags/tutorial.py took 0.033 seconds
[2024-07-06T14:53:18.492+0000] {processor.py:161} INFO - Started process (PID=10494) to work on /home/airflow/.local/lib/python3.12/site-packages/airflow/example_dags/tutorial.py
[2024-07-06T14:53:18.493+0000] {processor.py:830} INFO - Processing file /home/airflow/.local/lib/python3.12/site-packages/airflow/example_dags/tutorial.py for tasks to queue
[2024-07-06T14:53:18.493+0000] {logging_mixin.py:188} INFO - [2024-07-06T14:53:18.493+0000] {dagbag.py:545} INFO - Filling up the DagBag from /home/airflow/.local/lib/python3.12/site-packages/airflow/example_dags/tutorial.py
[2024-07-06T14:53:18.496+0000] {processor.py:840} INFO - DAG(s) 'tutorial' retrieved from /home/airflow/.local/lib/python3.12/site-packages/airflow/example_dags/tutorial.py
[2024-07-06T14:53:18.504+0000] {logging_mixin.py:188} INFO - [2024-07-06T14:53:18.504+0000] {dag.py:3096} INFO - Sync 1 DAGs
[2024-07-06T14:53:18.512+0000] {logging_mixin.py:188} INFO - [2024-07-06T14:53:18.512+0000] {dag.py:3954} INFO - Setting next_dagrun for tutorial to 2024-07-05 00:00:00+00:00, run_after=2024-07-06 00:00:00+00:00
[2024-07-06T14:53:18.518+0000] {processor.py:183} INFO - Processing /home/airflow/.local/lib/python3.12/site-packages/airflow/example_dags/tutorial.py took 0.028 seconds
[2024-07-06T14:53:48.809+0000] {processor.py:161} INFO - Started process (PID=10552) to work on /home/airflow/.local/lib/python3.12/site-packages/airflow/example_dags/tutorial.py
[2024-07-06T14:53:48.809+0000] {processor.py:830} INFO - Processing file /home/airflow/.local/lib/python3.12/site-packages/airflow/example_dags/tutorial.py for tasks to queue
[2024-07-06T14:53:48.810+0000] {logging_mixin.py:188} INFO - [2024-07-06T14:53:48.810+0000] {dagbag.py:545} INFO - Filling up the DagBag from /home/airflow/.local/lib/python3.12/site-packages/airflow/example_dags/tutorial.py
[2024-07-06T14:53:48.812+0000] {processor.py:840} INFO - DAG(s) 'tutorial' retrieved from /home/airflow/.local/lib/python3.12/site-packages/airflow/example_dags/tutorial.py
[2024-07-06T14:53:48.821+0000] {logging_mixin.py:188} INFO - [2024-07-06T14:53:48.821+0000] {dag.py:3096} INFO - Sync 1 DAGs
[2024-07-06T14:53:48.830+0000] {logging_mixin.py:188} INFO - [2024-07-06T14:53:48.830+0000] {dag.py:3954} INFO - Setting next_dagrun for tutorial to 2024-07-05 00:00:00+00:00, run_after=2024-07-06 00:00:00+00:00
[2024-07-06T14:53:48.837+0000] {processor.py:183} INFO - Processing /home/airflow/.local/lib/python3.12/site-packages/airflow/example_dags/tutorial.py took 0.030 seconds
[2024-07-06T14:54:19.124+0000] {processor.py:161} INFO - Started process (PID=10610) to work on /home/airflow/.local/lib/python3.12/site-packages/airflow/example_dags/tutorial.py
[2024-07-06T14:54:19.124+0000] {processor.py:830} INFO - Processing file /home/airflow/.local/lib/python3.12/site-packages/airflow/example_dags/tutorial.py for tasks to queue
[2024-07-06T14:54:19.125+0000] {logging_mixin.py:188} INFO - [2024-07-06T14:54:19.125+0000] {dagbag.py:545} INFO - Filling up the DagBag from /home/airflow/.local/lib/python3.12/site-packages/airflow/example_dags/tutorial.py
[2024-07-06T14:54:19.128+0000] {processor.py:840} INFO - DAG(s) 'tutorial' retrieved from /home/airflow/.local/lib/python3.12/site-packages/airflow/example_dags/tutorial.py
[2024-07-06T14:54:19.135+0000] {logging_mixin.py:188} INFO - [2024-07-06T14:54:19.135+0000] {dag.py:3096} INFO - Sync 1 DAGs
[2024-07-06T14:54:19.143+0000] {logging_mixin.py:188} INFO - [2024-07-06T14:54:19.143+0000] {dag.py:3954} INFO - Setting next_dagrun for tutorial to 2024-07-05 00:00:00+00:00, run_after=2024-07-06 00:00:00+00:00
[2024-07-06T14:54:19.150+0000] {processor.py:183} INFO - Processing /home/airflow/.local/lib/python3.12/site-packages/airflow/example_dags/tutorial.py took 0.028 seconds
[2024-07-06T14:54:49.480+0000] {processor.py:161} INFO - Started process (PID=10667) to work on /home/airflow/.local/lib/python3.12/site-packages/airflow/example_dags/tutorial.py
[2024-07-06T14:54:49.480+0000] {processor.py:830} INFO - Processing file /home/airflow/.local/lib/python3.12/site-packages/airflow/example_dags/tutorial.py for tasks to queue
[2024-07-06T14:54:49.483+0000] {logging_mixin.py:188} INFO - [2024-07-06T14:54:49.483+0000] {dagbag.py:545} INFO - Filling up the DagBag from /home/airflow/.local/lib/python3.12/site-packages/airflow/example_dags/tutorial.py
[2024-07-06T14:54:49.485+0000] {processor.py:840} INFO - DAG(s) 'tutorial' retrieved from /home/airflow/.local/lib/python3.12/site-packages/airflow/example_dags/tutorial.py
[2024-07-06T14:54:49.494+0000] {logging_mixin.py:188} INFO - [2024-07-06T14:54:49.494+0000] {dag.py:3096} INFO - Sync 1 DAGs
[2024-07-06T14:54:49.504+0000] {logging_mixin.py:188} INFO - [2024-07-06T14:54:49.503+0000] {dag.py:3954} INFO - Setting next_dagrun for tutorial to 2024-07-05 00:00:00+00:00, run_after=2024-07-06 00:00:00+00:00
[2024-07-06T14:54:49.510+0000] {processor.py:183} INFO - Processing /home/airflow/.local/lib/python3.12/site-packages/airflow/example_dags/tutorial.py took 0.033 seconds
[2024-07-06T14:55:19.922+0000] {processor.py:161} INFO - Started process (PID=10725) to work on /home/airflow/.local/lib/python3.12/site-packages/airflow/example_dags/tutorial.py
[2024-07-06T14:55:19.922+0000] {processor.py:830} INFO - Processing file /home/airflow/.local/lib/python3.12/site-packages/airflow/example_dags/tutorial.py for tasks to queue
[2024-07-06T14:55:19.923+0000] {logging_mixin.py:188} INFO - [2024-07-06T14:55:19.923+0000] {dagbag.py:545} INFO - Filling up the DagBag from /home/airflow/.local/lib/python3.12/site-packages/airflow/example_dags/tutorial.py
[2024-07-06T14:55:19.925+0000] {processor.py:840} INFO - DAG(s) 'tutorial' retrieved from /home/airflow/.local/lib/python3.12/site-packages/airflow/example_dags/tutorial.py
[2024-07-06T14:55:19.933+0000] {logging_mixin.py:188} INFO - [2024-07-06T14:55:19.933+0000] {dag.py:3096} INFO - Sync 1 DAGs
[2024-07-06T14:55:19.941+0000] {logging_mixin.py:188} INFO - [2024-07-06T14:55:19.941+0000] {dag.py:3954} INFO - Setting next_dagrun for tutorial to 2024-07-05 00:00:00+00:00, run_after=2024-07-06 00:00:00+00:00
[2024-07-06T14:55:19.948+0000] {processor.py:183} INFO - Processing /home/airflow/.local/lib/python3.12/site-packages/airflow/example_dags/tutorial.py took 0.028 seconds
[2024-07-06T14:55:50.340+0000] {processor.py:161} INFO - Started process (PID=10783) to work on /home/airflow/.local/lib/python3.12/site-packages/airflow/example_dags/tutorial.py
[2024-07-06T14:55:50.341+0000] {processor.py:830} INFO - Processing file /home/airflow/.local/lib/python3.12/site-packages/airflow/example_dags/tutorial.py for tasks to queue
[2024-07-06T14:55:50.342+0000] {logging_mixin.py:188} INFO - [2024-07-06T14:55:50.341+0000] {dagbag.py:545} INFO - Filling up the DagBag from /home/airflow/.local/lib/python3.12/site-packages/airflow/example_dags/tutorial.py
[2024-07-06T14:55:50.344+0000] {processor.py:840} INFO - DAG(s) 'tutorial' retrieved from /home/airflow/.local/lib/python3.12/site-packages/airflow/example_dags/tutorial.py
[2024-07-06T14:55:50.352+0000] {logging_mixin.py:188} INFO - [2024-07-06T14:55:50.352+0000] {dag.py:3096} INFO - Sync 1 DAGs
[2024-07-06T14:55:50.360+0000] {logging_mixin.py:188} INFO - [2024-07-06T14:55:50.359+0000] {dag.py:3954} INFO - Setting next_dagrun for tutorial to 2024-07-05 00:00:00+00:00, run_after=2024-07-06 00:00:00+00:00
[2024-07-06T14:55:50.365+0000] {processor.py:183} INFO - Processing /home/airflow/.local/lib/python3.12/site-packages/airflow/example_dags/tutorial.py took 0.027 seconds
[2024-07-06T14:56:20.716+0000] {processor.py:161} INFO - Started process (PID=10841) to work on /home/airflow/.local/lib/python3.12/site-packages/airflow/example_dags/tutorial.py
[2024-07-06T14:56:20.717+0000] {processor.py:830} INFO - Processing file /home/airflow/.local/lib/python3.12/site-packages/airflow/example_dags/tutorial.py for tasks to queue
[2024-07-06T14:56:20.717+0000] {logging_mixin.py:188} INFO - [2024-07-06T14:56:20.717+0000] {dagbag.py:545} INFO - Filling up the DagBag from /home/airflow/.local/lib/python3.12/site-packages/airflow/example_dags/tutorial.py
[2024-07-06T14:56:20.719+0000] {processor.py:840} INFO - DAG(s) 'tutorial' retrieved from /home/airflow/.local/lib/python3.12/site-packages/airflow/example_dags/tutorial.py
[2024-07-06T14:56:20.728+0000] {logging_mixin.py:188} INFO - [2024-07-06T14:56:20.727+0000] {dag.py:3096} INFO - Sync 1 DAGs
[2024-07-06T14:56:20.735+0000] {logging_mixin.py:188} INFO - [2024-07-06T14:56:20.735+0000] {dag.py:3954} INFO - Setting next_dagrun for tutorial to 2024-07-05 00:00:00+00:00, run_after=2024-07-06 00:00:00+00:00
[2024-07-06T14:56:20.742+0000] {processor.py:183} INFO - Processing /home/airflow/.local/lib/python3.12/site-packages/airflow/example_dags/tutorial.py took 0.028 seconds
[2024-07-06T14:56:51.082+0000] {processor.py:161} INFO - Started process (PID=10899) to work on /home/airflow/.local/lib/python3.12/site-packages/airflow/example_dags/tutorial.py
[2024-07-06T14:56:51.082+0000] {processor.py:830} INFO - Processing file /home/airflow/.local/lib/python3.12/site-packages/airflow/example_dags/tutorial.py for tasks to queue
[2024-07-06T14:56:51.083+0000] {logging_mixin.py:188} INFO - [2024-07-06T14:56:51.083+0000] {dagbag.py:545} INFO - Filling up the DagBag from /home/airflow/.local/lib/python3.12/site-packages/airflow/example_dags/tutorial.py
[2024-07-06T14:56:51.086+0000] {processor.py:840} INFO - DAG(s) 'tutorial' retrieved from /home/airflow/.local/lib/python3.12/site-packages/airflow/example_dags/tutorial.py
[2024-07-06T14:56:51.094+0000] {logging_mixin.py:188} INFO - [2024-07-06T14:56:51.094+0000] {dag.py:3096} INFO - Sync 1 DAGs
[2024-07-06T14:56:51.102+0000] {logging_mixin.py:188} INFO - [2024-07-06T14:56:51.102+0000] {dag.py:3954} INFO - Setting next_dagrun for tutorial to 2024-07-05 00:00:00+00:00, run_after=2024-07-06 00:00:00+00:00
[2024-07-06T14:56:51.108+0000] {processor.py:183} INFO - Processing /home/airflow/.local/lib/python3.12/site-packages/airflow/example_dags/tutorial.py took 0.029 seconds
[2024-07-06T14:57:21.418+0000] {processor.py:161} INFO - Started process (PID=10957) to work on /home/airflow/.local/lib/python3.12/site-packages/airflow/example_dags/tutorial.py
[2024-07-06T14:57:21.419+0000] {processor.py:830} INFO - Processing file /home/airflow/.local/lib/python3.12/site-packages/airflow/example_dags/tutorial.py for tasks to queue
[2024-07-06T14:57:21.419+0000] {logging_mixin.py:188} INFO - [2024-07-06T14:57:21.419+0000] {dagbag.py:545} INFO - Filling up the DagBag from /home/airflow/.local/lib/python3.12/site-packages/airflow/example_dags/tutorial.py
[2024-07-06T14:57:21.422+0000] {processor.py:840} INFO - DAG(s) 'tutorial' retrieved from /home/airflow/.local/lib/python3.12/site-packages/airflow/example_dags/tutorial.py
[2024-07-06T14:57:21.430+0000] {logging_mixin.py:188} INFO - [2024-07-06T14:57:21.430+0000] {dag.py:3096} INFO - Sync 1 DAGs
[2024-07-06T14:57:21.438+0000] {logging_mixin.py:188} INFO - [2024-07-06T14:57:21.438+0000] {dag.py:3954} INFO - Setting next_dagrun for tutorial to 2024-07-05 00:00:00+00:00, run_after=2024-07-06 00:00:00+00:00
[2024-07-06T14:57:21.444+0000] {processor.py:183} INFO - Processing /home/airflow/.local/lib/python3.12/site-packages/airflow/example_dags/tutorial.py took 0.028 seconds
[2024-07-06T14:57:51.815+0000] {processor.py:161} INFO - Started process (PID=11015) to work on /home/airflow/.local/lib/python3.12/site-packages/airflow/example_dags/tutorial.py
[2024-07-06T14:57:51.816+0000] {processor.py:830} INFO - Processing file /home/airflow/.local/lib/python3.12/site-packages/airflow/example_dags/tutorial.py for tasks to queue
[2024-07-06T14:57:51.816+0000] {logging_mixin.py:188} INFO - [2024-07-06T14:57:51.816+0000] {dagbag.py:545} INFO - Filling up the DagBag from /home/airflow/.local/lib/python3.12/site-packages/airflow/example_dags/tutorial.py
[2024-07-06T14:57:51.819+0000] {processor.py:840} INFO - DAG(s) 'tutorial' retrieved from /home/airflow/.local/lib/python3.12/site-packages/airflow/example_dags/tutorial.py
[2024-07-06T14:57:51.826+0000] {logging_mixin.py:188} INFO - [2024-07-06T14:57:51.826+0000] {dag.py:3096} INFO - Sync 1 DAGs
[2024-07-06T14:57:51.834+0000] {logging_mixin.py:188} INFO - [2024-07-06T14:57:51.834+0000] {dag.py:3954} INFO - Setting next_dagrun for tutorial to 2024-07-05 00:00:00+00:00, run_after=2024-07-06 00:00:00+00:00
[2024-07-06T14:57:51.840+0000] {processor.py:183} INFO - Processing /home/airflow/.local/lib/python3.12/site-packages/airflow/example_dags/tutorial.py took 0.027 seconds
[2024-07-06T14:58:22.287+0000] {processor.py:161} INFO - Started process (PID=11073) to work on /home/airflow/.local/lib/python3.12/site-packages/airflow/example_dags/tutorial.py
[2024-07-06T14:58:22.288+0000] {processor.py:830} INFO - Processing file /home/airflow/.local/lib/python3.12/site-packages/airflow/example_dags/tutorial.py for tasks to queue
[2024-07-06T14:58:22.289+0000] {logging_mixin.py:188} INFO - [2024-07-06T14:58:22.289+0000] {dagbag.py:545} INFO - Filling up the DagBag from /home/airflow/.local/lib/python3.12/site-packages/airflow/example_dags/tutorial.py
[2024-07-06T14:58:22.291+0000] {processor.py:840} INFO - DAG(s) 'tutorial' retrieved from /home/airflow/.local/lib/python3.12/site-packages/airflow/example_dags/tutorial.py
[2024-07-06T14:58:22.299+0000] {logging_mixin.py:188} INFO - [2024-07-06T14:58:22.299+0000] {dag.py:3096} INFO - Sync 1 DAGs
[2024-07-06T14:58:22.306+0000] {logging_mixin.py:188} INFO - [2024-07-06T14:58:22.306+0000] {dag.py:3954} INFO - Setting next_dagrun for tutorial to 2024-07-05 00:00:00+00:00, run_after=2024-07-06 00:00:00+00:00
[2024-07-06T14:58:22.312+0000] {processor.py:183} INFO - Processing /home/airflow/.local/lib/python3.12/site-packages/airflow/example_dags/tutorial.py took 0.027 seconds
[2024-07-06T14:58:52.782+0000] {processor.py:161} INFO - Started process (PID=11131) to work on /home/airflow/.local/lib/python3.12/site-packages/airflow/example_dags/tutorial.py
[2024-07-06T14:58:52.783+0000] {processor.py:830} INFO - Processing file /home/airflow/.local/lib/python3.12/site-packages/airflow/example_dags/tutorial.py for tasks to queue
[2024-07-06T14:58:52.783+0000] {logging_mixin.py:188} INFO - [2024-07-06T14:58:52.783+0000] {dagbag.py:545} INFO - Filling up the DagBag from /home/airflow/.local/lib/python3.12/site-packages/airflow/example_dags/tutorial.py
[2024-07-06T14:58:52.786+0000] {processor.py:840} INFO - DAG(s) 'tutorial' retrieved from /home/airflow/.local/lib/python3.12/site-packages/airflow/example_dags/tutorial.py
[2024-07-06T14:58:52.793+0000] {logging_mixin.py:188} INFO - [2024-07-06T14:58:52.793+0000] {dag.py:3096} INFO - Sync 1 DAGs
[2024-07-06T14:58:52.801+0000] {logging_mixin.py:188} INFO - [2024-07-06T14:58:52.801+0000] {dag.py:3954} INFO - Setting next_dagrun for tutorial to 2024-07-05 00:00:00+00:00, run_after=2024-07-06 00:00:00+00:00
[2024-07-06T14:58:52.807+0000] {processor.py:183} INFO - Processing /home/airflow/.local/lib/python3.12/site-packages/airflow/example_dags/tutorial.py took 0.027 seconds
[2024-07-06T14:59:23.410+0000] {processor.py:161} INFO - Started process (PID=11189) to work on /home/airflow/.local/lib/python3.12/site-packages/airflow/example_dags/tutorial.py
[2024-07-06T14:59:23.410+0000] {processor.py:830} INFO - Processing file /home/airflow/.local/lib/python3.12/site-packages/airflow/example_dags/tutorial.py for tasks to queue
[2024-07-06T14:59:23.411+0000] {logging_mixin.py:188} INFO - [2024-07-06T14:59:23.411+0000] {dagbag.py:545} INFO - Filling up the DagBag from /home/airflow/.local/lib/python3.12/site-packages/airflow/example_dags/tutorial.py
[2024-07-06T14:59:23.414+0000] {processor.py:840} INFO - DAG(s) 'tutorial' retrieved from /home/airflow/.local/lib/python3.12/site-packages/airflow/example_dags/tutorial.py
[2024-07-06T14:59:23.422+0000] {logging_mixin.py:188} INFO - [2024-07-06T14:59:23.422+0000] {dag.py:3096} INFO - Sync 1 DAGs
[2024-07-06T14:59:23.431+0000] {logging_mixin.py:188} INFO - [2024-07-06T14:59:23.431+0000] {dag.py:3954} INFO - Setting next_dagrun for tutorial to 2024-07-05 00:00:00+00:00, run_after=2024-07-06 00:00:00+00:00
[2024-07-06T14:59:23.437+0000] {processor.py:183} INFO - Processing /home/airflow/.local/lib/python3.12/site-packages/airflow/example_dags/tutorial.py took 0.030 seconds
[2024-07-06T14:59:54.064+0000] {processor.py:161} INFO - Started process (PID=11247) to work on /home/airflow/.local/lib/python3.12/site-packages/airflow/example_dags/tutorial.py
[2024-07-06T14:59:54.064+0000] {processor.py:830} INFO - Processing file /home/airflow/.local/lib/python3.12/site-packages/airflow/example_dags/tutorial.py for tasks to queue
[2024-07-06T14:59:54.065+0000] {logging_mixin.py:188} INFO - [2024-07-06T14:59:54.065+0000] {dagbag.py:545} INFO - Filling up the DagBag from /home/airflow/.local/lib/python3.12/site-packages/airflow/example_dags/tutorial.py
[2024-07-06T14:59:54.068+0000] {processor.py:840} INFO - DAG(s) 'tutorial' retrieved from /home/airflow/.local/lib/python3.12/site-packages/airflow/example_dags/tutorial.py
[2024-07-06T14:59:54.076+0000] {logging_mixin.py:188} INFO - [2024-07-06T14:59:54.076+0000] {dag.py:3096} INFO - Sync 1 DAGs
[2024-07-06T14:59:54.085+0000] {logging_mixin.py:188} INFO - [2024-07-06T14:59:54.084+0000] {dag.py:3954} INFO - Setting next_dagrun for tutorial to 2024-07-05 00:00:00+00:00, run_after=2024-07-06 00:00:00+00:00
[2024-07-06T14:59:54.091+0000] {processor.py:183} INFO - Processing /home/airflow/.local/lib/python3.12/site-packages/airflow/example_dags/tutorial.py took 0.029 seconds
[2024-07-06T15:00:24.498+0000] {processor.py:161} INFO - Started process (PID=11305) to work on /home/airflow/.local/lib/python3.12/site-packages/airflow/example_dags/tutorial.py
[2024-07-06T15:00:24.498+0000] {processor.py:830} INFO - Processing file /home/airflow/.local/lib/python3.12/site-packages/airflow/example_dags/tutorial.py for tasks to queue
[2024-07-06T15:00:24.499+0000] {logging_mixin.py:188} INFO - [2024-07-06T15:00:24.499+0000] {dagbag.py:545} INFO - Filling up the DagBag from /home/airflow/.local/lib/python3.12/site-packages/airflow/example_dags/tutorial.py
[2024-07-06T15:00:24.501+0000] {processor.py:840} INFO - DAG(s) 'tutorial' retrieved from /home/airflow/.local/lib/python3.12/site-packages/airflow/example_dags/tutorial.py
[2024-07-06T15:00:24.509+0000] {logging_mixin.py:188} INFO - [2024-07-06T15:00:24.509+0000] {dag.py:3096} INFO - Sync 1 DAGs
[2024-07-06T15:00:24.518+0000] {logging_mixin.py:188} INFO - [2024-07-06T15:00:24.518+0000] {dag.py:3954} INFO - Setting next_dagrun for tutorial to 2024-07-05 00:00:00+00:00, run_after=2024-07-06 00:00:00+00:00
[2024-07-06T15:00:24.524+0000] {processor.py:183} INFO - Processing /home/airflow/.local/lib/python3.12/site-packages/airflow/example_dags/tutorial.py took 0.029 seconds
