[2024-07-05T00:02:34.659+0000] {processor.py:161} INFO - Started process (PID=6708) to work on /home/airflow/.local/lib/python3.12/site-packages/airflow/example_dags/example_complex.py
[2024-07-05T00:02:34.659+0000] {processor.py:830} INFO - Processing file /home/airflow/.local/lib/python3.12/site-packages/airflow/example_dags/example_complex.py for tasks to queue
[2024-07-05T00:02:34.660+0000] {logging_mixin.py:188} INFO - [2024-07-05T00:02:34.660+0000] {dagbag.py:545} INFO - Filling up the DagBag from /home/airflow/.local/lib/python3.12/site-packages/airflow/example_dags/example_complex.py
[2024-07-05T00:02:34.664+0000] {processor.py:840} INFO - DAG(s) 'example_complex' retrieved from /home/airflow/.local/lib/python3.12/site-packages/airflow/example_dags/example_complex.py
[2024-07-05T00:02:34.676+0000] {logging_mixin.py:188} INFO - [2024-07-05T00:02:34.676+0000] {dag.py:3096} INFO - Sync 1 DAGs
[2024-07-05T00:02:34.681+0000] {logging_mixin.py:188} INFO - [2024-07-05T00:02:34.681+0000] {dag.py:3954} INFO - Setting next_dagrun for example_complex to None, run_after=None
[2024-07-05T00:02:34.687+0000] {processor.py:183} INFO - Processing /home/airflow/.local/lib/python3.12/site-packages/airflow/example_dags/example_complex.py took 0.031 seconds
[2024-07-05T01:02:57.863+0000] {processor.py:161} INFO - Started process (PID=6760) to work on /home/airflow/.local/lib/python3.12/site-packages/airflow/example_dags/example_complex.py
[2024-07-05T01:02:57.863+0000] {processor.py:830} INFO - Processing file /home/airflow/.local/lib/python3.12/site-packages/airflow/example_dags/example_complex.py for tasks to queue
[2024-07-05T01:02:57.864+0000] {logging_mixin.py:188} INFO - [2024-07-05T01:02:57.864+0000] {dagbag.py:545} INFO - Filling up the DagBag from /home/airflow/.local/lib/python3.12/site-packages/airflow/example_dags/example_complex.py
[2024-07-05T01:02:57.869+0000] {processor.py:840} INFO - DAG(s) 'example_complex' retrieved from /home/airflow/.local/lib/python3.12/site-packages/airflow/example_dags/example_complex.py
[2024-07-05T01:02:57.881+0000] {logging_mixin.py:188} INFO - [2024-07-05T01:02:57.881+0000] {dag.py:3096} INFO - Sync 1 DAGs
[2024-07-05T01:02:57.886+0000] {logging_mixin.py:188} INFO - [2024-07-05T01:02:57.886+0000] {dag.py:3954} INFO - Setting next_dagrun for example_complex to None, run_after=None
[2024-07-05T01:02:57.893+0000] {processor.py:183} INFO - Processing /home/airflow/.local/lib/python3.12/site-packages/airflow/example_dags/example_complex.py took 0.032 seconds
[2024-07-05T01:09:20.046+0000] {processor.py:161} INFO - Started process (PID=6824) to work on /home/airflow/.local/lib/python3.12/site-packages/airflow/example_dags/example_complex.py
[2024-07-05T01:09:20.046+0000] {processor.py:830} INFO - Processing file /home/airflow/.local/lib/python3.12/site-packages/airflow/example_dags/example_complex.py for tasks to queue
[2024-07-05T01:09:20.047+0000] {logging_mixin.py:188} INFO - [2024-07-05T01:09:20.047+0000] {dagbag.py:545} INFO - Filling up the DagBag from /home/airflow/.local/lib/python3.12/site-packages/airflow/example_dags/example_complex.py
[2024-07-05T01:09:20.051+0000] {processor.py:840} INFO - DAG(s) 'example_complex' retrieved from /home/airflow/.local/lib/python3.12/site-packages/airflow/example_dags/example_complex.py
[2024-07-05T01:09:20.062+0000] {logging_mixin.py:188} INFO - [2024-07-05T01:09:20.062+0000] {dag.py:3096} INFO - Sync 1 DAGs
[2024-07-05T01:09:20.067+0000] {logging_mixin.py:188} INFO - [2024-07-05T01:09:20.067+0000] {dag.py:3954} INFO - Setting next_dagrun for example_complex to None, run_after=None
[2024-07-05T01:09:20.073+0000] {processor.py:183} INFO - Processing /home/airflow/.local/lib/python3.12/site-packages/airflow/example_dags/example_complex.py took 0.030 seconds
[2024-07-05T01:29:59.834+0000] {processor.py:161} INFO - Started process (PID=6882) to work on /home/airflow/.local/lib/python3.12/site-packages/airflow/example_dags/example_complex.py
[2024-07-05T01:29:59.834+0000] {processor.py:830} INFO - Processing file /home/airflow/.local/lib/python3.12/site-packages/airflow/example_dags/example_complex.py for tasks to queue
[2024-07-05T01:29:59.835+0000] {logging_mixin.py:188} INFO - [2024-07-05T01:29:59.835+0000] {dagbag.py:545} INFO - Filling up the DagBag from /home/airflow/.local/lib/python3.12/site-packages/airflow/example_dags/example_complex.py
[2024-07-05T01:29:59.839+0000] {processor.py:840} INFO - DAG(s) 'example_complex' retrieved from /home/airflow/.local/lib/python3.12/site-packages/airflow/example_dags/example_complex.py
[2024-07-05T01:29:59.850+0000] {logging_mixin.py:188} INFO - [2024-07-05T01:29:59.850+0000] {dag.py:3096} INFO - Sync 1 DAGs
[2024-07-05T01:29:59.855+0000] {logging_mixin.py:188} INFO - [2024-07-05T01:29:59.855+0000] {dag.py:3954} INFO - Setting next_dagrun for example_complex to None, run_after=None
[2024-07-05T01:29:59.861+0000] {processor.py:183} INFO - Processing /home/airflow/.local/lib/python3.12/site-packages/airflow/example_dags/example_complex.py took 0.030 seconds
[2024-07-05T01:57:33.953+0000] {processor.py:161} INFO - Started process (PID=6934) to work on /home/airflow/.local/lib/python3.12/site-packages/airflow/example_dags/example_complex.py
[2024-07-05T01:57:33.954+0000] {processor.py:830} INFO - Processing file /home/airflow/.local/lib/python3.12/site-packages/airflow/example_dags/example_complex.py for tasks to queue
[2024-07-05T01:57:33.955+0000] {logging_mixin.py:188} INFO - [2024-07-05T01:57:33.955+0000] {dagbag.py:545} INFO - Filling up the DagBag from /home/airflow/.local/lib/python3.12/site-packages/airflow/example_dags/example_complex.py
[2024-07-05T01:57:33.959+0000] {processor.py:840} INFO - DAG(s) 'example_complex' retrieved from /home/airflow/.local/lib/python3.12/site-packages/airflow/example_dags/example_complex.py
[2024-07-05T01:57:33.971+0000] {logging_mixin.py:188} INFO - [2024-07-05T01:57:33.971+0000] {dag.py:3096} INFO - Sync 1 DAGs
[2024-07-05T01:57:34.045+0000] {logging_mixin.py:188} INFO - [2024-07-05T01:57:34.045+0000] {dag.py:3954} INFO - Setting next_dagrun for example_complex to None, run_after=None
[2024-07-05T01:57:34.053+0000] {processor.py:183} INFO - Processing /home/airflow/.local/lib/python3.12/site-packages/airflow/example_dags/example_complex.py took 0.103 seconds
[2024-07-05T02:35:35.172+0000] {processor.py:161} INFO - Started process (PID=6998) to work on /home/airflow/.local/lib/python3.12/site-packages/airflow/example_dags/example_complex.py
[2024-07-05T02:35:35.173+0000] {processor.py:830} INFO - Processing file /home/airflow/.local/lib/python3.12/site-packages/airflow/example_dags/example_complex.py for tasks to queue
[2024-07-05T02:35:35.174+0000] {logging_mixin.py:188} INFO - [2024-07-05T02:35:35.174+0000] {dagbag.py:545} INFO - Filling up the DagBag from /home/airflow/.local/lib/python3.12/site-packages/airflow/example_dags/example_complex.py
[2024-07-05T02:35:35.178+0000] {processor.py:840} INFO - DAG(s) 'example_complex' retrieved from /home/airflow/.local/lib/python3.12/site-packages/airflow/example_dags/example_complex.py
[2024-07-05T02:35:35.189+0000] {logging_mixin.py:188} INFO - [2024-07-05T02:35:35.189+0000] {dag.py:3096} INFO - Sync 1 DAGs
[2024-07-05T02:35:35.571+0000] {logging_mixin.py:188} INFO - [2024-07-05T02:35:35.571+0000] {dag.py:3954} INFO - Setting next_dagrun for example_complex to None, run_after=None
[2024-07-05T02:35:35.577+0000] {processor.py:183} INFO - Processing /home/airflow/.local/lib/python3.12/site-packages/airflow/example_dags/example_complex.py took 0.408 seconds
[2024-07-05T03:38:52.978+0000] {processor.py:161} INFO - Started process (PID=7050) to work on /home/airflow/.local/lib/python3.12/site-packages/airflow/example_dags/example_complex.py
[2024-07-05T03:38:52.978+0000] {processor.py:830} INFO - Processing file /home/airflow/.local/lib/python3.12/site-packages/airflow/example_dags/example_complex.py for tasks to queue
[2024-07-05T03:38:52.979+0000] {logging_mixin.py:188} INFO - [2024-07-05T03:38:52.979+0000] {dagbag.py:545} INFO - Filling up the DagBag from /home/airflow/.local/lib/python3.12/site-packages/airflow/example_dags/example_complex.py
[2024-07-05T03:38:52.983+0000] {processor.py:840} INFO - DAG(s) 'example_complex' retrieved from /home/airflow/.local/lib/python3.12/site-packages/airflow/example_dags/example_complex.py
[2024-07-05T03:38:52.995+0000] {logging_mixin.py:188} INFO - [2024-07-05T03:38:52.995+0000] {dag.py:3096} INFO - Sync 1 DAGs
[2024-07-05T03:38:52.999+0000] {logging_mixin.py:188} INFO - [2024-07-05T03:38:52.999+0000] {dag.py:3954} INFO - Setting next_dagrun for example_complex to None, run_after=None
[2024-07-05T03:38:53.007+0000] {processor.py:183} INFO - Processing /home/airflow/.local/lib/python3.12/site-packages/airflow/example_dags/example_complex.py took 0.032 seconds
[2024-07-05T04:05:58.759+0000] {processor.py:161} INFO - Started process (PID=7108) to work on /home/airflow/.local/lib/python3.12/site-packages/airflow/example_dags/example_complex.py
[2024-07-05T04:05:58.759+0000] {processor.py:830} INFO - Processing file /home/airflow/.local/lib/python3.12/site-packages/airflow/example_dags/example_complex.py for tasks to queue
[2024-07-05T04:05:58.760+0000] {logging_mixin.py:188} INFO - [2024-07-05T04:05:58.760+0000] {dagbag.py:545} INFO - Filling up the DagBag from /home/airflow/.local/lib/python3.12/site-packages/airflow/example_dags/example_complex.py
[2024-07-05T04:05:58.764+0000] {processor.py:840} INFO - DAG(s) 'example_complex' retrieved from /home/airflow/.local/lib/python3.12/site-packages/airflow/example_dags/example_complex.py
[2024-07-05T04:05:58.776+0000] {logging_mixin.py:188} INFO - [2024-07-05T04:05:58.775+0000] {dag.py:3096} INFO - Sync 1 DAGs
[2024-07-05T04:05:58.780+0000] {logging_mixin.py:188} INFO - [2024-07-05T04:05:58.780+0000] {dag.py:3954} INFO - Setting next_dagrun for example_complex to None, run_after=None
[2024-07-05T04:05:58.787+0000] {processor.py:183} INFO - Processing /home/airflow/.local/lib/python3.12/site-packages/airflow/example_dags/example_complex.py took 0.030 seconds
[2024-07-05T05:07:03.864+0000] {processor.py:161} INFO - Started process (PID=7172) to work on /home/airflow/.local/lib/python3.12/site-packages/airflow/example_dags/example_complex.py
[2024-07-05T05:07:03.865+0000] {processor.py:830} INFO - Processing file /home/airflow/.local/lib/python3.12/site-packages/airflow/example_dags/example_complex.py for tasks to queue
[2024-07-05T05:07:03.865+0000] {logging_mixin.py:188} INFO - [2024-07-05T05:07:03.865+0000] {dagbag.py:545} INFO - Filling up the DagBag from /home/airflow/.local/lib/python3.12/site-packages/airflow/example_dags/example_complex.py
[2024-07-05T05:07:03.869+0000] {processor.py:840} INFO - DAG(s) 'example_complex' retrieved from /home/airflow/.local/lib/python3.12/site-packages/airflow/example_dags/example_complex.py
[2024-07-05T05:07:03.880+0000] {logging_mixin.py:188} INFO - [2024-07-05T05:07:03.880+0000] {dag.py:3096} INFO - Sync 1 DAGs
[2024-07-05T05:07:03.885+0000] {logging_mixin.py:188} INFO - [2024-07-05T05:07:03.885+0000] {dag.py:3954} INFO - Setting next_dagrun for example_complex to None, run_after=None
[2024-07-05T05:07:03.892+0000] {processor.py:183} INFO - Processing /home/airflow/.local/lib/python3.12/site-packages/airflow/example_dags/example_complex.py took 0.030 seconds
[2024-07-05T06:07:56.511+0000] {processor.py:161} INFO - Started process (PID=7224) to work on /home/airflow/.local/lib/python3.12/site-packages/airflow/example_dags/example_complex.py
[2024-07-05T06:07:56.512+0000] {processor.py:830} INFO - Processing file /home/airflow/.local/lib/python3.12/site-packages/airflow/example_dags/example_complex.py for tasks to queue
[2024-07-05T06:07:56.513+0000] {logging_mixin.py:188} INFO - [2024-07-05T06:07:56.512+0000] {dagbag.py:545} INFO - Filling up the DagBag from /home/airflow/.local/lib/python3.12/site-packages/airflow/example_dags/example_complex.py
[2024-07-05T06:07:56.516+0000] {processor.py:840} INFO - DAG(s) 'example_complex' retrieved from /home/airflow/.local/lib/python3.12/site-packages/airflow/example_dags/example_complex.py
[2024-07-05T06:07:56.527+0000] {logging_mixin.py:188} INFO - [2024-07-05T06:07:56.527+0000] {dag.py:3096} INFO - Sync 1 DAGs
[2024-07-05T06:07:56.531+0000] {logging_mixin.py:188} INFO - [2024-07-05T06:07:56.531+0000] {dag.py:3954} INFO - Setting next_dagrun for example_complex to None, run_after=None
[2024-07-05T06:07:56.537+0000] {processor.py:183} INFO - Processing /home/airflow/.local/lib/python3.12/site-packages/airflow/example_dags/example_complex.py took 0.028 seconds
[2024-07-05T07:08:55.353+0000] {processor.py:161} INFO - Started process (PID=7282) to work on /home/airflow/.local/lib/python3.12/site-packages/airflow/example_dags/example_complex.py
[2024-07-05T07:08:55.354+0000] {processor.py:830} INFO - Processing file /home/airflow/.local/lib/python3.12/site-packages/airflow/example_dags/example_complex.py for tasks to queue
[2024-07-05T07:08:55.355+0000] {logging_mixin.py:188} INFO - [2024-07-05T07:08:55.354+0000] {dagbag.py:545} INFO - Filling up the DagBag from /home/airflow/.local/lib/python3.12/site-packages/airflow/example_dags/example_complex.py
[2024-07-05T07:08:55.358+0000] {processor.py:840} INFO - DAG(s) 'example_complex' retrieved from /home/airflow/.local/lib/python3.12/site-packages/airflow/example_dags/example_complex.py
[2024-07-05T07:08:55.370+0000] {logging_mixin.py:188} INFO - [2024-07-05T07:08:55.370+0000] {dag.py:3096} INFO - Sync 1 DAGs
[2024-07-05T07:08:55.374+0000] {logging_mixin.py:188} INFO - [2024-07-05T07:08:55.374+0000] {dag.py:3954} INFO - Setting next_dagrun for example_complex to None, run_after=None
[2024-07-05T07:08:55.381+0000] {processor.py:183} INFO - Processing /home/airflow/.local/lib/python3.12/site-packages/airflow/example_dags/example_complex.py took 0.029 seconds
[2024-07-05T08:09:52.403+0000] {processor.py:161} INFO - Started process (PID=7340) to work on /home/airflow/.local/lib/python3.12/site-packages/airflow/example_dags/example_complex.py
[2024-07-05T08:09:52.403+0000] {processor.py:830} INFO - Processing file /home/airflow/.local/lib/python3.12/site-packages/airflow/example_dags/example_complex.py for tasks to queue
[2024-07-05T08:09:52.404+0000] {logging_mixin.py:188} INFO - [2024-07-05T08:09:52.404+0000] {dagbag.py:545} INFO - Filling up the DagBag from /home/airflow/.local/lib/python3.12/site-packages/airflow/example_dags/example_complex.py
[2024-07-05T08:09:52.408+0000] {processor.py:840} INFO - DAG(s) 'example_complex' retrieved from /home/airflow/.local/lib/python3.12/site-packages/airflow/example_dags/example_complex.py
[2024-07-05T08:09:52.422+0000] {logging_mixin.py:188} INFO - [2024-07-05T08:09:52.422+0000] {dag.py:3096} INFO - Sync 1 DAGs
[2024-07-05T08:09:52.427+0000] {logging_mixin.py:188} INFO - [2024-07-05T08:09:52.427+0000] {dag.py:3954} INFO - Setting next_dagrun for example_complex to None, run_after=None
[2024-07-05T08:09:52.434+0000] {processor.py:183} INFO - Processing /home/airflow/.local/lib/python3.12/site-packages/airflow/example_dags/example_complex.py took 0.033 seconds
[2024-07-05T08:32:39.736+0000] {processor.py:161} INFO - Started process (PID=7398) to work on /home/airflow/.local/lib/python3.12/site-packages/airflow/example_dags/example_complex.py
[2024-07-05T08:32:39.737+0000] {processor.py:830} INFO - Processing file /home/airflow/.local/lib/python3.12/site-packages/airflow/example_dags/example_complex.py for tasks to queue
[2024-07-05T08:32:39.737+0000] {logging_mixin.py:188} INFO - [2024-07-05T08:32:39.737+0000] {dagbag.py:545} INFO - Filling up the DagBag from /home/airflow/.local/lib/python3.12/site-packages/airflow/example_dags/example_complex.py
[2024-07-05T08:32:39.741+0000] {processor.py:840} INFO - DAG(s) 'example_complex' retrieved from /home/airflow/.local/lib/python3.12/site-packages/airflow/example_dags/example_complex.py
[2024-07-05T08:32:39.753+0000] {logging_mixin.py:188} INFO - [2024-07-05T08:32:39.753+0000] {dag.py:3096} INFO - Sync 1 DAGs
[2024-07-05T08:32:39.757+0000] {logging_mixin.py:188} INFO - [2024-07-05T08:32:39.757+0000] {dag.py:3954} INFO - Setting next_dagrun for example_complex to None, run_after=None
[2024-07-05T08:32:39.763+0000] {processor.py:183} INFO - Processing /home/airflow/.local/lib/python3.12/site-packages/airflow/example_dags/example_complex.py took 0.029 seconds
[2024-07-05T09:12:26.623+0000] {processor.py:161} INFO - Started process (PID=7456) to work on /home/airflow/.local/lib/python3.12/site-packages/airflow/example_dags/example_complex.py
[2024-07-05T09:12:26.624+0000] {processor.py:830} INFO - Processing file /home/airflow/.local/lib/python3.12/site-packages/airflow/example_dags/example_complex.py for tasks to queue
[2024-07-05T09:12:26.625+0000] {logging_mixin.py:188} INFO - [2024-07-05T09:12:26.625+0000] {dagbag.py:545} INFO - Filling up the DagBag from /home/airflow/.local/lib/python3.12/site-packages/airflow/example_dags/example_complex.py
[2024-07-05T09:12:26.629+0000] {processor.py:840} INFO - DAG(s) 'example_complex' retrieved from /home/airflow/.local/lib/python3.12/site-packages/airflow/example_dags/example_complex.py
[2024-07-05T09:12:26.640+0000] {logging_mixin.py:188} INFO - [2024-07-05T09:12:26.640+0000] {dag.py:3096} INFO - Sync 1 DAGs
[2024-07-05T09:12:26.645+0000] {logging_mixin.py:188} INFO - [2024-07-05T09:12:26.644+0000] {dag.py:3954} INFO - Setting next_dagrun for example_complex to None, run_after=None
[2024-07-05T09:12:26.651+0000] {processor.py:183} INFO - Processing /home/airflow/.local/lib/python3.12/site-packages/airflow/example_dags/example_complex.py took 0.030 seconds
[2024-07-05T10:11:57.475+0000] {processor.py:161} INFO - Started process (PID=7514) to work on /home/airflow/.local/lib/python3.12/site-packages/airflow/example_dags/example_complex.py
[2024-07-05T10:11:57.475+0000] {processor.py:830} INFO - Processing file /home/airflow/.local/lib/python3.12/site-packages/airflow/example_dags/example_complex.py for tasks to queue
[2024-07-05T10:11:57.476+0000] {logging_mixin.py:188} INFO - [2024-07-05T10:11:57.476+0000] {dagbag.py:545} INFO - Filling up the DagBag from /home/airflow/.local/lib/python3.12/site-packages/airflow/example_dags/example_complex.py
[2024-07-05T10:11:57.480+0000] {processor.py:840} INFO - DAG(s) 'example_complex' retrieved from /home/airflow/.local/lib/python3.12/site-packages/airflow/example_dags/example_complex.py
[2024-07-05T10:11:57.492+0000] {logging_mixin.py:188} INFO - [2024-07-05T10:11:57.491+0000] {dag.py:3096} INFO - Sync 1 DAGs
[2024-07-05T10:11:57.496+0000] {logging_mixin.py:188} INFO - [2024-07-05T10:11:57.496+0000] {dag.py:3954} INFO - Setting next_dagrun for example_complex to None, run_after=None
[2024-07-05T10:11:57.502+0000] {processor.py:183} INFO - Processing /home/airflow/.local/lib/python3.12/site-packages/airflow/example_dags/example_complex.py took 0.030 seconds
[2024-07-05T11:00:36.426+0000] {processor.py:161} INFO - Started process (PID=7572) to work on /home/airflow/.local/lib/python3.12/site-packages/airflow/example_dags/example_complex.py
[2024-07-05T11:00:36.426+0000] {processor.py:830} INFO - Processing file /home/airflow/.local/lib/python3.12/site-packages/airflow/example_dags/example_complex.py for tasks to queue
[2024-07-05T11:00:36.427+0000] {logging_mixin.py:188} INFO - [2024-07-05T11:00:36.427+0000] {dagbag.py:545} INFO - Filling up the DagBag from /home/airflow/.local/lib/python3.12/site-packages/airflow/example_dags/example_complex.py
[2024-07-05T11:00:36.431+0000] {processor.py:840} INFO - DAG(s) 'example_complex' retrieved from /home/airflow/.local/lib/python3.12/site-packages/airflow/example_dags/example_complex.py
[2024-07-05T11:00:36.442+0000] {logging_mixin.py:188} INFO - [2024-07-05T11:00:36.442+0000] {dag.py:3096} INFO - Sync 1 DAGs
[2024-07-05T11:00:36.446+0000] {logging_mixin.py:188} INFO - [2024-07-05T11:00:36.446+0000] {dag.py:3954} INFO - Setting next_dagrun for example_complex to None, run_after=None
[2024-07-05T11:00:36.452+0000] {processor.py:183} INFO - Processing /home/airflow/.local/lib/python3.12/site-packages/airflow/example_dags/example_complex.py took 0.029 seconds
[2024-07-05T12:13:56.922+0000] {processor.py:161} INFO - Started process (PID=7630) to work on /home/airflow/.local/lib/python3.12/site-packages/airflow/example_dags/example_complex.py
[2024-07-05T12:13:56.922+0000] {processor.py:830} INFO - Processing file /home/airflow/.local/lib/python3.12/site-packages/airflow/example_dags/example_complex.py for tasks to queue
[2024-07-05T12:13:56.923+0000] {logging_mixin.py:188} INFO - [2024-07-05T12:13:56.923+0000] {dagbag.py:545} INFO - Filling up the DagBag from /home/airflow/.local/lib/python3.12/site-packages/airflow/example_dags/example_complex.py
[2024-07-05T12:13:56.927+0000] {processor.py:840} INFO - DAG(s) 'example_complex' retrieved from /home/airflow/.local/lib/python3.12/site-packages/airflow/example_dags/example_complex.py
[2024-07-05T12:13:56.938+0000] {logging_mixin.py:188} INFO - [2024-07-05T12:13:56.938+0000] {dag.py:3096} INFO - Sync 1 DAGs
[2024-07-05T12:13:56.942+0000] {logging_mixin.py:188} INFO - [2024-07-05T12:13:56.942+0000] {dag.py:3954} INFO - Setting next_dagrun for example_complex to None, run_after=None
[2024-07-05T12:13:56.949+0000] {processor.py:183} INFO - Processing /home/airflow/.local/lib/python3.12/site-packages/airflow/example_dags/example_complex.py took 0.029 seconds
[2024-07-05T13:15:01.015+0000] {processor.py:161} INFO - Started process (PID=7688) to work on /home/airflow/.local/lib/python3.12/site-packages/airflow/example_dags/example_complex.py
[2024-07-05T13:15:01.015+0000] {processor.py:830} INFO - Processing file /home/airflow/.local/lib/python3.12/site-packages/airflow/example_dags/example_complex.py for tasks to queue
[2024-07-05T13:15:01.016+0000] {logging_mixin.py:188} INFO - [2024-07-05T13:15:01.016+0000] {dagbag.py:545} INFO - Filling up the DagBag from /home/airflow/.local/lib/python3.12/site-packages/airflow/example_dags/example_complex.py
[2024-07-05T13:15:01.020+0000] {processor.py:840} INFO - DAG(s) 'example_complex' retrieved from /home/airflow/.local/lib/python3.12/site-packages/airflow/example_dags/example_complex.py
[2024-07-05T13:15:01.031+0000] {logging_mixin.py:188} INFO - [2024-07-05T13:15:01.031+0000] {dag.py:3096} INFO - Sync 1 DAGs
[2024-07-05T13:15:01.036+0000] {logging_mixin.py:188} INFO - [2024-07-05T13:15:01.036+0000] {dag.py:3954} INFO - Setting next_dagrun for example_complex to None, run_after=None
[2024-07-05T13:15:01.042+0000] {processor.py:183} INFO - Processing /home/airflow/.local/lib/python3.12/site-packages/airflow/example_dags/example_complex.py took 0.030 seconds
[2024-07-05T14:01:34.319+0000] {processor.py:161} INFO - Started process (PID=7752) to work on /home/airflow/.local/lib/python3.12/site-packages/airflow/example_dags/example_complex.py
[2024-07-05T14:01:34.320+0000] {processor.py:830} INFO - Processing file /home/airflow/.local/lib/python3.12/site-packages/airflow/example_dags/example_complex.py for tasks to queue
[2024-07-05T14:01:34.321+0000] {logging_mixin.py:188} INFO - [2024-07-05T14:01:34.321+0000] {dagbag.py:545} INFO - Filling up the DagBag from /home/airflow/.local/lib/python3.12/site-packages/airflow/example_dags/example_complex.py
[2024-07-05T14:01:34.325+0000] {processor.py:840} INFO - DAG(s) 'example_complex' retrieved from /home/airflow/.local/lib/python3.12/site-packages/airflow/example_dags/example_complex.py
[2024-07-05T14:01:34.338+0000] {logging_mixin.py:188} INFO - [2024-07-05T14:01:34.337+0000] {dag.py:3096} INFO - Sync 1 DAGs
[2024-07-05T14:01:34.344+0000] {logging_mixin.py:188} INFO - [2024-07-05T14:01:34.343+0000] {dag.py:3954} INFO - Setting next_dagrun for example_complex to None, run_after=None
[2024-07-05T14:01:34.351+0000] {processor.py:183} INFO - Processing /home/airflow/.local/lib/python3.12/site-packages/airflow/example_dags/example_complex.py took 0.034 seconds
[2024-07-05T14:47:34.310+0000] {processor.py:161} INFO - Started process (PID=7804) to work on /home/airflow/.local/lib/python3.12/site-packages/airflow/example_dags/example_complex.py
[2024-07-05T14:47:34.311+0000] {processor.py:830} INFO - Processing file /home/airflow/.local/lib/python3.12/site-packages/airflow/example_dags/example_complex.py for tasks to queue
[2024-07-05T14:47:34.312+0000] {logging_mixin.py:188} INFO - [2024-07-05T14:47:34.311+0000] {dagbag.py:545} INFO - Filling up the DagBag from /home/airflow/.local/lib/python3.12/site-packages/airflow/example_dags/example_complex.py
[2024-07-05T14:47:34.316+0000] {processor.py:840} INFO - DAG(s) 'example_complex' retrieved from /home/airflow/.local/lib/python3.12/site-packages/airflow/example_dags/example_complex.py
[2024-07-05T14:47:34.326+0000] {logging_mixin.py:188} INFO - [2024-07-05T14:47:34.326+0000] {dag.py:3096} INFO - Sync 1 DAGs
[2024-07-05T14:47:34.331+0000] {logging_mixin.py:188} INFO - [2024-07-05T14:47:34.330+0000] {dag.py:3954} INFO - Setting next_dagrun for example_complex to None, run_after=None
[2024-07-05T14:47:34.337+0000] {processor.py:183} INFO - Processing /home/airflow/.local/lib/python3.12/site-packages/airflow/example_dags/example_complex.py took 0.029 seconds
[2024-07-05T15:49:32.977+0000] {processor.py:161} INFO - Started process (PID=7862) to work on /home/airflow/.local/lib/python3.12/site-packages/airflow/example_dags/example_complex.py
[2024-07-05T15:49:32.978+0000] {processor.py:830} INFO - Processing file /home/airflow/.local/lib/python3.12/site-packages/airflow/example_dags/example_complex.py for tasks to queue
[2024-07-05T15:49:32.979+0000] {logging_mixin.py:188} INFO - [2024-07-05T15:49:32.979+0000] {dagbag.py:545} INFO - Filling up the DagBag from /home/airflow/.local/lib/python3.12/site-packages/airflow/example_dags/example_complex.py
[2024-07-05T15:49:32.983+0000] {processor.py:840} INFO - DAG(s) 'example_complex' retrieved from /home/airflow/.local/lib/python3.12/site-packages/airflow/example_dags/example_complex.py
[2024-07-05T15:49:32.996+0000] {logging_mixin.py:188} INFO - [2024-07-05T15:49:32.996+0000] {dag.py:3096} INFO - Sync 1 DAGs
[2024-07-05T15:49:33.001+0000] {logging_mixin.py:188} INFO - [2024-07-05T15:49:33.001+0000] {dag.py:3954} INFO - Setting next_dagrun for example_complex to None, run_after=None
[2024-07-05T15:49:33.007+0000] {processor.py:183} INFO - Processing /home/airflow/.local/lib/python3.12/site-packages/airflow/example_dags/example_complex.py took 0.032 seconds
[2024-07-05T17:06:00.275+0000] {processor.py:161} INFO - Started process (PID=7920) to work on /home/airflow/.local/lib/python3.12/site-packages/airflow/example_dags/example_complex.py
[2024-07-05T17:06:00.275+0000] {processor.py:830} INFO - Processing file /home/airflow/.local/lib/python3.12/site-packages/airflow/example_dags/example_complex.py for tasks to queue
[2024-07-05T17:06:00.276+0000] {logging_mixin.py:188} INFO - [2024-07-05T17:06:00.276+0000] {dagbag.py:545} INFO - Filling up the DagBag from /home/airflow/.local/lib/python3.12/site-packages/airflow/example_dags/example_complex.py
[2024-07-05T17:06:00.279+0000] {processor.py:840} INFO - DAG(s) 'example_complex' retrieved from /home/airflow/.local/lib/python3.12/site-packages/airflow/example_dags/example_complex.py
[2024-07-05T17:06:00.289+0000] {logging_mixin.py:188} INFO - [2024-07-05T17:06:00.289+0000] {dag.py:3096} INFO - Sync 1 DAGs
[2024-07-05T17:06:00.294+0000] {logging_mixin.py:188} INFO - [2024-07-05T17:06:00.294+0000] {dag.py:3954} INFO - Setting next_dagrun for example_complex to None, run_after=None
[2024-07-05T17:06:00.299+0000] {processor.py:183} INFO - Processing /home/airflow/.local/lib/python3.12/site-packages/airflow/example_dags/example_complex.py took 0.027 seconds
[2024-07-05T18:15:51.827+0000] {processor.py:161} INFO - Started process (PID=7978) to work on /home/airflow/.local/lib/python3.12/site-packages/airflow/example_dags/example_complex.py
[2024-07-05T18:15:51.827+0000] {processor.py:830} INFO - Processing file /home/airflow/.local/lib/python3.12/site-packages/airflow/example_dags/example_complex.py for tasks to queue
[2024-07-05T18:15:51.828+0000] {logging_mixin.py:188} INFO - [2024-07-05T18:15:51.828+0000] {dagbag.py:545} INFO - Filling up the DagBag from /home/airflow/.local/lib/python3.12/site-packages/airflow/example_dags/example_complex.py
[2024-07-05T18:15:51.832+0000] {processor.py:840} INFO - DAG(s) 'example_complex' retrieved from /home/airflow/.local/lib/python3.12/site-packages/airflow/example_dags/example_complex.py
[2024-07-05T18:15:51.843+0000] {logging_mixin.py:188} INFO - [2024-07-05T18:15:51.843+0000] {dag.py:3096} INFO - Sync 1 DAGs
[2024-07-05T18:15:51.848+0000] {logging_mixin.py:188} INFO - [2024-07-05T18:15:51.848+0000] {dag.py:3954} INFO - Setting next_dagrun for example_complex to None, run_after=None
[2024-07-05T18:15:51.855+0000] {processor.py:183} INFO - Processing /home/airflow/.local/lib/python3.12/site-packages/airflow/example_dags/example_complex.py took 0.030 seconds
[2024-07-05T19:56:48.345+0000] {processor.py:161} INFO - Started process (PID=8036) to work on /home/airflow/.local/lib/python3.12/site-packages/airflow/example_dags/example_complex.py
[2024-07-05T19:56:48.346+0000] {processor.py:830} INFO - Processing file /home/airflow/.local/lib/python3.12/site-packages/airflow/example_dags/example_complex.py for tasks to queue
[2024-07-05T19:56:48.347+0000] {logging_mixin.py:188} INFO - [2024-07-05T19:56:48.347+0000] {dagbag.py:545} INFO - Filling up the DagBag from /home/airflow/.local/lib/python3.12/site-packages/airflow/example_dags/example_complex.py
[2024-07-05T19:56:48.351+0000] {processor.py:840} INFO - DAG(s) 'example_complex' retrieved from /home/airflow/.local/lib/python3.12/site-packages/airflow/example_dags/example_complex.py
[2024-07-05T19:56:48.362+0000] {logging_mixin.py:188} INFO - [2024-07-05T19:56:48.362+0000] {dag.py:3096} INFO - Sync 1 DAGs
[2024-07-05T19:56:48.366+0000] {logging_mixin.py:188} INFO - [2024-07-05T19:56:48.366+0000] {dag.py:3954} INFO - Setting next_dagrun for example_complex to None, run_after=None
[2024-07-05T19:56:48.372+0000] {processor.py:183} INFO - Processing /home/airflow/.local/lib/python3.12/site-packages/airflow/example_dags/example_complex.py took 0.029 seconds
[2024-07-05T21:19:03.232+0000] {processor.py:161} INFO - Started process (PID=8093) to work on /home/airflow/.local/lib/python3.12/site-packages/airflow/example_dags/example_complex.py
[2024-07-05T21:19:03.233+0000] {processor.py:830} INFO - Processing file /home/airflow/.local/lib/python3.12/site-packages/airflow/example_dags/example_complex.py for tasks to queue
[2024-07-05T21:19:03.233+0000] {logging_mixin.py:188} INFO - [2024-07-05T21:19:03.233+0000] {dagbag.py:545} INFO - Filling up the DagBag from /home/airflow/.local/lib/python3.12/site-packages/airflow/example_dags/example_complex.py
[2024-07-05T21:19:03.237+0000] {processor.py:840} INFO - DAG(s) 'example_complex' retrieved from /home/airflow/.local/lib/python3.12/site-packages/airflow/example_dags/example_complex.py
[2024-07-05T21:19:03.249+0000] {logging_mixin.py:188} INFO - [2024-07-05T21:19:03.249+0000] {dag.py:3096} INFO - Sync 1 DAGs
[2024-07-05T21:19:03.254+0000] {logging_mixin.py:188} INFO - [2024-07-05T21:19:03.253+0000] {dag.py:3954} INFO - Setting next_dagrun for example_complex to None, run_after=None
[2024-07-05T21:19:03.260+0000] {processor.py:183} INFO - Processing /home/airflow/.local/lib/python3.12/site-packages/airflow/example_dags/example_complex.py took 0.030 seconds
[2024-07-05T22:43:31.126+0000] {processor.py:161} INFO - Started process (PID=8151) to work on /home/airflow/.local/lib/python3.12/site-packages/airflow/example_dags/example_complex.py
[2024-07-05T22:43:31.127+0000] {processor.py:830} INFO - Processing file /home/airflow/.local/lib/python3.12/site-packages/airflow/example_dags/example_complex.py for tasks to queue
[2024-07-05T22:43:31.128+0000] {logging_mixin.py:188} INFO - [2024-07-05T22:43:31.127+0000] {dagbag.py:545} INFO - Filling up the DagBag from /home/airflow/.local/lib/python3.12/site-packages/airflow/example_dags/example_complex.py
[2024-07-05T22:43:31.132+0000] {processor.py:840} INFO - DAG(s) 'example_complex' retrieved from /home/airflow/.local/lib/python3.12/site-packages/airflow/example_dags/example_complex.py
[2024-07-05T22:43:31.143+0000] {logging_mixin.py:188} INFO - [2024-07-05T22:43:31.143+0000] {dag.py:3096} INFO - Sync 1 DAGs
[2024-07-05T22:43:31.147+0000] {logging_mixin.py:188} INFO - [2024-07-05T22:43:31.147+0000] {dag.py:3954} INFO - Setting next_dagrun for example_complex to None, run_after=None
[2024-07-05T22:43:31.154+0000] {processor.py:183} INFO - Processing /home/airflow/.local/lib/python3.12/site-packages/airflow/example_dags/example_complex.py took 0.030 seconds
