[2024-07-05T00:02:35.038+0000] {processor.py:161} INFO - Started process (PID=6721) to work on /home/airflow/.local/lib/python3.12/site-packages/airflow/example_dags/example_xcom.py
[2024-07-05T00:02:35.039+0000] {processor.py:830} INFO - Processing file /home/airflow/.local/lib/python3.12/site-packages/airflow/example_dags/example_xcom.py for tasks to queue
[2024-07-05T00:02:35.039+0000] {logging_mixin.py:188} INFO - [2024-07-05T00:02:35.039+0000] {dagbag.py:545} INFO - Filling up the DagBag from /home/airflow/.local/lib/python3.12/site-packages/airflow/example_dags/example_xcom.py
[2024-07-05T00:02:35.043+0000] {processor.py:840} INFO - DAG(s) 'example_xcom' retrieved from /home/airflow/.local/lib/python3.12/site-packages/airflow/example_dags/example_xcom.py
[2024-07-05T00:02:35.053+0000] {logging_mixin.py:188} INFO - [2024-07-05T00:02:35.053+0000] {dag.py:3096} INFO - Sync 1 DAGs
[2024-07-05T00:02:35.061+0000] {logging_mixin.py:188} INFO - [2024-07-05T00:02:35.061+0000] {dag.py:3954} INFO - Setting next_dagrun for example_xcom to 2021-01-01 00:00:00+00:00, run_after=2021-01-01 00:00:00+00:00
[2024-07-05T00:02:35.067+0000] {processor.py:183} INFO - Processing /home/airflow/.local/lib/python3.12/site-packages/airflow/example_dags/example_xcom.py took 0.032 seconds
[2024-07-05T01:02:58.207+0000] {processor.py:161} INFO - Started process (PID=6779) to work on /home/airflow/.local/lib/python3.12/site-packages/airflow/example_dags/example_xcom.py
[2024-07-05T01:02:58.207+0000] {processor.py:830} INFO - Processing file /home/airflow/.local/lib/python3.12/site-packages/airflow/example_dags/example_xcom.py for tasks to queue
[2024-07-05T01:02:58.208+0000] {logging_mixin.py:188} INFO - [2024-07-05T01:02:58.208+0000] {dagbag.py:545} INFO - Filling up the DagBag from /home/airflow/.local/lib/python3.12/site-packages/airflow/example_dags/example_xcom.py
[2024-07-05T01:02:58.211+0000] {processor.py:840} INFO - DAG(s) 'example_xcom' retrieved from /home/airflow/.local/lib/python3.12/site-packages/airflow/example_dags/example_xcom.py
[2024-07-05T01:02:58.222+0000] {logging_mixin.py:188} INFO - [2024-07-05T01:02:58.222+0000] {dag.py:3096} INFO - Sync 1 DAGs
[2024-07-05T01:02:58.232+0000] {logging_mixin.py:188} INFO - [2024-07-05T01:02:58.232+0000] {dag.py:3954} INFO - Setting next_dagrun for example_xcom to 2021-01-01 00:00:00+00:00, run_after=2021-01-01 00:00:00+00:00
[2024-07-05T01:02:58.239+0000] {processor.py:183} INFO - Processing /home/airflow/.local/lib/python3.12/site-packages/airflow/example_dags/example_xcom.py took 0.035 seconds
[2024-07-05T01:09:20.392+0000] {processor.py:161} INFO - Started process (PID=6837) to work on /home/airflow/.local/lib/python3.12/site-packages/airflow/example_dags/example_xcom.py
[2024-07-05T01:09:20.392+0000] {processor.py:830} INFO - Processing file /home/airflow/.local/lib/python3.12/site-packages/airflow/example_dags/example_xcom.py for tasks to queue
[2024-07-05T01:09:20.393+0000] {logging_mixin.py:188} INFO - [2024-07-05T01:09:20.393+0000] {dagbag.py:545} INFO - Filling up the DagBag from /home/airflow/.local/lib/python3.12/site-packages/airflow/example_dags/example_xcom.py
[2024-07-05T01:09:20.396+0000] {processor.py:840} INFO - DAG(s) 'example_xcom' retrieved from /home/airflow/.local/lib/python3.12/site-packages/airflow/example_dags/example_xcom.py
[2024-07-05T01:09:20.405+0000] {logging_mixin.py:188} INFO - [2024-07-05T01:09:20.405+0000] {dag.py:3096} INFO - Sync 1 DAGs
[2024-07-05T01:09:20.413+0000] {logging_mixin.py:188} INFO - [2024-07-05T01:09:20.413+0000] {dag.py:3954} INFO - Setting next_dagrun for example_xcom to 2021-01-01 00:00:00+00:00, run_after=2021-01-01 00:00:00+00:00
[2024-07-05T01:09:20.419+0000] {processor.py:183} INFO - Processing /home/airflow/.local/lib/python3.12/site-packages/airflow/example_dags/example_xcom.py took 0.029 seconds
[2024-07-05T01:30:00.201+0000] {processor.py:161} INFO - Started process (PID=6895) to work on /home/airflow/.local/lib/python3.12/site-packages/airflow/example_dags/example_xcom.py
[2024-07-05T01:30:00.202+0000] {processor.py:830} INFO - Processing file /home/airflow/.local/lib/python3.12/site-packages/airflow/example_dags/example_xcom.py for tasks to queue
[2024-07-05T01:30:00.203+0000] {logging_mixin.py:188} INFO - [2024-07-05T01:30:00.203+0000] {dagbag.py:545} INFO - Filling up the DagBag from /home/airflow/.local/lib/python3.12/site-packages/airflow/example_dags/example_xcom.py
[2024-07-05T01:30:00.208+0000] {processor.py:840} INFO - DAG(s) 'example_xcom' retrieved from /home/airflow/.local/lib/python3.12/site-packages/airflow/example_dags/example_xcom.py
[2024-07-05T01:30:00.216+0000] {logging_mixin.py:188} INFO - [2024-07-05T01:30:00.216+0000] {dag.py:3096} INFO - Sync 1 DAGs
[2024-07-05T01:30:00.224+0000] {logging_mixin.py:188} INFO - [2024-07-05T01:30:00.224+0000] {dag.py:3954} INFO - Setting next_dagrun for example_xcom to 2021-01-01 00:00:00+00:00, run_after=2021-01-01 00:00:00+00:00
[2024-07-05T01:30:00.231+0000] {processor.py:183} INFO - Processing /home/airflow/.local/lib/python3.12/site-packages/airflow/example_dags/example_xcom.py took 0.033 seconds
[2024-07-05T01:57:34.680+0000] {processor.py:161} INFO - Started process (PID=6953) to work on /home/airflow/.local/lib/python3.12/site-packages/airflow/example_dags/example_xcom.py
[2024-07-05T01:57:34.681+0000] {processor.py:830} INFO - Processing file /home/airflow/.local/lib/python3.12/site-packages/airflow/example_dags/example_xcom.py for tasks to queue
[2024-07-05T01:57:34.682+0000] {logging_mixin.py:188} INFO - [2024-07-05T01:57:34.682+0000] {dagbag.py:545} INFO - Filling up the DagBag from /home/airflow/.local/lib/python3.12/site-packages/airflow/example_dags/example_xcom.py
[2024-07-05T01:57:34.687+0000] {processor.py:840} INFO - DAG(s) 'example_xcom' retrieved from /home/airflow/.local/lib/python3.12/site-packages/airflow/example_dags/example_xcom.py
[2024-07-05T01:57:34.761+0000] {logging_mixin.py:188} INFO - [2024-07-05T01:57:34.761+0000] {dag.py:3096} INFO - Sync 1 DAGs
[2024-07-05T01:57:34.767+0000] {logging_mixin.py:188} INFO - [2024-07-05T01:57:34.767+0000] {dag.py:3954} INFO - Setting next_dagrun for example_xcom to 2021-01-01 00:00:00+00:00, run_after=2021-01-01 00:00:00+00:00
[2024-07-05T01:57:34.774+0000] {processor.py:183} INFO - Processing /home/airflow/.local/lib/python3.12/site-packages/airflow/example_dags/example_xcom.py took 0.097 seconds
[2024-07-05T02:35:36.286+0000] {processor.py:161} INFO - Started process (PID=7011) to work on /home/airflow/.local/lib/python3.12/site-packages/airflow/example_dags/example_xcom.py
[2024-07-05T02:35:36.287+0000] {processor.py:830} INFO - Processing file /home/airflow/.local/lib/python3.12/site-packages/airflow/example_dags/example_xcom.py for tasks to queue
[2024-07-05T02:35:36.288+0000] {logging_mixin.py:188} INFO - [2024-07-05T02:35:36.288+0000] {dagbag.py:545} INFO - Filling up the DagBag from /home/airflow/.local/lib/python3.12/site-packages/airflow/example_dags/example_xcom.py
[2024-07-05T02:35:36.291+0000] {processor.py:840} INFO - DAG(s) 'example_xcom' retrieved from /home/airflow/.local/lib/python3.12/site-packages/airflow/example_dags/example_xcom.py
[2024-07-05T02:35:36.300+0000] {logging_mixin.py:188} INFO - [2024-07-05T02:35:36.300+0000] {dag.py:3096} INFO - Sync 1 DAGs
[2024-07-05T02:35:36.375+0000] {logging_mixin.py:188} INFO - [2024-07-05T02:35:36.375+0000] {dag.py:3954} INFO - Setting next_dagrun for example_xcom to 2021-01-01 00:00:00+00:00, run_after=2021-01-01 00:00:00+00:00
[2024-07-05T02:35:36.383+0000] {processor.py:183} INFO - Processing /home/airflow/.local/lib/python3.12/site-packages/airflow/example_dags/example_xcom.py took 0.100 seconds
[2024-07-05T03:38:53.262+0000] {processor.py:161} INFO - Started process (PID=7069) to work on /home/airflow/.local/lib/python3.12/site-packages/airflow/example_dags/example_xcom.py
[2024-07-05T03:38:53.262+0000] {processor.py:830} INFO - Processing file /home/airflow/.local/lib/python3.12/site-packages/airflow/example_dags/example_xcom.py for tasks to queue
[2024-07-05T03:38:53.263+0000] {logging_mixin.py:188} INFO - [2024-07-05T03:38:53.263+0000] {dagbag.py:545} INFO - Filling up the DagBag from /home/airflow/.local/lib/python3.12/site-packages/airflow/example_dags/example_xcom.py
[2024-07-05T03:38:53.266+0000] {processor.py:840} INFO - DAG(s) 'example_xcom' retrieved from /home/airflow/.local/lib/python3.12/site-packages/airflow/example_dags/example_xcom.py
[2024-07-05T03:38:53.274+0000] {logging_mixin.py:188} INFO - [2024-07-05T03:38:53.274+0000] {dag.py:3096} INFO - Sync 1 DAGs
[2024-07-05T03:38:53.281+0000] {logging_mixin.py:188} INFO - [2024-07-05T03:38:53.281+0000] {dag.py:3954} INFO - Setting next_dagrun for example_xcom to 2021-01-01 00:00:00+00:00, run_after=2021-01-01 00:00:00+00:00
[2024-07-05T03:38:53.288+0000] {processor.py:183} INFO - Processing /home/airflow/.local/lib/python3.12/site-packages/airflow/example_dags/example_xcom.py took 0.028 seconds
[2024-07-05T04:05:59.044+0000] {processor.py:161} INFO - Started process (PID=7127) to work on /home/airflow/.local/lib/python3.12/site-packages/airflow/example_dags/example_xcom.py
[2024-07-05T04:05:59.044+0000] {processor.py:830} INFO - Processing file /home/airflow/.local/lib/python3.12/site-packages/airflow/example_dags/example_xcom.py for tasks to queue
[2024-07-05T04:05:59.045+0000] {logging_mixin.py:188} INFO - [2024-07-05T04:05:59.045+0000] {dagbag.py:545} INFO - Filling up the DagBag from /home/airflow/.local/lib/python3.12/site-packages/airflow/example_dags/example_xcom.py
[2024-07-05T04:05:59.048+0000] {processor.py:840} INFO - DAG(s) 'example_xcom' retrieved from /home/airflow/.local/lib/python3.12/site-packages/airflow/example_dags/example_xcom.py
[2024-07-05T04:05:59.056+0000] {logging_mixin.py:188} INFO - [2024-07-05T04:05:59.056+0000] {dag.py:3096} INFO - Sync 1 DAGs
[2024-07-05T04:05:59.065+0000] {logging_mixin.py:188} INFO - [2024-07-05T04:05:59.064+0000] {dag.py:3954} INFO - Setting next_dagrun for example_xcom to 2021-01-01 00:00:00+00:00, run_after=2021-01-01 00:00:00+00:00
[2024-07-05T04:05:59.071+0000] {processor.py:183} INFO - Processing /home/airflow/.local/lib/python3.12/site-packages/airflow/example_dags/example_xcom.py took 0.029 seconds
[2024-07-05T05:07:04.210+0000] {processor.py:161} INFO - Started process (PID=7185) to work on /home/airflow/.local/lib/python3.12/site-packages/airflow/example_dags/example_xcom.py
[2024-07-05T05:07:04.212+0000] {processor.py:830} INFO - Processing file /home/airflow/.local/lib/python3.12/site-packages/airflow/example_dags/example_xcom.py for tasks to queue
[2024-07-05T05:07:04.213+0000] {logging_mixin.py:188} INFO - [2024-07-05T05:07:04.213+0000] {dagbag.py:545} INFO - Filling up the DagBag from /home/airflow/.local/lib/python3.12/site-packages/airflow/example_dags/example_xcom.py
[2024-07-05T05:07:04.216+0000] {processor.py:840} INFO - DAG(s) 'example_xcom' retrieved from /home/airflow/.local/lib/python3.12/site-packages/airflow/example_dags/example_xcom.py
[2024-07-05T05:07:04.224+0000] {logging_mixin.py:188} INFO - [2024-07-05T05:07:04.224+0000] {dag.py:3096} INFO - Sync 1 DAGs
[2024-07-05T05:07:04.232+0000] {logging_mixin.py:188} INFO - [2024-07-05T05:07:04.232+0000] {dag.py:3954} INFO - Setting next_dagrun for example_xcom to 2021-01-01 00:00:00+00:00, run_after=2021-01-01 00:00:00+00:00
[2024-07-05T05:07:04.239+0000] {processor.py:183} INFO - Processing /home/airflow/.local/lib/python3.12/site-packages/airflow/example_dags/example_xcom.py took 0.031 seconds
[2024-07-05T06:07:56.798+0000] {processor.py:161} INFO - Started process (PID=7243) to work on /home/airflow/.local/lib/python3.12/site-packages/airflow/example_dags/example_xcom.py
[2024-07-05T06:07:56.798+0000] {processor.py:830} INFO - Processing file /home/airflow/.local/lib/python3.12/site-packages/airflow/example_dags/example_xcom.py for tasks to queue
[2024-07-05T06:07:56.799+0000] {logging_mixin.py:188} INFO - [2024-07-05T06:07:56.799+0000] {dagbag.py:545} INFO - Filling up the DagBag from /home/airflow/.local/lib/python3.12/site-packages/airflow/example_dags/example_xcom.py
[2024-07-05T06:07:56.802+0000] {processor.py:840} INFO - DAG(s) 'example_xcom' retrieved from /home/airflow/.local/lib/python3.12/site-packages/airflow/example_dags/example_xcom.py
[2024-07-05T06:07:56.810+0000] {logging_mixin.py:188} INFO - [2024-07-05T06:07:56.810+0000] {dag.py:3096} INFO - Sync 1 DAGs
[2024-07-05T06:07:56.817+0000] {logging_mixin.py:188} INFO - [2024-07-05T06:07:56.817+0000] {dag.py:3954} INFO - Setting next_dagrun for example_xcom to 2021-01-01 00:00:00+00:00, run_after=2021-01-01 00:00:00+00:00
[2024-07-05T06:07:56.823+0000] {processor.py:183} INFO - Processing /home/airflow/.local/lib/python3.12/site-packages/airflow/example_dags/example_xcom.py took 0.028 seconds
[2024-07-05T07:08:55.622+0000] {processor.py:161} INFO - Started process (PID=7295) to work on /home/airflow/.local/lib/python3.12/site-packages/airflow/example_dags/example_xcom.py
[2024-07-05T07:08:55.623+0000] {processor.py:830} INFO - Processing file /home/airflow/.local/lib/python3.12/site-packages/airflow/example_dags/example_xcom.py for tasks to queue
[2024-07-05T07:08:55.623+0000] {logging_mixin.py:188} INFO - [2024-07-05T07:08:55.623+0000] {dagbag.py:545} INFO - Filling up the DagBag from /home/airflow/.local/lib/python3.12/site-packages/airflow/example_dags/example_xcom.py
[2024-07-05T07:08:55.626+0000] {processor.py:840} INFO - DAG(s) 'example_xcom' retrieved from /home/airflow/.local/lib/python3.12/site-packages/airflow/example_dags/example_xcom.py
[2024-07-05T07:08:55.635+0000] {logging_mixin.py:188} INFO - [2024-07-05T07:08:55.635+0000] {dag.py:3096} INFO - Sync 1 DAGs
[2024-07-05T07:08:55.643+0000] {logging_mixin.py:188} INFO - [2024-07-05T07:08:55.643+0000] {dag.py:3954} INFO - Setting next_dagrun for example_xcom to 2021-01-01 00:00:00+00:00, run_after=2021-01-01 00:00:00+00:00
[2024-07-05T07:08:55.649+0000] {processor.py:183} INFO - Processing /home/airflow/.local/lib/python3.12/site-packages/airflow/example_dags/example_xcom.py took 0.029 seconds
[2024-07-05T08:09:52.680+0000] {processor.py:161} INFO - Started process (PID=7359) to work on /home/airflow/.local/lib/python3.12/site-packages/airflow/example_dags/example_xcom.py
[2024-07-05T08:09:52.680+0000] {processor.py:830} INFO - Processing file /home/airflow/.local/lib/python3.12/site-packages/airflow/example_dags/example_xcom.py for tasks to queue
[2024-07-05T08:09:52.681+0000] {logging_mixin.py:188} INFO - [2024-07-05T08:09:52.681+0000] {dagbag.py:545} INFO - Filling up the DagBag from /home/airflow/.local/lib/python3.12/site-packages/airflow/example_dags/example_xcom.py
[2024-07-05T08:09:52.684+0000] {processor.py:840} INFO - DAG(s) 'example_xcom' retrieved from /home/airflow/.local/lib/python3.12/site-packages/airflow/example_dags/example_xcom.py
[2024-07-05T08:09:52.692+0000] {logging_mixin.py:188} INFO - [2024-07-05T08:09:52.692+0000] {dag.py:3096} INFO - Sync 1 DAGs
[2024-07-05T08:09:52.699+0000] {logging_mixin.py:188} INFO - [2024-07-05T08:09:52.699+0000] {dag.py:3954} INFO - Setting next_dagrun for example_xcom to 2021-01-01 00:00:00+00:00, run_after=2021-01-01 00:00:00+00:00
[2024-07-05T08:09:52.705+0000] {processor.py:183} INFO - Processing /home/airflow/.local/lib/python3.12/site-packages/airflow/example_dags/example_xcom.py took 0.028 seconds
[2024-07-05T08:32:40.064+0000] {processor.py:161} INFO - Started process (PID=7411) to work on /home/airflow/.local/lib/python3.12/site-packages/airflow/example_dags/example_xcom.py
[2024-07-05T08:32:40.064+0000] {processor.py:830} INFO - Processing file /home/airflow/.local/lib/python3.12/site-packages/airflow/example_dags/example_xcom.py for tasks to queue
[2024-07-05T08:32:40.065+0000] {logging_mixin.py:188} INFO - [2024-07-05T08:32:40.065+0000] {dagbag.py:545} INFO - Filling up the DagBag from /home/airflow/.local/lib/python3.12/site-packages/airflow/example_dags/example_xcom.py
[2024-07-05T08:32:40.069+0000] {processor.py:840} INFO - DAG(s) 'example_xcom' retrieved from /home/airflow/.local/lib/python3.12/site-packages/airflow/example_dags/example_xcom.py
[2024-07-05T08:32:40.077+0000] {logging_mixin.py:188} INFO - [2024-07-05T08:32:40.077+0000] {dag.py:3096} INFO - Sync 1 DAGs
[2024-07-05T08:32:40.085+0000] {logging_mixin.py:188} INFO - [2024-07-05T08:32:40.085+0000] {dag.py:3954} INFO - Setting next_dagrun for example_xcom to 2021-01-01 00:00:00+00:00, run_after=2021-01-01 00:00:00+00:00
[2024-07-05T08:32:40.091+0000] {processor.py:183} INFO - Processing /home/airflow/.local/lib/python3.12/site-packages/airflow/example_dags/example_xcom.py took 0.030 seconds
[2024-07-05T09:12:26.964+0000] {processor.py:161} INFO - Started process (PID=7475) to work on /home/airflow/.local/lib/python3.12/site-packages/airflow/example_dags/example_xcom.py
[2024-07-05T09:12:26.964+0000] {processor.py:830} INFO - Processing file /home/airflow/.local/lib/python3.12/site-packages/airflow/example_dags/example_xcom.py for tasks to queue
[2024-07-05T09:12:26.965+0000] {logging_mixin.py:188} INFO - [2024-07-05T09:12:26.965+0000] {dagbag.py:545} INFO - Filling up the DagBag from /home/airflow/.local/lib/python3.12/site-packages/airflow/example_dags/example_xcom.py
[2024-07-05T09:12:26.968+0000] {processor.py:840} INFO - DAG(s) 'example_xcom' retrieved from /home/airflow/.local/lib/python3.12/site-packages/airflow/example_dags/example_xcom.py
[2024-07-05T09:12:26.977+0000] {logging_mixin.py:188} INFO - [2024-07-05T09:12:26.977+0000] {dag.py:3096} INFO - Sync 1 DAGs
[2024-07-05T09:12:26.984+0000] {logging_mixin.py:188} INFO - [2024-07-05T09:12:26.984+0000] {dag.py:3954} INFO - Setting next_dagrun for example_xcom to 2021-01-01 00:00:00+00:00, run_after=2021-01-01 00:00:00+00:00
[2024-07-05T09:12:26.990+0000] {processor.py:183} INFO - Processing /home/airflow/.local/lib/python3.12/site-packages/airflow/example_dags/example_xcom.py took 0.028 seconds
[2024-07-05T10:11:57.801+0000] {processor.py:161} INFO - Started process (PID=7527) to work on /home/airflow/.local/lib/python3.12/site-packages/airflow/example_dags/example_xcom.py
[2024-07-05T10:11:57.802+0000] {processor.py:830} INFO - Processing file /home/airflow/.local/lib/python3.12/site-packages/airflow/example_dags/example_xcom.py for tasks to queue
[2024-07-05T10:11:57.802+0000] {logging_mixin.py:188} INFO - [2024-07-05T10:11:57.802+0000] {dagbag.py:545} INFO - Filling up the DagBag from /home/airflow/.local/lib/python3.12/site-packages/airflow/example_dags/example_xcom.py
[2024-07-05T10:11:57.805+0000] {processor.py:840} INFO - DAG(s) 'example_xcom' retrieved from /home/airflow/.local/lib/python3.12/site-packages/airflow/example_dags/example_xcom.py
[2024-07-05T10:11:57.814+0000] {logging_mixin.py:188} INFO - [2024-07-05T10:11:57.814+0000] {dag.py:3096} INFO - Sync 1 DAGs
[2024-07-05T10:11:57.821+0000] {logging_mixin.py:188} INFO - [2024-07-05T10:11:57.821+0000] {dag.py:3954} INFO - Setting next_dagrun for example_xcom to 2021-01-01 00:00:00+00:00, run_after=2021-01-01 00:00:00+00:00
[2024-07-05T10:11:57.827+0000] {processor.py:183} INFO - Processing /home/airflow/.local/lib/python3.12/site-packages/airflow/example_dags/example_xcom.py took 0.028 seconds
[2024-07-05T11:00:36.678+0000] {processor.py:161} INFO - Started process (PID=7585) to work on /home/airflow/.local/lib/python3.12/site-packages/airflow/example_dags/example_xcom.py
[2024-07-05T11:00:36.678+0000] {processor.py:830} INFO - Processing file /home/airflow/.local/lib/python3.12/site-packages/airflow/example_dags/example_xcom.py for tasks to queue
[2024-07-05T11:00:36.679+0000] {logging_mixin.py:188} INFO - [2024-07-05T11:00:36.679+0000] {dagbag.py:545} INFO - Filling up the DagBag from /home/airflow/.local/lib/python3.12/site-packages/airflow/example_dags/example_xcom.py
[2024-07-05T11:00:36.682+0000] {processor.py:840} INFO - DAG(s) 'example_xcom' retrieved from /home/airflow/.local/lib/python3.12/site-packages/airflow/example_dags/example_xcom.py
[2024-07-05T11:00:36.689+0000] {logging_mixin.py:188} INFO - [2024-07-05T11:00:36.689+0000] {dag.py:3096} INFO - Sync 1 DAGs
[2024-07-05T11:00:36.697+0000] {logging_mixin.py:188} INFO - [2024-07-05T11:00:36.697+0000] {dag.py:3954} INFO - Setting next_dagrun for example_xcom to 2021-01-01 00:00:00+00:00, run_after=2021-01-01 00:00:00+00:00
[2024-07-05T11:00:36.702+0000] {processor.py:183} INFO - Processing /home/airflow/.local/lib/python3.12/site-packages/airflow/example_dags/example_xcom.py took 0.027 seconds
[2024-07-05T12:13:57.250+0000] {processor.py:161} INFO - Started process (PID=7643) to work on /home/airflow/.local/lib/python3.12/site-packages/airflow/example_dags/example_xcom.py
[2024-07-05T12:13:57.250+0000] {processor.py:830} INFO - Processing file /home/airflow/.local/lib/python3.12/site-packages/airflow/example_dags/example_xcom.py for tasks to queue
[2024-07-05T12:13:57.251+0000] {logging_mixin.py:188} INFO - [2024-07-05T12:13:57.251+0000] {dagbag.py:545} INFO - Filling up the DagBag from /home/airflow/.local/lib/python3.12/site-packages/airflow/example_dags/example_xcom.py
[2024-07-05T12:13:57.254+0000] {processor.py:840} INFO - DAG(s) 'example_xcom' retrieved from /home/airflow/.local/lib/python3.12/site-packages/airflow/example_dags/example_xcom.py
[2024-07-05T12:13:57.262+0000] {logging_mixin.py:188} INFO - [2024-07-05T12:13:57.262+0000] {dag.py:3096} INFO - Sync 1 DAGs
[2024-07-05T12:13:57.270+0000] {logging_mixin.py:188} INFO - [2024-07-05T12:13:57.269+0000] {dag.py:3954} INFO - Setting next_dagrun for example_xcom to 2021-01-01 00:00:00+00:00, run_after=2021-01-01 00:00:00+00:00
[2024-07-05T12:13:57.276+0000] {processor.py:183} INFO - Processing /home/airflow/.local/lib/python3.12/site-packages/airflow/example_dags/example_xcom.py took 0.028 seconds
[2024-07-05T13:15:01.285+0000] {processor.py:161} INFO - Started process (PID=7701) to work on /home/airflow/.local/lib/python3.12/site-packages/airflow/example_dags/example_xcom.py
[2024-07-05T13:15:01.285+0000] {processor.py:830} INFO - Processing file /home/airflow/.local/lib/python3.12/site-packages/airflow/example_dags/example_xcom.py for tasks to queue
[2024-07-05T13:15:01.286+0000] {logging_mixin.py:188} INFO - [2024-07-05T13:15:01.286+0000] {dagbag.py:545} INFO - Filling up the DagBag from /home/airflow/.local/lib/python3.12/site-packages/airflow/example_dags/example_xcom.py
[2024-07-05T13:15:01.289+0000] {processor.py:840} INFO - DAG(s) 'example_xcom' retrieved from /home/airflow/.local/lib/python3.12/site-packages/airflow/example_dags/example_xcom.py
[2024-07-05T13:15:01.297+0000] {logging_mixin.py:188} INFO - [2024-07-05T13:15:01.296+0000] {dag.py:3096} INFO - Sync 1 DAGs
[2024-07-05T13:15:01.304+0000] {logging_mixin.py:188} INFO - [2024-07-05T13:15:01.304+0000] {dag.py:3954} INFO - Setting next_dagrun for example_xcom to 2021-01-01 00:00:00+00:00, run_after=2021-01-01 00:00:00+00:00
[2024-07-05T13:15:01.310+0000] {processor.py:183} INFO - Processing /home/airflow/.local/lib/python3.12/site-packages/airflow/example_dags/example_xcom.py took 0.028 seconds
[2024-07-05T14:01:34.603+0000] {processor.py:161} INFO - Started process (PID=7765) to work on /home/airflow/.local/lib/python3.12/site-packages/airflow/example_dags/example_xcom.py
[2024-07-05T14:01:34.604+0000] {processor.py:830} INFO - Processing file /home/airflow/.local/lib/python3.12/site-packages/airflow/example_dags/example_xcom.py for tasks to queue
[2024-07-05T14:01:34.604+0000] {logging_mixin.py:188} INFO - [2024-07-05T14:01:34.604+0000] {dagbag.py:545} INFO - Filling up the DagBag from /home/airflow/.local/lib/python3.12/site-packages/airflow/example_dags/example_xcom.py
[2024-07-05T14:01:34.607+0000] {processor.py:840} INFO - DAG(s) 'example_xcom' retrieved from /home/airflow/.local/lib/python3.12/site-packages/airflow/example_dags/example_xcom.py
[2024-07-05T14:01:34.615+0000] {logging_mixin.py:188} INFO - [2024-07-05T14:01:34.615+0000] {dag.py:3096} INFO - Sync 1 DAGs
[2024-07-05T14:01:34.623+0000] {logging_mixin.py:188} INFO - [2024-07-05T14:01:34.623+0000] {dag.py:3954} INFO - Setting next_dagrun for example_xcom to 2021-01-01 00:00:00+00:00, run_after=2021-01-01 00:00:00+00:00
[2024-07-05T14:01:34.630+0000] {processor.py:183} INFO - Processing /home/airflow/.local/lib/python3.12/site-packages/airflow/example_dags/example_xcom.py took 0.029 seconds
[2024-07-05T14:47:34.593+0000] {processor.py:161} INFO - Started process (PID=7817) to work on /home/airflow/.local/lib/python3.12/site-packages/airflow/example_dags/example_xcom.py
[2024-07-05T14:47:34.594+0000] {processor.py:830} INFO - Processing file /home/airflow/.local/lib/python3.12/site-packages/airflow/example_dags/example_xcom.py for tasks to queue
[2024-07-05T14:47:34.594+0000] {logging_mixin.py:188} INFO - [2024-07-05T14:47:34.594+0000] {dagbag.py:545} INFO - Filling up the DagBag from /home/airflow/.local/lib/python3.12/site-packages/airflow/example_dags/example_xcom.py
[2024-07-05T14:47:34.598+0000] {processor.py:840} INFO - DAG(s) 'example_xcom' retrieved from /home/airflow/.local/lib/python3.12/site-packages/airflow/example_dags/example_xcom.py
[2024-07-05T14:47:34.605+0000] {logging_mixin.py:188} INFO - [2024-07-05T14:47:34.605+0000] {dag.py:3096} INFO - Sync 1 DAGs
[2024-07-05T14:47:34.613+0000] {logging_mixin.py:188} INFO - [2024-07-05T14:47:34.613+0000] {dag.py:3954} INFO - Setting next_dagrun for example_xcom to 2021-01-01 00:00:00+00:00, run_after=2021-01-01 00:00:00+00:00
[2024-07-05T14:47:34.619+0000] {processor.py:183} INFO - Processing /home/airflow/.local/lib/python3.12/site-packages/airflow/example_dags/example_xcom.py took 0.028 seconds
[2024-07-05T15:49:33.317+0000] {processor.py:161} INFO - Started process (PID=7875) to work on /home/airflow/.local/lib/python3.12/site-packages/airflow/example_dags/example_xcom.py
[2024-07-05T15:49:33.318+0000] {processor.py:830} INFO - Processing file /home/airflow/.local/lib/python3.12/site-packages/airflow/example_dags/example_xcom.py for tasks to queue
[2024-07-05T15:49:33.318+0000] {logging_mixin.py:188} INFO - [2024-07-05T15:49:33.318+0000] {dagbag.py:545} INFO - Filling up the DagBag from /home/airflow/.local/lib/python3.12/site-packages/airflow/example_dags/example_xcom.py
[2024-07-05T15:49:33.321+0000] {processor.py:840} INFO - DAG(s) 'example_xcom' retrieved from /home/airflow/.local/lib/python3.12/site-packages/airflow/example_dags/example_xcom.py
[2024-07-05T15:49:33.330+0000] {logging_mixin.py:188} INFO - [2024-07-05T15:49:33.330+0000] {dag.py:3096} INFO - Sync 1 DAGs
[2024-07-05T15:49:33.337+0000] {logging_mixin.py:188} INFO - [2024-07-05T15:49:33.337+0000] {dag.py:3954} INFO - Setting next_dagrun for example_xcom to 2021-01-01 00:00:00+00:00, run_after=2021-01-01 00:00:00+00:00
[2024-07-05T15:49:33.344+0000] {processor.py:183} INFO - Processing /home/airflow/.local/lib/python3.12/site-packages/airflow/example_dags/example_xcom.py took 0.029 seconds
[2024-07-05T17:06:00.612+0000] {processor.py:161} INFO - Started process (PID=7939) to work on /home/airflow/.local/lib/python3.12/site-packages/airflow/example_dags/example_xcom.py
[2024-07-05T17:06:00.612+0000] {processor.py:830} INFO - Processing file /home/airflow/.local/lib/python3.12/site-packages/airflow/example_dags/example_xcom.py for tasks to queue
[2024-07-05T17:06:00.613+0000] {logging_mixin.py:188} INFO - [2024-07-05T17:06:00.613+0000] {dagbag.py:545} INFO - Filling up the DagBag from /home/airflow/.local/lib/python3.12/site-packages/airflow/example_dags/example_xcom.py
[2024-07-05T17:06:00.616+0000] {processor.py:840} INFO - DAG(s) 'example_xcom' retrieved from /home/airflow/.local/lib/python3.12/site-packages/airflow/example_dags/example_xcom.py
[2024-07-05T17:06:00.624+0000] {logging_mixin.py:188} INFO - [2024-07-05T17:06:00.624+0000] {dag.py:3096} INFO - Sync 1 DAGs
[2024-07-05T17:06:00.632+0000] {logging_mixin.py:188} INFO - [2024-07-05T17:06:00.632+0000] {dag.py:3954} INFO - Setting next_dagrun for example_xcom to 2021-01-01 00:00:00+00:00, run_after=2021-01-01 00:00:00+00:00
[2024-07-05T17:06:00.638+0000] {processor.py:183} INFO - Processing /home/airflow/.local/lib/python3.12/site-packages/airflow/example_dags/example_xcom.py took 0.028 seconds
[2024-07-05T18:15:52.125+0000] {processor.py:161} INFO - Started process (PID=7997) to work on /home/airflow/.local/lib/python3.12/site-packages/airflow/example_dags/example_xcom.py
[2024-07-05T18:15:52.125+0000] {processor.py:830} INFO - Processing file /home/airflow/.local/lib/python3.12/site-packages/airflow/example_dags/example_xcom.py for tasks to queue
[2024-07-05T18:15:52.126+0000] {logging_mixin.py:188} INFO - [2024-07-05T18:15:52.126+0000] {dagbag.py:545} INFO - Filling up the DagBag from /home/airflow/.local/lib/python3.12/site-packages/airflow/example_dags/example_xcom.py
[2024-07-05T18:15:52.129+0000] {processor.py:840} INFO - DAG(s) 'example_xcom' retrieved from /home/airflow/.local/lib/python3.12/site-packages/airflow/example_dags/example_xcom.py
[2024-07-05T18:15:52.137+0000] {logging_mixin.py:188} INFO - [2024-07-05T18:15:52.137+0000] {dag.py:3096} INFO - Sync 1 DAGs
[2024-07-05T18:15:52.145+0000] {logging_mixin.py:188} INFO - [2024-07-05T18:15:52.145+0000] {dag.py:3954} INFO - Setting next_dagrun for example_xcom to 2021-01-01 00:00:00+00:00, run_after=2021-01-01 00:00:00+00:00
[2024-07-05T18:15:52.151+0000] {processor.py:183} INFO - Processing /home/airflow/.local/lib/python3.12/site-packages/airflow/example_dags/example_xcom.py took 0.029 seconds
[2024-07-05T19:56:48.615+0000] {processor.py:161} INFO - Started process (PID=8049) to work on /home/airflow/.local/lib/python3.12/site-packages/airflow/example_dags/example_xcom.py
[2024-07-05T19:56:48.615+0000] {processor.py:830} INFO - Processing file /home/airflow/.local/lib/python3.12/site-packages/airflow/example_dags/example_xcom.py for tasks to queue
[2024-07-05T19:56:48.616+0000] {logging_mixin.py:188} INFO - [2024-07-05T19:56:48.616+0000] {dagbag.py:545} INFO - Filling up the DagBag from /home/airflow/.local/lib/python3.12/site-packages/airflow/example_dags/example_xcom.py
[2024-07-05T19:56:48.619+0000] {processor.py:840} INFO - DAG(s) 'example_xcom' retrieved from /home/airflow/.local/lib/python3.12/site-packages/airflow/example_dags/example_xcom.py
[2024-07-05T19:56:48.627+0000] {logging_mixin.py:188} INFO - [2024-07-05T19:56:48.627+0000] {dag.py:3096} INFO - Sync 1 DAGs
[2024-07-05T19:56:48.635+0000] {logging_mixin.py:188} INFO - [2024-07-05T19:56:48.635+0000] {dag.py:3954} INFO - Setting next_dagrun for example_xcom to 2021-01-01 00:00:00+00:00, run_after=2021-01-01 00:00:00+00:00
[2024-07-05T19:56:48.641+0000] {processor.py:183} INFO - Processing /home/airflow/.local/lib/python3.12/site-packages/airflow/example_dags/example_xcom.py took 0.028 seconds
[2024-07-05T21:19:03.495+0000] {processor.py:161} INFO - Started process (PID=8106) to work on /home/airflow/.local/lib/python3.12/site-packages/airflow/example_dags/example_xcom.py
[2024-07-05T21:19:03.495+0000] {processor.py:830} INFO - Processing file /home/airflow/.local/lib/python3.12/site-packages/airflow/example_dags/example_xcom.py for tasks to queue
[2024-07-05T21:19:03.496+0000] {logging_mixin.py:188} INFO - [2024-07-05T21:19:03.496+0000] {dagbag.py:545} INFO - Filling up the DagBag from /home/airflow/.local/lib/python3.12/site-packages/airflow/example_dags/example_xcom.py
[2024-07-05T21:19:03.499+0000] {processor.py:840} INFO - DAG(s) 'example_xcom' retrieved from /home/airflow/.local/lib/python3.12/site-packages/airflow/example_dags/example_xcom.py
[2024-07-05T21:19:03.507+0000] {logging_mixin.py:188} INFO - [2024-07-05T21:19:03.507+0000] {dag.py:3096} INFO - Sync 1 DAGs
[2024-07-05T21:19:03.514+0000] {logging_mixin.py:188} INFO - [2024-07-05T21:19:03.514+0000] {dag.py:3954} INFO - Setting next_dagrun for example_xcom to 2021-01-01 00:00:00+00:00, run_after=2021-01-01 00:00:00+00:00
[2024-07-05T21:19:03.520+0000] {processor.py:183} INFO - Processing /home/airflow/.local/lib/python3.12/site-packages/airflow/example_dags/example_xcom.py took 0.028 seconds
[2024-07-05T22:43:31.415+0000] {processor.py:161} INFO - Started process (PID=8170) to work on /home/airflow/.local/lib/python3.12/site-packages/airflow/example_dags/example_xcom.py
[2024-07-05T22:43:31.415+0000] {processor.py:830} INFO - Processing file /home/airflow/.local/lib/python3.12/site-packages/airflow/example_dags/example_xcom.py for tasks to queue
[2024-07-05T22:43:31.416+0000] {logging_mixin.py:188} INFO - [2024-07-05T22:43:31.416+0000] {dagbag.py:545} INFO - Filling up the DagBag from /home/airflow/.local/lib/python3.12/site-packages/airflow/example_dags/example_xcom.py
[2024-07-05T22:43:31.419+0000] {processor.py:840} INFO - DAG(s) 'example_xcom' retrieved from /home/airflow/.local/lib/python3.12/site-packages/airflow/example_dags/example_xcom.py
[2024-07-05T22:43:31.430+0000] {logging_mixin.py:188} INFO - [2024-07-05T22:43:31.430+0000] {dag.py:3096} INFO - Sync 1 DAGs
[2024-07-05T22:43:31.440+0000] {logging_mixin.py:188} INFO - [2024-07-05T22:43:31.440+0000] {dag.py:3954} INFO - Setting next_dagrun for example_xcom to 2021-01-01 00:00:00+00:00, run_after=2021-01-01 00:00:00+00:00
[2024-07-05T22:43:31.447+0000] {processor.py:183} INFO - Processing /home/airflow/.local/lib/python3.12/site-packages/airflow/example_dags/example_xcom.py took 0.035 seconds
