[2024-07-05T00:02:35.316+0000] {processor.py:161} INFO - Started process (PID=6736) to work on /home/airflow/.local/lib/python3.12/site-packages/airflow/example_dags/example_bash_operator.py
[2024-07-05T00:02:35.316+0000] {processor.py:830} INFO - Processing file /home/airflow/.local/lib/python3.12/site-packages/airflow/example_dags/example_bash_operator.py for tasks to queue
[2024-07-05T00:02:35.317+0000] {logging_mixin.py:188} INFO - [2024-07-05T00:02:35.317+0000] {dagbag.py:545} INFO - Filling up the DagBag from /home/airflow/.local/lib/python3.12/site-packages/airflow/example_dags/example_bash_operator.py
[2024-07-05T00:02:35.321+0000] {processor.py:840} INFO - DAG(s) 'example_bash_operator' retrieved from /home/airflow/.local/lib/python3.12/site-packages/airflow/example_dags/example_bash_operator.py
[2024-07-05T00:02:35.332+0000] {logging_mixin.py:188} INFO - [2024-07-05T00:02:35.332+0000] {dag.py:3096} INFO - Sync 1 DAGs
[2024-07-05T00:02:35.340+0000] {logging_mixin.py:188} INFO - [2024-07-05T00:02:35.340+0000] {dag.py:3954} INFO - Setting next_dagrun for example_bash_operator to 2024-07-04 00:00:00+00:00, run_after=2024-07-05 00:00:00+00:00
[2024-07-05T00:02:35.346+0000] {processor.py:183} INFO - Processing /home/airflow/.local/lib/python3.12/site-packages/airflow/example_dags/example_bash_operator.py took 0.033 seconds
[2024-07-05T01:02:58.504+0000] {processor.py:161} INFO - Started process (PID=6794) to work on /home/airflow/.local/lib/python3.12/site-packages/airflow/example_dags/example_bash_operator.py
[2024-07-05T01:02:58.505+0000] {processor.py:830} INFO - Processing file /home/airflow/.local/lib/python3.12/site-packages/airflow/example_dags/example_bash_operator.py for tasks to queue
[2024-07-05T01:02:58.506+0000] {logging_mixin.py:188} INFO - [2024-07-05T01:02:58.506+0000] {dagbag.py:545} INFO - Filling up the DagBag from /home/airflow/.local/lib/python3.12/site-packages/airflow/example_dags/example_bash_operator.py
[2024-07-05T01:02:58.511+0000] {processor.py:840} INFO - DAG(s) 'example_bash_operator' retrieved from /home/airflow/.local/lib/python3.12/site-packages/airflow/example_dags/example_bash_operator.py
[2024-07-05T01:02:58.521+0000] {logging_mixin.py:188} INFO - [2024-07-05T01:02:58.521+0000] {dag.py:3096} INFO - Sync 1 DAGs
[2024-07-05T01:02:58.531+0000] {logging_mixin.py:188} INFO - [2024-07-05T01:02:58.530+0000] {dag.py:3954} INFO - Setting next_dagrun for example_bash_operator to 2024-07-04 00:00:00+00:00, run_after=2024-07-05 00:00:00+00:00
[2024-07-05T01:02:58.537+0000] {processor.py:183} INFO - Processing /home/airflow/.local/lib/python3.12/site-packages/airflow/example_dags/example_bash_operator.py took 0.036 seconds
[2024-07-05T01:09:20.683+0000] {processor.py:161} INFO - Started process (PID=6852) to work on /home/airflow/.local/lib/python3.12/site-packages/airflow/example_dags/example_bash_operator.py
[2024-07-05T01:09:20.683+0000] {processor.py:830} INFO - Processing file /home/airflow/.local/lib/python3.12/site-packages/airflow/example_dags/example_bash_operator.py for tasks to queue
[2024-07-05T01:09:20.684+0000] {logging_mixin.py:188} INFO - [2024-07-05T01:09:20.684+0000] {dagbag.py:545} INFO - Filling up the DagBag from /home/airflow/.local/lib/python3.12/site-packages/airflow/example_dags/example_bash_operator.py
[2024-07-05T01:09:20.689+0000] {processor.py:840} INFO - DAG(s) 'example_bash_operator' retrieved from /home/airflow/.local/lib/python3.12/site-packages/airflow/example_dags/example_bash_operator.py
[2024-07-05T01:09:20.699+0000] {logging_mixin.py:188} INFO - [2024-07-05T01:09:20.699+0000] {dag.py:3096} INFO - Sync 1 DAGs
[2024-07-05T01:09:20.706+0000] {logging_mixin.py:188} INFO - [2024-07-05T01:09:20.706+0000] {dag.py:3954} INFO - Setting next_dagrun for example_bash_operator to 2024-07-04 00:00:00+00:00, run_after=2024-07-05 00:00:00+00:00
[2024-07-05T01:09:20.713+0000] {processor.py:183} INFO - Processing /home/airflow/.local/lib/python3.12/site-packages/airflow/example_dags/example_bash_operator.py took 0.032 seconds
[2024-07-05T01:30:00.487+0000] {processor.py:161} INFO - Started process (PID=6910) to work on /home/airflow/.local/lib/python3.12/site-packages/airflow/example_dags/example_bash_operator.py
[2024-07-05T01:30:00.488+0000] {processor.py:830} INFO - Processing file /home/airflow/.local/lib/python3.12/site-packages/airflow/example_dags/example_bash_operator.py for tasks to queue
[2024-07-05T01:30:00.488+0000] {logging_mixin.py:188} INFO - [2024-07-05T01:30:00.488+0000] {dagbag.py:545} INFO - Filling up the DagBag from /home/airflow/.local/lib/python3.12/site-packages/airflow/example_dags/example_bash_operator.py
[2024-07-05T01:30:00.493+0000] {processor.py:840} INFO - DAG(s) 'example_bash_operator' retrieved from /home/airflow/.local/lib/python3.12/site-packages/airflow/example_dags/example_bash_operator.py
[2024-07-05T01:30:00.503+0000] {logging_mixin.py:188} INFO - [2024-07-05T01:30:00.503+0000] {dag.py:3096} INFO - Sync 1 DAGs
[2024-07-05T01:30:00.511+0000] {logging_mixin.py:188} INFO - [2024-07-05T01:30:00.511+0000] {dag.py:3954} INFO - Setting next_dagrun for example_bash_operator to 2024-07-04 00:00:00+00:00, run_after=2024-07-05 00:00:00+00:00
[2024-07-05T01:30:00.517+0000] {processor.py:183} INFO - Processing /home/airflow/.local/lib/python3.12/site-packages/airflow/example_dags/example_bash_operator.py took 0.032 seconds
[2024-07-05T01:57:35.381+0000] {processor.py:161} INFO - Started process (PID=6968) to work on /home/airflow/.local/lib/python3.12/site-packages/airflow/example_dags/example_bash_operator.py
[2024-07-05T01:57:35.382+0000] {processor.py:830} INFO - Processing file /home/airflow/.local/lib/python3.12/site-packages/airflow/example_dags/example_bash_operator.py for tasks to queue
[2024-07-05T01:57:35.382+0000] {logging_mixin.py:188} INFO - [2024-07-05T01:57:35.382+0000] {dagbag.py:545} INFO - Filling up the DagBag from /home/airflow/.local/lib/python3.12/site-packages/airflow/example_dags/example_bash_operator.py
[2024-07-05T01:57:35.387+0000] {processor.py:840} INFO - DAG(s) 'example_bash_operator' retrieved from /home/airflow/.local/lib/python3.12/site-packages/airflow/example_dags/example_bash_operator.py
[2024-07-05T01:57:35.397+0000] {logging_mixin.py:188} INFO - [2024-07-05T01:57:35.397+0000] {dag.py:3096} INFO - Sync 1 DAGs
[2024-07-05T01:57:35.404+0000] {logging_mixin.py:188} INFO - [2024-07-05T01:57:35.404+0000] {dag.py:3954} INFO - Setting next_dagrun for example_bash_operator to 2024-07-04 00:00:00+00:00, run_after=2024-07-05 00:00:00+00:00
[2024-07-05T01:57:35.410+0000] {processor.py:183} INFO - Processing /home/airflow/.local/lib/python3.12/site-packages/airflow/example_dags/example_bash_operator.py took 0.031 seconds
[2024-07-05T02:35:37.047+0000] {processor.py:161} INFO - Started process (PID=7026) to work on /home/airflow/.local/lib/python3.12/site-packages/airflow/example_dags/example_bash_operator.py
[2024-07-05T02:35:37.047+0000] {processor.py:830} INFO - Processing file /home/airflow/.local/lib/python3.12/site-packages/airflow/example_dags/example_bash_operator.py for tasks to queue
[2024-07-05T02:35:37.048+0000] {logging_mixin.py:188} INFO - [2024-07-05T02:35:37.048+0000] {dagbag.py:545} INFO - Filling up the DagBag from /home/airflow/.local/lib/python3.12/site-packages/airflow/example_dags/example_bash_operator.py
[2024-07-05T02:35:37.053+0000] {processor.py:840} INFO - DAG(s) 'example_bash_operator' retrieved from /home/airflow/.local/lib/python3.12/site-packages/airflow/example_dags/example_bash_operator.py
[2024-07-05T02:35:37.128+0000] {logging_mixin.py:188} INFO - [2024-07-05T02:35:37.128+0000] {dag.py:3096} INFO - Sync 1 DAGs
[2024-07-05T02:35:37.135+0000] {logging_mixin.py:188} INFO - [2024-07-05T02:35:37.135+0000] {dag.py:3954} INFO - Setting next_dagrun for example_bash_operator to 2024-07-04 00:00:00+00:00, run_after=2024-07-05 00:00:00+00:00
[2024-07-05T02:35:37.141+0000] {processor.py:183} INFO - Processing /home/airflow/.local/lib/python3.12/site-packages/airflow/example_dags/example_bash_operator.py took 0.096 seconds
[2024-07-05T03:38:53.564+0000] {processor.py:161} INFO - Started process (PID=7084) to work on /home/airflow/.local/lib/python3.12/site-packages/airflow/example_dags/example_bash_operator.py
[2024-07-05T03:38:53.564+0000] {processor.py:830} INFO - Processing file /home/airflow/.local/lib/python3.12/site-packages/airflow/example_dags/example_bash_operator.py for tasks to queue
[2024-07-05T03:38:53.565+0000] {logging_mixin.py:188} INFO - [2024-07-05T03:38:53.565+0000] {dagbag.py:545} INFO - Filling up the DagBag from /home/airflow/.local/lib/python3.12/site-packages/airflow/example_dags/example_bash_operator.py
[2024-07-05T03:38:53.569+0000] {processor.py:840} INFO - DAG(s) 'example_bash_operator' retrieved from /home/airflow/.local/lib/python3.12/site-packages/airflow/example_dags/example_bash_operator.py
[2024-07-05T03:38:53.579+0000] {logging_mixin.py:188} INFO - [2024-07-05T03:38:53.579+0000] {dag.py:3096} INFO - Sync 1 DAGs
[2024-07-05T03:38:53.587+0000] {logging_mixin.py:188} INFO - [2024-07-05T03:38:53.587+0000] {dag.py:3954} INFO - Setting next_dagrun for example_bash_operator to 2024-07-04 00:00:00+00:00, run_after=2024-07-05 00:00:00+00:00
[2024-07-05T03:38:53.596+0000] {processor.py:183} INFO - Processing /home/airflow/.local/lib/python3.12/site-packages/airflow/example_dags/example_bash_operator.py took 0.035 seconds
[2024-07-05T04:05:59.375+0000] {processor.py:161} INFO - Started process (PID=7142) to work on /home/airflow/.local/lib/python3.12/site-packages/airflow/example_dags/example_bash_operator.py
[2024-07-05T04:05:59.376+0000] {processor.py:830} INFO - Processing file /home/airflow/.local/lib/python3.12/site-packages/airflow/example_dags/example_bash_operator.py for tasks to queue
[2024-07-05T04:05:59.376+0000] {logging_mixin.py:188} INFO - [2024-07-05T04:05:59.376+0000] {dagbag.py:545} INFO - Filling up the DagBag from /home/airflow/.local/lib/python3.12/site-packages/airflow/example_dags/example_bash_operator.py
[2024-07-05T04:05:59.381+0000] {processor.py:840} INFO - DAG(s) 'example_bash_operator' retrieved from /home/airflow/.local/lib/python3.12/site-packages/airflow/example_dags/example_bash_operator.py
[2024-07-05T04:05:59.392+0000] {logging_mixin.py:188} INFO - [2024-07-05T04:05:59.392+0000] {dag.py:3096} INFO - Sync 1 DAGs
[2024-07-05T04:05:59.400+0000] {logging_mixin.py:188} INFO - [2024-07-05T04:05:59.399+0000] {dag.py:3954} INFO - Setting next_dagrun for example_bash_operator to 2024-07-04 00:00:00+00:00, run_after=2024-07-05 00:00:00+00:00
[2024-07-05T04:05:59.406+0000] {processor.py:183} INFO - Processing /home/airflow/.local/lib/python3.12/site-packages/airflow/example_dags/example_bash_operator.py took 0.033 seconds
[2024-07-05T05:07:04.545+0000] {processor.py:161} INFO - Started process (PID=7200) to work on /home/airflow/.local/lib/python3.12/site-packages/airflow/example_dags/example_bash_operator.py
[2024-07-05T05:07:04.546+0000] {processor.py:830} INFO - Processing file /home/airflow/.local/lib/python3.12/site-packages/airflow/example_dags/example_bash_operator.py for tasks to queue
[2024-07-05T05:07:04.546+0000] {logging_mixin.py:188} INFO - [2024-07-05T05:07:04.546+0000] {dagbag.py:545} INFO - Filling up the DagBag from /home/airflow/.local/lib/python3.12/site-packages/airflow/example_dags/example_bash_operator.py
[2024-07-05T05:07:04.551+0000] {processor.py:840} INFO - DAG(s) 'example_bash_operator' retrieved from /home/airflow/.local/lib/python3.12/site-packages/airflow/example_dags/example_bash_operator.py
[2024-07-05T05:07:04.560+0000] {logging_mixin.py:188} INFO - [2024-07-05T05:07:04.560+0000] {dag.py:3096} INFO - Sync 1 DAGs
[2024-07-05T05:07:04.569+0000] {logging_mixin.py:188} INFO - [2024-07-05T05:07:04.569+0000] {dag.py:3954} INFO - Setting next_dagrun for example_bash_operator to 2024-07-04 00:00:00+00:00, run_after=2024-07-05 00:00:00+00:00
[2024-07-05T05:07:04.576+0000] {processor.py:183} INFO - Processing /home/airflow/.local/lib/python3.12/site-packages/airflow/example_dags/example_bash_operator.py took 0.033 seconds
[2024-07-05T06:07:57.102+0000] {processor.py:161} INFO - Started process (PID=7258) to work on /home/airflow/.local/lib/python3.12/site-packages/airflow/example_dags/example_bash_operator.py
[2024-07-05T06:07:57.103+0000] {processor.py:830} INFO - Processing file /home/airflow/.local/lib/python3.12/site-packages/airflow/example_dags/example_bash_operator.py for tasks to queue
[2024-07-05T06:07:57.104+0000] {logging_mixin.py:188} INFO - [2024-07-05T06:07:57.103+0000] {dagbag.py:545} INFO - Filling up the DagBag from /home/airflow/.local/lib/python3.12/site-packages/airflow/example_dags/example_bash_operator.py
[2024-07-05T06:07:57.108+0000] {processor.py:840} INFO - DAG(s) 'example_bash_operator' retrieved from /home/airflow/.local/lib/python3.12/site-packages/airflow/example_dags/example_bash_operator.py
[2024-07-05T06:07:57.118+0000] {logging_mixin.py:188} INFO - [2024-07-05T06:07:57.118+0000] {dag.py:3096} INFO - Sync 1 DAGs
[2024-07-05T06:07:57.127+0000] {logging_mixin.py:188} INFO - [2024-07-05T06:07:57.126+0000] {dag.py:3954} INFO - Setting next_dagrun for example_bash_operator to 2024-07-04 00:00:00+00:00, run_after=2024-07-05 00:00:00+00:00
[2024-07-05T06:07:57.133+0000] {processor.py:183} INFO - Processing /home/airflow/.local/lib/python3.12/site-packages/airflow/example_dags/example_bash_operator.py took 0.033 seconds
[2024-07-05T07:08:55.899+0000] {processor.py:161} INFO - Started process (PID=7310) to work on /home/airflow/.local/lib/python3.12/site-packages/airflow/example_dags/example_bash_operator.py
[2024-07-05T07:08:55.900+0000] {processor.py:830} INFO - Processing file /home/airflow/.local/lib/python3.12/site-packages/airflow/example_dags/example_bash_operator.py for tasks to queue
[2024-07-05T07:08:55.901+0000] {logging_mixin.py:188} INFO - [2024-07-05T07:08:55.901+0000] {dagbag.py:545} INFO - Filling up the DagBag from /home/airflow/.local/lib/python3.12/site-packages/airflow/example_dags/example_bash_operator.py
[2024-07-05T07:08:55.906+0000] {processor.py:840} INFO - DAG(s) 'example_bash_operator' retrieved from /home/airflow/.local/lib/python3.12/site-packages/airflow/example_dags/example_bash_operator.py
[2024-07-05T07:08:55.917+0000] {logging_mixin.py:188} INFO - [2024-07-05T07:08:55.917+0000] {dag.py:3096} INFO - Sync 1 DAGs
[2024-07-05T07:08:55.925+0000] {logging_mixin.py:188} INFO - [2024-07-05T07:08:55.925+0000] {dag.py:3954} INFO - Setting next_dagrun for example_bash_operator to 2024-07-04 00:00:00+00:00, run_after=2024-07-05 00:00:00+00:00
[2024-07-05T07:08:55.933+0000] {processor.py:183} INFO - Processing /home/airflow/.local/lib/python3.12/site-packages/airflow/example_dags/example_bash_operator.py took 0.036 seconds
[2024-07-05T08:09:52.987+0000] {processor.py:161} INFO - Started process (PID=7374) to work on /home/airflow/.local/lib/python3.12/site-packages/airflow/example_dags/example_bash_operator.py
[2024-07-05T08:09:52.988+0000] {processor.py:830} INFO - Processing file /home/airflow/.local/lib/python3.12/site-packages/airflow/example_dags/example_bash_operator.py for tasks to queue
[2024-07-05T08:09:52.988+0000] {logging_mixin.py:188} INFO - [2024-07-05T08:09:52.988+0000] {dagbag.py:545} INFO - Filling up the DagBag from /home/airflow/.local/lib/python3.12/site-packages/airflow/example_dags/example_bash_operator.py
[2024-07-05T08:09:52.993+0000] {processor.py:840} INFO - DAG(s) 'example_bash_operator' retrieved from /home/airflow/.local/lib/python3.12/site-packages/airflow/example_dags/example_bash_operator.py
[2024-07-05T08:09:53.002+0000] {logging_mixin.py:188} INFO - [2024-07-05T08:09:53.002+0000] {dag.py:3096} INFO - Sync 1 DAGs
[2024-07-05T08:09:53.009+0000] {logging_mixin.py:188} INFO - [2024-07-05T08:09:53.009+0000] {dag.py:3954} INFO - Setting next_dagrun for example_bash_operator to 2024-07-04 00:00:00+00:00, run_after=2024-07-05 00:00:00+00:00
[2024-07-05T08:09:53.015+0000] {processor.py:183} INFO - Processing /home/airflow/.local/lib/python3.12/site-packages/airflow/example_dags/example_bash_operator.py took 0.030 seconds
[2024-07-05T08:32:40.373+0000] {processor.py:161} INFO - Started process (PID=7426) to work on /home/airflow/.local/lib/python3.12/site-packages/airflow/example_dags/example_bash_operator.py
[2024-07-05T08:32:40.373+0000] {processor.py:830} INFO - Processing file /home/airflow/.local/lib/python3.12/site-packages/airflow/example_dags/example_bash_operator.py for tasks to queue
[2024-07-05T08:32:40.374+0000] {logging_mixin.py:188} INFO - [2024-07-05T08:32:40.374+0000] {dagbag.py:545} INFO - Filling up the DagBag from /home/airflow/.local/lib/python3.12/site-packages/airflow/example_dags/example_bash_operator.py
[2024-07-05T08:32:40.379+0000] {processor.py:840} INFO - DAG(s) 'example_bash_operator' retrieved from /home/airflow/.local/lib/python3.12/site-packages/airflow/example_dags/example_bash_operator.py
[2024-07-05T08:32:40.389+0000] {logging_mixin.py:188} INFO - [2024-07-05T08:32:40.389+0000] {dag.py:3096} INFO - Sync 1 DAGs
[2024-07-05T08:32:40.398+0000] {logging_mixin.py:188} INFO - [2024-07-05T08:32:40.398+0000] {dag.py:3954} INFO - Setting next_dagrun for example_bash_operator to 2024-07-04 00:00:00+00:00, run_after=2024-07-05 00:00:00+00:00
[2024-07-05T08:32:40.404+0000] {processor.py:183} INFO - Processing /home/airflow/.local/lib/python3.12/site-packages/airflow/example_dags/example_bash_operator.py took 0.034 seconds
[2024-07-05T09:12:27.270+0000] {processor.py:161} INFO - Started process (PID=7490) to work on /home/airflow/.local/lib/python3.12/site-packages/airflow/example_dags/example_bash_operator.py
[2024-07-05T09:12:27.271+0000] {processor.py:830} INFO - Processing file /home/airflow/.local/lib/python3.12/site-packages/airflow/example_dags/example_bash_operator.py for tasks to queue
[2024-07-05T09:12:27.271+0000] {logging_mixin.py:188} INFO - [2024-07-05T09:12:27.271+0000] {dagbag.py:545} INFO - Filling up the DagBag from /home/airflow/.local/lib/python3.12/site-packages/airflow/example_dags/example_bash_operator.py
[2024-07-05T09:12:27.276+0000] {processor.py:840} INFO - DAG(s) 'example_bash_operator' retrieved from /home/airflow/.local/lib/python3.12/site-packages/airflow/example_dags/example_bash_operator.py
[2024-07-05T09:12:27.286+0000] {logging_mixin.py:188} INFO - [2024-07-05T09:12:27.286+0000] {dag.py:3096} INFO - Sync 1 DAGs
[2024-07-05T09:12:27.294+0000] {logging_mixin.py:188} INFO - [2024-07-05T09:12:27.294+0000] {dag.py:3954} INFO - Setting next_dagrun for example_bash_operator to 2024-07-04 00:00:00+00:00, run_after=2024-07-05 00:00:00+00:00
[2024-07-05T09:12:27.300+0000] {processor.py:183} INFO - Processing /home/airflow/.local/lib/python3.12/site-packages/airflow/example_dags/example_bash_operator.py took 0.032 seconds
[2024-07-05T10:11:58.116+0000] {processor.py:161} INFO - Started process (PID=7548) to work on /home/airflow/.local/lib/python3.12/site-packages/airflow/example_dags/example_bash_operator.py
[2024-07-05T10:11:58.116+0000] {processor.py:830} INFO - Processing file /home/airflow/.local/lib/python3.12/site-packages/airflow/example_dags/example_bash_operator.py for tasks to queue
[2024-07-05T10:11:58.117+0000] {logging_mixin.py:188} INFO - [2024-07-05T10:11:58.117+0000] {dagbag.py:545} INFO - Filling up the DagBag from /home/airflow/.local/lib/python3.12/site-packages/airflow/example_dags/example_bash_operator.py
[2024-07-05T10:11:58.122+0000] {processor.py:840} INFO - DAG(s) 'example_bash_operator' retrieved from /home/airflow/.local/lib/python3.12/site-packages/airflow/example_dags/example_bash_operator.py
[2024-07-05T10:11:58.132+0000] {logging_mixin.py:188} INFO - [2024-07-05T10:11:58.131+0000] {dag.py:3096} INFO - Sync 1 DAGs
[2024-07-05T10:11:58.139+0000] {logging_mixin.py:188} INFO - [2024-07-05T10:11:58.139+0000] {dag.py:3954} INFO - Setting next_dagrun for example_bash_operator to 2024-07-04 00:00:00+00:00, run_after=2024-07-05 00:00:00+00:00
[2024-07-05T10:11:58.146+0000] {processor.py:183} INFO - Processing /home/airflow/.local/lib/python3.12/site-packages/airflow/example_dags/example_bash_operator.py took 0.032 seconds
[2024-07-05T11:00:36.985+0000] {processor.py:161} INFO - Started process (PID=7600) to work on /home/airflow/.local/lib/python3.12/site-packages/airflow/example_dags/example_bash_operator.py
[2024-07-05T11:00:36.985+0000] {processor.py:830} INFO - Processing file /home/airflow/.local/lib/python3.12/site-packages/airflow/example_dags/example_bash_operator.py for tasks to queue
[2024-07-05T11:00:36.986+0000] {logging_mixin.py:188} INFO - [2024-07-05T11:00:36.986+0000] {dagbag.py:545} INFO - Filling up the DagBag from /home/airflow/.local/lib/python3.12/site-packages/airflow/example_dags/example_bash_operator.py
[2024-07-05T11:00:36.991+0000] {processor.py:840} INFO - DAG(s) 'example_bash_operator' retrieved from /home/airflow/.local/lib/python3.12/site-packages/airflow/example_dags/example_bash_operator.py
[2024-07-05T11:00:37.001+0000] {logging_mixin.py:188} INFO - [2024-07-05T11:00:37.001+0000] {dag.py:3096} INFO - Sync 1 DAGs
[2024-07-05T11:00:37.009+0000] {logging_mixin.py:188} INFO - [2024-07-05T11:00:37.009+0000] {dag.py:3954} INFO - Setting next_dagrun for example_bash_operator to 2024-07-04 00:00:00+00:00, run_after=2024-07-05 00:00:00+00:00
[2024-07-05T11:00:37.016+0000] {processor.py:183} INFO - Processing /home/airflow/.local/lib/python3.12/site-packages/airflow/example_dags/example_bash_operator.py took 0.033 seconds
[2024-07-05T12:13:57.569+0000] {processor.py:161} INFO - Started process (PID=7664) to work on /home/airflow/.local/lib/python3.12/site-packages/airflow/example_dags/example_bash_operator.py
[2024-07-05T12:13:57.570+0000] {processor.py:830} INFO - Processing file /home/airflow/.local/lib/python3.12/site-packages/airflow/example_dags/example_bash_operator.py for tasks to queue
[2024-07-05T12:13:57.570+0000] {logging_mixin.py:188} INFO - [2024-07-05T12:13:57.570+0000] {dagbag.py:545} INFO - Filling up the DagBag from /home/airflow/.local/lib/python3.12/site-packages/airflow/example_dags/example_bash_operator.py
[2024-07-05T12:13:57.575+0000] {processor.py:840} INFO - DAG(s) 'example_bash_operator' retrieved from /home/airflow/.local/lib/python3.12/site-packages/airflow/example_dags/example_bash_operator.py
[2024-07-05T12:13:57.585+0000] {logging_mixin.py:188} INFO - [2024-07-05T12:13:57.585+0000] {dag.py:3096} INFO - Sync 1 DAGs
[2024-07-05T12:13:57.593+0000] {logging_mixin.py:188} INFO - [2024-07-05T12:13:57.593+0000] {dag.py:3954} INFO - Setting next_dagrun for example_bash_operator to 2024-07-04 00:00:00+00:00, run_after=2024-07-05 00:00:00+00:00
[2024-07-05T12:13:57.599+0000] {processor.py:183} INFO - Processing /home/airflow/.local/lib/python3.12/site-packages/airflow/example_dags/example_bash_operator.py took 0.032 seconds
[2024-07-05T13:15:01.592+0000] {processor.py:161} INFO - Started process (PID=7716) to work on /home/airflow/.local/lib/python3.12/site-packages/airflow/example_dags/example_bash_operator.py
[2024-07-05T13:15:01.592+0000] {processor.py:830} INFO - Processing file /home/airflow/.local/lib/python3.12/site-packages/airflow/example_dags/example_bash_operator.py for tasks to queue
[2024-07-05T13:15:01.593+0000] {logging_mixin.py:188} INFO - [2024-07-05T13:15:01.593+0000] {dagbag.py:545} INFO - Filling up the DagBag from /home/airflow/.local/lib/python3.12/site-packages/airflow/example_dags/example_bash_operator.py
[2024-07-05T13:15:01.598+0000] {processor.py:840} INFO - DAG(s) 'example_bash_operator' retrieved from /home/airflow/.local/lib/python3.12/site-packages/airflow/example_dags/example_bash_operator.py
[2024-07-05T13:15:01.608+0000] {logging_mixin.py:188} INFO - [2024-07-05T13:15:01.607+0000] {dag.py:3096} INFO - Sync 1 DAGs
[2024-07-05T13:15:01.615+0000] {logging_mixin.py:188} INFO - [2024-07-05T13:15:01.615+0000] {dag.py:3954} INFO - Setting next_dagrun for example_bash_operator to 2024-07-04 00:00:00+00:00, run_after=2024-07-05 00:00:00+00:00
[2024-07-05T13:15:01.625+0000] {processor.py:183} INFO - Processing /home/airflow/.local/lib/python3.12/site-packages/airflow/example_dags/example_bash_operator.py took 0.035 seconds
[2024-07-05T14:01:34.878+0000] {processor.py:161} INFO - Started process (PID=7780) to work on /home/airflow/.local/lib/python3.12/site-packages/airflow/example_dags/example_bash_operator.py
[2024-07-05T14:01:34.879+0000] {processor.py:830} INFO - Processing file /home/airflow/.local/lib/python3.12/site-packages/airflow/example_dags/example_bash_operator.py for tasks to queue
[2024-07-05T14:01:34.879+0000] {logging_mixin.py:188} INFO - [2024-07-05T14:01:34.879+0000] {dagbag.py:545} INFO - Filling up the DagBag from /home/airflow/.local/lib/python3.12/site-packages/airflow/example_dags/example_bash_operator.py
[2024-07-05T14:01:34.884+0000] {processor.py:840} INFO - DAG(s) 'example_bash_operator' retrieved from /home/airflow/.local/lib/python3.12/site-packages/airflow/example_dags/example_bash_operator.py
[2024-07-05T14:01:34.894+0000] {logging_mixin.py:188} INFO - [2024-07-05T14:01:34.894+0000] {dag.py:3096} INFO - Sync 1 DAGs
[2024-07-05T14:01:34.903+0000] {logging_mixin.py:188} INFO - [2024-07-05T14:01:34.903+0000] {dag.py:3954} INFO - Setting next_dagrun for example_bash_operator to 2024-07-04 00:00:00+00:00, run_after=2024-07-05 00:00:00+00:00
[2024-07-05T14:01:34.910+0000] {processor.py:183} INFO - Processing /home/airflow/.local/lib/python3.12/site-packages/airflow/example_dags/example_bash_operator.py took 0.034 seconds
[2024-07-05T14:47:34.904+0000] {processor.py:161} INFO - Started process (PID=7838) to work on /home/airflow/.local/lib/python3.12/site-packages/airflow/example_dags/example_bash_operator.py
[2024-07-05T14:47:34.904+0000] {processor.py:830} INFO - Processing file /home/airflow/.local/lib/python3.12/site-packages/airflow/example_dags/example_bash_operator.py for tasks to queue
[2024-07-05T14:47:34.905+0000] {logging_mixin.py:188} INFO - [2024-07-05T14:47:34.905+0000] {dagbag.py:545} INFO - Filling up the DagBag from /home/airflow/.local/lib/python3.12/site-packages/airflow/example_dags/example_bash_operator.py
[2024-07-05T14:47:34.909+0000] {processor.py:840} INFO - DAG(s) 'example_bash_operator' retrieved from /home/airflow/.local/lib/python3.12/site-packages/airflow/example_dags/example_bash_operator.py
[2024-07-05T14:47:34.920+0000] {logging_mixin.py:188} INFO - [2024-07-05T14:47:34.919+0000] {dag.py:3096} INFO - Sync 1 DAGs
[2024-07-05T14:47:34.928+0000] {logging_mixin.py:188} INFO - [2024-07-05T14:47:34.928+0000] {dag.py:3954} INFO - Setting next_dagrun for example_bash_operator to 2024-07-04 00:00:00+00:00, run_after=2024-07-05 00:00:00+00:00
[2024-07-05T14:47:34.934+0000] {processor.py:183} INFO - Processing /home/airflow/.local/lib/python3.12/site-packages/airflow/example_dags/example_bash_operator.py took 0.032 seconds
[2024-07-05T15:49:33.637+0000] {processor.py:161} INFO - Started process (PID=7890) to work on /home/airflow/.local/lib/python3.12/site-packages/airflow/example_dags/example_bash_operator.py
[2024-07-05T15:49:33.638+0000] {processor.py:830} INFO - Processing file /home/airflow/.local/lib/python3.12/site-packages/airflow/example_dags/example_bash_operator.py for tasks to queue
[2024-07-05T15:49:33.638+0000] {logging_mixin.py:188} INFO - [2024-07-05T15:49:33.638+0000] {dagbag.py:545} INFO - Filling up the DagBag from /home/airflow/.local/lib/python3.12/site-packages/airflow/example_dags/example_bash_operator.py
[2024-07-05T15:49:33.643+0000] {processor.py:840} INFO - DAG(s) 'example_bash_operator' retrieved from /home/airflow/.local/lib/python3.12/site-packages/airflow/example_dags/example_bash_operator.py
[2024-07-05T15:49:33.653+0000] {logging_mixin.py:188} INFO - [2024-07-05T15:49:33.653+0000] {dag.py:3096} INFO - Sync 1 DAGs
[2024-07-05T15:49:33.661+0000] {logging_mixin.py:188} INFO - [2024-07-05T15:49:33.661+0000] {dag.py:3954} INFO - Setting next_dagrun for example_bash_operator to 2024-07-04 00:00:00+00:00, run_after=2024-07-05 00:00:00+00:00
[2024-07-05T15:49:33.667+0000] {processor.py:183} INFO - Processing /home/airflow/.local/lib/python3.12/site-packages/airflow/example_dags/example_bash_operator.py took 0.033 seconds
[2024-07-05T17:06:00.925+0000] {processor.py:161} INFO - Started process (PID=7954) to work on /home/airflow/.local/lib/python3.12/site-packages/airflow/example_dags/example_bash_operator.py
[2024-07-05T17:06:00.925+0000] {processor.py:830} INFO - Processing file /home/airflow/.local/lib/python3.12/site-packages/airflow/example_dags/example_bash_operator.py for tasks to queue
[2024-07-05T17:06:00.926+0000] {logging_mixin.py:188} INFO - [2024-07-05T17:06:00.926+0000] {dagbag.py:545} INFO - Filling up the DagBag from /home/airflow/.local/lib/python3.12/site-packages/airflow/example_dags/example_bash_operator.py
[2024-07-05T17:06:00.930+0000] {processor.py:840} INFO - DAG(s) 'example_bash_operator' retrieved from /home/airflow/.local/lib/python3.12/site-packages/airflow/example_dags/example_bash_operator.py
[2024-07-05T17:06:00.940+0000] {logging_mixin.py:188} INFO - [2024-07-05T17:06:00.940+0000] {dag.py:3096} INFO - Sync 1 DAGs
[2024-07-05T17:06:00.948+0000] {logging_mixin.py:188} INFO - [2024-07-05T17:06:00.948+0000] {dag.py:3954} INFO - Setting next_dagrun for example_bash_operator to 2024-07-04 00:00:00+00:00, run_after=2024-07-05 00:00:00+00:00
[2024-07-05T17:06:00.954+0000] {processor.py:183} INFO - Processing /home/airflow/.local/lib/python3.12/site-packages/airflow/example_dags/example_bash_operator.py took 0.032 seconds
[2024-07-05T18:15:52.431+0000] {processor.py:161} INFO - Started process (PID=8012) to work on /home/airflow/.local/lib/python3.12/site-packages/airflow/example_dags/example_bash_operator.py
[2024-07-05T18:15:52.431+0000] {processor.py:830} INFO - Processing file /home/airflow/.local/lib/python3.12/site-packages/airflow/example_dags/example_bash_operator.py for tasks to queue
[2024-07-05T18:15:52.432+0000] {logging_mixin.py:188} INFO - [2024-07-05T18:15:52.432+0000] {dagbag.py:545} INFO - Filling up the DagBag from /home/airflow/.local/lib/python3.12/site-packages/airflow/example_dags/example_bash_operator.py
[2024-07-05T18:15:52.436+0000] {processor.py:840} INFO - DAG(s) 'example_bash_operator' retrieved from /home/airflow/.local/lib/python3.12/site-packages/airflow/example_dags/example_bash_operator.py
[2024-07-05T18:15:52.446+0000] {logging_mixin.py:188} INFO - [2024-07-05T18:15:52.445+0000] {dag.py:3096} INFO - Sync 1 DAGs
[2024-07-05T18:15:52.453+0000] {logging_mixin.py:188} INFO - [2024-07-05T18:15:52.453+0000] {dag.py:3954} INFO - Setting next_dagrun for example_bash_operator to 2024-07-04 00:00:00+00:00, run_after=2024-07-05 00:00:00+00:00
[2024-07-05T18:15:52.460+0000] {processor.py:183} INFO - Processing /home/airflow/.local/lib/python3.12/site-packages/airflow/example_dags/example_bash_operator.py took 0.032 seconds
[2024-07-05T19:56:48.925+0000] {processor.py:161} INFO - Started process (PID=8069) to work on /home/airflow/.local/lib/python3.12/site-packages/airflow/example_dags/example_bash_operator.py
[2024-07-05T19:56:48.926+0000] {processor.py:830} INFO - Processing file /home/airflow/.local/lib/python3.12/site-packages/airflow/example_dags/example_bash_operator.py for tasks to queue
[2024-07-05T19:56:48.926+0000] {logging_mixin.py:188} INFO - [2024-07-05T19:56:48.926+0000] {dagbag.py:545} INFO - Filling up the DagBag from /home/airflow/.local/lib/python3.12/site-packages/airflow/example_dags/example_bash_operator.py
[2024-07-05T19:56:48.931+0000] {processor.py:840} INFO - DAG(s) 'example_bash_operator' retrieved from /home/airflow/.local/lib/python3.12/site-packages/airflow/example_dags/example_bash_operator.py
[2024-07-05T19:56:48.940+0000] {logging_mixin.py:188} INFO - [2024-07-05T19:56:48.940+0000] {dag.py:3096} INFO - Sync 1 DAGs
[2024-07-05T19:56:48.948+0000] {logging_mixin.py:188} INFO - [2024-07-05T19:56:48.948+0000] {dag.py:3954} INFO - Setting next_dagrun for example_bash_operator to 2024-07-04 00:00:00+00:00, run_after=2024-07-05 00:00:00+00:00
[2024-07-05T19:56:48.955+0000] {processor.py:183} INFO - Processing /home/airflow/.local/lib/python3.12/site-packages/airflow/example_dags/example_bash_operator.py took 0.031 seconds
[2024-07-05T21:19:03.802+0000] {processor.py:161} INFO - Started process (PID=8121) to work on /home/airflow/.local/lib/python3.12/site-packages/airflow/example_dags/example_bash_operator.py
[2024-07-05T21:19:03.803+0000] {processor.py:830} INFO - Processing file /home/airflow/.local/lib/python3.12/site-packages/airflow/example_dags/example_bash_operator.py for tasks to queue
[2024-07-05T21:19:03.803+0000] {logging_mixin.py:188} INFO - [2024-07-05T21:19:03.803+0000] {dagbag.py:545} INFO - Filling up the DagBag from /home/airflow/.local/lib/python3.12/site-packages/airflow/example_dags/example_bash_operator.py
[2024-07-05T21:19:03.808+0000] {processor.py:840} INFO - DAG(s) 'example_bash_operator' retrieved from /home/airflow/.local/lib/python3.12/site-packages/airflow/example_dags/example_bash_operator.py
[2024-07-05T21:19:03.819+0000] {logging_mixin.py:188} INFO - [2024-07-05T21:19:03.818+0000] {dag.py:3096} INFO - Sync 1 DAGs
[2024-07-05T21:19:03.827+0000] {logging_mixin.py:188} INFO - [2024-07-05T21:19:03.827+0000] {dag.py:3954} INFO - Setting next_dagrun for example_bash_operator to 2024-07-04 00:00:00+00:00, run_after=2024-07-05 00:00:00+00:00
[2024-07-05T21:19:03.833+0000] {processor.py:183} INFO - Processing /home/airflow/.local/lib/python3.12/site-packages/airflow/example_dags/example_bash_operator.py took 0.033 seconds
[2024-07-05T22:43:31.709+0000] {processor.py:161} INFO - Started process (PID=8185) to work on /home/airflow/.local/lib/python3.12/site-packages/airflow/example_dags/example_bash_operator.py
[2024-07-05T22:43:31.710+0000] {processor.py:830} INFO - Processing file /home/airflow/.local/lib/python3.12/site-packages/airflow/example_dags/example_bash_operator.py for tasks to queue
[2024-07-05T22:43:31.711+0000] {logging_mixin.py:188} INFO - [2024-07-05T22:43:31.711+0000] {dagbag.py:545} INFO - Filling up the DagBag from /home/airflow/.local/lib/python3.12/site-packages/airflow/example_dags/example_bash_operator.py
[2024-07-05T22:43:31.715+0000] {processor.py:840} INFO - DAG(s) 'example_bash_operator' retrieved from /home/airflow/.local/lib/python3.12/site-packages/airflow/example_dags/example_bash_operator.py
[2024-07-05T22:43:31.725+0000] {logging_mixin.py:188} INFO - [2024-07-05T22:43:31.725+0000] {dag.py:3096} INFO - Sync 1 DAGs
[2024-07-05T22:43:31.732+0000] {logging_mixin.py:188} INFO - [2024-07-05T22:43:31.732+0000] {dag.py:3954} INFO - Setting next_dagrun for example_bash_operator to 2024-07-04 00:00:00+00:00, run_after=2024-07-05 00:00:00+00:00
[2024-07-05T22:43:31.738+0000] {processor.py:183} INFO - Processing /home/airflow/.local/lib/python3.12/site-packages/airflow/example_dags/example_bash_operator.py took 0.031 seconds
