[2024-07-05T00:02:34.555+0000] {processor.py:161} INFO - Started process (PID=6704) to work on /home/airflow/.local/lib/python3.12/site-packages/airflow/example_dags/example_datasets.py
[2024-07-05T00:02:34.556+0000] {processor.py:830} INFO - Processing file /home/airflow/.local/lib/python3.12/site-packages/airflow/example_dags/example_datasets.py for tasks to queue
[2024-07-05T00:02:34.557+0000] {logging_mixin.py:188} INFO - [2024-07-05T00:02:34.557+0000] {dagbag.py:545} INFO - Filling up the DagBag from /home/airflow/.local/lib/python3.12/site-packages/airflow/example_dags/example_datasets.py
[2024-07-05T00:02:34.563+0000] {processor.py:840} INFO - DAG(s) 'dataset_produces_2', 'dataset_consumes_1_and_2', 'consume_1_and_2_with_dataset_expressions', 'dataset_consumes_1', 'dataset_produces_1', 'dataset_consumes_1_never_scheduled', 'dataset_consumes_unknown_never_scheduled', 'conditional_dataset_and_time_based_timetable', 'consume_1_or_both_2_and_3_with_dataset_expressions', 'consume_1_or_2_with_dataset_expressions' retrieved from /home/airflow/.local/lib/python3.12/site-packages/airflow/example_dags/example_datasets.py
[2024-07-05T00:02:34.581+0000] {logging_mixin.py:188} INFO - [2024-07-05T00:02:34.581+0000] {dag.py:3096} INFO - Sync 10 DAGs
[2024-07-05T00:02:34.591+0000] {logging_mixin.py:188} INFO - [2024-07-05T00:02:34.591+0000] {dag.py:3954} INFO - Setting next_dagrun for conditional_dataset_and_time_based_timetable to 2024-07-10 01:00:00+00:00, run_after=2024-07-10 01:00:00+00:00
[2024-07-05T00:02:34.593+0000] {logging_mixin.py:188} INFO - [2024-07-05T00:02:34.593+0000] {dag.py:3954} INFO - Setting next_dagrun for consume_1_and_2_with_dataset_expressions to None, run_after=None
[2024-07-05T00:02:34.593+0000] {logging_mixin.py:188} INFO - [2024-07-05T00:02:34.593+0000] {dag.py:3954} INFO - Setting next_dagrun for consume_1_or_2_with_dataset_expressions to None, run_after=None
[2024-07-05T00:02:34.594+0000] {logging_mixin.py:188} INFO - [2024-07-05T00:02:34.593+0000] {dag.py:3954} INFO - Setting next_dagrun for consume_1_or_both_2_and_3_with_dataset_expressions to None, run_after=None
[2024-07-05T00:02:34.594+0000] {logging_mixin.py:188} INFO - [2024-07-05T00:02:34.594+0000] {dag.py:3954} INFO - Setting next_dagrun for dataset_consumes_1 to None, run_after=None
[2024-07-05T00:02:34.594+0000] {logging_mixin.py:188} INFO - [2024-07-05T00:02:34.594+0000] {dag.py:3954} INFO - Setting next_dagrun for dataset_consumes_1_and_2 to None, run_after=None
[2024-07-05T00:02:34.595+0000] {logging_mixin.py:188} INFO - [2024-07-05T00:02:34.595+0000] {dag.py:3954} INFO - Setting next_dagrun for dataset_consumes_1_never_scheduled to None, run_after=None
[2024-07-05T00:02:34.596+0000] {logging_mixin.py:188} INFO - [2024-07-05T00:02:34.596+0000] {dag.py:3954} INFO - Setting next_dagrun for dataset_consumes_unknown_never_scheduled to None, run_after=None
[2024-07-05T00:02:34.597+0000] {logging_mixin.py:188} INFO - [2024-07-05T00:02:34.597+0000] {dag.py:3954} INFO - Setting next_dagrun for dataset_produces_1 to 2024-07-04 00:00:00+00:00, run_after=2024-07-05 00:00:00+00:00
[2024-07-05T00:02:34.597+0000] {logging_mixin.py:188} INFO - [2024-07-05T00:02:34.597+0000] {dag.py:3954} INFO - Setting next_dagrun for dataset_produces_2 to None, run_after=None
[2024-07-05T00:02:34.609+0000] {processor.py:183} INFO - Processing /home/airflow/.local/lib/python3.12/site-packages/airflow/example_dags/example_datasets.py took 0.057 seconds
[2024-07-05T01:02:57.764+0000] {processor.py:161} INFO - Started process (PID=6756) to work on /home/airflow/.local/lib/python3.12/site-packages/airflow/example_dags/example_datasets.py
[2024-07-05T01:02:57.764+0000] {processor.py:830} INFO - Processing file /home/airflow/.local/lib/python3.12/site-packages/airflow/example_dags/example_datasets.py for tasks to queue
[2024-07-05T01:02:57.765+0000] {logging_mixin.py:188} INFO - [2024-07-05T01:02:57.765+0000] {dagbag.py:545} INFO - Filling up the DagBag from /home/airflow/.local/lib/python3.12/site-packages/airflow/example_dags/example_datasets.py
[2024-07-05T01:02:57.771+0000] {processor.py:840} INFO - DAG(s) 'dataset_consumes_1_and_2', 'conditional_dataset_and_time_based_timetable', 'dataset_consumes_1_never_scheduled', 'dataset_consumes_unknown_never_scheduled', 'dataset_produces_1', 'consume_1_or_both_2_and_3_with_dataset_expressions', 'consume_1_or_2_with_dataset_expressions', 'consume_1_and_2_with_dataset_expressions', 'dataset_produces_2', 'dataset_consumes_1' retrieved from /home/airflow/.local/lib/python3.12/site-packages/airflow/example_dags/example_datasets.py
[2024-07-05T01:02:57.787+0000] {logging_mixin.py:188} INFO - [2024-07-05T01:02:57.787+0000] {dag.py:3096} INFO - Sync 10 DAGs
[2024-07-05T01:02:57.797+0000] {logging_mixin.py:188} INFO - [2024-07-05T01:02:57.797+0000] {dag.py:3954} INFO - Setting next_dagrun for conditional_dataset_and_time_based_timetable to 2024-07-10 01:00:00+00:00, run_after=2024-07-10 01:00:00+00:00
[2024-07-05T01:02:57.798+0000] {logging_mixin.py:188} INFO - [2024-07-05T01:02:57.798+0000] {dag.py:3954} INFO - Setting next_dagrun for consume_1_and_2_with_dataset_expressions to None, run_after=None
[2024-07-05T01:02:57.799+0000] {logging_mixin.py:188} INFO - [2024-07-05T01:02:57.799+0000] {dag.py:3954} INFO - Setting next_dagrun for consume_1_or_2_with_dataset_expressions to None, run_after=None
[2024-07-05T01:02:57.799+0000] {logging_mixin.py:188} INFO - [2024-07-05T01:02:57.799+0000] {dag.py:3954} INFO - Setting next_dagrun for consume_1_or_both_2_and_3_with_dataset_expressions to None, run_after=None
[2024-07-05T01:02:57.800+0000] {logging_mixin.py:188} INFO - [2024-07-05T01:02:57.800+0000] {dag.py:3954} INFO - Setting next_dagrun for dataset_consumes_1 to None, run_after=None
[2024-07-05T01:02:57.800+0000] {logging_mixin.py:188} INFO - [2024-07-05T01:02:57.800+0000] {dag.py:3954} INFO - Setting next_dagrun for dataset_consumes_1_and_2 to None, run_after=None
[2024-07-05T01:02:57.801+0000] {logging_mixin.py:188} INFO - [2024-07-05T01:02:57.801+0000] {dag.py:3954} INFO - Setting next_dagrun for dataset_consumes_1_never_scheduled to None, run_after=None
[2024-07-05T01:02:57.801+0000] {logging_mixin.py:188} INFO - [2024-07-05T01:02:57.801+0000] {dag.py:3954} INFO - Setting next_dagrun for dataset_consumes_unknown_never_scheduled to None, run_after=None
[2024-07-05T01:02:57.802+0000] {logging_mixin.py:188} INFO - [2024-07-05T01:02:57.802+0000] {dag.py:3954} INFO - Setting next_dagrun for dataset_produces_1 to 2024-07-04 00:00:00+00:00, run_after=2024-07-05 00:00:00+00:00
[2024-07-05T01:02:57.802+0000] {logging_mixin.py:188} INFO - [2024-07-05T01:02:57.802+0000] {dag.py:3954} INFO - Setting next_dagrun for dataset_produces_2 to None, run_after=None
[2024-07-05T01:02:57.814+0000] {processor.py:183} INFO - Processing /home/airflow/.local/lib/python3.12/site-packages/airflow/example_dags/example_datasets.py took 0.053 seconds
[2024-07-05T01:09:19.950+0000] {processor.py:161} INFO - Started process (PID=6820) to work on /home/airflow/.local/lib/python3.12/site-packages/airflow/example_dags/example_datasets.py
[2024-07-05T01:09:19.950+0000] {processor.py:830} INFO - Processing file /home/airflow/.local/lib/python3.12/site-packages/airflow/example_dags/example_datasets.py for tasks to queue
[2024-07-05T01:09:19.951+0000] {logging_mixin.py:188} INFO - [2024-07-05T01:09:19.951+0000] {dagbag.py:545} INFO - Filling up the DagBag from /home/airflow/.local/lib/python3.12/site-packages/airflow/example_dags/example_datasets.py
[2024-07-05T01:09:19.957+0000] {processor.py:840} INFO - DAG(s) 'dataset_produces_2', 'conditional_dataset_and_time_based_timetable', 'dataset_consumes_unknown_never_scheduled', 'consume_1_and_2_with_dataset_expressions', 'consume_1_or_2_with_dataset_expressions', 'dataset_consumes_1_and_2', 'dataset_consumes_1', 'dataset_consumes_1_never_scheduled', 'dataset_produces_1', 'consume_1_or_both_2_and_3_with_dataset_expressions' retrieved from /home/airflow/.local/lib/python3.12/site-packages/airflow/example_dags/example_datasets.py
[2024-07-05T01:09:19.973+0000] {logging_mixin.py:188} INFO - [2024-07-05T01:09:19.973+0000] {dag.py:3096} INFO - Sync 10 DAGs
[2024-07-05T01:09:19.982+0000] {logging_mixin.py:188} INFO - [2024-07-05T01:09:19.982+0000] {dag.py:3954} INFO - Setting next_dagrun for conditional_dataset_and_time_based_timetable to 2024-07-10 01:00:00+00:00, run_after=2024-07-10 01:00:00+00:00
[2024-07-05T01:09:19.984+0000] {logging_mixin.py:188} INFO - [2024-07-05T01:09:19.984+0000] {dag.py:3954} INFO - Setting next_dagrun for consume_1_and_2_with_dataset_expressions to None, run_after=None
[2024-07-05T01:09:19.984+0000] {logging_mixin.py:188} INFO - [2024-07-05T01:09:19.984+0000] {dag.py:3954} INFO - Setting next_dagrun for consume_1_or_2_with_dataset_expressions to None, run_after=None
[2024-07-05T01:09:19.985+0000] {logging_mixin.py:188} INFO - [2024-07-05T01:09:19.985+0000] {dag.py:3954} INFO - Setting next_dagrun for consume_1_or_both_2_and_3_with_dataset_expressions to None, run_after=None
[2024-07-05T01:09:19.985+0000] {logging_mixin.py:188} INFO - [2024-07-05T01:09:19.985+0000] {dag.py:3954} INFO - Setting next_dagrun for dataset_consumes_1 to None, run_after=None
[2024-07-05T01:09:19.986+0000] {logging_mixin.py:188} INFO - [2024-07-05T01:09:19.985+0000] {dag.py:3954} INFO - Setting next_dagrun for dataset_consumes_1_and_2 to None, run_after=None
[2024-07-05T01:09:19.986+0000] {logging_mixin.py:188} INFO - [2024-07-05T01:09:19.986+0000] {dag.py:3954} INFO - Setting next_dagrun for dataset_consumes_1_never_scheduled to None, run_after=None
[2024-07-05T01:09:19.986+0000] {logging_mixin.py:188} INFO - [2024-07-05T01:09:19.986+0000] {dag.py:3954} INFO - Setting next_dagrun for dataset_consumes_unknown_never_scheduled to None, run_after=None
[2024-07-05T01:09:19.987+0000] {logging_mixin.py:188} INFO - [2024-07-05T01:09:19.987+0000] {dag.py:3954} INFO - Setting next_dagrun for dataset_produces_1 to 2024-07-04 00:00:00+00:00, run_after=2024-07-05 00:00:00+00:00
[2024-07-05T01:09:19.988+0000] {logging_mixin.py:188} INFO - [2024-07-05T01:09:19.988+0000] {dag.py:3954} INFO - Setting next_dagrun for dataset_produces_2 to None, run_after=None
[2024-07-05T01:09:19.999+0000] {processor.py:183} INFO - Processing /home/airflow/.local/lib/python3.12/site-packages/airflow/example_dags/example_datasets.py took 0.051 seconds
[2024-07-05T01:29:59.603+0000] {processor.py:161} INFO - Started process (PID=6872) to work on /home/airflow/.local/lib/python3.12/site-packages/airflow/example_dags/example_datasets.py
[2024-07-05T01:29:59.603+0000] {processor.py:830} INFO - Processing file /home/airflow/.local/lib/python3.12/site-packages/airflow/example_dags/example_datasets.py for tasks to queue
[2024-07-05T01:29:59.604+0000] {logging_mixin.py:188} INFO - [2024-07-05T01:29:59.604+0000] {dagbag.py:545} INFO - Filling up the DagBag from /home/airflow/.local/lib/python3.12/site-packages/airflow/example_dags/example_datasets.py
[2024-07-05T01:29:59.609+0000] {processor.py:840} INFO - DAG(s) 'consume_1_and_2_with_dataset_expressions', 'consume_1_or_both_2_and_3_with_dataset_expressions', 'dataset_consumes_unknown_never_scheduled', 'consume_1_or_2_with_dataset_expressions', 'dataset_consumes_1', 'conditional_dataset_and_time_based_timetable', 'dataset_consumes_1_never_scheduled', 'dataset_produces_1', 'dataset_produces_2', 'dataset_consumes_1_and_2' retrieved from /home/airflow/.local/lib/python3.12/site-packages/airflow/example_dags/example_datasets.py
[2024-07-05T01:29:59.699+0000] {logging_mixin.py:188} INFO - [2024-07-05T01:29:59.699+0000] {dag.py:3096} INFO - Sync 10 DAGs
[2024-07-05T01:29:59.708+0000] {logging_mixin.py:188} INFO - [2024-07-05T01:29:59.708+0000] {dag.py:3954} INFO - Setting next_dagrun for conditional_dataset_and_time_based_timetable to 2024-07-10 01:00:00+00:00, run_after=2024-07-10 01:00:00+00:00
[2024-07-05T01:29:59.709+0000] {logging_mixin.py:188} INFO - [2024-07-05T01:29:59.709+0000] {dag.py:3954} INFO - Setting next_dagrun for consume_1_and_2_with_dataset_expressions to None, run_after=None
[2024-07-05T01:29:59.710+0000] {logging_mixin.py:188} INFO - [2024-07-05T01:29:59.710+0000] {dag.py:3954} INFO - Setting next_dagrun for consume_1_or_2_with_dataset_expressions to None, run_after=None
[2024-07-05T01:29:59.710+0000] {logging_mixin.py:188} INFO - [2024-07-05T01:29:59.710+0000] {dag.py:3954} INFO - Setting next_dagrun for consume_1_or_both_2_and_3_with_dataset_expressions to None, run_after=None
[2024-07-05T01:29:59.711+0000] {logging_mixin.py:188} INFO - [2024-07-05T01:29:59.711+0000] {dag.py:3954} INFO - Setting next_dagrun for dataset_consumes_1 to None, run_after=None
[2024-07-05T01:29:59.711+0000] {logging_mixin.py:188} INFO - [2024-07-05T01:29:59.711+0000] {dag.py:3954} INFO - Setting next_dagrun for dataset_consumes_1_and_2 to None, run_after=None
[2024-07-05T01:29:59.712+0000] {logging_mixin.py:188} INFO - [2024-07-05T01:29:59.712+0000] {dag.py:3954} INFO - Setting next_dagrun for dataset_consumes_1_never_scheduled to None, run_after=None
[2024-07-05T01:29:59.712+0000] {logging_mixin.py:188} INFO - [2024-07-05T01:29:59.712+0000] {dag.py:3954} INFO - Setting next_dagrun for dataset_consumes_unknown_never_scheduled to None, run_after=None
[2024-07-05T01:29:59.713+0000] {logging_mixin.py:188} INFO - [2024-07-05T01:29:59.713+0000] {dag.py:3954} INFO - Setting next_dagrun for dataset_produces_1 to 2024-07-04 00:00:00+00:00, run_after=2024-07-05 00:00:00+00:00
[2024-07-05T01:29:59.713+0000] {logging_mixin.py:188} INFO - [2024-07-05T01:29:59.713+0000] {dag.py:3954} INFO - Setting next_dagrun for dataset_produces_2 to None, run_after=None
[2024-07-05T01:29:59.724+0000] {processor.py:183} INFO - Processing /home/airflow/.local/lib/python3.12/site-packages/airflow/example_dags/example_datasets.py took 0.124 seconds
[2024-07-05T01:57:33.718+0000] {processor.py:161} INFO - Started process (PID=6930) to work on /home/airflow/.local/lib/python3.12/site-packages/airflow/example_dags/example_datasets.py
[2024-07-05T01:57:33.718+0000] {processor.py:830} INFO - Processing file /home/airflow/.local/lib/python3.12/site-packages/airflow/example_dags/example_datasets.py for tasks to queue
[2024-07-05T01:57:33.719+0000] {logging_mixin.py:188} INFO - [2024-07-05T01:57:33.719+0000] {dagbag.py:545} INFO - Filling up the DagBag from /home/airflow/.local/lib/python3.12/site-packages/airflow/example_dags/example_datasets.py
[2024-07-05T01:57:33.724+0000] {processor.py:840} INFO - DAG(s) 'dataset_consumes_1_never_scheduled', 'dataset_produces_2', 'consume_1_or_2_with_dataset_expressions', 'dataset_produces_1', 'dataset_consumes_unknown_never_scheduled', 'consume_1_and_2_with_dataset_expressions', 'conditional_dataset_and_time_based_timetable', 'dataset_consumes_1_and_2', 'consume_1_or_both_2_and_3_with_dataset_expressions', 'dataset_consumes_1' retrieved from /home/airflow/.local/lib/python3.12/site-packages/airflow/example_dags/example_datasets.py
[2024-07-05T01:57:33.741+0000] {logging_mixin.py:188} INFO - [2024-07-05T01:57:33.741+0000] {dag.py:3096} INFO - Sync 10 DAGs
[2024-07-05T01:57:33.818+0000] {logging_mixin.py:188} INFO - [2024-07-05T01:57:33.818+0000] {dag.py:3954} INFO - Setting next_dagrun for conditional_dataset_and_time_based_timetable to 2024-07-10 01:00:00+00:00, run_after=2024-07-10 01:00:00+00:00
[2024-07-05T01:57:33.820+0000] {logging_mixin.py:188} INFO - [2024-07-05T01:57:33.820+0000] {dag.py:3954} INFO - Setting next_dagrun for consume_1_and_2_with_dataset_expressions to None, run_after=None
[2024-07-05T01:57:33.820+0000] {logging_mixin.py:188} INFO - [2024-07-05T01:57:33.820+0000] {dag.py:3954} INFO - Setting next_dagrun for consume_1_or_2_with_dataset_expressions to None, run_after=None
[2024-07-05T01:57:33.821+0000] {logging_mixin.py:188} INFO - [2024-07-05T01:57:33.821+0000] {dag.py:3954} INFO - Setting next_dagrun for consume_1_or_both_2_and_3_with_dataset_expressions to None, run_after=None
[2024-07-05T01:57:33.821+0000] {logging_mixin.py:188} INFO - [2024-07-05T01:57:33.821+0000] {dag.py:3954} INFO - Setting next_dagrun for dataset_consumes_1 to None, run_after=None
[2024-07-05T01:57:33.822+0000] {logging_mixin.py:188} INFO - [2024-07-05T01:57:33.822+0000] {dag.py:3954} INFO - Setting next_dagrun for dataset_consumes_1_and_2 to None, run_after=None
[2024-07-05T01:57:33.822+0000] {logging_mixin.py:188} INFO - [2024-07-05T01:57:33.822+0000] {dag.py:3954} INFO - Setting next_dagrun for dataset_consumes_1_never_scheduled to None, run_after=None
[2024-07-05T01:57:33.823+0000] {logging_mixin.py:188} INFO - [2024-07-05T01:57:33.823+0000] {dag.py:3954} INFO - Setting next_dagrun for dataset_consumes_unknown_never_scheduled to None, run_after=None
[2024-07-05T01:57:33.823+0000] {logging_mixin.py:188} INFO - [2024-07-05T01:57:33.823+0000] {dag.py:3954} INFO - Setting next_dagrun for dataset_produces_1 to 2024-07-04 00:00:00+00:00, run_after=2024-07-05 00:00:00+00:00
[2024-07-05T01:57:33.824+0000] {logging_mixin.py:188} INFO - [2024-07-05T01:57:33.824+0000] {dag.py:3954} INFO - Setting next_dagrun for dataset_produces_2 to None, run_after=None
[2024-07-05T01:57:33.835+0000] {processor.py:183} INFO - Processing /home/airflow/.local/lib/python3.12/site-packages/airflow/example_dags/example_datasets.py took 0.119 seconds
[2024-07-05T02:35:34.931+0000] {processor.py:161} INFO - Started process (PID=6994) to work on /home/airflow/.local/lib/python3.12/site-packages/airflow/example_dags/example_datasets.py
[2024-07-05T02:35:34.931+0000] {processor.py:830} INFO - Processing file /home/airflow/.local/lib/python3.12/site-packages/airflow/example_dags/example_datasets.py for tasks to queue
[2024-07-05T02:35:34.932+0000] {logging_mixin.py:188} INFO - [2024-07-05T02:35:34.932+0000] {dagbag.py:545} INFO - Filling up the DagBag from /home/airflow/.local/lib/python3.12/site-packages/airflow/example_dags/example_datasets.py
[2024-07-05T02:35:34.937+0000] {processor.py:840} INFO - DAG(s) 'dataset_produces_2', 'dataset_produces_1', 'consume_1_or_2_with_dataset_expressions', 'dataset_consumes_1', 'dataset_consumes_unknown_never_scheduled', 'dataset_consumes_1_and_2', 'dataset_consumes_1_never_scheduled', 'consume_1_or_both_2_and_3_with_dataset_expressions', 'consume_1_and_2_with_dataset_expressions', 'conditional_dataset_and_time_based_timetable' retrieved from /home/airflow/.local/lib/python3.12/site-packages/airflow/example_dags/example_datasets.py
[2024-07-05T02:35:34.954+0000] {logging_mixin.py:188} INFO - [2024-07-05T02:35:34.954+0000] {dag.py:3096} INFO - Sync 10 DAGs
[2024-07-05T02:35:35.029+0000] {logging_mixin.py:188} INFO - [2024-07-05T02:35:35.029+0000] {dag.py:3954} INFO - Setting next_dagrun for conditional_dataset_and_time_based_timetable to 2024-07-10 01:00:00+00:00, run_after=2024-07-10 01:00:00+00:00
[2024-07-05T02:35:35.031+0000] {logging_mixin.py:188} INFO - [2024-07-05T02:35:35.030+0000] {dag.py:3954} INFO - Setting next_dagrun for consume_1_and_2_with_dataset_expressions to None, run_after=None
[2024-07-05T02:35:35.031+0000] {logging_mixin.py:188} INFO - [2024-07-05T02:35:35.031+0000] {dag.py:3954} INFO - Setting next_dagrun for consume_1_or_2_with_dataset_expressions to None, run_after=None
[2024-07-05T02:35:35.032+0000] {logging_mixin.py:188} INFO - [2024-07-05T02:35:35.031+0000] {dag.py:3954} INFO - Setting next_dagrun for consume_1_or_both_2_and_3_with_dataset_expressions to None, run_after=None
[2024-07-05T02:35:35.032+0000] {logging_mixin.py:188} INFO - [2024-07-05T02:35:35.032+0000] {dag.py:3954} INFO - Setting next_dagrun for dataset_consumes_1 to None, run_after=None
[2024-07-05T02:35:35.032+0000] {logging_mixin.py:188} INFO - [2024-07-05T02:35:35.032+0000] {dag.py:3954} INFO - Setting next_dagrun for dataset_consumes_1_and_2 to None, run_after=None
[2024-07-05T02:35:35.033+0000] {logging_mixin.py:188} INFO - [2024-07-05T02:35:35.033+0000] {dag.py:3954} INFO - Setting next_dagrun for dataset_consumes_1_never_scheduled to None, run_after=None
[2024-07-05T02:35:35.033+0000] {logging_mixin.py:188} INFO - [2024-07-05T02:35:35.033+0000] {dag.py:3954} INFO - Setting next_dagrun for dataset_consumes_unknown_never_scheduled to None, run_after=None
[2024-07-05T02:35:35.034+0000] {logging_mixin.py:188} INFO - [2024-07-05T02:35:35.034+0000] {dag.py:3954} INFO - Setting next_dagrun for dataset_produces_1 to 2024-07-04 00:00:00+00:00, run_after=2024-07-05 00:00:00+00:00
[2024-07-05T02:35:35.034+0000] {logging_mixin.py:188} INFO - [2024-07-05T02:35:35.034+0000] {dag.py:3954} INFO - Setting next_dagrun for dataset_produces_2 to None, run_after=None
[2024-07-05T02:35:35.045+0000] {processor.py:183} INFO - Processing /home/airflow/.local/lib/python3.12/site-packages/airflow/example_dags/example_datasets.py took 0.117 seconds
[2024-07-05T03:38:52.882+0000] {processor.py:161} INFO - Started process (PID=7046) to work on /home/airflow/.local/lib/python3.12/site-packages/airflow/example_dags/example_datasets.py
[2024-07-05T03:38:52.883+0000] {processor.py:830} INFO - Processing file /home/airflow/.local/lib/python3.12/site-packages/airflow/example_dags/example_datasets.py for tasks to queue
[2024-07-05T03:38:52.883+0000] {logging_mixin.py:188} INFO - [2024-07-05T03:38:52.883+0000] {dagbag.py:545} INFO - Filling up the DagBag from /home/airflow/.local/lib/python3.12/site-packages/airflow/example_dags/example_datasets.py
[2024-07-05T03:38:52.889+0000] {processor.py:840} INFO - DAG(s) 'dataset_consumes_1_never_scheduled', 'dataset_consumes_1_and_2', 'dataset_produces_1', 'consume_1_or_2_with_dataset_expressions', 'consume_1_or_both_2_and_3_with_dataset_expressions', 'dataset_consumes_unknown_never_scheduled', 'conditional_dataset_and_time_based_timetable', 'dataset_consumes_1', 'dataset_produces_2', 'consume_1_and_2_with_dataset_expressions' retrieved from /home/airflow/.local/lib/python3.12/site-packages/airflow/example_dags/example_datasets.py
[2024-07-05T03:38:52.904+0000] {logging_mixin.py:188} INFO - [2024-07-05T03:38:52.904+0000] {dag.py:3096} INFO - Sync 10 DAGs
[2024-07-05T03:38:52.914+0000] {logging_mixin.py:188} INFO - [2024-07-05T03:38:52.914+0000] {dag.py:3954} INFO - Setting next_dagrun for conditional_dataset_and_time_based_timetable to 2024-07-10 01:00:00+00:00, run_after=2024-07-10 01:00:00+00:00
[2024-07-05T03:38:52.915+0000] {logging_mixin.py:188} INFO - [2024-07-05T03:38:52.915+0000] {dag.py:3954} INFO - Setting next_dagrun for consume_1_and_2_with_dataset_expressions to None, run_after=None
[2024-07-05T03:38:52.916+0000] {logging_mixin.py:188} INFO - [2024-07-05T03:38:52.916+0000] {dag.py:3954} INFO - Setting next_dagrun for consume_1_or_2_with_dataset_expressions to None, run_after=None
[2024-07-05T03:38:52.916+0000] {logging_mixin.py:188} INFO - [2024-07-05T03:38:52.916+0000] {dag.py:3954} INFO - Setting next_dagrun for consume_1_or_both_2_and_3_with_dataset_expressions to None, run_after=None
[2024-07-05T03:38:52.916+0000] {logging_mixin.py:188} INFO - [2024-07-05T03:38:52.916+0000] {dag.py:3954} INFO - Setting next_dagrun for dataset_consumes_1 to None, run_after=None
[2024-07-05T03:38:52.917+0000] {logging_mixin.py:188} INFO - [2024-07-05T03:38:52.917+0000] {dag.py:3954} INFO - Setting next_dagrun for dataset_consumes_1_and_2 to None, run_after=None
[2024-07-05T03:38:52.917+0000] {logging_mixin.py:188} INFO - [2024-07-05T03:38:52.917+0000] {dag.py:3954} INFO - Setting next_dagrun for dataset_consumes_1_never_scheduled to None, run_after=None
[2024-07-05T03:38:52.918+0000] {logging_mixin.py:188} INFO - [2024-07-05T03:38:52.918+0000] {dag.py:3954} INFO - Setting next_dagrun for dataset_consumes_unknown_never_scheduled to None, run_after=None
[2024-07-05T03:38:52.919+0000] {logging_mixin.py:188} INFO - [2024-07-05T03:38:52.919+0000] {dag.py:3954} INFO - Setting next_dagrun for dataset_produces_1 to 2024-07-04 00:00:00+00:00, run_after=2024-07-05 00:00:00+00:00
[2024-07-05T03:38:52.919+0000] {logging_mixin.py:188} INFO - [2024-07-05T03:38:52.919+0000] {dag.py:3954} INFO - Setting next_dagrun for dataset_produces_2 to None, run_after=None
[2024-07-05T03:38:52.930+0000] {processor.py:183} INFO - Processing /home/airflow/.local/lib/python3.12/site-packages/airflow/example_dags/example_datasets.py took 0.050 seconds
[2024-07-05T04:05:58.667+0000] {processor.py:161} INFO - Started process (PID=7104) to work on /home/airflow/.local/lib/python3.12/site-packages/airflow/example_dags/example_datasets.py
[2024-07-05T04:05:58.667+0000] {processor.py:830} INFO - Processing file /home/airflow/.local/lib/python3.12/site-packages/airflow/example_dags/example_datasets.py for tasks to queue
[2024-07-05T04:05:58.668+0000] {logging_mixin.py:188} INFO - [2024-07-05T04:05:58.668+0000] {dagbag.py:545} INFO - Filling up the DagBag from /home/airflow/.local/lib/python3.12/site-packages/airflow/example_dags/example_datasets.py
[2024-07-05T04:05:58.674+0000] {processor.py:840} INFO - DAG(s) 'dataset_consumes_1_never_scheduled', 'dataset_produces_2', 'conditional_dataset_and_time_based_timetable', 'dataset_consumes_1_and_2', 'consume_1_and_2_with_dataset_expressions', 'dataset_consumes_1', 'dataset_produces_1', 'consume_1_or_both_2_and_3_with_dataset_expressions', 'dataset_consumes_unknown_never_scheduled', 'consume_1_or_2_with_dataset_expressions' retrieved from /home/airflow/.local/lib/python3.12/site-packages/airflow/example_dags/example_datasets.py
[2024-07-05T04:05:58.688+0000] {logging_mixin.py:188} INFO - [2024-07-05T04:05:58.688+0000] {dag.py:3096} INFO - Sync 10 DAGs
[2024-07-05T04:05:58.697+0000] {logging_mixin.py:188} INFO - [2024-07-05T04:05:58.697+0000] {dag.py:3954} INFO - Setting next_dagrun for conditional_dataset_and_time_based_timetable to 2024-07-10 01:00:00+00:00, run_after=2024-07-10 01:00:00+00:00
[2024-07-05T04:05:58.698+0000] {logging_mixin.py:188} INFO - [2024-07-05T04:05:58.698+0000] {dag.py:3954} INFO - Setting next_dagrun for consume_1_and_2_with_dataset_expressions to None, run_after=None
[2024-07-05T04:05:58.699+0000] {logging_mixin.py:188} INFO - [2024-07-05T04:05:58.699+0000] {dag.py:3954} INFO - Setting next_dagrun for consume_1_or_2_with_dataset_expressions to None, run_after=None
[2024-07-05T04:05:58.699+0000] {logging_mixin.py:188} INFO - [2024-07-05T04:05:58.699+0000] {dag.py:3954} INFO - Setting next_dagrun for consume_1_or_both_2_and_3_with_dataset_expressions to None, run_after=None
[2024-07-05T04:05:58.700+0000] {logging_mixin.py:188} INFO - [2024-07-05T04:05:58.700+0000] {dag.py:3954} INFO - Setting next_dagrun for dataset_consumes_1 to None, run_after=None
[2024-07-05T04:05:58.700+0000] {logging_mixin.py:188} INFO - [2024-07-05T04:05:58.700+0000] {dag.py:3954} INFO - Setting next_dagrun for dataset_consumes_1_and_2 to None, run_after=None
[2024-07-05T04:05:58.700+0000] {logging_mixin.py:188} INFO - [2024-07-05T04:05:58.700+0000] {dag.py:3954} INFO - Setting next_dagrun for dataset_consumes_1_never_scheduled to None, run_after=None
[2024-07-05T04:05:58.701+0000] {logging_mixin.py:188} INFO - [2024-07-05T04:05:58.701+0000] {dag.py:3954} INFO - Setting next_dagrun for dataset_consumes_unknown_never_scheduled to None, run_after=None
[2024-07-05T04:05:58.701+0000] {logging_mixin.py:188} INFO - [2024-07-05T04:05:58.701+0000] {dag.py:3954} INFO - Setting next_dagrun for dataset_produces_1 to 2024-07-04 00:00:00+00:00, run_after=2024-07-05 00:00:00+00:00
[2024-07-05T04:05:58.702+0000] {logging_mixin.py:188} INFO - [2024-07-05T04:05:58.702+0000] {dag.py:3954} INFO - Setting next_dagrun for dataset_produces_2 to None, run_after=None
[2024-07-05T04:05:58.712+0000] {processor.py:183} INFO - Processing /home/airflow/.local/lib/python3.12/site-packages/airflow/example_dags/example_datasets.py took 0.047 seconds
[2024-07-05T05:07:03.768+0000] {processor.py:161} INFO - Started process (PID=7168) to work on /home/airflow/.local/lib/python3.12/site-packages/airflow/example_dags/example_datasets.py
[2024-07-05T05:07:03.768+0000] {processor.py:830} INFO - Processing file /home/airflow/.local/lib/python3.12/site-packages/airflow/example_dags/example_datasets.py for tasks to queue
[2024-07-05T05:07:03.769+0000] {logging_mixin.py:188} INFO - [2024-07-05T05:07:03.769+0000] {dagbag.py:545} INFO - Filling up the DagBag from /home/airflow/.local/lib/python3.12/site-packages/airflow/example_dags/example_datasets.py
[2024-07-05T05:07:03.775+0000] {processor.py:840} INFO - DAG(s) 'dataset_produces_2', 'consume_1_and_2_with_dataset_expressions', 'dataset_consumes_1', 'consume_1_or_2_with_dataset_expressions', 'conditional_dataset_and_time_based_timetable', 'dataset_consumes_1_and_2', 'dataset_consumes_1_never_scheduled', 'dataset_produces_1', 'dataset_consumes_unknown_never_scheduled', 'consume_1_or_both_2_and_3_with_dataset_expressions' retrieved from /home/airflow/.local/lib/python3.12/site-packages/airflow/example_dags/example_datasets.py
[2024-07-05T05:07:03.790+0000] {logging_mixin.py:188} INFO - [2024-07-05T05:07:03.790+0000] {dag.py:3096} INFO - Sync 10 DAGs
[2024-07-05T05:07:03.800+0000] {logging_mixin.py:188} INFO - [2024-07-05T05:07:03.800+0000] {dag.py:3954} INFO - Setting next_dagrun for conditional_dataset_and_time_based_timetable to 2024-07-10 01:00:00+00:00, run_after=2024-07-10 01:00:00+00:00
[2024-07-05T05:07:03.801+0000] {logging_mixin.py:188} INFO - [2024-07-05T05:07:03.801+0000] {dag.py:3954} INFO - Setting next_dagrun for consume_1_and_2_with_dataset_expressions to None, run_after=None
[2024-07-05T05:07:03.802+0000] {logging_mixin.py:188} INFO - [2024-07-05T05:07:03.802+0000] {dag.py:3954} INFO - Setting next_dagrun for consume_1_or_2_with_dataset_expressions to None, run_after=None
[2024-07-05T05:07:03.802+0000] {logging_mixin.py:188} INFO - [2024-07-05T05:07:03.802+0000] {dag.py:3954} INFO - Setting next_dagrun for consume_1_or_both_2_and_3_with_dataset_expressions to None, run_after=None
[2024-07-05T05:07:03.802+0000] {logging_mixin.py:188} INFO - [2024-07-05T05:07:03.802+0000] {dag.py:3954} INFO - Setting next_dagrun for dataset_consumes_1 to None, run_after=None
[2024-07-05T05:07:03.803+0000] {logging_mixin.py:188} INFO - [2024-07-05T05:07:03.803+0000] {dag.py:3954} INFO - Setting next_dagrun for dataset_consumes_1_and_2 to None, run_after=None
[2024-07-05T05:07:03.804+0000] {logging_mixin.py:188} INFO - [2024-07-05T05:07:03.804+0000] {dag.py:3954} INFO - Setting next_dagrun for dataset_consumes_1_never_scheduled to None, run_after=None
[2024-07-05T05:07:03.804+0000] {logging_mixin.py:188} INFO - [2024-07-05T05:07:03.804+0000] {dag.py:3954} INFO - Setting next_dagrun for dataset_consumes_unknown_never_scheduled to None, run_after=None
[2024-07-05T05:07:03.805+0000] {logging_mixin.py:188} INFO - [2024-07-05T05:07:03.805+0000] {dag.py:3954} INFO - Setting next_dagrun for dataset_produces_1 to 2024-07-04 00:00:00+00:00, run_after=2024-07-05 00:00:00+00:00
[2024-07-05T05:07:03.805+0000] {logging_mixin.py:188} INFO - [2024-07-05T05:07:03.805+0000] {dag.py:3954} INFO - Setting next_dagrun for dataset_produces_2 to None, run_after=None
[2024-07-05T05:07:03.817+0000] {processor.py:183} INFO - Processing /home/airflow/.local/lib/python3.12/site-packages/airflow/example_dags/example_datasets.py took 0.052 seconds
[2024-07-05T06:07:56.417+0000] {processor.py:161} INFO - Started process (PID=7220) to work on /home/airflow/.local/lib/python3.12/site-packages/airflow/example_dags/example_datasets.py
[2024-07-05T06:07:56.417+0000] {processor.py:830} INFO - Processing file /home/airflow/.local/lib/python3.12/site-packages/airflow/example_dags/example_datasets.py for tasks to queue
[2024-07-05T06:07:56.418+0000] {logging_mixin.py:188} INFO - [2024-07-05T06:07:56.418+0000] {dagbag.py:545} INFO - Filling up the DagBag from /home/airflow/.local/lib/python3.12/site-packages/airflow/example_dags/example_datasets.py
[2024-07-05T06:07:56.423+0000] {processor.py:840} INFO - DAG(s) 'dataset_produces_2', 'dataset_consumes_1_and_2', 'consume_1_or_both_2_and_3_with_dataset_expressions', 'conditional_dataset_and_time_based_timetable', 'dataset_consumes_1_never_scheduled', 'dataset_consumes_unknown_never_scheduled', 'dataset_consumes_1', 'dataset_produces_1', 'consume_1_or_2_with_dataset_expressions', 'consume_1_and_2_with_dataset_expressions' retrieved from /home/airflow/.local/lib/python3.12/site-packages/airflow/example_dags/example_datasets.py
[2024-07-05T06:07:56.439+0000] {logging_mixin.py:188} INFO - [2024-07-05T06:07:56.439+0000] {dag.py:3096} INFO - Sync 10 DAGs
[2024-07-05T06:07:56.448+0000] {logging_mixin.py:188} INFO - [2024-07-05T06:07:56.448+0000] {dag.py:3954} INFO - Setting next_dagrun for conditional_dataset_and_time_based_timetable to 2024-07-10 01:00:00+00:00, run_after=2024-07-10 01:00:00+00:00
[2024-07-05T06:07:56.450+0000] {logging_mixin.py:188} INFO - [2024-07-05T06:07:56.450+0000] {dag.py:3954} INFO - Setting next_dagrun for consume_1_and_2_with_dataset_expressions to None, run_after=None
[2024-07-05T06:07:56.450+0000] {logging_mixin.py:188} INFO - [2024-07-05T06:07:56.450+0000] {dag.py:3954} INFO - Setting next_dagrun for consume_1_or_2_with_dataset_expressions to None, run_after=None
[2024-07-05T06:07:56.451+0000] {logging_mixin.py:188} INFO - [2024-07-05T06:07:56.451+0000] {dag.py:3954} INFO - Setting next_dagrun for consume_1_or_both_2_and_3_with_dataset_expressions to None, run_after=None
[2024-07-05T06:07:56.451+0000] {logging_mixin.py:188} INFO - [2024-07-05T06:07:56.451+0000] {dag.py:3954} INFO - Setting next_dagrun for dataset_consumes_1 to None, run_after=None
[2024-07-05T06:07:56.451+0000] {logging_mixin.py:188} INFO - [2024-07-05T06:07:56.451+0000] {dag.py:3954} INFO - Setting next_dagrun for dataset_consumes_1_and_2 to None, run_after=None
[2024-07-05T06:07:56.452+0000] {logging_mixin.py:188} INFO - [2024-07-05T06:07:56.452+0000] {dag.py:3954} INFO - Setting next_dagrun for dataset_consumes_1_never_scheduled to None, run_after=None
[2024-07-05T06:07:56.452+0000] {logging_mixin.py:188} INFO - [2024-07-05T06:07:56.452+0000] {dag.py:3954} INFO - Setting next_dagrun for dataset_consumes_unknown_never_scheduled to None, run_after=None
[2024-07-05T06:07:56.453+0000] {logging_mixin.py:188} INFO - [2024-07-05T06:07:56.453+0000] {dag.py:3954} INFO - Setting next_dagrun for dataset_produces_1 to 2024-07-04 00:00:00+00:00, run_after=2024-07-05 00:00:00+00:00
[2024-07-05T06:07:56.454+0000] {logging_mixin.py:188} INFO - [2024-07-05T06:07:56.454+0000] {dag.py:3954} INFO - Setting next_dagrun for dataset_produces_2 to None, run_after=None
[2024-07-05T06:07:56.466+0000] {processor.py:183} INFO - Processing /home/airflow/.local/lib/python3.12/site-packages/airflow/example_dags/example_datasets.py took 0.052 seconds
[2024-07-05T07:08:55.253+0000] {processor.py:161} INFO - Started process (PID=7278) to work on /home/airflow/.local/lib/python3.12/site-packages/airflow/example_dags/example_datasets.py
[2024-07-05T07:08:55.254+0000] {processor.py:830} INFO - Processing file /home/airflow/.local/lib/python3.12/site-packages/airflow/example_dags/example_datasets.py for tasks to queue
[2024-07-05T07:08:55.254+0000] {logging_mixin.py:188} INFO - [2024-07-05T07:08:55.254+0000] {dagbag.py:545} INFO - Filling up the DagBag from /home/airflow/.local/lib/python3.12/site-packages/airflow/example_dags/example_datasets.py
[2024-07-05T07:08:55.260+0000] {processor.py:840} INFO - DAG(s) 'consume_1_and_2_with_dataset_expressions', 'dataset_produces_2', 'dataset_consumes_unknown_never_scheduled', 'dataset_produces_1', 'dataset_consumes_1_and_2', 'consume_1_or_both_2_and_3_with_dataset_expressions', 'dataset_consumes_1', 'consume_1_or_2_with_dataset_expressions', 'dataset_consumes_1_never_scheduled', 'conditional_dataset_and_time_based_timetable' retrieved from /home/airflow/.local/lib/python3.12/site-packages/airflow/example_dags/example_datasets.py
[2024-07-05T07:08:55.275+0000] {logging_mixin.py:188} INFO - [2024-07-05T07:08:55.275+0000] {dag.py:3096} INFO - Sync 10 DAGs
[2024-07-05T07:08:55.284+0000] {logging_mixin.py:188} INFO - [2024-07-05T07:08:55.284+0000] {dag.py:3954} INFO - Setting next_dagrun for conditional_dataset_and_time_based_timetable to 2024-07-10 01:00:00+00:00, run_after=2024-07-10 01:00:00+00:00
[2024-07-05T07:08:55.286+0000] {logging_mixin.py:188} INFO - [2024-07-05T07:08:55.286+0000] {dag.py:3954} INFO - Setting next_dagrun for consume_1_and_2_with_dataset_expressions to None, run_after=None
[2024-07-05T07:08:55.286+0000] {logging_mixin.py:188} INFO - [2024-07-05T07:08:55.286+0000] {dag.py:3954} INFO - Setting next_dagrun for consume_1_or_2_with_dataset_expressions to None, run_after=None
[2024-07-05T07:08:55.287+0000] {logging_mixin.py:188} INFO - [2024-07-05T07:08:55.287+0000] {dag.py:3954} INFO - Setting next_dagrun for consume_1_or_both_2_and_3_with_dataset_expressions to None, run_after=None
[2024-07-05T07:08:55.287+0000] {logging_mixin.py:188} INFO - [2024-07-05T07:08:55.287+0000] {dag.py:3954} INFO - Setting next_dagrun for dataset_consumes_1 to None, run_after=None
[2024-07-05T07:08:55.287+0000] {logging_mixin.py:188} INFO - [2024-07-05T07:08:55.287+0000] {dag.py:3954} INFO - Setting next_dagrun for dataset_consumes_1_and_2 to None, run_after=None
[2024-07-05T07:08:55.288+0000] {logging_mixin.py:188} INFO - [2024-07-05T07:08:55.288+0000] {dag.py:3954} INFO - Setting next_dagrun for dataset_consumes_1_never_scheduled to None, run_after=None
[2024-07-05T07:08:55.288+0000] {logging_mixin.py:188} INFO - [2024-07-05T07:08:55.288+0000] {dag.py:3954} INFO - Setting next_dagrun for dataset_consumes_unknown_never_scheduled to None, run_after=None
[2024-07-05T07:08:55.289+0000] {logging_mixin.py:188} INFO - [2024-07-05T07:08:55.289+0000] {dag.py:3954} INFO - Setting next_dagrun for dataset_produces_1 to 2024-07-04 00:00:00+00:00, run_after=2024-07-05 00:00:00+00:00
[2024-07-05T07:08:55.290+0000] {logging_mixin.py:188} INFO - [2024-07-05T07:08:55.290+0000] {dag.py:3954} INFO - Setting next_dagrun for dataset_produces_2 to None, run_after=None
[2024-07-05T07:08:55.303+0000] {processor.py:183} INFO - Processing /home/airflow/.local/lib/python3.12/site-packages/airflow/example_dags/example_datasets.py took 0.052 seconds
[2024-07-05T08:09:52.328+0000] {processor.py:161} INFO - Started process (PID=7336) to work on /home/airflow/.local/lib/python3.12/site-packages/airflow/example_dags/example_datasets.py
[2024-07-05T08:09:52.329+0000] {processor.py:830} INFO - Processing file /home/airflow/.local/lib/python3.12/site-packages/airflow/example_dags/example_datasets.py for tasks to queue
[2024-07-05T08:09:52.330+0000] {logging_mixin.py:188} INFO - [2024-07-05T08:09:52.330+0000] {dagbag.py:545} INFO - Filling up the DagBag from /home/airflow/.local/lib/python3.12/site-packages/airflow/example_dags/example_datasets.py
[2024-07-05T08:09:52.336+0000] {processor.py:840} INFO - DAG(s) 'dataset_consumes_1_never_scheduled', 'dataset_consumes_1', 'dataset_produces_1', 'conditional_dataset_and_time_based_timetable', 'consume_1_and_2_with_dataset_expressions', 'dataset_produces_2', 'dataset_consumes_unknown_never_scheduled', 'consume_1_or_2_with_dataset_expressions', 'consume_1_or_both_2_and_3_with_dataset_expressions', 'dataset_consumes_1_and_2' retrieved from /home/airflow/.local/lib/python3.12/site-packages/airflow/example_dags/example_datasets.py
[2024-07-05T08:09:52.351+0000] {logging_mixin.py:188} INFO - [2024-07-05T08:09:52.351+0000] {dag.py:3096} INFO - Sync 10 DAGs
[2024-07-05T08:09:52.360+0000] {logging_mixin.py:188} INFO - [2024-07-05T08:09:52.360+0000] {dag.py:3954} INFO - Setting next_dagrun for conditional_dataset_and_time_based_timetable to 2024-07-10 01:00:00+00:00, run_after=2024-07-10 01:00:00+00:00
[2024-07-05T08:09:52.362+0000] {logging_mixin.py:188} INFO - [2024-07-05T08:09:52.362+0000] {dag.py:3954} INFO - Setting next_dagrun for consume_1_and_2_with_dataset_expressions to None, run_after=None
[2024-07-05T08:09:52.362+0000] {logging_mixin.py:188} INFO - [2024-07-05T08:09:52.362+0000] {dag.py:3954} INFO - Setting next_dagrun for consume_1_or_2_with_dataset_expressions to None, run_after=None
[2024-07-05T08:09:52.363+0000] {logging_mixin.py:188} INFO - [2024-07-05T08:09:52.363+0000] {dag.py:3954} INFO - Setting next_dagrun for consume_1_or_both_2_and_3_with_dataset_expressions to None, run_after=None
[2024-07-05T08:09:52.363+0000] {logging_mixin.py:188} INFO - [2024-07-05T08:09:52.363+0000] {dag.py:3954} INFO - Setting next_dagrun for dataset_consumes_1 to None, run_after=None
[2024-07-05T08:09:52.363+0000] {logging_mixin.py:188} INFO - [2024-07-05T08:09:52.363+0000] {dag.py:3954} INFO - Setting next_dagrun for dataset_consumes_1_and_2 to None, run_after=None
[2024-07-05T08:09:52.364+0000] {logging_mixin.py:188} INFO - [2024-07-05T08:09:52.364+0000] {dag.py:3954} INFO - Setting next_dagrun for dataset_consumes_1_never_scheduled to None, run_after=None
[2024-07-05T08:09:52.364+0000] {logging_mixin.py:188} INFO - [2024-07-05T08:09:52.364+0000] {dag.py:3954} INFO - Setting next_dagrun for dataset_consumes_unknown_never_scheduled to None, run_after=None
[2024-07-05T08:09:52.365+0000] {logging_mixin.py:188} INFO - [2024-07-05T08:09:52.365+0000] {dag.py:3954} INFO - Setting next_dagrun for dataset_produces_1 to 2024-07-04 00:00:00+00:00, run_after=2024-07-05 00:00:00+00:00
[2024-07-05T08:09:52.366+0000] {logging_mixin.py:188} INFO - [2024-07-05T08:09:52.366+0000] {dag.py:3954} INFO - Setting next_dagrun for dataset_produces_2 to None, run_after=None
[2024-07-05T08:09:52.377+0000] {processor.py:183} INFO - Processing /home/airflow/.local/lib/python3.12/site-packages/airflow/example_dags/example_datasets.py took 0.051 seconds
[2024-07-05T08:32:39.641+0000] {processor.py:161} INFO - Started process (PID=7394) to work on /home/airflow/.local/lib/python3.12/site-packages/airflow/example_dags/example_datasets.py
[2024-07-05T08:32:39.642+0000] {processor.py:830} INFO - Processing file /home/airflow/.local/lib/python3.12/site-packages/airflow/example_dags/example_datasets.py for tasks to queue
[2024-07-05T08:32:39.643+0000] {logging_mixin.py:188} INFO - [2024-07-05T08:32:39.643+0000] {dagbag.py:545} INFO - Filling up the DagBag from /home/airflow/.local/lib/python3.12/site-packages/airflow/example_dags/example_datasets.py
[2024-07-05T08:32:39.648+0000] {processor.py:840} INFO - DAG(s) 'dataset_consumes_1_and_2', 'consume_1_and_2_with_dataset_expressions', 'consume_1_or_both_2_and_3_with_dataset_expressions', 'dataset_produces_2', 'conditional_dataset_and_time_based_timetable', 'consume_1_or_2_with_dataset_expressions', 'dataset_consumes_1', 'dataset_consumes_unknown_never_scheduled', 'dataset_produces_1', 'dataset_consumes_1_never_scheduled' retrieved from /home/airflow/.local/lib/python3.12/site-packages/airflow/example_dags/example_datasets.py
[2024-07-05T08:32:39.664+0000] {logging_mixin.py:188} INFO - [2024-07-05T08:32:39.664+0000] {dag.py:3096} INFO - Sync 10 DAGs
[2024-07-05T08:32:39.674+0000] {logging_mixin.py:188} INFO - [2024-07-05T08:32:39.674+0000] {dag.py:3954} INFO - Setting next_dagrun for conditional_dataset_and_time_based_timetable to 2024-07-10 01:00:00+00:00, run_after=2024-07-10 01:00:00+00:00
[2024-07-05T08:32:39.675+0000] {logging_mixin.py:188} INFO - [2024-07-05T08:32:39.675+0000] {dag.py:3954} INFO - Setting next_dagrun for consume_1_and_2_with_dataset_expressions to None, run_after=None
[2024-07-05T08:32:39.676+0000] {logging_mixin.py:188} INFO - [2024-07-05T08:32:39.675+0000] {dag.py:3954} INFO - Setting next_dagrun for consume_1_or_2_with_dataset_expressions to None, run_after=None
[2024-07-05T08:32:39.676+0000] {logging_mixin.py:188} INFO - [2024-07-05T08:32:39.676+0000] {dag.py:3954} INFO - Setting next_dagrun for consume_1_or_both_2_and_3_with_dataset_expressions to None, run_after=None
[2024-07-05T08:32:39.676+0000] {logging_mixin.py:188} INFO - [2024-07-05T08:32:39.676+0000] {dag.py:3954} INFO - Setting next_dagrun for dataset_consumes_1 to None, run_after=None
[2024-07-05T08:32:39.677+0000] {logging_mixin.py:188} INFO - [2024-07-05T08:32:39.677+0000] {dag.py:3954} INFO - Setting next_dagrun for dataset_consumes_1_and_2 to None, run_after=None
[2024-07-05T08:32:39.677+0000] {logging_mixin.py:188} INFO - [2024-07-05T08:32:39.677+0000] {dag.py:3954} INFO - Setting next_dagrun for dataset_consumes_1_never_scheduled to None, run_after=None
[2024-07-05T08:32:39.678+0000] {logging_mixin.py:188} INFO - [2024-07-05T08:32:39.677+0000] {dag.py:3954} INFO - Setting next_dagrun for dataset_consumes_unknown_never_scheduled to None, run_after=None
[2024-07-05T08:32:39.678+0000] {logging_mixin.py:188} INFO - [2024-07-05T08:32:39.678+0000] {dag.py:3954} INFO - Setting next_dagrun for dataset_produces_1 to 2024-07-04 00:00:00+00:00, run_after=2024-07-05 00:00:00+00:00
[2024-07-05T08:32:39.679+0000] {logging_mixin.py:188} INFO - [2024-07-05T08:32:39.679+0000] {dag.py:3954} INFO - Setting next_dagrun for dataset_produces_2 to None, run_after=None
[2024-07-05T08:32:39.690+0000] {processor.py:183} INFO - Processing /home/airflow/.local/lib/python3.12/site-packages/airflow/example_dags/example_datasets.py took 0.051 seconds
[2024-07-05T09:12:26.527+0000] {processor.py:161} INFO - Started process (PID=7452) to work on /home/airflow/.local/lib/python3.12/site-packages/airflow/example_dags/example_datasets.py
[2024-07-05T09:12:26.527+0000] {processor.py:830} INFO - Processing file /home/airflow/.local/lib/python3.12/site-packages/airflow/example_dags/example_datasets.py for tasks to queue
[2024-07-05T09:12:26.528+0000] {logging_mixin.py:188} INFO - [2024-07-05T09:12:26.528+0000] {dagbag.py:545} INFO - Filling up the DagBag from /home/airflow/.local/lib/python3.12/site-packages/airflow/example_dags/example_datasets.py
[2024-07-05T09:12:26.534+0000] {processor.py:840} INFO - DAG(s) 'conditional_dataset_and_time_based_timetable', 'dataset_consumes_1_never_scheduled', 'consume_1_or_2_with_dataset_expressions', 'consume_1_and_2_with_dataset_expressions', 'consume_1_or_both_2_and_3_with_dataset_expressions', 'dataset_consumes_1_and_2', 'dataset_consumes_unknown_never_scheduled', 'dataset_produces_1', 'dataset_consumes_1', 'dataset_produces_2' retrieved from /home/airflow/.local/lib/python3.12/site-packages/airflow/example_dags/example_datasets.py
[2024-07-05T09:12:26.550+0000] {logging_mixin.py:188} INFO - [2024-07-05T09:12:26.550+0000] {dag.py:3096} INFO - Sync 10 DAGs
[2024-07-05T09:12:26.559+0000] {logging_mixin.py:188} INFO - [2024-07-05T09:12:26.559+0000] {dag.py:3954} INFO - Setting next_dagrun for conditional_dataset_and_time_based_timetable to 2024-07-10 01:00:00+00:00, run_after=2024-07-10 01:00:00+00:00
[2024-07-05T09:12:26.560+0000] {logging_mixin.py:188} INFO - [2024-07-05T09:12:26.560+0000] {dag.py:3954} INFO - Setting next_dagrun for consume_1_and_2_with_dataset_expressions to None, run_after=None
[2024-07-05T09:12:26.561+0000] {logging_mixin.py:188} INFO - [2024-07-05T09:12:26.561+0000] {dag.py:3954} INFO - Setting next_dagrun for consume_1_or_2_with_dataset_expressions to None, run_after=None
[2024-07-05T09:12:26.561+0000] {logging_mixin.py:188} INFO - [2024-07-05T09:12:26.561+0000] {dag.py:3954} INFO - Setting next_dagrun for consume_1_or_both_2_and_3_with_dataset_expressions to None, run_after=None
[2024-07-05T09:12:26.562+0000] {logging_mixin.py:188} INFO - [2024-07-05T09:12:26.562+0000] {dag.py:3954} INFO - Setting next_dagrun for dataset_consumes_1 to None, run_after=None
[2024-07-05T09:12:26.562+0000] {logging_mixin.py:188} INFO - [2024-07-05T09:12:26.562+0000] {dag.py:3954} INFO - Setting next_dagrun for dataset_consumes_1_and_2 to None, run_after=None
[2024-07-05T09:12:26.563+0000] {logging_mixin.py:188} INFO - [2024-07-05T09:12:26.563+0000] {dag.py:3954} INFO - Setting next_dagrun for dataset_consumes_1_never_scheduled to None, run_after=None
[2024-07-05T09:12:26.563+0000] {logging_mixin.py:188} INFO - [2024-07-05T09:12:26.563+0000] {dag.py:3954} INFO - Setting next_dagrun for dataset_consumes_unknown_never_scheduled to None, run_after=None
[2024-07-05T09:12:26.564+0000] {logging_mixin.py:188} INFO - [2024-07-05T09:12:26.564+0000] {dag.py:3954} INFO - Setting next_dagrun for dataset_produces_1 to 2024-07-04 00:00:00+00:00, run_after=2024-07-05 00:00:00+00:00
[2024-07-05T09:12:26.564+0000] {logging_mixin.py:188} INFO - [2024-07-05T09:12:26.564+0000] {dag.py:3954} INFO - Setting next_dagrun for dataset_produces_2 to None, run_after=None
[2024-07-05T09:12:26.576+0000] {processor.py:183} INFO - Processing /home/airflow/.local/lib/python3.12/site-packages/airflow/example_dags/example_datasets.py took 0.051 seconds
[2024-07-05T10:11:57.370+0000] {processor.py:161} INFO - Started process (PID=7510) to work on /home/airflow/.local/lib/python3.12/site-packages/airflow/example_dags/example_datasets.py
[2024-07-05T10:11:57.370+0000] {processor.py:830} INFO - Processing file /home/airflow/.local/lib/python3.12/site-packages/airflow/example_dags/example_datasets.py for tasks to queue
[2024-07-05T10:11:57.371+0000] {logging_mixin.py:188} INFO - [2024-07-05T10:11:57.371+0000] {dagbag.py:545} INFO - Filling up the DagBag from /home/airflow/.local/lib/python3.12/site-packages/airflow/example_dags/example_datasets.py
[2024-07-05T10:11:57.380+0000] {processor.py:840} INFO - DAG(s) 'conditional_dataset_and_time_based_timetable', 'consume_1_and_2_with_dataset_expressions', 'consume_1_or_2_with_dataset_expressions', 'dataset_consumes_1_never_scheduled', 'consume_1_or_both_2_and_3_with_dataset_expressions', 'dataset_consumes_unknown_never_scheduled', 'dataset_produces_2', 'dataset_produces_1', 'dataset_consumes_1_and_2', 'dataset_consumes_1' retrieved from /home/airflow/.local/lib/python3.12/site-packages/airflow/example_dags/example_datasets.py
[2024-07-05T10:11:57.401+0000] {logging_mixin.py:188} INFO - [2024-07-05T10:11:57.401+0000] {dag.py:3096} INFO - Sync 10 DAGs
[2024-07-05T10:11:57.411+0000] {logging_mixin.py:188} INFO - [2024-07-05T10:11:57.410+0000] {dag.py:3954} INFO - Setting next_dagrun for conditional_dataset_and_time_based_timetable to 2024-07-10 01:00:00+00:00, run_after=2024-07-10 01:00:00+00:00
[2024-07-05T10:11:57.412+0000] {logging_mixin.py:188} INFO - [2024-07-05T10:11:57.412+0000] {dag.py:3954} INFO - Setting next_dagrun for consume_1_and_2_with_dataset_expressions to None, run_after=None
[2024-07-05T10:11:57.412+0000] {logging_mixin.py:188} INFO - [2024-07-05T10:11:57.412+0000] {dag.py:3954} INFO - Setting next_dagrun for consume_1_or_2_with_dataset_expressions to None, run_after=None
[2024-07-05T10:11:57.413+0000] {logging_mixin.py:188} INFO - [2024-07-05T10:11:57.413+0000] {dag.py:3954} INFO - Setting next_dagrun for consume_1_or_both_2_and_3_with_dataset_expressions to None, run_after=None
[2024-07-05T10:11:57.413+0000] {logging_mixin.py:188} INFO - [2024-07-05T10:11:57.413+0000] {dag.py:3954} INFO - Setting next_dagrun for dataset_consumes_1 to None, run_after=None
[2024-07-05T10:11:57.414+0000] {logging_mixin.py:188} INFO - [2024-07-05T10:11:57.414+0000] {dag.py:3954} INFO - Setting next_dagrun for dataset_consumes_1_and_2 to None, run_after=None
[2024-07-05T10:11:57.414+0000] {logging_mixin.py:188} INFO - [2024-07-05T10:11:57.414+0000] {dag.py:3954} INFO - Setting next_dagrun for dataset_consumes_1_never_scheduled to None, run_after=None
[2024-07-05T10:11:57.415+0000] {logging_mixin.py:188} INFO - [2024-07-05T10:11:57.415+0000] {dag.py:3954} INFO - Setting next_dagrun for dataset_consumes_unknown_never_scheduled to None, run_after=None
[2024-07-05T10:11:57.415+0000] {logging_mixin.py:188} INFO - [2024-07-05T10:11:57.415+0000] {dag.py:3954} INFO - Setting next_dagrun for dataset_produces_1 to 2024-07-04 00:00:00+00:00, run_after=2024-07-05 00:00:00+00:00
[2024-07-05T10:11:57.416+0000] {logging_mixin.py:188} INFO - [2024-07-05T10:11:57.416+0000] {dag.py:3954} INFO - Setting next_dagrun for dataset_produces_2 to None, run_after=None
[2024-07-05T10:11:57.427+0000] {processor.py:183} INFO - Processing /home/airflow/.local/lib/python3.12/site-packages/airflow/example_dags/example_datasets.py took 0.060 seconds
[2024-07-05T11:00:36.328+0000] {processor.py:161} INFO - Started process (PID=7568) to work on /home/airflow/.local/lib/python3.12/site-packages/airflow/example_dags/example_datasets.py
[2024-07-05T11:00:36.328+0000] {processor.py:830} INFO - Processing file /home/airflow/.local/lib/python3.12/site-packages/airflow/example_dags/example_datasets.py for tasks to queue
[2024-07-05T11:00:36.329+0000] {logging_mixin.py:188} INFO - [2024-07-05T11:00:36.329+0000] {dagbag.py:545} INFO - Filling up the DagBag from /home/airflow/.local/lib/python3.12/site-packages/airflow/example_dags/example_datasets.py
[2024-07-05T11:00:36.336+0000] {processor.py:840} INFO - DAG(s) 'dataset_consumes_unknown_never_scheduled', 'dataset_produces_1', 'dataset_consumes_1', 'dataset_consumes_1_never_scheduled', 'dataset_produces_2', 'consume_1_or_2_with_dataset_expressions', 'dataset_consumes_1_and_2', 'conditional_dataset_and_time_based_timetable', 'consume_1_and_2_with_dataset_expressions', 'consume_1_or_both_2_and_3_with_dataset_expressions' retrieved from /home/airflow/.local/lib/python3.12/site-packages/airflow/example_dags/example_datasets.py
[2024-07-05T11:00:36.352+0000] {logging_mixin.py:188} INFO - [2024-07-05T11:00:36.352+0000] {dag.py:3096} INFO - Sync 10 DAGs
[2024-07-05T11:00:36.362+0000] {logging_mixin.py:188} INFO - [2024-07-05T11:00:36.362+0000] {dag.py:3954} INFO - Setting next_dagrun for conditional_dataset_and_time_based_timetable to 2024-07-10 01:00:00+00:00, run_after=2024-07-10 01:00:00+00:00
[2024-07-05T11:00:36.363+0000] {logging_mixin.py:188} INFO - [2024-07-05T11:00:36.363+0000] {dag.py:3954} INFO - Setting next_dagrun for consume_1_and_2_with_dataset_expressions to None, run_after=None
[2024-07-05T11:00:36.364+0000] {logging_mixin.py:188} INFO - [2024-07-05T11:00:36.364+0000] {dag.py:3954} INFO - Setting next_dagrun for consume_1_or_2_with_dataset_expressions to None, run_after=None
[2024-07-05T11:00:36.364+0000] {logging_mixin.py:188} INFO - [2024-07-05T11:00:36.364+0000] {dag.py:3954} INFO - Setting next_dagrun for consume_1_or_both_2_and_3_with_dataset_expressions to None, run_after=None
[2024-07-05T11:00:36.364+0000] {logging_mixin.py:188} INFO - [2024-07-05T11:00:36.364+0000] {dag.py:3954} INFO - Setting next_dagrun for dataset_consumes_1 to None, run_after=None
[2024-07-05T11:00:36.365+0000] {logging_mixin.py:188} INFO - [2024-07-05T11:00:36.365+0000] {dag.py:3954} INFO - Setting next_dagrun for dataset_consumes_1_and_2 to None, run_after=None
[2024-07-05T11:00:36.365+0000] {logging_mixin.py:188} INFO - [2024-07-05T11:00:36.365+0000] {dag.py:3954} INFO - Setting next_dagrun for dataset_consumes_1_never_scheduled to None, run_after=None
[2024-07-05T11:00:36.366+0000] {logging_mixin.py:188} INFO - [2024-07-05T11:00:36.366+0000] {dag.py:3954} INFO - Setting next_dagrun for dataset_consumes_unknown_never_scheduled to None, run_after=None
[2024-07-05T11:00:36.367+0000] {logging_mixin.py:188} INFO - [2024-07-05T11:00:36.367+0000] {dag.py:3954} INFO - Setting next_dagrun for dataset_produces_1 to 2024-07-04 00:00:00+00:00, run_after=2024-07-05 00:00:00+00:00
[2024-07-05T11:00:36.367+0000] {logging_mixin.py:188} INFO - [2024-07-05T11:00:36.367+0000] {dag.py:3954} INFO - Setting next_dagrun for dataset_produces_2 to None, run_after=None
[2024-07-05T11:00:36.379+0000] {processor.py:183} INFO - Processing /home/airflow/.local/lib/python3.12/site-packages/airflow/example_dags/example_datasets.py took 0.053 seconds
[2024-07-05T12:13:56.827+0000] {processor.py:161} INFO - Started process (PID=7626) to work on /home/airflow/.local/lib/python3.12/site-packages/airflow/example_dags/example_datasets.py
[2024-07-05T12:13:56.828+0000] {processor.py:830} INFO - Processing file /home/airflow/.local/lib/python3.12/site-packages/airflow/example_dags/example_datasets.py for tasks to queue
[2024-07-05T12:13:56.829+0000] {logging_mixin.py:188} INFO - [2024-07-05T12:13:56.829+0000] {dagbag.py:545} INFO - Filling up the DagBag from /home/airflow/.local/lib/python3.12/site-packages/airflow/example_dags/example_datasets.py
[2024-07-05T12:13:56.834+0000] {processor.py:840} INFO - DAG(s) 'dataset_consumes_1_never_scheduled', 'dataset_produces_2', 'consume_1_or_both_2_and_3_with_dataset_expressions', 'dataset_consumes_1', 'conditional_dataset_and_time_based_timetable', 'dataset_consumes_1_and_2', 'dataset_consumes_unknown_never_scheduled', 'dataset_produces_1', 'consume_1_and_2_with_dataset_expressions', 'consume_1_or_2_with_dataset_expressions' retrieved from /home/airflow/.local/lib/python3.12/site-packages/airflow/example_dags/example_datasets.py
[2024-07-05T12:13:56.849+0000] {logging_mixin.py:188} INFO - [2024-07-05T12:13:56.849+0000] {dag.py:3096} INFO - Sync 10 DAGs
[2024-07-05T12:13:56.859+0000] {logging_mixin.py:188} INFO - [2024-07-05T12:13:56.859+0000] {dag.py:3954} INFO - Setting next_dagrun for conditional_dataset_and_time_based_timetable to 2024-07-10 01:00:00+00:00, run_after=2024-07-10 01:00:00+00:00
[2024-07-05T12:13:56.860+0000] {logging_mixin.py:188} INFO - [2024-07-05T12:13:56.860+0000] {dag.py:3954} INFO - Setting next_dagrun for consume_1_and_2_with_dataset_expressions to None, run_after=None
[2024-07-05T12:13:56.861+0000] {logging_mixin.py:188} INFO - [2024-07-05T12:13:56.861+0000] {dag.py:3954} INFO - Setting next_dagrun for consume_1_or_2_with_dataset_expressions to None, run_after=None
[2024-07-05T12:13:56.861+0000] {logging_mixin.py:188} INFO - [2024-07-05T12:13:56.861+0000] {dag.py:3954} INFO - Setting next_dagrun for consume_1_or_both_2_and_3_with_dataset_expressions to None, run_after=None
[2024-07-05T12:13:56.861+0000] {logging_mixin.py:188} INFO - [2024-07-05T12:13:56.861+0000] {dag.py:3954} INFO - Setting next_dagrun for dataset_consumes_1 to None, run_after=None
[2024-07-05T12:13:56.862+0000] {logging_mixin.py:188} INFO - [2024-07-05T12:13:56.862+0000] {dag.py:3954} INFO - Setting next_dagrun for dataset_consumes_1_and_2 to None, run_after=None
[2024-07-05T12:13:56.862+0000] {logging_mixin.py:188} INFO - [2024-07-05T12:13:56.862+0000] {dag.py:3954} INFO - Setting next_dagrun for dataset_consumes_1_never_scheduled to None, run_after=None
[2024-07-05T12:13:56.863+0000] {logging_mixin.py:188} INFO - [2024-07-05T12:13:56.863+0000] {dag.py:3954} INFO - Setting next_dagrun for dataset_consumes_unknown_never_scheduled to None, run_after=None
[2024-07-05T12:13:56.864+0000] {logging_mixin.py:188} INFO - [2024-07-05T12:13:56.864+0000] {dag.py:3954} INFO - Setting next_dagrun for dataset_produces_1 to 2024-07-04 00:00:00+00:00, run_after=2024-07-05 00:00:00+00:00
[2024-07-05T12:13:56.864+0000] {logging_mixin.py:188} INFO - [2024-07-05T12:13:56.864+0000] {dag.py:3954} INFO - Setting next_dagrun for dataset_produces_2 to None, run_after=None
[2024-07-05T12:13:56.875+0000] {processor.py:183} INFO - Processing /home/airflow/.local/lib/python3.12/site-packages/airflow/example_dags/example_datasets.py took 0.050 seconds
[2024-07-05T13:15:00.924+0000] {processor.py:161} INFO - Started process (PID=7684) to work on /home/airflow/.local/lib/python3.12/site-packages/airflow/example_dags/example_datasets.py
[2024-07-05T13:15:00.924+0000] {processor.py:830} INFO - Processing file /home/airflow/.local/lib/python3.12/site-packages/airflow/example_dags/example_datasets.py for tasks to queue
[2024-07-05T13:15:00.925+0000] {logging_mixin.py:188} INFO - [2024-07-05T13:15:00.925+0000] {dagbag.py:545} INFO - Filling up the DagBag from /home/airflow/.local/lib/python3.12/site-packages/airflow/example_dags/example_datasets.py
[2024-07-05T13:15:00.930+0000] {processor.py:840} INFO - DAG(s) 'consume_1_or_2_with_dataset_expressions', 'consume_1_or_both_2_and_3_with_dataset_expressions', 'dataset_produces_1', 'dataset_produces_2', 'dataset_consumes_1', 'conditional_dataset_and_time_based_timetable', 'dataset_consumes_1_never_scheduled', 'dataset_consumes_unknown_never_scheduled', 'dataset_consumes_1_and_2', 'consume_1_and_2_with_dataset_expressions' retrieved from /home/airflow/.local/lib/python3.12/site-packages/airflow/example_dags/example_datasets.py
[2024-07-05T13:15:00.945+0000] {logging_mixin.py:188} INFO - [2024-07-05T13:15:00.945+0000] {dag.py:3096} INFO - Sync 10 DAGs
[2024-07-05T13:15:00.954+0000] {logging_mixin.py:188} INFO - [2024-07-05T13:15:00.954+0000] {dag.py:3954} INFO - Setting next_dagrun for conditional_dataset_and_time_based_timetable to 2024-07-10 01:00:00+00:00, run_after=2024-07-10 01:00:00+00:00
[2024-07-05T13:15:00.955+0000] {logging_mixin.py:188} INFO - [2024-07-05T13:15:00.955+0000] {dag.py:3954} INFO - Setting next_dagrun for consume_1_and_2_with_dataset_expressions to None, run_after=None
[2024-07-05T13:15:00.955+0000] {logging_mixin.py:188} INFO - [2024-07-05T13:15:00.955+0000] {dag.py:3954} INFO - Setting next_dagrun for consume_1_or_2_with_dataset_expressions to None, run_after=None
[2024-07-05T13:15:00.956+0000] {logging_mixin.py:188} INFO - [2024-07-05T13:15:00.956+0000] {dag.py:3954} INFO - Setting next_dagrun for consume_1_or_both_2_and_3_with_dataset_expressions to None, run_after=None
[2024-07-05T13:15:00.956+0000] {logging_mixin.py:188} INFO - [2024-07-05T13:15:00.956+0000] {dag.py:3954} INFO - Setting next_dagrun for dataset_consumes_1 to None, run_after=None
[2024-07-05T13:15:00.957+0000] {logging_mixin.py:188} INFO - [2024-07-05T13:15:00.957+0000] {dag.py:3954} INFO - Setting next_dagrun for dataset_consumes_1_and_2 to None, run_after=None
[2024-07-05T13:15:00.957+0000] {logging_mixin.py:188} INFO - [2024-07-05T13:15:00.957+0000] {dag.py:3954} INFO - Setting next_dagrun for dataset_consumes_1_never_scheduled to None, run_after=None
[2024-07-05T13:15:00.958+0000] {logging_mixin.py:188} INFO - [2024-07-05T13:15:00.958+0000] {dag.py:3954} INFO - Setting next_dagrun for dataset_consumes_unknown_never_scheduled to None, run_after=None
[2024-07-05T13:15:00.958+0000] {logging_mixin.py:188} INFO - [2024-07-05T13:15:00.958+0000] {dag.py:3954} INFO - Setting next_dagrun for dataset_produces_1 to 2024-07-04 00:00:00+00:00, run_after=2024-07-05 00:00:00+00:00
[2024-07-05T13:15:00.959+0000] {logging_mixin.py:188} INFO - [2024-07-05T13:15:00.959+0000] {dag.py:3954} INFO - Setting next_dagrun for dataset_produces_2 to None, run_after=None
[2024-07-05T13:15:00.968+0000] {processor.py:183} INFO - Processing /home/airflow/.local/lib/python3.12/site-packages/airflow/example_dags/example_datasets.py took 0.047 seconds
[2024-07-05T14:01:34.201+0000] {processor.py:161} INFO - Started process (PID=7742) to work on /home/airflow/.local/lib/python3.12/site-packages/airflow/example_dags/example_datasets.py
[2024-07-05T14:01:34.201+0000] {processor.py:830} INFO - Processing file /home/airflow/.local/lib/python3.12/site-packages/airflow/example_dags/example_datasets.py for tasks to queue
[2024-07-05T14:01:34.202+0000] {logging_mixin.py:188} INFO - [2024-07-05T14:01:34.202+0000] {dagbag.py:545} INFO - Filling up the DagBag from /home/airflow/.local/lib/python3.12/site-packages/airflow/example_dags/example_datasets.py
[2024-07-05T14:01:34.208+0000] {processor.py:840} INFO - DAG(s) 'dataset_consumes_1', 'dataset_consumes_1_and_2', 'dataset_produces_2', 'conditional_dataset_and_time_based_timetable', 'consume_1_or_both_2_and_3_with_dataset_expressions', 'consume_1_or_2_with_dataset_expressions', 'dataset_consumes_1_never_scheduled', 'dataset_produces_1', 'dataset_consumes_unknown_never_scheduled', 'consume_1_and_2_with_dataset_expressions' retrieved from /home/airflow/.local/lib/python3.12/site-packages/airflow/example_dags/example_datasets.py
[2024-07-05T14:01:34.225+0000] {logging_mixin.py:188} INFO - [2024-07-05T14:01:34.225+0000] {dag.py:3096} INFO - Sync 10 DAGs
[2024-07-05T14:01:34.239+0000] {logging_mixin.py:188} INFO - [2024-07-05T14:01:34.239+0000] {dag.py:3954} INFO - Setting next_dagrun for conditional_dataset_and_time_based_timetable to 2024-07-10 01:00:00+00:00, run_after=2024-07-10 01:00:00+00:00
[2024-07-05T14:01:34.241+0000] {logging_mixin.py:188} INFO - [2024-07-05T14:01:34.241+0000] {dag.py:3954} INFO - Setting next_dagrun for consume_1_and_2_with_dataset_expressions to None, run_after=None
[2024-07-05T14:01:34.241+0000] {logging_mixin.py:188} INFO - [2024-07-05T14:01:34.241+0000] {dag.py:3954} INFO - Setting next_dagrun for consume_1_or_2_with_dataset_expressions to None, run_after=None
[2024-07-05T14:01:34.242+0000] {logging_mixin.py:188} INFO - [2024-07-05T14:01:34.242+0000] {dag.py:3954} INFO - Setting next_dagrun for consume_1_or_both_2_and_3_with_dataset_expressions to None, run_after=None
[2024-07-05T14:01:34.243+0000] {logging_mixin.py:188} INFO - [2024-07-05T14:01:34.242+0000] {dag.py:3954} INFO - Setting next_dagrun for dataset_consumes_1 to None, run_after=None
[2024-07-05T14:01:34.243+0000] {logging_mixin.py:188} INFO - [2024-07-05T14:01:34.243+0000] {dag.py:3954} INFO - Setting next_dagrun for dataset_consumes_1_and_2 to None, run_after=None
[2024-07-05T14:01:34.244+0000] {logging_mixin.py:188} INFO - [2024-07-05T14:01:34.244+0000] {dag.py:3954} INFO - Setting next_dagrun for dataset_consumes_1_never_scheduled to None, run_after=None
[2024-07-05T14:01:34.244+0000] {logging_mixin.py:188} INFO - [2024-07-05T14:01:34.244+0000] {dag.py:3954} INFO - Setting next_dagrun for dataset_consumes_unknown_never_scheduled to None, run_after=None
[2024-07-05T14:01:34.245+0000] {logging_mixin.py:188} INFO - [2024-07-05T14:01:34.245+0000] {dag.py:3954} INFO - Setting next_dagrun for dataset_produces_1 to 2024-07-04 00:00:00+00:00, run_after=2024-07-05 00:00:00+00:00
[2024-07-05T14:01:34.246+0000] {logging_mixin.py:188} INFO - [2024-07-05T14:01:34.246+0000] {dag.py:3954} INFO - Setting next_dagrun for dataset_produces_2 to None, run_after=None
[2024-07-05T14:01:34.259+0000] {processor.py:183} INFO - Processing /home/airflow/.local/lib/python3.12/site-packages/airflow/example_dags/example_datasets.py took 0.061 seconds
[2024-07-05T14:47:34.217+0000] {processor.py:161} INFO - Started process (PID=7800) to work on /home/airflow/.local/lib/python3.12/site-packages/airflow/example_dags/example_datasets.py
[2024-07-05T14:47:34.217+0000] {processor.py:830} INFO - Processing file /home/airflow/.local/lib/python3.12/site-packages/airflow/example_dags/example_datasets.py for tasks to queue
[2024-07-05T14:47:34.218+0000] {logging_mixin.py:188} INFO - [2024-07-05T14:47:34.218+0000] {dagbag.py:545} INFO - Filling up the DagBag from /home/airflow/.local/lib/python3.12/site-packages/airflow/example_dags/example_datasets.py
[2024-07-05T14:47:34.223+0000] {processor.py:840} INFO - DAG(s) 'dataset_produces_2', 'consume_1_and_2_with_dataset_expressions', 'dataset_consumes_unknown_never_scheduled', 'dataset_consumes_1_never_scheduled', 'dataset_consumes_1', 'consume_1_or_both_2_and_3_with_dataset_expressions', 'conditional_dataset_and_time_based_timetable', 'dataset_produces_1', 'dataset_consumes_1_and_2', 'consume_1_or_2_with_dataset_expressions' retrieved from /home/airflow/.local/lib/python3.12/site-packages/airflow/example_dags/example_datasets.py
[2024-07-05T14:47:34.239+0000] {logging_mixin.py:188} INFO - [2024-07-05T14:47:34.239+0000] {dag.py:3096} INFO - Sync 10 DAGs
[2024-07-05T14:47:34.248+0000] {logging_mixin.py:188} INFO - [2024-07-05T14:47:34.248+0000] {dag.py:3954} INFO - Setting next_dagrun for conditional_dataset_and_time_based_timetable to 2024-07-10 01:00:00+00:00, run_after=2024-07-10 01:00:00+00:00
[2024-07-05T14:47:34.250+0000] {logging_mixin.py:188} INFO - [2024-07-05T14:47:34.250+0000] {dag.py:3954} INFO - Setting next_dagrun for consume_1_and_2_with_dataset_expressions to None, run_after=None
[2024-07-05T14:47:34.250+0000] {logging_mixin.py:188} INFO - [2024-07-05T14:47:34.250+0000] {dag.py:3954} INFO - Setting next_dagrun for consume_1_or_2_with_dataset_expressions to None, run_after=None
[2024-07-05T14:47:34.251+0000] {logging_mixin.py:188} INFO - [2024-07-05T14:47:34.251+0000] {dag.py:3954} INFO - Setting next_dagrun for consume_1_or_both_2_and_3_with_dataset_expressions to None, run_after=None
[2024-07-05T14:47:34.251+0000] {logging_mixin.py:188} INFO - [2024-07-05T14:47:34.251+0000] {dag.py:3954} INFO - Setting next_dagrun for dataset_consumes_1 to None, run_after=None
[2024-07-05T14:47:34.251+0000] {logging_mixin.py:188} INFO - [2024-07-05T14:47:34.251+0000] {dag.py:3954} INFO - Setting next_dagrun for dataset_consumes_1_and_2 to None, run_after=None
[2024-07-05T14:47:34.252+0000] {logging_mixin.py:188} INFO - [2024-07-05T14:47:34.252+0000] {dag.py:3954} INFO - Setting next_dagrun for dataset_consumes_1_never_scheduled to None, run_after=None
[2024-07-05T14:47:34.252+0000] {logging_mixin.py:188} INFO - [2024-07-05T14:47:34.252+0000] {dag.py:3954} INFO - Setting next_dagrun for dataset_consumes_unknown_never_scheduled to None, run_after=None
[2024-07-05T14:47:34.253+0000] {logging_mixin.py:188} INFO - [2024-07-05T14:47:34.253+0000] {dag.py:3954} INFO - Setting next_dagrun for dataset_produces_1 to 2024-07-04 00:00:00+00:00, run_after=2024-07-05 00:00:00+00:00
[2024-07-05T14:47:34.254+0000] {logging_mixin.py:188} INFO - [2024-07-05T14:47:34.254+0000] {dag.py:3954} INFO - Setting next_dagrun for dataset_produces_2 to None, run_after=None
[2024-07-05T14:47:34.264+0000] {processor.py:183} INFO - Processing /home/airflow/.local/lib/python3.12/site-packages/airflow/example_dags/example_datasets.py took 0.050 seconds
[2024-07-05T15:49:32.871+0000] {processor.py:161} INFO - Started process (PID=7858) to work on /home/airflow/.local/lib/python3.12/site-packages/airflow/example_dags/example_datasets.py
[2024-07-05T15:49:32.872+0000] {processor.py:830} INFO - Processing file /home/airflow/.local/lib/python3.12/site-packages/airflow/example_dags/example_datasets.py for tasks to queue
[2024-07-05T15:49:32.878+0000] {logging_mixin.py:188} INFO - [2024-07-05T15:49:32.878+0000] {dagbag.py:545} INFO - Filling up the DagBag from /home/airflow/.local/lib/python3.12/site-packages/airflow/example_dags/example_datasets.py
[2024-07-05T15:49:32.884+0000] {processor.py:840} INFO - DAG(s) 'consume_1_or_both_2_and_3_with_dataset_expressions', 'dataset_consumes_1_never_scheduled', 'consume_1_or_2_with_dataset_expressions', 'conditional_dataset_and_time_based_timetable', 'dataset_produces_1', 'dataset_consumes_unknown_never_scheduled', 'consume_1_and_2_with_dataset_expressions', 'dataset_consumes_1_and_2', 'dataset_produces_2', 'dataset_consumes_1' retrieved from /home/airflow/.local/lib/python3.12/site-packages/airflow/example_dags/example_datasets.py
[2024-07-05T15:49:32.902+0000] {logging_mixin.py:188} INFO - [2024-07-05T15:49:32.902+0000] {dag.py:3096} INFO - Sync 10 DAGs
[2024-07-05T15:49:32.912+0000] {logging_mixin.py:188} INFO - [2024-07-05T15:49:32.912+0000] {dag.py:3954} INFO - Setting next_dagrun for conditional_dataset_and_time_based_timetable to 2024-07-10 01:00:00+00:00, run_after=2024-07-10 01:00:00+00:00
[2024-07-05T15:49:32.913+0000] {logging_mixin.py:188} INFO - [2024-07-05T15:49:32.913+0000] {dag.py:3954} INFO - Setting next_dagrun for consume_1_and_2_with_dataset_expressions to None, run_after=None
[2024-07-05T15:49:32.914+0000] {logging_mixin.py:188} INFO - [2024-07-05T15:49:32.914+0000] {dag.py:3954} INFO - Setting next_dagrun for consume_1_or_2_with_dataset_expressions to None, run_after=None
[2024-07-05T15:49:32.914+0000] {logging_mixin.py:188} INFO - [2024-07-05T15:49:32.914+0000] {dag.py:3954} INFO - Setting next_dagrun for consume_1_or_both_2_and_3_with_dataset_expressions to None, run_after=None
[2024-07-05T15:49:32.915+0000] {logging_mixin.py:188} INFO - [2024-07-05T15:49:32.915+0000] {dag.py:3954} INFO - Setting next_dagrun for dataset_consumes_1 to None, run_after=None
[2024-07-05T15:49:32.916+0000] {logging_mixin.py:188} INFO - [2024-07-05T15:49:32.916+0000] {dag.py:3954} INFO - Setting next_dagrun for dataset_consumes_1_and_2 to None, run_after=None
[2024-07-05T15:49:32.917+0000] {logging_mixin.py:188} INFO - [2024-07-05T15:49:32.917+0000] {dag.py:3954} INFO - Setting next_dagrun for dataset_consumes_1_never_scheduled to None, run_after=None
[2024-07-05T15:49:32.917+0000] {logging_mixin.py:188} INFO - [2024-07-05T15:49:32.917+0000] {dag.py:3954} INFO - Setting next_dagrun for dataset_consumes_unknown_never_scheduled to None, run_after=None
[2024-07-05T15:49:32.918+0000] {logging_mixin.py:188} INFO - [2024-07-05T15:49:32.918+0000] {dag.py:3954} INFO - Setting next_dagrun for dataset_produces_1 to 2024-07-04 00:00:00+00:00, run_after=2024-07-05 00:00:00+00:00
[2024-07-05T15:49:32.918+0000] {logging_mixin.py:188} INFO - [2024-07-05T15:49:32.918+0000] {dag.py:3954} INFO - Setting next_dagrun for dataset_produces_2 to None, run_after=None
[2024-07-05T15:49:32.929+0000] {processor.py:183} INFO - Processing /home/airflow/.local/lib/python3.12/site-packages/airflow/example_dags/example_datasets.py took 0.061 seconds
[2024-07-05T17:06:00.180+0000] {processor.py:161} INFO - Started process (PID=7916) to work on /home/airflow/.local/lib/python3.12/site-packages/airflow/example_dags/example_datasets.py
[2024-07-05T17:06:00.180+0000] {processor.py:830} INFO - Processing file /home/airflow/.local/lib/python3.12/site-packages/airflow/example_dags/example_datasets.py for tasks to queue
[2024-07-05T17:06:00.181+0000] {logging_mixin.py:188} INFO - [2024-07-05T17:06:00.181+0000] {dagbag.py:545} INFO - Filling up the DagBag from /home/airflow/.local/lib/python3.12/site-packages/airflow/example_dags/example_datasets.py
[2024-07-05T17:06:00.186+0000] {processor.py:840} INFO - DAG(s) 'consume_1_or_2_with_dataset_expressions', 'consume_1_and_2_with_dataset_expressions', 'dataset_consumes_1', 'dataset_produces_2', 'dataset_consumes_1_never_scheduled', 'conditional_dataset_and_time_based_timetable', 'consume_1_or_both_2_and_3_with_dataset_expressions', 'dataset_consumes_unknown_never_scheduled', 'dataset_produces_1', 'dataset_consumes_1_and_2' retrieved from /home/airflow/.local/lib/python3.12/site-packages/airflow/example_dags/example_datasets.py
[2024-07-05T17:06:00.202+0000] {logging_mixin.py:188} INFO - [2024-07-05T17:06:00.202+0000] {dag.py:3096} INFO - Sync 10 DAGs
[2024-07-05T17:06:00.211+0000] {logging_mixin.py:188} INFO - [2024-07-05T17:06:00.211+0000] {dag.py:3954} INFO - Setting next_dagrun for conditional_dataset_and_time_based_timetable to 2024-07-10 01:00:00+00:00, run_after=2024-07-10 01:00:00+00:00
[2024-07-05T17:06:00.212+0000] {logging_mixin.py:188} INFO - [2024-07-05T17:06:00.212+0000] {dag.py:3954} INFO - Setting next_dagrun for consume_1_and_2_with_dataset_expressions to None, run_after=None
[2024-07-05T17:06:00.213+0000] {logging_mixin.py:188} INFO - [2024-07-05T17:06:00.213+0000] {dag.py:3954} INFO - Setting next_dagrun for consume_1_or_2_with_dataset_expressions to None, run_after=None
[2024-07-05T17:06:00.213+0000] {logging_mixin.py:188} INFO - [2024-07-05T17:06:00.213+0000] {dag.py:3954} INFO - Setting next_dagrun for consume_1_or_both_2_and_3_with_dataset_expressions to None, run_after=None
[2024-07-05T17:06:00.214+0000] {logging_mixin.py:188} INFO - [2024-07-05T17:06:00.214+0000] {dag.py:3954} INFO - Setting next_dagrun for dataset_consumes_1 to None, run_after=None
[2024-07-05T17:06:00.214+0000] {logging_mixin.py:188} INFO - [2024-07-05T17:06:00.214+0000] {dag.py:3954} INFO - Setting next_dagrun for dataset_consumes_1_and_2 to None, run_after=None
[2024-07-05T17:06:00.215+0000] {logging_mixin.py:188} INFO - [2024-07-05T17:06:00.215+0000] {dag.py:3954} INFO - Setting next_dagrun for dataset_consumes_1_never_scheduled to None, run_after=None
[2024-07-05T17:06:00.215+0000] {logging_mixin.py:188} INFO - [2024-07-05T17:06:00.215+0000] {dag.py:3954} INFO - Setting next_dagrun for dataset_consumes_unknown_never_scheduled to None, run_after=None
[2024-07-05T17:06:00.216+0000] {logging_mixin.py:188} INFO - [2024-07-05T17:06:00.216+0000] {dag.py:3954} INFO - Setting next_dagrun for dataset_produces_1 to 2024-07-04 00:00:00+00:00, run_after=2024-07-05 00:00:00+00:00
[2024-07-05T17:06:00.217+0000] {logging_mixin.py:188} INFO - [2024-07-05T17:06:00.217+0000] {dag.py:3954} INFO - Setting next_dagrun for dataset_produces_2 to None, run_after=None
[2024-07-05T17:06:00.228+0000] {processor.py:183} INFO - Processing /home/airflow/.local/lib/python3.12/site-packages/airflow/example_dags/example_datasets.py took 0.051 seconds
[2024-07-05T18:15:51.753+0000] {processor.py:161} INFO - Started process (PID=7974) to work on /home/airflow/.local/lib/python3.12/site-packages/airflow/example_dags/example_datasets.py
[2024-07-05T18:15:51.754+0000] {processor.py:830} INFO - Processing file /home/airflow/.local/lib/python3.12/site-packages/airflow/example_dags/example_datasets.py for tasks to queue
[2024-07-05T18:15:51.754+0000] {logging_mixin.py:188} INFO - [2024-07-05T18:15:51.754+0000] {dagbag.py:545} INFO - Filling up the DagBag from /home/airflow/.local/lib/python3.12/site-packages/airflow/example_dags/example_datasets.py
[2024-07-05T18:15:51.760+0000] {processor.py:840} INFO - DAG(s) 'consume_1_or_both_2_and_3_with_dataset_expressions', 'dataset_produces_1', 'conditional_dataset_and_time_based_timetable', 'dataset_consumes_1_never_scheduled', 'consume_1_or_2_with_dataset_expressions', 'consume_1_and_2_with_dataset_expressions', 'dataset_produces_2', 'dataset_consumes_1', 'dataset_consumes_unknown_never_scheduled', 'dataset_consumes_1_and_2' retrieved from /home/airflow/.local/lib/python3.12/site-packages/airflow/example_dags/example_datasets.py
[2024-07-05T18:15:51.775+0000] {logging_mixin.py:188} INFO - [2024-07-05T18:15:51.775+0000] {dag.py:3096} INFO - Sync 10 DAGs
[2024-07-05T18:15:51.784+0000] {logging_mixin.py:188} INFO - [2024-07-05T18:15:51.784+0000] {dag.py:3954} INFO - Setting next_dagrun for conditional_dataset_and_time_based_timetable to 2024-07-10 01:00:00+00:00, run_after=2024-07-10 01:00:00+00:00
[2024-07-05T18:15:51.786+0000] {logging_mixin.py:188} INFO - [2024-07-05T18:15:51.786+0000] {dag.py:3954} INFO - Setting next_dagrun for consume_1_and_2_with_dataset_expressions to None, run_after=None
[2024-07-05T18:15:51.786+0000] {logging_mixin.py:188} INFO - [2024-07-05T18:15:51.786+0000] {dag.py:3954} INFO - Setting next_dagrun for consume_1_or_2_with_dataset_expressions to None, run_after=None
[2024-07-05T18:15:51.787+0000] {logging_mixin.py:188} INFO - [2024-07-05T18:15:51.787+0000] {dag.py:3954} INFO - Setting next_dagrun for consume_1_or_both_2_and_3_with_dataset_expressions to None, run_after=None
[2024-07-05T18:15:51.787+0000] {logging_mixin.py:188} INFO - [2024-07-05T18:15:51.787+0000] {dag.py:3954} INFO - Setting next_dagrun for dataset_consumes_1 to None, run_after=None
[2024-07-05T18:15:51.788+0000] {logging_mixin.py:188} INFO - [2024-07-05T18:15:51.788+0000] {dag.py:3954} INFO - Setting next_dagrun for dataset_consumes_1_and_2 to None, run_after=None
[2024-07-05T18:15:51.788+0000] {logging_mixin.py:188} INFO - [2024-07-05T18:15:51.788+0000] {dag.py:3954} INFO - Setting next_dagrun for dataset_consumes_1_never_scheduled to None, run_after=None
[2024-07-05T18:15:51.788+0000] {logging_mixin.py:188} INFO - [2024-07-05T18:15:51.788+0000] {dag.py:3954} INFO - Setting next_dagrun for dataset_consumes_unknown_never_scheduled to None, run_after=None
[2024-07-05T18:15:51.789+0000] {logging_mixin.py:188} INFO - [2024-07-05T18:15:51.789+0000] {dag.py:3954} INFO - Setting next_dagrun for dataset_produces_1 to 2024-07-04 00:00:00+00:00, run_after=2024-07-05 00:00:00+00:00
[2024-07-05T18:15:51.789+0000] {logging_mixin.py:188} INFO - [2024-07-05T18:15:51.789+0000] {dag.py:3954} INFO - Setting next_dagrun for dataset_produces_2 to None, run_after=None
[2024-07-05T18:15:51.801+0000] {processor.py:183} INFO - Processing /home/airflow/.local/lib/python3.12/site-packages/airflow/example_dags/example_datasets.py took 0.050 seconds
[2024-07-05T19:56:48.255+0000] {processor.py:161} INFO - Started process (PID=8032) to work on /home/airflow/.local/lib/python3.12/site-packages/airflow/example_dags/example_datasets.py
[2024-07-05T19:56:48.255+0000] {processor.py:830} INFO - Processing file /home/airflow/.local/lib/python3.12/site-packages/airflow/example_dags/example_datasets.py for tasks to queue
[2024-07-05T19:56:48.256+0000] {logging_mixin.py:188} INFO - [2024-07-05T19:56:48.256+0000] {dagbag.py:545} INFO - Filling up the DagBag from /home/airflow/.local/lib/python3.12/site-packages/airflow/example_dags/example_datasets.py
[2024-07-05T19:56:48.261+0000] {processor.py:840} INFO - DAG(s) 'consume_1_and_2_with_dataset_expressions', 'dataset_consumes_unknown_never_scheduled', 'dataset_produces_2', 'consume_1_or_2_with_dataset_expressions', 'conditional_dataset_and_time_based_timetable', 'dataset_consumes_1', 'dataset_consumes_1_never_scheduled', 'dataset_produces_1', 'consume_1_or_both_2_and_3_with_dataset_expressions', 'dataset_consumes_1_and_2' retrieved from /home/airflow/.local/lib/python3.12/site-packages/airflow/example_dags/example_datasets.py
[2024-07-05T19:56:48.276+0000] {logging_mixin.py:188} INFO - [2024-07-05T19:56:48.276+0000] {dag.py:3096} INFO - Sync 10 DAGs
[2024-07-05T19:56:48.284+0000] {logging_mixin.py:188} INFO - [2024-07-05T19:56:48.284+0000] {dag.py:3954} INFO - Setting next_dagrun for conditional_dataset_and_time_based_timetable to 2024-07-10 01:00:00+00:00, run_after=2024-07-10 01:00:00+00:00
[2024-07-05T19:56:48.285+0000] {logging_mixin.py:188} INFO - [2024-07-05T19:56:48.285+0000] {dag.py:3954} INFO - Setting next_dagrun for consume_1_and_2_with_dataset_expressions to None, run_after=None
[2024-07-05T19:56:48.286+0000] {logging_mixin.py:188} INFO - [2024-07-05T19:56:48.286+0000] {dag.py:3954} INFO - Setting next_dagrun for consume_1_or_2_with_dataset_expressions to None, run_after=None
[2024-07-05T19:56:48.286+0000] {logging_mixin.py:188} INFO - [2024-07-05T19:56:48.286+0000] {dag.py:3954} INFO - Setting next_dagrun for consume_1_or_both_2_and_3_with_dataset_expressions to None, run_after=None
[2024-07-05T19:56:48.287+0000] {logging_mixin.py:188} INFO - [2024-07-05T19:56:48.287+0000] {dag.py:3954} INFO - Setting next_dagrun for dataset_consumes_1 to None, run_after=None
[2024-07-05T19:56:48.287+0000] {logging_mixin.py:188} INFO - [2024-07-05T19:56:48.287+0000] {dag.py:3954} INFO - Setting next_dagrun for dataset_consumes_1_and_2 to None, run_after=None
[2024-07-05T19:56:48.288+0000] {logging_mixin.py:188} INFO - [2024-07-05T19:56:48.288+0000] {dag.py:3954} INFO - Setting next_dagrun for dataset_consumes_1_never_scheduled to None, run_after=None
[2024-07-05T19:56:48.288+0000] {logging_mixin.py:188} INFO - [2024-07-05T19:56:48.288+0000] {dag.py:3954} INFO - Setting next_dagrun for dataset_consumes_unknown_never_scheduled to None, run_after=None
[2024-07-05T19:56:48.289+0000] {logging_mixin.py:188} INFO - [2024-07-05T19:56:48.289+0000] {dag.py:3954} INFO - Setting next_dagrun for dataset_produces_1 to 2024-07-04 00:00:00+00:00, run_after=2024-07-05 00:00:00+00:00
[2024-07-05T19:56:48.289+0000] {logging_mixin.py:188} INFO - [2024-07-05T19:56:48.289+0000] {dag.py:3954} INFO - Setting next_dagrun for dataset_produces_2 to None, run_after=None
[2024-07-05T19:56:48.299+0000] {processor.py:183} INFO - Processing /home/airflow/.local/lib/python3.12/site-packages/airflow/example_dags/example_datasets.py took 0.046 seconds
[2024-07-05T21:19:03.141+0000] {processor.py:161} INFO - Started process (PID=8089) to work on /home/airflow/.local/lib/python3.12/site-packages/airflow/example_dags/example_datasets.py
[2024-07-05T21:19:03.142+0000] {processor.py:830} INFO - Processing file /home/airflow/.local/lib/python3.12/site-packages/airflow/example_dags/example_datasets.py for tasks to queue
[2024-07-05T21:19:03.142+0000] {logging_mixin.py:188} INFO - [2024-07-05T21:19:03.142+0000] {dagbag.py:545} INFO - Filling up the DagBag from /home/airflow/.local/lib/python3.12/site-packages/airflow/example_dags/example_datasets.py
[2024-07-05T21:19:03.148+0000] {processor.py:840} INFO - DAG(s) 'dataset_consumes_1_never_scheduled', 'consume_1_or_2_with_dataset_expressions', 'dataset_consumes_1', 'consume_1_or_both_2_and_3_with_dataset_expressions', 'dataset_consumes_1_and_2', 'dataset_produces_1', 'dataset_consumes_unknown_never_scheduled', 'conditional_dataset_and_time_based_timetable', 'dataset_produces_2', 'consume_1_and_2_with_dataset_expressions' retrieved from /home/airflow/.local/lib/python3.12/site-packages/airflow/example_dags/example_datasets.py
[2024-07-05T21:19:03.163+0000] {logging_mixin.py:188} INFO - [2024-07-05T21:19:03.163+0000] {dag.py:3096} INFO - Sync 10 DAGs
[2024-07-05T21:19:03.172+0000] {logging_mixin.py:188} INFO - [2024-07-05T21:19:03.172+0000] {dag.py:3954} INFO - Setting next_dagrun for conditional_dataset_and_time_based_timetable to 2024-07-10 01:00:00+00:00, run_after=2024-07-10 01:00:00+00:00
[2024-07-05T21:19:03.173+0000] {logging_mixin.py:188} INFO - [2024-07-05T21:19:03.173+0000] {dag.py:3954} INFO - Setting next_dagrun for consume_1_and_2_with_dataset_expressions to None, run_after=None
[2024-07-05T21:19:03.173+0000] {logging_mixin.py:188} INFO - [2024-07-05T21:19:03.173+0000] {dag.py:3954} INFO - Setting next_dagrun for consume_1_or_2_with_dataset_expressions to None, run_after=None
[2024-07-05T21:19:03.174+0000] {logging_mixin.py:188} INFO - [2024-07-05T21:19:03.174+0000] {dag.py:3954} INFO - Setting next_dagrun for consume_1_or_both_2_and_3_with_dataset_expressions to None, run_after=None
[2024-07-05T21:19:03.174+0000] {logging_mixin.py:188} INFO - [2024-07-05T21:19:03.174+0000] {dag.py:3954} INFO - Setting next_dagrun for dataset_consumes_1 to None, run_after=None
[2024-07-05T21:19:03.175+0000] {logging_mixin.py:188} INFO - [2024-07-05T21:19:03.175+0000] {dag.py:3954} INFO - Setting next_dagrun for dataset_consumes_1_and_2 to None, run_after=None
[2024-07-05T21:19:03.175+0000] {logging_mixin.py:188} INFO - [2024-07-05T21:19:03.175+0000] {dag.py:3954} INFO - Setting next_dagrun for dataset_consumes_1_never_scheduled to None, run_after=None
[2024-07-05T21:19:03.176+0000] {logging_mixin.py:188} INFO - [2024-07-05T21:19:03.176+0000] {dag.py:3954} INFO - Setting next_dagrun for dataset_consumes_unknown_never_scheduled to None, run_after=None
[2024-07-05T21:19:03.177+0000] {logging_mixin.py:188} INFO - [2024-07-05T21:19:03.177+0000] {dag.py:3954} INFO - Setting next_dagrun for dataset_produces_1 to 2024-07-04 00:00:00+00:00, run_after=2024-07-05 00:00:00+00:00
[2024-07-05T21:19:03.177+0000] {logging_mixin.py:188} INFO - [2024-07-05T21:19:03.177+0000] {dag.py:3954} INFO - Setting next_dagrun for dataset_produces_2 to None, run_after=None
[2024-07-05T21:19:03.187+0000] {processor.py:183} INFO - Processing /home/airflow/.local/lib/python3.12/site-packages/airflow/example_dags/example_datasets.py took 0.048 seconds
[2024-07-05T22:43:31.032+0000] {processor.py:161} INFO - Started process (PID=8147) to work on /home/airflow/.local/lib/python3.12/site-packages/airflow/example_dags/example_datasets.py
[2024-07-05T22:43:31.032+0000] {processor.py:830} INFO - Processing file /home/airflow/.local/lib/python3.12/site-packages/airflow/example_dags/example_datasets.py for tasks to queue
[2024-07-05T22:43:31.033+0000] {logging_mixin.py:188} INFO - [2024-07-05T22:43:31.033+0000] {dagbag.py:545} INFO - Filling up the DagBag from /home/airflow/.local/lib/python3.12/site-packages/airflow/example_dags/example_datasets.py
[2024-07-05T22:43:31.039+0000] {processor.py:840} INFO - DAG(s) 'dataset_consumes_unknown_never_scheduled', 'consume_1_and_2_with_dataset_expressions', 'consume_1_or_2_with_dataset_expressions', 'dataset_consumes_1_never_scheduled', 'dataset_consumes_1', 'dataset_produces_2', 'consume_1_or_both_2_and_3_with_dataset_expressions', 'dataset_produces_1', 'dataset_consumes_1_and_2', 'conditional_dataset_and_time_based_timetable' retrieved from /home/airflow/.local/lib/python3.12/site-packages/airflow/example_dags/example_datasets.py
[2024-07-05T22:43:31.054+0000] {logging_mixin.py:188} INFO - [2024-07-05T22:43:31.054+0000] {dag.py:3096} INFO - Sync 10 DAGs
[2024-07-05T22:43:31.063+0000] {logging_mixin.py:188} INFO - [2024-07-05T22:43:31.063+0000] {dag.py:3954} INFO - Setting next_dagrun for conditional_dataset_and_time_based_timetable to 2024-07-10 01:00:00+00:00, run_after=2024-07-10 01:00:00+00:00
[2024-07-05T22:43:31.065+0000] {logging_mixin.py:188} INFO - [2024-07-05T22:43:31.065+0000] {dag.py:3954} INFO - Setting next_dagrun for consume_1_and_2_with_dataset_expressions to None, run_after=None
[2024-07-05T22:43:31.065+0000] {logging_mixin.py:188} INFO - [2024-07-05T22:43:31.065+0000] {dag.py:3954} INFO - Setting next_dagrun for consume_1_or_2_with_dataset_expressions to None, run_after=None
[2024-07-05T22:43:31.066+0000] {logging_mixin.py:188} INFO - [2024-07-05T22:43:31.066+0000] {dag.py:3954} INFO - Setting next_dagrun for consume_1_or_both_2_and_3_with_dataset_expressions to None, run_after=None
[2024-07-05T22:43:31.066+0000] {logging_mixin.py:188} INFO - [2024-07-05T22:43:31.066+0000] {dag.py:3954} INFO - Setting next_dagrun for dataset_consumes_1 to None, run_after=None
[2024-07-05T22:43:31.066+0000] {logging_mixin.py:188} INFO - [2024-07-05T22:43:31.066+0000] {dag.py:3954} INFO - Setting next_dagrun for dataset_consumes_1_and_2 to None, run_after=None
[2024-07-05T22:43:31.067+0000] {logging_mixin.py:188} INFO - [2024-07-05T22:43:31.067+0000] {dag.py:3954} INFO - Setting next_dagrun for dataset_consumes_1_never_scheduled to None, run_after=None
[2024-07-05T22:43:31.067+0000] {logging_mixin.py:188} INFO - [2024-07-05T22:43:31.067+0000] {dag.py:3954} INFO - Setting next_dagrun for dataset_consumes_unknown_never_scheduled to None, run_after=None
[2024-07-05T22:43:31.068+0000] {logging_mixin.py:188} INFO - [2024-07-05T22:43:31.068+0000] {dag.py:3954} INFO - Setting next_dagrun for dataset_produces_1 to 2024-07-04 00:00:00+00:00, run_after=2024-07-05 00:00:00+00:00
[2024-07-05T22:43:31.068+0000] {logging_mixin.py:188} INFO - [2024-07-05T22:43:31.068+0000] {dag.py:3954} INFO - Setting next_dagrun for dataset_produces_2 to None, run_after=None
[2024-07-05T22:43:31.080+0000] {processor.py:183} INFO - Processing /home/airflow/.local/lib/python3.12/site-packages/airflow/example_dags/example_datasets.py took 0.050 seconds
