[2024-07-05T00:02:34.454+0000] {processor.py:161} INFO - Started process (PID=6693) to work on /home/airflow/.local/lib/python3.12/site-packages/airflow/example_dags/example_task_group_decorator.py
[2024-07-05T00:02:34.454+0000] {processor.py:830} INFO - Processing file /home/airflow/.local/lib/python3.12/site-packages/airflow/example_dags/example_task_group_decorator.py for tasks to queue
[2024-07-05T00:02:34.455+0000] {logging_mixin.py:188} INFO - [2024-07-05T00:02:34.455+0000] {dagbag.py:545} INFO - Filling up the DagBag from /home/airflow/.local/lib/python3.12/site-packages/airflow/example_dags/example_task_group_decorator.py
[2024-07-05T00:02:34.463+0000] {processor.py:840} INFO - DAG(s) 'example_task_group_decorator' retrieved from /home/airflow/.local/lib/python3.12/site-packages/airflow/example_dags/example_task_group_decorator.py
[2024-07-05T00:02:34.474+0000] {logging_mixin.py:188} INFO - [2024-07-05T00:02:34.474+0000] {dag.py:3096} INFO - Sync 1 DAGs
[2024-07-05T00:02:34.484+0000] {logging_mixin.py:188} INFO - [2024-07-05T00:02:34.484+0000] {dag.py:3954} INFO - Setting next_dagrun for example_task_group_decorator to 2024-07-04 00:00:00+00:00, run_after=2024-07-05 00:00:00+00:00
[2024-07-05T00:02:34.495+0000] {processor.py:183} INFO - Processing /home/airflow/.local/lib/python3.12/site-packages/airflow/example_dags/example_task_group_decorator.py took 0.044 seconds
[2024-07-05T01:02:57.675+0000] {processor.py:161} INFO - Started process (PID=6751) to work on /home/airflow/.local/lib/python3.12/site-packages/airflow/example_dags/example_task_group_decorator.py
[2024-07-05T01:02:57.676+0000] {processor.py:830} INFO - Processing file /home/airflow/.local/lib/python3.12/site-packages/airflow/example_dags/example_task_group_decorator.py for tasks to queue
[2024-07-05T01:02:57.677+0000] {logging_mixin.py:188} INFO - [2024-07-05T01:02:57.677+0000] {dagbag.py:545} INFO - Filling up the DagBag from /home/airflow/.local/lib/python3.12/site-packages/airflow/example_dags/example_task_group_decorator.py
[2024-07-05T01:02:57.683+0000] {processor.py:840} INFO - DAG(s) 'example_task_group_decorator' retrieved from /home/airflow/.local/lib/python3.12/site-packages/airflow/example_dags/example_task_group_decorator.py
[2024-07-05T01:02:57.692+0000] {logging_mixin.py:188} INFO - [2024-07-05T01:02:57.692+0000] {dag.py:3096} INFO - Sync 1 DAGs
[2024-07-05T01:02:57.700+0000] {logging_mixin.py:188} INFO - [2024-07-05T01:02:57.700+0000] {dag.py:3954} INFO - Setting next_dagrun for example_task_group_decorator to 2024-07-04 00:00:00+00:00, run_after=2024-07-05 00:00:00+00:00
[2024-07-05T01:02:57.707+0000] {processor.py:183} INFO - Processing /home/airflow/.local/lib/python3.12/site-packages/airflow/example_dags/example_task_group_decorator.py took 0.034 seconds
[2024-07-05T01:09:19.738+0000] {processor.py:161} INFO - Started process (PID=6815) to work on /home/airflow/.local/lib/python3.12/site-packages/airflow/example_dags/example_task_group_decorator.py
[2024-07-05T01:09:19.738+0000] {processor.py:830} INFO - Processing file /home/airflow/.local/lib/python3.12/site-packages/airflow/example_dags/example_task_group_decorator.py for tasks to queue
[2024-07-05T01:09:19.739+0000] {logging_mixin.py:188} INFO - [2024-07-05T01:09:19.739+0000] {dagbag.py:545} INFO - Filling up the DagBag from /home/airflow/.local/lib/python3.12/site-packages/airflow/example_dags/example_task_group_decorator.py
[2024-07-05T01:09:19.745+0000] {processor.py:840} INFO - DAG(s) 'example_task_group_decorator' retrieved from /home/airflow/.local/lib/python3.12/site-packages/airflow/example_dags/example_task_group_decorator.py
[2024-07-05T01:09:19.754+0000] {logging_mixin.py:188} INFO - [2024-07-05T01:09:19.754+0000] {dag.py:3096} INFO - Sync 1 DAGs
[2024-07-05T01:09:19.825+0000] {logging_mixin.py:188} INFO - [2024-07-05T01:09:19.825+0000] {dag.py:3954} INFO - Setting next_dagrun for example_task_group_decorator to 2024-07-04 00:00:00+00:00, run_after=2024-07-05 00:00:00+00:00
[2024-07-05T01:09:19.831+0000] {processor.py:183} INFO - Processing /home/airflow/.local/lib/python3.12/site-packages/airflow/example_dags/example_task_group_decorator.py took 0.096 seconds
[2024-07-05T01:29:59.379+0000] {processor.py:161} INFO - Started process (PID=6867) to work on /home/airflow/.local/lib/python3.12/site-packages/airflow/example_dags/example_task_group_decorator.py
[2024-07-05T01:29:59.380+0000] {processor.py:830} INFO - Processing file /home/airflow/.local/lib/python3.12/site-packages/airflow/example_dags/example_task_group_decorator.py for tasks to queue
[2024-07-05T01:29:59.382+0000] {logging_mixin.py:188} INFO - [2024-07-05T01:29:59.381+0000] {dagbag.py:545} INFO - Filling up the DagBag from /home/airflow/.local/lib/python3.12/site-packages/airflow/example_dags/example_task_group_decorator.py
[2024-07-05T01:29:59.388+0000] {processor.py:840} INFO - DAG(s) 'example_task_group_decorator' retrieved from /home/airflow/.local/lib/python3.12/site-packages/airflow/example_dags/example_task_group_decorator.py
[2024-07-05T01:29:59.396+0000] {logging_mixin.py:188} INFO - [2024-07-05T01:29:59.396+0000] {dag.py:3096} INFO - Sync 1 DAGs
[2024-07-05T01:29:59.404+0000] {logging_mixin.py:188} INFO - [2024-07-05T01:29:59.404+0000] {dag.py:3954} INFO - Setting next_dagrun for example_task_group_decorator to 2024-07-04 00:00:00+00:00, run_after=2024-07-05 00:00:00+00:00
[2024-07-05T01:29:59.477+0000] {processor.py:183} INFO - Processing /home/airflow/.local/lib/python3.12/site-packages/airflow/example_dags/example_task_group_decorator.py took 0.101 seconds
[2024-07-05T01:57:33.503+0000] {processor.py:161} INFO - Started process (PID=6925) to work on /home/airflow/.local/lib/python3.12/site-packages/airflow/example_dags/example_task_group_decorator.py
[2024-07-05T01:57:33.503+0000] {processor.py:830} INFO - Processing file /home/airflow/.local/lib/python3.12/site-packages/airflow/example_dags/example_task_group_decorator.py for tasks to queue
[2024-07-05T01:57:33.504+0000] {logging_mixin.py:188} INFO - [2024-07-05T01:57:33.504+0000] {dagbag.py:545} INFO - Filling up the DagBag from /home/airflow/.local/lib/python3.12/site-packages/airflow/example_dags/example_task_group_decorator.py
[2024-07-05T01:57:33.509+0000] {processor.py:840} INFO - DAG(s) 'example_task_group_decorator' retrieved from /home/airflow/.local/lib/python3.12/site-packages/airflow/example_dags/example_task_group_decorator.py
[2024-07-05T01:57:33.517+0000] {logging_mixin.py:188} INFO - [2024-07-05T01:57:33.517+0000] {dag.py:3096} INFO - Sync 1 DAGs
[2024-07-05T01:57:33.525+0000] {logging_mixin.py:188} INFO - [2024-07-05T01:57:33.525+0000] {dag.py:3954} INFO - Setting next_dagrun for example_task_group_decorator to 2024-07-04 00:00:00+00:00, run_after=2024-07-05 00:00:00+00:00
[2024-07-05T01:57:33.598+0000] {processor.py:183} INFO - Processing /home/airflow/.local/lib/python3.12/site-packages/airflow/example_dags/example_task_group_decorator.py took 0.098 seconds
[2024-07-05T02:35:34.765+0000] {processor.py:161} INFO - Started process (PID=6983) to work on /home/airflow/.local/lib/python3.12/site-packages/airflow/example_dags/example_task_group_decorator.py
[2024-07-05T02:35:34.765+0000] {processor.py:830} INFO - Processing file /home/airflow/.local/lib/python3.12/site-packages/airflow/example_dags/example_task_group_decorator.py for tasks to queue
[2024-07-05T02:35:34.766+0000] {logging_mixin.py:188} INFO - [2024-07-05T02:35:34.766+0000] {dagbag.py:545} INFO - Filling up the DagBag from /home/airflow/.local/lib/python3.12/site-packages/airflow/example_dags/example_task_group_decorator.py
[2024-07-05T02:35:34.771+0000] {processor.py:840} INFO - DAG(s) 'example_task_group_decorator' retrieved from /home/airflow/.local/lib/python3.12/site-packages/airflow/example_dags/example_task_group_decorator.py
[2024-07-05T02:35:34.780+0000] {logging_mixin.py:188} INFO - [2024-07-05T02:35:34.780+0000] {dag.py:3096} INFO - Sync 1 DAGs
[2024-07-05T02:35:34.788+0000] {logging_mixin.py:188} INFO - [2024-07-05T02:35:34.788+0000] {dag.py:3954} INFO - Setting next_dagrun for example_task_group_decorator to 2024-07-04 00:00:00+00:00, run_after=2024-07-05 00:00:00+00:00
[2024-07-05T02:35:34.795+0000] {processor.py:183} INFO - Processing /home/airflow/.local/lib/python3.12/site-packages/airflow/example_dags/example_task_group_decorator.py took 0.033 seconds
[2024-07-05T03:38:52.798+0000] {processor.py:161} INFO - Started process (PID=7041) to work on /home/airflow/.local/lib/python3.12/site-packages/airflow/example_dags/example_task_group_decorator.py
[2024-07-05T03:38:52.799+0000] {processor.py:830} INFO - Processing file /home/airflow/.local/lib/python3.12/site-packages/airflow/example_dags/example_task_group_decorator.py for tasks to queue
[2024-07-05T03:38:52.800+0000] {logging_mixin.py:188} INFO - [2024-07-05T03:38:52.799+0000] {dagbag.py:545} INFO - Filling up the DagBag from /home/airflow/.local/lib/python3.12/site-packages/airflow/example_dags/example_task_group_decorator.py
[2024-07-05T03:38:52.805+0000] {processor.py:840} INFO - DAG(s) 'example_task_group_decorator' retrieved from /home/airflow/.local/lib/python3.12/site-packages/airflow/example_dags/example_task_group_decorator.py
[2024-07-05T03:38:52.814+0000] {logging_mixin.py:188} INFO - [2024-07-05T03:38:52.814+0000] {dag.py:3096} INFO - Sync 1 DAGs
[2024-07-05T03:38:52.822+0000] {logging_mixin.py:188} INFO - [2024-07-05T03:38:52.822+0000] {dag.py:3954} INFO - Setting next_dagrun for example_task_group_decorator to 2024-07-04 00:00:00+00:00, run_after=2024-07-05 00:00:00+00:00
[2024-07-05T03:38:52.828+0000] {processor.py:183} INFO - Processing /home/airflow/.local/lib/python3.12/site-packages/airflow/example_dags/example_task_group_decorator.py took 0.032 seconds
[2024-07-05T04:05:58.548+0000] {processor.py:161} INFO - Started process (PID=7099) to work on /home/airflow/.local/lib/python3.12/site-packages/airflow/example_dags/example_task_group_decorator.py
[2024-07-05T04:05:58.549+0000] {processor.py:830} INFO - Processing file /home/airflow/.local/lib/python3.12/site-packages/airflow/example_dags/example_task_group_decorator.py for tasks to queue
[2024-07-05T04:05:58.549+0000] {logging_mixin.py:188} INFO - [2024-07-05T04:05:58.549+0000] {dagbag.py:545} INFO - Filling up the DagBag from /home/airflow/.local/lib/python3.12/site-packages/airflow/example_dags/example_task_group_decorator.py
[2024-07-05T04:05:58.555+0000] {processor.py:840} INFO - DAG(s) 'example_task_group_decorator' retrieved from /home/airflow/.local/lib/python3.12/site-packages/airflow/example_dags/example_task_group_decorator.py
[2024-07-05T04:05:58.564+0000] {logging_mixin.py:188} INFO - [2024-07-05T04:05:58.564+0000] {dag.py:3096} INFO - Sync 1 DAGs
[2024-07-05T04:05:58.572+0000] {logging_mixin.py:188} INFO - [2024-07-05T04:05:58.572+0000] {dag.py:3954} INFO - Setting next_dagrun for example_task_group_decorator to 2024-07-04 00:00:00+00:00, run_after=2024-07-05 00:00:00+00:00
[2024-07-05T04:05:58.578+0000] {processor.py:183} INFO - Processing /home/airflow/.local/lib/python3.12/site-packages/airflow/example_dags/example_task_group_decorator.py took 0.032 seconds
[2024-07-05T05:07:03.652+0000] {processor.py:161} INFO - Started process (PID=7163) to work on /home/airflow/.local/lib/python3.12/site-packages/airflow/example_dags/example_task_group_decorator.py
[2024-07-05T05:07:03.652+0000] {processor.py:830} INFO - Processing file /home/airflow/.local/lib/python3.12/site-packages/airflow/example_dags/example_task_group_decorator.py for tasks to queue
[2024-07-05T05:07:03.653+0000] {logging_mixin.py:188} INFO - [2024-07-05T05:07:03.652+0000] {dagbag.py:545} INFO - Filling up the DagBag from /home/airflow/.local/lib/python3.12/site-packages/airflow/example_dags/example_task_group_decorator.py
[2024-07-05T05:07:03.658+0000] {processor.py:840} INFO - DAG(s) 'example_task_group_decorator' retrieved from /home/airflow/.local/lib/python3.12/site-packages/airflow/example_dags/example_task_group_decorator.py
[2024-07-05T05:07:03.667+0000] {logging_mixin.py:188} INFO - [2024-07-05T05:07:03.667+0000] {dag.py:3096} INFO - Sync 1 DAGs
[2024-07-05T05:07:03.675+0000] {logging_mixin.py:188} INFO - [2024-07-05T05:07:03.675+0000] {dag.py:3954} INFO - Setting next_dagrun for example_task_group_decorator to 2024-07-04 00:00:00+00:00, run_after=2024-07-05 00:00:00+00:00
[2024-07-05T05:07:03.682+0000] {processor.py:183} INFO - Processing /home/airflow/.local/lib/python3.12/site-packages/airflow/example_dags/example_task_group_decorator.py took 0.033 seconds
[2024-07-05T06:07:56.334+0000] {processor.py:161} INFO - Started process (PID=7215) to work on /home/airflow/.local/lib/python3.12/site-packages/airflow/example_dags/example_task_group_decorator.py
[2024-07-05T06:07:56.334+0000] {processor.py:830} INFO - Processing file /home/airflow/.local/lib/python3.12/site-packages/airflow/example_dags/example_task_group_decorator.py for tasks to queue
[2024-07-05T06:07:56.335+0000] {logging_mixin.py:188} INFO - [2024-07-05T06:07:56.335+0000] {dagbag.py:545} INFO - Filling up the DagBag from /home/airflow/.local/lib/python3.12/site-packages/airflow/example_dags/example_task_group_decorator.py
[2024-07-05T06:07:56.341+0000] {processor.py:840} INFO - DAG(s) 'example_task_group_decorator' retrieved from /home/airflow/.local/lib/python3.12/site-packages/airflow/example_dags/example_task_group_decorator.py
[2024-07-05T06:07:56.349+0000] {logging_mixin.py:188} INFO - [2024-07-05T06:07:56.349+0000] {dag.py:3096} INFO - Sync 1 DAGs
[2024-07-05T06:07:56.357+0000] {logging_mixin.py:188} INFO - [2024-07-05T06:07:56.357+0000] {dag.py:3954} INFO - Setting next_dagrun for example_task_group_decorator to 2024-07-04 00:00:00+00:00, run_after=2024-07-05 00:00:00+00:00
[2024-07-05T06:07:56.364+0000] {processor.py:183} INFO - Processing /home/airflow/.local/lib/python3.12/site-packages/airflow/example_dags/example_task_group_decorator.py took 0.032 seconds
[2024-07-05T07:08:55.169+0000] {processor.py:161} INFO - Started process (PID=7273) to work on /home/airflow/.local/lib/python3.12/site-packages/airflow/example_dags/example_task_group_decorator.py
[2024-07-05T07:08:55.169+0000] {processor.py:830} INFO - Processing file /home/airflow/.local/lib/python3.12/site-packages/airflow/example_dags/example_task_group_decorator.py for tasks to queue
[2024-07-05T07:08:55.170+0000] {logging_mixin.py:188} INFO - [2024-07-05T07:08:55.170+0000] {dagbag.py:545} INFO - Filling up the DagBag from /home/airflow/.local/lib/python3.12/site-packages/airflow/example_dags/example_task_group_decorator.py
[2024-07-05T07:08:55.175+0000] {processor.py:840} INFO - DAG(s) 'example_task_group_decorator' retrieved from /home/airflow/.local/lib/python3.12/site-packages/airflow/example_dags/example_task_group_decorator.py
[2024-07-05T07:08:55.184+0000] {logging_mixin.py:188} INFO - [2024-07-05T07:08:55.184+0000] {dag.py:3096} INFO - Sync 1 DAGs
[2024-07-05T07:08:55.192+0000] {logging_mixin.py:188} INFO - [2024-07-05T07:08:55.191+0000] {dag.py:3954} INFO - Setting next_dagrun for example_task_group_decorator to 2024-07-04 00:00:00+00:00, run_after=2024-07-05 00:00:00+00:00
[2024-07-05T07:08:55.198+0000] {processor.py:183} INFO - Processing /home/airflow/.local/lib/python3.12/site-packages/airflow/example_dags/example_task_group_decorator.py took 0.032 seconds
[2024-07-05T08:09:52.197+0000] {processor.py:161} INFO - Started process (PID=7331) to work on /home/airflow/.local/lib/python3.12/site-packages/airflow/example_dags/example_task_group_decorator.py
[2024-07-05T08:09:52.198+0000] {processor.py:830} INFO - Processing file /home/airflow/.local/lib/python3.12/site-packages/airflow/example_dags/example_task_group_decorator.py for tasks to queue
[2024-07-05T08:09:52.198+0000] {logging_mixin.py:188} INFO - [2024-07-05T08:09:52.198+0000] {dagbag.py:545} INFO - Filling up the DagBag from /home/airflow/.local/lib/python3.12/site-packages/airflow/example_dags/example_task_group_decorator.py
[2024-07-05T08:09:52.205+0000] {processor.py:840} INFO - DAG(s) 'example_task_group_decorator' retrieved from /home/airflow/.local/lib/python3.12/site-packages/airflow/example_dags/example_task_group_decorator.py
[2024-07-05T08:09:52.214+0000] {logging_mixin.py:188} INFO - [2024-07-05T08:09:52.214+0000] {dag.py:3096} INFO - Sync 1 DAGs
[2024-07-05T08:09:52.223+0000] {logging_mixin.py:188} INFO - [2024-07-05T08:09:52.223+0000] {dag.py:3954} INFO - Setting next_dagrun for example_task_group_decorator to 2024-07-04 00:00:00+00:00, run_after=2024-07-05 00:00:00+00:00
[2024-07-05T08:09:52.230+0000] {processor.py:183} INFO - Processing /home/airflow/.local/lib/python3.12/site-packages/airflow/example_dags/example_task_group_decorator.py took 0.036 seconds
[2024-07-05T08:32:39.554+0000] {processor.py:161} INFO - Started process (PID=7389) to work on /home/airflow/.local/lib/python3.12/site-packages/airflow/example_dags/example_task_group_decorator.py
[2024-07-05T08:32:39.555+0000] {processor.py:830} INFO - Processing file /home/airflow/.local/lib/python3.12/site-packages/airflow/example_dags/example_task_group_decorator.py for tasks to queue
[2024-07-05T08:32:39.555+0000] {logging_mixin.py:188} INFO - [2024-07-05T08:32:39.555+0000] {dagbag.py:545} INFO - Filling up the DagBag from /home/airflow/.local/lib/python3.12/site-packages/airflow/example_dags/example_task_group_decorator.py
[2024-07-05T08:32:39.561+0000] {processor.py:840} INFO - DAG(s) 'example_task_group_decorator' retrieved from /home/airflow/.local/lib/python3.12/site-packages/airflow/example_dags/example_task_group_decorator.py
[2024-07-05T08:32:39.570+0000] {logging_mixin.py:188} INFO - [2024-07-05T08:32:39.570+0000] {dag.py:3096} INFO - Sync 1 DAGs
[2024-07-05T08:32:39.577+0000] {logging_mixin.py:188} INFO - [2024-07-05T08:32:39.577+0000] {dag.py:3954} INFO - Setting next_dagrun for example_task_group_decorator to 2024-07-04 00:00:00+00:00, run_after=2024-07-05 00:00:00+00:00
[2024-07-05T08:32:39.586+0000] {processor.py:183} INFO - Processing /home/airflow/.local/lib/python3.12/site-packages/airflow/example_dags/example_task_group_decorator.py took 0.034 seconds
[2024-07-05T09:12:26.440+0000] {processor.py:161} INFO - Started process (PID=7447) to work on /home/airflow/.local/lib/python3.12/site-packages/airflow/example_dags/example_task_group_decorator.py
[2024-07-05T09:12:26.440+0000] {processor.py:830} INFO - Processing file /home/airflow/.local/lib/python3.12/site-packages/airflow/example_dags/example_task_group_decorator.py for tasks to queue
[2024-07-05T09:12:26.441+0000] {logging_mixin.py:188} INFO - [2024-07-05T09:12:26.441+0000] {dagbag.py:545} INFO - Filling up the DagBag from /home/airflow/.local/lib/python3.12/site-packages/airflow/example_dags/example_task_group_decorator.py
[2024-07-05T09:12:26.447+0000] {processor.py:840} INFO - DAG(s) 'example_task_group_decorator' retrieved from /home/airflow/.local/lib/python3.12/site-packages/airflow/example_dags/example_task_group_decorator.py
[2024-07-05T09:12:26.456+0000] {logging_mixin.py:188} INFO - [2024-07-05T09:12:26.456+0000] {dag.py:3096} INFO - Sync 1 DAGs
[2024-07-05T09:12:26.464+0000] {logging_mixin.py:188} INFO - [2024-07-05T09:12:26.464+0000] {dag.py:3954} INFO - Setting next_dagrun for example_task_group_decorator to 2024-07-04 00:00:00+00:00, run_after=2024-07-05 00:00:00+00:00
[2024-07-05T09:12:26.471+0000] {processor.py:183} INFO - Processing /home/airflow/.local/lib/python3.12/site-packages/airflow/example_dags/example_task_group_decorator.py took 0.033 seconds
[2024-07-05T10:11:57.286+0000] {processor.py:161} INFO - Started process (PID=7505) to work on /home/airflow/.local/lib/python3.12/site-packages/airflow/example_dags/example_task_group_decorator.py
[2024-07-05T10:11:57.287+0000] {processor.py:830} INFO - Processing file /home/airflow/.local/lib/python3.12/site-packages/airflow/example_dags/example_task_group_decorator.py for tasks to queue
[2024-07-05T10:11:57.287+0000] {logging_mixin.py:188} INFO - [2024-07-05T10:11:57.287+0000] {dagbag.py:545} INFO - Filling up the DagBag from /home/airflow/.local/lib/python3.12/site-packages/airflow/example_dags/example_task_group_decorator.py
[2024-07-05T10:11:57.293+0000] {processor.py:840} INFO - DAG(s) 'example_task_group_decorator' retrieved from /home/airflow/.local/lib/python3.12/site-packages/airflow/example_dags/example_task_group_decorator.py
[2024-07-05T10:11:57.302+0000] {logging_mixin.py:188} INFO - [2024-07-05T10:11:57.302+0000] {dag.py:3096} INFO - Sync 1 DAGs
[2024-07-05T10:11:57.309+0000] {logging_mixin.py:188} INFO - [2024-07-05T10:11:57.309+0000] {dag.py:3954} INFO - Setting next_dagrun for example_task_group_decorator to 2024-07-04 00:00:00+00:00, run_after=2024-07-05 00:00:00+00:00
[2024-07-05T10:11:57.315+0000] {processor.py:183} INFO - Processing /home/airflow/.local/lib/python3.12/site-packages/airflow/example_dags/example_task_group_decorator.py took 0.031 seconds
[2024-07-05T11:00:36.242+0000] {processor.py:161} INFO - Started process (PID=7563) to work on /home/airflow/.local/lib/python3.12/site-packages/airflow/example_dags/example_task_group_decorator.py
[2024-07-05T11:00:36.242+0000] {processor.py:830} INFO - Processing file /home/airflow/.local/lib/python3.12/site-packages/airflow/example_dags/example_task_group_decorator.py for tasks to queue
[2024-07-05T11:00:36.243+0000] {logging_mixin.py:188} INFO - [2024-07-05T11:00:36.243+0000] {dagbag.py:545} INFO - Filling up the DagBag from /home/airflow/.local/lib/python3.12/site-packages/airflow/example_dags/example_task_group_decorator.py
[2024-07-05T11:00:36.249+0000] {processor.py:840} INFO - DAG(s) 'example_task_group_decorator' retrieved from /home/airflow/.local/lib/python3.12/site-packages/airflow/example_dags/example_task_group_decorator.py
[2024-07-05T11:00:36.258+0000] {logging_mixin.py:188} INFO - [2024-07-05T11:00:36.258+0000] {dag.py:3096} INFO - Sync 1 DAGs
[2024-07-05T11:00:36.265+0000] {logging_mixin.py:188} INFO - [2024-07-05T11:00:36.265+0000] {dag.py:3954} INFO - Setting next_dagrun for example_task_group_decorator to 2024-07-04 00:00:00+00:00, run_after=2024-07-05 00:00:00+00:00
[2024-07-05T11:00:36.273+0000] {processor.py:183} INFO - Processing /home/airflow/.local/lib/python3.12/site-packages/airflow/example_dags/example_task_group_decorator.py took 0.034 seconds
[2024-07-05T12:13:56.744+0000] {processor.py:161} INFO - Started process (PID=7621) to work on /home/airflow/.local/lib/python3.12/site-packages/airflow/example_dags/example_task_group_decorator.py
[2024-07-05T12:13:56.745+0000] {processor.py:830} INFO - Processing file /home/airflow/.local/lib/python3.12/site-packages/airflow/example_dags/example_task_group_decorator.py for tasks to queue
[2024-07-05T12:13:56.745+0000] {logging_mixin.py:188} INFO - [2024-07-05T12:13:56.745+0000] {dagbag.py:545} INFO - Filling up the DagBag from /home/airflow/.local/lib/python3.12/site-packages/airflow/example_dags/example_task_group_decorator.py
[2024-07-05T12:13:56.751+0000] {processor.py:840} INFO - DAG(s) 'example_task_group_decorator' retrieved from /home/airflow/.local/lib/python3.12/site-packages/airflow/example_dags/example_task_group_decorator.py
[2024-07-05T12:13:56.759+0000] {logging_mixin.py:188} INFO - [2024-07-05T12:13:56.759+0000] {dag.py:3096} INFO - Sync 1 DAGs
[2024-07-05T12:13:56.767+0000] {logging_mixin.py:188} INFO - [2024-07-05T12:13:56.766+0000] {dag.py:3954} INFO - Setting next_dagrun for example_task_group_decorator to 2024-07-04 00:00:00+00:00, run_after=2024-07-05 00:00:00+00:00
[2024-07-05T12:13:56.773+0000] {processor.py:183} INFO - Processing /home/airflow/.local/lib/python3.12/site-packages/airflow/example_dags/example_task_group_decorator.py took 0.031 seconds
[2024-07-05T13:15:00.809+0000] {processor.py:161} INFO - Started process (PID=7679) to work on /home/airflow/.local/lib/python3.12/site-packages/airflow/example_dags/example_task_group_decorator.py
[2024-07-05T13:15:00.809+0000] {processor.py:830} INFO - Processing file /home/airflow/.local/lib/python3.12/site-packages/airflow/example_dags/example_task_group_decorator.py for tasks to queue
[2024-07-05T13:15:00.810+0000] {logging_mixin.py:188} INFO - [2024-07-05T13:15:00.810+0000] {dagbag.py:545} INFO - Filling up the DagBag from /home/airflow/.local/lib/python3.12/site-packages/airflow/example_dags/example_task_group_decorator.py
[2024-07-05T13:15:00.816+0000] {processor.py:840} INFO - DAG(s) 'example_task_group_decorator' retrieved from /home/airflow/.local/lib/python3.12/site-packages/airflow/example_dags/example_task_group_decorator.py
[2024-07-05T13:15:00.825+0000] {logging_mixin.py:188} INFO - [2024-07-05T13:15:00.825+0000] {dag.py:3096} INFO - Sync 1 DAGs
[2024-07-05T13:15:00.832+0000] {logging_mixin.py:188} INFO - [2024-07-05T13:15:00.832+0000] {dag.py:3954} INFO - Setting next_dagrun for example_task_group_decorator to 2024-07-04 00:00:00+00:00, run_after=2024-07-05 00:00:00+00:00
[2024-07-05T13:15:00.839+0000] {processor.py:183} INFO - Processing /home/airflow/.local/lib/python3.12/site-packages/airflow/example_dags/example_task_group_decorator.py took 0.032 seconds
[2024-07-05T14:01:34.110+0000] {processor.py:161} INFO - Started process (PID=7737) to work on /home/airflow/.local/lib/python3.12/site-packages/airflow/example_dags/example_task_group_decorator.py
[2024-07-05T14:01:34.111+0000] {processor.py:830} INFO - Processing file /home/airflow/.local/lib/python3.12/site-packages/airflow/example_dags/example_task_group_decorator.py for tasks to queue
[2024-07-05T14:01:34.112+0000] {logging_mixin.py:188} INFO - [2024-07-05T14:01:34.111+0000] {dagbag.py:545} INFO - Filling up the DagBag from /home/airflow/.local/lib/python3.12/site-packages/airflow/example_dags/example_task_group_decorator.py
[2024-07-05T14:01:34.117+0000] {processor.py:840} INFO - DAG(s) 'example_task_group_decorator' retrieved from /home/airflow/.local/lib/python3.12/site-packages/airflow/example_dags/example_task_group_decorator.py
[2024-07-05T14:01:34.127+0000] {logging_mixin.py:188} INFO - [2024-07-05T14:01:34.126+0000] {dag.py:3096} INFO - Sync 1 DAGs
[2024-07-05T14:01:34.134+0000] {logging_mixin.py:188} INFO - [2024-07-05T14:01:34.134+0000] {dag.py:3954} INFO - Setting next_dagrun for example_task_group_decorator to 2024-07-04 00:00:00+00:00, run_after=2024-07-05 00:00:00+00:00
[2024-07-05T14:01:34.140+0000] {processor.py:183} INFO - Processing /home/airflow/.local/lib/python3.12/site-packages/airflow/example_dags/example_task_group_decorator.py took 0.033 seconds
[2024-07-05T14:47:34.133+0000] {processor.py:161} INFO - Started process (PID=7795) to work on /home/airflow/.local/lib/python3.12/site-packages/airflow/example_dags/example_task_group_decorator.py
[2024-07-05T14:47:34.133+0000] {processor.py:830} INFO - Processing file /home/airflow/.local/lib/python3.12/site-packages/airflow/example_dags/example_task_group_decorator.py for tasks to queue
[2024-07-05T14:47:34.134+0000] {logging_mixin.py:188} INFO - [2024-07-05T14:47:34.134+0000] {dagbag.py:545} INFO - Filling up the DagBag from /home/airflow/.local/lib/python3.12/site-packages/airflow/example_dags/example_task_group_decorator.py
[2024-07-05T14:47:34.139+0000] {processor.py:840} INFO - DAG(s) 'example_task_group_decorator' retrieved from /home/airflow/.local/lib/python3.12/site-packages/airflow/example_dags/example_task_group_decorator.py
[2024-07-05T14:47:34.148+0000] {logging_mixin.py:188} INFO - [2024-07-05T14:47:34.148+0000] {dag.py:3096} INFO - Sync 1 DAGs
[2024-07-05T14:47:34.156+0000] {logging_mixin.py:188} INFO - [2024-07-05T14:47:34.156+0000] {dag.py:3954} INFO - Setting next_dagrun for example_task_group_decorator to 2024-07-04 00:00:00+00:00, run_after=2024-07-05 00:00:00+00:00
[2024-07-05T14:47:34.162+0000] {processor.py:183} INFO - Processing /home/airflow/.local/lib/python3.12/site-packages/airflow/example_dags/example_task_group_decorator.py took 0.031 seconds
[2024-07-05T15:49:32.786+0000] {processor.py:161} INFO - Started process (PID=7853) to work on /home/airflow/.local/lib/python3.12/site-packages/airflow/example_dags/example_task_group_decorator.py
[2024-07-05T15:49:32.787+0000] {processor.py:830} INFO - Processing file /home/airflow/.local/lib/python3.12/site-packages/airflow/example_dags/example_task_group_decorator.py for tasks to queue
[2024-07-05T15:49:32.787+0000] {logging_mixin.py:188} INFO - [2024-07-05T15:49:32.787+0000] {dagbag.py:545} INFO - Filling up the DagBag from /home/airflow/.local/lib/python3.12/site-packages/airflow/example_dags/example_task_group_decorator.py
[2024-07-05T15:49:32.793+0000] {processor.py:840} INFO - DAG(s) 'example_task_group_decorator' retrieved from /home/airflow/.local/lib/python3.12/site-packages/airflow/example_dags/example_task_group_decorator.py
[2024-07-05T15:49:32.802+0000] {logging_mixin.py:188} INFO - [2024-07-05T15:49:32.802+0000] {dag.py:3096} INFO - Sync 1 DAGs
[2024-07-05T15:49:32.810+0000] {logging_mixin.py:188} INFO - [2024-07-05T15:49:32.810+0000] {dag.py:3954} INFO - Setting next_dagrun for example_task_group_decorator to 2024-07-04 00:00:00+00:00, run_after=2024-07-05 00:00:00+00:00
[2024-07-05T15:49:32.816+0000] {processor.py:183} INFO - Processing /home/airflow/.local/lib/python3.12/site-packages/airflow/example_dags/example_task_group_decorator.py took 0.033 seconds
[2024-07-05T17:06:00.094+0000] {processor.py:161} INFO - Started process (PID=7911) to work on /home/airflow/.local/lib/python3.12/site-packages/airflow/example_dags/example_task_group_decorator.py
[2024-07-05T17:06:00.094+0000] {processor.py:830} INFO - Processing file /home/airflow/.local/lib/python3.12/site-packages/airflow/example_dags/example_task_group_decorator.py for tasks to queue
[2024-07-05T17:06:00.095+0000] {logging_mixin.py:188} INFO - [2024-07-05T17:06:00.095+0000] {dagbag.py:545} INFO - Filling up the DagBag from /home/airflow/.local/lib/python3.12/site-packages/airflow/example_dags/example_task_group_decorator.py
[2024-07-05T17:06:00.100+0000] {processor.py:840} INFO - DAG(s) 'example_task_group_decorator' retrieved from /home/airflow/.local/lib/python3.12/site-packages/airflow/example_dags/example_task_group_decorator.py
[2024-07-05T17:06:00.109+0000] {logging_mixin.py:188} INFO - [2024-07-05T17:06:00.109+0000] {dag.py:3096} INFO - Sync 1 DAGs
[2024-07-05T17:06:00.118+0000] {logging_mixin.py:188} INFO - [2024-07-05T17:06:00.118+0000] {dag.py:3954} INFO - Setting next_dagrun for example_task_group_decorator to 2024-07-04 00:00:00+00:00, run_after=2024-07-05 00:00:00+00:00
[2024-07-05T17:06:00.125+0000] {processor.py:183} INFO - Processing /home/airflow/.local/lib/python3.12/site-packages/airflow/example_dags/example_task_group_decorator.py took 0.034 seconds
[2024-07-05T18:15:51.642+0000] {processor.py:161} INFO - Started process (PID=7969) to work on /home/airflow/.local/lib/python3.12/site-packages/airflow/example_dags/example_task_group_decorator.py
[2024-07-05T18:15:51.643+0000] {processor.py:830} INFO - Processing file /home/airflow/.local/lib/python3.12/site-packages/airflow/example_dags/example_task_group_decorator.py for tasks to queue
[2024-07-05T18:15:51.644+0000] {logging_mixin.py:188} INFO - [2024-07-05T18:15:51.643+0000] {dagbag.py:545} INFO - Filling up the DagBag from /home/airflow/.local/lib/python3.12/site-packages/airflow/example_dags/example_task_group_decorator.py
[2024-07-05T18:15:51.649+0000] {processor.py:840} INFO - DAG(s) 'example_task_group_decorator' retrieved from /home/airflow/.local/lib/python3.12/site-packages/airflow/example_dags/example_task_group_decorator.py
[2024-07-05T18:15:51.659+0000] {logging_mixin.py:188} INFO - [2024-07-05T18:15:51.658+0000] {dag.py:3096} INFO - Sync 1 DAGs
[2024-07-05T18:15:51.666+0000] {logging_mixin.py:188} INFO - [2024-07-05T18:15:51.666+0000] {dag.py:3954} INFO - Setting next_dagrun for example_task_group_decorator to 2024-07-04 00:00:00+00:00, run_after=2024-07-05 00:00:00+00:00
[2024-07-05T18:15:51.672+0000] {processor.py:183} INFO - Processing /home/airflow/.local/lib/python3.12/site-packages/airflow/example_dags/example_task_group_decorator.py took 0.032 seconds
[2024-07-05T19:56:48.138+0000] {processor.py:161} INFO - Started process (PID=8027) to work on /home/airflow/.local/lib/python3.12/site-packages/airflow/example_dags/example_task_group_decorator.py
[2024-07-05T19:56:48.138+0000] {processor.py:830} INFO - Processing file /home/airflow/.local/lib/python3.12/site-packages/airflow/example_dags/example_task_group_decorator.py for tasks to queue
[2024-07-05T19:56:48.139+0000] {logging_mixin.py:188} INFO - [2024-07-05T19:56:48.139+0000] {dagbag.py:545} INFO - Filling up the DagBag from /home/airflow/.local/lib/python3.12/site-packages/airflow/example_dags/example_task_group_decorator.py
[2024-07-05T19:56:48.147+0000] {processor.py:840} INFO - DAG(s) 'example_task_group_decorator' retrieved from /home/airflow/.local/lib/python3.12/site-packages/airflow/example_dags/example_task_group_decorator.py
[2024-07-05T19:56:48.157+0000] {logging_mixin.py:188} INFO - [2024-07-05T19:56:48.156+0000] {dag.py:3096} INFO - Sync 1 DAGs
[2024-07-05T19:56:48.164+0000] {logging_mixin.py:188} INFO - [2024-07-05T19:56:48.164+0000] {dag.py:3954} INFO - Setting next_dagrun for example_task_group_decorator to 2024-07-04 00:00:00+00:00, run_after=2024-07-05 00:00:00+00:00
[2024-07-05T19:56:48.171+0000] {processor.py:183} INFO - Processing /home/airflow/.local/lib/python3.12/site-packages/airflow/example_dags/example_task_group_decorator.py took 0.036 seconds
[2024-07-05T21:19:03.022+0000] {processor.py:161} INFO - Started process (PID=8084) to work on /home/airflow/.local/lib/python3.12/site-packages/airflow/example_dags/example_task_group_decorator.py
[2024-07-05T21:19:03.022+0000] {processor.py:830} INFO - Processing file /home/airflow/.local/lib/python3.12/site-packages/airflow/example_dags/example_task_group_decorator.py for tasks to queue
[2024-07-05T21:19:03.024+0000] {logging_mixin.py:188} INFO - [2024-07-05T21:19:03.023+0000] {dagbag.py:545} INFO - Filling up the DagBag from /home/airflow/.local/lib/python3.12/site-packages/airflow/example_dags/example_task_group_decorator.py
[2024-07-05T21:19:03.029+0000] {processor.py:840} INFO - DAG(s) 'example_task_group_decorator' retrieved from /home/airflow/.local/lib/python3.12/site-packages/airflow/example_dags/example_task_group_decorator.py
[2024-07-05T21:19:03.039+0000] {logging_mixin.py:188} INFO - [2024-07-05T21:19:03.039+0000] {dag.py:3096} INFO - Sync 1 DAGs
[2024-07-05T21:19:03.047+0000] {logging_mixin.py:188} INFO - [2024-07-05T21:19:03.047+0000] {dag.py:3954} INFO - Setting next_dagrun for example_task_group_decorator to 2024-07-04 00:00:00+00:00, run_after=2024-07-05 00:00:00+00:00
[2024-07-05T21:19:03.053+0000] {processor.py:183} INFO - Processing /home/airflow/.local/lib/python3.12/site-packages/airflow/example_dags/example_task_group_decorator.py took 0.035 seconds
[2024-07-05T22:43:30.948+0000] {processor.py:161} INFO - Started process (PID=8142) to work on /home/airflow/.local/lib/python3.12/site-packages/airflow/example_dags/example_task_group_decorator.py
[2024-07-05T22:43:30.949+0000] {processor.py:830} INFO - Processing file /home/airflow/.local/lib/python3.12/site-packages/airflow/example_dags/example_task_group_decorator.py for tasks to queue
[2024-07-05T22:43:30.949+0000] {logging_mixin.py:188} INFO - [2024-07-05T22:43:30.949+0000] {dagbag.py:545} INFO - Filling up the DagBag from /home/airflow/.local/lib/python3.12/site-packages/airflow/example_dags/example_task_group_decorator.py
[2024-07-05T22:43:30.955+0000] {processor.py:840} INFO - DAG(s) 'example_task_group_decorator' retrieved from /home/airflow/.local/lib/python3.12/site-packages/airflow/example_dags/example_task_group_decorator.py
[2024-07-05T22:43:30.964+0000] {logging_mixin.py:188} INFO - [2024-07-05T22:43:30.963+0000] {dag.py:3096} INFO - Sync 1 DAGs
[2024-07-05T22:43:30.972+0000] {logging_mixin.py:188} INFO - [2024-07-05T22:43:30.972+0000] {dag.py:3954} INFO - Setting next_dagrun for example_task_group_decorator to 2024-07-04 00:00:00+00:00, run_after=2024-07-05 00:00:00+00:00
[2024-07-05T22:43:30.978+0000] {processor.py:183} INFO - Processing /home/airflow/.local/lib/python3.12/site-packages/airflow/example_dags/example_task_group_decorator.py took 0.032 seconds
