[2024-07-05T00:02:35.302+0000] {processor.py:161} INFO - Started process (PID=6735) to work on /home/airflow/.local/lib/python3.12/site-packages/airflow/example_dags/example_latest_only_with_trigger.py
[2024-07-05T00:02:35.303+0000] {processor.py:830} INFO - Processing file /home/airflow/.local/lib/python3.12/site-packages/airflow/example_dags/example_latest_only_with_trigger.py for tasks to queue
[2024-07-05T00:02:35.303+0000] {logging_mixin.py:188} INFO - [2024-07-05T00:02:35.303+0000] {dagbag.py:545} INFO - Filling up the DagBag from /home/airflow/.local/lib/python3.12/site-packages/airflow/example_dags/example_latest_only_with_trigger.py
[2024-07-05T00:02:35.306+0000] {processor.py:840} INFO - DAG(s) 'latest_only_with_trigger' retrieved from /home/airflow/.local/lib/python3.12/site-packages/airflow/example_dags/example_latest_only_with_trigger.py
[2024-07-05T00:02:35.314+0000] {logging_mixin.py:188} INFO - [2024-07-05T00:02:35.314+0000] {dag.py:3096} INFO - Sync 1 DAGs
[2024-07-05T00:02:35.322+0000] {logging_mixin.py:188} INFO - [2024-07-05T00:02:35.322+0000] {dag.py:3954} INFO - Setting next_dagrun for latest_only_with_trigger to 2024-07-04 20:00:00+00:00, run_after=2024-07-05 00:00:00+00:00
[2024-07-05T00:02:35.329+0000] {processor.py:183} INFO - Processing /home/airflow/.local/lib/python3.12/site-packages/airflow/example_dags/example_latest_only_with_trigger.py took 0.029 seconds
[2024-07-05T01:02:58.486+0000] {processor.py:161} INFO - Started process (PID=6793) to work on /home/airflow/.local/lib/python3.12/site-packages/airflow/example_dags/example_latest_only_with_trigger.py
[2024-07-05T01:02:58.487+0000] {processor.py:830} INFO - Processing file /home/airflow/.local/lib/python3.12/site-packages/airflow/example_dags/example_latest_only_with_trigger.py for tasks to queue
[2024-07-05T01:02:58.487+0000] {logging_mixin.py:188} INFO - [2024-07-05T01:02:58.487+0000] {dagbag.py:545} INFO - Filling up the DagBag from /home/airflow/.local/lib/python3.12/site-packages/airflow/example_dags/example_latest_only_with_trigger.py
[2024-07-05T01:02:58.490+0000] {processor.py:840} INFO - DAG(s) 'latest_only_with_trigger' retrieved from /home/airflow/.local/lib/python3.12/site-packages/airflow/example_dags/example_latest_only_with_trigger.py
[2024-07-05T01:02:58.498+0000] {logging_mixin.py:188} INFO - [2024-07-05T01:02:58.498+0000] {dag.py:3096} INFO - Sync 1 DAGs
[2024-07-05T01:02:58.506+0000] {logging_mixin.py:188} INFO - [2024-07-05T01:02:58.506+0000] {dag.py:3954} INFO - Setting next_dagrun for latest_only_with_trigger to 2024-07-04 20:00:00+00:00, run_after=2024-07-05 00:00:00+00:00
[2024-07-05T01:02:58.513+0000] {processor.py:183} INFO - Processing /home/airflow/.local/lib/python3.12/site-packages/airflow/example_dags/example_latest_only_with_trigger.py took 0.029 seconds
[2024-07-05T01:09:20.651+0000] {processor.py:161} INFO - Started process (PID=6851) to work on /home/airflow/.local/lib/python3.12/site-packages/airflow/example_dags/example_latest_only_with_trigger.py
[2024-07-05T01:09:20.652+0000] {processor.py:830} INFO - Processing file /home/airflow/.local/lib/python3.12/site-packages/airflow/example_dags/example_latest_only_with_trigger.py for tasks to queue
[2024-07-05T01:09:20.652+0000] {logging_mixin.py:188} INFO - [2024-07-05T01:09:20.652+0000] {dagbag.py:545} INFO - Filling up the DagBag from /home/airflow/.local/lib/python3.12/site-packages/airflow/example_dags/example_latest_only_with_trigger.py
[2024-07-05T01:09:20.655+0000] {processor.py:840} INFO - DAG(s) 'latest_only_with_trigger' retrieved from /home/airflow/.local/lib/python3.12/site-packages/airflow/example_dags/example_latest_only_with_trigger.py
[2024-07-05T01:09:20.662+0000] {logging_mixin.py:188} INFO - [2024-07-05T01:09:20.662+0000] {dag.py:3096} INFO - Sync 1 DAGs
[2024-07-05T01:09:20.670+0000] {logging_mixin.py:188} INFO - [2024-07-05T01:09:20.670+0000] {dag.py:3954} INFO - Setting next_dagrun for latest_only_with_trigger to 2024-07-04 20:00:00+00:00, run_after=2024-07-05 00:00:00+00:00
[2024-07-05T01:09:20.676+0000] {processor.py:183} INFO - Processing /home/airflow/.local/lib/python3.12/site-packages/airflow/example_dags/example_latest_only_with_trigger.py took 0.027 seconds
[2024-07-05T01:30:00.457+0000] {processor.py:161} INFO - Started process (PID=6909) to work on /home/airflow/.local/lib/python3.12/site-packages/airflow/example_dags/example_latest_only_with_trigger.py
[2024-07-05T01:30:00.458+0000] {processor.py:830} INFO - Processing file /home/airflow/.local/lib/python3.12/site-packages/airflow/example_dags/example_latest_only_with_trigger.py for tasks to queue
[2024-07-05T01:30:00.459+0000] {logging_mixin.py:188} INFO - [2024-07-05T01:30:00.458+0000] {dagbag.py:545} INFO - Filling up the DagBag from /home/airflow/.local/lib/python3.12/site-packages/airflow/example_dags/example_latest_only_with_trigger.py
[2024-07-05T01:30:00.461+0000] {processor.py:840} INFO - DAG(s) 'latest_only_with_trigger' retrieved from /home/airflow/.local/lib/python3.12/site-packages/airflow/example_dags/example_latest_only_with_trigger.py
[2024-07-05T01:30:00.468+0000] {logging_mixin.py:188} INFO - [2024-07-05T01:30:00.468+0000] {dag.py:3096} INFO - Sync 1 DAGs
[2024-07-05T01:30:00.476+0000] {logging_mixin.py:188} INFO - [2024-07-05T01:30:00.475+0000] {dag.py:3954} INFO - Setting next_dagrun for latest_only_with_trigger to 2024-07-04 20:00:00+00:00, run_after=2024-07-05 00:00:00+00:00
[2024-07-05T01:30:00.482+0000] {processor.py:183} INFO - Processing /home/airflow/.local/lib/python3.12/site-packages/airflow/example_dags/example_latest_only_with_trigger.py took 0.026 seconds
[2024-07-05T01:57:35.352+0000] {processor.py:161} INFO - Started process (PID=6967) to work on /home/airflow/.local/lib/python3.12/site-packages/airflow/example_dags/example_latest_only_with_trigger.py
[2024-07-05T01:57:35.353+0000] {processor.py:830} INFO - Processing file /home/airflow/.local/lib/python3.12/site-packages/airflow/example_dags/example_latest_only_with_trigger.py for tasks to queue
[2024-07-05T01:57:35.354+0000] {logging_mixin.py:188} INFO - [2024-07-05T01:57:35.354+0000] {dagbag.py:545} INFO - Filling up the DagBag from /home/airflow/.local/lib/python3.12/site-packages/airflow/example_dags/example_latest_only_with_trigger.py
[2024-07-05T01:57:35.357+0000] {processor.py:840} INFO - DAG(s) 'latest_only_with_trigger' retrieved from /home/airflow/.local/lib/python3.12/site-packages/airflow/example_dags/example_latest_only_with_trigger.py
[2024-07-05T01:57:35.364+0000] {logging_mixin.py:188} INFO - [2024-07-05T01:57:35.364+0000] {dag.py:3096} INFO - Sync 1 DAGs
[2024-07-05T01:57:35.372+0000] {logging_mixin.py:188} INFO - [2024-07-05T01:57:35.372+0000] {dag.py:3954} INFO - Setting next_dagrun for latest_only_with_trigger to 2024-07-04 20:00:00+00:00, run_after=2024-07-05 00:00:00+00:00
[2024-07-05T01:57:35.378+0000] {processor.py:183} INFO - Processing /home/airflow/.local/lib/python3.12/site-packages/airflow/example_dags/example_latest_only_with_trigger.py took 0.028 seconds
[2024-07-05T02:35:37.035+0000] {processor.py:161} INFO - Started process (PID=7025) to work on /home/airflow/.local/lib/python3.12/site-packages/airflow/example_dags/example_latest_only_with_trigger.py
[2024-07-05T02:35:37.035+0000] {processor.py:830} INFO - Processing file /home/airflow/.local/lib/python3.12/site-packages/airflow/example_dags/example_latest_only_with_trigger.py for tasks to queue
[2024-07-05T02:35:37.036+0000] {logging_mixin.py:188} INFO - [2024-07-05T02:35:37.036+0000] {dagbag.py:545} INFO - Filling up the DagBag from /home/airflow/.local/lib/python3.12/site-packages/airflow/example_dags/example_latest_only_with_trigger.py
[2024-07-05T02:35:37.038+0000] {processor.py:840} INFO - DAG(s) 'latest_only_with_trigger' retrieved from /home/airflow/.local/lib/python3.12/site-packages/airflow/example_dags/example_latest_only_with_trigger.py
[2024-07-05T02:35:37.116+0000] {logging_mixin.py:188} INFO - [2024-07-05T02:35:37.116+0000] {dag.py:3096} INFO - Sync 1 DAGs
[2024-07-05T02:35:37.123+0000] {logging_mixin.py:188} INFO - [2024-07-05T02:35:37.123+0000] {dag.py:3954} INFO - Setting next_dagrun for latest_only_with_trigger to 2024-07-04 20:00:00+00:00, run_after=2024-07-05 00:00:00+00:00
[2024-07-05T02:35:37.128+0000] {processor.py:183} INFO - Processing /home/airflow/.local/lib/python3.12/site-packages/airflow/example_dags/example_latest_only_with_trigger.py took 0.096 seconds
[2024-07-05T03:38:53.533+0000] {processor.py:161} INFO - Started process (PID=7083) to work on /home/airflow/.local/lib/python3.12/site-packages/airflow/example_dags/example_latest_only_with_trigger.py
[2024-07-05T03:38:53.533+0000] {processor.py:830} INFO - Processing file /home/airflow/.local/lib/python3.12/site-packages/airflow/example_dags/example_latest_only_with_trigger.py for tasks to queue
[2024-07-05T03:38:53.534+0000] {logging_mixin.py:188} INFO - [2024-07-05T03:38:53.534+0000] {dagbag.py:545} INFO - Filling up the DagBag from /home/airflow/.local/lib/python3.12/site-packages/airflow/example_dags/example_latest_only_with_trigger.py
[2024-07-05T03:38:53.536+0000] {processor.py:840} INFO - DAG(s) 'latest_only_with_trigger' retrieved from /home/airflow/.local/lib/python3.12/site-packages/airflow/example_dags/example_latest_only_with_trigger.py
[2024-07-05T03:38:53.544+0000] {logging_mixin.py:188} INFO - [2024-07-05T03:38:53.544+0000] {dag.py:3096} INFO - Sync 1 DAGs
[2024-07-05T03:38:53.552+0000] {logging_mixin.py:188} INFO - [2024-07-05T03:38:53.551+0000] {dag.py:3954} INFO - Setting next_dagrun for latest_only_with_trigger to 2024-07-04 20:00:00+00:00, run_after=2024-07-05 00:00:00+00:00
[2024-07-05T03:38:53.558+0000] {processor.py:183} INFO - Processing /home/airflow/.local/lib/python3.12/site-packages/airflow/example_dags/example_latest_only_with_trigger.py took 0.027 seconds
[2024-07-05T04:05:59.374+0000] {processor.py:161} INFO - Started process (PID=7141) to work on /home/airflow/.local/lib/python3.12/site-packages/airflow/example_dags/example_latest_only_with_trigger.py
[2024-07-05T04:05:59.374+0000] {processor.py:830} INFO - Processing file /home/airflow/.local/lib/python3.12/site-packages/airflow/example_dags/example_latest_only_with_trigger.py for tasks to queue
[2024-07-05T04:05:59.375+0000] {logging_mixin.py:188} INFO - [2024-07-05T04:05:59.375+0000] {dagbag.py:545} INFO - Filling up the DagBag from /home/airflow/.local/lib/python3.12/site-packages/airflow/example_dags/example_latest_only_with_trigger.py
[2024-07-05T04:05:59.378+0000] {processor.py:840} INFO - DAG(s) 'latest_only_with_trigger' retrieved from /home/airflow/.local/lib/python3.12/site-packages/airflow/example_dags/example_latest_only_with_trigger.py
[2024-07-05T04:05:59.387+0000] {logging_mixin.py:188} INFO - [2024-07-05T04:05:59.387+0000] {dag.py:3096} INFO - Sync 1 DAGs
[2024-07-05T04:05:59.395+0000] {logging_mixin.py:188} INFO - [2024-07-05T04:05:59.395+0000] {dag.py:3954} INFO - Setting next_dagrun for latest_only_with_trigger to 2024-07-05 00:00:00+00:00, run_after=2024-07-05 04:00:00+00:00
[2024-07-05T04:05:59.401+0000] {processor.py:183} INFO - Processing /home/airflow/.local/lib/python3.12/site-packages/airflow/example_dags/example_latest_only_with_trigger.py took 0.030 seconds
[2024-07-05T05:07:04.544+0000] {processor.py:161} INFO - Started process (PID=7199) to work on /home/airflow/.local/lib/python3.12/site-packages/airflow/example_dags/example_latest_only_with_trigger.py
[2024-07-05T05:07:04.544+0000] {processor.py:830} INFO - Processing file /home/airflow/.local/lib/python3.12/site-packages/airflow/example_dags/example_latest_only_with_trigger.py for tasks to queue
[2024-07-05T05:07:04.545+0000] {logging_mixin.py:188} INFO - [2024-07-05T05:07:04.545+0000] {dagbag.py:545} INFO - Filling up the DagBag from /home/airflow/.local/lib/python3.12/site-packages/airflow/example_dags/example_latest_only_with_trigger.py
[2024-07-05T05:07:04.548+0000] {processor.py:840} INFO - DAG(s) 'latest_only_with_trigger' retrieved from /home/airflow/.local/lib/python3.12/site-packages/airflow/example_dags/example_latest_only_with_trigger.py
[2024-07-05T05:07:04.556+0000] {logging_mixin.py:188} INFO - [2024-07-05T05:07:04.556+0000] {dag.py:3096} INFO - Sync 1 DAGs
[2024-07-05T05:07:04.564+0000] {logging_mixin.py:188} INFO - [2024-07-05T05:07:04.564+0000] {dag.py:3954} INFO - Setting next_dagrun for latest_only_with_trigger to 2024-07-05 00:00:00+00:00, run_after=2024-07-05 04:00:00+00:00
[2024-07-05T05:07:04.571+0000] {processor.py:183} INFO - Processing /home/airflow/.local/lib/python3.12/site-packages/airflow/example_dags/example_latest_only_with_trigger.py took 0.029 seconds
[2024-07-05T06:07:57.077+0000] {processor.py:161} INFO - Started process (PID=7257) to work on /home/airflow/.local/lib/python3.12/site-packages/airflow/example_dags/example_latest_only_with_trigger.py
[2024-07-05T06:07:57.078+0000] {processor.py:830} INFO - Processing file /home/airflow/.local/lib/python3.12/site-packages/airflow/example_dags/example_latest_only_with_trigger.py for tasks to queue
[2024-07-05T06:07:57.079+0000] {logging_mixin.py:188} INFO - [2024-07-05T06:07:57.078+0000] {dagbag.py:545} INFO - Filling up the DagBag from /home/airflow/.local/lib/python3.12/site-packages/airflow/example_dags/example_latest_only_with_trigger.py
[2024-07-05T06:07:57.081+0000] {processor.py:840} INFO - DAG(s) 'latest_only_with_trigger' retrieved from /home/airflow/.local/lib/python3.12/site-packages/airflow/example_dags/example_latest_only_with_trigger.py
[2024-07-05T06:07:57.090+0000] {logging_mixin.py:188} INFO - [2024-07-05T06:07:57.089+0000] {dag.py:3096} INFO - Sync 1 DAGs
[2024-07-05T06:07:57.098+0000] {logging_mixin.py:188} INFO - [2024-07-05T06:07:57.098+0000] {dag.py:3954} INFO - Setting next_dagrun for latest_only_with_trigger to 2024-07-05 00:00:00+00:00, run_after=2024-07-05 04:00:00+00:00
[2024-07-05T06:07:57.104+0000] {processor.py:183} INFO - Processing /home/airflow/.local/lib/python3.12/site-packages/airflow/example_dags/example_latest_only_with_trigger.py took 0.030 seconds
[2024-07-05T07:08:55.881+0000] {processor.py:161} INFO - Started process (PID=7309) to work on /home/airflow/.local/lib/python3.12/site-packages/airflow/example_dags/example_latest_only_with_trigger.py
[2024-07-05T07:08:55.881+0000] {processor.py:830} INFO - Processing file /home/airflow/.local/lib/python3.12/site-packages/airflow/example_dags/example_latest_only_with_trigger.py for tasks to queue
[2024-07-05T07:08:55.882+0000] {logging_mixin.py:188} INFO - [2024-07-05T07:08:55.882+0000] {dagbag.py:545} INFO - Filling up the DagBag from /home/airflow/.local/lib/python3.12/site-packages/airflow/example_dags/example_latest_only_with_trigger.py
[2024-07-05T07:08:55.884+0000] {processor.py:840} INFO - DAG(s) 'latest_only_with_trigger' retrieved from /home/airflow/.local/lib/python3.12/site-packages/airflow/example_dags/example_latest_only_with_trigger.py
[2024-07-05T07:08:55.892+0000] {logging_mixin.py:188} INFO - [2024-07-05T07:08:55.892+0000] {dag.py:3096} INFO - Sync 1 DAGs
[2024-07-05T07:08:55.900+0000] {logging_mixin.py:188} INFO - [2024-07-05T07:08:55.900+0000] {dag.py:3954} INFO - Setting next_dagrun for latest_only_with_trigger to 2024-07-05 00:00:00+00:00, run_after=2024-07-05 04:00:00+00:00
[2024-07-05T07:08:55.907+0000] {processor.py:183} INFO - Processing /home/airflow/.local/lib/python3.12/site-packages/airflow/example_dags/example_latest_only_with_trigger.py took 0.029 seconds
[2024-07-05T08:09:52.986+0000] {processor.py:161} INFO - Started process (PID=7373) to work on /home/airflow/.local/lib/python3.12/site-packages/airflow/example_dags/example_latest_only_with_trigger.py
[2024-07-05T08:09:52.987+0000] {processor.py:830} INFO - Processing file /home/airflow/.local/lib/python3.12/site-packages/airflow/example_dags/example_latest_only_with_trigger.py for tasks to queue
[2024-07-05T08:09:52.988+0000] {logging_mixin.py:188} INFO - [2024-07-05T08:09:52.987+0000] {dagbag.py:545} INFO - Filling up the DagBag from /home/airflow/.local/lib/python3.12/site-packages/airflow/example_dags/example_latest_only_with_trigger.py
[2024-07-05T08:09:52.990+0000] {processor.py:840} INFO - DAG(s) 'latest_only_with_trigger' retrieved from /home/airflow/.local/lib/python3.12/site-packages/airflow/example_dags/example_latest_only_with_trigger.py
[2024-07-05T08:09:52.998+0000] {logging_mixin.py:188} INFO - [2024-07-05T08:09:52.998+0000] {dag.py:3096} INFO - Sync 1 DAGs
[2024-07-05T08:09:53.006+0000] {logging_mixin.py:188} INFO - [2024-07-05T08:09:53.006+0000] {dag.py:3954} INFO - Setting next_dagrun for latest_only_with_trigger to 2024-07-05 04:00:00+00:00, run_after=2024-07-05 08:00:00+00:00
[2024-07-05T08:09:53.012+0000] {processor.py:183} INFO - Processing /home/airflow/.local/lib/python3.12/site-packages/airflow/example_dags/example_latest_only_with_trigger.py took 0.028 seconds
[2024-07-05T08:32:40.349+0000] {processor.py:161} INFO - Started process (PID=7425) to work on /home/airflow/.local/lib/python3.12/site-packages/airflow/example_dags/example_latest_only_with_trigger.py
[2024-07-05T08:32:40.349+0000] {processor.py:830} INFO - Processing file /home/airflow/.local/lib/python3.12/site-packages/airflow/example_dags/example_latest_only_with_trigger.py for tasks to queue
[2024-07-05T08:32:40.350+0000] {logging_mixin.py:188} INFO - [2024-07-05T08:32:40.350+0000] {dagbag.py:545} INFO - Filling up the DagBag from /home/airflow/.local/lib/python3.12/site-packages/airflow/example_dags/example_latest_only_with_trigger.py
[2024-07-05T08:32:40.352+0000] {processor.py:840} INFO - DAG(s) 'latest_only_with_trigger' retrieved from /home/airflow/.local/lib/python3.12/site-packages/airflow/example_dags/example_latest_only_with_trigger.py
[2024-07-05T08:32:40.360+0000] {logging_mixin.py:188} INFO - [2024-07-05T08:32:40.360+0000] {dag.py:3096} INFO - Sync 1 DAGs
[2024-07-05T08:32:40.368+0000] {logging_mixin.py:188} INFO - [2024-07-05T08:32:40.368+0000] {dag.py:3954} INFO - Setting next_dagrun for latest_only_with_trigger to 2024-07-05 04:00:00+00:00, run_after=2024-07-05 08:00:00+00:00
[2024-07-05T08:32:40.374+0000] {processor.py:183} INFO - Processing /home/airflow/.local/lib/python3.12/site-packages/airflow/example_dags/example_latest_only_with_trigger.py took 0.028 seconds
[2024-07-05T09:12:27.269+0000] {processor.py:161} INFO - Started process (PID=7489) to work on /home/airflow/.local/lib/python3.12/site-packages/airflow/example_dags/example_latest_only_with_trigger.py
[2024-07-05T09:12:27.269+0000] {processor.py:830} INFO - Processing file /home/airflow/.local/lib/python3.12/site-packages/airflow/example_dags/example_latest_only_with_trigger.py for tasks to queue
[2024-07-05T09:12:27.270+0000] {logging_mixin.py:188} INFO - [2024-07-05T09:12:27.270+0000] {dagbag.py:545} INFO - Filling up the DagBag from /home/airflow/.local/lib/python3.12/site-packages/airflow/example_dags/example_latest_only_with_trigger.py
[2024-07-05T09:12:27.273+0000] {processor.py:840} INFO - DAG(s) 'latest_only_with_trigger' retrieved from /home/airflow/.local/lib/python3.12/site-packages/airflow/example_dags/example_latest_only_with_trigger.py
[2024-07-05T09:12:27.282+0000] {logging_mixin.py:188} INFO - [2024-07-05T09:12:27.282+0000] {dag.py:3096} INFO - Sync 1 DAGs
[2024-07-05T09:12:27.290+0000] {logging_mixin.py:188} INFO - [2024-07-05T09:12:27.290+0000] {dag.py:3954} INFO - Setting next_dagrun for latest_only_with_trigger to 2024-07-05 04:00:00+00:00, run_after=2024-07-05 08:00:00+00:00
[2024-07-05T09:12:27.296+0000] {processor.py:183} INFO - Processing /home/airflow/.local/lib/python3.12/site-packages/airflow/example_dags/example_latest_only_with_trigger.py took 0.030 seconds
[2024-07-05T10:11:58.085+0000] {processor.py:161} INFO - Started process (PID=7547) to work on /home/airflow/.local/lib/python3.12/site-packages/airflow/example_dags/example_latest_only_with_trigger.py
[2024-07-05T10:11:58.085+0000] {processor.py:830} INFO - Processing file /home/airflow/.local/lib/python3.12/site-packages/airflow/example_dags/example_latest_only_with_trigger.py for tasks to queue
[2024-07-05T10:11:58.086+0000] {logging_mixin.py:188} INFO - [2024-07-05T10:11:58.086+0000] {dagbag.py:545} INFO - Filling up the DagBag from /home/airflow/.local/lib/python3.12/site-packages/airflow/example_dags/example_latest_only_with_trigger.py
[2024-07-05T10:11:58.089+0000] {processor.py:840} INFO - DAG(s) 'latest_only_with_trigger' retrieved from /home/airflow/.local/lib/python3.12/site-packages/airflow/example_dags/example_latest_only_with_trigger.py
[2024-07-05T10:11:58.099+0000] {logging_mixin.py:188} INFO - [2024-07-05T10:11:58.099+0000] {dag.py:3096} INFO - Sync 1 DAGs
[2024-07-05T10:11:58.107+0000] {logging_mixin.py:188} INFO - [2024-07-05T10:11:58.107+0000] {dag.py:3954} INFO - Setting next_dagrun for latest_only_with_trigger to 2024-07-05 04:00:00+00:00, run_after=2024-07-05 08:00:00+00:00
[2024-07-05T10:11:58.113+0000] {processor.py:183} INFO - Processing /home/airflow/.local/lib/python3.12/site-packages/airflow/example_dags/example_latest_only_with_trigger.py took 0.031 seconds
[2024-07-05T11:00:36.959+0000] {processor.py:161} INFO - Started process (PID=7599) to work on /home/airflow/.local/lib/python3.12/site-packages/airflow/example_dags/example_latest_only_with_trigger.py
[2024-07-05T11:00:36.959+0000] {processor.py:830} INFO - Processing file /home/airflow/.local/lib/python3.12/site-packages/airflow/example_dags/example_latest_only_with_trigger.py for tasks to queue
[2024-07-05T11:00:36.960+0000] {logging_mixin.py:188} INFO - [2024-07-05T11:00:36.960+0000] {dagbag.py:545} INFO - Filling up the DagBag from /home/airflow/.local/lib/python3.12/site-packages/airflow/example_dags/example_latest_only_with_trigger.py
[2024-07-05T11:00:36.962+0000] {processor.py:840} INFO - DAG(s) 'latest_only_with_trigger' retrieved from /home/airflow/.local/lib/python3.12/site-packages/airflow/example_dags/example_latest_only_with_trigger.py
[2024-07-05T11:00:36.970+0000] {logging_mixin.py:188} INFO - [2024-07-05T11:00:36.970+0000] {dag.py:3096} INFO - Sync 1 DAGs
[2024-07-05T11:00:36.978+0000] {logging_mixin.py:188} INFO - [2024-07-05T11:00:36.978+0000] {dag.py:3954} INFO - Setting next_dagrun for latest_only_with_trigger to 2024-07-05 04:00:00+00:00, run_after=2024-07-05 08:00:00+00:00
[2024-07-05T11:00:36.984+0000] {processor.py:183} INFO - Processing /home/airflow/.local/lib/python3.12/site-packages/airflow/example_dags/example_latest_only_with_trigger.py took 0.028 seconds
[2024-07-05T12:13:57.540+0000] {processor.py:161} INFO - Started process (PID=7663) to work on /home/airflow/.local/lib/python3.12/site-packages/airflow/example_dags/example_latest_only_with_trigger.py
[2024-07-05T12:13:57.541+0000] {processor.py:830} INFO - Processing file /home/airflow/.local/lib/python3.12/site-packages/airflow/example_dags/example_latest_only_with_trigger.py for tasks to queue
[2024-07-05T12:13:57.542+0000] {logging_mixin.py:188} INFO - [2024-07-05T12:13:57.542+0000] {dagbag.py:545} INFO - Filling up the DagBag from /home/airflow/.local/lib/python3.12/site-packages/airflow/example_dags/example_latest_only_with_trigger.py
[2024-07-05T12:13:57.545+0000] {processor.py:840} INFO - DAG(s) 'latest_only_with_trigger' retrieved from /home/airflow/.local/lib/python3.12/site-packages/airflow/example_dags/example_latest_only_with_trigger.py
[2024-07-05T12:13:57.552+0000] {logging_mixin.py:188} INFO - [2024-07-05T12:13:57.552+0000] {dag.py:3096} INFO - Sync 1 DAGs
[2024-07-05T12:13:57.560+0000] {logging_mixin.py:188} INFO - [2024-07-05T12:13:57.560+0000] {dag.py:3954} INFO - Setting next_dagrun for latest_only_with_trigger to 2024-07-05 08:00:00+00:00, run_after=2024-07-05 12:00:00+00:00
[2024-07-05T12:13:57.566+0000] {processor.py:183} INFO - Processing /home/airflow/.local/lib/python3.12/site-packages/airflow/example_dags/example_latest_only_with_trigger.py took 0.028 seconds
[2024-07-05T13:15:01.591+0000] {processor.py:161} INFO - Started process (PID=7715) to work on /home/airflow/.local/lib/python3.12/site-packages/airflow/example_dags/example_latest_only_with_trigger.py
[2024-07-05T13:15:01.591+0000] {processor.py:830} INFO - Processing file /home/airflow/.local/lib/python3.12/site-packages/airflow/example_dags/example_latest_only_with_trigger.py for tasks to queue
[2024-07-05T13:15:01.592+0000] {logging_mixin.py:188} INFO - [2024-07-05T13:15:01.592+0000] {dagbag.py:545} INFO - Filling up the DagBag from /home/airflow/.local/lib/python3.12/site-packages/airflow/example_dags/example_latest_only_with_trigger.py
[2024-07-05T13:15:01.594+0000] {processor.py:840} INFO - DAG(s) 'latest_only_with_trigger' retrieved from /home/airflow/.local/lib/python3.12/site-packages/airflow/example_dags/example_latest_only_with_trigger.py
[2024-07-05T13:15:01.603+0000] {logging_mixin.py:188} INFO - [2024-07-05T13:15:01.603+0000] {dag.py:3096} INFO - Sync 1 DAGs
[2024-07-05T13:15:01.611+0000] {logging_mixin.py:188} INFO - [2024-07-05T13:15:01.611+0000] {dag.py:3954} INFO - Setting next_dagrun for latest_only_with_trigger to 2024-07-05 08:00:00+00:00, run_after=2024-07-05 12:00:00+00:00
[2024-07-05T13:15:01.617+0000] {processor.py:183} INFO - Processing /home/airflow/.local/lib/python3.12/site-packages/airflow/example_dags/example_latest_only_with_trigger.py took 0.029 seconds
[2024-07-05T14:01:34.865+0000] {processor.py:161} INFO - Started process (PID=7779) to work on /home/airflow/.local/lib/python3.12/site-packages/airflow/example_dags/example_latest_only_with_trigger.py
[2024-07-05T14:01:34.865+0000] {processor.py:830} INFO - Processing file /home/airflow/.local/lib/python3.12/site-packages/airflow/example_dags/example_latest_only_with_trigger.py for tasks to queue
[2024-07-05T14:01:34.866+0000] {logging_mixin.py:188} INFO - [2024-07-05T14:01:34.866+0000] {dagbag.py:545} INFO - Filling up the DagBag from /home/airflow/.local/lib/python3.12/site-packages/airflow/example_dags/example_latest_only_with_trigger.py
[2024-07-05T14:01:34.868+0000] {processor.py:840} INFO - DAG(s) 'latest_only_with_trigger' retrieved from /home/airflow/.local/lib/python3.12/site-packages/airflow/example_dags/example_latest_only_with_trigger.py
[2024-07-05T14:01:34.877+0000] {logging_mixin.py:188} INFO - [2024-07-05T14:01:34.877+0000] {dag.py:3096} INFO - Sync 1 DAGs
[2024-07-05T14:01:34.885+0000] {logging_mixin.py:188} INFO - [2024-07-05T14:01:34.885+0000] {dag.py:3954} INFO - Setting next_dagrun for latest_only_with_trigger to 2024-07-05 08:00:00+00:00, run_after=2024-07-05 12:00:00+00:00
[2024-07-05T14:01:34.892+0000] {processor.py:183} INFO - Processing /home/airflow/.local/lib/python3.12/site-packages/airflow/example_dags/example_latest_only_with_trigger.py took 0.029 seconds
[2024-07-05T14:47:34.890+0000] {processor.py:161} INFO - Started process (PID=7837) to work on /home/airflow/.local/lib/python3.12/site-packages/airflow/example_dags/example_latest_only_with_trigger.py
[2024-07-05T14:47:34.890+0000] {processor.py:830} INFO - Processing file /home/airflow/.local/lib/python3.12/site-packages/airflow/example_dags/example_latest_only_with_trigger.py for tasks to queue
[2024-07-05T14:47:34.892+0000] {logging_mixin.py:188} INFO - [2024-07-05T14:47:34.891+0000] {dagbag.py:545} INFO - Filling up the DagBag from /home/airflow/.local/lib/python3.12/site-packages/airflow/example_dags/example_latest_only_with_trigger.py
[2024-07-05T14:47:34.894+0000] {processor.py:840} INFO - DAG(s) 'latest_only_with_trigger' retrieved from /home/airflow/.local/lib/python3.12/site-packages/airflow/example_dags/example_latest_only_with_trigger.py
[2024-07-05T14:47:34.903+0000] {logging_mixin.py:188} INFO - [2024-07-05T14:47:34.903+0000] {dag.py:3096} INFO - Sync 1 DAGs
[2024-07-05T14:47:34.913+0000] {logging_mixin.py:188} INFO - [2024-07-05T14:47:34.913+0000] {dag.py:3954} INFO - Setting next_dagrun for latest_only_with_trigger to 2024-07-05 08:00:00+00:00, run_after=2024-07-05 12:00:00+00:00
[2024-07-05T14:47:34.920+0000] {processor.py:183} INFO - Processing /home/airflow/.local/lib/python3.12/site-packages/airflow/example_dags/example_latest_only_with_trigger.py took 0.032 seconds
[2024-07-05T15:49:33.608+0000] {processor.py:161} INFO - Started process (PID=7889) to work on /home/airflow/.local/lib/python3.12/site-packages/airflow/example_dags/example_latest_only_with_trigger.py
[2024-07-05T15:49:33.609+0000] {processor.py:830} INFO - Processing file /home/airflow/.local/lib/python3.12/site-packages/airflow/example_dags/example_latest_only_with_trigger.py for tasks to queue
[2024-07-05T15:49:33.609+0000] {logging_mixin.py:188} INFO - [2024-07-05T15:49:33.609+0000] {dagbag.py:545} INFO - Filling up the DagBag from /home/airflow/.local/lib/python3.12/site-packages/airflow/example_dags/example_latest_only_with_trigger.py
[2024-07-05T15:49:33.612+0000] {processor.py:840} INFO - DAG(s) 'latest_only_with_trigger' retrieved from /home/airflow/.local/lib/python3.12/site-packages/airflow/example_dags/example_latest_only_with_trigger.py
[2024-07-05T15:49:33.619+0000] {logging_mixin.py:188} INFO - [2024-07-05T15:49:33.619+0000] {dag.py:3096} INFO - Sync 1 DAGs
[2024-07-05T15:49:33.627+0000] {logging_mixin.py:188} INFO - [2024-07-05T15:49:33.627+0000] {dag.py:3954} INFO - Setting next_dagrun for latest_only_with_trigger to 2024-07-05 08:00:00+00:00, run_after=2024-07-05 12:00:00+00:00
[2024-07-05T15:49:33.633+0000] {processor.py:183} INFO - Processing /home/airflow/.local/lib/python3.12/site-packages/airflow/example_dags/example_latest_only_with_trigger.py took 0.027 seconds
[2024-07-05T17:06:00.894+0000] {processor.py:161} INFO - Started process (PID=7953) to work on /home/airflow/.local/lib/python3.12/site-packages/airflow/example_dags/example_latest_only_with_trigger.py
[2024-07-05T17:06:00.894+0000] {processor.py:830} INFO - Processing file /home/airflow/.local/lib/python3.12/site-packages/airflow/example_dags/example_latest_only_with_trigger.py for tasks to queue
[2024-07-05T17:06:00.895+0000] {logging_mixin.py:188} INFO - [2024-07-05T17:06:00.895+0000] {dagbag.py:545} INFO - Filling up the DagBag from /home/airflow/.local/lib/python3.12/site-packages/airflow/example_dags/example_latest_only_with_trigger.py
[2024-07-05T17:06:00.897+0000] {processor.py:840} INFO - DAG(s) 'latest_only_with_trigger' retrieved from /home/airflow/.local/lib/python3.12/site-packages/airflow/example_dags/example_latest_only_with_trigger.py
[2024-07-05T17:06:00.904+0000] {logging_mixin.py:188} INFO - [2024-07-05T17:06:00.904+0000] {dag.py:3096} INFO - Sync 1 DAGs
[2024-07-05T17:06:00.912+0000] {logging_mixin.py:188} INFO - [2024-07-05T17:06:00.912+0000] {dag.py:3954} INFO - Setting next_dagrun for latest_only_with_trigger to 2024-07-05 12:00:00+00:00, run_after=2024-07-05 16:00:00+00:00
[2024-07-05T17:06:00.919+0000] {processor.py:183} INFO - Processing /home/airflow/.local/lib/python3.12/site-packages/airflow/example_dags/example_latest_only_with_trigger.py took 0.027 seconds
[2024-07-05T18:15:52.430+0000] {processor.py:161} INFO - Started process (PID=8011) to work on /home/airflow/.local/lib/python3.12/site-packages/airflow/example_dags/example_latest_only_with_trigger.py
[2024-07-05T18:15:52.430+0000] {processor.py:830} INFO - Processing file /home/airflow/.local/lib/python3.12/site-packages/airflow/example_dags/example_latest_only_with_trigger.py for tasks to queue
[2024-07-05T18:15:52.431+0000] {logging_mixin.py:188} INFO - [2024-07-05T18:15:52.431+0000] {dagbag.py:545} INFO - Filling up the DagBag from /home/airflow/.local/lib/python3.12/site-packages/airflow/example_dags/example_latest_only_with_trigger.py
[2024-07-05T18:15:52.433+0000] {processor.py:840} INFO - DAG(s) 'latest_only_with_trigger' retrieved from /home/airflow/.local/lib/python3.12/site-packages/airflow/example_dags/example_latest_only_with_trigger.py
[2024-07-05T18:15:52.442+0000] {logging_mixin.py:188} INFO - [2024-07-05T18:15:52.442+0000] {dag.py:3096} INFO - Sync 1 DAGs
[2024-07-05T18:15:52.449+0000] {logging_mixin.py:188} INFO - [2024-07-05T18:15:52.449+0000] {dag.py:3954} INFO - Setting next_dagrun for latest_only_with_trigger to 2024-07-05 12:00:00+00:00, run_after=2024-07-05 16:00:00+00:00
[2024-07-05T18:15:52.456+0000] {processor.py:183} INFO - Processing /home/airflow/.local/lib/python3.12/site-packages/airflow/example_dags/example_latest_only_with_trigger.py took 0.029 seconds
[2024-07-05T19:56:48.924+0000] {processor.py:161} INFO - Started process (PID=8068) to work on /home/airflow/.local/lib/python3.12/site-packages/airflow/example_dags/example_latest_only_with_trigger.py
[2024-07-05T19:56:48.925+0000] {processor.py:830} INFO - Processing file /home/airflow/.local/lib/python3.12/site-packages/airflow/example_dags/example_latest_only_with_trigger.py for tasks to queue
[2024-07-05T19:56:48.926+0000] {logging_mixin.py:188} INFO - [2024-07-05T19:56:48.925+0000] {dagbag.py:545} INFO - Filling up the DagBag from /home/airflow/.local/lib/python3.12/site-packages/airflow/example_dags/example_latest_only_with_trigger.py
[2024-07-05T19:56:48.928+0000] {processor.py:840} INFO - DAG(s) 'latest_only_with_trigger' retrieved from /home/airflow/.local/lib/python3.12/site-packages/airflow/example_dags/example_latest_only_with_trigger.py
[2024-07-05T19:56:48.936+0000] {logging_mixin.py:188} INFO - [2024-07-05T19:56:48.936+0000] {dag.py:3096} INFO - Sync 1 DAGs
[2024-07-05T19:56:48.944+0000] {logging_mixin.py:188} INFO - [2024-07-05T19:56:48.944+0000] {dag.py:3954} INFO - Setting next_dagrun for latest_only_with_trigger to 2024-07-05 12:00:00+00:00, run_after=2024-07-05 16:00:00+00:00
[2024-07-05T19:56:48.951+0000] {processor.py:183} INFO - Processing /home/airflow/.local/lib/python3.12/site-packages/airflow/example_dags/example_latest_only_with_trigger.py took 0.029 seconds
[2024-07-05T21:19:03.778+0000] {processor.py:161} INFO - Started process (PID=8120) to work on /home/airflow/.local/lib/python3.12/site-packages/airflow/example_dags/example_latest_only_with_trigger.py
[2024-07-05T21:19:03.779+0000] {processor.py:830} INFO - Processing file /home/airflow/.local/lib/python3.12/site-packages/airflow/example_dags/example_latest_only_with_trigger.py for tasks to queue
[2024-07-05T21:19:03.779+0000] {logging_mixin.py:188} INFO - [2024-07-05T21:19:03.779+0000] {dagbag.py:545} INFO - Filling up the DagBag from /home/airflow/.local/lib/python3.12/site-packages/airflow/example_dags/example_latest_only_with_trigger.py
[2024-07-05T21:19:03.782+0000] {processor.py:840} INFO - DAG(s) 'latest_only_with_trigger' retrieved from /home/airflow/.local/lib/python3.12/site-packages/airflow/example_dags/example_latest_only_with_trigger.py
[2024-07-05T21:19:03.790+0000] {logging_mixin.py:188} INFO - [2024-07-05T21:19:03.790+0000] {dag.py:3096} INFO - Sync 1 DAGs
[2024-07-05T21:19:03.798+0000] {logging_mixin.py:188} INFO - [2024-07-05T21:19:03.798+0000] {dag.py:3954} INFO - Setting next_dagrun for latest_only_with_trigger to 2024-07-05 16:00:00+00:00, run_after=2024-07-05 20:00:00+00:00
[2024-07-05T21:19:03.804+0000] {processor.py:183} INFO - Processing /home/airflow/.local/lib/python3.12/site-packages/airflow/example_dags/example_latest_only_with_trigger.py took 0.028 seconds
[2024-07-05T22:43:31.679+0000] {processor.py:161} INFO - Started process (PID=8184) to work on /home/airflow/.local/lib/python3.12/site-packages/airflow/example_dags/example_latest_only_with_trigger.py
[2024-07-05T22:43:31.679+0000] {processor.py:830} INFO - Processing file /home/airflow/.local/lib/python3.12/site-packages/airflow/example_dags/example_latest_only_with_trigger.py for tasks to queue
[2024-07-05T22:43:31.680+0000] {logging_mixin.py:188} INFO - [2024-07-05T22:43:31.680+0000] {dagbag.py:545} INFO - Filling up the DagBag from /home/airflow/.local/lib/python3.12/site-packages/airflow/example_dags/example_latest_only_with_trigger.py
[2024-07-05T22:43:31.682+0000] {processor.py:840} INFO - DAG(s) 'latest_only_with_trigger' retrieved from /home/airflow/.local/lib/python3.12/site-packages/airflow/example_dags/example_latest_only_with_trigger.py
[2024-07-05T22:43:31.690+0000] {logging_mixin.py:188} INFO - [2024-07-05T22:43:31.689+0000] {dag.py:3096} INFO - Sync 1 DAGs
[2024-07-05T22:43:31.697+0000] {logging_mixin.py:188} INFO - [2024-07-05T22:43:31.697+0000] {dag.py:3954} INFO - Setting next_dagrun for latest_only_with_trigger to 2024-07-05 16:00:00+00:00, run_after=2024-07-05 20:00:00+00:00
[2024-07-05T22:43:31.703+0000] {processor.py:183} INFO - Processing /home/airflow/.local/lib/python3.12/site-packages/airflow/example_dags/example_latest_only_with_trigger.py took 0.026 seconds
