[2024-07-05T00:02:35.102+0000] {processor.py:161} INFO - Started process (PID=6724) to work on /home/airflow/.local/lib/python3.12/site-packages/airflow/example_dags/example_nested_branch_dag.py
[2024-07-05T00:02:35.103+0000] {processor.py:830} INFO - Processing file /home/airflow/.local/lib/python3.12/site-packages/airflow/example_dags/example_nested_branch_dag.py for tasks to queue
[2024-07-05T00:02:35.103+0000] {logging_mixin.py:188} INFO - [2024-07-05T00:02:35.103+0000] {dagbag.py:545} INFO - Filling up the DagBag from /home/airflow/.local/lib/python3.12/site-packages/airflow/example_dags/example_nested_branch_dag.py
[2024-07-05T00:02:35.107+0000] {processor.py:840} INFO - DAG(s) 'example_nested_branch_dag' retrieved from /home/airflow/.local/lib/python3.12/site-packages/airflow/example_dags/example_nested_branch_dag.py
[2024-07-05T00:02:35.116+0000] {logging_mixin.py:188} INFO - [2024-07-05T00:02:35.116+0000] {dag.py:3096} INFO - Sync 1 DAGs
[2024-07-05T00:02:35.124+0000] {logging_mixin.py:188} INFO - [2024-07-05T00:02:35.124+0000] {dag.py:3954} INFO - Setting next_dagrun for example_nested_branch_dag to 2024-07-04 00:00:00+00:00, run_after=2024-07-05 00:00:00+00:00
[2024-07-05T00:02:35.130+0000] {processor.py:183} INFO - Processing /home/airflow/.local/lib/python3.12/site-packages/airflow/example_dags/example_nested_branch_dag.py took 0.030 seconds
[2024-07-05T01:02:58.277+0000] {processor.py:161} INFO - Started process (PID=6782) to work on /home/airflow/.local/lib/python3.12/site-packages/airflow/example_dags/example_nested_branch_dag.py
[2024-07-05T01:02:58.277+0000] {processor.py:830} INFO - Processing file /home/airflow/.local/lib/python3.12/site-packages/airflow/example_dags/example_nested_branch_dag.py for tasks to queue
[2024-07-05T01:02:58.278+0000] {logging_mixin.py:188} INFO - [2024-07-05T01:02:58.278+0000] {dagbag.py:545} INFO - Filling up the DagBag from /home/airflow/.local/lib/python3.12/site-packages/airflow/example_dags/example_nested_branch_dag.py
[2024-07-05T01:02:58.282+0000] {processor.py:840} INFO - DAG(s) 'example_nested_branch_dag' retrieved from /home/airflow/.local/lib/python3.12/site-packages/airflow/example_dags/example_nested_branch_dag.py
[2024-07-05T01:02:58.291+0000] {logging_mixin.py:188} INFO - [2024-07-05T01:02:58.291+0000] {dag.py:3096} INFO - Sync 1 DAGs
[2024-07-05T01:02:58.299+0000] {logging_mixin.py:188} INFO - [2024-07-05T01:02:58.299+0000] {dag.py:3954} INFO - Setting next_dagrun for example_nested_branch_dag to 2024-07-04 00:00:00+00:00, run_after=2024-07-05 00:00:00+00:00
[2024-07-05T01:02:58.306+0000] {processor.py:183} INFO - Processing /home/airflow/.local/lib/python3.12/site-packages/airflow/example_dags/example_nested_branch_dag.py took 0.032 seconds
[2024-07-05T01:09:20.433+0000] {processor.py:161} INFO - Started process (PID=6840) to work on /home/airflow/.local/lib/python3.12/site-packages/airflow/example_dags/example_nested_branch_dag.py
[2024-07-05T01:09:20.433+0000] {processor.py:830} INFO - Processing file /home/airflow/.local/lib/python3.12/site-packages/airflow/example_dags/example_nested_branch_dag.py for tasks to queue
[2024-07-05T01:09:20.436+0000] {logging_mixin.py:188} INFO - [2024-07-05T01:09:20.436+0000] {dagbag.py:545} INFO - Filling up the DagBag from /home/airflow/.local/lib/python3.12/site-packages/airflow/example_dags/example_nested_branch_dag.py
[2024-07-05T01:09:20.440+0000] {processor.py:840} INFO - DAG(s) 'example_nested_branch_dag' retrieved from /home/airflow/.local/lib/python3.12/site-packages/airflow/example_dags/example_nested_branch_dag.py
[2024-07-05T01:09:20.449+0000] {logging_mixin.py:188} INFO - [2024-07-05T01:09:20.449+0000] {dag.py:3096} INFO - Sync 1 DAGs
[2024-07-05T01:09:20.459+0000] {logging_mixin.py:188} INFO - [2024-07-05T01:09:20.458+0000] {dag.py:3954} INFO - Setting next_dagrun for example_nested_branch_dag to 2024-07-04 00:00:00+00:00, run_after=2024-07-05 00:00:00+00:00
[2024-07-05T01:09:20.465+0000] {processor.py:183} INFO - Processing /home/airflow/.local/lib/python3.12/site-packages/airflow/example_dags/example_nested_branch_dag.py took 0.035 seconds
[2024-07-05T01:30:00.247+0000] {processor.py:161} INFO - Started process (PID=6898) to work on /home/airflow/.local/lib/python3.12/site-packages/airflow/example_dags/example_nested_branch_dag.py
[2024-07-05T01:30:00.248+0000] {processor.py:830} INFO - Processing file /home/airflow/.local/lib/python3.12/site-packages/airflow/example_dags/example_nested_branch_dag.py for tasks to queue
[2024-07-05T01:30:00.248+0000] {logging_mixin.py:188} INFO - [2024-07-05T01:30:00.248+0000] {dagbag.py:545} INFO - Filling up the DagBag from /home/airflow/.local/lib/python3.12/site-packages/airflow/example_dags/example_nested_branch_dag.py
[2024-07-05T01:30:00.253+0000] {processor.py:840} INFO - DAG(s) 'example_nested_branch_dag' retrieved from /home/airflow/.local/lib/python3.12/site-packages/airflow/example_dags/example_nested_branch_dag.py
[2024-07-05T01:30:00.261+0000] {logging_mixin.py:188} INFO - [2024-07-05T01:30:00.261+0000] {dag.py:3096} INFO - Sync 1 DAGs
[2024-07-05T01:30:00.269+0000] {logging_mixin.py:188} INFO - [2024-07-05T01:30:00.269+0000] {dag.py:3954} INFO - Setting next_dagrun for example_nested_branch_dag to 2024-07-04 00:00:00+00:00, run_after=2024-07-05 00:00:00+00:00
[2024-07-05T01:30:00.275+0000] {processor.py:183} INFO - Processing /home/airflow/.local/lib/python3.12/site-packages/airflow/example_dags/example_nested_branch_dag.py took 0.031 seconds
[2024-07-05T01:57:34.886+0000] {processor.py:161} INFO - Started process (PID=6956) to work on /home/airflow/.local/lib/python3.12/site-packages/airflow/example_dags/example_nested_branch_dag.py
[2024-07-05T01:57:34.886+0000] {processor.py:830} INFO - Processing file /home/airflow/.local/lib/python3.12/site-packages/airflow/example_dags/example_nested_branch_dag.py for tasks to queue
[2024-07-05T01:57:34.887+0000] {logging_mixin.py:188} INFO - [2024-07-05T01:57:34.887+0000] {dagbag.py:545} INFO - Filling up the DagBag from /home/airflow/.local/lib/python3.12/site-packages/airflow/example_dags/example_nested_branch_dag.py
[2024-07-05T01:57:34.891+0000] {processor.py:840} INFO - DAG(s) 'example_nested_branch_dag' retrieved from /home/airflow/.local/lib/python3.12/site-packages/airflow/example_dags/example_nested_branch_dag.py
[2024-07-05T01:57:34.964+0000] {logging_mixin.py:188} INFO - [2024-07-05T01:57:34.963+0000] {dag.py:3096} INFO - Sync 1 DAGs
[2024-07-05T01:57:34.971+0000] {logging_mixin.py:188} INFO - [2024-07-05T01:57:34.970+0000] {dag.py:3954} INFO - Setting next_dagrun for example_nested_branch_dag to 2024-07-04 00:00:00+00:00, run_after=2024-07-05 00:00:00+00:00
[2024-07-05T01:57:34.976+0000] {processor.py:183} INFO - Processing /home/airflow/.local/lib/python3.12/site-packages/airflow/example_dags/example_nested_branch_dag.py took 0.093 seconds
[2024-07-05T02:35:36.430+0000] {processor.py:161} INFO - Started process (PID=7014) to work on /home/airflow/.local/lib/python3.12/site-packages/airflow/example_dags/example_nested_branch_dag.py
[2024-07-05T02:35:36.430+0000] {processor.py:830} INFO - Processing file /home/airflow/.local/lib/python3.12/site-packages/airflow/example_dags/example_nested_branch_dag.py for tasks to queue
[2024-07-05T02:35:36.431+0000] {logging_mixin.py:188} INFO - [2024-07-05T02:35:36.431+0000] {dagbag.py:545} INFO - Filling up the DagBag from /home/airflow/.local/lib/python3.12/site-packages/airflow/example_dags/example_nested_branch_dag.py
[2024-07-05T02:35:36.435+0000] {processor.py:840} INFO - DAG(s) 'example_nested_branch_dag' retrieved from /home/airflow/.local/lib/python3.12/site-packages/airflow/example_dags/example_nested_branch_dag.py
[2024-07-05T02:35:36.445+0000] {logging_mixin.py:188} INFO - [2024-07-05T02:35:36.445+0000] {dag.py:3096} INFO - Sync 1 DAGs
[2024-07-05T02:35:36.518+0000] {logging_mixin.py:188} INFO - [2024-07-05T02:35:36.518+0000] {dag.py:3954} INFO - Setting next_dagrun for example_nested_branch_dag to 2024-07-04 00:00:00+00:00, run_after=2024-07-05 00:00:00+00:00
[2024-07-05T02:35:36.524+0000] {processor.py:183} INFO - Processing /home/airflow/.local/lib/python3.12/site-packages/airflow/example_dags/example_nested_branch_dag.py took 0.097 seconds
[2024-07-05T03:38:53.326+0000] {processor.py:161} INFO - Started process (PID=7072) to work on /home/airflow/.local/lib/python3.12/site-packages/airflow/example_dags/example_nested_branch_dag.py
[2024-07-05T03:38:53.326+0000] {processor.py:830} INFO - Processing file /home/airflow/.local/lib/python3.12/site-packages/airflow/example_dags/example_nested_branch_dag.py for tasks to queue
[2024-07-05T03:38:53.327+0000] {logging_mixin.py:188} INFO - [2024-07-05T03:38:53.327+0000] {dagbag.py:545} INFO - Filling up the DagBag from /home/airflow/.local/lib/python3.12/site-packages/airflow/example_dags/example_nested_branch_dag.py
[2024-07-05T03:38:53.330+0000] {processor.py:840} INFO - DAG(s) 'example_nested_branch_dag' retrieved from /home/airflow/.local/lib/python3.12/site-packages/airflow/example_dags/example_nested_branch_dag.py
[2024-07-05T03:38:53.338+0000] {logging_mixin.py:188} INFO - [2024-07-05T03:38:53.338+0000] {dag.py:3096} INFO - Sync 1 DAGs
[2024-07-05T03:38:53.346+0000] {logging_mixin.py:188} INFO - [2024-07-05T03:38:53.346+0000] {dag.py:3954} INFO - Setting next_dagrun for example_nested_branch_dag to 2024-07-04 00:00:00+00:00, run_after=2024-07-05 00:00:00+00:00
[2024-07-05T03:38:53.351+0000] {processor.py:183} INFO - Processing /home/airflow/.local/lib/python3.12/site-packages/airflow/example_dags/example_nested_branch_dag.py took 0.028 seconds
[2024-07-05T04:05:59.107+0000] {processor.py:161} INFO - Started process (PID=7130) to work on /home/airflow/.local/lib/python3.12/site-packages/airflow/example_dags/example_nested_branch_dag.py
[2024-07-05T04:05:59.107+0000] {processor.py:830} INFO - Processing file /home/airflow/.local/lib/python3.12/site-packages/airflow/example_dags/example_nested_branch_dag.py for tasks to queue
[2024-07-05T04:05:59.108+0000] {logging_mixin.py:188} INFO - [2024-07-05T04:05:59.108+0000] {dagbag.py:545} INFO - Filling up the DagBag from /home/airflow/.local/lib/python3.12/site-packages/airflow/example_dags/example_nested_branch_dag.py
[2024-07-05T04:05:59.112+0000] {processor.py:840} INFO - DAG(s) 'example_nested_branch_dag' retrieved from /home/airflow/.local/lib/python3.12/site-packages/airflow/example_dags/example_nested_branch_dag.py
[2024-07-05T04:05:59.121+0000] {logging_mixin.py:188} INFO - [2024-07-05T04:05:59.121+0000] {dag.py:3096} INFO - Sync 1 DAGs
[2024-07-05T04:05:59.129+0000] {logging_mixin.py:188} INFO - [2024-07-05T04:05:59.129+0000] {dag.py:3954} INFO - Setting next_dagrun for example_nested_branch_dag to 2024-07-04 00:00:00+00:00, run_after=2024-07-05 00:00:00+00:00
[2024-07-05T04:05:59.135+0000] {processor.py:183} INFO - Processing /home/airflow/.local/lib/python3.12/site-packages/airflow/example_dags/example_nested_branch_dag.py took 0.031 seconds
[2024-07-05T05:07:04.276+0000] {processor.py:161} INFO - Started process (PID=7188) to work on /home/airflow/.local/lib/python3.12/site-packages/airflow/example_dags/example_nested_branch_dag.py
[2024-07-05T05:07:04.277+0000] {processor.py:830} INFO - Processing file /home/airflow/.local/lib/python3.12/site-packages/airflow/example_dags/example_nested_branch_dag.py for tasks to queue
[2024-07-05T05:07:04.278+0000] {logging_mixin.py:188} INFO - [2024-07-05T05:07:04.277+0000] {dagbag.py:545} INFO - Filling up the DagBag from /home/airflow/.local/lib/python3.12/site-packages/airflow/example_dags/example_nested_branch_dag.py
[2024-07-05T05:07:04.282+0000] {processor.py:840} INFO - DAG(s) 'example_nested_branch_dag' retrieved from /home/airflow/.local/lib/python3.12/site-packages/airflow/example_dags/example_nested_branch_dag.py
[2024-07-05T05:07:04.291+0000] {logging_mixin.py:188} INFO - [2024-07-05T05:07:04.291+0000] {dag.py:3096} INFO - Sync 1 DAGs
[2024-07-05T05:07:04.303+0000] {logging_mixin.py:188} INFO - [2024-07-05T05:07:04.302+0000] {dag.py:3954} INFO - Setting next_dagrun for example_nested_branch_dag to 2024-07-04 00:00:00+00:00, run_after=2024-07-05 00:00:00+00:00
[2024-07-05T05:07:04.319+0000] {processor.py:183} INFO - Processing /home/airflow/.local/lib/python3.12/site-packages/airflow/example_dags/example_nested_branch_dag.py took 0.045 seconds
[2024-07-05T06:07:56.861+0000] {processor.py:161} INFO - Started process (PID=7246) to work on /home/airflow/.local/lib/python3.12/site-packages/airflow/example_dags/example_nested_branch_dag.py
[2024-07-05T06:07:56.861+0000] {processor.py:830} INFO - Processing file /home/airflow/.local/lib/python3.12/site-packages/airflow/example_dags/example_nested_branch_dag.py for tasks to queue
[2024-07-05T06:07:56.862+0000] {logging_mixin.py:188} INFO - [2024-07-05T06:07:56.862+0000] {dagbag.py:545} INFO - Filling up the DagBag from /home/airflow/.local/lib/python3.12/site-packages/airflow/example_dags/example_nested_branch_dag.py
[2024-07-05T06:07:56.866+0000] {processor.py:840} INFO - DAG(s) 'example_nested_branch_dag' retrieved from /home/airflow/.local/lib/python3.12/site-packages/airflow/example_dags/example_nested_branch_dag.py
[2024-07-05T06:07:56.874+0000] {logging_mixin.py:188} INFO - [2024-07-05T06:07:56.874+0000] {dag.py:3096} INFO - Sync 1 DAGs
[2024-07-05T06:07:56.882+0000] {logging_mixin.py:188} INFO - [2024-07-05T06:07:56.882+0000] {dag.py:3954} INFO - Setting next_dagrun for example_nested_branch_dag to 2024-07-04 00:00:00+00:00, run_after=2024-07-05 00:00:00+00:00
[2024-07-05T06:07:56.888+0000] {processor.py:183} INFO - Processing /home/airflow/.local/lib/python3.12/site-packages/airflow/example_dags/example_nested_branch_dag.py took 0.030 seconds
[2024-07-05T07:08:55.683+0000] {processor.py:161} INFO - Started process (PID=7298) to work on /home/airflow/.local/lib/python3.12/site-packages/airflow/example_dags/example_nested_branch_dag.py
[2024-07-05T07:08:55.683+0000] {processor.py:830} INFO - Processing file /home/airflow/.local/lib/python3.12/site-packages/airflow/example_dags/example_nested_branch_dag.py for tasks to queue
[2024-07-05T07:08:55.684+0000] {logging_mixin.py:188} INFO - [2024-07-05T07:08:55.684+0000] {dagbag.py:545} INFO - Filling up the DagBag from /home/airflow/.local/lib/python3.12/site-packages/airflow/example_dags/example_nested_branch_dag.py
[2024-07-05T07:08:55.688+0000] {processor.py:840} INFO - DAG(s) 'example_nested_branch_dag' retrieved from /home/airflow/.local/lib/python3.12/site-packages/airflow/example_dags/example_nested_branch_dag.py
[2024-07-05T07:08:55.697+0000] {logging_mixin.py:188} INFO - [2024-07-05T07:08:55.697+0000] {dag.py:3096} INFO - Sync 1 DAGs
[2024-07-05T07:08:55.705+0000] {logging_mixin.py:188} INFO - [2024-07-05T07:08:55.705+0000] {dag.py:3954} INFO - Setting next_dagrun for example_nested_branch_dag to 2024-07-04 00:00:00+00:00, run_after=2024-07-05 00:00:00+00:00
[2024-07-05T07:08:55.711+0000] {processor.py:183} INFO - Processing /home/airflow/.local/lib/python3.12/site-packages/airflow/example_dags/example_nested_branch_dag.py took 0.031 seconds
[2024-07-05T08:09:52.746+0000] {processor.py:161} INFO - Started process (PID=7362) to work on /home/airflow/.local/lib/python3.12/site-packages/airflow/example_dags/example_nested_branch_dag.py
[2024-07-05T08:09:52.746+0000] {processor.py:830} INFO - Processing file /home/airflow/.local/lib/python3.12/site-packages/airflow/example_dags/example_nested_branch_dag.py for tasks to queue
[2024-07-05T08:09:52.747+0000] {logging_mixin.py:188} INFO - [2024-07-05T08:09:52.747+0000] {dagbag.py:545} INFO - Filling up the DagBag from /home/airflow/.local/lib/python3.12/site-packages/airflow/example_dags/example_nested_branch_dag.py
[2024-07-05T08:09:52.751+0000] {processor.py:840} INFO - DAG(s) 'example_nested_branch_dag' retrieved from /home/airflow/.local/lib/python3.12/site-packages/airflow/example_dags/example_nested_branch_dag.py
[2024-07-05T08:09:52.758+0000] {logging_mixin.py:188} INFO - [2024-07-05T08:09:52.758+0000] {dag.py:3096} INFO - Sync 1 DAGs
[2024-07-05T08:09:52.766+0000] {logging_mixin.py:188} INFO - [2024-07-05T08:09:52.766+0000] {dag.py:3954} INFO - Setting next_dagrun for example_nested_branch_dag to 2024-07-04 00:00:00+00:00, run_after=2024-07-05 00:00:00+00:00
[2024-07-05T08:09:52.772+0000] {processor.py:183} INFO - Processing /home/airflow/.local/lib/python3.12/site-packages/airflow/example_dags/example_nested_branch_dag.py took 0.029 seconds
[2024-07-05T08:32:40.132+0000] {processor.py:161} INFO - Started process (PID=7414) to work on /home/airflow/.local/lib/python3.12/site-packages/airflow/example_dags/example_nested_branch_dag.py
[2024-07-05T08:32:40.132+0000] {processor.py:830} INFO - Processing file /home/airflow/.local/lib/python3.12/site-packages/airflow/example_dags/example_nested_branch_dag.py for tasks to queue
[2024-07-05T08:32:40.133+0000] {logging_mixin.py:188} INFO - [2024-07-05T08:32:40.133+0000] {dagbag.py:545} INFO - Filling up the DagBag from /home/airflow/.local/lib/python3.12/site-packages/airflow/example_dags/example_nested_branch_dag.py
[2024-07-05T08:32:40.137+0000] {processor.py:840} INFO - DAG(s) 'example_nested_branch_dag' retrieved from /home/airflow/.local/lib/python3.12/site-packages/airflow/example_dags/example_nested_branch_dag.py
[2024-07-05T08:32:40.145+0000] {logging_mixin.py:188} INFO - [2024-07-05T08:32:40.144+0000] {dag.py:3096} INFO - Sync 1 DAGs
[2024-07-05T08:32:40.152+0000] {logging_mixin.py:188} INFO - [2024-07-05T08:32:40.152+0000] {dag.py:3954} INFO - Setting next_dagrun for example_nested_branch_dag to 2024-07-04 00:00:00+00:00, run_after=2024-07-05 00:00:00+00:00
[2024-07-05T08:32:40.158+0000] {processor.py:183} INFO - Processing /home/airflow/.local/lib/python3.12/site-packages/airflow/example_dags/example_nested_branch_dag.py took 0.028 seconds
[2024-07-05T09:12:27.031+0000] {processor.py:161} INFO - Started process (PID=7478) to work on /home/airflow/.local/lib/python3.12/site-packages/airflow/example_dags/example_nested_branch_dag.py
[2024-07-05T09:12:27.031+0000] {processor.py:830} INFO - Processing file /home/airflow/.local/lib/python3.12/site-packages/airflow/example_dags/example_nested_branch_dag.py for tasks to queue
[2024-07-05T09:12:27.032+0000] {logging_mixin.py:188} INFO - [2024-07-05T09:12:27.032+0000] {dagbag.py:545} INFO - Filling up the DagBag from /home/airflow/.local/lib/python3.12/site-packages/airflow/example_dags/example_nested_branch_dag.py
[2024-07-05T09:12:27.036+0000] {processor.py:840} INFO - DAG(s) 'example_nested_branch_dag' retrieved from /home/airflow/.local/lib/python3.12/site-packages/airflow/example_dags/example_nested_branch_dag.py
[2024-07-05T09:12:27.044+0000] {logging_mixin.py:188} INFO - [2024-07-05T09:12:27.044+0000] {dag.py:3096} INFO - Sync 1 DAGs
[2024-07-05T09:12:27.052+0000] {logging_mixin.py:188} INFO - [2024-07-05T09:12:27.052+0000] {dag.py:3954} INFO - Setting next_dagrun for example_nested_branch_dag to 2024-07-04 00:00:00+00:00, run_after=2024-07-05 00:00:00+00:00
[2024-07-05T09:12:27.058+0000] {processor.py:183} INFO - Processing /home/airflow/.local/lib/python3.12/site-packages/airflow/example_dags/example_nested_branch_dag.py took 0.030 seconds
[2024-07-05T10:11:57.867+0000] {processor.py:161} INFO - Started process (PID=7530) to work on /home/airflow/.local/lib/python3.12/site-packages/airflow/example_dags/example_nested_branch_dag.py
[2024-07-05T10:11:57.867+0000] {processor.py:830} INFO - Processing file /home/airflow/.local/lib/python3.12/site-packages/airflow/example_dags/example_nested_branch_dag.py for tasks to queue
[2024-07-05T10:11:57.868+0000] {logging_mixin.py:188} INFO - [2024-07-05T10:11:57.868+0000] {dagbag.py:545} INFO - Filling up the DagBag from /home/airflow/.local/lib/python3.12/site-packages/airflow/example_dags/example_nested_branch_dag.py
[2024-07-05T10:11:57.872+0000] {processor.py:840} INFO - DAG(s) 'example_nested_branch_dag' retrieved from /home/airflow/.local/lib/python3.12/site-packages/airflow/example_dags/example_nested_branch_dag.py
[2024-07-05T10:11:57.880+0000] {logging_mixin.py:188} INFO - [2024-07-05T10:11:57.879+0000] {dag.py:3096} INFO - Sync 1 DAGs
[2024-07-05T10:11:57.887+0000] {logging_mixin.py:188} INFO - [2024-07-05T10:11:57.887+0000] {dag.py:3954} INFO - Setting next_dagrun for example_nested_branch_dag to 2024-07-04 00:00:00+00:00, run_after=2024-07-05 00:00:00+00:00
[2024-07-05T10:11:57.893+0000] {processor.py:183} INFO - Processing /home/airflow/.local/lib/python3.12/site-packages/airflow/example_dags/example_nested_branch_dag.py took 0.028 seconds
[2024-07-05T11:00:36.743+0000] {processor.py:161} INFO - Started process (PID=7588) to work on /home/airflow/.local/lib/python3.12/site-packages/airflow/example_dags/example_nested_branch_dag.py
[2024-07-05T11:00:36.743+0000] {processor.py:830} INFO - Processing file /home/airflow/.local/lib/python3.12/site-packages/airflow/example_dags/example_nested_branch_dag.py for tasks to queue
[2024-07-05T11:00:36.744+0000] {logging_mixin.py:188} INFO - [2024-07-05T11:00:36.744+0000] {dagbag.py:545} INFO - Filling up the DagBag from /home/airflow/.local/lib/python3.12/site-packages/airflow/example_dags/example_nested_branch_dag.py
[2024-07-05T11:00:36.748+0000] {processor.py:840} INFO - DAG(s) 'example_nested_branch_dag' retrieved from /home/airflow/.local/lib/python3.12/site-packages/airflow/example_dags/example_nested_branch_dag.py
[2024-07-05T11:00:36.756+0000] {logging_mixin.py:188} INFO - [2024-07-05T11:00:36.756+0000] {dag.py:3096} INFO - Sync 1 DAGs
[2024-07-05T11:00:36.763+0000] {logging_mixin.py:188} INFO - [2024-07-05T11:00:36.763+0000] {dag.py:3954} INFO - Setting next_dagrun for example_nested_branch_dag to 2024-07-04 00:00:00+00:00, run_after=2024-07-05 00:00:00+00:00
[2024-07-05T11:00:36.769+0000] {processor.py:183} INFO - Processing /home/airflow/.local/lib/python3.12/site-packages/airflow/example_dags/example_nested_branch_dag.py took 0.028 seconds
[2024-07-05T12:13:57.316+0000] {processor.py:161} INFO - Started process (PID=7646) to work on /home/airflow/.local/lib/python3.12/site-packages/airflow/example_dags/example_nested_branch_dag.py
[2024-07-05T12:13:57.316+0000] {processor.py:830} INFO - Processing file /home/airflow/.local/lib/python3.12/site-packages/airflow/example_dags/example_nested_branch_dag.py for tasks to queue
[2024-07-05T12:13:57.317+0000] {logging_mixin.py:188} INFO - [2024-07-05T12:13:57.317+0000] {dagbag.py:545} INFO - Filling up the DagBag from /home/airflow/.local/lib/python3.12/site-packages/airflow/example_dags/example_nested_branch_dag.py
[2024-07-05T12:13:57.321+0000] {processor.py:840} INFO - DAG(s) 'example_nested_branch_dag' retrieved from /home/airflow/.local/lib/python3.12/site-packages/airflow/example_dags/example_nested_branch_dag.py
[2024-07-05T12:13:57.329+0000] {logging_mixin.py:188} INFO - [2024-07-05T12:13:57.329+0000] {dag.py:3096} INFO - Sync 1 DAGs
[2024-07-05T12:13:57.336+0000] {logging_mixin.py:188} INFO - [2024-07-05T12:13:57.336+0000] {dag.py:3954} INFO - Setting next_dagrun for example_nested_branch_dag to 2024-07-04 00:00:00+00:00, run_after=2024-07-05 00:00:00+00:00
[2024-07-05T12:13:57.342+0000] {processor.py:183} INFO - Processing /home/airflow/.local/lib/python3.12/site-packages/airflow/example_dags/example_nested_branch_dag.py took 0.028 seconds
[2024-07-05T13:15:01.346+0000] {processor.py:161} INFO - Started process (PID=7704) to work on /home/airflow/.local/lib/python3.12/site-packages/airflow/example_dags/example_nested_branch_dag.py
[2024-07-05T13:15:01.347+0000] {processor.py:830} INFO - Processing file /home/airflow/.local/lib/python3.12/site-packages/airflow/example_dags/example_nested_branch_dag.py for tasks to queue
[2024-07-05T13:15:01.348+0000] {logging_mixin.py:188} INFO - [2024-07-05T13:15:01.348+0000] {dagbag.py:545} INFO - Filling up the DagBag from /home/airflow/.local/lib/python3.12/site-packages/airflow/example_dags/example_nested_branch_dag.py
[2024-07-05T13:15:01.352+0000] {processor.py:840} INFO - DAG(s) 'example_nested_branch_dag' retrieved from /home/airflow/.local/lib/python3.12/site-packages/airflow/example_dags/example_nested_branch_dag.py
[2024-07-05T13:15:01.360+0000] {logging_mixin.py:188} INFO - [2024-07-05T13:15:01.360+0000] {dag.py:3096} INFO - Sync 1 DAGs
[2024-07-05T13:15:01.369+0000] {logging_mixin.py:188} INFO - [2024-07-05T13:15:01.369+0000] {dag.py:3954} INFO - Setting next_dagrun for example_nested_branch_dag to 2024-07-04 00:00:00+00:00, run_after=2024-07-05 00:00:00+00:00
[2024-07-05T13:15:01.375+0000] {processor.py:183} INFO - Processing /home/airflow/.local/lib/python3.12/site-packages/airflow/example_dags/example_nested_branch_dag.py took 0.031 seconds
[2024-07-05T14:01:34.663+0000] {processor.py:161} INFO - Started process (PID=7768) to work on /home/airflow/.local/lib/python3.12/site-packages/airflow/example_dags/example_nested_branch_dag.py
[2024-07-05T14:01:34.664+0000] {processor.py:830} INFO - Processing file /home/airflow/.local/lib/python3.12/site-packages/airflow/example_dags/example_nested_branch_dag.py for tasks to queue
[2024-07-05T14:01:34.664+0000] {logging_mixin.py:188} INFO - [2024-07-05T14:01:34.664+0000] {dagbag.py:545} INFO - Filling up the DagBag from /home/airflow/.local/lib/python3.12/site-packages/airflow/example_dags/example_nested_branch_dag.py
[2024-07-05T14:01:34.669+0000] {processor.py:840} INFO - DAG(s) 'example_nested_branch_dag' retrieved from /home/airflow/.local/lib/python3.12/site-packages/airflow/example_dags/example_nested_branch_dag.py
[2024-07-05T14:01:34.677+0000] {logging_mixin.py:188} INFO - [2024-07-05T14:01:34.677+0000] {dag.py:3096} INFO - Sync 1 DAGs
[2024-07-05T14:01:34.685+0000] {logging_mixin.py:188} INFO - [2024-07-05T14:01:34.685+0000] {dag.py:3954} INFO - Setting next_dagrun for example_nested_branch_dag to 2024-07-04 00:00:00+00:00, run_after=2024-07-05 00:00:00+00:00
[2024-07-05T14:01:34.691+0000] {processor.py:183} INFO - Processing /home/airflow/.local/lib/python3.12/site-packages/airflow/example_dags/example_nested_branch_dag.py took 0.030 seconds
[2024-07-05T14:47:34.656+0000] {processor.py:161} INFO - Started process (PID=7820) to work on /home/airflow/.local/lib/python3.12/site-packages/airflow/example_dags/example_nested_branch_dag.py
[2024-07-05T14:47:34.657+0000] {processor.py:830} INFO - Processing file /home/airflow/.local/lib/python3.12/site-packages/airflow/example_dags/example_nested_branch_dag.py for tasks to queue
[2024-07-05T14:47:34.657+0000] {logging_mixin.py:188} INFO - [2024-07-05T14:47:34.657+0000] {dagbag.py:545} INFO - Filling up the DagBag from /home/airflow/.local/lib/python3.12/site-packages/airflow/example_dags/example_nested_branch_dag.py
[2024-07-05T14:47:34.661+0000] {processor.py:840} INFO - DAG(s) 'example_nested_branch_dag' retrieved from /home/airflow/.local/lib/python3.12/site-packages/airflow/example_dags/example_nested_branch_dag.py
[2024-07-05T14:47:34.669+0000] {logging_mixin.py:188} INFO - [2024-07-05T14:47:34.669+0000] {dag.py:3096} INFO - Sync 1 DAGs
[2024-07-05T14:47:34.677+0000] {logging_mixin.py:188} INFO - [2024-07-05T14:47:34.677+0000] {dag.py:3954} INFO - Setting next_dagrun for example_nested_branch_dag to 2024-07-04 00:00:00+00:00, run_after=2024-07-05 00:00:00+00:00
[2024-07-05T14:47:34.683+0000] {processor.py:183} INFO - Processing /home/airflow/.local/lib/python3.12/site-packages/airflow/example_dags/example_nested_branch_dag.py took 0.028 seconds
[2024-07-05T15:49:33.388+0000] {processor.py:161} INFO - Started process (PID=7878) to work on /home/airflow/.local/lib/python3.12/site-packages/airflow/example_dags/example_nested_branch_dag.py
[2024-07-05T15:49:33.388+0000] {processor.py:830} INFO - Processing file /home/airflow/.local/lib/python3.12/site-packages/airflow/example_dags/example_nested_branch_dag.py for tasks to queue
[2024-07-05T15:49:33.389+0000] {logging_mixin.py:188} INFO - [2024-07-05T15:49:33.389+0000] {dagbag.py:545} INFO - Filling up the DagBag from /home/airflow/.local/lib/python3.12/site-packages/airflow/example_dags/example_nested_branch_dag.py
[2024-07-05T15:49:33.393+0000] {processor.py:840} INFO - DAG(s) 'example_nested_branch_dag' retrieved from /home/airflow/.local/lib/python3.12/site-packages/airflow/example_dags/example_nested_branch_dag.py
[2024-07-05T15:49:33.400+0000] {logging_mixin.py:188} INFO - [2024-07-05T15:49:33.400+0000] {dag.py:3096} INFO - Sync 1 DAGs
[2024-07-05T15:49:33.408+0000] {logging_mixin.py:188} INFO - [2024-07-05T15:49:33.408+0000] {dag.py:3954} INFO - Setting next_dagrun for example_nested_branch_dag to 2024-07-04 00:00:00+00:00, run_after=2024-07-05 00:00:00+00:00
[2024-07-05T15:49:33.414+0000] {processor.py:183} INFO - Processing /home/airflow/.local/lib/python3.12/site-packages/airflow/example_dags/example_nested_branch_dag.py took 0.028 seconds
[2024-07-05T17:06:00.679+0000] {processor.py:161} INFO - Started process (PID=7942) to work on /home/airflow/.local/lib/python3.12/site-packages/airflow/example_dags/example_nested_branch_dag.py
[2024-07-05T17:06:00.680+0000] {processor.py:830} INFO - Processing file /home/airflow/.local/lib/python3.12/site-packages/airflow/example_dags/example_nested_branch_dag.py for tasks to queue
[2024-07-05T17:06:00.681+0000] {logging_mixin.py:188} INFO - [2024-07-05T17:06:00.680+0000] {dagbag.py:545} INFO - Filling up the DagBag from /home/airflow/.local/lib/python3.12/site-packages/airflow/example_dags/example_nested_branch_dag.py
[2024-07-05T17:06:00.684+0000] {processor.py:840} INFO - DAG(s) 'example_nested_branch_dag' retrieved from /home/airflow/.local/lib/python3.12/site-packages/airflow/example_dags/example_nested_branch_dag.py
[2024-07-05T17:06:00.692+0000] {logging_mixin.py:188} INFO - [2024-07-05T17:06:00.692+0000] {dag.py:3096} INFO - Sync 1 DAGs
[2024-07-05T17:06:00.699+0000] {logging_mixin.py:188} INFO - [2024-07-05T17:06:00.699+0000] {dag.py:3954} INFO - Setting next_dagrun for example_nested_branch_dag to 2024-07-04 00:00:00+00:00, run_after=2024-07-05 00:00:00+00:00
[2024-07-05T17:06:00.705+0000] {processor.py:183} INFO - Processing /home/airflow/.local/lib/python3.12/site-packages/airflow/example_dags/example_nested_branch_dag.py took 0.028 seconds
[2024-07-05T18:15:52.187+0000] {processor.py:161} INFO - Started process (PID=8000) to work on /home/airflow/.local/lib/python3.12/site-packages/airflow/example_dags/example_nested_branch_dag.py
[2024-07-05T18:15:52.187+0000] {processor.py:830} INFO - Processing file /home/airflow/.local/lib/python3.12/site-packages/airflow/example_dags/example_nested_branch_dag.py for tasks to queue
[2024-07-05T18:15:52.188+0000] {logging_mixin.py:188} INFO - [2024-07-05T18:15:52.188+0000] {dagbag.py:545} INFO - Filling up the DagBag from /home/airflow/.local/lib/python3.12/site-packages/airflow/example_dags/example_nested_branch_dag.py
[2024-07-05T18:15:52.192+0000] {processor.py:840} INFO - DAG(s) 'example_nested_branch_dag' retrieved from /home/airflow/.local/lib/python3.12/site-packages/airflow/example_dags/example_nested_branch_dag.py
[2024-07-05T18:15:52.200+0000] {logging_mixin.py:188} INFO - [2024-07-05T18:15:52.200+0000] {dag.py:3096} INFO - Sync 1 DAGs
[2024-07-05T18:15:52.208+0000] {logging_mixin.py:188} INFO - [2024-07-05T18:15:52.207+0000] {dag.py:3954} INFO - Setting next_dagrun for example_nested_branch_dag to 2024-07-04 00:00:00+00:00, run_after=2024-07-05 00:00:00+00:00
[2024-07-05T18:15:52.214+0000] {processor.py:183} INFO - Processing /home/airflow/.local/lib/python3.12/site-packages/airflow/example_dags/example_nested_branch_dag.py took 0.029 seconds
[2024-07-05T19:56:48.675+0000] {processor.py:161} INFO - Started process (PID=8052) to work on /home/airflow/.local/lib/python3.12/site-packages/airflow/example_dags/example_nested_branch_dag.py
[2024-07-05T19:56:48.675+0000] {processor.py:830} INFO - Processing file /home/airflow/.local/lib/python3.12/site-packages/airflow/example_dags/example_nested_branch_dag.py for tasks to queue
[2024-07-05T19:56:48.676+0000] {logging_mixin.py:188} INFO - [2024-07-05T19:56:48.676+0000] {dagbag.py:545} INFO - Filling up the DagBag from /home/airflow/.local/lib/python3.12/site-packages/airflow/example_dags/example_nested_branch_dag.py
[2024-07-05T19:56:48.680+0000] {processor.py:840} INFO - DAG(s) 'example_nested_branch_dag' retrieved from /home/airflow/.local/lib/python3.12/site-packages/airflow/example_dags/example_nested_branch_dag.py
[2024-07-05T19:56:48.689+0000] {logging_mixin.py:188} INFO - [2024-07-05T19:56:48.688+0000] {dag.py:3096} INFO - Sync 1 DAGs
[2024-07-05T19:56:48.696+0000] {logging_mixin.py:188} INFO - [2024-07-05T19:56:48.696+0000] {dag.py:3954} INFO - Setting next_dagrun for example_nested_branch_dag to 2024-07-04 00:00:00+00:00, run_after=2024-07-05 00:00:00+00:00
[2024-07-05T19:56:48.703+0000] {processor.py:183} INFO - Processing /home/airflow/.local/lib/python3.12/site-packages/airflow/example_dags/example_nested_branch_dag.py took 0.030 seconds
[2024-07-05T21:19:03.561+0000] {processor.py:161} INFO - Started process (PID=8109) to work on /home/airflow/.local/lib/python3.12/site-packages/airflow/example_dags/example_nested_branch_dag.py
[2024-07-05T21:19:03.561+0000] {processor.py:830} INFO - Processing file /home/airflow/.local/lib/python3.12/site-packages/airflow/example_dags/example_nested_branch_dag.py for tasks to queue
[2024-07-05T21:19:03.562+0000] {logging_mixin.py:188} INFO - [2024-07-05T21:19:03.562+0000] {dagbag.py:545} INFO - Filling up the DagBag from /home/airflow/.local/lib/python3.12/site-packages/airflow/example_dags/example_nested_branch_dag.py
[2024-07-05T21:19:03.566+0000] {processor.py:840} INFO - DAG(s) 'example_nested_branch_dag' retrieved from /home/airflow/.local/lib/python3.12/site-packages/airflow/example_dags/example_nested_branch_dag.py
[2024-07-05T21:19:03.574+0000] {logging_mixin.py:188} INFO - [2024-07-05T21:19:03.574+0000] {dag.py:3096} INFO - Sync 1 DAGs
[2024-07-05T21:19:03.582+0000] {logging_mixin.py:188} INFO - [2024-07-05T21:19:03.582+0000] {dag.py:3954} INFO - Setting next_dagrun for example_nested_branch_dag to 2024-07-04 00:00:00+00:00, run_after=2024-07-05 00:00:00+00:00
[2024-07-05T21:19:03.589+0000] {processor.py:183} INFO - Processing /home/airflow/.local/lib/python3.12/site-packages/airflow/example_dags/example_nested_branch_dag.py took 0.030 seconds
[2024-07-05T22:43:31.464+0000] {processor.py:161} INFO - Started process (PID=8173) to work on /home/airflow/.local/lib/python3.12/site-packages/airflow/example_dags/example_nested_branch_dag.py
[2024-07-05T22:43:31.465+0000] {processor.py:830} INFO - Processing file /home/airflow/.local/lib/python3.12/site-packages/airflow/example_dags/example_nested_branch_dag.py for tasks to queue
[2024-07-05T22:43:31.466+0000] {logging_mixin.py:188} INFO - [2024-07-05T22:43:31.466+0000] {dagbag.py:545} INFO - Filling up the DagBag from /home/airflow/.local/lib/python3.12/site-packages/airflow/example_dags/example_nested_branch_dag.py
[2024-07-05T22:43:31.474+0000] {processor.py:840} INFO - DAG(s) 'example_nested_branch_dag' retrieved from /home/airflow/.local/lib/python3.12/site-packages/airflow/example_dags/example_nested_branch_dag.py
[2024-07-05T22:43:31.482+0000] {logging_mixin.py:188} INFO - [2024-07-05T22:43:31.482+0000] {dag.py:3096} INFO - Sync 1 DAGs
[2024-07-05T22:43:31.490+0000] {logging_mixin.py:188} INFO - [2024-07-05T22:43:31.490+0000] {dag.py:3954} INFO - Setting next_dagrun for example_nested_branch_dag to 2024-07-04 00:00:00+00:00, run_after=2024-07-05 00:00:00+00:00
[2024-07-05T22:43:31.496+0000] {processor.py:183} INFO - Processing /home/airflow/.local/lib/python3.12/site-packages/airflow/example_dags/example_nested_branch_dag.py took 0.039 seconds
