[2024-07-05T00:02:34.945+0000] {processor.py:161} INFO - Started process (PID=6717) to work on /home/airflow/.local/lib/python3.12/site-packages/airflow/example_dags/example_sla_dag.py
[2024-07-05T00:02:34.945+0000] {processor.py:830} INFO - Processing file /home/airflow/.local/lib/python3.12/site-packages/airflow/example_dags/example_sla_dag.py for tasks to queue
[2024-07-05T00:02:34.946+0000] {logging_mixin.py:188} INFO - [2024-07-05T00:02:34.946+0000] {dagbag.py:545} INFO - Filling up the DagBag from /home/airflow/.local/lib/python3.12/site-packages/airflow/example_dags/example_sla_dag.py
[2024-07-05T00:02:34.951+0000] {processor.py:840} INFO - DAG(s) 'example_sla_dag' retrieved from /home/airflow/.local/lib/python3.12/site-packages/airflow/example_dags/example_sla_dag.py
[2024-07-05T00:02:34.959+0000] {logging_mixin.py:188} INFO - [2024-07-05T00:02:34.959+0000] {dag.py:3096} INFO - Sync 1 DAGs
[2024-07-05T00:02:34.969+0000] {logging_mixin.py:188} INFO - [2024-07-05T00:02:34.969+0000] {dag.py:3954} INFO - Setting next_dagrun for example_sla_dag to 2024-07-05 00:00:00+00:00, run_after=2024-07-05 00:02:00+00:00
[2024-07-05T00:02:34.976+0000] {processor.py:183} INFO - Processing /home/airflow/.local/lib/python3.12/site-packages/airflow/example_dags/example_sla_dag.py took 0.034 seconds
[2024-07-05T01:02:58.096+0000] {processor.py:161} INFO - Started process (PID=6769) to work on /home/airflow/.local/lib/python3.12/site-packages/airflow/example_dags/example_sla_dag.py
[2024-07-05T01:02:58.097+0000] {processor.py:830} INFO - Processing file /home/airflow/.local/lib/python3.12/site-packages/airflow/example_dags/example_sla_dag.py for tasks to queue
[2024-07-05T01:02:58.098+0000] {logging_mixin.py:188} INFO - [2024-07-05T01:02:58.097+0000] {dagbag.py:545} INFO - Filling up the DagBag from /home/airflow/.local/lib/python3.12/site-packages/airflow/example_dags/example_sla_dag.py
[2024-07-05T01:02:58.101+0000] {processor.py:840} INFO - DAG(s) 'example_sla_dag' retrieved from /home/airflow/.local/lib/python3.12/site-packages/airflow/example_dags/example_sla_dag.py
[2024-07-05T01:02:58.109+0000] {logging_mixin.py:188} INFO - [2024-07-05T01:02:58.109+0000] {dag.py:3096} INFO - Sync 1 DAGs
[2024-07-05T01:02:58.118+0000] {logging_mixin.py:188} INFO - [2024-07-05T01:02:58.118+0000] {dag.py:3954} INFO - Setting next_dagrun for example_sla_dag to 2024-07-05 01:00:00+00:00, run_after=2024-07-05 01:02:00+00:00
[2024-07-05T01:02:58.129+0000] {processor.py:183} INFO - Processing /home/airflow/.local/lib/python3.12/site-packages/airflow/example_dags/example_sla_dag.py took 0.035 seconds
[2024-07-05T01:09:20.271+0000] {processor.py:161} INFO - Started process (PID=6833) to work on /home/airflow/.local/lib/python3.12/site-packages/airflow/example_dags/example_sla_dag.py
[2024-07-05T01:09:20.271+0000] {processor.py:830} INFO - Processing file /home/airflow/.local/lib/python3.12/site-packages/airflow/example_dags/example_sla_dag.py for tasks to queue
[2024-07-05T01:09:20.272+0000] {logging_mixin.py:188} INFO - [2024-07-05T01:09:20.272+0000] {dagbag.py:545} INFO - Filling up the DagBag from /home/airflow/.local/lib/python3.12/site-packages/airflow/example_dags/example_sla_dag.py
[2024-07-05T01:09:20.275+0000] {processor.py:840} INFO - DAG(s) 'example_sla_dag' retrieved from /home/airflow/.local/lib/python3.12/site-packages/airflow/example_dags/example_sla_dag.py
[2024-07-05T01:09:20.283+0000] {logging_mixin.py:188} INFO - [2024-07-05T01:09:20.283+0000] {dag.py:3096} INFO - Sync 1 DAGs
[2024-07-05T01:09:20.292+0000] {logging_mixin.py:188} INFO - [2024-07-05T01:09:20.292+0000] {dag.py:3954} INFO - Setting next_dagrun for example_sla_dag to 2024-07-05 01:06:00+00:00, run_after=2024-07-05 01:08:00+00:00
[2024-07-05T01:09:20.298+0000] {processor.py:183} INFO - Processing /home/airflow/.local/lib/python3.12/site-packages/airflow/example_dags/example_sla_dag.py took 0.030 seconds
[2024-07-05T01:30:00.092+0000] {processor.py:161} INFO - Started process (PID=6891) to work on /home/airflow/.local/lib/python3.12/site-packages/airflow/example_dags/example_sla_dag.py
[2024-07-05T01:30:00.092+0000] {processor.py:830} INFO - Processing file /home/airflow/.local/lib/python3.12/site-packages/airflow/example_dags/example_sla_dag.py for tasks to queue
[2024-07-05T01:30:00.093+0000] {logging_mixin.py:188} INFO - [2024-07-05T01:30:00.093+0000] {dagbag.py:545} INFO - Filling up the DagBag from /home/airflow/.local/lib/python3.12/site-packages/airflow/example_dags/example_sla_dag.py
[2024-07-05T01:30:00.097+0000] {processor.py:840} INFO - DAG(s) 'example_sla_dag' retrieved from /home/airflow/.local/lib/python3.12/site-packages/airflow/example_dags/example_sla_dag.py
[2024-07-05T01:30:00.104+0000] {logging_mixin.py:188} INFO - [2024-07-05T01:30:00.104+0000] {dag.py:3096} INFO - Sync 1 DAGs
[2024-07-05T01:30:00.113+0000] {logging_mixin.py:188} INFO - [2024-07-05T01:30:00.113+0000] {dag.py:3954} INFO - Setting next_dagrun for example_sla_dag to 2024-07-05 01:28:00+00:00, run_after=2024-07-05 01:30:00+00:00
[2024-07-05T01:30:00.119+0000] {processor.py:183} INFO - Processing /home/airflow/.local/lib/python3.12/site-packages/airflow/example_dags/example_sla_dag.py took 0.030 seconds
[2024-07-05T01:57:34.486+0000] {processor.py:161} INFO - Started process (PID=6949) to work on /home/airflow/.local/lib/python3.12/site-packages/airflow/example_dags/example_sla_dag.py
[2024-07-05T01:57:34.486+0000] {processor.py:830} INFO - Processing file /home/airflow/.local/lib/python3.12/site-packages/airflow/example_dags/example_sla_dag.py for tasks to queue
[2024-07-05T01:57:34.487+0000] {logging_mixin.py:188} INFO - [2024-07-05T01:57:34.487+0000] {dagbag.py:545} INFO - Filling up the DagBag from /home/airflow/.local/lib/python3.12/site-packages/airflow/example_dags/example_sla_dag.py
[2024-07-05T01:57:34.491+0000] {processor.py:840} INFO - DAG(s) 'example_sla_dag' retrieved from /home/airflow/.local/lib/python3.12/site-packages/airflow/example_dags/example_sla_dag.py
[2024-07-05T01:57:34.498+0000] {logging_mixin.py:188} INFO - [2024-07-05T01:57:34.498+0000] {dag.py:3096} INFO - Sync 1 DAGs
[2024-07-05T01:57:34.572+0000] {logging_mixin.py:188} INFO - [2024-07-05T01:57:34.572+0000] {dag.py:3954} INFO - Setting next_dagrun for example_sla_dag to 2024-07-05 01:54:00+00:00, run_after=2024-07-05 01:56:00+00:00
[2024-07-05T01:57:34.577+0000] {processor.py:183} INFO - Processing /home/airflow/.local/lib/python3.12/site-packages/airflow/example_dags/example_sla_dag.py took 0.094 seconds
[2024-07-05T02:35:36.067+0000] {processor.py:161} INFO - Started process (PID=7007) to work on /home/airflow/.local/lib/python3.12/site-packages/airflow/example_dags/example_sla_dag.py
[2024-07-05T02:35:36.067+0000] {processor.py:830} INFO - Processing file /home/airflow/.local/lib/python3.12/site-packages/airflow/example_dags/example_sla_dag.py for tasks to queue
[2024-07-05T02:35:36.068+0000] {logging_mixin.py:188} INFO - [2024-07-05T02:35:36.068+0000] {dagbag.py:545} INFO - Filling up the DagBag from /home/airflow/.local/lib/python3.12/site-packages/airflow/example_dags/example_sla_dag.py
[2024-07-05T02:35:36.072+0000] {processor.py:840} INFO - DAG(s) 'example_sla_dag' retrieved from /home/airflow/.local/lib/python3.12/site-packages/airflow/example_dags/example_sla_dag.py
[2024-07-05T02:35:36.080+0000] {logging_mixin.py:188} INFO - [2024-07-05T02:35:36.080+0000] {dag.py:3096} INFO - Sync 1 DAGs
[2024-07-05T02:35:36.157+0000] {logging_mixin.py:188} INFO - [2024-07-05T02:35:36.157+0000] {dag.py:3954} INFO - Setting next_dagrun for example_sla_dag to 2024-07-05 02:32:00+00:00, run_after=2024-07-05 02:34:00+00:00
[2024-07-05T02:35:36.164+0000] {processor.py:183} INFO - Processing /home/airflow/.local/lib/python3.12/site-packages/airflow/example_dags/example_sla_dag.py took 0.100 seconds
[2024-07-05T03:38:53.186+0000] {processor.py:161} INFO - Started process (PID=7065) to work on /home/airflow/.local/lib/python3.12/site-packages/airflow/example_dags/example_sla_dag.py
[2024-07-05T03:38:53.186+0000] {processor.py:830} INFO - Processing file /home/airflow/.local/lib/python3.12/site-packages/airflow/example_dags/example_sla_dag.py for tasks to queue
[2024-07-05T03:38:53.187+0000] {logging_mixin.py:188} INFO - [2024-07-05T03:38:53.187+0000] {dagbag.py:545} INFO - Filling up the DagBag from /home/airflow/.local/lib/python3.12/site-packages/airflow/example_dags/example_sla_dag.py
[2024-07-05T03:38:53.191+0000] {processor.py:840} INFO - DAG(s) 'example_sla_dag' retrieved from /home/airflow/.local/lib/python3.12/site-packages/airflow/example_dags/example_sla_dag.py
[2024-07-05T03:38:53.199+0000] {logging_mixin.py:188} INFO - [2024-07-05T03:38:53.199+0000] {dag.py:3096} INFO - Sync 1 DAGs
[2024-07-05T03:38:53.209+0000] {logging_mixin.py:188} INFO - [2024-07-05T03:38:53.209+0000] {dag.py:3954} INFO - Setting next_dagrun for example_sla_dag to 2024-07-05 03:36:00+00:00, run_after=2024-07-05 03:38:00+00:00
[2024-07-05T03:38:53.217+0000] {processor.py:183} INFO - Processing /home/airflow/.local/lib/python3.12/site-packages/airflow/example_dags/example_sla_dag.py took 0.034 seconds
[2024-07-05T04:05:58.968+0000] {processor.py:161} INFO - Started process (PID=7123) to work on /home/airflow/.local/lib/python3.12/site-packages/airflow/example_dags/example_sla_dag.py
[2024-07-05T04:05:58.969+0000] {processor.py:830} INFO - Processing file /home/airflow/.local/lib/python3.12/site-packages/airflow/example_dags/example_sla_dag.py for tasks to queue
[2024-07-05T04:05:58.970+0000] {logging_mixin.py:188} INFO - [2024-07-05T04:05:58.970+0000] {dagbag.py:545} INFO - Filling up the DagBag from /home/airflow/.local/lib/python3.12/site-packages/airflow/example_dags/example_sla_dag.py
[2024-07-05T04:05:58.974+0000] {processor.py:840} INFO - DAG(s) 'example_sla_dag' retrieved from /home/airflow/.local/lib/python3.12/site-packages/airflow/example_dags/example_sla_dag.py
[2024-07-05T04:05:58.982+0000] {logging_mixin.py:188} INFO - [2024-07-05T04:05:58.982+0000] {dag.py:3096} INFO - Sync 1 DAGs
[2024-07-05T04:05:58.991+0000] {logging_mixin.py:188} INFO - [2024-07-05T04:05:58.991+0000] {dag.py:3954} INFO - Setting next_dagrun for example_sla_dag to 2024-07-05 04:02:00+00:00, run_after=2024-07-05 04:04:00+00:00
[2024-07-05T04:05:58.998+0000] {processor.py:183} INFO - Processing /home/airflow/.local/lib/python3.12/site-packages/airflow/example_dags/example_sla_dag.py took 0.032 seconds
[2024-07-05T05:07:04.132+0000] {processor.py:161} INFO - Started process (PID=7181) to work on /home/airflow/.local/lib/python3.12/site-packages/airflow/example_dags/example_sla_dag.py
[2024-07-05T05:07:04.132+0000] {processor.py:830} INFO - Processing file /home/airflow/.local/lib/python3.12/site-packages/airflow/example_dags/example_sla_dag.py for tasks to queue
[2024-07-05T05:07:04.133+0000] {logging_mixin.py:188} INFO - [2024-07-05T05:07:04.133+0000] {dagbag.py:545} INFO - Filling up the DagBag from /home/airflow/.local/lib/python3.12/site-packages/airflow/example_dags/example_sla_dag.py
[2024-07-05T05:07:04.136+0000] {processor.py:840} INFO - DAG(s) 'example_sla_dag' retrieved from /home/airflow/.local/lib/python3.12/site-packages/airflow/example_dags/example_sla_dag.py
[2024-07-05T05:07:04.144+0000] {logging_mixin.py:188} INFO - [2024-07-05T05:07:04.144+0000] {dag.py:3096} INFO - Sync 1 DAGs
[2024-07-05T05:07:04.152+0000] {logging_mixin.py:188} INFO - [2024-07-05T05:07:04.152+0000] {dag.py:3954} INFO - Setting next_dagrun for example_sla_dag to 2024-07-05 05:04:00+00:00, run_after=2024-07-05 05:06:00+00:00
[2024-07-05T05:07:04.158+0000] {processor.py:183} INFO - Processing /home/airflow/.local/lib/python3.12/site-packages/airflow/example_dags/example_sla_dag.py took 0.029 seconds
[2024-07-05T06:07:56.723+0000] {processor.py:161} INFO - Started process (PID=7239) to work on /home/airflow/.local/lib/python3.12/site-packages/airflow/example_dags/example_sla_dag.py
[2024-07-05T06:07:56.724+0000] {processor.py:830} INFO - Processing file /home/airflow/.local/lib/python3.12/site-packages/airflow/example_dags/example_sla_dag.py for tasks to queue
[2024-07-05T06:07:56.724+0000] {logging_mixin.py:188} INFO - [2024-07-05T06:07:56.724+0000] {dagbag.py:545} INFO - Filling up the DagBag from /home/airflow/.local/lib/python3.12/site-packages/airflow/example_dags/example_sla_dag.py
[2024-07-05T06:07:56.729+0000] {processor.py:840} INFO - DAG(s) 'example_sla_dag' retrieved from /home/airflow/.local/lib/python3.12/site-packages/airflow/example_dags/example_sla_dag.py
[2024-07-05T06:07:56.738+0000] {logging_mixin.py:188} INFO - [2024-07-05T06:07:56.737+0000] {dag.py:3096} INFO - Sync 1 DAGs
[2024-07-05T06:07:56.746+0000] {logging_mixin.py:188} INFO - [2024-07-05T06:07:56.746+0000] {dag.py:3954} INFO - Setting next_dagrun for example_sla_dag to 2024-07-05 06:04:00+00:00, run_after=2024-07-05 06:06:00+00:00
[2024-07-05T06:07:56.753+0000] {processor.py:183} INFO - Processing /home/airflow/.local/lib/python3.12/site-packages/airflow/example_dags/example_sla_dag.py took 0.033 seconds
[2024-07-05T07:08:55.550+0000] {processor.py:161} INFO - Started process (PID=7291) to work on /home/airflow/.local/lib/python3.12/site-packages/airflow/example_dags/example_sla_dag.py
[2024-07-05T07:08:55.550+0000] {processor.py:830} INFO - Processing file /home/airflow/.local/lib/python3.12/site-packages/airflow/example_dags/example_sla_dag.py for tasks to queue
[2024-07-05T07:08:55.551+0000] {logging_mixin.py:188} INFO - [2024-07-05T07:08:55.551+0000] {dagbag.py:545} INFO - Filling up the DagBag from /home/airflow/.local/lib/python3.12/site-packages/airflow/example_dags/example_sla_dag.py
[2024-07-05T07:08:55.555+0000] {processor.py:840} INFO - DAG(s) 'example_sla_dag' retrieved from /home/airflow/.local/lib/python3.12/site-packages/airflow/example_dags/example_sla_dag.py
[2024-07-05T07:08:55.563+0000] {logging_mixin.py:188} INFO - [2024-07-05T07:08:55.563+0000] {dag.py:3096} INFO - Sync 1 DAGs
[2024-07-05T07:08:55.572+0000] {logging_mixin.py:188} INFO - [2024-07-05T07:08:55.571+0000] {dag.py:3954} INFO - Setting next_dagrun for example_sla_dag to 2024-07-05 07:06:00+00:00, run_after=2024-07-05 07:08:00+00:00
[2024-07-05T07:08:55.578+0000] {processor.py:183} INFO - Processing /home/airflow/.local/lib/python3.12/site-packages/airflow/example_dags/example_sla_dag.py took 0.031 seconds
[2024-07-05T08:09:52.601+0000] {processor.py:161} INFO - Started process (PID=7349) to work on /home/airflow/.local/lib/python3.12/site-packages/airflow/example_dags/example_sla_dag.py
[2024-07-05T08:09:52.602+0000] {processor.py:830} INFO - Processing file /home/airflow/.local/lib/python3.12/site-packages/airflow/example_dags/example_sla_dag.py for tasks to queue
[2024-07-05T08:09:52.602+0000] {logging_mixin.py:188} INFO - [2024-07-05T08:09:52.602+0000] {dagbag.py:545} INFO - Filling up the DagBag from /home/airflow/.local/lib/python3.12/site-packages/airflow/example_dags/example_sla_dag.py
[2024-07-05T08:09:52.606+0000] {processor.py:840} INFO - DAG(s) 'example_sla_dag' retrieved from /home/airflow/.local/lib/python3.12/site-packages/airflow/example_dags/example_sla_dag.py
[2024-07-05T08:09:52.613+0000] {logging_mixin.py:188} INFO - [2024-07-05T08:09:52.613+0000] {dag.py:3096} INFO - Sync 1 DAGs
[2024-07-05T08:09:52.622+0000] {logging_mixin.py:188} INFO - [2024-07-05T08:09:52.622+0000] {dag.py:3954} INFO - Setting next_dagrun for example_sla_dag to 2024-07-05 08:06:00+00:00, run_after=2024-07-05 08:08:00+00:00
[2024-07-05T08:09:52.628+0000] {processor.py:183} INFO - Processing /home/airflow/.local/lib/python3.12/site-packages/airflow/example_dags/example_sla_dag.py took 0.030 seconds
[2024-07-05T08:32:39.995+0000] {processor.py:161} INFO - Started process (PID=7407) to work on /home/airflow/.local/lib/python3.12/site-packages/airflow/example_dags/example_sla_dag.py
[2024-07-05T08:32:39.995+0000] {processor.py:830} INFO - Processing file /home/airflow/.local/lib/python3.12/site-packages/airflow/example_dags/example_sla_dag.py for tasks to queue
[2024-07-05T08:32:39.996+0000] {logging_mixin.py:188} INFO - [2024-07-05T08:32:39.996+0000] {dagbag.py:545} INFO - Filling up the DagBag from /home/airflow/.local/lib/python3.12/site-packages/airflow/example_dags/example_sla_dag.py
[2024-07-05T08:32:40.000+0000] {processor.py:840} INFO - DAG(s) 'example_sla_dag' retrieved from /home/airflow/.local/lib/python3.12/site-packages/airflow/example_dags/example_sla_dag.py
[2024-07-05T08:32:40.008+0000] {logging_mixin.py:188} INFO - [2024-07-05T08:32:40.008+0000] {dag.py:3096} INFO - Sync 1 DAGs
[2024-07-05T08:32:40.016+0000] {logging_mixin.py:188} INFO - [2024-07-05T08:32:40.016+0000] {dag.py:3954} INFO - Setting next_dagrun for example_sla_dag to 2024-07-05 08:30:00+00:00, run_after=2024-07-05 08:32:00+00:00
[2024-07-05T08:32:40.022+0000] {processor.py:183} INFO - Processing /home/airflow/.local/lib/python3.12/site-packages/airflow/example_dags/example_sla_dag.py took 0.030 seconds
[2024-07-05T09:12:26.894+0000] {processor.py:161} INFO - Started process (PID=7471) to work on /home/airflow/.local/lib/python3.12/site-packages/airflow/example_dags/example_sla_dag.py
[2024-07-05T09:12:26.895+0000] {processor.py:830} INFO - Processing file /home/airflow/.local/lib/python3.12/site-packages/airflow/example_dags/example_sla_dag.py for tasks to queue
[2024-07-05T09:12:26.896+0000] {logging_mixin.py:188} INFO - [2024-07-05T09:12:26.896+0000] {dagbag.py:545} INFO - Filling up the DagBag from /home/airflow/.local/lib/python3.12/site-packages/airflow/example_dags/example_sla_dag.py
[2024-07-05T09:12:26.899+0000] {processor.py:840} INFO - DAG(s) 'example_sla_dag' retrieved from /home/airflow/.local/lib/python3.12/site-packages/airflow/example_dags/example_sla_dag.py
[2024-07-05T09:12:26.907+0000] {logging_mixin.py:188} INFO - [2024-07-05T09:12:26.907+0000] {dag.py:3096} INFO - Sync 1 DAGs
[2024-07-05T09:12:26.915+0000] {logging_mixin.py:188} INFO - [2024-07-05T09:12:26.915+0000] {dag.py:3954} INFO - Setting next_dagrun for example_sla_dag to 2024-07-05 09:10:00+00:00, run_after=2024-07-05 09:12:00+00:00
[2024-07-05T09:12:26.921+0000] {processor.py:183} INFO - Processing /home/airflow/.local/lib/python3.12/site-packages/airflow/example_dags/example_sla_dag.py took 0.029 seconds
[2024-07-05T10:11:57.732+0000] {processor.py:161} INFO - Started process (PID=7523) to work on /home/airflow/.local/lib/python3.12/site-packages/airflow/example_dags/example_sla_dag.py
[2024-07-05T10:11:57.732+0000] {processor.py:830} INFO - Processing file /home/airflow/.local/lib/python3.12/site-packages/airflow/example_dags/example_sla_dag.py for tasks to queue
[2024-07-05T10:11:57.733+0000] {logging_mixin.py:188} INFO - [2024-07-05T10:11:57.733+0000] {dagbag.py:545} INFO - Filling up the DagBag from /home/airflow/.local/lib/python3.12/site-packages/airflow/example_dags/example_sla_dag.py
[2024-07-05T10:11:57.736+0000] {processor.py:840} INFO - DAG(s) 'example_sla_dag' retrieved from /home/airflow/.local/lib/python3.12/site-packages/airflow/example_dags/example_sla_dag.py
[2024-07-05T10:11:57.744+0000] {logging_mixin.py:188} INFO - [2024-07-05T10:11:57.744+0000] {dag.py:3096} INFO - Sync 1 DAGs
[2024-07-05T10:11:57.753+0000] {logging_mixin.py:188} INFO - [2024-07-05T10:11:57.752+0000] {dag.py:3954} INFO - Setting next_dagrun for example_sla_dag to 2024-07-05 10:08:00+00:00, run_after=2024-07-05 10:10:00+00:00
[2024-07-05T10:11:57.758+0000] {processor.py:183} INFO - Processing /home/airflow/.local/lib/python3.12/site-packages/airflow/example_dags/example_sla_dag.py took 0.029 seconds
[2024-07-05T11:00:36.607+0000] {processor.py:161} INFO - Started process (PID=7581) to work on /home/airflow/.local/lib/python3.12/site-packages/airflow/example_dags/example_sla_dag.py
[2024-07-05T11:00:36.608+0000] {processor.py:830} INFO - Processing file /home/airflow/.local/lib/python3.12/site-packages/airflow/example_dags/example_sla_dag.py for tasks to queue
[2024-07-05T11:00:36.609+0000] {logging_mixin.py:188} INFO - [2024-07-05T11:00:36.609+0000] {dagbag.py:545} INFO - Filling up the DagBag from /home/airflow/.local/lib/python3.12/site-packages/airflow/example_dags/example_sla_dag.py
[2024-07-05T11:00:36.612+0000] {processor.py:840} INFO - DAG(s) 'example_sla_dag' retrieved from /home/airflow/.local/lib/python3.12/site-packages/airflow/example_dags/example_sla_dag.py
[2024-07-05T11:00:36.620+0000] {logging_mixin.py:188} INFO - [2024-07-05T11:00:36.620+0000] {dag.py:3096} INFO - Sync 1 DAGs
[2024-07-05T11:00:36.628+0000] {logging_mixin.py:188} INFO - [2024-07-05T11:00:36.628+0000] {dag.py:3954} INFO - Setting next_dagrun for example_sla_dag to 2024-07-05 10:58:00+00:00, run_after=2024-07-05 11:00:00+00:00
[2024-07-05T11:00:36.634+0000] {processor.py:183} INFO - Processing /home/airflow/.local/lib/python3.12/site-packages/airflow/example_dags/example_sla_dag.py took 0.029 seconds
[2024-07-05T12:13:57.178+0000] {processor.py:161} INFO - Started process (PID=7639) to work on /home/airflow/.local/lib/python3.12/site-packages/airflow/example_dags/example_sla_dag.py
[2024-07-05T12:13:57.179+0000] {processor.py:830} INFO - Processing file /home/airflow/.local/lib/python3.12/site-packages/airflow/example_dags/example_sla_dag.py for tasks to queue
[2024-07-05T12:13:57.180+0000] {logging_mixin.py:188} INFO - [2024-07-05T12:13:57.179+0000] {dagbag.py:545} INFO - Filling up the DagBag from /home/airflow/.local/lib/python3.12/site-packages/airflow/example_dags/example_sla_dag.py
[2024-07-05T12:13:57.183+0000] {processor.py:840} INFO - DAG(s) 'example_sla_dag' retrieved from /home/airflow/.local/lib/python3.12/site-packages/airflow/example_dags/example_sla_dag.py
[2024-07-05T12:13:57.191+0000] {logging_mixin.py:188} INFO - [2024-07-05T12:13:57.191+0000] {dag.py:3096} INFO - Sync 1 DAGs
[2024-07-05T12:13:57.200+0000] {logging_mixin.py:188} INFO - [2024-07-05T12:13:57.200+0000] {dag.py:3954} INFO - Setting next_dagrun for example_sla_dag to 2024-07-05 12:10:00+00:00, run_after=2024-07-05 12:12:00+00:00
[2024-07-05T12:13:57.206+0000] {processor.py:183} INFO - Processing /home/airflow/.local/lib/python3.12/site-packages/airflow/example_dags/example_sla_dag.py took 0.030 seconds
[2024-07-05T13:15:01.212+0000] {processor.py:161} INFO - Started process (PID=7697) to work on /home/airflow/.local/lib/python3.12/site-packages/airflow/example_dags/example_sla_dag.py
[2024-07-05T13:15:01.212+0000] {processor.py:830} INFO - Processing file /home/airflow/.local/lib/python3.12/site-packages/airflow/example_dags/example_sla_dag.py for tasks to queue
[2024-07-05T13:15:01.213+0000] {logging_mixin.py:188} INFO - [2024-07-05T13:15:01.213+0000] {dagbag.py:545} INFO - Filling up the DagBag from /home/airflow/.local/lib/python3.12/site-packages/airflow/example_dags/example_sla_dag.py
[2024-07-05T13:15:01.216+0000] {processor.py:840} INFO - DAG(s) 'example_sla_dag' retrieved from /home/airflow/.local/lib/python3.12/site-packages/airflow/example_dags/example_sla_dag.py
[2024-07-05T13:15:01.224+0000] {logging_mixin.py:188} INFO - [2024-07-05T13:15:01.224+0000] {dag.py:3096} INFO - Sync 1 DAGs
[2024-07-05T13:15:01.233+0000] {logging_mixin.py:188} INFO - [2024-07-05T13:15:01.233+0000] {dag.py:3954} INFO - Setting next_dagrun for example_sla_dag to 2024-07-05 13:12:00+00:00, run_after=2024-07-05 13:14:00+00:00
[2024-07-05T13:15:01.240+0000] {processor.py:183} INFO - Processing /home/airflow/.local/lib/python3.12/site-packages/airflow/example_dags/example_sla_dag.py took 0.031 seconds
[2024-07-05T14:01:34.528+0000] {processor.py:161} INFO - Started process (PID=7761) to work on /home/airflow/.local/lib/python3.12/site-packages/airflow/example_dags/example_sla_dag.py
[2024-07-05T14:01:34.528+0000] {processor.py:830} INFO - Processing file /home/airflow/.local/lib/python3.12/site-packages/airflow/example_dags/example_sla_dag.py for tasks to queue
[2024-07-05T14:01:34.529+0000] {logging_mixin.py:188} INFO - [2024-07-05T14:01:34.529+0000] {dagbag.py:545} INFO - Filling up the DagBag from /home/airflow/.local/lib/python3.12/site-packages/airflow/example_dags/example_sla_dag.py
[2024-07-05T14:01:34.532+0000] {processor.py:840} INFO - DAG(s) 'example_sla_dag' retrieved from /home/airflow/.local/lib/python3.12/site-packages/airflow/example_dags/example_sla_dag.py
[2024-07-05T14:01:34.540+0000] {logging_mixin.py:188} INFO - [2024-07-05T14:01:34.540+0000] {dag.py:3096} INFO - Sync 1 DAGs
[2024-07-05T14:01:34.550+0000] {logging_mixin.py:188} INFO - [2024-07-05T14:01:34.550+0000] {dag.py:3954} INFO - Setting next_dagrun for example_sla_dag to 2024-07-05 13:58:00+00:00, run_after=2024-07-05 14:00:00+00:00
[2024-07-05T14:01:34.557+0000] {processor.py:183} INFO - Processing /home/airflow/.local/lib/python3.12/site-packages/airflow/example_dags/example_sla_dag.py took 0.031 seconds
[2024-07-05T14:47:34.520+0000] {processor.py:161} INFO - Started process (PID=7813) to work on /home/airflow/.local/lib/python3.12/site-packages/airflow/example_dags/example_sla_dag.py
[2024-07-05T14:47:34.521+0000] {processor.py:830} INFO - Processing file /home/airflow/.local/lib/python3.12/site-packages/airflow/example_dags/example_sla_dag.py for tasks to queue
[2024-07-05T14:47:34.522+0000] {logging_mixin.py:188} INFO - [2024-07-05T14:47:34.521+0000] {dagbag.py:545} INFO - Filling up the DagBag from /home/airflow/.local/lib/python3.12/site-packages/airflow/example_dags/example_sla_dag.py
[2024-07-05T14:47:34.526+0000] {processor.py:840} INFO - DAG(s) 'example_sla_dag' retrieved from /home/airflow/.local/lib/python3.12/site-packages/airflow/example_dags/example_sla_dag.py
[2024-07-05T14:47:34.534+0000] {logging_mixin.py:188} INFO - [2024-07-05T14:47:34.533+0000] {dag.py:3096} INFO - Sync 1 DAGs
[2024-07-05T14:47:34.542+0000] {logging_mixin.py:188} INFO - [2024-07-05T14:47:34.542+0000] {dag.py:3954} INFO - Setting next_dagrun for example_sla_dag to 2024-07-05 14:44:00+00:00, run_after=2024-07-05 14:46:00+00:00
[2024-07-05T14:47:34.549+0000] {processor.py:183} INFO - Processing /home/airflow/.local/lib/python3.12/site-packages/airflow/example_dags/example_sla_dag.py took 0.031 seconds
[2024-07-05T15:49:33.249+0000] {processor.py:161} INFO - Started process (PID=7871) to work on /home/airflow/.local/lib/python3.12/site-packages/airflow/example_dags/example_sla_dag.py
[2024-07-05T15:49:33.249+0000] {processor.py:830} INFO - Processing file /home/airflow/.local/lib/python3.12/site-packages/airflow/example_dags/example_sla_dag.py for tasks to queue
[2024-07-05T15:49:33.250+0000] {logging_mixin.py:188} INFO - [2024-07-05T15:49:33.250+0000] {dagbag.py:545} INFO - Filling up the DagBag from /home/airflow/.local/lib/python3.12/site-packages/airflow/example_dags/example_sla_dag.py
[2024-07-05T15:49:33.254+0000] {processor.py:840} INFO - DAG(s) 'example_sla_dag' retrieved from /home/airflow/.local/lib/python3.12/site-packages/airflow/example_dags/example_sla_dag.py
[2024-07-05T15:49:33.260+0000] {logging_mixin.py:188} INFO - [2024-07-05T15:49:33.260+0000] {dag.py:3096} INFO - Sync 1 DAGs
[2024-07-05T15:49:33.268+0000] {logging_mixin.py:188} INFO - [2024-07-05T15:49:33.268+0000] {dag.py:3954} INFO - Setting next_dagrun for example_sla_dag to 2024-07-05 15:46:00+00:00, run_after=2024-07-05 15:48:00+00:00
[2024-07-05T15:49:33.275+0000] {processor.py:183} INFO - Processing /home/airflow/.local/lib/python3.12/site-packages/airflow/example_dags/example_sla_dag.py took 0.028 seconds
[2024-07-05T17:06:00.536+0000] {processor.py:161} INFO - Started process (PID=7929) to work on /home/airflow/.local/lib/python3.12/site-packages/airflow/example_dags/example_sla_dag.py
[2024-07-05T17:06:00.536+0000] {processor.py:830} INFO - Processing file /home/airflow/.local/lib/python3.12/site-packages/airflow/example_dags/example_sla_dag.py for tasks to queue
[2024-07-05T17:06:00.537+0000] {logging_mixin.py:188} INFO - [2024-07-05T17:06:00.537+0000] {dagbag.py:545} INFO - Filling up the DagBag from /home/airflow/.local/lib/python3.12/site-packages/airflow/example_dags/example_sla_dag.py
[2024-07-05T17:06:00.540+0000] {processor.py:840} INFO - DAG(s) 'example_sla_dag' retrieved from /home/airflow/.local/lib/python3.12/site-packages/airflow/example_dags/example_sla_dag.py
[2024-07-05T17:06:00.550+0000] {logging_mixin.py:188} INFO - [2024-07-05T17:06:00.550+0000] {dag.py:3096} INFO - Sync 1 DAGs
[2024-07-05T17:06:00.560+0000] {logging_mixin.py:188} INFO - [2024-07-05T17:06:00.560+0000] {dag.py:3954} INFO - Setting next_dagrun for example_sla_dag to 2024-07-05 17:04:00+00:00, run_after=2024-07-05 17:06:00+00:00
[2024-07-05T17:06:00.566+0000] {processor.py:183} INFO - Processing /home/airflow/.local/lib/python3.12/site-packages/airflow/example_dags/example_sla_dag.py took 0.033 seconds
[2024-07-05T18:15:52.011+0000] {processor.py:161} INFO - Started process (PID=7987) to work on /home/airflow/.local/lib/python3.12/site-packages/airflow/example_dags/example_sla_dag.py
[2024-07-05T18:15:52.012+0000] {processor.py:830} INFO - Processing file /home/airflow/.local/lib/python3.12/site-packages/airflow/example_dags/example_sla_dag.py for tasks to queue
[2024-07-05T18:15:52.012+0000] {logging_mixin.py:188} INFO - [2024-07-05T18:15:52.012+0000] {dagbag.py:545} INFO - Filling up the DagBag from /home/airflow/.local/lib/python3.12/site-packages/airflow/example_dags/example_sla_dag.py
[2024-07-05T18:15:52.016+0000] {processor.py:840} INFO - DAG(s) 'example_sla_dag' retrieved from /home/airflow/.local/lib/python3.12/site-packages/airflow/example_dags/example_sla_dag.py
[2024-07-05T18:15:52.024+0000] {logging_mixin.py:188} INFO - [2024-07-05T18:15:52.024+0000] {dag.py:3096} INFO - Sync 1 DAGs
[2024-07-05T18:15:52.032+0000] {logging_mixin.py:188} INFO - [2024-07-05T18:15:52.032+0000] {dag.py:3954} INFO - Setting next_dagrun for example_sla_dag to 2024-07-05 18:12:00+00:00, run_after=2024-07-05 18:14:00+00:00
[2024-07-05T18:15:52.038+0000] {processor.py:183} INFO - Processing /home/airflow/.local/lib/python3.12/site-packages/airflow/example_dags/example_sla_dag.py took 0.029 seconds
[2024-07-05T19:56:48.542+0000] {processor.py:161} INFO - Started process (PID=8045) to work on /home/airflow/.local/lib/python3.12/site-packages/airflow/example_dags/example_sla_dag.py
[2024-07-05T19:56:48.543+0000] {processor.py:830} INFO - Processing file /home/airflow/.local/lib/python3.12/site-packages/airflow/example_dags/example_sla_dag.py for tasks to queue
[2024-07-05T19:56:48.543+0000] {logging_mixin.py:188} INFO - [2024-07-05T19:56:48.543+0000] {dagbag.py:545} INFO - Filling up the DagBag from /home/airflow/.local/lib/python3.12/site-packages/airflow/example_dags/example_sla_dag.py
[2024-07-05T19:56:48.547+0000] {processor.py:840} INFO - DAG(s) 'example_sla_dag' retrieved from /home/airflow/.local/lib/python3.12/site-packages/airflow/example_dags/example_sla_dag.py
[2024-07-05T19:56:48.555+0000] {logging_mixin.py:188} INFO - [2024-07-05T19:56:48.555+0000] {dag.py:3096} INFO - Sync 1 DAGs
[2024-07-05T19:56:48.563+0000] {logging_mixin.py:188} INFO - [2024-07-05T19:56:48.563+0000] {dag.py:3954} INFO - Setting next_dagrun for example_sla_dag to 2024-07-05 19:54:00+00:00, run_after=2024-07-05 19:56:00+00:00
[2024-07-05T19:56:48.570+0000] {processor.py:183} INFO - Processing /home/airflow/.local/lib/python3.12/site-packages/airflow/example_dags/example_sla_dag.py took 0.030 seconds
[2024-07-05T21:19:03.417+0000] {processor.py:161} INFO - Started process (PID=8102) to work on /home/airflow/.local/lib/python3.12/site-packages/airflow/example_dags/example_sla_dag.py
[2024-07-05T21:19:03.417+0000] {processor.py:830} INFO - Processing file /home/airflow/.local/lib/python3.12/site-packages/airflow/example_dags/example_sla_dag.py for tasks to queue
[2024-07-05T21:19:03.418+0000] {logging_mixin.py:188} INFO - [2024-07-05T21:19:03.418+0000] {dagbag.py:545} INFO - Filling up the DagBag from /home/airflow/.local/lib/python3.12/site-packages/airflow/example_dags/example_sla_dag.py
[2024-07-05T21:19:03.421+0000] {processor.py:840} INFO - DAG(s) 'example_sla_dag' retrieved from /home/airflow/.local/lib/python3.12/site-packages/airflow/example_dags/example_sla_dag.py
[2024-07-05T21:19:03.429+0000] {logging_mixin.py:188} INFO - [2024-07-05T21:19:03.429+0000] {dag.py:3096} INFO - Sync 1 DAGs
[2024-07-05T21:19:03.438+0000] {logging_mixin.py:188} INFO - [2024-07-05T21:19:03.438+0000] {dag.py:3954} INFO - Setting next_dagrun for example_sla_dag to 2024-07-05 21:16:00+00:00, run_after=2024-07-05 21:18:00+00:00
[2024-07-05T21:19:03.445+0000] {processor.py:183} INFO - Processing /home/airflow/.local/lib/python3.12/site-packages/airflow/example_dags/example_sla_dag.py took 0.032 seconds
[2024-07-05T22:43:31.304+0000] {processor.py:161} INFO - Started process (PID=8160) to work on /home/airflow/.local/lib/python3.12/site-packages/airflow/example_dags/example_sla_dag.py
[2024-07-05T22:43:31.304+0000] {processor.py:830} INFO - Processing file /home/airflow/.local/lib/python3.12/site-packages/airflow/example_dags/example_sla_dag.py for tasks to queue
[2024-07-05T22:43:31.305+0000] {logging_mixin.py:188} INFO - [2024-07-05T22:43:31.305+0000] {dagbag.py:545} INFO - Filling up the DagBag from /home/airflow/.local/lib/python3.12/site-packages/airflow/example_dags/example_sla_dag.py
[2024-07-05T22:43:31.309+0000] {processor.py:840} INFO - DAG(s) 'example_sla_dag' retrieved from /home/airflow/.local/lib/python3.12/site-packages/airflow/example_dags/example_sla_dag.py
[2024-07-05T22:43:31.316+0000] {logging_mixin.py:188} INFO - [2024-07-05T22:43:31.316+0000] {dag.py:3096} INFO - Sync 1 DAGs
[2024-07-05T22:43:31.324+0000] {logging_mixin.py:188} INFO - [2024-07-05T22:43:31.324+0000] {dag.py:3954} INFO - Setting next_dagrun for example_sla_dag to 2024-07-05 22:40:00+00:00, run_after=2024-07-05 22:42:00+00:00
[2024-07-05T22:43:31.330+0000] {processor.py:183} INFO - Processing /home/airflow/.local/lib/python3.12/site-packages/airflow/example_dags/example_sla_dag.py took 0.029 seconds
