[2024-07-05T00:02:35.179+0000] {processor.py:161} INFO - Started process (PID=6729) to work on /home/airflow/.local/lib/python3.12/site-packages/airflow/example_dags/example_subdag_operator.py
[2024-07-05T00:02:35.180+0000] {processor.py:830} INFO - Processing file /home/airflow/.local/lib/python3.12/site-packages/airflow/example_dags/example_subdag_operator.py for tasks to queue
[2024-07-05T00:02:35.180+0000] {logging_mixin.py:188} INFO - [2024-07-05T00:02:35.180+0000] {dagbag.py:545} INFO - Filling up the DagBag from /home/airflow/.local/lib/python3.12/site-packages/airflow/example_dags/example_subdag_operator.py
[2024-07-05T00:02:35.189+0000] {processor.py:840} INFO - DAG(s) 'example_subdag_operator.section-1', 'example_subdag_operator.section-2', 'example_subdag_operator' retrieved from /home/airflow/.local/lib/python3.12/site-packages/airflow/example_dags/example_subdag_operator.py
[2024-07-05T00:02:35.195+0000] {logging_mixin.py:188} INFO - [2024-07-05T00:02:35.195+0000] {dag.py:3096} INFO - Sync 3 DAGs
[2024-07-05T00:02:35.202+0000] {logging_mixin.py:188} INFO - [2024-07-05T00:02:35.202+0000] {dag.py:3954} INFO - Setting next_dagrun for example_subdag_operator to 2022-01-01 00:00:00+00:00, run_after=2022-01-01 00:00:00+00:00
[2024-07-05T00:02:35.204+0000] {logging_mixin.py:188} INFO - [2024-07-05T00:02:35.204+0000] {dag.py:3954} INFO - Setting next_dagrun for example_subdag_operator.section-1 to None, run_after=None
[2024-07-05T00:02:35.204+0000] {logging_mixin.py:188} INFO - [2024-07-05T00:02:35.204+0000] {dag.py:3954} INFO - Setting next_dagrun for example_subdag_operator.section-2 to None, run_after=None
[2024-07-05T00:02:35.207+0000] {logging_mixin.py:188} INFO - [2024-07-05T00:02:35.207+0000] {dag.py:3096} INFO - Sync 2 DAGs
[2024-07-05T00:02:35.209+0000] {logging_mixin.py:188} INFO - [2024-07-05T00:02:35.208+0000] {dag.py:3954} INFO - Setting next_dagrun for example_subdag_operator.section-1 to None, run_after=None
[2024-07-05T00:02:35.209+0000] {logging_mixin.py:188} INFO - [2024-07-05T00:02:35.209+0000] {dag.py:3954} INFO - Setting next_dagrun for example_subdag_operator.section-2 to None, run_after=None
[2024-07-05T00:02:35.212+0000] {processor.py:183} INFO - Processing /home/airflow/.local/lib/python3.12/site-packages/airflow/example_dags/example_subdag_operator.py took 0.035 seconds
[2024-07-05T01:02:58.359+0000] {processor.py:161} INFO - Started process (PID=6787) to work on /home/airflow/.local/lib/python3.12/site-packages/airflow/example_dags/example_subdag_operator.py
[2024-07-05T01:02:58.359+0000] {processor.py:830} INFO - Processing file /home/airflow/.local/lib/python3.12/site-packages/airflow/example_dags/example_subdag_operator.py for tasks to queue
[2024-07-05T01:02:58.360+0000] {logging_mixin.py:188} INFO - [2024-07-05T01:02:58.360+0000] {dagbag.py:545} INFO - Filling up the DagBag from /home/airflow/.local/lib/python3.12/site-packages/airflow/example_dags/example_subdag_operator.py
[2024-07-05T01:02:58.370+0000] {processor.py:840} INFO - DAG(s) 'example_subdag_operator.section-1', 'example_subdag_operator.section-2', 'example_subdag_operator' retrieved from /home/airflow/.local/lib/python3.12/site-packages/airflow/example_dags/example_subdag_operator.py
[2024-07-05T01:02:58.376+0000] {logging_mixin.py:188} INFO - [2024-07-05T01:02:58.376+0000] {dag.py:3096} INFO - Sync 3 DAGs
[2024-07-05T01:02:58.384+0000] {logging_mixin.py:188} INFO - [2024-07-05T01:02:58.384+0000] {dag.py:3954} INFO - Setting next_dagrun for example_subdag_operator to 2022-01-01 00:00:00+00:00, run_after=2022-01-01 00:00:00+00:00
[2024-07-05T01:02:58.386+0000] {logging_mixin.py:188} INFO - [2024-07-05T01:02:58.386+0000] {dag.py:3954} INFO - Setting next_dagrun for example_subdag_operator.section-1 to None, run_after=None
[2024-07-05T01:02:58.386+0000] {logging_mixin.py:188} INFO - [2024-07-05T01:02:58.386+0000] {dag.py:3954} INFO - Setting next_dagrun for example_subdag_operator.section-2 to None, run_after=None
[2024-07-05T01:02:58.389+0000] {logging_mixin.py:188} INFO - [2024-07-05T01:02:58.389+0000] {dag.py:3096} INFO - Sync 2 DAGs
[2024-07-05T01:02:58.391+0000] {logging_mixin.py:188} INFO - [2024-07-05T01:02:58.390+0000] {dag.py:3954} INFO - Setting next_dagrun for example_subdag_operator.section-1 to None, run_after=None
[2024-07-05T01:02:58.391+0000] {logging_mixin.py:188} INFO - [2024-07-05T01:02:58.391+0000] {dag.py:3954} INFO - Setting next_dagrun for example_subdag_operator.section-2 to None, run_after=None
[2024-07-05T01:02:58.395+0000] {processor.py:183} INFO - Processing /home/airflow/.local/lib/python3.12/site-packages/airflow/example_dags/example_subdag_operator.py took 0.038 seconds
[2024-07-05T01:09:20.530+0000] {processor.py:161} INFO - Started process (PID=6845) to work on /home/airflow/.local/lib/python3.12/site-packages/airflow/example_dags/example_subdag_operator.py
[2024-07-05T01:09:20.530+0000] {processor.py:830} INFO - Processing file /home/airflow/.local/lib/python3.12/site-packages/airflow/example_dags/example_subdag_operator.py for tasks to queue
[2024-07-05T01:09:20.531+0000] {logging_mixin.py:188} INFO - [2024-07-05T01:09:20.531+0000] {dagbag.py:545} INFO - Filling up the DagBag from /home/airflow/.local/lib/python3.12/site-packages/airflow/example_dags/example_subdag_operator.py
[2024-07-05T01:09:20.541+0000] {processor.py:840} INFO - DAG(s) 'example_subdag_operator.section-1', 'example_subdag_operator.section-2', 'example_subdag_operator' retrieved from /home/airflow/.local/lib/python3.12/site-packages/airflow/example_dags/example_subdag_operator.py
[2024-07-05T01:09:20.547+0000] {logging_mixin.py:188} INFO - [2024-07-05T01:09:20.547+0000] {dag.py:3096} INFO - Sync 3 DAGs
[2024-07-05T01:09:20.556+0000] {logging_mixin.py:188} INFO - [2024-07-05T01:09:20.556+0000] {dag.py:3954} INFO - Setting next_dagrun for example_subdag_operator to 2022-01-01 00:00:00+00:00, run_after=2022-01-01 00:00:00+00:00
[2024-07-05T01:09:20.557+0000] {logging_mixin.py:188} INFO - [2024-07-05T01:09:20.557+0000] {dag.py:3954} INFO - Setting next_dagrun for example_subdag_operator.section-1 to None, run_after=None
[2024-07-05T01:09:20.558+0000] {logging_mixin.py:188} INFO - [2024-07-05T01:09:20.558+0000] {dag.py:3954} INFO - Setting next_dagrun for example_subdag_operator.section-2 to None, run_after=None
[2024-07-05T01:09:20.560+0000] {logging_mixin.py:188} INFO - [2024-07-05T01:09:20.560+0000] {dag.py:3096} INFO - Sync 2 DAGs
[2024-07-05T01:09:20.562+0000] {logging_mixin.py:188} INFO - [2024-07-05T01:09:20.562+0000] {dag.py:3954} INFO - Setting next_dagrun for example_subdag_operator.section-1 to None, run_after=None
[2024-07-05T01:09:20.562+0000] {logging_mixin.py:188} INFO - [2024-07-05T01:09:20.562+0000] {dag.py:3954} INFO - Setting next_dagrun for example_subdag_operator.section-2 to None, run_after=None
[2024-07-05T01:09:20.566+0000] {processor.py:183} INFO - Processing /home/airflow/.local/lib/python3.12/site-packages/airflow/example_dags/example_subdag_operator.py took 0.038 seconds
[2024-07-05T01:30:00.342+0000] {processor.py:161} INFO - Started process (PID=6903) to work on /home/airflow/.local/lib/python3.12/site-packages/airflow/example_dags/example_subdag_operator.py
[2024-07-05T01:30:00.343+0000] {processor.py:830} INFO - Processing file /home/airflow/.local/lib/python3.12/site-packages/airflow/example_dags/example_subdag_operator.py for tasks to queue
[2024-07-05T01:30:00.344+0000] {logging_mixin.py:188} INFO - [2024-07-05T01:30:00.343+0000] {dagbag.py:545} INFO - Filling up the DagBag from /home/airflow/.local/lib/python3.12/site-packages/airflow/example_dags/example_subdag_operator.py
[2024-07-05T01:30:00.353+0000] {processor.py:840} INFO - DAG(s) 'example_subdag_operator.section-1', 'example_subdag_operator.section-2', 'example_subdag_operator' retrieved from /home/airflow/.local/lib/python3.12/site-packages/airflow/example_dags/example_subdag_operator.py
[2024-07-05T01:30:00.358+0000] {logging_mixin.py:188} INFO - [2024-07-05T01:30:00.358+0000] {dag.py:3096} INFO - Sync 3 DAGs
[2024-07-05T01:30:00.366+0000] {logging_mixin.py:188} INFO - [2024-07-05T01:30:00.366+0000] {dag.py:3954} INFO - Setting next_dagrun for example_subdag_operator to 2022-01-01 00:00:00+00:00, run_after=2022-01-01 00:00:00+00:00
[2024-07-05T01:30:00.367+0000] {logging_mixin.py:188} INFO - [2024-07-05T01:30:00.367+0000] {dag.py:3954} INFO - Setting next_dagrun for example_subdag_operator.section-1 to None, run_after=None
[2024-07-05T01:30:00.368+0000] {logging_mixin.py:188} INFO - [2024-07-05T01:30:00.368+0000] {dag.py:3954} INFO - Setting next_dagrun for example_subdag_operator.section-2 to None, run_after=None
[2024-07-05T01:30:00.370+0000] {logging_mixin.py:188} INFO - [2024-07-05T01:30:00.370+0000] {dag.py:3096} INFO - Sync 2 DAGs
[2024-07-05T01:30:00.372+0000] {logging_mixin.py:188} INFO - [2024-07-05T01:30:00.372+0000] {dag.py:3954} INFO - Setting next_dagrun for example_subdag_operator.section-1 to None, run_after=None
[2024-07-05T01:30:00.372+0000] {logging_mixin.py:188} INFO - [2024-07-05T01:30:00.372+0000] {dag.py:3954} INFO - Setting next_dagrun for example_subdag_operator.section-2 to None, run_after=None
[2024-07-05T01:30:00.376+0000] {processor.py:183} INFO - Processing /home/airflow/.local/lib/python3.12/site-packages/airflow/example_dags/example_subdag_operator.py took 0.036 seconds
[2024-07-05T01:57:35.177+0000] {processor.py:161} INFO - Started process (PID=6961) to work on /home/airflow/.local/lib/python3.12/site-packages/airflow/example_dags/example_subdag_operator.py
[2024-07-05T01:57:35.177+0000] {processor.py:830} INFO - Processing file /home/airflow/.local/lib/python3.12/site-packages/airflow/example_dags/example_subdag_operator.py for tasks to queue
[2024-07-05T01:57:35.178+0000] {logging_mixin.py:188} INFO - [2024-07-05T01:57:35.178+0000] {dagbag.py:545} INFO - Filling up the DagBag from /home/airflow/.local/lib/python3.12/site-packages/airflow/example_dags/example_subdag_operator.py
[2024-07-05T01:57:35.187+0000] {processor.py:840} INFO - DAG(s) 'example_subdag_operator.section-1', 'example_subdag_operator.section-2', 'example_subdag_operator' retrieved from /home/airflow/.local/lib/python3.12/site-packages/airflow/example_dags/example_subdag_operator.py
[2024-07-05T01:57:35.255+0000] {logging_mixin.py:188} INFO - [2024-07-05T01:57:35.255+0000] {dag.py:3096} INFO - Sync 3 DAGs
[2024-07-05T01:57:35.261+0000] {logging_mixin.py:188} INFO - [2024-07-05T01:57:35.261+0000] {dag.py:3954} INFO - Setting next_dagrun for example_subdag_operator to 2022-01-01 00:00:00+00:00, run_after=2022-01-01 00:00:00+00:00
[2024-07-05T01:57:35.263+0000] {logging_mixin.py:188} INFO - [2024-07-05T01:57:35.262+0000] {dag.py:3954} INFO - Setting next_dagrun for example_subdag_operator.section-1 to None, run_after=None
[2024-07-05T01:57:35.263+0000] {logging_mixin.py:188} INFO - [2024-07-05T01:57:35.263+0000] {dag.py:3954} INFO - Setting next_dagrun for example_subdag_operator.section-2 to None, run_after=None
[2024-07-05T01:57:35.265+0000] {logging_mixin.py:188} INFO - [2024-07-05T01:57:35.265+0000] {dag.py:3096} INFO - Sync 2 DAGs
[2024-07-05T01:57:35.267+0000] {logging_mixin.py:188} INFO - [2024-07-05T01:57:35.267+0000] {dag.py:3954} INFO - Setting next_dagrun for example_subdag_operator.section-1 to None, run_after=None
[2024-07-05T01:57:35.267+0000] {logging_mixin.py:188} INFO - [2024-07-05T01:57:35.267+0000] {dag.py:3954} INFO - Setting next_dagrun for example_subdag_operator.section-2 to None, run_after=None
[2024-07-05T01:57:35.271+0000] {processor.py:183} INFO - Processing /home/airflow/.local/lib/python3.12/site-packages/airflow/example_dags/example_subdag_operator.py took 0.096 seconds
[2024-07-05T02:35:36.709+0000] {processor.py:161} INFO - Started process (PID=7019) to work on /home/airflow/.local/lib/python3.12/site-packages/airflow/example_dags/example_subdag_operator.py
[2024-07-05T02:35:36.710+0000] {processor.py:830} INFO - Processing file /home/airflow/.local/lib/python3.12/site-packages/airflow/example_dags/example_subdag_operator.py for tasks to queue
[2024-07-05T02:35:36.710+0000] {logging_mixin.py:188} INFO - [2024-07-05T02:35:36.710+0000] {dagbag.py:545} INFO - Filling up the DagBag from /home/airflow/.local/lib/python3.12/site-packages/airflow/example_dags/example_subdag_operator.py
[2024-07-05T02:35:36.720+0000] {processor.py:840} INFO - DAG(s) 'example_subdag_operator.section-1', 'example_subdag_operator.section-2', 'example_subdag_operator' retrieved from /home/airflow/.local/lib/python3.12/site-packages/airflow/example_dags/example_subdag_operator.py
[2024-07-05T02:35:36.726+0000] {logging_mixin.py:188} INFO - [2024-07-05T02:35:36.726+0000] {dag.py:3096} INFO - Sync 3 DAGs
[2024-07-05T02:35:36.802+0000] {logging_mixin.py:188} INFO - [2024-07-05T02:35:36.802+0000] {dag.py:3954} INFO - Setting next_dagrun for example_subdag_operator to 2022-01-01 00:00:00+00:00, run_after=2022-01-01 00:00:00+00:00
[2024-07-05T02:35:36.803+0000] {logging_mixin.py:188} INFO - [2024-07-05T02:35:36.803+0000] {dag.py:3954} INFO - Setting next_dagrun for example_subdag_operator.section-1 to None, run_after=None
[2024-07-05T02:35:36.804+0000] {logging_mixin.py:188} INFO - [2024-07-05T02:35:36.804+0000] {dag.py:3954} INFO - Setting next_dagrun for example_subdag_operator.section-2 to None, run_after=None
[2024-07-05T02:35:36.806+0000] {logging_mixin.py:188} INFO - [2024-07-05T02:35:36.806+0000] {dag.py:3096} INFO - Sync 2 DAGs
[2024-07-05T02:35:36.808+0000] {logging_mixin.py:188} INFO - [2024-07-05T02:35:36.808+0000] {dag.py:3954} INFO - Setting next_dagrun for example_subdag_operator.section-1 to None, run_after=None
[2024-07-05T02:35:36.808+0000] {logging_mixin.py:188} INFO - [2024-07-05T02:35:36.808+0000] {dag.py:3954} INFO - Setting next_dagrun for example_subdag_operator.section-2 to None, run_after=None
[2024-07-05T02:35:36.811+0000] {processor.py:183} INFO - Processing /home/airflow/.local/lib/python3.12/site-packages/airflow/example_dags/example_subdag_operator.py took 0.105 seconds
[2024-07-05T03:38:53.426+0000] {processor.py:161} INFO - Started process (PID=7077) to work on /home/airflow/.local/lib/python3.12/site-packages/airflow/example_dags/example_subdag_operator.py
[2024-07-05T03:38:53.426+0000] {processor.py:830} INFO - Processing file /home/airflow/.local/lib/python3.12/site-packages/airflow/example_dags/example_subdag_operator.py for tasks to queue
[2024-07-05T03:38:53.427+0000] {logging_mixin.py:188} INFO - [2024-07-05T03:38:53.427+0000] {dagbag.py:545} INFO - Filling up the DagBag from /home/airflow/.local/lib/python3.12/site-packages/airflow/example_dags/example_subdag_operator.py
[2024-07-05T03:38:53.436+0000] {processor.py:840} INFO - DAG(s) 'example_subdag_operator.section-1', 'example_subdag_operator.section-2', 'example_subdag_operator' retrieved from /home/airflow/.local/lib/python3.12/site-packages/airflow/example_dags/example_subdag_operator.py
[2024-07-05T03:38:53.441+0000] {logging_mixin.py:188} INFO - [2024-07-05T03:38:53.441+0000] {dag.py:3096} INFO - Sync 3 DAGs
[2024-07-05T03:38:53.448+0000] {logging_mixin.py:188} INFO - [2024-07-05T03:38:53.448+0000] {dag.py:3954} INFO - Setting next_dagrun for example_subdag_operator to 2022-01-01 00:00:00+00:00, run_after=2022-01-01 00:00:00+00:00
[2024-07-05T03:38:53.450+0000] {logging_mixin.py:188} INFO - [2024-07-05T03:38:53.450+0000] {dag.py:3954} INFO - Setting next_dagrun for example_subdag_operator.section-1 to None, run_after=None
[2024-07-05T03:38:53.450+0000] {logging_mixin.py:188} INFO - [2024-07-05T03:38:53.450+0000] {dag.py:3954} INFO - Setting next_dagrun for example_subdag_operator.section-2 to None, run_after=None
[2024-07-05T03:38:53.453+0000] {logging_mixin.py:188} INFO - [2024-07-05T03:38:53.453+0000] {dag.py:3096} INFO - Sync 2 DAGs
[2024-07-05T03:38:53.454+0000] {logging_mixin.py:188} INFO - [2024-07-05T03:38:53.454+0000] {dag.py:3954} INFO - Setting next_dagrun for example_subdag_operator.section-1 to None, run_after=None
[2024-07-05T03:38:53.455+0000] {logging_mixin.py:188} INFO - [2024-07-05T03:38:53.455+0000] {dag.py:3954} INFO - Setting next_dagrun for example_subdag_operator.section-2 to None, run_after=None
[2024-07-05T03:38:53.458+0000] {processor.py:183} INFO - Processing /home/airflow/.local/lib/python3.12/site-packages/airflow/example_dags/example_subdag_operator.py took 0.035 seconds
[2024-07-05T04:05:59.211+0000] {processor.py:161} INFO - Started process (PID=7135) to work on /home/airflow/.local/lib/python3.12/site-packages/airflow/example_dags/example_subdag_operator.py
[2024-07-05T04:05:59.211+0000] {processor.py:830} INFO - Processing file /home/airflow/.local/lib/python3.12/site-packages/airflow/example_dags/example_subdag_operator.py for tasks to queue
[2024-07-05T04:05:59.212+0000] {logging_mixin.py:188} INFO - [2024-07-05T04:05:59.212+0000] {dagbag.py:545} INFO - Filling up the DagBag from /home/airflow/.local/lib/python3.12/site-packages/airflow/example_dags/example_subdag_operator.py
[2024-07-05T04:05:59.221+0000] {processor.py:840} INFO - DAG(s) 'example_subdag_operator.section-1', 'example_subdag_operator.section-2', 'example_subdag_operator' retrieved from /home/airflow/.local/lib/python3.12/site-packages/airflow/example_dags/example_subdag_operator.py
[2024-07-05T04:05:59.227+0000] {logging_mixin.py:188} INFO - [2024-07-05T04:05:59.227+0000] {dag.py:3096} INFO - Sync 3 DAGs
[2024-07-05T04:05:59.239+0000] {logging_mixin.py:188} INFO - [2024-07-05T04:05:59.238+0000] {dag.py:3954} INFO - Setting next_dagrun for example_subdag_operator to 2022-01-01 00:00:00+00:00, run_after=2022-01-01 00:00:00+00:00
[2024-07-05T04:05:59.242+0000] {logging_mixin.py:188} INFO - [2024-07-05T04:05:59.242+0000] {dag.py:3954} INFO - Setting next_dagrun for example_subdag_operator.section-1 to None, run_after=None
[2024-07-05T04:05:59.243+0000] {logging_mixin.py:188} INFO - [2024-07-05T04:05:59.243+0000] {dag.py:3954} INFO - Setting next_dagrun for example_subdag_operator.section-2 to None, run_after=None
[2024-07-05T04:05:59.246+0000] {logging_mixin.py:188} INFO - [2024-07-05T04:05:59.246+0000] {dag.py:3096} INFO - Sync 2 DAGs
[2024-07-05T04:05:59.248+0000] {logging_mixin.py:188} INFO - [2024-07-05T04:05:59.248+0000] {dag.py:3954} INFO - Setting next_dagrun for example_subdag_operator.section-1 to None, run_after=None
[2024-07-05T04:05:59.250+0000] {logging_mixin.py:188} INFO - [2024-07-05T04:05:59.250+0000] {dag.py:3954} INFO - Setting next_dagrun for example_subdag_operator.section-2 to None, run_after=None
[2024-07-05T04:05:59.254+0000] {processor.py:183} INFO - Processing /home/airflow/.local/lib/python3.12/site-packages/airflow/example_dags/example_subdag_operator.py took 0.045 seconds
[2024-07-05T05:07:04.402+0000] {processor.py:161} INFO - Started process (PID=7193) to work on /home/airflow/.local/lib/python3.12/site-packages/airflow/example_dags/example_subdag_operator.py
[2024-07-05T05:07:04.402+0000] {processor.py:830} INFO - Processing file /home/airflow/.local/lib/python3.12/site-packages/airflow/example_dags/example_subdag_operator.py for tasks to queue
[2024-07-05T05:07:04.403+0000] {logging_mixin.py:188} INFO - [2024-07-05T05:07:04.403+0000] {dagbag.py:545} INFO - Filling up the DagBag from /home/airflow/.local/lib/python3.12/site-packages/airflow/example_dags/example_subdag_operator.py
[2024-07-05T05:07:04.411+0000] {processor.py:840} INFO - DAG(s) 'example_subdag_operator.section-1', 'example_subdag_operator.section-2', 'example_subdag_operator' retrieved from /home/airflow/.local/lib/python3.12/site-packages/airflow/example_dags/example_subdag_operator.py
[2024-07-05T05:07:04.416+0000] {logging_mixin.py:188} INFO - [2024-07-05T05:07:04.416+0000] {dag.py:3096} INFO - Sync 3 DAGs
[2024-07-05T05:07:04.423+0000] {logging_mixin.py:188} INFO - [2024-07-05T05:07:04.423+0000] {dag.py:3954} INFO - Setting next_dagrun for example_subdag_operator to 2022-01-01 00:00:00+00:00, run_after=2022-01-01 00:00:00+00:00
[2024-07-05T05:07:04.425+0000] {logging_mixin.py:188} INFO - [2024-07-05T05:07:04.425+0000] {dag.py:3954} INFO - Setting next_dagrun for example_subdag_operator.section-1 to None, run_after=None
[2024-07-05T05:07:04.426+0000] {logging_mixin.py:188} INFO - [2024-07-05T05:07:04.425+0000] {dag.py:3954} INFO - Setting next_dagrun for example_subdag_operator.section-2 to None, run_after=None
[2024-07-05T05:07:04.428+0000] {logging_mixin.py:188} INFO - [2024-07-05T05:07:04.428+0000] {dag.py:3096} INFO - Sync 2 DAGs
[2024-07-05T05:07:04.429+0000] {logging_mixin.py:188} INFO - [2024-07-05T05:07:04.429+0000] {dag.py:3954} INFO - Setting next_dagrun for example_subdag_operator.section-1 to None, run_after=None
[2024-07-05T05:07:04.430+0000] {logging_mixin.py:188} INFO - [2024-07-05T05:07:04.430+0000] {dag.py:3954} INFO - Setting next_dagrun for example_subdag_operator.section-2 to None, run_after=None
[2024-07-05T05:07:04.433+0000] {processor.py:183} INFO - Processing /home/airflow/.local/lib/python3.12/site-packages/airflow/example_dags/example_subdag_operator.py took 0.034 seconds
[2024-07-05T06:07:56.960+0000] {processor.py:161} INFO - Started process (PID=7251) to work on /home/airflow/.local/lib/python3.12/site-packages/airflow/example_dags/example_subdag_operator.py
[2024-07-05T06:07:56.960+0000] {processor.py:830} INFO - Processing file /home/airflow/.local/lib/python3.12/site-packages/airflow/example_dags/example_subdag_operator.py for tasks to queue
[2024-07-05T06:07:56.961+0000] {logging_mixin.py:188} INFO - [2024-07-05T06:07:56.961+0000] {dagbag.py:545} INFO - Filling up the DagBag from /home/airflow/.local/lib/python3.12/site-packages/airflow/example_dags/example_subdag_operator.py
[2024-07-05T06:07:56.969+0000] {processor.py:840} INFO - DAG(s) 'example_subdag_operator.section-1', 'example_subdag_operator.section-2', 'example_subdag_operator' retrieved from /home/airflow/.local/lib/python3.12/site-packages/airflow/example_dags/example_subdag_operator.py
[2024-07-05T06:07:56.975+0000] {logging_mixin.py:188} INFO - [2024-07-05T06:07:56.974+0000] {dag.py:3096} INFO - Sync 3 DAGs
[2024-07-05T06:07:56.982+0000] {logging_mixin.py:188} INFO - [2024-07-05T06:07:56.981+0000] {dag.py:3954} INFO - Setting next_dagrun for example_subdag_operator to 2022-01-01 00:00:00+00:00, run_after=2022-01-01 00:00:00+00:00
[2024-07-05T06:07:56.983+0000] {logging_mixin.py:188} INFO - [2024-07-05T06:07:56.983+0000] {dag.py:3954} INFO - Setting next_dagrun for example_subdag_operator.section-1 to None, run_after=None
[2024-07-05T06:07:56.983+0000] {logging_mixin.py:188} INFO - [2024-07-05T06:07:56.983+0000] {dag.py:3954} INFO - Setting next_dagrun for example_subdag_operator.section-2 to None, run_after=None
[2024-07-05T06:07:56.986+0000] {logging_mixin.py:188} INFO - [2024-07-05T06:07:56.986+0000] {dag.py:3096} INFO - Sync 2 DAGs
[2024-07-05T06:07:56.988+0000] {logging_mixin.py:188} INFO - [2024-07-05T06:07:56.988+0000] {dag.py:3954} INFO - Setting next_dagrun for example_subdag_operator.section-1 to None, run_after=None
[2024-07-05T06:07:56.988+0000] {logging_mixin.py:188} INFO - [2024-07-05T06:07:56.988+0000] {dag.py:3954} INFO - Setting next_dagrun for example_subdag_operator.section-2 to None, run_after=None
[2024-07-05T06:07:56.992+0000] {processor.py:183} INFO - Processing /home/airflow/.local/lib/python3.12/site-packages/airflow/example_dags/example_subdag_operator.py took 0.034 seconds
[2024-07-05T07:08:55.759+0000] {processor.py:161} INFO - Started process (PID=7303) to work on /home/airflow/.local/lib/python3.12/site-packages/airflow/example_dags/example_subdag_operator.py
[2024-07-05T07:08:55.759+0000] {processor.py:830} INFO - Processing file /home/airflow/.local/lib/python3.12/site-packages/airflow/example_dags/example_subdag_operator.py for tasks to queue
[2024-07-05T07:08:55.760+0000] {logging_mixin.py:188} INFO - [2024-07-05T07:08:55.760+0000] {dagbag.py:545} INFO - Filling up the DagBag from /home/airflow/.local/lib/python3.12/site-packages/airflow/example_dags/example_subdag_operator.py
[2024-07-05T07:08:55.769+0000] {processor.py:840} INFO - DAG(s) 'example_subdag_operator.section-1', 'example_subdag_operator.section-2', 'example_subdag_operator' retrieved from /home/airflow/.local/lib/python3.12/site-packages/airflow/example_dags/example_subdag_operator.py
[2024-07-05T07:08:55.774+0000] {logging_mixin.py:188} INFO - [2024-07-05T07:08:55.774+0000] {dag.py:3096} INFO - Sync 3 DAGs
[2024-07-05T07:08:55.782+0000] {logging_mixin.py:188} INFO - [2024-07-05T07:08:55.782+0000] {dag.py:3954} INFO - Setting next_dagrun for example_subdag_operator to 2022-01-01 00:00:00+00:00, run_after=2022-01-01 00:00:00+00:00
[2024-07-05T07:08:55.783+0000] {logging_mixin.py:188} INFO - [2024-07-05T07:08:55.783+0000] {dag.py:3954} INFO - Setting next_dagrun for example_subdag_operator.section-1 to None, run_after=None
[2024-07-05T07:08:55.784+0000] {logging_mixin.py:188} INFO - [2024-07-05T07:08:55.784+0000] {dag.py:3954} INFO - Setting next_dagrun for example_subdag_operator.section-2 to None, run_after=None
[2024-07-05T07:08:55.786+0000] {logging_mixin.py:188} INFO - [2024-07-05T07:08:55.786+0000] {dag.py:3096} INFO - Sync 2 DAGs
[2024-07-05T07:08:55.789+0000] {logging_mixin.py:188} INFO - [2024-07-05T07:08:55.789+0000] {dag.py:3954} INFO - Setting next_dagrun for example_subdag_operator.section-1 to None, run_after=None
[2024-07-05T07:08:55.790+0000] {logging_mixin.py:188} INFO - [2024-07-05T07:08:55.790+0000] {dag.py:3954} INFO - Setting next_dagrun for example_subdag_operator.section-2 to None, run_after=None
[2024-07-05T07:08:55.793+0000] {processor.py:183} INFO - Processing /home/airflow/.local/lib/python3.12/site-packages/airflow/example_dags/example_subdag_operator.py took 0.036 seconds
[2024-07-05T08:09:52.846+0000] {processor.py:161} INFO - Started process (PID=7367) to work on /home/airflow/.local/lib/python3.12/site-packages/airflow/example_dags/example_subdag_operator.py
[2024-07-05T08:09:52.846+0000] {processor.py:830} INFO - Processing file /home/airflow/.local/lib/python3.12/site-packages/airflow/example_dags/example_subdag_operator.py for tasks to queue
[2024-07-05T08:09:52.847+0000] {logging_mixin.py:188} INFO - [2024-07-05T08:09:52.847+0000] {dagbag.py:545} INFO - Filling up the DagBag from /home/airflow/.local/lib/python3.12/site-packages/airflow/example_dags/example_subdag_operator.py
[2024-07-05T08:09:52.855+0000] {processor.py:840} INFO - DAG(s) 'example_subdag_operator.section-1', 'example_subdag_operator.section-2', 'example_subdag_operator' retrieved from /home/airflow/.local/lib/python3.12/site-packages/airflow/example_dags/example_subdag_operator.py
[2024-07-05T08:09:52.860+0000] {logging_mixin.py:188} INFO - [2024-07-05T08:09:52.860+0000] {dag.py:3096} INFO - Sync 3 DAGs
[2024-07-05T08:09:52.867+0000] {logging_mixin.py:188} INFO - [2024-07-05T08:09:52.867+0000] {dag.py:3954} INFO - Setting next_dagrun for example_subdag_operator to 2022-01-01 00:00:00+00:00, run_after=2022-01-01 00:00:00+00:00
[2024-07-05T08:09:52.869+0000] {logging_mixin.py:188} INFO - [2024-07-05T08:09:52.869+0000] {dag.py:3954} INFO - Setting next_dagrun for example_subdag_operator.section-1 to None, run_after=None
[2024-07-05T08:09:52.869+0000] {logging_mixin.py:188} INFO - [2024-07-05T08:09:52.869+0000] {dag.py:3954} INFO - Setting next_dagrun for example_subdag_operator.section-2 to None, run_after=None
[2024-07-05T08:09:52.871+0000] {logging_mixin.py:188} INFO - [2024-07-05T08:09:52.871+0000] {dag.py:3096} INFO - Sync 2 DAGs
[2024-07-05T08:09:52.873+0000] {logging_mixin.py:188} INFO - [2024-07-05T08:09:52.873+0000] {dag.py:3954} INFO - Setting next_dagrun for example_subdag_operator.section-1 to None, run_after=None
[2024-07-05T08:09:52.873+0000] {logging_mixin.py:188} INFO - [2024-07-05T08:09:52.873+0000] {dag.py:3954} INFO - Setting next_dagrun for example_subdag_operator.section-2 to None, run_after=None
[2024-07-05T08:09:52.877+0000] {processor.py:183} INFO - Processing /home/airflow/.local/lib/python3.12/site-packages/airflow/example_dags/example_subdag_operator.py took 0.033 seconds
[2024-07-05T08:32:40.231+0000] {processor.py:161} INFO - Started process (PID=7419) to work on /home/airflow/.local/lib/python3.12/site-packages/airflow/example_dags/example_subdag_operator.py
[2024-07-05T08:32:40.232+0000] {processor.py:830} INFO - Processing file /home/airflow/.local/lib/python3.12/site-packages/airflow/example_dags/example_subdag_operator.py for tasks to queue
[2024-07-05T08:32:40.232+0000] {logging_mixin.py:188} INFO - [2024-07-05T08:32:40.232+0000] {dagbag.py:545} INFO - Filling up the DagBag from /home/airflow/.local/lib/python3.12/site-packages/airflow/example_dags/example_subdag_operator.py
[2024-07-05T08:32:40.241+0000] {processor.py:840} INFO - DAG(s) 'example_subdag_operator.section-1', 'example_subdag_operator.section-2', 'example_subdag_operator' retrieved from /home/airflow/.local/lib/python3.12/site-packages/airflow/example_dags/example_subdag_operator.py
[2024-07-05T08:32:40.247+0000] {logging_mixin.py:188} INFO - [2024-07-05T08:32:40.246+0000] {dag.py:3096} INFO - Sync 3 DAGs
[2024-07-05T08:32:40.254+0000] {logging_mixin.py:188} INFO - [2024-07-05T08:32:40.254+0000] {dag.py:3954} INFO - Setting next_dagrun for example_subdag_operator to 2022-01-01 00:00:00+00:00, run_after=2022-01-01 00:00:00+00:00
[2024-07-05T08:32:40.255+0000] {logging_mixin.py:188} INFO - [2024-07-05T08:32:40.255+0000] {dag.py:3954} INFO - Setting next_dagrun for example_subdag_operator.section-1 to None, run_after=None
[2024-07-05T08:32:40.256+0000] {logging_mixin.py:188} INFO - [2024-07-05T08:32:40.256+0000] {dag.py:3954} INFO - Setting next_dagrun for example_subdag_operator.section-2 to None, run_after=None
[2024-07-05T08:32:40.258+0000] {logging_mixin.py:188} INFO - [2024-07-05T08:32:40.258+0000] {dag.py:3096} INFO - Sync 2 DAGs
[2024-07-05T08:32:40.260+0000] {logging_mixin.py:188} INFO - [2024-07-05T08:32:40.260+0000] {dag.py:3954} INFO - Setting next_dagrun for example_subdag_operator.section-1 to None, run_after=None
[2024-07-05T08:32:40.260+0000] {logging_mixin.py:188} INFO - [2024-07-05T08:32:40.260+0000] {dag.py:3954} INFO - Setting next_dagrun for example_subdag_operator.section-2 to None, run_after=None
[2024-07-05T08:32:40.264+0000] {processor.py:183} INFO - Processing /home/airflow/.local/lib/python3.12/site-packages/airflow/example_dags/example_subdag_operator.py took 0.035 seconds
[2024-07-05T09:12:27.127+0000] {processor.py:161} INFO - Started process (PID=7483) to work on /home/airflow/.local/lib/python3.12/site-packages/airflow/example_dags/example_subdag_operator.py
[2024-07-05T09:12:27.128+0000] {processor.py:830} INFO - Processing file /home/airflow/.local/lib/python3.12/site-packages/airflow/example_dags/example_subdag_operator.py for tasks to queue
[2024-07-05T09:12:27.128+0000] {logging_mixin.py:188} INFO - [2024-07-05T09:12:27.128+0000] {dagbag.py:545} INFO - Filling up the DagBag from /home/airflow/.local/lib/python3.12/site-packages/airflow/example_dags/example_subdag_operator.py
[2024-07-05T09:12:27.137+0000] {processor.py:840} INFO - DAG(s) 'example_subdag_operator.section-1', 'example_subdag_operator.section-2', 'example_subdag_operator' retrieved from /home/airflow/.local/lib/python3.12/site-packages/airflow/example_dags/example_subdag_operator.py
[2024-07-05T09:12:27.142+0000] {logging_mixin.py:188} INFO - [2024-07-05T09:12:27.142+0000] {dag.py:3096} INFO - Sync 3 DAGs
[2024-07-05T09:12:27.149+0000] {logging_mixin.py:188} INFO - [2024-07-05T09:12:27.149+0000] {dag.py:3954} INFO - Setting next_dagrun for example_subdag_operator to 2022-01-01 00:00:00+00:00, run_after=2022-01-01 00:00:00+00:00
[2024-07-05T09:12:27.150+0000] {logging_mixin.py:188} INFO - [2024-07-05T09:12:27.150+0000] {dag.py:3954} INFO - Setting next_dagrun for example_subdag_operator.section-1 to None, run_after=None
[2024-07-05T09:12:27.151+0000] {logging_mixin.py:188} INFO - [2024-07-05T09:12:27.151+0000] {dag.py:3954} INFO - Setting next_dagrun for example_subdag_operator.section-2 to None, run_after=None
[2024-07-05T09:12:27.153+0000] {logging_mixin.py:188} INFO - [2024-07-05T09:12:27.153+0000] {dag.py:3096} INFO - Sync 2 DAGs
[2024-07-05T09:12:27.155+0000] {logging_mixin.py:188} INFO - [2024-07-05T09:12:27.154+0000] {dag.py:3954} INFO - Setting next_dagrun for example_subdag_operator.section-1 to None, run_after=None
[2024-07-05T09:12:27.155+0000] {logging_mixin.py:188} INFO - [2024-07-05T09:12:27.155+0000] {dag.py:3954} INFO - Setting next_dagrun for example_subdag_operator.section-2 to None, run_after=None
[2024-07-05T09:12:27.158+0000] {processor.py:183} INFO - Processing /home/airflow/.local/lib/python3.12/site-packages/airflow/example_dags/example_subdag_operator.py took 0.033 seconds
[2024-07-05T10:11:57.967+0000] {processor.py:161} INFO - Started process (PID=7535) to work on /home/airflow/.local/lib/python3.12/site-packages/airflow/example_dags/example_subdag_operator.py
[2024-07-05T10:11:57.968+0000] {processor.py:830} INFO - Processing file /home/airflow/.local/lib/python3.12/site-packages/airflow/example_dags/example_subdag_operator.py for tasks to queue
[2024-07-05T10:11:57.969+0000] {logging_mixin.py:188} INFO - [2024-07-05T10:11:57.968+0000] {dagbag.py:545} INFO - Filling up the DagBag from /home/airflow/.local/lib/python3.12/site-packages/airflow/example_dags/example_subdag_operator.py
[2024-07-05T10:11:57.978+0000] {processor.py:840} INFO - DAG(s) 'example_subdag_operator.section-1', 'example_subdag_operator.section-2', 'example_subdag_operator' retrieved from /home/airflow/.local/lib/python3.12/site-packages/airflow/example_dags/example_subdag_operator.py
[2024-07-05T10:11:57.983+0000] {logging_mixin.py:188} INFO - [2024-07-05T10:11:57.983+0000] {dag.py:3096} INFO - Sync 3 DAGs
[2024-07-05T10:11:57.990+0000] {logging_mixin.py:188} INFO - [2024-07-05T10:11:57.990+0000] {dag.py:3954} INFO - Setting next_dagrun for example_subdag_operator to 2022-01-01 00:00:00+00:00, run_after=2022-01-01 00:00:00+00:00
[2024-07-05T10:11:57.991+0000] {logging_mixin.py:188} INFO - [2024-07-05T10:11:57.991+0000] {dag.py:3954} INFO - Setting next_dagrun for example_subdag_operator.section-1 to None, run_after=None
[2024-07-05T10:11:57.992+0000] {logging_mixin.py:188} INFO - [2024-07-05T10:11:57.992+0000] {dag.py:3954} INFO - Setting next_dagrun for example_subdag_operator.section-2 to None, run_after=None
[2024-07-05T10:11:57.994+0000] {logging_mixin.py:188} INFO - [2024-07-05T10:11:57.994+0000] {dag.py:3096} INFO - Sync 2 DAGs
[2024-07-05T10:11:57.996+0000] {logging_mixin.py:188} INFO - [2024-07-05T10:11:57.996+0000] {dag.py:3954} INFO - Setting next_dagrun for example_subdag_operator.section-1 to None, run_after=None
[2024-07-05T10:11:57.996+0000] {logging_mixin.py:188} INFO - [2024-07-05T10:11:57.996+0000] {dag.py:3954} INFO - Setting next_dagrun for example_subdag_operator.section-2 to None, run_after=None
[2024-07-05T10:11:58.000+0000] {processor.py:183} INFO - Processing /home/airflow/.local/lib/python3.12/site-packages/airflow/example_dags/example_subdag_operator.py took 0.035 seconds
[2024-07-05T11:00:36.842+0000] {processor.py:161} INFO - Started process (PID=7593) to work on /home/airflow/.local/lib/python3.12/site-packages/airflow/example_dags/example_subdag_operator.py
[2024-07-05T11:00:36.842+0000] {processor.py:830} INFO - Processing file /home/airflow/.local/lib/python3.12/site-packages/airflow/example_dags/example_subdag_operator.py for tasks to queue
[2024-07-05T11:00:36.843+0000] {logging_mixin.py:188} INFO - [2024-07-05T11:00:36.843+0000] {dagbag.py:545} INFO - Filling up the DagBag from /home/airflow/.local/lib/python3.12/site-packages/airflow/example_dags/example_subdag_operator.py
[2024-07-05T11:00:36.852+0000] {processor.py:840} INFO - DAG(s) 'example_subdag_operator.section-1', 'example_subdag_operator.section-2', 'example_subdag_operator' retrieved from /home/airflow/.local/lib/python3.12/site-packages/airflow/example_dags/example_subdag_operator.py
[2024-07-05T11:00:36.857+0000] {logging_mixin.py:188} INFO - [2024-07-05T11:00:36.857+0000] {dag.py:3096} INFO - Sync 3 DAGs
[2024-07-05T11:00:36.864+0000] {logging_mixin.py:188} INFO - [2024-07-05T11:00:36.864+0000] {dag.py:3954} INFO - Setting next_dagrun for example_subdag_operator to 2022-01-01 00:00:00+00:00, run_after=2022-01-01 00:00:00+00:00
[2024-07-05T11:00:36.866+0000] {logging_mixin.py:188} INFO - [2024-07-05T11:00:36.866+0000] {dag.py:3954} INFO - Setting next_dagrun for example_subdag_operator.section-1 to None, run_after=None
[2024-07-05T11:00:36.866+0000] {logging_mixin.py:188} INFO - [2024-07-05T11:00:36.866+0000] {dag.py:3954} INFO - Setting next_dagrun for example_subdag_operator.section-2 to None, run_after=None
[2024-07-05T11:00:36.869+0000] {logging_mixin.py:188} INFO - [2024-07-05T11:00:36.869+0000] {dag.py:3096} INFO - Sync 2 DAGs
[2024-07-05T11:00:36.871+0000] {logging_mixin.py:188} INFO - [2024-07-05T11:00:36.871+0000] {dag.py:3954} INFO - Setting next_dagrun for example_subdag_operator.section-1 to None, run_after=None
[2024-07-05T11:00:36.871+0000] {logging_mixin.py:188} INFO - [2024-07-05T11:00:36.871+0000] {dag.py:3954} INFO - Setting next_dagrun for example_subdag_operator.section-2 to None, run_after=None
[2024-07-05T11:00:36.874+0000] {processor.py:183} INFO - Processing /home/airflow/.local/lib/python3.12/site-packages/airflow/example_dags/example_subdag_operator.py took 0.035 seconds
[2024-07-05T12:13:57.418+0000] {processor.py:161} INFO - Started process (PID=7657) to work on /home/airflow/.local/lib/python3.12/site-packages/airflow/example_dags/example_subdag_operator.py
[2024-07-05T12:13:57.419+0000] {processor.py:830} INFO - Processing file /home/airflow/.local/lib/python3.12/site-packages/airflow/example_dags/example_subdag_operator.py for tasks to queue
[2024-07-05T12:13:57.420+0000] {logging_mixin.py:188} INFO - [2024-07-05T12:13:57.420+0000] {dagbag.py:545} INFO - Filling up the DagBag from /home/airflow/.local/lib/python3.12/site-packages/airflow/example_dags/example_subdag_operator.py
[2024-07-05T12:13:57.431+0000] {processor.py:840} INFO - DAG(s) 'example_subdag_operator.section-1', 'example_subdag_operator.section-2', 'example_subdag_operator' retrieved from /home/airflow/.local/lib/python3.12/site-packages/airflow/example_dags/example_subdag_operator.py
[2024-07-05T12:13:57.437+0000] {logging_mixin.py:188} INFO - [2024-07-05T12:13:57.437+0000] {dag.py:3096} INFO - Sync 3 DAGs
[2024-07-05T12:13:57.444+0000] {logging_mixin.py:188} INFO - [2024-07-05T12:13:57.444+0000] {dag.py:3954} INFO - Setting next_dagrun for example_subdag_operator to 2022-01-01 00:00:00+00:00, run_after=2022-01-01 00:00:00+00:00
[2024-07-05T12:13:57.446+0000] {logging_mixin.py:188} INFO - [2024-07-05T12:13:57.446+0000] {dag.py:3954} INFO - Setting next_dagrun for example_subdag_operator.section-1 to None, run_after=None
[2024-07-05T12:13:57.446+0000] {logging_mixin.py:188} INFO - [2024-07-05T12:13:57.446+0000] {dag.py:3954} INFO - Setting next_dagrun for example_subdag_operator.section-2 to None, run_after=None
[2024-07-05T12:13:57.449+0000] {logging_mixin.py:188} INFO - [2024-07-05T12:13:57.449+0000] {dag.py:3096} INFO - Sync 2 DAGs
[2024-07-05T12:13:57.451+0000] {logging_mixin.py:188} INFO - [2024-07-05T12:13:57.451+0000] {dag.py:3954} INFO - Setting next_dagrun for example_subdag_operator.section-1 to None, run_after=None
[2024-07-05T12:13:57.451+0000] {logging_mixin.py:188} INFO - [2024-07-05T12:13:57.451+0000] {dag.py:3954} INFO - Setting next_dagrun for example_subdag_operator.section-2 to None, run_after=None
[2024-07-05T12:13:57.455+0000] {processor.py:183} INFO - Processing /home/airflow/.local/lib/python3.12/site-packages/airflow/example_dags/example_subdag_operator.py took 0.039 seconds
[2024-07-05T13:15:01.448+0000] {processor.py:161} INFO - Started process (PID=7709) to work on /home/airflow/.local/lib/python3.12/site-packages/airflow/example_dags/example_subdag_operator.py
[2024-07-05T13:15:01.448+0000] {processor.py:830} INFO - Processing file /home/airflow/.local/lib/python3.12/site-packages/airflow/example_dags/example_subdag_operator.py for tasks to queue
[2024-07-05T13:15:01.449+0000] {logging_mixin.py:188} INFO - [2024-07-05T13:15:01.449+0000] {dagbag.py:545} INFO - Filling up the DagBag from /home/airflow/.local/lib/python3.12/site-packages/airflow/example_dags/example_subdag_operator.py
[2024-07-05T13:15:01.458+0000] {processor.py:840} INFO - DAG(s) 'example_subdag_operator.section-1', 'example_subdag_operator.section-2', 'example_subdag_operator' retrieved from /home/airflow/.local/lib/python3.12/site-packages/airflow/example_dags/example_subdag_operator.py
[2024-07-05T13:15:01.463+0000] {logging_mixin.py:188} INFO - [2024-07-05T13:15:01.463+0000] {dag.py:3096} INFO - Sync 3 DAGs
[2024-07-05T13:15:01.470+0000] {logging_mixin.py:188} INFO - [2024-07-05T13:15:01.470+0000] {dag.py:3954} INFO - Setting next_dagrun for example_subdag_operator to 2022-01-01 00:00:00+00:00, run_after=2022-01-01 00:00:00+00:00
[2024-07-05T13:15:01.471+0000] {logging_mixin.py:188} INFO - [2024-07-05T13:15:01.471+0000] {dag.py:3954} INFO - Setting next_dagrun for example_subdag_operator.section-1 to None, run_after=None
[2024-07-05T13:15:01.472+0000] {logging_mixin.py:188} INFO - [2024-07-05T13:15:01.472+0000] {dag.py:3954} INFO - Setting next_dagrun for example_subdag_operator.section-2 to None, run_after=None
[2024-07-05T13:15:01.474+0000] {logging_mixin.py:188} INFO - [2024-07-05T13:15:01.474+0000] {dag.py:3096} INFO - Sync 2 DAGs
[2024-07-05T13:15:01.476+0000] {logging_mixin.py:188} INFO - [2024-07-05T13:15:01.476+0000] {dag.py:3954} INFO - Setting next_dagrun for example_subdag_operator.section-1 to None, run_after=None
[2024-07-05T13:15:01.476+0000] {logging_mixin.py:188} INFO - [2024-07-05T13:15:01.476+0000] {dag.py:3954} INFO - Setting next_dagrun for example_subdag_operator.section-2 to None, run_after=None
[2024-07-05T13:15:01.479+0000] {processor.py:183} INFO - Processing /home/airflow/.local/lib/python3.12/site-packages/airflow/example_dags/example_subdag_operator.py took 0.033 seconds
[2024-07-05T14:01:34.744+0000] {processor.py:161} INFO - Started process (PID=7773) to work on /home/airflow/.local/lib/python3.12/site-packages/airflow/example_dags/example_subdag_operator.py
[2024-07-05T14:01:34.744+0000] {processor.py:830} INFO - Processing file /home/airflow/.local/lib/python3.12/site-packages/airflow/example_dags/example_subdag_operator.py for tasks to queue
[2024-07-05T14:01:34.745+0000] {logging_mixin.py:188} INFO - [2024-07-05T14:01:34.745+0000] {dagbag.py:545} INFO - Filling up the DagBag from /home/airflow/.local/lib/python3.12/site-packages/airflow/example_dags/example_subdag_operator.py
[2024-07-05T14:01:34.754+0000] {processor.py:840} INFO - DAG(s) 'example_subdag_operator.section-1', 'example_subdag_operator.section-2', 'example_subdag_operator' retrieved from /home/airflow/.local/lib/python3.12/site-packages/airflow/example_dags/example_subdag_operator.py
[2024-07-05T14:01:34.759+0000] {logging_mixin.py:188} INFO - [2024-07-05T14:01:34.759+0000] {dag.py:3096} INFO - Sync 3 DAGs
[2024-07-05T14:01:34.768+0000] {logging_mixin.py:188} INFO - [2024-07-05T14:01:34.768+0000] {dag.py:3954} INFO - Setting next_dagrun for example_subdag_operator to 2022-01-01 00:00:00+00:00, run_after=2022-01-01 00:00:00+00:00
[2024-07-05T14:01:34.769+0000] {logging_mixin.py:188} INFO - [2024-07-05T14:01:34.769+0000] {dag.py:3954} INFO - Setting next_dagrun for example_subdag_operator.section-1 to None, run_after=None
[2024-07-05T14:01:34.770+0000] {logging_mixin.py:188} INFO - [2024-07-05T14:01:34.769+0000] {dag.py:3954} INFO - Setting next_dagrun for example_subdag_operator.section-2 to None, run_after=None
[2024-07-05T14:01:34.772+0000] {logging_mixin.py:188} INFO - [2024-07-05T14:01:34.772+0000] {dag.py:3096} INFO - Sync 2 DAGs
[2024-07-05T14:01:34.774+0000] {logging_mixin.py:188} INFO - [2024-07-05T14:01:34.774+0000] {dag.py:3954} INFO - Setting next_dagrun for example_subdag_operator.section-1 to None, run_after=None
[2024-07-05T14:01:34.774+0000] {logging_mixin.py:188} INFO - [2024-07-05T14:01:34.774+0000] {dag.py:3954} INFO - Setting next_dagrun for example_subdag_operator.section-2 to None, run_after=None
[2024-07-05T14:01:34.778+0000] {processor.py:183} INFO - Processing /home/airflow/.local/lib/python3.12/site-packages/airflow/example_dags/example_subdag_operator.py took 0.036 seconds
[2024-07-05T14:47:34.755+0000] {processor.py:161} INFO - Started process (PID=7825) to work on /home/airflow/.local/lib/python3.12/site-packages/airflow/example_dags/example_subdag_operator.py
[2024-07-05T14:47:34.756+0000] {processor.py:830} INFO - Processing file /home/airflow/.local/lib/python3.12/site-packages/airflow/example_dags/example_subdag_operator.py for tasks to queue
[2024-07-05T14:47:34.756+0000] {logging_mixin.py:188} INFO - [2024-07-05T14:47:34.756+0000] {dagbag.py:545} INFO - Filling up the DagBag from /home/airflow/.local/lib/python3.12/site-packages/airflow/example_dags/example_subdag_operator.py
[2024-07-05T14:47:34.765+0000] {processor.py:840} INFO - DAG(s) 'example_subdag_operator.section-1', 'example_subdag_operator.section-2', 'example_subdag_operator' retrieved from /home/airflow/.local/lib/python3.12/site-packages/airflow/example_dags/example_subdag_operator.py
[2024-07-05T14:47:34.770+0000] {logging_mixin.py:188} INFO - [2024-07-05T14:47:34.770+0000] {dag.py:3096} INFO - Sync 3 DAGs
[2024-07-05T14:47:34.777+0000] {logging_mixin.py:188} INFO - [2024-07-05T14:47:34.777+0000] {dag.py:3954} INFO - Setting next_dagrun for example_subdag_operator to 2022-01-01 00:00:00+00:00, run_after=2022-01-01 00:00:00+00:00
[2024-07-05T14:47:34.779+0000] {logging_mixin.py:188} INFO - [2024-07-05T14:47:34.779+0000] {dag.py:3954} INFO - Setting next_dagrun for example_subdag_operator.section-1 to None, run_after=None
[2024-07-05T14:47:34.779+0000] {logging_mixin.py:188} INFO - [2024-07-05T14:47:34.779+0000] {dag.py:3954} INFO - Setting next_dagrun for example_subdag_operator.section-2 to None, run_after=None
[2024-07-05T14:47:34.782+0000] {logging_mixin.py:188} INFO - [2024-07-05T14:47:34.782+0000] {dag.py:3096} INFO - Sync 2 DAGs
[2024-07-05T14:47:34.783+0000] {logging_mixin.py:188} INFO - [2024-07-05T14:47:34.783+0000] {dag.py:3954} INFO - Setting next_dagrun for example_subdag_operator.section-1 to None, run_after=None
[2024-07-05T14:47:34.784+0000] {logging_mixin.py:188} INFO - [2024-07-05T14:47:34.784+0000] {dag.py:3954} INFO - Setting next_dagrun for example_subdag_operator.section-2 to None, run_after=None
[2024-07-05T14:47:34.787+0000] {processor.py:183} INFO - Processing /home/airflow/.local/lib/python3.12/site-packages/airflow/example_dags/example_subdag_operator.py took 0.034 seconds
[2024-07-05T15:49:33.490+0000] {processor.py:161} INFO - Started process (PID=7883) to work on /home/airflow/.local/lib/python3.12/site-packages/airflow/example_dags/example_subdag_operator.py
[2024-07-05T15:49:33.491+0000] {processor.py:830} INFO - Processing file /home/airflow/.local/lib/python3.12/site-packages/airflow/example_dags/example_subdag_operator.py for tasks to queue
[2024-07-05T15:49:33.491+0000] {logging_mixin.py:188} INFO - [2024-07-05T15:49:33.491+0000] {dagbag.py:545} INFO - Filling up the DagBag from /home/airflow/.local/lib/python3.12/site-packages/airflow/example_dags/example_subdag_operator.py
[2024-07-05T15:49:33.500+0000] {processor.py:840} INFO - DAG(s) 'example_subdag_operator.section-1', 'example_subdag_operator.section-2', 'example_subdag_operator' retrieved from /home/airflow/.local/lib/python3.12/site-packages/airflow/example_dags/example_subdag_operator.py
[2024-07-05T15:49:33.506+0000] {logging_mixin.py:188} INFO - [2024-07-05T15:49:33.506+0000] {dag.py:3096} INFO - Sync 3 DAGs
[2024-07-05T15:49:33.514+0000] {logging_mixin.py:188} INFO - [2024-07-05T15:49:33.513+0000] {dag.py:3954} INFO - Setting next_dagrun for example_subdag_operator to 2022-01-01 00:00:00+00:00, run_after=2022-01-01 00:00:00+00:00
[2024-07-05T15:49:33.515+0000] {logging_mixin.py:188} INFO - [2024-07-05T15:49:33.515+0000] {dag.py:3954} INFO - Setting next_dagrun for example_subdag_operator.section-1 to None, run_after=None
[2024-07-05T15:49:33.516+0000] {logging_mixin.py:188} INFO - [2024-07-05T15:49:33.516+0000] {dag.py:3954} INFO - Setting next_dagrun for example_subdag_operator.section-2 to None, run_after=None
[2024-07-05T15:49:33.519+0000] {logging_mixin.py:188} INFO - [2024-07-05T15:49:33.518+0000] {dag.py:3096} INFO - Sync 2 DAGs
[2024-07-05T15:49:33.520+0000] {logging_mixin.py:188} INFO - [2024-07-05T15:49:33.520+0000] {dag.py:3954} INFO - Setting next_dagrun for example_subdag_operator.section-1 to None, run_after=None
[2024-07-05T15:49:33.520+0000] {logging_mixin.py:188} INFO - [2024-07-05T15:49:33.520+0000] {dag.py:3954} INFO - Setting next_dagrun for example_subdag_operator.section-2 to None, run_after=None
[2024-07-05T15:49:33.524+0000] {processor.py:183} INFO - Processing /home/airflow/.local/lib/python3.12/site-packages/airflow/example_dags/example_subdag_operator.py took 0.036 seconds
[2024-07-05T17:06:00.780+0000] {processor.py:161} INFO - Started process (PID=7947) to work on /home/airflow/.local/lib/python3.12/site-packages/airflow/example_dags/example_subdag_operator.py
[2024-07-05T17:06:00.780+0000] {processor.py:830} INFO - Processing file /home/airflow/.local/lib/python3.12/site-packages/airflow/example_dags/example_subdag_operator.py for tasks to queue
[2024-07-05T17:06:00.781+0000] {logging_mixin.py:188} INFO - [2024-07-05T17:06:00.781+0000] {dagbag.py:545} INFO - Filling up the DagBag from /home/airflow/.local/lib/python3.12/site-packages/airflow/example_dags/example_subdag_operator.py
[2024-07-05T17:06:00.790+0000] {processor.py:840} INFO - DAG(s) 'example_subdag_operator.section-1', 'example_subdag_operator.section-2', 'example_subdag_operator' retrieved from /home/airflow/.local/lib/python3.12/site-packages/airflow/example_dags/example_subdag_operator.py
[2024-07-05T17:06:00.796+0000] {logging_mixin.py:188} INFO - [2024-07-05T17:06:00.795+0000] {dag.py:3096} INFO - Sync 3 DAGs
[2024-07-05T17:06:00.805+0000] {logging_mixin.py:188} INFO - [2024-07-05T17:06:00.805+0000] {dag.py:3954} INFO - Setting next_dagrun for example_subdag_operator to 2022-01-01 00:00:00+00:00, run_after=2022-01-01 00:00:00+00:00
[2024-07-05T17:06:00.806+0000] {logging_mixin.py:188} INFO - [2024-07-05T17:06:00.806+0000] {dag.py:3954} INFO - Setting next_dagrun for example_subdag_operator.section-1 to None, run_after=None
[2024-07-05T17:06:00.807+0000] {logging_mixin.py:188} INFO - [2024-07-05T17:06:00.807+0000] {dag.py:3954} INFO - Setting next_dagrun for example_subdag_operator.section-2 to None, run_after=None
[2024-07-05T17:06:00.810+0000] {logging_mixin.py:188} INFO - [2024-07-05T17:06:00.810+0000] {dag.py:3096} INFO - Sync 2 DAGs
[2024-07-05T17:06:00.813+0000] {logging_mixin.py:188} INFO - [2024-07-05T17:06:00.813+0000] {dag.py:3954} INFO - Setting next_dagrun for example_subdag_operator.section-1 to None, run_after=None
[2024-07-05T17:06:00.814+0000] {logging_mixin.py:188} INFO - [2024-07-05T17:06:00.814+0000] {dag.py:3954} INFO - Setting next_dagrun for example_subdag_operator.section-2 to None, run_after=None
[2024-07-05T17:06:00.818+0000] {processor.py:183} INFO - Processing /home/airflow/.local/lib/python3.12/site-packages/airflow/example_dags/example_subdag_operator.py took 0.040 seconds
[2024-07-05T18:15:52.287+0000] {processor.py:161} INFO - Started process (PID=8005) to work on /home/airflow/.local/lib/python3.12/site-packages/airflow/example_dags/example_subdag_operator.py
[2024-07-05T18:15:52.287+0000] {processor.py:830} INFO - Processing file /home/airflow/.local/lib/python3.12/site-packages/airflow/example_dags/example_subdag_operator.py for tasks to queue
[2024-07-05T18:15:52.288+0000] {logging_mixin.py:188} INFO - [2024-07-05T18:15:52.288+0000] {dagbag.py:545} INFO - Filling up the DagBag from /home/airflow/.local/lib/python3.12/site-packages/airflow/example_dags/example_subdag_operator.py
[2024-07-05T18:15:52.296+0000] {processor.py:840} INFO - DAG(s) 'example_subdag_operator.section-1', 'example_subdag_operator.section-2', 'example_subdag_operator' retrieved from /home/airflow/.local/lib/python3.12/site-packages/airflow/example_dags/example_subdag_operator.py
[2024-07-05T18:15:52.301+0000] {logging_mixin.py:188} INFO - [2024-07-05T18:15:52.301+0000] {dag.py:3096} INFO - Sync 3 DAGs
[2024-07-05T18:15:52.308+0000] {logging_mixin.py:188} INFO - [2024-07-05T18:15:52.308+0000] {dag.py:3954} INFO - Setting next_dagrun for example_subdag_operator to 2022-01-01 00:00:00+00:00, run_after=2022-01-01 00:00:00+00:00
[2024-07-05T18:15:52.310+0000] {logging_mixin.py:188} INFO - [2024-07-05T18:15:52.310+0000] {dag.py:3954} INFO - Setting next_dagrun for example_subdag_operator.section-1 to None, run_after=None
[2024-07-05T18:15:52.310+0000] {logging_mixin.py:188} INFO - [2024-07-05T18:15:52.310+0000] {dag.py:3954} INFO - Setting next_dagrun for example_subdag_operator.section-2 to None, run_after=None
[2024-07-05T18:15:52.312+0000] {logging_mixin.py:188} INFO - [2024-07-05T18:15:52.312+0000] {dag.py:3096} INFO - Sync 2 DAGs
[2024-07-05T18:15:52.314+0000] {logging_mixin.py:188} INFO - [2024-07-05T18:15:52.314+0000] {dag.py:3954} INFO - Setting next_dagrun for example_subdag_operator.section-1 to None, run_after=None
[2024-07-05T18:15:52.314+0000] {logging_mixin.py:188} INFO - [2024-07-05T18:15:52.314+0000] {dag.py:3954} INFO - Setting next_dagrun for example_subdag_operator.section-2 to None, run_after=None
[2024-07-05T18:15:52.317+0000] {processor.py:183} INFO - Processing /home/airflow/.local/lib/python3.12/site-packages/airflow/example_dags/example_subdag_operator.py took 0.033 seconds
[2024-07-05T19:56:48.776+0000] {processor.py:161} INFO - Started process (PID=8057) to work on /home/airflow/.local/lib/python3.12/site-packages/airflow/example_dags/example_subdag_operator.py
[2024-07-05T19:56:48.777+0000] {processor.py:830} INFO - Processing file /home/airflow/.local/lib/python3.12/site-packages/airflow/example_dags/example_subdag_operator.py for tasks to queue
[2024-07-05T19:56:48.777+0000] {logging_mixin.py:188} INFO - [2024-07-05T19:56:48.777+0000] {dagbag.py:545} INFO - Filling up the DagBag from /home/airflow/.local/lib/python3.12/site-packages/airflow/example_dags/example_subdag_operator.py
[2024-07-05T19:56:48.786+0000] {processor.py:840} INFO - DAG(s) 'example_subdag_operator.section-1', 'example_subdag_operator.section-2', 'example_subdag_operator' retrieved from /home/airflow/.local/lib/python3.12/site-packages/airflow/example_dags/example_subdag_operator.py
[2024-07-05T19:56:48.791+0000] {logging_mixin.py:188} INFO - [2024-07-05T19:56:48.791+0000] {dag.py:3096} INFO - Sync 3 DAGs
[2024-07-05T19:56:48.798+0000] {logging_mixin.py:188} INFO - [2024-07-05T19:56:48.798+0000] {dag.py:3954} INFO - Setting next_dagrun for example_subdag_operator to 2022-01-01 00:00:00+00:00, run_after=2022-01-01 00:00:00+00:00
[2024-07-05T19:56:48.799+0000] {logging_mixin.py:188} INFO - [2024-07-05T19:56:48.799+0000] {dag.py:3954} INFO - Setting next_dagrun for example_subdag_operator.section-1 to None, run_after=None
[2024-07-05T19:56:48.800+0000] {logging_mixin.py:188} INFO - [2024-07-05T19:56:48.800+0000] {dag.py:3954} INFO - Setting next_dagrun for example_subdag_operator.section-2 to None, run_after=None
[2024-07-05T19:56:48.802+0000] {logging_mixin.py:188} INFO - [2024-07-05T19:56:48.802+0000] {dag.py:3096} INFO - Sync 2 DAGs
[2024-07-05T19:56:48.804+0000] {logging_mixin.py:188} INFO - [2024-07-05T19:56:48.804+0000] {dag.py:3954} INFO - Setting next_dagrun for example_subdag_operator.section-1 to None, run_after=None
[2024-07-05T19:56:48.804+0000] {logging_mixin.py:188} INFO - [2024-07-05T19:56:48.804+0000] {dag.py:3954} INFO - Setting next_dagrun for example_subdag_operator.section-2 to None, run_after=None
[2024-07-05T19:56:48.807+0000] {processor.py:183} INFO - Processing /home/airflow/.local/lib/python3.12/site-packages/airflow/example_dags/example_subdag_operator.py took 0.033 seconds
[2024-07-05T21:19:03.660+0000] {processor.py:161} INFO - Started process (PID=8114) to work on /home/airflow/.local/lib/python3.12/site-packages/airflow/example_dags/example_subdag_operator.py
[2024-07-05T21:19:03.661+0000] {processor.py:830} INFO - Processing file /home/airflow/.local/lib/python3.12/site-packages/airflow/example_dags/example_subdag_operator.py for tasks to queue
[2024-07-05T21:19:03.661+0000] {logging_mixin.py:188} INFO - [2024-07-05T21:19:03.661+0000] {dagbag.py:545} INFO - Filling up the DagBag from /home/airflow/.local/lib/python3.12/site-packages/airflow/example_dags/example_subdag_operator.py
[2024-07-05T21:19:03.670+0000] {processor.py:840} INFO - DAG(s) 'example_subdag_operator.section-1', 'example_subdag_operator.section-2', 'example_subdag_operator' retrieved from /home/airflow/.local/lib/python3.12/site-packages/airflow/example_dags/example_subdag_operator.py
[2024-07-05T21:19:03.675+0000] {logging_mixin.py:188} INFO - [2024-07-05T21:19:03.675+0000] {dag.py:3096} INFO - Sync 3 DAGs
[2024-07-05T21:19:03.683+0000] {logging_mixin.py:188} INFO - [2024-07-05T21:19:03.683+0000] {dag.py:3954} INFO - Setting next_dagrun for example_subdag_operator to 2022-01-01 00:00:00+00:00, run_after=2022-01-01 00:00:00+00:00
[2024-07-05T21:19:03.684+0000] {logging_mixin.py:188} INFO - [2024-07-05T21:19:03.684+0000] {dag.py:3954} INFO - Setting next_dagrun for example_subdag_operator.section-1 to None, run_after=None
[2024-07-05T21:19:03.685+0000] {logging_mixin.py:188} INFO - [2024-07-05T21:19:03.685+0000] {dag.py:3954} INFO - Setting next_dagrun for example_subdag_operator.section-2 to None, run_after=None
[2024-07-05T21:19:03.687+0000] {logging_mixin.py:188} INFO - [2024-07-05T21:19:03.687+0000] {dag.py:3096} INFO - Sync 2 DAGs
[2024-07-05T21:19:03.689+0000] {logging_mixin.py:188} INFO - [2024-07-05T21:19:03.689+0000] {dag.py:3954} INFO - Setting next_dagrun for example_subdag_operator.section-1 to None, run_after=None
[2024-07-05T21:19:03.690+0000] {logging_mixin.py:188} INFO - [2024-07-05T21:19:03.690+0000] {dag.py:3954} INFO - Setting next_dagrun for example_subdag_operator.section-2 to None, run_after=None
[2024-07-05T21:19:03.693+0000] {processor.py:183} INFO - Processing /home/airflow/.local/lib/python3.12/site-packages/airflow/example_dags/example_subdag_operator.py took 0.035 seconds
[2024-07-05T22:43:31.568+0000] {processor.py:161} INFO - Started process (PID=8178) to work on /home/airflow/.local/lib/python3.12/site-packages/airflow/example_dags/example_subdag_operator.py
[2024-07-05T22:43:31.569+0000] {processor.py:830} INFO - Processing file /home/airflow/.local/lib/python3.12/site-packages/airflow/example_dags/example_subdag_operator.py for tasks to queue
[2024-07-05T22:43:31.569+0000] {logging_mixin.py:188} INFO - [2024-07-05T22:43:31.569+0000] {dagbag.py:545} INFO - Filling up the DagBag from /home/airflow/.local/lib/python3.12/site-packages/airflow/example_dags/example_subdag_operator.py
[2024-07-05T22:43:31.578+0000] {processor.py:840} INFO - DAG(s) 'example_subdag_operator.section-1', 'example_subdag_operator.section-2', 'example_subdag_operator' retrieved from /home/airflow/.local/lib/python3.12/site-packages/airflow/example_dags/example_subdag_operator.py
[2024-07-05T22:43:31.584+0000] {logging_mixin.py:188} INFO - [2024-07-05T22:43:31.584+0000] {dag.py:3096} INFO - Sync 3 DAGs
[2024-07-05T22:43:31.591+0000] {logging_mixin.py:188} INFO - [2024-07-05T22:43:31.591+0000] {dag.py:3954} INFO - Setting next_dagrun for example_subdag_operator to 2022-01-01 00:00:00+00:00, run_after=2022-01-01 00:00:00+00:00
[2024-07-05T22:43:31.592+0000] {logging_mixin.py:188} INFO - [2024-07-05T22:43:31.592+0000] {dag.py:3954} INFO - Setting next_dagrun for example_subdag_operator.section-1 to None, run_after=None
[2024-07-05T22:43:31.593+0000] {logging_mixin.py:188} INFO - [2024-07-05T22:43:31.593+0000] {dag.py:3954} INFO - Setting next_dagrun for example_subdag_operator.section-2 to None, run_after=None
[2024-07-05T22:43:31.595+0000] {logging_mixin.py:188} INFO - [2024-07-05T22:43:31.595+0000] {dag.py:3096} INFO - Sync 2 DAGs
[2024-07-05T22:43:31.597+0000] {logging_mixin.py:188} INFO - [2024-07-05T22:43:31.597+0000] {dag.py:3954} INFO - Setting next_dagrun for example_subdag_operator.section-1 to None, run_after=None
[2024-07-05T22:43:31.597+0000] {logging_mixin.py:188} INFO - [2024-07-05T22:43:31.597+0000] {dag.py:3954} INFO - Setting next_dagrun for example_subdag_operator.section-2 to None, run_after=None
[2024-07-05T22:43:31.601+0000] {processor.py:183} INFO - Processing /home/airflow/.local/lib/python3.12/site-packages/airflow/example_dags/example_subdag_operator.py took 0.035 seconds
