[2024-07-05T00:02:35.109+0000] {processor.py:161} INFO - Started process (PID=6725) to work on /home/airflow/.local/lib/python3.12/site-packages/airflow/example_dags/tutorial.py
[2024-07-05T00:02:35.109+0000] {processor.py:830} INFO - Processing file /home/airflow/.local/lib/python3.12/site-packages/airflow/example_dags/tutorial.py for tasks to queue
[2024-07-05T00:02:35.110+0000] {logging_mixin.py:188} INFO - [2024-07-05T00:02:35.110+0000] {dagbag.py:545} INFO - Filling up the DagBag from /home/airflow/.local/lib/python3.12/site-packages/airflow/example_dags/tutorial.py
[2024-07-05T00:02:35.112+0000] {processor.py:840} INFO - DAG(s) 'tutorial' retrieved from /home/airflow/.local/lib/python3.12/site-packages/airflow/example_dags/tutorial.py
[2024-07-05T00:02:35.120+0000] {logging_mixin.py:188} INFO - [2024-07-05T00:02:35.120+0000] {dag.py:3096} INFO - Sync 1 DAGs
[2024-07-05T00:02:35.127+0000] {logging_mixin.py:188} INFO - [2024-07-05T00:02:35.127+0000] {dag.py:3954} INFO - Setting next_dagrun for tutorial to 2024-07-04 00:00:00+00:00, run_after=2024-07-05 00:00:00+00:00
[2024-07-05T00:02:35.133+0000] {processor.py:183} INFO - Processing /home/airflow/.local/lib/python3.12/site-packages/airflow/example_dags/tutorial.py took 0.027 seconds
[2024-07-05T01:02:58.286+0000] {processor.py:161} INFO - Started process (PID=6783) to work on /home/airflow/.local/lib/python3.12/site-packages/airflow/example_dags/tutorial.py
[2024-07-05T01:02:58.286+0000] {processor.py:830} INFO - Processing file /home/airflow/.local/lib/python3.12/site-packages/airflow/example_dags/tutorial.py for tasks to queue
[2024-07-05T01:02:58.287+0000] {logging_mixin.py:188} INFO - [2024-07-05T01:02:58.287+0000] {dagbag.py:545} INFO - Filling up the DagBag from /home/airflow/.local/lib/python3.12/site-packages/airflow/example_dags/tutorial.py
[2024-07-05T01:02:58.290+0000] {processor.py:840} INFO - DAG(s) 'tutorial' retrieved from /home/airflow/.local/lib/python3.12/site-packages/airflow/example_dags/tutorial.py
[2024-07-05T01:02:58.298+0000] {logging_mixin.py:188} INFO - [2024-07-05T01:02:58.298+0000] {dag.py:3096} INFO - Sync 1 DAGs
[2024-07-05T01:02:58.306+0000] {logging_mixin.py:188} INFO - [2024-07-05T01:02:58.305+0000] {dag.py:3954} INFO - Setting next_dagrun for tutorial to 2024-07-04 00:00:00+00:00, run_after=2024-07-05 00:00:00+00:00
[2024-07-05T01:02:58.312+0000] {processor.py:183} INFO - Processing /home/airflow/.local/lib/python3.12/site-packages/airflow/example_dags/tutorial.py took 0.029 seconds
[2024-07-05T01:09:20.457+0000] {processor.py:161} INFO - Started process (PID=6841) to work on /home/airflow/.local/lib/python3.12/site-packages/airflow/example_dags/tutorial.py
[2024-07-05T01:09:20.458+0000] {processor.py:830} INFO - Processing file /home/airflow/.local/lib/python3.12/site-packages/airflow/example_dags/tutorial.py for tasks to queue
[2024-07-05T01:09:20.459+0000] {logging_mixin.py:188} INFO - [2024-07-05T01:09:20.458+0000] {dagbag.py:545} INFO - Filling up the DagBag from /home/airflow/.local/lib/python3.12/site-packages/airflow/example_dags/tutorial.py
[2024-07-05T01:09:20.461+0000] {processor.py:840} INFO - DAG(s) 'tutorial' retrieved from /home/airflow/.local/lib/python3.12/site-packages/airflow/example_dags/tutorial.py
[2024-07-05T01:09:20.469+0000] {logging_mixin.py:188} INFO - [2024-07-05T01:09:20.469+0000] {dag.py:3096} INFO - Sync 1 DAGs
[2024-07-05T01:09:20.478+0000] {logging_mixin.py:188} INFO - [2024-07-05T01:09:20.478+0000] {dag.py:3954} INFO - Setting next_dagrun for tutorial to 2024-07-04 00:00:00+00:00, run_after=2024-07-05 00:00:00+00:00
[2024-07-05T01:09:20.485+0000] {processor.py:183} INFO - Processing /home/airflow/.local/lib/python3.12/site-packages/airflow/example_dags/tutorial.py took 0.030 seconds
[2024-07-05T01:30:00.272+0000] {processor.py:161} INFO - Started process (PID=6899) to work on /home/airflow/.local/lib/python3.12/site-packages/airflow/example_dags/tutorial.py
[2024-07-05T01:30:00.273+0000] {processor.py:830} INFO - Processing file /home/airflow/.local/lib/python3.12/site-packages/airflow/example_dags/tutorial.py for tasks to queue
[2024-07-05T01:30:00.274+0000] {logging_mixin.py:188} INFO - [2024-07-05T01:30:00.273+0000] {dagbag.py:545} INFO - Filling up the DagBag from /home/airflow/.local/lib/python3.12/site-packages/airflow/example_dags/tutorial.py
[2024-07-05T01:30:00.276+0000] {processor.py:840} INFO - DAG(s) 'tutorial' retrieved from /home/airflow/.local/lib/python3.12/site-packages/airflow/example_dags/tutorial.py
[2024-07-05T01:30:00.284+0000] {logging_mixin.py:188} INFO - [2024-07-05T01:30:00.284+0000] {dag.py:3096} INFO - Sync 1 DAGs
[2024-07-05T01:30:00.293+0000] {logging_mixin.py:188} INFO - [2024-07-05T01:30:00.293+0000] {dag.py:3954} INFO - Setting next_dagrun for tutorial to 2024-07-04 00:00:00+00:00, run_after=2024-07-05 00:00:00+00:00
[2024-07-05T01:30:00.299+0000] {processor.py:183} INFO - Processing /home/airflow/.local/lib/python3.12/site-packages/airflow/example_dags/tutorial.py took 0.029 seconds
[2024-07-05T01:57:34.889+0000] {processor.py:161} INFO - Started process (PID=6957) to work on /home/airflow/.local/lib/python3.12/site-packages/airflow/example_dags/tutorial.py
[2024-07-05T01:57:34.890+0000] {processor.py:830} INFO - Processing file /home/airflow/.local/lib/python3.12/site-packages/airflow/example_dags/tutorial.py for tasks to queue
[2024-07-05T01:57:34.890+0000] {logging_mixin.py:188} INFO - [2024-07-05T01:57:34.890+0000] {dagbag.py:545} INFO - Filling up the DagBag from /home/airflow/.local/lib/python3.12/site-packages/airflow/example_dags/tutorial.py
[2024-07-05T01:57:34.893+0000] {processor.py:840} INFO - DAG(s) 'tutorial' retrieved from /home/airflow/.local/lib/python3.12/site-packages/airflow/example_dags/tutorial.py
[2024-07-05T01:57:34.964+0000] {logging_mixin.py:188} INFO - [2024-07-05T01:57:34.963+0000] {dag.py:3096} INFO - Sync 1 DAGs
[2024-07-05T01:57:34.970+0000] {logging_mixin.py:188} INFO - [2024-07-05T01:57:34.970+0000] {dag.py:3954} INFO - Setting next_dagrun for tutorial to 2024-07-04 00:00:00+00:00, run_after=2024-07-05 00:00:00+00:00
[2024-07-05T01:57:34.976+0000] {processor.py:183} INFO - Processing /home/airflow/.local/lib/python3.12/site-packages/airflow/example_dags/tutorial.py took 0.089 seconds
[2024-07-05T02:35:36.500+0000] {processor.py:161} INFO - Started process (PID=7015) to work on /home/airflow/.local/lib/python3.12/site-packages/airflow/example_dags/tutorial.py
[2024-07-05T02:35:36.500+0000] {processor.py:830} INFO - Processing file /home/airflow/.local/lib/python3.12/site-packages/airflow/example_dags/tutorial.py for tasks to queue
[2024-07-05T02:35:36.501+0000] {logging_mixin.py:188} INFO - [2024-07-05T02:35:36.501+0000] {dagbag.py:545} INFO - Filling up the DagBag from /home/airflow/.local/lib/python3.12/site-packages/airflow/example_dags/tutorial.py
[2024-07-05T02:35:36.504+0000] {processor.py:840} INFO - DAG(s) 'tutorial' retrieved from /home/airflow/.local/lib/python3.12/site-packages/airflow/example_dags/tutorial.py
[2024-07-05T02:35:36.512+0000] {logging_mixin.py:188} INFO - [2024-07-05T02:35:36.512+0000] {dag.py:3096} INFO - Sync 1 DAGs
[2024-07-05T02:35:36.586+0000] {logging_mixin.py:188} INFO - [2024-07-05T02:35:36.586+0000] {dag.py:3954} INFO - Setting next_dagrun for tutorial to 2024-07-04 00:00:00+00:00, run_after=2024-07-05 00:00:00+00:00
[2024-07-05T02:35:36.592+0000] {processor.py:183} INFO - Processing /home/airflow/.local/lib/python3.12/site-packages/airflow/example_dags/tutorial.py took 0.095 seconds
[2024-07-05T03:38:53.360+0000] {processor.py:161} INFO - Started process (PID=7073) to work on /home/airflow/.local/lib/python3.12/site-packages/airflow/example_dags/tutorial.py
[2024-07-05T03:38:53.360+0000] {processor.py:830} INFO - Processing file /home/airflow/.local/lib/python3.12/site-packages/airflow/example_dags/tutorial.py for tasks to queue
[2024-07-05T03:38:53.361+0000] {logging_mixin.py:188} INFO - [2024-07-05T03:38:53.361+0000] {dagbag.py:545} INFO - Filling up the DagBag from /home/airflow/.local/lib/python3.12/site-packages/airflow/example_dags/tutorial.py
[2024-07-05T03:38:53.363+0000] {processor.py:840} INFO - DAG(s) 'tutorial' retrieved from /home/airflow/.local/lib/python3.12/site-packages/airflow/example_dags/tutorial.py
[2024-07-05T03:38:53.371+0000] {logging_mixin.py:188} INFO - [2024-07-05T03:38:53.371+0000] {dag.py:3096} INFO - Sync 1 DAGs
[2024-07-05T03:38:53.379+0000] {logging_mixin.py:188} INFO - [2024-07-05T03:38:53.379+0000] {dag.py:3954} INFO - Setting next_dagrun for tutorial to 2024-07-04 00:00:00+00:00, run_after=2024-07-05 00:00:00+00:00
[2024-07-05T03:38:53.385+0000] {processor.py:183} INFO - Processing /home/airflow/.local/lib/python3.12/site-packages/airflow/example_dags/tutorial.py took 0.028 seconds
[2024-07-05T04:05:59.112+0000] {processor.py:161} INFO - Started process (PID=7131) to work on /home/airflow/.local/lib/python3.12/site-packages/airflow/example_dags/tutorial.py
[2024-07-05T04:05:59.112+0000] {processor.py:830} INFO - Processing file /home/airflow/.local/lib/python3.12/site-packages/airflow/example_dags/tutorial.py for tasks to queue
[2024-07-05T04:05:59.113+0000] {logging_mixin.py:188} INFO - [2024-07-05T04:05:59.113+0000] {dagbag.py:545} INFO - Filling up the DagBag from /home/airflow/.local/lib/python3.12/site-packages/airflow/example_dags/tutorial.py
[2024-07-05T04:05:59.116+0000] {processor.py:840} INFO - DAG(s) 'tutorial' retrieved from /home/airflow/.local/lib/python3.12/site-packages/airflow/example_dags/tutorial.py
[2024-07-05T04:05:59.124+0000] {logging_mixin.py:188} INFO - [2024-07-05T04:05:59.124+0000] {dag.py:3096} INFO - Sync 1 DAGs
[2024-07-05T04:05:59.132+0000] {logging_mixin.py:188} INFO - [2024-07-05T04:05:59.132+0000] {dag.py:3954} INFO - Setting next_dagrun for tutorial to 2024-07-04 00:00:00+00:00, run_after=2024-07-05 00:00:00+00:00
[2024-07-05T04:05:59.138+0000] {processor.py:183} INFO - Processing /home/airflow/.local/lib/python3.12/site-packages/airflow/example_dags/tutorial.py took 0.029 seconds
[2024-07-05T05:07:04.278+0000] {processor.py:161} INFO - Started process (PID=7189) to work on /home/airflow/.local/lib/python3.12/site-packages/airflow/example_dags/tutorial.py
[2024-07-05T05:07:04.278+0000] {processor.py:830} INFO - Processing file /home/airflow/.local/lib/python3.12/site-packages/airflow/example_dags/tutorial.py for tasks to queue
[2024-07-05T05:07:04.278+0000] {logging_mixin.py:188} INFO - [2024-07-05T05:07:04.278+0000] {dagbag.py:545} INFO - Filling up the DagBag from /home/airflow/.local/lib/python3.12/site-packages/airflow/example_dags/tutorial.py
[2024-07-05T05:07:04.281+0000] {processor.py:840} INFO - DAG(s) 'tutorial' retrieved from /home/airflow/.local/lib/python3.12/site-packages/airflow/example_dags/tutorial.py
[2024-07-05T05:07:04.291+0000] {logging_mixin.py:188} INFO - [2024-07-05T05:07:04.291+0000] {dag.py:3096} INFO - Sync 1 DAGs
[2024-07-05T05:07:04.302+0000] {logging_mixin.py:188} INFO - [2024-07-05T05:07:04.302+0000] {dag.py:3954} INFO - Setting next_dagrun for tutorial to 2024-07-04 00:00:00+00:00, run_after=2024-07-05 00:00:00+00:00
[2024-07-05T05:07:04.319+0000] {processor.py:183} INFO - Processing /home/airflow/.local/lib/python3.12/site-packages/airflow/example_dags/tutorial.py took 0.043 seconds
[2024-07-05T06:07:56.892+0000] {processor.py:161} INFO - Started process (PID=7247) to work on /home/airflow/.local/lib/python3.12/site-packages/airflow/example_dags/tutorial.py
[2024-07-05T06:07:56.892+0000] {processor.py:830} INFO - Processing file /home/airflow/.local/lib/python3.12/site-packages/airflow/example_dags/tutorial.py for tasks to queue
[2024-07-05T06:07:56.893+0000] {logging_mixin.py:188} INFO - [2024-07-05T06:07:56.893+0000] {dagbag.py:545} INFO - Filling up the DagBag from /home/airflow/.local/lib/python3.12/site-packages/airflow/example_dags/tutorial.py
[2024-07-05T06:07:56.895+0000] {processor.py:840} INFO - DAG(s) 'tutorial' retrieved from /home/airflow/.local/lib/python3.12/site-packages/airflow/example_dags/tutorial.py
[2024-07-05T06:07:56.903+0000] {logging_mixin.py:188} INFO - [2024-07-05T06:07:56.903+0000] {dag.py:3096} INFO - Sync 1 DAGs
[2024-07-05T06:07:56.911+0000] {logging_mixin.py:188} INFO - [2024-07-05T06:07:56.911+0000] {dag.py:3954} INFO - Setting next_dagrun for tutorial to 2024-07-04 00:00:00+00:00, run_after=2024-07-05 00:00:00+00:00
[2024-07-05T06:07:56.918+0000] {processor.py:183} INFO - Processing /home/airflow/.local/lib/python3.12/site-packages/airflow/example_dags/tutorial.py took 0.028 seconds
[2024-07-05T07:08:55.690+0000] {processor.py:161} INFO - Started process (PID=7299) to work on /home/airflow/.local/lib/python3.12/site-packages/airflow/example_dags/tutorial.py
[2024-07-05T07:08:55.690+0000] {processor.py:830} INFO - Processing file /home/airflow/.local/lib/python3.12/site-packages/airflow/example_dags/tutorial.py for tasks to queue
[2024-07-05T07:08:55.691+0000] {logging_mixin.py:188} INFO - [2024-07-05T07:08:55.691+0000] {dagbag.py:545} INFO - Filling up the DagBag from /home/airflow/.local/lib/python3.12/site-packages/airflow/example_dags/tutorial.py
[2024-07-05T07:08:55.693+0000] {processor.py:840} INFO - DAG(s) 'tutorial' retrieved from /home/airflow/.local/lib/python3.12/site-packages/airflow/example_dags/tutorial.py
[2024-07-05T07:08:55.701+0000] {logging_mixin.py:188} INFO - [2024-07-05T07:08:55.701+0000] {dag.py:3096} INFO - Sync 1 DAGs
[2024-07-05T07:08:55.709+0000] {logging_mixin.py:188} INFO - [2024-07-05T07:08:55.709+0000] {dag.py:3954} INFO - Setting next_dagrun for tutorial to 2024-07-04 00:00:00+00:00, run_after=2024-07-05 00:00:00+00:00
[2024-07-05T07:08:55.715+0000] {processor.py:183} INFO - Processing /home/airflow/.local/lib/python3.12/site-packages/airflow/example_dags/tutorial.py took 0.028 seconds
[2024-07-05T08:09:52.747+0000] {processor.py:161} INFO - Started process (PID=7363) to work on /home/airflow/.local/lib/python3.12/site-packages/airflow/example_dags/tutorial.py
[2024-07-05T08:09:52.747+0000] {processor.py:830} INFO - Processing file /home/airflow/.local/lib/python3.12/site-packages/airflow/example_dags/tutorial.py for tasks to queue
[2024-07-05T08:09:52.748+0000] {logging_mixin.py:188} INFO - [2024-07-05T08:09:52.748+0000] {dagbag.py:545} INFO - Filling up the DagBag from /home/airflow/.local/lib/python3.12/site-packages/airflow/example_dags/tutorial.py
[2024-07-05T08:09:52.750+0000] {processor.py:840} INFO - DAG(s) 'tutorial' retrieved from /home/airflow/.local/lib/python3.12/site-packages/airflow/example_dags/tutorial.py
[2024-07-05T08:09:52.758+0000] {logging_mixin.py:188} INFO - [2024-07-05T08:09:52.758+0000] {dag.py:3096} INFO - Sync 1 DAGs
[2024-07-05T08:09:52.766+0000] {logging_mixin.py:188} INFO - [2024-07-05T08:09:52.765+0000] {dag.py:3954} INFO - Setting next_dagrun for tutorial to 2024-07-04 00:00:00+00:00, run_after=2024-07-05 00:00:00+00:00
[2024-07-05T08:09:52.772+0000] {processor.py:183} INFO - Processing /home/airflow/.local/lib/python3.12/site-packages/airflow/example_dags/tutorial.py took 0.028 seconds
[2024-07-05T08:32:40.166+0000] {processor.py:161} INFO - Started process (PID=7415) to work on /home/airflow/.local/lib/python3.12/site-packages/airflow/example_dags/tutorial.py
[2024-07-05T08:32:40.167+0000] {processor.py:830} INFO - Processing file /home/airflow/.local/lib/python3.12/site-packages/airflow/example_dags/tutorial.py for tasks to queue
[2024-07-05T08:32:40.167+0000] {logging_mixin.py:188} INFO - [2024-07-05T08:32:40.167+0000] {dagbag.py:545} INFO - Filling up the DagBag from /home/airflow/.local/lib/python3.12/site-packages/airflow/example_dags/tutorial.py
[2024-07-05T08:32:40.170+0000] {processor.py:840} INFO - DAG(s) 'tutorial' retrieved from /home/airflow/.local/lib/python3.12/site-packages/airflow/example_dags/tutorial.py
[2024-07-05T08:32:40.178+0000] {logging_mixin.py:188} INFO - [2024-07-05T08:32:40.178+0000] {dag.py:3096} INFO - Sync 1 DAGs
[2024-07-05T08:32:40.186+0000] {logging_mixin.py:188} INFO - [2024-07-05T08:32:40.186+0000] {dag.py:3954} INFO - Setting next_dagrun for tutorial to 2024-07-04 00:00:00+00:00, run_after=2024-07-05 00:00:00+00:00
[2024-07-05T08:32:40.192+0000] {processor.py:183} INFO - Processing /home/airflow/.local/lib/python3.12/site-packages/airflow/example_dags/tutorial.py took 0.028 seconds
[2024-07-05T09:12:27.034+0000] {processor.py:161} INFO - Started process (PID=7479) to work on /home/airflow/.local/lib/python3.12/site-packages/airflow/example_dags/tutorial.py
[2024-07-05T09:12:27.034+0000] {processor.py:830} INFO - Processing file /home/airflow/.local/lib/python3.12/site-packages/airflow/example_dags/tutorial.py for tasks to queue
[2024-07-05T09:12:27.035+0000] {logging_mixin.py:188} INFO - [2024-07-05T09:12:27.035+0000] {dagbag.py:545} INFO - Filling up the DagBag from /home/airflow/.local/lib/python3.12/site-packages/airflow/example_dags/tutorial.py
[2024-07-05T09:12:27.037+0000] {processor.py:840} INFO - DAG(s) 'tutorial' retrieved from /home/airflow/.local/lib/python3.12/site-packages/airflow/example_dags/tutorial.py
[2024-07-05T09:12:27.044+0000] {logging_mixin.py:188} INFO - [2024-07-05T09:12:27.044+0000] {dag.py:3096} INFO - Sync 1 DAGs
[2024-07-05T09:12:27.052+0000] {logging_mixin.py:188} INFO - [2024-07-05T09:12:27.051+0000] {dag.py:3954} INFO - Setting next_dagrun for tutorial to 2024-07-04 00:00:00+00:00, run_after=2024-07-05 00:00:00+00:00
[2024-07-05T09:12:27.058+0000] {processor.py:183} INFO - Processing /home/airflow/.local/lib/python3.12/site-packages/airflow/example_dags/tutorial.py took 0.026 seconds
[2024-07-05T10:11:57.902+0000] {processor.py:161} INFO - Started process (PID=7531) to work on /home/airflow/.local/lib/python3.12/site-packages/airflow/example_dags/tutorial.py
[2024-07-05T10:11:57.902+0000] {processor.py:830} INFO - Processing file /home/airflow/.local/lib/python3.12/site-packages/airflow/example_dags/tutorial.py for tasks to queue
[2024-07-05T10:11:57.903+0000] {logging_mixin.py:188} INFO - [2024-07-05T10:11:57.903+0000] {dagbag.py:545} INFO - Filling up the DagBag from /home/airflow/.local/lib/python3.12/site-packages/airflow/example_dags/tutorial.py
[2024-07-05T10:11:57.905+0000] {processor.py:840} INFO - DAG(s) 'tutorial' retrieved from /home/airflow/.local/lib/python3.12/site-packages/airflow/example_dags/tutorial.py
[2024-07-05T10:11:57.913+0000] {logging_mixin.py:188} INFO - [2024-07-05T10:11:57.913+0000] {dag.py:3096} INFO - Sync 1 DAGs
[2024-07-05T10:11:57.921+0000] {logging_mixin.py:188} INFO - [2024-07-05T10:11:57.921+0000] {dag.py:3954} INFO - Setting next_dagrun for tutorial to 2024-07-04 00:00:00+00:00, run_after=2024-07-05 00:00:00+00:00
[2024-07-05T10:11:57.927+0000] {processor.py:183} INFO - Processing /home/airflow/.local/lib/python3.12/site-packages/airflow/example_dags/tutorial.py took 0.028 seconds
[2024-07-05T11:00:36.778+0000] {processor.py:161} INFO - Started process (PID=7589) to work on /home/airflow/.local/lib/python3.12/site-packages/airflow/example_dags/tutorial.py
[2024-07-05T11:00:36.778+0000] {processor.py:830} INFO - Processing file /home/airflow/.local/lib/python3.12/site-packages/airflow/example_dags/tutorial.py for tasks to queue
[2024-07-05T11:00:36.779+0000] {logging_mixin.py:188} INFO - [2024-07-05T11:00:36.779+0000] {dagbag.py:545} INFO - Filling up the DagBag from /home/airflow/.local/lib/python3.12/site-packages/airflow/example_dags/tutorial.py
[2024-07-05T11:00:36.781+0000] {processor.py:840} INFO - DAG(s) 'tutorial' retrieved from /home/airflow/.local/lib/python3.12/site-packages/airflow/example_dags/tutorial.py
[2024-07-05T11:00:36.789+0000] {logging_mixin.py:188} INFO - [2024-07-05T11:00:36.789+0000] {dag.py:3096} INFO - Sync 1 DAGs
[2024-07-05T11:00:36.797+0000] {logging_mixin.py:188} INFO - [2024-07-05T11:00:36.797+0000] {dag.py:3954} INFO - Setting next_dagrun for tutorial to 2024-07-04 00:00:00+00:00, run_after=2024-07-05 00:00:00+00:00
[2024-07-05T11:00:36.803+0000] {processor.py:183} INFO - Processing /home/airflow/.local/lib/python3.12/site-packages/airflow/example_dags/tutorial.py took 0.028 seconds
[2024-07-05T12:13:57.351+0000] {processor.py:161} INFO - Started process (PID=7647) to work on /home/airflow/.local/lib/python3.12/site-packages/airflow/example_dags/tutorial.py
[2024-07-05T12:13:57.351+0000] {processor.py:830} INFO - Processing file /home/airflow/.local/lib/python3.12/site-packages/airflow/example_dags/tutorial.py for tasks to queue
[2024-07-05T12:13:57.352+0000] {logging_mixin.py:188} INFO - [2024-07-05T12:13:57.352+0000] {dagbag.py:545} INFO - Filling up the DagBag from /home/airflow/.local/lib/python3.12/site-packages/airflow/example_dags/tutorial.py
[2024-07-05T12:13:57.355+0000] {processor.py:840} INFO - DAG(s) 'tutorial' retrieved from /home/airflow/.local/lib/python3.12/site-packages/airflow/example_dags/tutorial.py
[2024-07-05T12:13:57.363+0000] {logging_mixin.py:188} INFO - [2024-07-05T12:13:57.363+0000] {dag.py:3096} INFO - Sync 1 DAGs
[2024-07-05T12:13:57.370+0000] {logging_mixin.py:188} INFO - [2024-07-05T12:13:57.370+0000] {dag.py:3954} INFO - Setting next_dagrun for tutorial to 2024-07-04 00:00:00+00:00, run_after=2024-07-05 00:00:00+00:00
[2024-07-05T12:13:57.376+0000] {processor.py:183} INFO - Processing /home/airflow/.local/lib/python3.12/site-packages/airflow/example_dags/tutorial.py took 0.028 seconds
[2024-07-05T13:15:01.352+0000] {processor.py:161} INFO - Started process (PID=7705) to work on /home/airflow/.local/lib/python3.12/site-packages/airflow/example_dags/tutorial.py
[2024-07-05T13:15:01.353+0000] {processor.py:830} INFO - Processing file /home/airflow/.local/lib/python3.12/site-packages/airflow/example_dags/tutorial.py for tasks to queue
[2024-07-05T13:15:01.353+0000] {logging_mixin.py:188} INFO - [2024-07-05T13:15:01.353+0000] {dagbag.py:545} INFO - Filling up the DagBag from /home/airflow/.local/lib/python3.12/site-packages/airflow/example_dags/tutorial.py
[2024-07-05T13:15:01.356+0000] {processor.py:840} INFO - DAG(s) 'tutorial' retrieved from /home/airflow/.local/lib/python3.12/site-packages/airflow/example_dags/tutorial.py
[2024-07-05T13:15:01.363+0000] {logging_mixin.py:188} INFO - [2024-07-05T13:15:01.363+0000] {dag.py:3096} INFO - Sync 1 DAGs
[2024-07-05T13:15:01.370+0000] {logging_mixin.py:188} INFO - [2024-07-05T13:15:01.370+0000] {dag.py:3954} INFO - Setting next_dagrun for tutorial to 2024-07-04 00:00:00+00:00, run_after=2024-07-05 00:00:00+00:00
[2024-07-05T13:15:01.376+0000] {processor.py:183} INFO - Processing /home/airflow/.local/lib/python3.12/site-packages/airflow/example_dags/tutorial.py took 0.027 seconds
[2024-07-05T14:01:34.672+0000] {processor.py:161} INFO - Started process (PID=7769) to work on /home/airflow/.local/lib/python3.12/site-packages/airflow/example_dags/tutorial.py
[2024-07-05T14:01:34.673+0000] {processor.py:830} INFO - Processing file /home/airflow/.local/lib/python3.12/site-packages/airflow/example_dags/tutorial.py for tasks to queue
[2024-07-05T14:01:34.674+0000] {logging_mixin.py:188} INFO - [2024-07-05T14:01:34.673+0000] {dagbag.py:545} INFO - Filling up the DagBag from /home/airflow/.local/lib/python3.12/site-packages/airflow/example_dags/tutorial.py
[2024-07-05T14:01:34.676+0000] {processor.py:840} INFO - DAG(s) 'tutorial' retrieved from /home/airflow/.local/lib/python3.12/site-packages/airflow/example_dags/tutorial.py
[2024-07-05T14:01:34.683+0000] {logging_mixin.py:188} INFO - [2024-07-05T14:01:34.683+0000] {dag.py:3096} INFO - Sync 1 DAGs
[2024-07-05T14:01:34.691+0000] {logging_mixin.py:188} INFO - [2024-07-05T14:01:34.691+0000] {dag.py:3954} INFO - Setting next_dagrun for tutorial to 2024-07-04 00:00:00+00:00, run_after=2024-07-05 00:00:00+00:00
[2024-07-05T14:01:34.697+0000] {processor.py:183} INFO - Processing /home/airflow/.local/lib/python3.12/site-packages/airflow/example_dags/tutorial.py took 0.028 seconds
[2024-07-05T14:47:34.687+0000] {processor.py:161} INFO - Started process (PID=7821) to work on /home/airflow/.local/lib/python3.12/site-packages/airflow/example_dags/tutorial.py
[2024-07-05T14:47:34.689+0000] {processor.py:830} INFO - Processing file /home/airflow/.local/lib/python3.12/site-packages/airflow/example_dags/tutorial.py for tasks to queue
[2024-07-05T14:47:34.690+0000] {logging_mixin.py:188} INFO - [2024-07-05T14:47:34.690+0000] {dagbag.py:545} INFO - Filling up the DagBag from /home/airflow/.local/lib/python3.12/site-packages/airflow/example_dags/tutorial.py
[2024-07-05T14:47:34.692+0000] {processor.py:840} INFO - DAG(s) 'tutorial' retrieved from /home/airflow/.local/lib/python3.12/site-packages/airflow/example_dags/tutorial.py
[2024-07-05T14:47:34.700+0000] {logging_mixin.py:188} INFO - [2024-07-05T14:47:34.700+0000] {dag.py:3096} INFO - Sync 1 DAGs
[2024-07-05T14:47:34.708+0000] {logging_mixin.py:188} INFO - [2024-07-05T14:47:34.708+0000] {dag.py:3954} INFO - Setting next_dagrun for tutorial to 2024-07-04 00:00:00+00:00, run_after=2024-07-05 00:00:00+00:00
[2024-07-05T14:47:34.715+0000] {processor.py:183} INFO - Processing /home/airflow/.local/lib/python3.12/site-packages/airflow/example_dags/tutorial.py took 0.030 seconds
[2024-07-05T15:49:33.424+0000] {processor.py:161} INFO - Started process (PID=7879) to work on /home/airflow/.local/lib/python3.12/site-packages/airflow/example_dags/tutorial.py
[2024-07-05T15:49:33.425+0000] {processor.py:830} INFO - Processing file /home/airflow/.local/lib/python3.12/site-packages/airflow/example_dags/tutorial.py for tasks to queue
[2024-07-05T15:49:33.426+0000] {logging_mixin.py:188} INFO - [2024-07-05T15:49:33.426+0000] {dagbag.py:545} INFO - Filling up the DagBag from /home/airflow/.local/lib/python3.12/site-packages/airflow/example_dags/tutorial.py
[2024-07-05T15:49:33.428+0000] {processor.py:840} INFO - DAG(s) 'tutorial' retrieved from /home/airflow/.local/lib/python3.12/site-packages/airflow/example_dags/tutorial.py
[2024-07-05T15:49:33.436+0000] {logging_mixin.py:188} INFO - [2024-07-05T15:49:33.436+0000] {dag.py:3096} INFO - Sync 1 DAGs
[2024-07-05T15:49:33.443+0000] {logging_mixin.py:188} INFO - [2024-07-05T15:49:33.443+0000] {dag.py:3954} INFO - Setting next_dagrun for tutorial to 2024-07-04 00:00:00+00:00, run_after=2024-07-05 00:00:00+00:00
[2024-07-05T15:49:33.450+0000] {processor.py:183} INFO - Processing /home/airflow/.local/lib/python3.12/site-packages/airflow/example_dags/tutorial.py took 0.028 seconds
[2024-07-05T17:06:00.714+0000] {processor.py:161} INFO - Started process (PID=7943) to work on /home/airflow/.local/lib/python3.12/site-packages/airflow/example_dags/tutorial.py
[2024-07-05T17:06:00.714+0000] {processor.py:830} INFO - Processing file /home/airflow/.local/lib/python3.12/site-packages/airflow/example_dags/tutorial.py for tasks to queue
[2024-07-05T17:06:00.715+0000] {logging_mixin.py:188} INFO - [2024-07-05T17:06:00.715+0000] {dagbag.py:545} INFO - Filling up the DagBag from /home/airflow/.local/lib/python3.12/site-packages/airflow/example_dags/tutorial.py
[2024-07-05T17:06:00.717+0000] {processor.py:840} INFO - DAG(s) 'tutorial' retrieved from /home/airflow/.local/lib/python3.12/site-packages/airflow/example_dags/tutorial.py
[2024-07-05T17:06:00.725+0000] {logging_mixin.py:188} INFO - [2024-07-05T17:06:00.725+0000] {dag.py:3096} INFO - Sync 1 DAGs
[2024-07-05T17:06:00.733+0000] {logging_mixin.py:188} INFO - [2024-07-05T17:06:00.733+0000] {dag.py:3954} INFO - Setting next_dagrun for tutorial to 2024-07-04 00:00:00+00:00, run_after=2024-07-05 00:00:00+00:00
[2024-07-05T17:06:00.739+0000] {processor.py:183} INFO - Processing /home/airflow/.local/lib/python3.12/site-packages/airflow/example_dags/tutorial.py took 0.028 seconds
[2024-07-05T18:15:52.188+0000] {processor.py:161} INFO - Started process (PID=8001) to work on /home/airflow/.local/lib/python3.12/site-packages/airflow/example_dags/tutorial.py
[2024-07-05T18:15:52.189+0000] {processor.py:830} INFO - Processing file /home/airflow/.local/lib/python3.12/site-packages/airflow/example_dags/tutorial.py for tasks to queue
[2024-07-05T18:15:52.189+0000] {logging_mixin.py:188} INFO - [2024-07-05T18:15:52.189+0000] {dagbag.py:545} INFO - Filling up the DagBag from /home/airflow/.local/lib/python3.12/site-packages/airflow/example_dags/tutorial.py
[2024-07-05T18:15:52.191+0000] {processor.py:840} INFO - DAG(s) 'tutorial' retrieved from /home/airflow/.local/lib/python3.12/site-packages/airflow/example_dags/tutorial.py
[2024-07-05T18:15:52.199+0000] {logging_mixin.py:188} INFO - [2024-07-05T18:15:52.199+0000] {dag.py:3096} INFO - Sync 1 DAGs
[2024-07-05T18:15:52.207+0000] {logging_mixin.py:188} INFO - [2024-07-05T18:15:52.207+0000] {dag.py:3954} INFO - Setting next_dagrun for tutorial to 2024-07-04 00:00:00+00:00, run_after=2024-07-05 00:00:00+00:00
[2024-07-05T18:15:52.214+0000] {processor.py:183} INFO - Processing /home/airflow/.local/lib/python3.12/site-packages/airflow/example_dags/tutorial.py took 0.028 seconds
[2024-07-05T19:56:48.681+0000] {processor.py:161} INFO - Started process (PID=8053) to work on /home/airflow/.local/lib/python3.12/site-packages/airflow/example_dags/tutorial.py
[2024-07-05T19:56:48.682+0000] {processor.py:830} INFO - Processing file /home/airflow/.local/lib/python3.12/site-packages/airflow/example_dags/tutorial.py for tasks to queue
[2024-07-05T19:56:48.683+0000] {logging_mixin.py:188} INFO - [2024-07-05T19:56:48.682+0000] {dagbag.py:545} INFO - Filling up the DagBag from /home/airflow/.local/lib/python3.12/site-packages/airflow/example_dags/tutorial.py
[2024-07-05T19:56:48.685+0000] {processor.py:840} INFO - DAG(s) 'tutorial' retrieved from /home/airflow/.local/lib/python3.12/site-packages/airflow/example_dags/tutorial.py
[2024-07-05T19:56:48.692+0000] {logging_mixin.py:188} INFO - [2024-07-05T19:56:48.692+0000] {dag.py:3096} INFO - Sync 1 DAGs
[2024-07-05T19:56:48.699+0000] {logging_mixin.py:188} INFO - [2024-07-05T19:56:48.699+0000] {dag.py:3954} INFO - Setting next_dagrun for tutorial to 2024-07-04 00:00:00+00:00, run_after=2024-07-05 00:00:00+00:00
[2024-07-05T19:56:48.705+0000] {processor.py:183} INFO - Processing /home/airflow/.local/lib/python3.12/site-packages/airflow/example_dags/tutorial.py took 0.026 seconds
[2024-07-05T21:19:03.593+0000] {processor.py:161} INFO - Started process (PID=8110) to work on /home/airflow/.local/lib/python3.12/site-packages/airflow/example_dags/tutorial.py
[2024-07-05T21:19:03.593+0000] {processor.py:830} INFO - Processing file /home/airflow/.local/lib/python3.12/site-packages/airflow/example_dags/tutorial.py for tasks to queue
[2024-07-05T21:19:03.594+0000] {logging_mixin.py:188} INFO - [2024-07-05T21:19:03.594+0000] {dagbag.py:545} INFO - Filling up the DagBag from /home/airflow/.local/lib/python3.12/site-packages/airflow/example_dags/tutorial.py
[2024-07-05T21:19:03.597+0000] {processor.py:840} INFO - DAG(s) 'tutorial' retrieved from /home/airflow/.local/lib/python3.12/site-packages/airflow/example_dags/tutorial.py
[2024-07-05T21:19:03.605+0000] {logging_mixin.py:188} INFO - [2024-07-05T21:19:03.605+0000] {dag.py:3096} INFO - Sync 1 DAGs
[2024-07-05T21:19:03.613+0000] {logging_mixin.py:188} INFO - [2024-07-05T21:19:03.613+0000] {dag.py:3954} INFO - Setting next_dagrun for tutorial to 2024-07-04 00:00:00+00:00, run_after=2024-07-05 00:00:00+00:00
[2024-07-05T21:19:03.619+0000] {processor.py:183} INFO - Processing /home/airflow/.local/lib/python3.12/site-packages/airflow/example_dags/tutorial.py took 0.029 seconds
[2024-07-05T22:43:31.500+0000] {processor.py:161} INFO - Started process (PID=8174) to work on /home/airflow/.local/lib/python3.12/site-packages/airflow/example_dags/tutorial.py
[2024-07-05T22:43:31.500+0000] {processor.py:830} INFO - Processing file /home/airflow/.local/lib/python3.12/site-packages/airflow/example_dags/tutorial.py for tasks to queue
[2024-07-05T22:43:31.501+0000] {logging_mixin.py:188} INFO - [2024-07-05T22:43:31.501+0000] {dagbag.py:545} INFO - Filling up the DagBag from /home/airflow/.local/lib/python3.12/site-packages/airflow/example_dags/tutorial.py
[2024-07-05T22:43:31.503+0000] {processor.py:840} INFO - DAG(s) 'tutorial' retrieved from /home/airflow/.local/lib/python3.12/site-packages/airflow/example_dags/tutorial.py
[2024-07-05T22:43:31.511+0000] {logging_mixin.py:188} INFO - [2024-07-05T22:43:31.511+0000] {dag.py:3096} INFO - Sync 1 DAGs
[2024-07-05T22:43:31.519+0000] {logging_mixin.py:188} INFO - [2024-07-05T22:43:31.519+0000] {dag.py:3954} INFO - Setting next_dagrun for tutorial to 2024-07-04 00:00:00+00:00, run_after=2024-07-05 00:00:00+00:00
[2024-07-05T22:43:31.526+0000] {processor.py:183} INFO - Processing /home/airflow/.local/lib/python3.12/site-packages/airflow/example_dags/tutorial.py took 0.029 seconds
