[2024-07-04T00:20:54.069+0000] {processor.py:161} INFO - Started process (PID=4468) to work on /home/airflow/.local/lib/python3.12/site-packages/airflow/example_dags/example_task_group.py
[2024-07-04T00:20:54.069+0000] {processor.py:830} INFO - Processing file /home/airflow/.local/lib/python3.12/site-packages/airflow/example_dags/example_task_group.py for tasks to queue
[2024-07-04T00:20:54.070+0000] {logging_mixin.py:188} INFO - [2024-07-04T00:20:54.070+0000] {dagbag.py:545} INFO - Filling up the DagBag from /home/airflow/.local/lib/python3.12/site-packages/airflow/example_dags/example_task_group.py
[2024-07-04T00:20:54.073+0000] {processor.py:840} INFO - DAG(s) 'example_task_group' retrieved from /home/airflow/.local/lib/python3.12/site-packages/airflow/example_dags/example_task_group.py
[2024-07-04T00:20:54.081+0000] {logging_mixin.py:188} INFO - [2024-07-04T00:20:54.081+0000] {dag.py:3096} INFO - Sync 1 DAGs
[2024-07-04T00:20:54.089+0000] {logging_mixin.py:188} INFO - [2024-07-04T00:20:54.089+0000] {dag.py:3954} INFO - Setting next_dagrun for example_task_group to 2024-07-03 00:00:00+00:00, run_after=2024-07-04 00:00:00+00:00
[2024-07-04T00:20:54.095+0000] {processor.py:183} INFO - Processing /home/airflow/.local/lib/python3.12/site-packages/airflow/example_dags/example_task_group.py took 0.028 seconds
[2024-07-04T00:32:44.621+0000] {processor.py:161} INFO - Started process (PID=4526) to work on /home/airflow/.local/lib/python3.12/site-packages/airflow/example_dags/example_task_group.py
[2024-07-04T00:32:44.621+0000] {processor.py:830} INFO - Processing file /home/airflow/.local/lib/python3.12/site-packages/airflow/example_dags/example_task_group.py for tasks to queue
[2024-07-04T00:32:44.622+0000] {logging_mixin.py:188} INFO - [2024-07-04T00:32:44.622+0000] {dagbag.py:545} INFO - Filling up the DagBag from /home/airflow/.local/lib/python3.12/site-packages/airflow/example_dags/example_task_group.py
[2024-07-04T00:32:44.624+0000] {processor.py:840} INFO - DAG(s) 'example_task_group' retrieved from /home/airflow/.local/lib/python3.12/site-packages/airflow/example_dags/example_task_group.py
[2024-07-04T00:32:44.632+0000] {logging_mixin.py:188} INFO - [2024-07-04T00:32:44.632+0000] {dag.py:3096} INFO - Sync 1 DAGs
[2024-07-04T00:32:44.639+0000] {logging_mixin.py:188} INFO - [2024-07-04T00:32:44.639+0000] {dag.py:3954} INFO - Setting next_dagrun for example_task_group to 2024-07-03 00:00:00+00:00, run_after=2024-07-04 00:00:00+00:00
[2024-07-04T00:32:44.645+0000] {processor.py:183} INFO - Processing /home/airflow/.local/lib/python3.12/site-packages/airflow/example_dags/example_task_group.py took 0.026 seconds
[2024-07-04T01:04:10.479+0000] {processor.py:161} INFO - Started process (PID=4584) to work on /home/airflow/.local/lib/python3.12/site-packages/airflow/example_dags/example_task_group.py
[2024-07-04T01:04:10.479+0000] {processor.py:830} INFO - Processing file /home/airflow/.local/lib/python3.12/site-packages/airflow/example_dags/example_task_group.py for tasks to queue
[2024-07-04T01:04:10.480+0000] {logging_mixin.py:188} INFO - [2024-07-04T01:04:10.479+0000] {dagbag.py:545} INFO - Filling up the DagBag from /home/airflow/.local/lib/python3.12/site-packages/airflow/example_dags/example_task_group.py
[2024-07-04T01:04:10.483+0000] {processor.py:840} INFO - DAG(s) 'example_task_group' retrieved from /home/airflow/.local/lib/python3.12/site-packages/airflow/example_dags/example_task_group.py
[2024-07-04T01:04:10.491+0000] {logging_mixin.py:188} INFO - [2024-07-04T01:04:10.491+0000] {dag.py:3096} INFO - Sync 1 DAGs
[2024-07-04T01:04:10.498+0000] {logging_mixin.py:188} INFO - [2024-07-04T01:04:10.498+0000] {dag.py:3954} INFO - Setting next_dagrun for example_task_group to 2024-07-03 00:00:00+00:00, run_after=2024-07-04 00:00:00+00:00
[2024-07-04T01:04:10.505+0000] {processor.py:183} INFO - Processing /home/airflow/.local/lib/python3.12/site-packages/airflow/example_dags/example_task_group.py took 0.028 seconds
[2024-07-04T01:43:14.500+0000] {processor.py:161} INFO - Started process (PID=4642) to work on /home/airflow/.local/lib/python3.12/site-packages/airflow/example_dags/example_task_group.py
[2024-07-04T01:43:14.500+0000] {processor.py:830} INFO - Processing file /home/airflow/.local/lib/python3.12/site-packages/airflow/example_dags/example_task_group.py for tasks to queue
[2024-07-04T01:43:14.501+0000] {logging_mixin.py:188} INFO - [2024-07-04T01:43:14.501+0000] {dagbag.py:545} INFO - Filling up the DagBag from /home/airflow/.local/lib/python3.12/site-packages/airflow/example_dags/example_task_group.py
[2024-07-04T01:43:14.504+0000] {processor.py:840} INFO - DAG(s) 'example_task_group' retrieved from /home/airflow/.local/lib/python3.12/site-packages/airflow/example_dags/example_task_group.py
[2024-07-04T01:43:14.512+0000] {logging_mixin.py:188} INFO - [2024-07-04T01:43:14.512+0000] {dag.py:3096} INFO - Sync 1 DAGs
[2024-07-04T01:43:14.519+0000] {logging_mixin.py:188} INFO - [2024-07-04T01:43:14.519+0000] {dag.py:3954} INFO - Setting next_dagrun for example_task_group to 2024-07-03 00:00:00+00:00, run_after=2024-07-04 00:00:00+00:00
[2024-07-04T01:43:14.527+0000] {processor.py:183} INFO - Processing /home/airflow/.local/lib/python3.12/site-packages/airflow/example_dags/example_task_group.py took 0.029 seconds
[2024-07-04T02:07:15.712+0000] {processor.py:161} INFO - Started process (PID=4700) to work on /home/airflow/.local/lib/python3.12/site-packages/airflow/example_dags/example_task_group.py
[2024-07-04T02:07:15.713+0000] {processor.py:830} INFO - Processing file /home/airflow/.local/lib/python3.12/site-packages/airflow/example_dags/example_task_group.py for tasks to queue
[2024-07-04T02:07:15.713+0000] {logging_mixin.py:188} INFO - [2024-07-04T02:07:15.713+0000] {dagbag.py:545} INFO - Filling up the DagBag from /home/airflow/.local/lib/python3.12/site-packages/airflow/example_dags/example_task_group.py
[2024-07-04T02:07:15.717+0000] {processor.py:840} INFO - DAG(s) 'example_task_group' retrieved from /home/airflow/.local/lib/python3.12/site-packages/airflow/example_dags/example_task_group.py
[2024-07-04T02:07:15.725+0000] {logging_mixin.py:188} INFO - [2024-07-04T02:07:15.725+0000] {dag.py:3096} INFO - Sync 1 DAGs
[2024-07-04T02:07:15.733+0000] {logging_mixin.py:188} INFO - [2024-07-04T02:07:15.733+0000] {dag.py:3954} INFO - Setting next_dagrun for example_task_group to 2024-07-03 00:00:00+00:00, run_after=2024-07-04 00:00:00+00:00
[2024-07-04T02:07:15.739+0000] {processor.py:183} INFO - Processing /home/airflow/.local/lib/python3.12/site-packages/airflow/example_dags/example_task_group.py took 0.030 seconds
[2024-07-04T02:42:01.873+0000] {processor.py:161} INFO - Started process (PID=4758) to work on /home/airflow/.local/lib/python3.12/site-packages/airflow/example_dags/example_task_group.py
[2024-07-04T02:42:01.874+0000] {processor.py:830} INFO - Processing file /home/airflow/.local/lib/python3.12/site-packages/airflow/example_dags/example_task_group.py for tasks to queue
[2024-07-04T02:42:01.875+0000] {logging_mixin.py:188} INFO - [2024-07-04T02:42:01.874+0000] {dagbag.py:545} INFO - Filling up the DagBag from /home/airflow/.local/lib/python3.12/site-packages/airflow/example_dags/example_task_group.py
[2024-07-04T02:42:01.878+0000] {processor.py:840} INFO - DAG(s) 'example_task_group' retrieved from /home/airflow/.local/lib/python3.12/site-packages/airflow/example_dags/example_task_group.py
[2024-07-04T02:42:01.886+0000] {logging_mixin.py:188} INFO - [2024-07-04T02:42:01.886+0000] {dag.py:3096} INFO - Sync 1 DAGs
[2024-07-04T02:42:01.894+0000] {logging_mixin.py:188} INFO - [2024-07-04T02:42:01.894+0000] {dag.py:3954} INFO - Setting next_dagrun for example_task_group to 2024-07-03 00:00:00+00:00, run_after=2024-07-04 00:00:00+00:00
[2024-07-04T02:42:01.900+0000] {processor.py:183} INFO - Processing /home/airflow/.local/lib/python3.12/site-packages/airflow/example_dags/example_task_group.py took 0.029 seconds
[2024-07-04T02:44:45.707+0000] {processor.py:161} INFO - Started process (PID=4816) to work on /home/airflow/.local/lib/python3.12/site-packages/airflow/example_dags/example_task_group.py
[2024-07-04T02:44:45.707+0000] {processor.py:830} INFO - Processing file /home/airflow/.local/lib/python3.12/site-packages/airflow/example_dags/example_task_group.py for tasks to queue
[2024-07-04T02:44:45.708+0000] {logging_mixin.py:188} INFO - [2024-07-04T02:44:45.708+0000] {dagbag.py:545} INFO - Filling up the DagBag from /home/airflow/.local/lib/python3.12/site-packages/airflow/example_dags/example_task_group.py
[2024-07-04T02:44:45.711+0000] {processor.py:840} INFO - DAG(s) 'example_task_group' retrieved from /home/airflow/.local/lib/python3.12/site-packages/airflow/example_dags/example_task_group.py
[2024-07-04T02:44:45.719+0000] {logging_mixin.py:188} INFO - [2024-07-04T02:44:45.719+0000] {dag.py:3096} INFO - Sync 1 DAGs
[2024-07-04T02:44:45.727+0000] {logging_mixin.py:188} INFO - [2024-07-04T02:44:45.727+0000] {dag.py:3954} INFO - Setting next_dagrun for example_task_group to 2024-07-03 00:00:00+00:00, run_after=2024-07-04 00:00:00+00:00
[2024-07-04T02:44:45.733+0000] {processor.py:183} INFO - Processing /home/airflow/.local/lib/python3.12/site-packages/airflow/example_dags/example_task_group.py took 0.029 seconds
[2024-07-04T03:05:27.357+0000] {processor.py:161} INFO - Started process (PID=4874) to work on /home/airflow/.local/lib/python3.12/site-packages/airflow/example_dags/example_task_group.py
[2024-07-04T03:05:27.357+0000] {processor.py:830} INFO - Processing file /home/airflow/.local/lib/python3.12/site-packages/airflow/example_dags/example_task_group.py for tasks to queue
[2024-07-04T03:05:27.358+0000] {logging_mixin.py:188} INFO - [2024-07-04T03:05:27.358+0000] {dagbag.py:545} INFO - Filling up the DagBag from /home/airflow/.local/lib/python3.12/site-packages/airflow/example_dags/example_task_group.py
[2024-07-04T03:05:27.361+0000] {processor.py:840} INFO - DAG(s) 'example_task_group' retrieved from /home/airflow/.local/lib/python3.12/site-packages/airflow/example_dags/example_task_group.py
[2024-07-04T03:05:27.370+0000] {logging_mixin.py:188} INFO - [2024-07-04T03:05:27.370+0000] {dag.py:3096} INFO - Sync 1 DAGs
[2024-07-04T03:05:27.378+0000] {logging_mixin.py:188} INFO - [2024-07-04T03:05:27.378+0000] {dag.py:3954} INFO - Setting next_dagrun for example_task_group to 2024-07-03 00:00:00+00:00, run_after=2024-07-04 00:00:00+00:00
[2024-07-04T03:05:27.384+0000] {processor.py:183} INFO - Processing /home/airflow/.local/lib/python3.12/site-packages/airflow/example_dags/example_task_group.py took 0.029 seconds
[2024-07-04T04:00:03.323+0000] {processor.py:161} INFO - Started process (PID=4932) to work on /home/airflow/.local/lib/python3.12/site-packages/airflow/example_dags/example_task_group.py
[2024-07-04T04:00:03.324+0000] {processor.py:830} INFO - Processing file /home/airflow/.local/lib/python3.12/site-packages/airflow/example_dags/example_task_group.py for tasks to queue
[2024-07-04T04:00:03.324+0000] {logging_mixin.py:188} INFO - [2024-07-04T04:00:03.324+0000] {dagbag.py:545} INFO - Filling up the DagBag from /home/airflow/.local/lib/python3.12/site-packages/airflow/example_dags/example_task_group.py
[2024-07-04T04:00:03.328+0000] {processor.py:840} INFO - DAG(s) 'example_task_group' retrieved from /home/airflow/.local/lib/python3.12/site-packages/airflow/example_dags/example_task_group.py
[2024-07-04T04:00:03.337+0000] {logging_mixin.py:188} INFO - [2024-07-04T04:00:03.337+0000] {dag.py:3096} INFO - Sync 1 DAGs
[2024-07-04T04:00:03.345+0000] {logging_mixin.py:188} INFO - [2024-07-04T04:00:03.345+0000] {dag.py:3954} INFO - Setting next_dagrun for example_task_group to 2024-07-03 00:00:00+00:00, run_after=2024-07-04 00:00:00+00:00
[2024-07-04T04:00:03.352+0000] {processor.py:183} INFO - Processing /home/airflow/.local/lib/python3.12/site-packages/airflow/example_dags/example_task_group.py took 0.031 seconds
[2024-07-04T04:31:26.254+0000] {processor.py:161} INFO - Started process (PID=4990) to work on /home/airflow/.local/lib/python3.12/site-packages/airflow/example_dags/example_task_group.py
[2024-07-04T04:31:26.254+0000] {processor.py:830} INFO - Processing file /home/airflow/.local/lib/python3.12/site-packages/airflow/example_dags/example_task_group.py for tasks to queue
[2024-07-04T04:31:26.255+0000] {logging_mixin.py:188} INFO - [2024-07-04T04:31:26.254+0000] {dagbag.py:545} INFO - Filling up the DagBag from /home/airflow/.local/lib/python3.12/site-packages/airflow/example_dags/example_task_group.py
[2024-07-04T04:31:26.258+0000] {processor.py:840} INFO - DAG(s) 'example_task_group' retrieved from /home/airflow/.local/lib/python3.12/site-packages/airflow/example_dags/example_task_group.py
[2024-07-04T04:31:26.265+0000] {logging_mixin.py:188} INFO - [2024-07-04T04:31:26.265+0000] {dag.py:3096} INFO - Sync 1 DAGs
[2024-07-04T04:31:26.273+0000] {logging_mixin.py:188} INFO - [2024-07-04T04:31:26.273+0000] {dag.py:3954} INFO - Setting next_dagrun for example_task_group to 2024-07-03 00:00:00+00:00, run_after=2024-07-04 00:00:00+00:00
[2024-07-04T04:31:26.280+0000] {processor.py:183} INFO - Processing /home/airflow/.local/lib/python3.12/site-packages/airflow/example_dags/example_task_group.py took 0.028 seconds
[2024-07-04T05:07:27.715+0000] {processor.py:161} INFO - Started process (PID=5048) to work on /home/airflow/.local/lib/python3.12/site-packages/airflow/example_dags/example_task_group.py
[2024-07-04T05:07:27.716+0000] {processor.py:830} INFO - Processing file /home/airflow/.local/lib/python3.12/site-packages/airflow/example_dags/example_task_group.py for tasks to queue
[2024-07-04T05:07:27.716+0000] {logging_mixin.py:188} INFO - [2024-07-04T05:07:27.716+0000] {dagbag.py:545} INFO - Filling up the DagBag from /home/airflow/.local/lib/python3.12/site-packages/airflow/example_dags/example_task_group.py
[2024-07-04T05:07:27.719+0000] {processor.py:840} INFO - DAG(s) 'example_task_group' retrieved from /home/airflow/.local/lib/python3.12/site-packages/airflow/example_dags/example_task_group.py
[2024-07-04T05:07:27.728+0000] {logging_mixin.py:188} INFO - [2024-07-04T05:07:27.728+0000] {dag.py:3096} INFO - Sync 1 DAGs
[2024-07-04T05:07:27.736+0000] {logging_mixin.py:188} INFO - [2024-07-04T05:07:27.736+0000] {dag.py:3954} INFO - Setting next_dagrun for example_task_group to 2024-07-03 00:00:00+00:00, run_after=2024-07-04 00:00:00+00:00
[2024-07-04T05:07:27.743+0000] {processor.py:183} INFO - Processing /home/airflow/.local/lib/python3.12/site-packages/airflow/example_dags/example_task_group.py took 0.030 seconds
[2024-07-04T06:06:29.130+0000] {processor.py:161} INFO - Started process (PID=5106) to work on /home/airflow/.local/lib/python3.12/site-packages/airflow/example_dags/example_task_group.py
[2024-07-04T06:06:29.130+0000] {processor.py:830} INFO - Processing file /home/airflow/.local/lib/python3.12/site-packages/airflow/example_dags/example_task_group.py for tasks to queue
[2024-07-04T06:06:29.131+0000] {logging_mixin.py:188} INFO - [2024-07-04T06:06:29.131+0000] {dagbag.py:545} INFO - Filling up the DagBag from /home/airflow/.local/lib/python3.12/site-packages/airflow/example_dags/example_task_group.py
[2024-07-04T06:06:29.134+0000] {processor.py:840} INFO - DAG(s) 'example_task_group' retrieved from /home/airflow/.local/lib/python3.12/site-packages/airflow/example_dags/example_task_group.py
[2024-07-04T06:06:29.142+0000] {logging_mixin.py:188} INFO - [2024-07-04T06:06:29.142+0000] {dag.py:3096} INFO - Sync 1 DAGs
[2024-07-04T06:06:29.151+0000] {logging_mixin.py:188} INFO - [2024-07-04T06:06:29.151+0000] {dag.py:3954} INFO - Setting next_dagrun for example_task_group to 2024-07-03 00:00:00+00:00, run_after=2024-07-04 00:00:00+00:00
[2024-07-04T06:06:29.158+0000] {processor.py:183} INFO - Processing /home/airflow/.local/lib/python3.12/site-packages/airflow/example_dags/example_task_group.py took 0.031 seconds
[2024-07-04T06:24:42.275+0000] {processor.py:161} INFO - Started process (PID=5164) to work on /home/airflow/.local/lib/python3.12/site-packages/airflow/example_dags/example_task_group.py
[2024-07-04T06:24:42.275+0000] {processor.py:830} INFO - Processing file /home/airflow/.local/lib/python3.12/site-packages/airflow/example_dags/example_task_group.py for tasks to queue
[2024-07-04T06:24:42.276+0000] {logging_mixin.py:188} INFO - [2024-07-04T06:24:42.276+0000] {dagbag.py:545} INFO - Filling up the DagBag from /home/airflow/.local/lib/python3.12/site-packages/airflow/example_dags/example_task_group.py
[2024-07-04T06:24:42.280+0000] {processor.py:840} INFO - DAG(s) 'example_task_group' retrieved from /home/airflow/.local/lib/python3.12/site-packages/airflow/example_dags/example_task_group.py
[2024-07-04T06:24:42.289+0000] {logging_mixin.py:188} INFO - [2024-07-04T06:24:42.288+0000] {dag.py:3096} INFO - Sync 1 DAGs
[2024-07-04T06:24:42.297+0000] {logging_mixin.py:188} INFO - [2024-07-04T06:24:42.297+0000] {dag.py:3954} INFO - Setting next_dagrun for example_task_group to 2024-07-03 00:00:00+00:00, run_after=2024-07-04 00:00:00+00:00
[2024-07-04T06:24:42.304+0000] {processor.py:183} INFO - Processing /home/airflow/.local/lib/python3.12/site-packages/airflow/example_dags/example_task_group.py took 0.031 seconds
[2024-07-04T07:07:24.815+0000] {processor.py:161} INFO - Started process (PID=5222) to work on /home/airflow/.local/lib/python3.12/site-packages/airflow/example_dags/example_task_group.py
[2024-07-04T07:07:24.815+0000] {processor.py:830} INFO - Processing file /home/airflow/.local/lib/python3.12/site-packages/airflow/example_dags/example_task_group.py for tasks to queue
[2024-07-04T07:07:24.816+0000] {logging_mixin.py:188} INFO - [2024-07-04T07:07:24.816+0000] {dagbag.py:545} INFO - Filling up the DagBag from /home/airflow/.local/lib/python3.12/site-packages/airflow/example_dags/example_task_group.py
[2024-07-04T07:07:24.819+0000] {processor.py:840} INFO - DAG(s) 'example_task_group' retrieved from /home/airflow/.local/lib/python3.12/site-packages/airflow/example_dags/example_task_group.py
[2024-07-04T07:07:24.830+0000] {logging_mixin.py:188} INFO - [2024-07-04T07:07:24.830+0000] {dag.py:3096} INFO - Sync 1 DAGs
[2024-07-04T07:07:24.839+0000] {logging_mixin.py:188} INFO - [2024-07-04T07:07:24.839+0000] {dag.py:3954} INFO - Setting next_dagrun for example_task_group to 2024-07-03 00:00:00+00:00, run_after=2024-07-04 00:00:00+00:00
[2024-07-04T07:07:24.846+0000] {processor.py:183} INFO - Processing /home/airflow/.local/lib/python3.12/site-packages/airflow/example_dags/example_task_group.py took 0.034 seconds
[2024-07-04T07:10:36.054+0000] {processor.py:161} INFO - Started process (PID=5280) to work on /home/airflow/.local/lib/python3.12/site-packages/airflow/example_dags/example_task_group.py
[2024-07-04T07:10:36.054+0000] {processor.py:830} INFO - Processing file /home/airflow/.local/lib/python3.12/site-packages/airflow/example_dags/example_task_group.py for tasks to queue
[2024-07-04T07:10:36.055+0000] {logging_mixin.py:188} INFO - [2024-07-04T07:10:36.055+0000] {dagbag.py:545} INFO - Filling up the DagBag from /home/airflow/.local/lib/python3.12/site-packages/airflow/example_dags/example_task_group.py
[2024-07-04T07:10:36.058+0000] {processor.py:840} INFO - DAG(s) 'example_task_group' retrieved from /home/airflow/.local/lib/python3.12/site-packages/airflow/example_dags/example_task_group.py
[2024-07-04T07:10:36.066+0000] {logging_mixin.py:188} INFO - [2024-07-04T07:10:36.066+0000] {dag.py:3096} INFO - Sync 1 DAGs
[2024-07-04T07:10:36.074+0000] {logging_mixin.py:188} INFO - [2024-07-04T07:10:36.074+0000] {dag.py:3954} INFO - Setting next_dagrun for example_task_group to 2024-07-03 00:00:00+00:00, run_after=2024-07-04 00:00:00+00:00
[2024-07-04T07:10:36.080+0000] {processor.py:183} INFO - Processing /home/airflow/.local/lib/python3.12/site-packages/airflow/example_dags/example_task_group.py took 0.028 seconds
[2024-07-04T07:18:42.914+0000] {processor.py:161} INFO - Started process (PID=5338) to work on /home/airflow/.local/lib/python3.12/site-packages/airflow/example_dags/example_task_group.py
[2024-07-04T07:18:42.914+0000] {processor.py:830} INFO - Processing file /home/airflow/.local/lib/python3.12/site-packages/airflow/example_dags/example_task_group.py for tasks to queue
[2024-07-04T07:18:42.915+0000] {logging_mixin.py:188} INFO - [2024-07-04T07:18:42.915+0000] {dagbag.py:545} INFO - Filling up the DagBag from /home/airflow/.local/lib/python3.12/site-packages/airflow/example_dags/example_task_group.py
[2024-07-04T07:18:42.918+0000] {processor.py:840} INFO - DAG(s) 'example_task_group' retrieved from /home/airflow/.local/lib/python3.12/site-packages/airflow/example_dags/example_task_group.py
[2024-07-04T07:18:42.926+0000] {logging_mixin.py:188} INFO - [2024-07-04T07:18:42.926+0000] {dag.py:3096} INFO - Sync 1 DAGs
[2024-07-04T07:18:42.934+0000] {logging_mixin.py:188} INFO - [2024-07-04T07:18:42.934+0000] {dag.py:3954} INFO - Setting next_dagrun for example_task_group to 2024-07-03 00:00:00+00:00, run_after=2024-07-04 00:00:00+00:00
[2024-07-04T07:18:42.940+0000] {processor.py:183} INFO - Processing /home/airflow/.local/lib/python3.12/site-packages/airflow/example_dags/example_task_group.py took 0.029 seconds
[2024-07-04T07:58:28.494+0000] {processor.py:161} INFO - Started process (PID=5396) to work on /home/airflow/.local/lib/python3.12/site-packages/airflow/example_dags/example_task_group.py
[2024-07-04T07:58:28.494+0000] {processor.py:830} INFO - Processing file /home/airflow/.local/lib/python3.12/site-packages/airflow/example_dags/example_task_group.py for tasks to queue
[2024-07-04T07:58:28.495+0000] {logging_mixin.py:188} INFO - [2024-07-04T07:58:28.495+0000] {dagbag.py:545} INFO - Filling up the DagBag from /home/airflow/.local/lib/python3.12/site-packages/airflow/example_dags/example_task_group.py
[2024-07-04T07:58:28.498+0000] {processor.py:840} INFO - DAG(s) 'example_task_group' retrieved from /home/airflow/.local/lib/python3.12/site-packages/airflow/example_dags/example_task_group.py
[2024-07-04T07:58:28.507+0000] {logging_mixin.py:188} INFO - [2024-07-04T07:58:28.507+0000] {dag.py:3096} INFO - Sync 1 DAGs
[2024-07-04T07:58:28.515+0000] {logging_mixin.py:188} INFO - [2024-07-04T07:58:28.515+0000] {dag.py:3954} INFO - Setting next_dagrun for example_task_group to 2024-07-03 00:00:00+00:00, run_after=2024-07-04 00:00:00+00:00
[2024-07-04T07:58:28.521+0000] {processor.py:183} INFO - Processing /home/airflow/.local/lib/python3.12/site-packages/airflow/example_dags/example_task_group.py took 0.029 seconds
[2024-07-04T08:28:08.475+0000] {processor.py:161} INFO - Started process (PID=5454) to work on /home/airflow/.local/lib/python3.12/site-packages/airflow/example_dags/example_task_group.py
[2024-07-04T08:28:08.475+0000] {processor.py:830} INFO - Processing file /home/airflow/.local/lib/python3.12/site-packages/airflow/example_dags/example_task_group.py for tasks to queue
[2024-07-04T08:28:08.476+0000] {logging_mixin.py:188} INFO - [2024-07-04T08:28:08.476+0000] {dagbag.py:545} INFO - Filling up the DagBag from /home/airflow/.local/lib/python3.12/site-packages/airflow/example_dags/example_task_group.py
[2024-07-04T08:28:08.479+0000] {processor.py:840} INFO - DAG(s) 'example_task_group' retrieved from /home/airflow/.local/lib/python3.12/site-packages/airflow/example_dags/example_task_group.py
[2024-07-04T08:28:08.487+0000] {logging_mixin.py:188} INFO - [2024-07-04T08:28:08.487+0000] {dag.py:3096} INFO - Sync 1 DAGs
[2024-07-04T08:28:08.495+0000] {logging_mixin.py:188} INFO - [2024-07-04T08:28:08.495+0000] {dag.py:3954} INFO - Setting next_dagrun for example_task_group to 2024-07-03 00:00:00+00:00, run_after=2024-07-04 00:00:00+00:00
[2024-07-04T08:28:08.502+0000] {processor.py:183} INFO - Processing /home/airflow/.local/lib/python3.12/site-packages/airflow/example_dags/example_task_group.py took 0.029 seconds
[2024-07-04T09:07:12.559+0000] {processor.py:161} INFO - Started process (PID=5512) to work on /home/airflow/.local/lib/python3.12/site-packages/airflow/example_dags/example_task_group.py
[2024-07-04T09:07:12.560+0000] {processor.py:830} INFO - Processing file /home/airflow/.local/lib/python3.12/site-packages/airflow/example_dags/example_task_group.py for tasks to queue
[2024-07-04T09:07:12.560+0000] {logging_mixin.py:188} INFO - [2024-07-04T09:07:12.560+0000] {dagbag.py:545} INFO - Filling up the DagBag from /home/airflow/.local/lib/python3.12/site-packages/airflow/example_dags/example_task_group.py
[2024-07-04T09:07:12.563+0000] {processor.py:840} INFO - DAG(s) 'example_task_group' retrieved from /home/airflow/.local/lib/python3.12/site-packages/airflow/example_dags/example_task_group.py
[2024-07-04T09:07:12.571+0000] {logging_mixin.py:188} INFO - [2024-07-04T09:07:12.571+0000] {dag.py:3096} INFO - Sync 1 DAGs
[2024-07-04T09:07:12.578+0000] {logging_mixin.py:188} INFO - [2024-07-04T09:07:12.578+0000] {dag.py:3954} INFO - Setting next_dagrun for example_task_group to 2024-07-03 00:00:00+00:00, run_after=2024-07-04 00:00:00+00:00
[2024-07-04T09:07:12.585+0000] {processor.py:183} INFO - Processing /home/airflow/.local/lib/python3.12/site-packages/airflow/example_dags/example_task_group.py took 0.027 seconds
[2024-07-04T09:48:36.899+0000] {processor.py:161} INFO - Started process (PID=5569) to work on /home/airflow/.local/lib/python3.12/site-packages/airflow/example_dags/example_task_group.py
[2024-07-04T09:48:36.899+0000] {processor.py:830} INFO - Processing file /home/airflow/.local/lib/python3.12/site-packages/airflow/example_dags/example_task_group.py for tasks to queue
[2024-07-04T09:48:36.900+0000] {logging_mixin.py:188} INFO - [2024-07-04T09:48:36.900+0000] {dagbag.py:545} INFO - Filling up the DagBag from /home/airflow/.local/lib/python3.12/site-packages/airflow/example_dags/example_task_group.py
[2024-07-04T09:48:36.902+0000] {processor.py:840} INFO - DAG(s) 'example_task_group' retrieved from /home/airflow/.local/lib/python3.12/site-packages/airflow/example_dags/example_task_group.py
[2024-07-04T09:48:36.911+0000] {logging_mixin.py:188} INFO - [2024-07-04T09:48:36.911+0000] {dag.py:3096} INFO - Sync 1 DAGs
[2024-07-04T09:48:36.918+0000] {logging_mixin.py:188} INFO - [2024-07-04T09:48:36.918+0000] {dag.py:3954} INFO - Setting next_dagrun for example_task_group to 2024-07-03 00:00:00+00:00, run_after=2024-07-04 00:00:00+00:00
[2024-07-04T09:48:36.924+0000] {processor.py:183} INFO - Processing /home/airflow/.local/lib/python3.12/site-packages/airflow/example_dags/example_task_group.py took 0.028 seconds
[2024-07-04T10:29:05.089+0000] {processor.py:161} INFO - Started process (PID=5627) to work on /home/airflow/.local/lib/python3.12/site-packages/airflow/example_dags/example_task_group.py
[2024-07-04T10:29:05.089+0000] {processor.py:830} INFO - Processing file /home/airflow/.local/lib/python3.12/site-packages/airflow/example_dags/example_task_group.py for tasks to queue
[2024-07-04T10:29:05.090+0000] {logging_mixin.py:188} INFO - [2024-07-04T10:29:05.090+0000] {dagbag.py:545} INFO - Filling up the DagBag from /home/airflow/.local/lib/python3.12/site-packages/airflow/example_dags/example_task_group.py
[2024-07-04T10:29:05.093+0000] {processor.py:840} INFO - DAG(s) 'example_task_group' retrieved from /home/airflow/.local/lib/python3.12/site-packages/airflow/example_dags/example_task_group.py
[2024-07-04T10:29:05.101+0000] {logging_mixin.py:188} INFO - [2024-07-04T10:29:05.101+0000] {dag.py:3096} INFO - Sync 1 DAGs
[2024-07-04T10:29:05.109+0000] {logging_mixin.py:188} INFO - [2024-07-04T10:29:05.109+0000] {dag.py:3954} INFO - Setting next_dagrun for example_task_group to 2024-07-03 00:00:00+00:00, run_after=2024-07-04 00:00:00+00:00
[2024-07-04T10:29:05.115+0000] {processor.py:183} INFO - Processing /home/airflow/.local/lib/python3.12/site-packages/airflow/example_dags/example_task_group.py took 0.029 seconds
[2024-07-04T11:13:24.288+0000] {processor.py:161} INFO - Started process (PID=5685) to work on /home/airflow/.local/lib/python3.12/site-packages/airflow/example_dags/example_task_group.py
[2024-07-04T11:13:24.288+0000] {processor.py:830} INFO - Processing file /home/airflow/.local/lib/python3.12/site-packages/airflow/example_dags/example_task_group.py for tasks to queue
[2024-07-04T11:13:24.289+0000] {logging_mixin.py:188} INFO - [2024-07-04T11:13:24.289+0000] {dagbag.py:545} INFO - Filling up the DagBag from /home/airflow/.local/lib/python3.12/site-packages/airflow/example_dags/example_task_group.py
[2024-07-04T11:13:24.292+0000] {processor.py:840} INFO - DAG(s) 'example_task_group' retrieved from /home/airflow/.local/lib/python3.12/site-packages/airflow/example_dags/example_task_group.py
[2024-07-04T11:13:24.300+0000] {logging_mixin.py:188} INFO - [2024-07-04T11:13:24.300+0000] {dag.py:3096} INFO - Sync 1 DAGs
[2024-07-04T11:13:24.309+0000] {logging_mixin.py:188} INFO - [2024-07-04T11:13:24.309+0000] {dag.py:3954} INFO - Setting next_dagrun for example_task_group to 2024-07-03 00:00:00+00:00, run_after=2024-07-04 00:00:00+00:00
[2024-07-04T11:13:24.315+0000] {processor.py:183} INFO - Processing /home/airflow/.local/lib/python3.12/site-packages/airflow/example_dags/example_task_group.py took 0.030 seconds
[2024-07-04T12:14:26.437+0000] {processor.py:161} INFO - Started process (PID=5743) to work on /home/airflow/.local/lib/python3.12/site-packages/airflow/example_dags/example_task_group.py
[2024-07-04T12:14:26.437+0000] {processor.py:830} INFO - Processing file /home/airflow/.local/lib/python3.12/site-packages/airflow/example_dags/example_task_group.py for tasks to queue
[2024-07-04T12:14:26.438+0000] {logging_mixin.py:188} INFO - [2024-07-04T12:14:26.438+0000] {dagbag.py:545} INFO - Filling up the DagBag from /home/airflow/.local/lib/python3.12/site-packages/airflow/example_dags/example_task_group.py
[2024-07-04T12:14:26.441+0000] {processor.py:840} INFO - DAG(s) 'example_task_group' retrieved from /home/airflow/.local/lib/python3.12/site-packages/airflow/example_dags/example_task_group.py
[2024-07-04T12:14:26.450+0000] {logging_mixin.py:188} INFO - [2024-07-04T12:14:26.450+0000] {dag.py:3096} INFO - Sync 1 DAGs
[2024-07-04T12:14:26.459+0000] {logging_mixin.py:188} INFO - [2024-07-04T12:14:26.458+0000] {dag.py:3954} INFO - Setting next_dagrun for example_task_group to 2024-07-03 00:00:00+00:00, run_after=2024-07-04 00:00:00+00:00
[2024-07-04T12:14:26.465+0000] {processor.py:183} INFO - Processing /home/airflow/.local/lib/python3.12/site-packages/airflow/example_dags/example_task_group.py took 0.031 seconds
[2024-07-04T13:00:41.304+0000] {processor.py:161} INFO - Started process (PID=5801) to work on /home/airflow/.local/lib/python3.12/site-packages/airflow/example_dags/example_task_group.py
[2024-07-04T13:00:41.305+0000] {processor.py:830} INFO - Processing file /home/airflow/.local/lib/python3.12/site-packages/airflow/example_dags/example_task_group.py for tasks to queue
[2024-07-04T13:00:41.306+0000] {logging_mixin.py:188} INFO - [2024-07-04T13:00:41.305+0000] {dagbag.py:545} INFO - Filling up the DagBag from /home/airflow/.local/lib/python3.12/site-packages/airflow/example_dags/example_task_group.py
[2024-07-04T13:00:41.309+0000] {processor.py:840} INFO - DAG(s) 'example_task_group' retrieved from /home/airflow/.local/lib/python3.12/site-packages/airflow/example_dags/example_task_group.py
[2024-07-04T13:00:41.317+0000] {logging_mixin.py:188} INFO - [2024-07-04T13:00:41.317+0000] {dag.py:3096} INFO - Sync 1 DAGs
[2024-07-04T13:00:41.325+0000] {logging_mixin.py:188} INFO - [2024-07-04T13:00:41.325+0000] {dag.py:3954} INFO - Setting next_dagrun for example_task_group to 2024-07-03 00:00:00+00:00, run_after=2024-07-04 00:00:00+00:00
[2024-07-04T13:00:41.331+0000] {processor.py:183} INFO - Processing /home/airflow/.local/lib/python3.12/site-packages/airflow/example_dags/example_task_group.py took 0.030 seconds
[2024-07-04T13:15:20.712+0000] {processor.py:161} INFO - Started process (PID=5859) to work on /home/airflow/.local/lib/python3.12/site-packages/airflow/example_dags/example_task_group.py
[2024-07-04T13:15:20.713+0000] {processor.py:830} INFO - Processing file /home/airflow/.local/lib/python3.12/site-packages/airflow/example_dags/example_task_group.py for tasks to queue
[2024-07-04T13:15:20.714+0000] {logging_mixin.py:188} INFO - [2024-07-04T13:15:20.714+0000] {dagbag.py:545} INFO - Filling up the DagBag from /home/airflow/.local/lib/python3.12/site-packages/airflow/example_dags/example_task_group.py
[2024-07-04T13:15:20.717+0000] {processor.py:840} INFO - DAG(s) 'example_task_group' retrieved from /home/airflow/.local/lib/python3.12/site-packages/airflow/example_dags/example_task_group.py
[2024-07-04T13:15:20.725+0000] {logging_mixin.py:188} INFO - [2024-07-04T13:15:20.725+0000] {dag.py:3096} INFO - Sync 1 DAGs
[2024-07-04T13:15:20.733+0000] {logging_mixin.py:188} INFO - [2024-07-04T13:15:20.733+0000] {dag.py:3954} INFO - Setting next_dagrun for example_task_group to 2024-07-03 00:00:00+00:00, run_after=2024-07-04 00:00:00+00:00
[2024-07-04T13:15:20.740+0000] {processor.py:183} INFO - Processing /home/airflow/.local/lib/python3.12/site-packages/airflow/example_dags/example_task_group.py took 0.030 seconds
[2024-07-04T13:30:25.924+0000] {processor.py:161} INFO - Started process (PID=5917) to work on /home/airflow/.local/lib/python3.12/site-packages/airflow/example_dags/example_task_group.py
[2024-07-04T13:30:25.925+0000] {processor.py:830} INFO - Processing file /home/airflow/.local/lib/python3.12/site-packages/airflow/example_dags/example_task_group.py for tasks to queue
[2024-07-04T13:30:25.925+0000] {logging_mixin.py:188} INFO - [2024-07-04T13:30:25.925+0000] {dagbag.py:545} INFO - Filling up the DagBag from /home/airflow/.local/lib/python3.12/site-packages/airflow/example_dags/example_task_group.py
[2024-07-04T13:30:25.928+0000] {processor.py:840} INFO - DAG(s) 'example_task_group' retrieved from /home/airflow/.local/lib/python3.12/site-packages/airflow/example_dags/example_task_group.py
[2024-07-04T13:30:25.937+0000] {logging_mixin.py:188} INFO - [2024-07-04T13:30:25.937+0000] {dag.py:3096} INFO - Sync 1 DAGs
[2024-07-04T13:30:25.945+0000] {logging_mixin.py:188} INFO - [2024-07-04T13:30:25.944+0000] {dag.py:3954} INFO - Setting next_dagrun for example_task_group to 2024-07-03 00:00:00+00:00, run_after=2024-07-04 00:00:00+00:00
[2024-07-04T13:30:25.951+0000] {processor.py:183} INFO - Processing /home/airflow/.local/lib/python3.12/site-packages/airflow/example_dags/example_task_group.py took 0.029 seconds
[2024-07-04T13:50:27.735+0000] {processor.py:161} INFO - Started process (PID=5975) to work on /home/airflow/.local/lib/python3.12/site-packages/airflow/example_dags/example_task_group.py
[2024-07-04T13:50:27.735+0000] {processor.py:830} INFO - Processing file /home/airflow/.local/lib/python3.12/site-packages/airflow/example_dags/example_task_group.py for tasks to queue
[2024-07-04T13:50:27.736+0000] {logging_mixin.py:188} INFO - [2024-07-04T13:50:27.736+0000] {dagbag.py:545} INFO - Filling up the DagBag from /home/airflow/.local/lib/python3.12/site-packages/airflow/example_dags/example_task_group.py
[2024-07-04T13:50:27.738+0000] {processor.py:840} INFO - DAG(s) 'example_task_group' retrieved from /home/airflow/.local/lib/python3.12/site-packages/airflow/example_dags/example_task_group.py
[2024-07-04T13:50:27.746+0000] {logging_mixin.py:188} INFO - [2024-07-04T13:50:27.746+0000] {dag.py:3096} INFO - Sync 1 DAGs
[2024-07-04T13:50:27.754+0000] {logging_mixin.py:188} INFO - [2024-07-04T13:50:27.753+0000] {dag.py:3954} INFO - Setting next_dagrun for example_task_group to 2024-07-03 00:00:00+00:00, run_after=2024-07-04 00:00:00+00:00
[2024-07-04T13:50:27.760+0000] {processor.py:183} INFO - Processing /home/airflow/.local/lib/python3.12/site-packages/airflow/example_dags/example_task_group.py took 0.027 seconds
[2024-07-04T14:16:28.181+0000] {processor.py:161} INFO - Started process (PID=6033) to work on /home/airflow/.local/lib/python3.12/site-packages/airflow/example_dags/example_task_group.py
[2024-07-04T14:16:28.181+0000] {processor.py:830} INFO - Processing file /home/airflow/.local/lib/python3.12/site-packages/airflow/example_dags/example_task_group.py for tasks to queue
[2024-07-04T14:16:28.182+0000] {logging_mixin.py:188} INFO - [2024-07-04T14:16:28.182+0000] {dagbag.py:545} INFO - Filling up the DagBag from /home/airflow/.local/lib/python3.12/site-packages/airflow/example_dags/example_task_group.py
[2024-07-04T14:16:28.185+0000] {processor.py:840} INFO - DAG(s) 'example_task_group' retrieved from /home/airflow/.local/lib/python3.12/site-packages/airflow/example_dags/example_task_group.py
[2024-07-04T14:16:28.193+0000] {logging_mixin.py:188} INFO - [2024-07-04T14:16:28.193+0000] {dag.py:3096} INFO - Sync 1 DAGs
[2024-07-04T14:16:28.200+0000] {logging_mixin.py:188} INFO - [2024-07-04T14:16:28.200+0000] {dag.py:3954} INFO - Setting next_dagrun for example_task_group to 2024-07-03 00:00:00+00:00, run_after=2024-07-04 00:00:00+00:00
[2024-07-04T14:16:28.206+0000] {processor.py:183} INFO - Processing /home/airflow/.local/lib/python3.12/site-packages/airflow/example_dags/example_task_group.py took 0.027 seconds
[2024-07-04T15:04:49.695+0000] {processor.py:161} INFO - Started process (PID=6091) to work on /home/airflow/.local/lib/python3.12/site-packages/airflow/example_dags/example_task_group.py
[2024-07-04T15:04:49.695+0000] {processor.py:830} INFO - Processing file /home/airflow/.local/lib/python3.12/site-packages/airflow/example_dags/example_task_group.py for tasks to queue
[2024-07-04T15:04:49.696+0000] {logging_mixin.py:188} INFO - [2024-07-04T15:04:49.696+0000] {dagbag.py:545} INFO - Filling up the DagBag from /home/airflow/.local/lib/python3.12/site-packages/airflow/example_dags/example_task_group.py
[2024-07-04T15:04:49.700+0000] {processor.py:840} INFO - DAG(s) 'example_task_group' retrieved from /home/airflow/.local/lib/python3.12/site-packages/airflow/example_dags/example_task_group.py
[2024-07-04T15:04:49.708+0000] {logging_mixin.py:188} INFO - [2024-07-04T15:04:49.708+0000] {dag.py:3096} INFO - Sync 1 DAGs
[2024-07-04T15:04:49.716+0000] {logging_mixin.py:188} INFO - [2024-07-04T15:04:49.716+0000] {dag.py:3954} INFO - Setting next_dagrun for example_task_group to 2024-07-03 00:00:00+00:00, run_after=2024-07-04 00:00:00+00:00
[2024-07-04T15:04:49.722+0000] {processor.py:183} INFO - Processing /home/airflow/.local/lib/python3.12/site-packages/airflow/example_dags/example_task_group.py took 0.029 seconds
[2024-07-04T15:43:16.194+0000] {processor.py:161} INFO - Started process (PID=6149) to work on /home/airflow/.local/lib/python3.12/site-packages/airflow/example_dags/example_task_group.py
[2024-07-04T15:43:16.196+0000] {processor.py:830} INFO - Processing file /home/airflow/.local/lib/python3.12/site-packages/airflow/example_dags/example_task_group.py for tasks to queue
[2024-07-04T15:43:16.197+0000] {logging_mixin.py:188} INFO - [2024-07-04T15:43:16.197+0000] {dagbag.py:545} INFO - Filling up the DagBag from /home/airflow/.local/lib/python3.12/site-packages/airflow/example_dags/example_task_group.py
[2024-07-04T15:43:16.200+0000] {processor.py:840} INFO - DAG(s) 'example_task_group' retrieved from /home/airflow/.local/lib/python3.12/site-packages/airflow/example_dags/example_task_group.py
[2024-07-04T15:43:16.208+0000] {logging_mixin.py:188} INFO - [2024-07-04T15:43:16.208+0000] {dag.py:3096} INFO - Sync 1 DAGs
[2024-07-04T15:43:16.216+0000] {logging_mixin.py:188} INFO - [2024-07-04T15:43:16.216+0000] {dag.py:3954} INFO - Setting next_dagrun for example_task_group to 2024-07-03 00:00:00+00:00, run_after=2024-07-04 00:00:00+00:00
[2024-07-04T15:43:16.222+0000] {processor.py:183} INFO - Processing /home/airflow/.local/lib/python3.12/site-packages/airflow/example_dags/example_task_group.py took 0.031 seconds
[2024-07-04T16:18:30.626+0000] {processor.py:161} INFO - Started process (PID=6207) to work on /home/airflow/.local/lib/python3.12/site-packages/airflow/example_dags/example_task_group.py
[2024-07-04T16:18:30.626+0000] {processor.py:830} INFO - Processing file /home/airflow/.local/lib/python3.12/site-packages/airflow/example_dags/example_task_group.py for tasks to queue
[2024-07-04T16:18:30.627+0000] {logging_mixin.py:188} INFO - [2024-07-04T16:18:30.627+0000] {dagbag.py:545} INFO - Filling up the DagBag from /home/airflow/.local/lib/python3.12/site-packages/airflow/example_dags/example_task_group.py
[2024-07-04T16:18:30.630+0000] {processor.py:840} INFO - DAG(s) 'example_task_group' retrieved from /home/airflow/.local/lib/python3.12/site-packages/airflow/example_dags/example_task_group.py
[2024-07-04T16:18:30.637+0000] {logging_mixin.py:188} INFO - [2024-07-04T16:18:30.637+0000] {dag.py:3096} INFO - Sync 1 DAGs
[2024-07-04T16:18:30.644+0000] {logging_mixin.py:188} INFO - [2024-07-04T16:18:30.644+0000] {dag.py:3954} INFO - Setting next_dagrun for example_task_group to 2024-07-03 00:00:00+00:00, run_after=2024-07-04 00:00:00+00:00
[2024-07-04T16:18:30.650+0000] {processor.py:183} INFO - Processing /home/airflow/.local/lib/python3.12/site-packages/airflow/example_dags/example_task_group.py took 0.026 seconds
[2024-07-04T16:45:12.014+0000] {processor.py:161} INFO - Started process (PID=6265) to work on /home/airflow/.local/lib/python3.12/site-packages/airflow/example_dags/example_task_group.py
[2024-07-04T16:45:12.014+0000] {processor.py:830} INFO - Processing file /home/airflow/.local/lib/python3.12/site-packages/airflow/example_dags/example_task_group.py for tasks to queue
[2024-07-04T16:45:12.015+0000] {logging_mixin.py:188} INFO - [2024-07-04T16:45:12.015+0000] {dagbag.py:545} INFO - Filling up the DagBag from /home/airflow/.local/lib/python3.12/site-packages/airflow/example_dags/example_task_group.py
[2024-07-04T16:45:12.018+0000] {processor.py:840} INFO - DAG(s) 'example_task_group' retrieved from /home/airflow/.local/lib/python3.12/site-packages/airflow/example_dags/example_task_group.py
[2024-07-04T16:45:12.026+0000] {logging_mixin.py:188} INFO - [2024-07-04T16:45:12.026+0000] {dag.py:3096} INFO - Sync 1 DAGs
[2024-07-04T16:45:12.034+0000] {logging_mixin.py:188} INFO - [2024-07-04T16:45:12.034+0000] {dag.py:3954} INFO - Setting next_dagrun for example_task_group to 2024-07-03 00:00:00+00:00, run_after=2024-07-04 00:00:00+00:00
[2024-07-04T16:45:12.040+0000] {processor.py:183} INFO - Processing /home/airflow/.local/lib/python3.12/site-packages/airflow/example_dags/example_task_group.py took 0.029 seconds
[2024-07-04T17:39:35.653+0000] {processor.py:161} INFO - Started process (PID=6323) to work on /home/airflow/.local/lib/python3.12/site-packages/airflow/example_dags/example_task_group.py
[2024-07-04T17:39:35.654+0000] {processor.py:830} INFO - Processing file /home/airflow/.local/lib/python3.12/site-packages/airflow/example_dags/example_task_group.py for tasks to queue
[2024-07-04T17:39:35.654+0000] {logging_mixin.py:188} INFO - [2024-07-04T17:39:35.654+0000] {dagbag.py:545} INFO - Filling up the DagBag from /home/airflow/.local/lib/python3.12/site-packages/airflow/example_dags/example_task_group.py
[2024-07-04T17:39:35.657+0000] {processor.py:840} INFO - DAG(s) 'example_task_group' retrieved from /home/airflow/.local/lib/python3.12/site-packages/airflow/example_dags/example_task_group.py
[2024-07-04T17:39:35.665+0000] {logging_mixin.py:188} INFO - [2024-07-04T17:39:35.665+0000] {dag.py:3096} INFO - Sync 1 DAGs
[2024-07-04T17:39:35.672+0000] {logging_mixin.py:188} INFO - [2024-07-04T17:39:35.672+0000] {dag.py:3954} INFO - Setting next_dagrun for example_task_group to 2024-07-03 00:00:00+00:00, run_after=2024-07-04 00:00:00+00:00
[2024-07-04T17:39:35.678+0000] {processor.py:183} INFO - Processing /home/airflow/.local/lib/python3.12/site-packages/airflow/example_dags/example_task_group.py took 0.027 seconds
[2024-07-04T18:32:14.721+0000] {processor.py:161} INFO - Started process (PID=6381) to work on /home/airflow/.local/lib/python3.12/site-packages/airflow/example_dags/example_task_group.py
[2024-07-04T18:32:14.721+0000] {processor.py:830} INFO - Processing file /home/airflow/.local/lib/python3.12/site-packages/airflow/example_dags/example_task_group.py for tasks to queue
[2024-07-04T18:32:14.722+0000] {logging_mixin.py:188} INFO - [2024-07-04T18:32:14.722+0000] {dagbag.py:545} INFO - Filling up the DagBag from /home/airflow/.local/lib/python3.12/site-packages/airflow/example_dags/example_task_group.py
[2024-07-04T18:32:14.725+0000] {processor.py:840} INFO - DAG(s) 'example_task_group' retrieved from /home/airflow/.local/lib/python3.12/site-packages/airflow/example_dags/example_task_group.py
[2024-07-04T18:32:14.733+0000] {logging_mixin.py:188} INFO - [2024-07-04T18:32:14.733+0000] {dag.py:3096} INFO - Sync 1 DAGs
[2024-07-04T18:32:14.740+0000] {logging_mixin.py:188} INFO - [2024-07-04T18:32:14.740+0000] {dag.py:3954} INFO - Setting next_dagrun for example_task_group to 2024-07-03 00:00:00+00:00, run_after=2024-07-04 00:00:00+00:00
[2024-07-04T18:32:14.746+0000] {processor.py:183} INFO - Processing /home/airflow/.local/lib/python3.12/site-packages/airflow/example_dags/example_task_group.py took 0.027 seconds
[2024-07-04T19:08:33.383+0000] {processor.py:161} INFO - Started process (PID=6438) to work on /home/airflow/.local/lib/python3.12/site-packages/airflow/example_dags/example_task_group.py
[2024-07-04T19:08:33.384+0000] {processor.py:830} INFO - Processing file /home/airflow/.local/lib/python3.12/site-packages/airflow/example_dags/example_task_group.py for tasks to queue
[2024-07-04T19:08:33.384+0000] {logging_mixin.py:188} INFO - [2024-07-04T19:08:33.384+0000] {dagbag.py:545} INFO - Filling up the DagBag from /home/airflow/.local/lib/python3.12/site-packages/airflow/example_dags/example_task_group.py
[2024-07-04T19:08:33.387+0000] {processor.py:840} INFO - DAG(s) 'example_task_group' retrieved from /home/airflow/.local/lib/python3.12/site-packages/airflow/example_dags/example_task_group.py
[2024-07-04T19:08:33.394+0000] {logging_mixin.py:188} INFO - [2024-07-04T19:08:33.394+0000] {dag.py:3096} INFO - Sync 1 DAGs
[2024-07-04T19:08:33.402+0000] {logging_mixin.py:188} INFO - [2024-07-04T19:08:33.401+0000] {dag.py:3954} INFO - Setting next_dagrun for example_task_group to 2024-07-03 00:00:00+00:00, run_after=2024-07-04 00:00:00+00:00
[2024-07-04T19:08:33.408+0000] {processor.py:183} INFO - Processing /home/airflow/.local/lib/python3.12/site-packages/airflow/example_dags/example_task_group.py took 0.026 seconds
[2024-07-04T20:48:22.391+0000] {processor.py:161} INFO - Started process (PID=6496) to work on /home/airflow/.local/lib/python3.12/site-packages/airflow/example_dags/example_task_group.py
[2024-07-04T20:48:22.392+0000] {processor.py:830} INFO - Processing file /home/airflow/.local/lib/python3.12/site-packages/airflow/example_dags/example_task_group.py for tasks to queue
[2024-07-04T20:48:22.393+0000] {logging_mixin.py:188} INFO - [2024-07-04T20:48:22.393+0000] {dagbag.py:545} INFO - Filling up the DagBag from /home/airflow/.local/lib/python3.12/site-packages/airflow/example_dags/example_task_group.py
[2024-07-04T20:48:22.397+0000] {processor.py:840} INFO - DAG(s) 'example_task_group' retrieved from /home/airflow/.local/lib/python3.12/site-packages/airflow/example_dags/example_task_group.py
[2024-07-04T20:48:22.407+0000] {logging_mixin.py:188} INFO - [2024-07-04T20:48:22.406+0000] {dag.py:3096} INFO - Sync 1 DAGs
[2024-07-04T20:48:22.414+0000] {logging_mixin.py:188} INFO - [2024-07-04T20:48:22.414+0000] {dag.py:3954} INFO - Setting next_dagrun for example_task_group to 2024-07-03 00:00:00+00:00, run_after=2024-07-04 00:00:00+00:00
[2024-07-04T20:48:22.421+0000] {processor.py:183} INFO - Processing /home/airflow/.local/lib/python3.12/site-packages/airflow/example_dags/example_task_group.py took 0.032 seconds
[2024-07-04T21:49:23.342+0000] {processor.py:161} INFO - Started process (PID=6554) to work on /home/airflow/.local/lib/python3.12/site-packages/airflow/example_dags/example_task_group.py
[2024-07-04T21:49:23.343+0000] {processor.py:830} INFO - Processing file /home/airflow/.local/lib/python3.12/site-packages/airflow/example_dags/example_task_group.py for tasks to queue
[2024-07-04T21:49:23.343+0000] {logging_mixin.py:188} INFO - [2024-07-04T21:49:23.343+0000] {dagbag.py:545} INFO - Filling up the DagBag from /home/airflow/.local/lib/python3.12/site-packages/airflow/example_dags/example_task_group.py
[2024-07-04T21:49:23.346+0000] {processor.py:840} INFO - DAG(s) 'example_task_group' retrieved from /home/airflow/.local/lib/python3.12/site-packages/airflow/example_dags/example_task_group.py
[2024-07-04T21:49:23.355+0000] {logging_mixin.py:188} INFO - [2024-07-04T21:49:23.355+0000] {dag.py:3096} INFO - Sync 1 DAGs
[2024-07-04T21:49:23.364+0000] {logging_mixin.py:188} INFO - [2024-07-04T21:49:23.364+0000] {dag.py:3954} INFO - Setting next_dagrun for example_task_group to 2024-07-03 00:00:00+00:00, run_after=2024-07-04 00:00:00+00:00
[2024-07-04T21:49:23.371+0000] {processor.py:183} INFO - Processing /home/airflow/.local/lib/python3.12/site-packages/airflow/example_dags/example_task_group.py took 0.031 seconds
[2024-07-04T23:01:34.458+0000] {processor.py:161} INFO - Started process (PID=6612) to work on /home/airflow/.local/lib/python3.12/site-packages/airflow/example_dags/example_task_group.py
[2024-07-04T23:01:34.459+0000] {processor.py:830} INFO - Processing file /home/airflow/.local/lib/python3.12/site-packages/airflow/example_dags/example_task_group.py for tasks to queue
[2024-07-04T23:01:34.460+0000] {logging_mixin.py:188} INFO - [2024-07-04T23:01:34.460+0000] {dagbag.py:545} INFO - Filling up the DagBag from /home/airflow/.local/lib/python3.12/site-packages/airflow/example_dags/example_task_group.py
[2024-07-04T23:01:34.463+0000] {processor.py:840} INFO - DAG(s) 'example_task_group' retrieved from /home/airflow/.local/lib/python3.12/site-packages/airflow/example_dags/example_task_group.py
[2024-07-04T23:01:34.471+0000] {logging_mixin.py:188} INFO - [2024-07-04T23:01:34.471+0000] {dag.py:3096} INFO - Sync 1 DAGs
[2024-07-04T23:01:34.479+0000] {logging_mixin.py:188} INFO - [2024-07-04T23:01:34.478+0000] {dag.py:3954} INFO - Setting next_dagrun for example_task_group to 2024-07-03 00:00:00+00:00, run_after=2024-07-04 00:00:00+00:00
[2024-07-04T23:01:34.486+0000] {processor.py:183} INFO - Processing /home/airflow/.local/lib/python3.12/site-packages/airflow/example_dags/example_task_group.py took 0.031 seconds
[2024-07-04T23:16:31.064+0000] {processor.py:161} INFO - Started process (PID=6670) to work on /home/airflow/.local/lib/python3.12/site-packages/airflow/example_dags/example_task_group.py
[2024-07-04T23:16:31.064+0000] {processor.py:830} INFO - Processing file /home/airflow/.local/lib/python3.12/site-packages/airflow/example_dags/example_task_group.py for tasks to queue
[2024-07-04T23:16:31.065+0000] {logging_mixin.py:188} INFO - [2024-07-04T23:16:31.065+0000] {dagbag.py:545} INFO - Filling up the DagBag from /home/airflow/.local/lib/python3.12/site-packages/airflow/example_dags/example_task_group.py
[2024-07-04T23:16:31.069+0000] {processor.py:840} INFO - DAG(s) 'example_task_group' retrieved from /home/airflow/.local/lib/python3.12/site-packages/airflow/example_dags/example_task_group.py
[2024-07-04T23:16:31.078+0000] {logging_mixin.py:188} INFO - [2024-07-04T23:16:31.078+0000] {dag.py:3096} INFO - Sync 1 DAGs
[2024-07-04T23:16:31.087+0000] {logging_mixin.py:188} INFO - [2024-07-04T23:16:31.087+0000] {dag.py:3954} INFO - Setting next_dagrun for example_task_group to 2024-07-03 00:00:00+00:00, run_after=2024-07-04 00:00:00+00:00
[2024-07-04T23:16:31.096+0000] {processor.py:183} INFO - Processing /home/airflow/.local/lib/python3.12/site-packages/airflow/example_dags/example_task_group.py took 0.035 seconds
