[2024-07-04T00:20:54.000+0000] {processor.py:161} INFO - Started process (PID=4464) to work on /home/airflow/.local/lib/python3.12/site-packages/airflow/example_dags/example_nested_branch_dag.py
[2024-07-04T00:20:54.000+0000] {processor.py:830} INFO - Processing file /home/airflow/.local/lib/python3.12/site-packages/airflow/example_dags/example_nested_branch_dag.py for tasks to queue
[2024-07-04T00:20:54.001+0000] {logging_mixin.py:188} INFO - [2024-07-04T00:20:54.001+0000] {dagbag.py:545} INFO - Filling up the DagBag from /home/airflow/.local/lib/python3.12/site-packages/airflow/example_dags/example_nested_branch_dag.py
[2024-07-04T00:20:54.005+0000] {processor.py:840} INFO - DAG(s) 'example_nested_branch_dag' retrieved from /home/airflow/.local/lib/python3.12/site-packages/airflow/example_dags/example_nested_branch_dag.py
[2024-07-04T00:20:54.013+0000] {logging_mixin.py:188} INFO - [2024-07-04T00:20:54.012+0000] {dag.py:3096} INFO - Sync 1 DAGs
[2024-07-04T00:20:54.020+0000] {logging_mixin.py:188} INFO - [2024-07-04T00:20:54.020+0000] {dag.py:3954} INFO - Setting next_dagrun for example_nested_branch_dag to 2024-07-03 00:00:00+00:00, run_after=2024-07-04 00:00:00+00:00
[2024-07-04T00:20:54.026+0000] {processor.py:183} INFO - Processing /home/airflow/.local/lib/python3.12/site-packages/airflow/example_dags/example_nested_branch_dag.py took 0.028 seconds
[2024-07-04T00:32:44.551+0000] {processor.py:161} INFO - Started process (PID=4522) to work on /home/airflow/.local/lib/python3.12/site-packages/airflow/example_dags/example_nested_branch_dag.py
[2024-07-04T00:32:44.552+0000] {processor.py:830} INFO - Processing file /home/airflow/.local/lib/python3.12/site-packages/airflow/example_dags/example_nested_branch_dag.py for tasks to queue
[2024-07-04T00:32:44.553+0000] {logging_mixin.py:188} INFO - [2024-07-04T00:32:44.553+0000] {dagbag.py:545} INFO - Filling up the DagBag from /home/airflow/.local/lib/python3.12/site-packages/airflow/example_dags/example_nested_branch_dag.py
[2024-07-04T00:32:44.558+0000] {processor.py:840} INFO - DAG(s) 'example_nested_branch_dag' retrieved from /home/airflow/.local/lib/python3.12/site-packages/airflow/example_dags/example_nested_branch_dag.py
[2024-07-04T00:32:44.566+0000] {logging_mixin.py:188} INFO - [2024-07-04T00:32:44.566+0000] {dag.py:3096} INFO - Sync 1 DAGs
[2024-07-04T00:32:44.575+0000] {logging_mixin.py:188} INFO - [2024-07-04T00:32:44.575+0000] {dag.py:3954} INFO - Setting next_dagrun for example_nested_branch_dag to 2024-07-03 00:00:00+00:00, run_after=2024-07-04 00:00:00+00:00
[2024-07-04T00:32:44.581+0000] {processor.py:183} INFO - Processing /home/airflow/.local/lib/python3.12/site-packages/airflow/example_dags/example_nested_branch_dag.py took 0.033 seconds
[2024-07-04T01:04:10.411+0000] {processor.py:161} INFO - Started process (PID=4580) to work on /home/airflow/.local/lib/python3.12/site-packages/airflow/example_dags/example_nested_branch_dag.py
[2024-07-04T01:04:10.411+0000] {processor.py:830} INFO - Processing file /home/airflow/.local/lib/python3.12/site-packages/airflow/example_dags/example_nested_branch_dag.py for tasks to queue
[2024-07-04T01:04:10.412+0000] {logging_mixin.py:188} INFO - [2024-07-04T01:04:10.412+0000] {dagbag.py:545} INFO - Filling up the DagBag from /home/airflow/.local/lib/python3.12/site-packages/airflow/example_dags/example_nested_branch_dag.py
[2024-07-04T01:04:10.416+0000] {processor.py:840} INFO - DAG(s) 'example_nested_branch_dag' retrieved from /home/airflow/.local/lib/python3.12/site-packages/airflow/example_dags/example_nested_branch_dag.py
[2024-07-04T01:04:10.424+0000] {logging_mixin.py:188} INFO - [2024-07-04T01:04:10.424+0000] {dag.py:3096} INFO - Sync 1 DAGs
[2024-07-04T01:04:10.432+0000] {logging_mixin.py:188} INFO - [2024-07-04T01:04:10.432+0000] {dag.py:3954} INFO - Setting next_dagrun for example_nested_branch_dag to 2024-07-03 00:00:00+00:00, run_after=2024-07-04 00:00:00+00:00
[2024-07-04T01:04:10.439+0000] {processor.py:183} INFO - Processing /home/airflow/.local/lib/python3.12/site-packages/airflow/example_dags/example_nested_branch_dag.py took 0.030 seconds
[2024-07-04T01:43:14.429+0000] {processor.py:161} INFO - Started process (PID=4638) to work on /home/airflow/.local/lib/python3.12/site-packages/airflow/example_dags/example_nested_branch_dag.py
[2024-07-04T01:43:14.429+0000] {processor.py:830} INFO - Processing file /home/airflow/.local/lib/python3.12/site-packages/airflow/example_dags/example_nested_branch_dag.py for tasks to queue
[2024-07-04T01:43:14.430+0000] {logging_mixin.py:188} INFO - [2024-07-04T01:43:14.430+0000] {dagbag.py:545} INFO - Filling up the DagBag from /home/airflow/.local/lib/python3.12/site-packages/airflow/example_dags/example_nested_branch_dag.py
[2024-07-04T01:43:14.434+0000] {processor.py:840} INFO - DAG(s) 'example_nested_branch_dag' retrieved from /home/airflow/.local/lib/python3.12/site-packages/airflow/example_dags/example_nested_branch_dag.py
[2024-07-04T01:43:14.444+0000] {logging_mixin.py:188} INFO - [2024-07-04T01:43:14.443+0000] {dag.py:3096} INFO - Sync 1 DAGs
[2024-07-04T01:43:14.452+0000] {logging_mixin.py:188} INFO - [2024-07-04T01:43:14.452+0000] {dag.py:3954} INFO - Setting next_dagrun for example_nested_branch_dag to 2024-07-03 00:00:00+00:00, run_after=2024-07-04 00:00:00+00:00
[2024-07-04T01:43:14.458+0000] {processor.py:183} INFO - Processing /home/airflow/.local/lib/python3.12/site-packages/airflow/example_dags/example_nested_branch_dag.py took 0.031 seconds
[2024-07-04T02:07:15.642+0000] {processor.py:161} INFO - Started process (PID=4696) to work on /home/airflow/.local/lib/python3.12/site-packages/airflow/example_dags/example_nested_branch_dag.py
[2024-07-04T02:07:15.642+0000] {processor.py:830} INFO - Processing file /home/airflow/.local/lib/python3.12/site-packages/airflow/example_dags/example_nested_branch_dag.py for tasks to queue
[2024-07-04T02:07:15.643+0000] {logging_mixin.py:188} INFO - [2024-07-04T02:07:15.643+0000] {dagbag.py:545} INFO - Filling up the DagBag from /home/airflow/.local/lib/python3.12/site-packages/airflow/example_dags/example_nested_branch_dag.py
[2024-07-04T02:07:15.647+0000] {processor.py:840} INFO - DAG(s) 'example_nested_branch_dag' retrieved from /home/airflow/.local/lib/python3.12/site-packages/airflow/example_dags/example_nested_branch_dag.py
[2024-07-04T02:07:15.656+0000] {logging_mixin.py:188} INFO - [2024-07-04T02:07:15.656+0000] {dag.py:3096} INFO - Sync 1 DAGs
[2024-07-04T02:07:15.665+0000] {logging_mixin.py:188} INFO - [2024-07-04T02:07:15.665+0000] {dag.py:3954} INFO - Setting next_dagrun for example_nested_branch_dag to 2024-07-03 00:00:00+00:00, run_after=2024-07-04 00:00:00+00:00
[2024-07-04T02:07:15.671+0000] {processor.py:183} INFO - Processing /home/airflow/.local/lib/python3.12/site-packages/airflow/example_dags/example_nested_branch_dag.py took 0.032 seconds
[2024-07-04T02:42:01.804+0000] {processor.py:161} INFO - Started process (PID=4754) to work on /home/airflow/.local/lib/python3.12/site-packages/airflow/example_dags/example_nested_branch_dag.py
[2024-07-04T02:42:01.804+0000] {processor.py:830} INFO - Processing file /home/airflow/.local/lib/python3.12/site-packages/airflow/example_dags/example_nested_branch_dag.py for tasks to queue
[2024-07-04T02:42:01.805+0000] {logging_mixin.py:188} INFO - [2024-07-04T02:42:01.805+0000] {dagbag.py:545} INFO - Filling up the DagBag from /home/airflow/.local/lib/python3.12/site-packages/airflow/example_dags/example_nested_branch_dag.py
[2024-07-04T02:42:01.809+0000] {processor.py:840} INFO - DAG(s) 'example_nested_branch_dag' retrieved from /home/airflow/.local/lib/python3.12/site-packages/airflow/example_dags/example_nested_branch_dag.py
[2024-07-04T02:42:01.818+0000] {logging_mixin.py:188} INFO - [2024-07-04T02:42:01.818+0000] {dag.py:3096} INFO - Sync 1 DAGs
[2024-07-04T02:42:01.826+0000] {logging_mixin.py:188} INFO - [2024-07-04T02:42:01.826+0000] {dag.py:3954} INFO - Setting next_dagrun for example_nested_branch_dag to 2024-07-03 00:00:00+00:00, run_after=2024-07-04 00:00:00+00:00
[2024-07-04T02:42:01.832+0000] {processor.py:183} INFO - Processing /home/airflow/.local/lib/python3.12/site-packages/airflow/example_dags/example_nested_branch_dag.py took 0.031 seconds
[2024-07-04T02:44:45.610+0000] {processor.py:161} INFO - Started process (PID=4812) to work on /home/airflow/.local/lib/python3.12/site-packages/airflow/example_dags/example_nested_branch_dag.py
[2024-07-04T02:44:45.610+0000] {processor.py:830} INFO - Processing file /home/airflow/.local/lib/python3.12/site-packages/airflow/example_dags/example_nested_branch_dag.py for tasks to queue
[2024-07-04T02:44:45.611+0000] {logging_mixin.py:188} INFO - [2024-07-04T02:44:45.611+0000] {dagbag.py:545} INFO - Filling up the DagBag from /home/airflow/.local/lib/python3.12/site-packages/airflow/example_dags/example_nested_branch_dag.py
[2024-07-04T02:44:45.614+0000] {processor.py:840} INFO - DAG(s) 'example_nested_branch_dag' retrieved from /home/airflow/.local/lib/python3.12/site-packages/airflow/example_dags/example_nested_branch_dag.py
[2024-07-04T02:44:45.622+0000] {logging_mixin.py:188} INFO - [2024-07-04T02:44:45.622+0000] {dag.py:3096} INFO - Sync 1 DAGs
[2024-07-04T02:44:45.629+0000] {logging_mixin.py:188} INFO - [2024-07-04T02:44:45.629+0000] {dag.py:3954} INFO - Setting next_dagrun for example_nested_branch_dag to 2024-07-03 00:00:00+00:00, run_after=2024-07-04 00:00:00+00:00
[2024-07-04T02:44:45.635+0000] {processor.py:183} INFO - Processing /home/airflow/.local/lib/python3.12/site-packages/airflow/example_dags/example_nested_branch_dag.py took 0.027 seconds
[2024-07-04T03:05:27.288+0000] {processor.py:161} INFO - Started process (PID=4870) to work on /home/airflow/.local/lib/python3.12/site-packages/airflow/example_dags/example_nested_branch_dag.py
[2024-07-04T03:05:27.289+0000] {processor.py:830} INFO - Processing file /home/airflow/.local/lib/python3.12/site-packages/airflow/example_dags/example_nested_branch_dag.py for tasks to queue
[2024-07-04T03:05:27.290+0000] {logging_mixin.py:188} INFO - [2024-07-04T03:05:27.289+0000] {dagbag.py:545} INFO - Filling up the DagBag from /home/airflow/.local/lib/python3.12/site-packages/airflow/example_dags/example_nested_branch_dag.py
[2024-07-04T03:05:27.294+0000] {processor.py:840} INFO - DAG(s) 'example_nested_branch_dag' retrieved from /home/airflow/.local/lib/python3.12/site-packages/airflow/example_dags/example_nested_branch_dag.py
[2024-07-04T03:05:27.303+0000] {logging_mixin.py:188} INFO - [2024-07-04T03:05:27.303+0000] {dag.py:3096} INFO - Sync 1 DAGs
[2024-07-04T03:05:27.311+0000] {logging_mixin.py:188} INFO - [2024-07-04T03:05:27.311+0000] {dag.py:3954} INFO - Setting next_dagrun for example_nested_branch_dag to 2024-07-03 00:00:00+00:00, run_after=2024-07-04 00:00:00+00:00
[2024-07-04T03:05:27.317+0000] {processor.py:183} INFO - Processing /home/airflow/.local/lib/python3.12/site-packages/airflow/example_dags/example_nested_branch_dag.py took 0.030 seconds
[2024-07-04T04:00:03.254+0000] {processor.py:161} INFO - Started process (PID=4928) to work on /home/airflow/.local/lib/python3.12/site-packages/airflow/example_dags/example_nested_branch_dag.py
[2024-07-04T04:00:03.255+0000] {processor.py:830} INFO - Processing file /home/airflow/.local/lib/python3.12/site-packages/airflow/example_dags/example_nested_branch_dag.py for tasks to queue
[2024-07-04T04:00:03.255+0000] {logging_mixin.py:188} INFO - [2024-07-04T04:00:03.255+0000] {dagbag.py:545} INFO - Filling up the DagBag from /home/airflow/.local/lib/python3.12/site-packages/airflow/example_dags/example_nested_branch_dag.py
[2024-07-04T04:00:03.260+0000] {processor.py:840} INFO - DAG(s) 'example_nested_branch_dag' retrieved from /home/airflow/.local/lib/python3.12/site-packages/airflow/example_dags/example_nested_branch_dag.py
[2024-07-04T04:00:03.268+0000] {logging_mixin.py:188} INFO - [2024-07-04T04:00:03.268+0000] {dag.py:3096} INFO - Sync 1 DAGs
[2024-07-04T04:00:03.276+0000] {logging_mixin.py:188} INFO - [2024-07-04T04:00:03.276+0000] {dag.py:3954} INFO - Setting next_dagrun for example_nested_branch_dag to 2024-07-03 00:00:00+00:00, run_after=2024-07-04 00:00:00+00:00
[2024-07-04T04:00:03.282+0000] {processor.py:183} INFO - Processing /home/airflow/.local/lib/python3.12/site-packages/airflow/example_dags/example_nested_branch_dag.py took 0.030 seconds
[2024-07-04T04:31:26.185+0000] {processor.py:161} INFO - Started process (PID=4986) to work on /home/airflow/.local/lib/python3.12/site-packages/airflow/example_dags/example_nested_branch_dag.py
[2024-07-04T04:31:26.186+0000] {processor.py:830} INFO - Processing file /home/airflow/.local/lib/python3.12/site-packages/airflow/example_dags/example_nested_branch_dag.py for tasks to queue
[2024-07-04T04:31:26.186+0000] {logging_mixin.py:188} INFO - [2024-07-04T04:31:26.186+0000] {dagbag.py:545} INFO - Filling up the DagBag from /home/airflow/.local/lib/python3.12/site-packages/airflow/example_dags/example_nested_branch_dag.py
[2024-07-04T04:31:26.190+0000] {processor.py:840} INFO - DAG(s) 'example_nested_branch_dag' retrieved from /home/airflow/.local/lib/python3.12/site-packages/airflow/example_dags/example_nested_branch_dag.py
[2024-07-04T04:31:26.198+0000] {logging_mixin.py:188} INFO - [2024-07-04T04:31:26.198+0000] {dag.py:3096} INFO - Sync 1 DAGs
[2024-07-04T04:31:26.205+0000] {logging_mixin.py:188} INFO - [2024-07-04T04:31:26.205+0000] {dag.py:3954} INFO - Setting next_dagrun for example_nested_branch_dag to 2024-07-03 00:00:00+00:00, run_after=2024-07-04 00:00:00+00:00
[2024-07-04T04:31:26.211+0000] {processor.py:183} INFO - Processing /home/airflow/.local/lib/python3.12/site-packages/airflow/example_dags/example_nested_branch_dag.py took 0.028 seconds
[2024-07-04T05:07:27.645+0000] {processor.py:161} INFO - Started process (PID=5044) to work on /home/airflow/.local/lib/python3.12/site-packages/airflow/example_dags/example_nested_branch_dag.py
[2024-07-04T05:07:27.646+0000] {processor.py:830} INFO - Processing file /home/airflow/.local/lib/python3.12/site-packages/airflow/example_dags/example_nested_branch_dag.py for tasks to queue
[2024-07-04T05:07:27.646+0000] {logging_mixin.py:188} INFO - [2024-07-04T05:07:27.646+0000] {dagbag.py:545} INFO - Filling up the DagBag from /home/airflow/.local/lib/python3.12/site-packages/airflow/example_dags/example_nested_branch_dag.py
[2024-07-04T05:07:27.651+0000] {processor.py:840} INFO - DAG(s) 'example_nested_branch_dag' retrieved from /home/airflow/.local/lib/python3.12/site-packages/airflow/example_dags/example_nested_branch_dag.py
[2024-07-04T05:07:27.659+0000] {logging_mixin.py:188} INFO - [2024-07-04T05:07:27.659+0000] {dag.py:3096} INFO - Sync 1 DAGs
[2024-07-04T05:07:27.668+0000] {logging_mixin.py:188} INFO - [2024-07-04T05:07:27.668+0000] {dag.py:3954} INFO - Setting next_dagrun for example_nested_branch_dag to 2024-07-03 00:00:00+00:00, run_after=2024-07-04 00:00:00+00:00
[2024-07-04T05:07:27.674+0000] {processor.py:183} INFO - Processing /home/airflow/.local/lib/python3.12/site-packages/airflow/example_dags/example_nested_branch_dag.py took 0.031 seconds
[2024-07-04T06:06:29.059+0000] {processor.py:161} INFO - Started process (PID=5102) to work on /home/airflow/.local/lib/python3.12/site-packages/airflow/example_dags/example_nested_branch_dag.py
[2024-07-04T06:06:29.059+0000] {processor.py:830} INFO - Processing file /home/airflow/.local/lib/python3.12/site-packages/airflow/example_dags/example_nested_branch_dag.py for tasks to queue
[2024-07-04T06:06:29.060+0000] {logging_mixin.py:188} INFO - [2024-07-04T06:06:29.060+0000] {dagbag.py:545} INFO - Filling up the DagBag from /home/airflow/.local/lib/python3.12/site-packages/airflow/example_dags/example_nested_branch_dag.py
[2024-07-04T06:06:29.064+0000] {processor.py:840} INFO - DAG(s) 'example_nested_branch_dag' retrieved from /home/airflow/.local/lib/python3.12/site-packages/airflow/example_dags/example_nested_branch_dag.py
[2024-07-04T06:06:29.072+0000] {logging_mixin.py:188} INFO - [2024-07-04T06:06:29.072+0000] {dag.py:3096} INFO - Sync 1 DAGs
[2024-07-04T06:06:29.081+0000] {logging_mixin.py:188} INFO - [2024-07-04T06:06:29.081+0000] {dag.py:3954} INFO - Setting next_dagrun for example_nested_branch_dag to 2024-07-03 00:00:00+00:00, run_after=2024-07-04 00:00:00+00:00
[2024-07-04T06:06:29.088+0000] {processor.py:183} INFO - Processing /home/airflow/.local/lib/python3.12/site-packages/airflow/example_dags/example_nested_branch_dag.py took 0.032 seconds
[2024-07-04T06:24:42.197+0000] {processor.py:161} INFO - Started process (PID=5160) to work on /home/airflow/.local/lib/python3.12/site-packages/airflow/example_dags/example_nested_branch_dag.py
[2024-07-04T06:24:42.198+0000] {processor.py:830} INFO - Processing file /home/airflow/.local/lib/python3.12/site-packages/airflow/example_dags/example_nested_branch_dag.py for tasks to queue
[2024-07-04T06:24:42.198+0000] {logging_mixin.py:188} INFO - [2024-07-04T06:24:42.198+0000] {dagbag.py:545} INFO - Filling up the DagBag from /home/airflow/.local/lib/python3.12/site-packages/airflow/example_dags/example_nested_branch_dag.py
[2024-07-04T06:24:42.202+0000] {processor.py:840} INFO - DAG(s) 'example_nested_branch_dag' retrieved from /home/airflow/.local/lib/python3.12/site-packages/airflow/example_dags/example_nested_branch_dag.py
[2024-07-04T06:24:42.210+0000] {logging_mixin.py:188} INFO - [2024-07-04T06:24:42.210+0000] {dag.py:3096} INFO - Sync 1 DAGs
[2024-07-04T06:24:42.218+0000] {logging_mixin.py:188} INFO - [2024-07-04T06:24:42.218+0000] {dag.py:3954} INFO - Setting next_dagrun for example_nested_branch_dag to 2024-07-03 00:00:00+00:00, run_after=2024-07-04 00:00:00+00:00
[2024-07-04T06:24:42.225+0000] {processor.py:183} INFO - Processing /home/airflow/.local/lib/python3.12/site-packages/airflow/example_dags/example_nested_branch_dag.py took 0.030 seconds
[2024-07-04T07:07:24.734+0000] {processor.py:161} INFO - Started process (PID=5218) to work on /home/airflow/.local/lib/python3.12/site-packages/airflow/example_dags/example_nested_branch_dag.py
[2024-07-04T07:07:24.735+0000] {processor.py:830} INFO - Processing file /home/airflow/.local/lib/python3.12/site-packages/airflow/example_dags/example_nested_branch_dag.py for tasks to queue
[2024-07-04T07:07:24.736+0000] {logging_mixin.py:188} INFO - [2024-07-04T07:07:24.736+0000] {dagbag.py:545} INFO - Filling up the DagBag from /home/airflow/.local/lib/python3.12/site-packages/airflow/example_dags/example_nested_branch_dag.py
[2024-07-04T07:07:24.740+0000] {processor.py:840} INFO - DAG(s) 'example_nested_branch_dag' retrieved from /home/airflow/.local/lib/python3.12/site-packages/airflow/example_dags/example_nested_branch_dag.py
[2024-07-04T07:07:24.750+0000] {logging_mixin.py:188} INFO - [2024-07-04T07:07:24.750+0000] {dag.py:3096} INFO - Sync 1 DAGs
[2024-07-04T07:07:24.759+0000] {logging_mixin.py:188} INFO - [2024-07-04T07:07:24.759+0000] {dag.py:3954} INFO - Setting next_dagrun for example_nested_branch_dag to 2024-07-03 00:00:00+00:00, run_after=2024-07-04 00:00:00+00:00
[2024-07-04T07:07:24.768+0000] {processor.py:183} INFO - Processing /home/airflow/.local/lib/python3.12/site-packages/airflow/example_dags/example_nested_branch_dag.py took 0.036 seconds
[2024-07-04T07:10:35.957+0000] {processor.py:161} INFO - Started process (PID=5276) to work on /home/airflow/.local/lib/python3.12/site-packages/airflow/example_dags/example_nested_branch_dag.py
[2024-07-04T07:10:35.957+0000] {processor.py:830} INFO - Processing file /home/airflow/.local/lib/python3.12/site-packages/airflow/example_dags/example_nested_branch_dag.py for tasks to queue
[2024-07-04T07:10:35.958+0000] {logging_mixin.py:188} INFO - [2024-07-04T07:10:35.958+0000] {dagbag.py:545} INFO - Filling up the DagBag from /home/airflow/.local/lib/python3.12/site-packages/airflow/example_dags/example_nested_branch_dag.py
[2024-07-04T07:10:35.962+0000] {processor.py:840} INFO - DAG(s) 'example_nested_branch_dag' retrieved from /home/airflow/.local/lib/python3.12/site-packages/airflow/example_dags/example_nested_branch_dag.py
[2024-07-04T07:10:35.969+0000] {logging_mixin.py:188} INFO - [2024-07-04T07:10:35.969+0000] {dag.py:3096} INFO - Sync 1 DAGs
[2024-07-04T07:10:35.977+0000] {logging_mixin.py:188} INFO - [2024-07-04T07:10:35.977+0000] {dag.py:3954} INFO - Setting next_dagrun for example_nested_branch_dag to 2024-07-03 00:00:00+00:00, run_after=2024-07-04 00:00:00+00:00
[2024-07-04T07:10:35.983+0000] {processor.py:183} INFO - Processing /home/airflow/.local/lib/python3.12/site-packages/airflow/example_dags/example_nested_branch_dag.py took 0.028 seconds
[2024-07-04T07:18:42.815+0000] {processor.py:161} INFO - Started process (PID=5334) to work on /home/airflow/.local/lib/python3.12/site-packages/airflow/example_dags/example_nested_branch_dag.py
[2024-07-04T07:18:42.815+0000] {processor.py:830} INFO - Processing file /home/airflow/.local/lib/python3.12/site-packages/airflow/example_dags/example_nested_branch_dag.py for tasks to queue
[2024-07-04T07:18:42.816+0000] {logging_mixin.py:188} INFO - [2024-07-04T07:18:42.816+0000] {dagbag.py:545} INFO - Filling up the DagBag from /home/airflow/.local/lib/python3.12/site-packages/airflow/example_dags/example_nested_branch_dag.py
[2024-07-04T07:18:42.820+0000] {processor.py:840} INFO - DAG(s) 'example_nested_branch_dag' retrieved from /home/airflow/.local/lib/python3.12/site-packages/airflow/example_dags/example_nested_branch_dag.py
[2024-07-04T07:18:42.828+0000] {logging_mixin.py:188} INFO - [2024-07-04T07:18:42.827+0000] {dag.py:3096} INFO - Sync 1 DAGs
[2024-07-04T07:18:42.835+0000] {logging_mixin.py:188} INFO - [2024-07-04T07:18:42.835+0000] {dag.py:3954} INFO - Setting next_dagrun for example_nested_branch_dag to 2024-07-03 00:00:00+00:00, run_after=2024-07-04 00:00:00+00:00
[2024-07-04T07:18:42.841+0000] {processor.py:183} INFO - Processing /home/airflow/.local/lib/python3.12/site-packages/airflow/example_dags/example_nested_branch_dag.py took 0.028 seconds
[2024-07-04T07:58:28.423+0000] {processor.py:161} INFO - Started process (PID=5392) to work on /home/airflow/.local/lib/python3.12/site-packages/airflow/example_dags/example_nested_branch_dag.py
[2024-07-04T07:58:28.424+0000] {processor.py:830} INFO - Processing file /home/airflow/.local/lib/python3.12/site-packages/airflow/example_dags/example_nested_branch_dag.py for tasks to queue
[2024-07-04T07:58:28.425+0000] {logging_mixin.py:188} INFO - [2024-07-04T07:58:28.424+0000] {dagbag.py:545} INFO - Filling up the DagBag from /home/airflow/.local/lib/python3.12/site-packages/airflow/example_dags/example_nested_branch_dag.py
[2024-07-04T07:58:28.428+0000] {processor.py:840} INFO - DAG(s) 'example_nested_branch_dag' retrieved from /home/airflow/.local/lib/python3.12/site-packages/airflow/example_dags/example_nested_branch_dag.py
[2024-07-04T07:58:28.437+0000] {logging_mixin.py:188} INFO - [2024-07-04T07:58:28.437+0000] {dag.py:3096} INFO - Sync 1 DAGs
[2024-07-04T07:58:28.446+0000] {logging_mixin.py:188} INFO - [2024-07-04T07:58:28.445+0000] {dag.py:3954} INFO - Setting next_dagrun for example_nested_branch_dag to 2024-07-03 00:00:00+00:00, run_after=2024-07-04 00:00:00+00:00
[2024-07-04T07:58:28.452+0000] {processor.py:183} INFO - Processing /home/airflow/.local/lib/python3.12/site-packages/airflow/example_dags/example_nested_branch_dag.py took 0.031 seconds
[2024-07-04T08:28:08.379+0000] {processor.py:161} INFO - Started process (PID=5450) to work on /home/airflow/.local/lib/python3.12/site-packages/airflow/example_dags/example_nested_branch_dag.py
[2024-07-04T08:28:08.379+0000] {processor.py:830} INFO - Processing file /home/airflow/.local/lib/python3.12/site-packages/airflow/example_dags/example_nested_branch_dag.py for tasks to queue
[2024-07-04T08:28:08.380+0000] {logging_mixin.py:188} INFO - [2024-07-04T08:28:08.380+0000] {dagbag.py:545} INFO - Filling up the DagBag from /home/airflow/.local/lib/python3.12/site-packages/airflow/example_dags/example_nested_branch_dag.py
[2024-07-04T08:28:08.384+0000] {processor.py:840} INFO - DAG(s) 'example_nested_branch_dag' retrieved from /home/airflow/.local/lib/python3.12/site-packages/airflow/example_dags/example_nested_branch_dag.py
[2024-07-04T08:28:08.392+0000] {logging_mixin.py:188} INFO - [2024-07-04T08:28:08.391+0000] {dag.py:3096} INFO - Sync 1 DAGs
[2024-07-04T08:28:08.399+0000] {logging_mixin.py:188} INFO - [2024-07-04T08:28:08.399+0000] {dag.py:3954} INFO - Setting next_dagrun for example_nested_branch_dag to 2024-07-03 00:00:00+00:00, run_after=2024-07-04 00:00:00+00:00
[2024-07-04T08:28:08.405+0000] {processor.py:183} INFO - Processing /home/airflow/.local/lib/python3.12/site-packages/airflow/example_dags/example_nested_branch_dag.py took 0.029 seconds
[2024-07-04T09:07:12.492+0000] {processor.py:161} INFO - Started process (PID=5508) to work on /home/airflow/.local/lib/python3.12/site-packages/airflow/example_dags/example_nested_branch_dag.py
[2024-07-04T09:07:12.492+0000] {processor.py:830} INFO - Processing file /home/airflow/.local/lib/python3.12/site-packages/airflow/example_dags/example_nested_branch_dag.py for tasks to queue
[2024-07-04T09:07:12.493+0000] {logging_mixin.py:188} INFO - [2024-07-04T09:07:12.493+0000] {dagbag.py:545} INFO - Filling up the DagBag from /home/airflow/.local/lib/python3.12/site-packages/airflow/example_dags/example_nested_branch_dag.py
[2024-07-04T09:07:12.497+0000] {processor.py:840} INFO - DAG(s) 'example_nested_branch_dag' retrieved from /home/airflow/.local/lib/python3.12/site-packages/airflow/example_dags/example_nested_branch_dag.py
[2024-07-04T09:07:12.506+0000] {logging_mixin.py:188} INFO - [2024-07-04T09:07:12.506+0000] {dag.py:3096} INFO - Sync 1 DAGs
[2024-07-04T09:07:12.514+0000] {logging_mixin.py:188} INFO - [2024-07-04T09:07:12.514+0000] {dag.py:3954} INFO - Setting next_dagrun for example_nested_branch_dag to 2024-07-03 00:00:00+00:00, run_after=2024-07-04 00:00:00+00:00
[2024-07-04T09:07:12.521+0000] {processor.py:183} INFO - Processing /home/airflow/.local/lib/python3.12/site-packages/airflow/example_dags/example_nested_branch_dag.py took 0.031 seconds
[2024-07-04T09:48:36.832+0000] {processor.py:161} INFO - Started process (PID=5565) to work on /home/airflow/.local/lib/python3.12/site-packages/airflow/example_dags/example_nested_branch_dag.py
[2024-07-04T09:48:36.832+0000] {processor.py:830} INFO - Processing file /home/airflow/.local/lib/python3.12/site-packages/airflow/example_dags/example_nested_branch_dag.py for tasks to queue
[2024-07-04T09:48:36.833+0000] {logging_mixin.py:188} INFO - [2024-07-04T09:48:36.833+0000] {dagbag.py:545} INFO - Filling up the DagBag from /home/airflow/.local/lib/python3.12/site-packages/airflow/example_dags/example_nested_branch_dag.py
[2024-07-04T09:48:36.838+0000] {processor.py:840} INFO - DAG(s) 'example_nested_branch_dag' retrieved from /home/airflow/.local/lib/python3.12/site-packages/airflow/example_dags/example_nested_branch_dag.py
[2024-07-04T09:48:36.846+0000] {logging_mixin.py:188} INFO - [2024-07-04T09:48:36.846+0000] {dag.py:3096} INFO - Sync 1 DAGs
[2024-07-04T09:48:36.853+0000] {logging_mixin.py:188} INFO - [2024-07-04T09:48:36.853+0000] {dag.py:3954} INFO - Setting next_dagrun for example_nested_branch_dag to 2024-07-03 00:00:00+00:00, run_after=2024-07-04 00:00:00+00:00
[2024-07-04T09:48:36.859+0000] {processor.py:183} INFO - Processing /home/airflow/.local/lib/python3.12/site-packages/airflow/example_dags/example_nested_branch_dag.py took 0.030 seconds
[2024-07-04T10:29:05.010+0000] {processor.py:161} INFO - Started process (PID=5623) to work on /home/airflow/.local/lib/python3.12/site-packages/airflow/example_dags/example_nested_branch_dag.py
[2024-07-04T10:29:05.010+0000] {processor.py:830} INFO - Processing file /home/airflow/.local/lib/python3.12/site-packages/airflow/example_dags/example_nested_branch_dag.py for tasks to queue
[2024-07-04T10:29:05.011+0000] {logging_mixin.py:188} INFO - [2024-07-04T10:29:05.011+0000] {dagbag.py:545} INFO - Filling up the DagBag from /home/airflow/.local/lib/python3.12/site-packages/airflow/example_dags/example_nested_branch_dag.py
[2024-07-04T10:29:05.016+0000] {processor.py:840} INFO - DAG(s) 'example_nested_branch_dag' retrieved from /home/airflow/.local/lib/python3.12/site-packages/airflow/example_dags/example_nested_branch_dag.py
[2024-07-04T10:29:05.026+0000] {logging_mixin.py:188} INFO - [2024-07-04T10:29:05.025+0000] {dag.py:3096} INFO - Sync 1 DAGs
[2024-07-04T10:29:05.035+0000] {logging_mixin.py:188} INFO - [2024-07-04T10:29:05.035+0000] {dag.py:3954} INFO - Setting next_dagrun for example_nested_branch_dag to 2024-07-03 00:00:00+00:00, run_after=2024-07-04 00:00:00+00:00
[2024-07-04T10:29:05.042+0000] {processor.py:183} INFO - Processing /home/airflow/.local/lib/python3.12/site-packages/airflow/example_dags/example_nested_branch_dag.py took 0.035 seconds
[2024-07-04T11:13:24.190+0000] {processor.py:161} INFO - Started process (PID=5681) to work on /home/airflow/.local/lib/python3.12/site-packages/airflow/example_dags/example_nested_branch_dag.py
[2024-07-04T11:13:24.191+0000] {processor.py:830} INFO - Processing file /home/airflow/.local/lib/python3.12/site-packages/airflow/example_dags/example_nested_branch_dag.py for tasks to queue
[2024-07-04T11:13:24.191+0000] {logging_mixin.py:188} INFO - [2024-07-04T11:13:24.191+0000] {dagbag.py:545} INFO - Filling up the DagBag from /home/airflow/.local/lib/python3.12/site-packages/airflow/example_dags/example_nested_branch_dag.py
[2024-07-04T11:13:24.195+0000] {processor.py:840} INFO - DAG(s) 'example_nested_branch_dag' retrieved from /home/airflow/.local/lib/python3.12/site-packages/airflow/example_dags/example_nested_branch_dag.py
[2024-07-04T11:13:24.203+0000] {logging_mixin.py:188} INFO - [2024-07-04T11:13:24.203+0000] {dag.py:3096} INFO - Sync 1 DAGs
[2024-07-04T11:13:24.211+0000] {logging_mixin.py:188} INFO - [2024-07-04T11:13:24.211+0000] {dag.py:3954} INFO - Setting next_dagrun for example_nested_branch_dag to 2024-07-03 00:00:00+00:00, run_after=2024-07-04 00:00:00+00:00
[2024-07-04T11:13:24.217+0000] {processor.py:183} INFO - Processing /home/airflow/.local/lib/python3.12/site-packages/airflow/example_dags/example_nested_branch_dag.py took 0.029 seconds
[2024-07-04T12:14:26.364+0000] {processor.py:161} INFO - Started process (PID=5739) to work on /home/airflow/.local/lib/python3.12/site-packages/airflow/example_dags/example_nested_branch_dag.py
[2024-07-04T12:14:26.365+0000] {processor.py:830} INFO - Processing file /home/airflow/.local/lib/python3.12/site-packages/airflow/example_dags/example_nested_branch_dag.py for tasks to queue
[2024-07-04T12:14:26.366+0000] {logging_mixin.py:188} INFO - [2024-07-04T12:14:26.365+0000] {dagbag.py:545} INFO - Filling up the DagBag from /home/airflow/.local/lib/python3.12/site-packages/airflow/example_dags/example_nested_branch_dag.py
[2024-07-04T12:14:26.370+0000] {processor.py:840} INFO - DAG(s) 'example_nested_branch_dag' retrieved from /home/airflow/.local/lib/python3.12/site-packages/airflow/example_dags/example_nested_branch_dag.py
[2024-07-04T12:14:26.379+0000] {logging_mixin.py:188} INFO - [2024-07-04T12:14:26.379+0000] {dag.py:3096} INFO - Sync 1 DAGs
[2024-07-04T12:14:26.388+0000] {logging_mixin.py:188} INFO - [2024-07-04T12:14:26.388+0000] {dag.py:3954} INFO - Setting next_dagrun for example_nested_branch_dag to 2024-07-03 00:00:00+00:00, run_after=2024-07-04 00:00:00+00:00
[2024-07-04T12:14:26.394+0000] {processor.py:183} INFO - Processing /home/airflow/.local/lib/python3.12/site-packages/airflow/example_dags/example_nested_branch_dag.py took 0.033 seconds
[2024-07-04T13:00:41.207+0000] {processor.py:161} INFO - Started process (PID=5797) to work on /home/airflow/.local/lib/python3.12/site-packages/airflow/example_dags/example_nested_branch_dag.py
[2024-07-04T13:00:41.207+0000] {processor.py:830} INFO - Processing file /home/airflow/.local/lib/python3.12/site-packages/airflow/example_dags/example_nested_branch_dag.py for tasks to queue
[2024-07-04T13:00:41.208+0000] {logging_mixin.py:188} INFO - [2024-07-04T13:00:41.208+0000] {dagbag.py:545} INFO - Filling up the DagBag from /home/airflow/.local/lib/python3.12/site-packages/airflow/example_dags/example_nested_branch_dag.py
[2024-07-04T13:00:41.212+0000] {processor.py:840} INFO - DAG(s) 'example_nested_branch_dag' retrieved from /home/airflow/.local/lib/python3.12/site-packages/airflow/example_dags/example_nested_branch_dag.py
[2024-07-04T13:00:41.219+0000] {logging_mixin.py:188} INFO - [2024-07-04T13:00:41.219+0000] {dag.py:3096} INFO - Sync 1 DAGs
[2024-07-04T13:00:41.228+0000] {logging_mixin.py:188} INFO - [2024-07-04T13:00:41.228+0000] {dag.py:3954} INFO - Setting next_dagrun for example_nested_branch_dag to 2024-07-03 00:00:00+00:00, run_after=2024-07-04 00:00:00+00:00
[2024-07-04T13:00:41.234+0000] {processor.py:183} INFO - Processing /home/airflow/.local/lib/python3.12/site-packages/airflow/example_dags/example_nested_branch_dag.py took 0.029 seconds
[2024-07-04T13:15:20.614+0000] {processor.py:161} INFO - Started process (PID=5855) to work on /home/airflow/.local/lib/python3.12/site-packages/airflow/example_dags/example_nested_branch_dag.py
[2024-07-04T13:15:20.615+0000] {processor.py:830} INFO - Processing file /home/airflow/.local/lib/python3.12/site-packages/airflow/example_dags/example_nested_branch_dag.py for tasks to queue
[2024-07-04T13:15:20.615+0000] {logging_mixin.py:188} INFO - [2024-07-04T13:15:20.615+0000] {dagbag.py:545} INFO - Filling up the DagBag from /home/airflow/.local/lib/python3.12/site-packages/airflow/example_dags/example_nested_branch_dag.py
[2024-07-04T13:15:20.619+0000] {processor.py:840} INFO - DAG(s) 'example_nested_branch_dag' retrieved from /home/airflow/.local/lib/python3.12/site-packages/airflow/example_dags/example_nested_branch_dag.py
[2024-07-04T13:15:20.627+0000] {logging_mixin.py:188} INFO - [2024-07-04T13:15:20.627+0000] {dag.py:3096} INFO - Sync 1 DAGs
[2024-07-04T13:15:20.635+0000] {logging_mixin.py:188} INFO - [2024-07-04T13:15:20.635+0000] {dag.py:3954} INFO - Setting next_dagrun for example_nested_branch_dag to 2024-07-03 00:00:00+00:00, run_after=2024-07-04 00:00:00+00:00
[2024-07-04T13:15:20.641+0000] {processor.py:183} INFO - Processing /home/airflow/.local/lib/python3.12/site-packages/airflow/example_dags/example_nested_branch_dag.py took 0.028 seconds
[2024-07-04T13:30:25.854+0000] {processor.py:161} INFO - Started process (PID=5913) to work on /home/airflow/.local/lib/python3.12/site-packages/airflow/example_dags/example_nested_branch_dag.py
[2024-07-04T13:30:25.855+0000] {processor.py:830} INFO - Processing file /home/airflow/.local/lib/python3.12/site-packages/airflow/example_dags/example_nested_branch_dag.py for tasks to queue
[2024-07-04T13:30:25.856+0000] {logging_mixin.py:188} INFO - [2024-07-04T13:30:25.856+0000] {dagbag.py:545} INFO - Filling up the DagBag from /home/airflow/.local/lib/python3.12/site-packages/airflow/example_dags/example_nested_branch_dag.py
[2024-07-04T13:30:25.860+0000] {processor.py:840} INFO - DAG(s) 'example_nested_branch_dag' retrieved from /home/airflow/.local/lib/python3.12/site-packages/airflow/example_dags/example_nested_branch_dag.py
[2024-07-04T13:30:25.868+0000] {logging_mixin.py:188} INFO - [2024-07-04T13:30:25.868+0000] {dag.py:3096} INFO - Sync 1 DAGs
[2024-07-04T13:30:25.876+0000] {logging_mixin.py:188} INFO - [2024-07-04T13:30:25.876+0000] {dag.py:3954} INFO - Setting next_dagrun for example_nested_branch_dag to 2024-07-03 00:00:00+00:00, run_after=2024-07-04 00:00:00+00:00
[2024-07-04T13:30:25.882+0000] {processor.py:183} INFO - Processing /home/airflow/.local/lib/python3.12/site-packages/airflow/example_dags/example_nested_branch_dag.py took 0.030 seconds
[2024-07-04T13:50:27.666+0000] {processor.py:161} INFO - Started process (PID=5971) to work on /home/airflow/.local/lib/python3.12/site-packages/airflow/example_dags/example_nested_branch_dag.py
[2024-07-04T13:50:27.666+0000] {processor.py:830} INFO - Processing file /home/airflow/.local/lib/python3.12/site-packages/airflow/example_dags/example_nested_branch_dag.py for tasks to queue
[2024-07-04T13:50:27.667+0000] {logging_mixin.py:188} INFO - [2024-07-04T13:50:27.667+0000] {dagbag.py:545} INFO - Filling up the DagBag from /home/airflow/.local/lib/python3.12/site-packages/airflow/example_dags/example_nested_branch_dag.py
[2024-07-04T13:50:27.672+0000] {processor.py:840} INFO - DAG(s) 'example_nested_branch_dag' retrieved from /home/airflow/.local/lib/python3.12/site-packages/airflow/example_dags/example_nested_branch_dag.py
[2024-07-04T13:50:27.680+0000] {logging_mixin.py:188} INFO - [2024-07-04T13:50:27.680+0000] {dag.py:3096} INFO - Sync 1 DAGs
[2024-07-04T13:50:27.688+0000] {logging_mixin.py:188} INFO - [2024-07-04T13:50:27.688+0000] {dag.py:3954} INFO - Setting next_dagrun for example_nested_branch_dag to 2024-07-03 00:00:00+00:00, run_after=2024-07-04 00:00:00+00:00
[2024-07-04T13:50:27.694+0000] {processor.py:183} INFO - Processing /home/airflow/.local/lib/python3.12/site-packages/airflow/example_dags/example_nested_branch_dag.py took 0.031 seconds
[2024-07-04T14:16:28.112+0000] {processor.py:161} INFO - Started process (PID=6029) to work on /home/airflow/.local/lib/python3.12/site-packages/airflow/example_dags/example_nested_branch_dag.py
[2024-07-04T14:16:28.112+0000] {processor.py:830} INFO - Processing file /home/airflow/.local/lib/python3.12/site-packages/airflow/example_dags/example_nested_branch_dag.py for tasks to queue
[2024-07-04T14:16:28.113+0000] {logging_mixin.py:188} INFO - [2024-07-04T14:16:28.113+0000] {dagbag.py:545} INFO - Filling up the DagBag from /home/airflow/.local/lib/python3.12/site-packages/airflow/example_dags/example_nested_branch_dag.py
[2024-07-04T14:16:28.117+0000] {processor.py:840} INFO - DAG(s) 'example_nested_branch_dag' retrieved from /home/airflow/.local/lib/python3.12/site-packages/airflow/example_dags/example_nested_branch_dag.py
[2024-07-04T14:16:28.124+0000] {logging_mixin.py:188} INFO - [2024-07-04T14:16:28.124+0000] {dag.py:3096} INFO - Sync 1 DAGs
[2024-07-04T14:16:28.132+0000] {logging_mixin.py:188} INFO - [2024-07-04T14:16:28.132+0000] {dag.py:3954} INFO - Setting next_dagrun for example_nested_branch_dag to 2024-07-03 00:00:00+00:00, run_after=2024-07-04 00:00:00+00:00
[2024-07-04T14:16:28.138+0000] {processor.py:183} INFO - Processing /home/airflow/.local/lib/python3.12/site-packages/airflow/example_dags/example_nested_branch_dag.py took 0.029 seconds
[2024-07-04T15:04:49.625+0000] {processor.py:161} INFO - Started process (PID=6087) to work on /home/airflow/.local/lib/python3.12/site-packages/airflow/example_dags/example_nested_branch_dag.py
[2024-07-04T15:04:49.626+0000] {processor.py:830} INFO - Processing file /home/airflow/.local/lib/python3.12/site-packages/airflow/example_dags/example_nested_branch_dag.py for tasks to queue
[2024-07-04T15:04:49.626+0000] {logging_mixin.py:188} INFO - [2024-07-04T15:04:49.626+0000] {dagbag.py:545} INFO - Filling up the DagBag from /home/airflow/.local/lib/python3.12/site-packages/airflow/example_dags/example_nested_branch_dag.py
[2024-07-04T15:04:49.631+0000] {processor.py:840} INFO - DAG(s) 'example_nested_branch_dag' retrieved from /home/airflow/.local/lib/python3.12/site-packages/airflow/example_dags/example_nested_branch_dag.py
[2024-07-04T15:04:49.639+0000] {logging_mixin.py:188} INFO - [2024-07-04T15:04:49.639+0000] {dag.py:3096} INFO - Sync 1 DAGs
[2024-07-04T15:04:49.647+0000] {logging_mixin.py:188} INFO - [2024-07-04T15:04:49.647+0000] {dag.py:3954} INFO - Setting next_dagrun for example_nested_branch_dag to 2024-07-03 00:00:00+00:00, run_after=2024-07-04 00:00:00+00:00
[2024-07-04T15:04:49.654+0000] {processor.py:183} INFO - Processing /home/airflow/.local/lib/python3.12/site-packages/airflow/example_dags/example_nested_branch_dag.py took 0.031 seconds
[2024-07-04T15:43:16.124+0000] {processor.py:161} INFO - Started process (PID=6145) to work on /home/airflow/.local/lib/python3.12/site-packages/airflow/example_dags/example_nested_branch_dag.py
[2024-07-04T15:43:16.124+0000] {processor.py:830} INFO - Processing file /home/airflow/.local/lib/python3.12/site-packages/airflow/example_dags/example_nested_branch_dag.py for tasks to queue
[2024-07-04T15:43:16.125+0000] {logging_mixin.py:188} INFO - [2024-07-04T15:43:16.125+0000] {dagbag.py:545} INFO - Filling up the DagBag from /home/airflow/.local/lib/python3.12/site-packages/airflow/example_dags/example_nested_branch_dag.py
[2024-07-04T15:43:16.129+0000] {processor.py:840} INFO - DAG(s) 'example_nested_branch_dag' retrieved from /home/airflow/.local/lib/python3.12/site-packages/airflow/example_dags/example_nested_branch_dag.py
[2024-07-04T15:43:16.137+0000] {logging_mixin.py:188} INFO - [2024-07-04T15:43:16.137+0000] {dag.py:3096} INFO - Sync 1 DAGs
[2024-07-04T15:43:16.145+0000] {logging_mixin.py:188} INFO - [2024-07-04T15:43:16.145+0000] {dag.py:3954} INFO - Setting next_dagrun for example_nested_branch_dag to 2024-07-03 00:00:00+00:00, run_after=2024-07-04 00:00:00+00:00
[2024-07-04T15:43:16.152+0000] {processor.py:183} INFO - Processing /home/airflow/.local/lib/python3.12/site-packages/airflow/example_dags/example_nested_branch_dag.py took 0.031 seconds
[2024-07-04T16:18:30.559+0000] {processor.py:161} INFO - Started process (PID=6203) to work on /home/airflow/.local/lib/python3.12/site-packages/airflow/example_dags/example_nested_branch_dag.py
[2024-07-04T16:18:30.560+0000] {processor.py:830} INFO - Processing file /home/airflow/.local/lib/python3.12/site-packages/airflow/example_dags/example_nested_branch_dag.py for tasks to queue
[2024-07-04T16:18:30.561+0000] {logging_mixin.py:188} INFO - [2024-07-04T16:18:30.560+0000] {dagbag.py:545} INFO - Filling up the DagBag from /home/airflow/.local/lib/python3.12/site-packages/airflow/example_dags/example_nested_branch_dag.py
[2024-07-04T16:18:30.565+0000] {processor.py:840} INFO - DAG(s) 'example_nested_branch_dag' retrieved from /home/airflow/.local/lib/python3.12/site-packages/airflow/example_dags/example_nested_branch_dag.py
[2024-07-04T16:18:30.572+0000] {logging_mixin.py:188} INFO - [2024-07-04T16:18:30.572+0000] {dag.py:3096} INFO - Sync 1 DAGs
[2024-07-04T16:18:30.580+0000] {logging_mixin.py:188} INFO - [2024-07-04T16:18:30.580+0000] {dag.py:3954} INFO - Setting next_dagrun for example_nested_branch_dag to 2024-07-03 00:00:00+00:00, run_after=2024-07-04 00:00:00+00:00
[2024-07-04T16:18:30.586+0000] {processor.py:183} INFO - Processing /home/airflow/.local/lib/python3.12/site-packages/airflow/example_dags/example_nested_branch_dag.py took 0.029 seconds
[2024-07-04T16:45:11.944+0000] {processor.py:161} INFO - Started process (PID=6261) to work on /home/airflow/.local/lib/python3.12/site-packages/airflow/example_dags/example_nested_branch_dag.py
[2024-07-04T16:45:11.944+0000] {processor.py:830} INFO - Processing file /home/airflow/.local/lib/python3.12/site-packages/airflow/example_dags/example_nested_branch_dag.py for tasks to queue
[2024-07-04T16:45:11.945+0000] {logging_mixin.py:188} INFO - [2024-07-04T16:45:11.945+0000] {dagbag.py:545} INFO - Filling up the DagBag from /home/airflow/.local/lib/python3.12/site-packages/airflow/example_dags/example_nested_branch_dag.py
[2024-07-04T16:45:11.949+0000] {processor.py:840} INFO - DAG(s) 'example_nested_branch_dag' retrieved from /home/airflow/.local/lib/python3.12/site-packages/airflow/example_dags/example_nested_branch_dag.py
[2024-07-04T16:45:11.957+0000] {logging_mixin.py:188} INFO - [2024-07-04T16:45:11.957+0000] {dag.py:3096} INFO - Sync 1 DAGs
[2024-07-04T16:45:11.966+0000] {logging_mixin.py:188} INFO - [2024-07-04T16:45:11.965+0000] {dag.py:3954} INFO - Setting next_dagrun for example_nested_branch_dag to 2024-07-03 00:00:00+00:00, run_after=2024-07-04 00:00:00+00:00
[2024-07-04T16:45:11.972+0000] {processor.py:183} INFO - Processing /home/airflow/.local/lib/python3.12/site-packages/airflow/example_dags/example_nested_branch_dag.py took 0.031 seconds
[2024-07-04T17:39:35.587+0000] {processor.py:161} INFO - Started process (PID=6319) to work on /home/airflow/.local/lib/python3.12/site-packages/airflow/example_dags/example_nested_branch_dag.py
[2024-07-04T17:39:35.588+0000] {processor.py:830} INFO - Processing file /home/airflow/.local/lib/python3.12/site-packages/airflow/example_dags/example_nested_branch_dag.py for tasks to queue
[2024-07-04T17:39:35.589+0000] {logging_mixin.py:188} INFO - [2024-07-04T17:39:35.588+0000] {dagbag.py:545} INFO - Filling up the DagBag from /home/airflow/.local/lib/python3.12/site-packages/airflow/example_dags/example_nested_branch_dag.py
[2024-07-04T17:39:35.592+0000] {processor.py:840} INFO - DAG(s) 'example_nested_branch_dag' retrieved from /home/airflow/.local/lib/python3.12/site-packages/airflow/example_dags/example_nested_branch_dag.py
[2024-07-04T17:39:35.600+0000] {logging_mixin.py:188} INFO - [2024-07-04T17:39:35.600+0000] {dag.py:3096} INFO - Sync 1 DAGs
[2024-07-04T17:39:35.607+0000] {logging_mixin.py:188} INFO - [2024-07-04T17:39:35.607+0000] {dag.py:3954} INFO - Setting next_dagrun for example_nested_branch_dag to 2024-07-03 00:00:00+00:00, run_after=2024-07-04 00:00:00+00:00
[2024-07-04T17:39:35.613+0000] {processor.py:183} INFO - Processing /home/airflow/.local/lib/python3.12/site-packages/airflow/example_dags/example_nested_branch_dag.py took 0.028 seconds
[2024-07-04T18:32:14.652+0000] {processor.py:161} INFO - Started process (PID=6377) to work on /home/airflow/.local/lib/python3.12/site-packages/airflow/example_dags/example_nested_branch_dag.py
[2024-07-04T18:32:14.652+0000] {processor.py:830} INFO - Processing file /home/airflow/.local/lib/python3.12/site-packages/airflow/example_dags/example_nested_branch_dag.py for tasks to queue
[2024-07-04T18:32:14.653+0000] {logging_mixin.py:188} INFO - [2024-07-04T18:32:14.653+0000] {dagbag.py:545} INFO - Filling up the DagBag from /home/airflow/.local/lib/python3.12/site-packages/airflow/example_dags/example_nested_branch_dag.py
[2024-07-04T18:32:14.657+0000] {processor.py:840} INFO - DAG(s) 'example_nested_branch_dag' retrieved from /home/airflow/.local/lib/python3.12/site-packages/airflow/example_dags/example_nested_branch_dag.py
[2024-07-04T18:32:14.665+0000] {logging_mixin.py:188} INFO - [2024-07-04T18:32:14.665+0000] {dag.py:3096} INFO - Sync 1 DAGs
[2024-07-04T18:32:14.673+0000] {logging_mixin.py:188} INFO - [2024-07-04T18:32:14.672+0000] {dag.py:3954} INFO - Setting next_dagrun for example_nested_branch_dag to 2024-07-03 00:00:00+00:00, run_after=2024-07-04 00:00:00+00:00
[2024-07-04T18:32:14.678+0000] {processor.py:183} INFO - Processing /home/airflow/.local/lib/python3.12/site-packages/airflow/example_dags/example_nested_branch_dag.py took 0.028 seconds
[2024-07-04T19:08:33.316+0000] {processor.py:161} INFO - Started process (PID=6434) to work on /home/airflow/.local/lib/python3.12/site-packages/airflow/example_dags/example_nested_branch_dag.py
[2024-07-04T19:08:33.317+0000] {processor.py:830} INFO - Processing file /home/airflow/.local/lib/python3.12/site-packages/airflow/example_dags/example_nested_branch_dag.py for tasks to queue
[2024-07-04T19:08:33.317+0000] {logging_mixin.py:188} INFO - [2024-07-04T19:08:33.317+0000] {dagbag.py:545} INFO - Filling up the DagBag from /home/airflow/.local/lib/python3.12/site-packages/airflow/example_dags/example_nested_branch_dag.py
[2024-07-04T19:08:33.321+0000] {processor.py:840} INFO - DAG(s) 'example_nested_branch_dag' retrieved from /home/airflow/.local/lib/python3.12/site-packages/airflow/example_dags/example_nested_branch_dag.py
[2024-07-04T19:08:33.329+0000] {logging_mixin.py:188} INFO - [2024-07-04T19:08:33.329+0000] {dag.py:3096} INFO - Sync 1 DAGs
[2024-07-04T19:08:33.337+0000] {logging_mixin.py:188} INFO - [2024-07-04T19:08:33.337+0000] {dag.py:3954} INFO - Setting next_dagrun for example_nested_branch_dag to 2024-07-03 00:00:00+00:00, run_after=2024-07-04 00:00:00+00:00
[2024-07-04T19:08:33.343+0000] {processor.py:183} INFO - Processing /home/airflow/.local/lib/python3.12/site-packages/airflow/example_dags/example_nested_branch_dag.py took 0.029 seconds
[2024-07-04T20:48:22.292+0000] {processor.py:161} INFO - Started process (PID=6492) to work on /home/airflow/.local/lib/python3.12/site-packages/airflow/example_dags/example_nested_branch_dag.py
[2024-07-04T20:48:22.293+0000] {processor.py:830} INFO - Processing file /home/airflow/.local/lib/python3.12/site-packages/airflow/example_dags/example_nested_branch_dag.py for tasks to queue
[2024-07-04T20:48:22.293+0000] {logging_mixin.py:188} INFO - [2024-07-04T20:48:22.293+0000] {dagbag.py:545} INFO - Filling up the DagBag from /home/airflow/.local/lib/python3.12/site-packages/airflow/example_dags/example_nested_branch_dag.py
[2024-07-04T20:48:22.298+0000] {processor.py:840} INFO - DAG(s) 'example_nested_branch_dag' retrieved from /home/airflow/.local/lib/python3.12/site-packages/airflow/example_dags/example_nested_branch_dag.py
[2024-07-04T20:48:22.306+0000] {logging_mixin.py:188} INFO - [2024-07-04T20:48:22.306+0000] {dag.py:3096} INFO - Sync 1 DAGs
[2024-07-04T20:48:22.314+0000] {logging_mixin.py:188} INFO - [2024-07-04T20:48:22.314+0000] {dag.py:3954} INFO - Setting next_dagrun for example_nested_branch_dag to 2024-07-03 00:00:00+00:00, run_after=2024-07-04 00:00:00+00:00
[2024-07-04T20:48:22.320+0000] {processor.py:183} INFO - Processing /home/airflow/.local/lib/python3.12/site-packages/airflow/example_dags/example_nested_branch_dag.py took 0.030 seconds
[2024-07-04T21:49:23.241+0000] {processor.py:161} INFO - Started process (PID=6550) to work on /home/airflow/.local/lib/python3.12/site-packages/airflow/example_dags/example_nested_branch_dag.py
[2024-07-04T21:49:23.241+0000] {processor.py:830} INFO - Processing file /home/airflow/.local/lib/python3.12/site-packages/airflow/example_dags/example_nested_branch_dag.py for tasks to queue
[2024-07-04T21:49:23.242+0000] {logging_mixin.py:188} INFO - [2024-07-04T21:49:23.242+0000] {dagbag.py:545} INFO - Filling up the DagBag from /home/airflow/.local/lib/python3.12/site-packages/airflow/example_dags/example_nested_branch_dag.py
[2024-07-04T21:49:23.246+0000] {processor.py:840} INFO - DAG(s) 'example_nested_branch_dag' retrieved from /home/airflow/.local/lib/python3.12/site-packages/airflow/example_dags/example_nested_branch_dag.py
[2024-07-04T21:49:23.256+0000] {logging_mixin.py:188} INFO - [2024-07-04T21:49:23.256+0000] {dag.py:3096} INFO - Sync 1 DAGs
[2024-07-04T21:49:23.265+0000] {logging_mixin.py:188} INFO - [2024-07-04T21:49:23.265+0000] {dag.py:3954} INFO - Setting next_dagrun for example_nested_branch_dag to 2024-07-03 00:00:00+00:00, run_after=2024-07-04 00:00:00+00:00
[2024-07-04T21:49:23.272+0000] {processor.py:183} INFO - Processing /home/airflow/.local/lib/python3.12/site-packages/airflow/example_dags/example_nested_branch_dag.py took 0.034 seconds
[2024-07-04T23:01:34.386+0000] {processor.py:161} INFO - Started process (PID=6608) to work on /home/airflow/.local/lib/python3.12/site-packages/airflow/example_dags/example_nested_branch_dag.py
[2024-07-04T23:01:34.387+0000] {processor.py:830} INFO - Processing file /home/airflow/.local/lib/python3.12/site-packages/airflow/example_dags/example_nested_branch_dag.py for tasks to queue
[2024-07-04T23:01:34.388+0000] {logging_mixin.py:188} INFO - [2024-07-04T23:01:34.387+0000] {dagbag.py:545} INFO - Filling up the DagBag from /home/airflow/.local/lib/python3.12/site-packages/airflow/example_dags/example_nested_branch_dag.py
[2024-07-04T23:01:34.391+0000] {processor.py:840} INFO - DAG(s) 'example_nested_branch_dag' retrieved from /home/airflow/.local/lib/python3.12/site-packages/airflow/example_dags/example_nested_branch_dag.py
[2024-07-04T23:01:34.399+0000] {logging_mixin.py:188} INFO - [2024-07-04T23:01:34.399+0000] {dag.py:3096} INFO - Sync 1 DAGs
[2024-07-04T23:01:34.408+0000] {logging_mixin.py:188} INFO - [2024-07-04T23:01:34.408+0000] {dag.py:3954} INFO - Setting next_dagrun for example_nested_branch_dag to 2024-07-03 00:00:00+00:00, run_after=2024-07-04 00:00:00+00:00
[2024-07-04T23:01:34.414+0000] {processor.py:183} INFO - Processing /home/airflow/.local/lib/python3.12/site-packages/airflow/example_dags/example_nested_branch_dag.py took 0.030 seconds
[2024-07-04T23:16:30.990+0000] {processor.py:161} INFO - Started process (PID=6666) to work on /home/airflow/.local/lib/python3.12/site-packages/airflow/example_dags/example_nested_branch_dag.py
[2024-07-04T23:16:30.990+0000] {processor.py:830} INFO - Processing file /home/airflow/.local/lib/python3.12/site-packages/airflow/example_dags/example_nested_branch_dag.py for tasks to queue
[2024-07-04T23:16:30.991+0000] {logging_mixin.py:188} INFO - [2024-07-04T23:16:30.991+0000] {dagbag.py:545} INFO - Filling up the DagBag from /home/airflow/.local/lib/python3.12/site-packages/airflow/example_dags/example_nested_branch_dag.py
[2024-07-04T23:16:30.995+0000] {processor.py:840} INFO - DAG(s) 'example_nested_branch_dag' retrieved from /home/airflow/.local/lib/python3.12/site-packages/airflow/example_dags/example_nested_branch_dag.py
[2024-07-04T23:16:31.004+0000] {logging_mixin.py:188} INFO - [2024-07-04T23:16:31.003+0000] {dag.py:3096} INFO - Sync 1 DAGs
[2024-07-04T23:16:31.013+0000] {logging_mixin.py:188} INFO - [2024-07-04T23:16:31.013+0000] {dag.py:3954} INFO - Setting next_dagrun for example_nested_branch_dag to 2024-07-03 00:00:00+00:00, run_after=2024-07-04 00:00:00+00:00
[2024-07-04T23:16:31.019+0000] {processor.py:183} INFO - Processing /home/airflow/.local/lib/python3.12/site-packages/airflow/example_dags/example_nested_branch_dag.py took 0.032 seconds
