[2024-07-04T00:20:53.791+0000] {processor.py:161} INFO - Started process (PID=4455) to work on /home/airflow/.local/lib/python3.12/site-packages/airflow/example_dags/example_setup_teardown.py
[2024-07-04T00:20:53.792+0000] {processor.py:830} INFO - Processing file /home/airflow/.local/lib/python3.12/site-packages/airflow/example_dags/example_setup_teardown.py for tasks to queue
[2024-07-04T00:20:53.792+0000] {logging_mixin.py:188} INFO - [2024-07-04T00:20:53.792+0000] {dagbag.py:545} INFO - Filling up the DagBag from /home/airflow/.local/lib/python3.12/site-packages/airflow/example_dags/example_setup_teardown.py
[2024-07-04T00:20:53.795+0000] {processor.py:840} INFO - DAG(s) 'example_setup_teardown' retrieved from /home/airflow/.local/lib/python3.12/site-packages/airflow/example_dags/example_setup_teardown.py
[2024-07-04T00:20:53.803+0000] {logging_mixin.py:188} INFO - [2024-07-04T00:20:53.803+0000] {dag.py:3096} INFO - Sync 1 DAGs
[2024-07-04T00:20:53.811+0000] {logging_mixin.py:188} INFO - [2024-07-04T00:20:53.811+0000] {dag.py:3954} INFO - Setting next_dagrun for example_setup_teardown to 2024-07-03 00:00:00+00:00, run_after=2024-07-04 00:00:00+00:00
[2024-07-04T00:20:53.818+0000] {processor.py:183} INFO - Processing /home/airflow/.local/lib/python3.12/site-packages/airflow/example_dags/example_setup_teardown.py took 0.029 seconds
[2024-07-04T00:32:44.340+0000] {processor.py:161} INFO - Started process (PID=4513) to work on /home/airflow/.local/lib/python3.12/site-packages/airflow/example_dags/example_setup_teardown.py
[2024-07-04T00:32:44.341+0000] {processor.py:830} INFO - Processing file /home/airflow/.local/lib/python3.12/site-packages/airflow/example_dags/example_setup_teardown.py for tasks to queue
[2024-07-04T00:32:44.342+0000] {logging_mixin.py:188} INFO - [2024-07-04T00:32:44.341+0000] {dagbag.py:545} INFO - Filling up the DagBag from /home/airflow/.local/lib/python3.12/site-packages/airflow/example_dags/example_setup_teardown.py
[2024-07-04T00:32:44.344+0000] {processor.py:840} INFO - DAG(s) 'example_setup_teardown' retrieved from /home/airflow/.local/lib/python3.12/site-packages/airflow/example_dags/example_setup_teardown.py
[2024-07-04T00:32:44.352+0000] {logging_mixin.py:188} INFO - [2024-07-04T00:32:44.352+0000] {dag.py:3096} INFO - Sync 1 DAGs
[2024-07-04T00:32:44.360+0000] {logging_mixin.py:188} INFO - [2024-07-04T00:32:44.360+0000] {dag.py:3954} INFO - Setting next_dagrun for example_setup_teardown to 2024-07-03 00:00:00+00:00, run_after=2024-07-04 00:00:00+00:00
[2024-07-04T00:32:44.368+0000] {processor.py:183} INFO - Processing /home/airflow/.local/lib/python3.12/site-packages/airflow/example_dags/example_setup_teardown.py took 0.030 seconds
[2024-07-04T01:04:10.230+0000] {processor.py:161} INFO - Started process (PID=4571) to work on /home/airflow/.local/lib/python3.12/site-packages/airflow/example_dags/example_setup_teardown.py
[2024-07-04T01:04:10.230+0000] {processor.py:830} INFO - Processing file /home/airflow/.local/lib/python3.12/site-packages/airflow/example_dags/example_setup_teardown.py for tasks to queue
[2024-07-04T01:04:10.231+0000] {logging_mixin.py:188} INFO - [2024-07-04T01:04:10.231+0000] {dagbag.py:545} INFO - Filling up the DagBag from /home/airflow/.local/lib/python3.12/site-packages/airflow/example_dags/example_setup_teardown.py
[2024-07-04T01:04:10.235+0000] {processor.py:840} INFO - DAG(s) 'example_setup_teardown' retrieved from /home/airflow/.local/lib/python3.12/site-packages/airflow/example_dags/example_setup_teardown.py
[2024-07-04T01:04:10.246+0000] {logging_mixin.py:188} INFO - [2024-07-04T01:04:10.246+0000] {dag.py:3096} INFO - Sync 1 DAGs
[2024-07-04T01:04:10.255+0000] {logging_mixin.py:188} INFO - [2024-07-04T01:04:10.255+0000] {dag.py:3954} INFO - Setting next_dagrun for example_setup_teardown to 2024-07-03 00:00:00+00:00, run_after=2024-07-04 00:00:00+00:00
[2024-07-04T01:04:10.263+0000] {processor.py:183} INFO - Processing /home/airflow/.local/lib/python3.12/site-packages/airflow/example_dags/example_setup_teardown.py took 0.035 seconds
[2024-07-04T01:43:14.252+0000] {processor.py:161} INFO - Started process (PID=4629) to work on /home/airflow/.local/lib/python3.12/site-packages/airflow/example_dags/example_setup_teardown.py
[2024-07-04T01:43:14.252+0000] {processor.py:830} INFO - Processing file /home/airflow/.local/lib/python3.12/site-packages/airflow/example_dags/example_setup_teardown.py for tasks to queue
[2024-07-04T01:43:14.253+0000] {logging_mixin.py:188} INFO - [2024-07-04T01:43:14.253+0000] {dagbag.py:545} INFO - Filling up the DagBag from /home/airflow/.local/lib/python3.12/site-packages/airflow/example_dags/example_setup_teardown.py
[2024-07-04T01:43:14.256+0000] {processor.py:840} INFO - DAG(s) 'example_setup_teardown' retrieved from /home/airflow/.local/lib/python3.12/site-packages/airflow/example_dags/example_setup_teardown.py
[2024-07-04T01:43:14.263+0000] {logging_mixin.py:188} INFO - [2024-07-04T01:43:14.263+0000] {dag.py:3096} INFO - Sync 1 DAGs
[2024-07-04T01:43:14.270+0000] {logging_mixin.py:188} INFO - [2024-07-04T01:43:14.270+0000] {dag.py:3954} INFO - Setting next_dagrun for example_setup_teardown to 2024-07-03 00:00:00+00:00, run_after=2024-07-04 00:00:00+00:00
[2024-07-04T01:43:14.277+0000] {processor.py:183} INFO - Processing /home/airflow/.local/lib/python3.12/site-packages/airflow/example_dags/example_setup_teardown.py took 0.027 seconds
[2024-07-04T02:07:15.468+0000] {processor.py:161} INFO - Started process (PID=4687) to work on /home/airflow/.local/lib/python3.12/site-packages/airflow/example_dags/example_setup_teardown.py
[2024-07-04T02:07:15.469+0000] {processor.py:830} INFO - Processing file /home/airflow/.local/lib/python3.12/site-packages/airflow/example_dags/example_setup_teardown.py for tasks to queue
[2024-07-04T02:07:15.469+0000] {logging_mixin.py:188} INFO - [2024-07-04T02:07:15.469+0000] {dagbag.py:545} INFO - Filling up the DagBag from /home/airflow/.local/lib/python3.12/site-packages/airflow/example_dags/example_setup_teardown.py
[2024-07-04T02:07:15.472+0000] {processor.py:840} INFO - DAG(s) 'example_setup_teardown' retrieved from /home/airflow/.local/lib/python3.12/site-packages/airflow/example_dags/example_setup_teardown.py
[2024-07-04T02:07:15.480+0000] {logging_mixin.py:188} INFO - [2024-07-04T02:07:15.479+0000] {dag.py:3096} INFO - Sync 1 DAGs
[2024-07-04T02:07:15.487+0000] {logging_mixin.py:188} INFO - [2024-07-04T02:07:15.487+0000] {dag.py:3954} INFO - Setting next_dagrun for example_setup_teardown to 2024-07-03 00:00:00+00:00, run_after=2024-07-04 00:00:00+00:00
[2024-07-04T02:07:15.493+0000] {processor.py:183} INFO - Processing /home/airflow/.local/lib/python3.12/site-packages/airflow/example_dags/example_setup_teardown.py took 0.027 seconds
[2024-07-04T02:42:01.623+0000] {processor.py:161} INFO - Started process (PID=4745) to work on /home/airflow/.local/lib/python3.12/site-packages/airflow/example_dags/example_setup_teardown.py
[2024-07-04T02:42:01.623+0000] {processor.py:830} INFO - Processing file /home/airflow/.local/lib/python3.12/site-packages/airflow/example_dags/example_setup_teardown.py for tasks to queue
[2024-07-04T02:42:01.624+0000] {logging_mixin.py:188} INFO - [2024-07-04T02:42:01.624+0000] {dagbag.py:545} INFO - Filling up the DagBag from /home/airflow/.local/lib/python3.12/site-packages/airflow/example_dags/example_setup_teardown.py
[2024-07-04T02:42:01.626+0000] {processor.py:840} INFO - DAG(s) 'example_setup_teardown' retrieved from /home/airflow/.local/lib/python3.12/site-packages/airflow/example_dags/example_setup_teardown.py
[2024-07-04T02:42:01.634+0000] {logging_mixin.py:188} INFO - [2024-07-04T02:42:01.634+0000] {dag.py:3096} INFO - Sync 1 DAGs
[2024-07-04T02:42:01.641+0000] {logging_mixin.py:188} INFO - [2024-07-04T02:42:01.641+0000] {dag.py:3954} INFO - Setting next_dagrun for example_setup_teardown to 2024-07-03 00:00:00+00:00, run_after=2024-07-04 00:00:00+00:00
[2024-07-04T02:42:01.647+0000] {processor.py:183} INFO - Processing /home/airflow/.local/lib/python3.12/site-packages/airflow/example_dags/example_setup_teardown.py took 0.027 seconds
[2024-07-04T02:44:45.441+0000] {processor.py:161} INFO - Started process (PID=4803) to work on /home/airflow/.local/lib/python3.12/site-packages/airflow/example_dags/example_setup_teardown.py
[2024-07-04T02:44:45.441+0000] {processor.py:830} INFO - Processing file /home/airflow/.local/lib/python3.12/site-packages/airflow/example_dags/example_setup_teardown.py for tasks to queue
[2024-07-04T02:44:45.442+0000] {logging_mixin.py:188} INFO - [2024-07-04T02:44:45.442+0000] {dagbag.py:545} INFO - Filling up the DagBag from /home/airflow/.local/lib/python3.12/site-packages/airflow/example_dags/example_setup_teardown.py
[2024-07-04T02:44:45.445+0000] {processor.py:840} INFO - DAG(s) 'example_setup_teardown' retrieved from /home/airflow/.local/lib/python3.12/site-packages/airflow/example_dags/example_setup_teardown.py
[2024-07-04T02:44:45.453+0000] {logging_mixin.py:188} INFO - [2024-07-04T02:44:45.453+0000] {dag.py:3096} INFO - Sync 1 DAGs
[2024-07-04T02:44:45.460+0000] {logging_mixin.py:188} INFO - [2024-07-04T02:44:45.460+0000] {dag.py:3954} INFO - Setting next_dagrun for example_setup_teardown to 2024-07-03 00:00:00+00:00, run_after=2024-07-04 00:00:00+00:00
[2024-07-04T02:44:45.467+0000] {processor.py:183} INFO - Processing /home/airflow/.local/lib/python3.12/site-packages/airflow/example_dags/example_setup_teardown.py took 0.028 seconds
[2024-07-04T03:05:27.105+0000] {processor.py:161} INFO - Started process (PID=4861) to work on /home/airflow/.local/lib/python3.12/site-packages/airflow/example_dags/example_setup_teardown.py
[2024-07-04T03:05:27.105+0000] {processor.py:830} INFO - Processing file /home/airflow/.local/lib/python3.12/site-packages/airflow/example_dags/example_setup_teardown.py for tasks to queue
[2024-07-04T03:05:27.106+0000] {logging_mixin.py:188} INFO - [2024-07-04T03:05:27.106+0000] {dagbag.py:545} INFO - Filling up the DagBag from /home/airflow/.local/lib/python3.12/site-packages/airflow/example_dags/example_setup_teardown.py
[2024-07-04T03:05:27.109+0000] {processor.py:840} INFO - DAG(s) 'example_setup_teardown' retrieved from /home/airflow/.local/lib/python3.12/site-packages/airflow/example_dags/example_setup_teardown.py
[2024-07-04T03:05:27.116+0000] {logging_mixin.py:188} INFO - [2024-07-04T03:05:27.116+0000] {dag.py:3096} INFO - Sync 1 DAGs
[2024-07-04T03:05:27.124+0000] {logging_mixin.py:188} INFO - [2024-07-04T03:05:27.124+0000] {dag.py:3954} INFO - Setting next_dagrun for example_setup_teardown to 2024-07-03 00:00:00+00:00, run_after=2024-07-04 00:00:00+00:00
[2024-07-04T03:05:27.130+0000] {processor.py:183} INFO - Processing /home/airflow/.local/lib/python3.12/site-packages/airflow/example_dags/example_setup_teardown.py took 0.027 seconds
[2024-07-04T04:00:03.072+0000] {processor.py:161} INFO - Started process (PID=4919) to work on /home/airflow/.local/lib/python3.12/site-packages/airflow/example_dags/example_setup_teardown.py
[2024-07-04T04:00:03.073+0000] {processor.py:830} INFO - Processing file /home/airflow/.local/lib/python3.12/site-packages/airflow/example_dags/example_setup_teardown.py for tasks to queue
[2024-07-04T04:00:03.073+0000] {logging_mixin.py:188} INFO - [2024-07-04T04:00:03.073+0000] {dagbag.py:545} INFO - Filling up the DagBag from /home/airflow/.local/lib/python3.12/site-packages/airflow/example_dags/example_setup_teardown.py
[2024-07-04T04:00:03.076+0000] {processor.py:840} INFO - DAG(s) 'example_setup_teardown' retrieved from /home/airflow/.local/lib/python3.12/site-packages/airflow/example_dags/example_setup_teardown.py
[2024-07-04T04:00:03.084+0000] {logging_mixin.py:188} INFO - [2024-07-04T04:00:03.084+0000] {dag.py:3096} INFO - Sync 1 DAGs
[2024-07-04T04:00:03.092+0000] {logging_mixin.py:188} INFO - [2024-07-04T04:00:03.091+0000] {dag.py:3954} INFO - Setting next_dagrun for example_setup_teardown to 2024-07-03 00:00:00+00:00, run_after=2024-07-04 00:00:00+00:00
[2024-07-04T04:00:03.098+0000] {processor.py:183} INFO - Processing /home/airflow/.local/lib/python3.12/site-packages/airflow/example_dags/example_setup_teardown.py took 0.028 seconds
[2024-07-04T04:31:25.977+0000] {processor.py:161} INFO - Started process (PID=4977) to work on /home/airflow/.local/lib/python3.12/site-packages/airflow/example_dags/example_setup_teardown.py
[2024-07-04T04:31:25.978+0000] {processor.py:830} INFO - Processing file /home/airflow/.local/lib/python3.12/site-packages/airflow/example_dags/example_setup_teardown.py for tasks to queue
[2024-07-04T04:31:25.978+0000] {logging_mixin.py:188} INFO - [2024-07-04T04:31:25.978+0000] {dagbag.py:545} INFO - Filling up the DagBag from /home/airflow/.local/lib/python3.12/site-packages/airflow/example_dags/example_setup_teardown.py
[2024-07-04T04:31:25.981+0000] {processor.py:840} INFO - DAG(s) 'example_setup_teardown' retrieved from /home/airflow/.local/lib/python3.12/site-packages/airflow/example_dags/example_setup_teardown.py
[2024-07-04T04:31:25.989+0000] {logging_mixin.py:188} INFO - [2024-07-04T04:31:25.989+0000] {dag.py:3096} INFO - Sync 1 DAGs
[2024-07-04T04:31:25.997+0000] {logging_mixin.py:188} INFO - [2024-07-04T04:31:25.997+0000] {dag.py:3954} INFO - Setting next_dagrun for example_setup_teardown to 2024-07-03 00:00:00+00:00, run_after=2024-07-04 00:00:00+00:00
[2024-07-04T04:31:26.003+0000] {processor.py:183} INFO - Processing /home/airflow/.local/lib/python3.12/site-packages/airflow/example_dags/example_setup_teardown.py took 0.028 seconds
[2024-07-04T05:07:27.459+0000] {processor.py:161} INFO - Started process (PID=5035) to work on /home/airflow/.local/lib/python3.12/site-packages/airflow/example_dags/example_setup_teardown.py
[2024-07-04T05:07:27.460+0000] {processor.py:830} INFO - Processing file /home/airflow/.local/lib/python3.12/site-packages/airflow/example_dags/example_setup_teardown.py for tasks to queue
[2024-07-04T05:07:27.461+0000] {logging_mixin.py:188} INFO - [2024-07-04T05:07:27.461+0000] {dagbag.py:545} INFO - Filling up the DagBag from /home/airflow/.local/lib/python3.12/site-packages/airflow/example_dags/example_setup_teardown.py
[2024-07-04T05:07:27.465+0000] {processor.py:840} INFO - DAG(s) 'example_setup_teardown' retrieved from /home/airflow/.local/lib/python3.12/site-packages/airflow/example_dags/example_setup_teardown.py
[2024-07-04T05:07:27.473+0000] {logging_mixin.py:188} INFO - [2024-07-04T05:07:27.473+0000] {dag.py:3096} INFO - Sync 1 DAGs
[2024-07-04T05:07:27.481+0000] {logging_mixin.py:188} INFO - [2024-07-04T05:07:27.481+0000] {dag.py:3954} INFO - Setting next_dagrun for example_setup_teardown to 2024-07-03 00:00:00+00:00, run_after=2024-07-04 00:00:00+00:00
[2024-07-04T05:07:27.487+0000] {processor.py:183} INFO - Processing /home/airflow/.local/lib/python3.12/site-packages/airflow/example_dags/example_setup_teardown.py took 0.030 seconds
[2024-07-04T06:06:28.880+0000] {processor.py:161} INFO - Started process (PID=5093) to work on /home/airflow/.local/lib/python3.12/site-packages/airflow/example_dags/example_setup_teardown.py
[2024-07-04T06:06:28.881+0000] {processor.py:830} INFO - Processing file /home/airflow/.local/lib/python3.12/site-packages/airflow/example_dags/example_setup_teardown.py for tasks to queue
[2024-07-04T06:06:28.881+0000] {logging_mixin.py:188} INFO - [2024-07-04T06:06:28.881+0000] {dagbag.py:545} INFO - Filling up the DagBag from /home/airflow/.local/lib/python3.12/site-packages/airflow/example_dags/example_setup_teardown.py
[2024-07-04T06:06:28.884+0000] {processor.py:840} INFO - DAG(s) 'example_setup_teardown' retrieved from /home/airflow/.local/lib/python3.12/site-packages/airflow/example_dags/example_setup_teardown.py
[2024-07-04T06:06:28.891+0000] {logging_mixin.py:188} INFO - [2024-07-04T06:06:28.891+0000] {dag.py:3096} INFO - Sync 1 DAGs
[2024-07-04T06:06:28.899+0000] {logging_mixin.py:188} INFO - [2024-07-04T06:06:28.899+0000] {dag.py:3954} INFO - Setting next_dagrun for example_setup_teardown to 2024-07-03 00:00:00+00:00, run_after=2024-07-04 00:00:00+00:00
[2024-07-04T06:06:28.905+0000] {processor.py:183} INFO - Processing /home/airflow/.local/lib/python3.12/site-packages/airflow/example_dags/example_setup_teardown.py took 0.028 seconds
[2024-07-04T06:24:41.996+0000] {processor.py:161} INFO - Started process (PID=5151) to work on /home/airflow/.local/lib/python3.12/site-packages/airflow/example_dags/example_setup_teardown.py
[2024-07-04T06:24:41.997+0000] {processor.py:830} INFO - Processing file /home/airflow/.local/lib/python3.12/site-packages/airflow/example_dags/example_setup_teardown.py for tasks to queue
[2024-07-04T06:24:41.998+0000] {logging_mixin.py:188} INFO - [2024-07-04T06:24:41.998+0000] {dagbag.py:545} INFO - Filling up the DagBag from /home/airflow/.local/lib/python3.12/site-packages/airflow/example_dags/example_setup_teardown.py
[2024-07-04T06:24:42.001+0000] {processor.py:840} INFO - DAG(s) 'example_setup_teardown' retrieved from /home/airflow/.local/lib/python3.12/site-packages/airflow/example_dags/example_setup_teardown.py
[2024-07-04T06:24:42.012+0000] {logging_mixin.py:188} INFO - [2024-07-04T06:24:42.012+0000] {dag.py:3096} INFO - Sync 1 DAGs
[2024-07-04T06:24:42.024+0000] {logging_mixin.py:188} INFO - [2024-07-04T06:24:42.023+0000] {dag.py:3954} INFO - Setting next_dagrun for example_setup_teardown to 2024-07-03 00:00:00+00:00, run_after=2024-07-04 00:00:00+00:00
[2024-07-04T06:24:42.032+0000] {processor.py:183} INFO - Processing /home/airflow/.local/lib/python3.12/site-packages/airflow/example_dags/example_setup_teardown.py took 0.041 seconds
[2024-07-04T07:07:24.523+0000] {processor.py:161} INFO - Started process (PID=5209) to work on /home/airflow/.local/lib/python3.12/site-packages/airflow/example_dags/example_setup_teardown.py
[2024-07-04T07:07:24.523+0000] {processor.py:830} INFO - Processing file /home/airflow/.local/lib/python3.12/site-packages/airflow/example_dags/example_setup_teardown.py for tasks to queue
[2024-07-04T07:07:24.524+0000] {logging_mixin.py:188} INFO - [2024-07-04T07:07:24.524+0000] {dagbag.py:545} INFO - Filling up the DagBag from /home/airflow/.local/lib/python3.12/site-packages/airflow/example_dags/example_setup_teardown.py
[2024-07-04T07:07:24.527+0000] {processor.py:840} INFO - DAG(s) 'example_setup_teardown' retrieved from /home/airflow/.local/lib/python3.12/site-packages/airflow/example_dags/example_setup_teardown.py
[2024-07-04T07:07:24.537+0000] {logging_mixin.py:188} INFO - [2024-07-04T07:07:24.537+0000] {dag.py:3096} INFO - Sync 1 DAGs
[2024-07-04T07:07:24.546+0000] {logging_mixin.py:188} INFO - [2024-07-04T07:07:24.546+0000] {dag.py:3954} INFO - Setting next_dagrun for example_setup_teardown to 2024-07-03 00:00:00+00:00, run_after=2024-07-04 00:00:00+00:00
[2024-07-04T07:07:24.553+0000] {processor.py:183} INFO - Processing /home/airflow/.local/lib/python3.12/site-packages/airflow/example_dags/example_setup_teardown.py took 0.033 seconds
[2024-07-04T07:10:35.752+0000] {processor.py:161} INFO - Started process (PID=5267) to work on /home/airflow/.local/lib/python3.12/site-packages/airflow/example_dags/example_setup_teardown.py
[2024-07-04T07:10:35.752+0000] {processor.py:830} INFO - Processing file /home/airflow/.local/lib/python3.12/site-packages/airflow/example_dags/example_setup_teardown.py for tasks to queue
[2024-07-04T07:10:35.753+0000] {logging_mixin.py:188} INFO - [2024-07-04T07:10:35.753+0000] {dagbag.py:545} INFO - Filling up the DagBag from /home/airflow/.local/lib/python3.12/site-packages/airflow/example_dags/example_setup_teardown.py
[2024-07-04T07:10:35.756+0000] {processor.py:840} INFO - DAG(s) 'example_setup_teardown' retrieved from /home/airflow/.local/lib/python3.12/site-packages/airflow/example_dags/example_setup_teardown.py
[2024-07-04T07:10:35.763+0000] {logging_mixin.py:188} INFO - [2024-07-04T07:10:35.763+0000] {dag.py:3096} INFO - Sync 1 DAGs
[2024-07-04T07:10:35.771+0000] {logging_mixin.py:188} INFO - [2024-07-04T07:10:35.771+0000] {dag.py:3954} INFO - Setting next_dagrun for example_setup_teardown to 2024-07-03 00:00:00+00:00, run_after=2024-07-04 00:00:00+00:00
[2024-07-04T07:10:35.777+0000] {processor.py:183} INFO - Processing /home/airflow/.local/lib/python3.12/site-packages/airflow/example_dags/example_setup_teardown.py took 0.028 seconds
[2024-07-04T07:18:42.639+0000] {processor.py:161} INFO - Started process (PID=5325) to work on /home/airflow/.local/lib/python3.12/site-packages/airflow/example_dags/example_setup_teardown.py
[2024-07-04T07:18:42.640+0000] {processor.py:830} INFO - Processing file /home/airflow/.local/lib/python3.12/site-packages/airflow/example_dags/example_setup_teardown.py for tasks to queue
[2024-07-04T07:18:42.640+0000] {logging_mixin.py:188} INFO - [2024-07-04T07:18:42.640+0000] {dagbag.py:545} INFO - Filling up the DagBag from /home/airflow/.local/lib/python3.12/site-packages/airflow/example_dags/example_setup_teardown.py
[2024-07-04T07:18:42.644+0000] {processor.py:840} INFO - DAG(s) 'example_setup_teardown' retrieved from /home/airflow/.local/lib/python3.12/site-packages/airflow/example_dags/example_setup_teardown.py
[2024-07-04T07:18:42.654+0000] {logging_mixin.py:188} INFO - [2024-07-04T07:18:42.654+0000] {dag.py:3096} INFO - Sync 1 DAGs
[2024-07-04T07:18:42.662+0000] {logging_mixin.py:188} INFO - [2024-07-04T07:18:42.662+0000] {dag.py:3954} INFO - Setting next_dagrun for example_setup_teardown to 2024-07-03 00:00:00+00:00, run_after=2024-07-04 00:00:00+00:00
[2024-07-04T07:18:42.668+0000] {processor.py:183} INFO - Processing /home/airflow/.local/lib/python3.12/site-packages/airflow/example_dags/example_setup_teardown.py took 0.031 seconds
[2024-07-04T07:58:28.238+0000] {processor.py:161} INFO - Started process (PID=5383) to work on /home/airflow/.local/lib/python3.12/site-packages/airflow/example_dags/example_setup_teardown.py
[2024-07-04T07:58:28.238+0000] {processor.py:830} INFO - Processing file /home/airflow/.local/lib/python3.12/site-packages/airflow/example_dags/example_setup_teardown.py for tasks to queue
[2024-07-04T07:58:28.239+0000] {logging_mixin.py:188} INFO - [2024-07-04T07:58:28.239+0000] {dagbag.py:545} INFO - Filling up the DagBag from /home/airflow/.local/lib/python3.12/site-packages/airflow/example_dags/example_setup_teardown.py
[2024-07-04T07:58:28.242+0000] {processor.py:840} INFO - DAG(s) 'example_setup_teardown' retrieved from /home/airflow/.local/lib/python3.12/site-packages/airflow/example_dags/example_setup_teardown.py
[2024-07-04T07:58:28.249+0000] {logging_mixin.py:188} INFO - [2024-07-04T07:58:28.249+0000] {dag.py:3096} INFO - Sync 1 DAGs
[2024-07-04T07:58:28.257+0000] {logging_mixin.py:188} INFO - [2024-07-04T07:58:28.257+0000] {dag.py:3954} INFO - Setting next_dagrun for example_setup_teardown to 2024-07-03 00:00:00+00:00, run_after=2024-07-04 00:00:00+00:00
[2024-07-04T07:58:28.265+0000] {processor.py:183} INFO - Processing /home/airflow/.local/lib/python3.12/site-packages/airflow/example_dags/example_setup_teardown.py took 0.029 seconds
[2024-07-04T08:28:08.209+0000] {processor.py:161} INFO - Started process (PID=5441) to work on /home/airflow/.local/lib/python3.12/site-packages/airflow/example_dags/example_setup_teardown.py
[2024-07-04T08:28:08.210+0000] {processor.py:830} INFO - Processing file /home/airflow/.local/lib/python3.12/site-packages/airflow/example_dags/example_setup_teardown.py for tasks to queue
[2024-07-04T08:28:08.211+0000] {logging_mixin.py:188} INFO - [2024-07-04T08:28:08.210+0000] {dagbag.py:545} INFO - Filling up the DagBag from /home/airflow/.local/lib/python3.12/site-packages/airflow/example_dags/example_setup_teardown.py
[2024-07-04T08:28:08.214+0000] {processor.py:840} INFO - DAG(s) 'example_setup_teardown' retrieved from /home/airflow/.local/lib/python3.12/site-packages/airflow/example_dags/example_setup_teardown.py
[2024-07-04T08:28:08.222+0000] {logging_mixin.py:188} INFO - [2024-07-04T08:28:08.222+0000] {dag.py:3096} INFO - Sync 1 DAGs
[2024-07-04T08:28:08.230+0000] {logging_mixin.py:188} INFO - [2024-07-04T08:28:08.230+0000] {dag.py:3954} INFO - Setting next_dagrun for example_setup_teardown to 2024-07-03 00:00:00+00:00, run_after=2024-07-04 00:00:00+00:00
[2024-07-04T08:28:08.236+0000] {processor.py:183} INFO - Processing /home/airflow/.local/lib/python3.12/site-packages/airflow/example_dags/example_setup_teardown.py took 0.029 seconds
[2024-07-04T09:07:12.303+0000] {processor.py:161} INFO - Started process (PID=5499) to work on /home/airflow/.local/lib/python3.12/site-packages/airflow/example_dags/example_setup_teardown.py
[2024-07-04T09:07:12.304+0000] {processor.py:830} INFO - Processing file /home/airflow/.local/lib/python3.12/site-packages/airflow/example_dags/example_setup_teardown.py for tasks to queue
[2024-07-04T09:07:12.304+0000] {logging_mixin.py:188} INFO - [2024-07-04T09:07:12.304+0000] {dagbag.py:545} INFO - Filling up the DagBag from /home/airflow/.local/lib/python3.12/site-packages/airflow/example_dags/example_setup_teardown.py
[2024-07-04T09:07:12.307+0000] {processor.py:840} INFO - DAG(s) 'example_setup_teardown' retrieved from /home/airflow/.local/lib/python3.12/site-packages/airflow/example_dags/example_setup_teardown.py
[2024-07-04T09:07:12.315+0000] {logging_mixin.py:188} INFO - [2024-07-04T09:07:12.315+0000] {dag.py:3096} INFO - Sync 1 DAGs
[2024-07-04T09:07:12.322+0000] {logging_mixin.py:188} INFO - [2024-07-04T09:07:12.322+0000] {dag.py:3954} INFO - Setting next_dagrun for example_setup_teardown to 2024-07-03 00:00:00+00:00, run_after=2024-07-04 00:00:00+00:00
[2024-07-04T09:07:12.328+0000] {processor.py:183} INFO - Processing /home/airflow/.local/lib/python3.12/site-packages/airflow/example_dags/example_setup_teardown.py took 0.027 seconds
[2024-07-04T09:48:36.624+0000] {processor.py:161} INFO - Started process (PID=5556) to work on /home/airflow/.local/lib/python3.12/site-packages/airflow/example_dags/example_setup_teardown.py
[2024-07-04T09:48:36.624+0000] {processor.py:830} INFO - Processing file /home/airflow/.local/lib/python3.12/site-packages/airflow/example_dags/example_setup_teardown.py for tasks to queue
[2024-07-04T09:48:36.625+0000] {logging_mixin.py:188} INFO - [2024-07-04T09:48:36.625+0000] {dagbag.py:545} INFO - Filling up the DagBag from /home/airflow/.local/lib/python3.12/site-packages/airflow/example_dags/example_setup_teardown.py
[2024-07-04T09:48:36.628+0000] {processor.py:840} INFO - DAG(s) 'example_setup_teardown' retrieved from /home/airflow/.local/lib/python3.12/site-packages/airflow/example_dags/example_setup_teardown.py
[2024-07-04T09:48:36.636+0000] {logging_mixin.py:188} INFO - [2024-07-04T09:48:36.636+0000] {dag.py:3096} INFO - Sync 1 DAGs
[2024-07-04T09:48:36.644+0000] {logging_mixin.py:188} INFO - [2024-07-04T09:48:36.644+0000] {dag.py:3954} INFO - Setting next_dagrun for example_setup_teardown to 2024-07-03 00:00:00+00:00, run_after=2024-07-04 00:00:00+00:00
[2024-07-04T09:48:36.651+0000] {processor.py:183} INFO - Processing /home/airflow/.local/lib/python3.12/site-packages/airflow/example_dags/example_setup_teardown.py took 0.030 seconds
[2024-07-04T10:29:04.823+0000] {processor.py:161} INFO - Started process (PID=5614) to work on /home/airflow/.local/lib/python3.12/site-packages/airflow/example_dags/example_setup_teardown.py
[2024-07-04T10:29:04.824+0000] {processor.py:830} INFO - Processing file /home/airflow/.local/lib/python3.12/site-packages/airflow/example_dags/example_setup_teardown.py for tasks to queue
[2024-07-04T10:29:04.825+0000] {logging_mixin.py:188} INFO - [2024-07-04T10:29:04.824+0000] {dagbag.py:545} INFO - Filling up the DagBag from /home/airflow/.local/lib/python3.12/site-packages/airflow/example_dags/example_setup_teardown.py
[2024-07-04T10:29:04.828+0000] {processor.py:840} INFO - DAG(s) 'example_setup_teardown' retrieved from /home/airflow/.local/lib/python3.12/site-packages/airflow/example_dags/example_setup_teardown.py
[2024-07-04T10:29:04.836+0000] {logging_mixin.py:188} INFO - [2024-07-04T10:29:04.836+0000] {dag.py:3096} INFO - Sync 1 DAGs
[2024-07-04T10:29:04.845+0000] {logging_mixin.py:188} INFO - [2024-07-04T10:29:04.844+0000] {dag.py:3954} INFO - Setting next_dagrun for example_setup_teardown to 2024-07-03 00:00:00+00:00, run_after=2024-07-04 00:00:00+00:00
[2024-07-04T10:29:04.850+0000] {processor.py:183} INFO - Processing /home/airflow/.local/lib/python3.12/site-packages/airflow/example_dags/example_setup_teardown.py took 0.029 seconds
[2024-07-04T11:13:24.019+0000] {processor.py:161} INFO - Started process (PID=5672) to work on /home/airflow/.local/lib/python3.12/site-packages/airflow/example_dags/example_setup_teardown.py
[2024-07-04T11:13:24.019+0000] {processor.py:830} INFO - Processing file /home/airflow/.local/lib/python3.12/site-packages/airflow/example_dags/example_setup_teardown.py for tasks to queue
[2024-07-04T11:13:24.020+0000] {logging_mixin.py:188} INFO - [2024-07-04T11:13:24.020+0000] {dagbag.py:545} INFO - Filling up the DagBag from /home/airflow/.local/lib/python3.12/site-packages/airflow/example_dags/example_setup_teardown.py
[2024-07-04T11:13:24.023+0000] {processor.py:840} INFO - DAG(s) 'example_setup_teardown' retrieved from /home/airflow/.local/lib/python3.12/site-packages/airflow/example_dags/example_setup_teardown.py
[2024-07-04T11:13:24.030+0000] {logging_mixin.py:188} INFO - [2024-07-04T11:13:24.030+0000] {dag.py:3096} INFO - Sync 1 DAGs
[2024-07-04T11:13:24.038+0000] {logging_mixin.py:188} INFO - [2024-07-04T11:13:24.038+0000] {dag.py:3954} INFO - Setting next_dagrun for example_setup_teardown to 2024-07-03 00:00:00+00:00, run_after=2024-07-04 00:00:00+00:00
[2024-07-04T11:13:24.045+0000] {processor.py:183} INFO - Processing /home/airflow/.local/lib/python3.12/site-packages/airflow/example_dags/example_setup_teardown.py took 0.028 seconds
[2024-07-04T12:14:26.177+0000] {processor.py:161} INFO - Started process (PID=5730) to work on /home/airflow/.local/lib/python3.12/site-packages/airflow/example_dags/example_setup_teardown.py
[2024-07-04T12:14:26.177+0000] {processor.py:830} INFO - Processing file /home/airflow/.local/lib/python3.12/site-packages/airflow/example_dags/example_setup_teardown.py for tasks to queue
[2024-07-04T12:14:26.178+0000] {logging_mixin.py:188} INFO - [2024-07-04T12:14:26.178+0000] {dagbag.py:545} INFO - Filling up the DagBag from /home/airflow/.local/lib/python3.12/site-packages/airflow/example_dags/example_setup_teardown.py
[2024-07-04T12:14:26.181+0000] {processor.py:840} INFO - DAG(s) 'example_setup_teardown' retrieved from /home/airflow/.local/lib/python3.12/site-packages/airflow/example_dags/example_setup_teardown.py
[2024-07-04T12:14:26.189+0000] {logging_mixin.py:188} INFO - [2024-07-04T12:14:26.189+0000] {dag.py:3096} INFO - Sync 1 DAGs
[2024-07-04T12:14:26.197+0000] {logging_mixin.py:188} INFO - [2024-07-04T12:14:26.197+0000] {dag.py:3954} INFO - Setting next_dagrun for example_setup_teardown to 2024-07-03 00:00:00+00:00, run_after=2024-07-04 00:00:00+00:00
[2024-07-04T12:14:26.203+0000] {processor.py:183} INFO - Processing /home/airflow/.local/lib/python3.12/site-packages/airflow/example_dags/example_setup_teardown.py took 0.029 seconds
[2024-07-04T13:00:41.033+0000] {processor.py:161} INFO - Started process (PID=5788) to work on /home/airflow/.local/lib/python3.12/site-packages/airflow/example_dags/example_setup_teardown.py
[2024-07-04T13:00:41.034+0000] {processor.py:830} INFO - Processing file /home/airflow/.local/lib/python3.12/site-packages/airflow/example_dags/example_setup_teardown.py for tasks to queue
[2024-07-04T13:00:41.034+0000] {logging_mixin.py:188} INFO - [2024-07-04T13:00:41.034+0000] {dagbag.py:545} INFO - Filling up the DagBag from /home/airflow/.local/lib/python3.12/site-packages/airflow/example_dags/example_setup_teardown.py
[2024-07-04T13:00:41.037+0000] {processor.py:840} INFO - DAG(s) 'example_setup_teardown' retrieved from /home/airflow/.local/lib/python3.12/site-packages/airflow/example_dags/example_setup_teardown.py
[2024-07-04T13:00:41.045+0000] {logging_mixin.py:188} INFO - [2024-07-04T13:00:41.045+0000] {dag.py:3096} INFO - Sync 1 DAGs
[2024-07-04T13:00:41.053+0000] {logging_mixin.py:188} INFO - [2024-07-04T13:00:41.053+0000] {dag.py:3954} INFO - Setting next_dagrun for example_setup_teardown to 2024-07-03 00:00:00+00:00, run_after=2024-07-04 00:00:00+00:00
[2024-07-04T13:00:41.059+0000] {processor.py:183} INFO - Processing /home/airflow/.local/lib/python3.12/site-packages/airflow/example_dags/example_setup_teardown.py took 0.029 seconds
[2024-07-04T13:15:20.410+0000] {processor.py:161} INFO - Started process (PID=5846) to work on /home/airflow/.local/lib/python3.12/site-packages/airflow/example_dags/example_setup_teardown.py
[2024-07-04T13:15:20.410+0000] {processor.py:830} INFO - Processing file /home/airflow/.local/lib/python3.12/site-packages/airflow/example_dags/example_setup_teardown.py for tasks to queue
[2024-07-04T13:15:20.411+0000] {logging_mixin.py:188} INFO - [2024-07-04T13:15:20.411+0000] {dagbag.py:545} INFO - Filling up the DagBag from /home/airflow/.local/lib/python3.12/site-packages/airflow/example_dags/example_setup_teardown.py
[2024-07-04T13:15:20.414+0000] {processor.py:840} INFO - DAG(s) 'example_setup_teardown' retrieved from /home/airflow/.local/lib/python3.12/site-packages/airflow/example_dags/example_setup_teardown.py
[2024-07-04T13:15:20.422+0000] {logging_mixin.py:188} INFO - [2024-07-04T13:15:20.422+0000] {dag.py:3096} INFO - Sync 1 DAGs
[2024-07-04T13:15:20.430+0000] {logging_mixin.py:188} INFO - [2024-07-04T13:15:20.430+0000] {dag.py:3954} INFO - Setting next_dagrun for example_setup_teardown to 2024-07-03 00:00:00+00:00, run_after=2024-07-04 00:00:00+00:00
[2024-07-04T13:15:20.436+0000] {processor.py:183} INFO - Processing /home/airflow/.local/lib/python3.12/site-packages/airflow/example_dags/example_setup_teardown.py took 0.029 seconds
[2024-07-04T13:30:25.652+0000] {processor.py:161} INFO - Started process (PID=5904) to work on /home/airflow/.local/lib/python3.12/site-packages/airflow/example_dags/example_setup_teardown.py
[2024-07-04T13:30:25.653+0000] {processor.py:830} INFO - Processing file /home/airflow/.local/lib/python3.12/site-packages/airflow/example_dags/example_setup_teardown.py for tasks to queue
[2024-07-04T13:30:25.653+0000] {logging_mixin.py:188} INFO - [2024-07-04T13:30:25.653+0000] {dagbag.py:545} INFO - Filling up the DagBag from /home/airflow/.local/lib/python3.12/site-packages/airflow/example_dags/example_setup_teardown.py
[2024-07-04T13:30:25.656+0000] {processor.py:840} INFO - DAG(s) 'example_setup_teardown' retrieved from /home/airflow/.local/lib/python3.12/site-packages/airflow/example_dags/example_setup_teardown.py
[2024-07-04T13:30:25.665+0000] {logging_mixin.py:188} INFO - [2024-07-04T13:30:25.664+0000] {dag.py:3096} INFO - Sync 1 DAGs
[2024-07-04T13:30:25.673+0000] {logging_mixin.py:188} INFO - [2024-07-04T13:30:25.673+0000] {dag.py:3954} INFO - Setting next_dagrun for example_setup_teardown to 2024-07-03 00:00:00+00:00, run_after=2024-07-04 00:00:00+00:00
[2024-07-04T13:30:25.679+0000] {processor.py:183} INFO - Processing /home/airflow/.local/lib/python3.12/site-packages/airflow/example_dags/example_setup_teardown.py took 0.030 seconds
[2024-07-04T13:50:27.443+0000] {processor.py:161} INFO - Started process (PID=5962) to work on /home/airflow/.local/lib/python3.12/site-packages/airflow/example_dags/example_setup_teardown.py
[2024-07-04T13:50:27.444+0000] {processor.py:830} INFO - Processing file /home/airflow/.local/lib/python3.12/site-packages/airflow/example_dags/example_setup_teardown.py for tasks to queue
[2024-07-04T13:50:27.444+0000] {logging_mixin.py:188} INFO - [2024-07-04T13:50:27.444+0000] {dagbag.py:545} INFO - Filling up the DagBag from /home/airflow/.local/lib/python3.12/site-packages/airflow/example_dags/example_setup_teardown.py
[2024-07-04T13:50:27.448+0000] {processor.py:840} INFO - DAG(s) 'example_setup_teardown' retrieved from /home/airflow/.local/lib/python3.12/site-packages/airflow/example_dags/example_setup_teardown.py
[2024-07-04T13:50:27.455+0000] {logging_mixin.py:188} INFO - [2024-07-04T13:50:27.455+0000] {dag.py:3096} INFO - Sync 1 DAGs
[2024-07-04T13:50:27.463+0000] {logging_mixin.py:188} INFO - [2024-07-04T13:50:27.463+0000] {dag.py:3954} INFO - Setting next_dagrun for example_setup_teardown to 2024-07-03 00:00:00+00:00, run_after=2024-07-04 00:00:00+00:00
[2024-07-04T13:50:27.469+0000] {processor.py:183} INFO - Processing /home/airflow/.local/lib/python3.12/site-packages/airflow/example_dags/example_setup_teardown.py took 0.028 seconds
[2024-07-04T14:16:27.895+0000] {processor.py:161} INFO - Started process (PID=6020) to work on /home/airflow/.local/lib/python3.12/site-packages/airflow/example_dags/example_setup_teardown.py
[2024-07-04T14:16:27.895+0000] {processor.py:830} INFO - Processing file /home/airflow/.local/lib/python3.12/site-packages/airflow/example_dags/example_setup_teardown.py for tasks to queue
[2024-07-04T14:16:27.896+0000] {logging_mixin.py:188} INFO - [2024-07-04T14:16:27.896+0000] {dagbag.py:545} INFO - Filling up the DagBag from /home/airflow/.local/lib/python3.12/site-packages/airflow/example_dags/example_setup_teardown.py
[2024-07-04T14:16:27.899+0000] {processor.py:840} INFO - DAG(s) 'example_setup_teardown' retrieved from /home/airflow/.local/lib/python3.12/site-packages/airflow/example_dags/example_setup_teardown.py
[2024-07-04T14:16:27.907+0000] {logging_mixin.py:188} INFO - [2024-07-04T14:16:27.906+0000] {dag.py:3096} INFO - Sync 1 DAGs
[2024-07-04T14:16:27.915+0000] {logging_mixin.py:188} INFO - [2024-07-04T14:16:27.915+0000] {dag.py:3954} INFO - Setting next_dagrun for example_setup_teardown to 2024-07-03 00:00:00+00:00, run_after=2024-07-04 00:00:00+00:00
[2024-07-04T14:16:27.923+0000] {processor.py:183} INFO - Processing /home/airflow/.local/lib/python3.12/site-packages/airflow/example_dags/example_setup_teardown.py took 0.031 seconds
[2024-07-04T15:04:49.420+0000] {processor.py:161} INFO - Started process (PID=6078) to work on /home/airflow/.local/lib/python3.12/site-packages/airflow/example_dags/example_setup_teardown.py
[2024-07-04T15:04:49.420+0000] {processor.py:830} INFO - Processing file /home/airflow/.local/lib/python3.12/site-packages/airflow/example_dags/example_setup_teardown.py for tasks to queue
[2024-07-04T15:04:49.421+0000] {logging_mixin.py:188} INFO - [2024-07-04T15:04:49.421+0000] {dagbag.py:545} INFO - Filling up the DagBag from /home/airflow/.local/lib/python3.12/site-packages/airflow/example_dags/example_setup_teardown.py
[2024-07-04T15:04:49.425+0000] {processor.py:840} INFO - DAG(s) 'example_setup_teardown' retrieved from /home/airflow/.local/lib/python3.12/site-packages/airflow/example_dags/example_setup_teardown.py
[2024-07-04T15:04:49.433+0000] {logging_mixin.py:188} INFO - [2024-07-04T15:04:49.433+0000] {dag.py:3096} INFO - Sync 1 DAGs
[2024-07-04T15:04:49.442+0000] {logging_mixin.py:188} INFO - [2024-07-04T15:04:49.442+0000] {dag.py:3954} INFO - Setting next_dagrun for example_setup_teardown to 2024-07-03 00:00:00+00:00, run_after=2024-07-04 00:00:00+00:00
[2024-07-04T15:04:49.448+0000] {processor.py:183} INFO - Processing /home/airflow/.local/lib/python3.12/site-packages/airflow/example_dags/example_setup_teardown.py took 0.031 seconds
[2024-07-04T15:43:15.917+0000] {processor.py:161} INFO - Started process (PID=6136) to work on /home/airflow/.local/lib/python3.12/site-packages/airflow/example_dags/example_setup_teardown.py
[2024-07-04T15:43:15.918+0000] {processor.py:830} INFO - Processing file /home/airflow/.local/lib/python3.12/site-packages/airflow/example_dags/example_setup_teardown.py for tasks to queue
[2024-07-04T15:43:15.919+0000] {logging_mixin.py:188} INFO - [2024-07-04T15:43:15.918+0000] {dagbag.py:545} INFO - Filling up the DagBag from /home/airflow/.local/lib/python3.12/site-packages/airflow/example_dags/example_setup_teardown.py
[2024-07-04T15:43:15.922+0000] {processor.py:840} INFO - DAG(s) 'example_setup_teardown' retrieved from /home/airflow/.local/lib/python3.12/site-packages/airflow/example_dags/example_setup_teardown.py
[2024-07-04T15:43:15.932+0000] {logging_mixin.py:188} INFO - [2024-07-04T15:43:15.931+0000] {dag.py:3096} INFO - Sync 1 DAGs
[2024-07-04T15:43:15.941+0000] {logging_mixin.py:188} INFO - [2024-07-04T15:43:15.941+0000] {dag.py:3954} INFO - Setting next_dagrun for example_setup_teardown to 2024-07-03 00:00:00+00:00, run_after=2024-07-04 00:00:00+00:00
[2024-07-04T15:43:15.948+0000] {processor.py:183} INFO - Processing /home/airflow/.local/lib/python3.12/site-packages/airflow/example_dags/example_setup_teardown.py took 0.033 seconds
[2024-07-04T16:18:30.311+0000] {processor.py:161} INFO - Started process (PID=6194) to work on /home/airflow/.local/lib/python3.12/site-packages/airflow/example_dags/example_setup_teardown.py
[2024-07-04T16:18:30.311+0000] {processor.py:830} INFO - Processing file /home/airflow/.local/lib/python3.12/site-packages/airflow/example_dags/example_setup_teardown.py for tasks to queue
[2024-07-04T16:18:30.312+0000] {logging_mixin.py:188} INFO - [2024-07-04T16:18:30.312+0000] {dagbag.py:545} INFO - Filling up the DagBag from /home/airflow/.local/lib/python3.12/site-packages/airflow/example_dags/example_setup_teardown.py
[2024-07-04T16:18:30.315+0000] {processor.py:840} INFO - DAG(s) 'example_setup_teardown' retrieved from /home/airflow/.local/lib/python3.12/site-packages/airflow/example_dags/example_setup_teardown.py
[2024-07-04T16:18:30.323+0000] {logging_mixin.py:188} INFO - [2024-07-04T16:18:30.323+0000] {dag.py:3096} INFO - Sync 1 DAGs
[2024-07-04T16:18:30.331+0000] {logging_mixin.py:188} INFO - [2024-07-04T16:18:30.331+0000] {dag.py:3954} INFO - Setting next_dagrun for example_setup_teardown to 2024-07-03 00:00:00+00:00, run_after=2024-07-04 00:00:00+00:00
[2024-07-04T16:18:30.337+0000] {processor.py:183} INFO - Processing /home/airflow/.local/lib/python3.12/site-packages/airflow/example_dags/example_setup_teardown.py took 0.029 seconds
[2024-07-04T16:45:11.739+0000] {processor.py:161} INFO - Started process (PID=6252) to work on /home/airflow/.local/lib/python3.12/site-packages/airflow/example_dags/example_setup_teardown.py
[2024-07-04T16:45:11.739+0000] {processor.py:830} INFO - Processing file /home/airflow/.local/lib/python3.12/site-packages/airflow/example_dags/example_setup_teardown.py for tasks to queue
[2024-07-04T16:45:11.740+0000] {logging_mixin.py:188} INFO - [2024-07-04T16:45:11.740+0000] {dagbag.py:545} INFO - Filling up the DagBag from /home/airflow/.local/lib/python3.12/site-packages/airflow/example_dags/example_setup_teardown.py
[2024-07-04T16:45:11.743+0000] {processor.py:840} INFO - DAG(s) 'example_setup_teardown' retrieved from /home/airflow/.local/lib/python3.12/site-packages/airflow/example_dags/example_setup_teardown.py
[2024-07-04T16:45:11.752+0000] {logging_mixin.py:188} INFO - [2024-07-04T16:45:11.752+0000] {dag.py:3096} INFO - Sync 1 DAGs
[2024-07-04T16:45:11.761+0000] {logging_mixin.py:188} INFO - [2024-07-04T16:45:11.761+0000] {dag.py:3954} INFO - Setting next_dagrun for example_setup_teardown to 2024-07-03 00:00:00+00:00, run_after=2024-07-04 00:00:00+00:00
[2024-07-04T16:45:11.767+0000] {processor.py:183} INFO - Processing /home/airflow/.local/lib/python3.12/site-packages/airflow/example_dags/example_setup_teardown.py took 0.031 seconds
[2024-07-04T17:39:35.325+0000] {processor.py:161} INFO - Started process (PID=6310) to work on /home/airflow/.local/lib/python3.12/site-packages/airflow/example_dags/example_setup_teardown.py
[2024-07-04T17:39:35.326+0000] {processor.py:830} INFO - Processing file /home/airflow/.local/lib/python3.12/site-packages/airflow/example_dags/example_setup_teardown.py for tasks to queue
[2024-07-04T17:39:35.326+0000] {logging_mixin.py:188} INFO - [2024-07-04T17:39:35.326+0000] {dagbag.py:545} INFO - Filling up the DagBag from /home/airflow/.local/lib/python3.12/site-packages/airflow/example_dags/example_setup_teardown.py
[2024-07-04T17:39:35.329+0000] {processor.py:840} INFO - DAG(s) 'example_setup_teardown' retrieved from /home/airflow/.local/lib/python3.12/site-packages/airflow/example_dags/example_setup_teardown.py
[2024-07-04T17:39:35.337+0000] {logging_mixin.py:188} INFO - [2024-07-04T17:39:35.337+0000] {dag.py:3096} INFO - Sync 1 DAGs
[2024-07-04T17:39:35.345+0000] {logging_mixin.py:188} INFO - [2024-07-04T17:39:35.345+0000] {dag.py:3954} INFO - Setting next_dagrun for example_setup_teardown to 2024-07-03 00:00:00+00:00, run_after=2024-07-04 00:00:00+00:00
[2024-07-04T17:39:35.351+0000] {processor.py:183} INFO - Processing /home/airflow/.local/lib/python3.12/site-packages/airflow/example_dags/example_setup_teardown.py took 0.028 seconds
[2024-07-04T18:32:14.444+0000] {processor.py:161} INFO - Started process (PID=6368) to work on /home/airflow/.local/lib/python3.12/site-packages/airflow/example_dags/example_setup_teardown.py
[2024-07-04T18:32:14.445+0000] {processor.py:830} INFO - Processing file /home/airflow/.local/lib/python3.12/site-packages/airflow/example_dags/example_setup_teardown.py for tasks to queue
[2024-07-04T18:32:14.445+0000] {logging_mixin.py:188} INFO - [2024-07-04T18:32:14.445+0000] {dagbag.py:545} INFO - Filling up the DagBag from /home/airflow/.local/lib/python3.12/site-packages/airflow/example_dags/example_setup_teardown.py
[2024-07-04T18:32:14.448+0000] {processor.py:840} INFO - DAG(s) 'example_setup_teardown' retrieved from /home/airflow/.local/lib/python3.12/site-packages/airflow/example_dags/example_setup_teardown.py
[2024-07-04T18:32:14.456+0000] {logging_mixin.py:188} INFO - [2024-07-04T18:32:14.456+0000] {dag.py:3096} INFO - Sync 1 DAGs
[2024-07-04T18:32:14.464+0000] {logging_mixin.py:188} INFO - [2024-07-04T18:32:14.464+0000] {dag.py:3954} INFO - Setting next_dagrun for example_setup_teardown to 2024-07-03 00:00:00+00:00, run_after=2024-07-04 00:00:00+00:00
[2024-07-04T18:32:14.471+0000] {processor.py:183} INFO - Processing /home/airflow/.local/lib/python3.12/site-packages/airflow/example_dags/example_setup_teardown.py took 0.029 seconds
[2024-07-04T19:08:33.073+0000] {processor.py:161} INFO - Started process (PID=6425) to work on /home/airflow/.local/lib/python3.12/site-packages/airflow/example_dags/example_setup_teardown.py
[2024-07-04T19:08:33.073+0000] {processor.py:830} INFO - Processing file /home/airflow/.local/lib/python3.12/site-packages/airflow/example_dags/example_setup_teardown.py for tasks to queue
[2024-07-04T19:08:33.074+0000] {logging_mixin.py:188} INFO - [2024-07-04T19:08:33.074+0000] {dagbag.py:545} INFO - Filling up the DagBag from /home/airflow/.local/lib/python3.12/site-packages/airflow/example_dags/example_setup_teardown.py
[2024-07-04T19:08:33.077+0000] {processor.py:840} INFO - DAG(s) 'example_setup_teardown' retrieved from /home/airflow/.local/lib/python3.12/site-packages/airflow/example_dags/example_setup_teardown.py
[2024-07-04T19:08:33.086+0000] {logging_mixin.py:188} INFO - [2024-07-04T19:08:33.085+0000] {dag.py:3096} INFO - Sync 1 DAGs
[2024-07-04T19:08:33.094+0000] {logging_mixin.py:188} INFO - [2024-07-04T19:08:33.094+0000] {dag.py:3954} INFO - Setting next_dagrun for example_setup_teardown to 2024-07-03 00:00:00+00:00, run_after=2024-07-04 00:00:00+00:00
[2024-07-04T19:08:33.101+0000] {processor.py:183} INFO - Processing /home/airflow/.local/lib/python3.12/site-packages/airflow/example_dags/example_setup_teardown.py took 0.031 seconds
[2024-07-04T20:48:22.054+0000] {processor.py:161} INFO - Started process (PID=6483) to work on /home/airflow/.local/lib/python3.12/site-packages/airflow/example_dags/example_setup_teardown.py
[2024-07-04T20:48:22.055+0000] {processor.py:830} INFO - Processing file /home/airflow/.local/lib/python3.12/site-packages/airflow/example_dags/example_setup_teardown.py for tasks to queue
[2024-07-04T20:48:22.055+0000] {logging_mixin.py:188} INFO - [2024-07-04T20:48:22.055+0000] {dagbag.py:545} INFO - Filling up the DagBag from /home/airflow/.local/lib/python3.12/site-packages/airflow/example_dags/example_setup_teardown.py
[2024-07-04T20:48:22.058+0000] {processor.py:840} INFO - DAG(s) 'example_setup_teardown' retrieved from /home/airflow/.local/lib/python3.12/site-packages/airflow/example_dags/example_setup_teardown.py
[2024-07-04T20:48:22.067+0000] {logging_mixin.py:188} INFO - [2024-07-04T20:48:22.067+0000] {dag.py:3096} INFO - Sync 1 DAGs
[2024-07-04T20:48:22.076+0000] {logging_mixin.py:188} INFO - [2024-07-04T20:48:22.076+0000] {dag.py:3954} INFO - Setting next_dagrun for example_setup_teardown to 2024-07-03 00:00:00+00:00, run_after=2024-07-04 00:00:00+00:00
[2024-07-04T20:48:22.083+0000] {processor.py:183} INFO - Processing /home/airflow/.local/lib/python3.12/site-packages/airflow/example_dags/example_setup_teardown.py took 0.031 seconds
[2024-07-04T21:49:23.002+0000] {processor.py:161} INFO - Started process (PID=6535) to work on /home/airflow/.local/lib/python3.12/site-packages/airflow/example_dags/example_setup_teardown.py
[2024-07-04T21:49:23.003+0000] {processor.py:830} INFO - Processing file /home/airflow/.local/lib/python3.12/site-packages/airflow/example_dags/example_setup_teardown.py for tasks to queue
[2024-07-04T21:49:23.004+0000] {logging_mixin.py:188} INFO - [2024-07-04T21:49:23.003+0000] {dagbag.py:545} INFO - Filling up the DagBag from /home/airflow/.local/lib/python3.12/site-packages/airflow/example_dags/example_setup_teardown.py
[2024-07-04T21:49:23.006+0000] {processor.py:840} INFO - DAG(s) 'example_setup_teardown' retrieved from /home/airflow/.local/lib/python3.12/site-packages/airflow/example_dags/example_setup_teardown.py
[2024-07-04T21:49:23.016+0000] {logging_mixin.py:188} INFO - [2024-07-04T21:49:23.016+0000] {dag.py:3096} INFO - Sync 1 DAGs
[2024-07-04T21:49:23.025+0000] {logging_mixin.py:188} INFO - [2024-07-04T21:49:23.025+0000] {dag.py:3954} INFO - Setting next_dagrun for example_setup_teardown to 2024-07-03 00:00:00+00:00, run_after=2024-07-04 00:00:00+00:00
[2024-07-04T21:49:23.032+0000] {processor.py:183} INFO - Processing /home/airflow/.local/lib/python3.12/site-packages/airflow/example_dags/example_setup_teardown.py took 0.032 seconds
[2024-07-04T23:01:34.165+0000] {processor.py:161} INFO - Started process (PID=6599) to work on /home/airflow/.local/lib/python3.12/site-packages/airflow/example_dags/example_setup_teardown.py
[2024-07-04T23:01:34.166+0000] {processor.py:830} INFO - Processing file /home/airflow/.local/lib/python3.12/site-packages/airflow/example_dags/example_setup_teardown.py for tasks to queue
[2024-07-04T23:01:34.166+0000] {logging_mixin.py:188} INFO - [2024-07-04T23:01:34.166+0000] {dagbag.py:545} INFO - Filling up the DagBag from /home/airflow/.local/lib/python3.12/site-packages/airflow/example_dags/example_setup_teardown.py
[2024-07-04T23:01:34.169+0000] {processor.py:840} INFO - DAG(s) 'example_setup_teardown' retrieved from /home/airflow/.local/lib/python3.12/site-packages/airflow/example_dags/example_setup_teardown.py
[2024-07-04T23:01:34.177+0000] {logging_mixin.py:188} INFO - [2024-07-04T23:01:34.177+0000] {dag.py:3096} INFO - Sync 1 DAGs
[2024-07-04T23:01:34.185+0000] {logging_mixin.py:188} INFO - [2024-07-04T23:01:34.185+0000] {dag.py:3954} INFO - Setting next_dagrun for example_setup_teardown to 2024-07-03 00:00:00+00:00, run_after=2024-07-04 00:00:00+00:00
[2024-07-04T23:01:34.191+0000] {processor.py:183} INFO - Processing /home/airflow/.local/lib/python3.12/site-packages/airflow/example_dags/example_setup_teardown.py took 0.028 seconds
[2024-07-04T23:16:30.703+0000] {processor.py:161} INFO - Started process (PID=6651) to work on /home/airflow/.local/lib/python3.12/site-packages/airflow/example_dags/example_setup_teardown.py
[2024-07-04T23:16:30.703+0000] {processor.py:830} INFO - Processing file /home/airflow/.local/lib/python3.12/site-packages/airflow/example_dags/example_setup_teardown.py for tasks to queue
[2024-07-04T23:16:30.704+0000] {logging_mixin.py:188} INFO - [2024-07-04T23:16:30.704+0000] {dagbag.py:545} INFO - Filling up the DagBag from /home/airflow/.local/lib/python3.12/site-packages/airflow/example_dags/example_setup_teardown.py
[2024-07-04T23:16:30.707+0000] {processor.py:840} INFO - DAG(s) 'example_setup_teardown' retrieved from /home/airflow/.local/lib/python3.12/site-packages/airflow/example_dags/example_setup_teardown.py
[2024-07-04T23:16:30.716+0000] {logging_mixin.py:188} INFO - [2024-07-04T23:16:30.716+0000] {dag.py:3096} INFO - Sync 1 DAGs
[2024-07-04T23:16:30.724+0000] {logging_mixin.py:188} INFO - [2024-07-04T23:16:30.723+0000] {dag.py:3954} INFO - Setting next_dagrun for example_setup_teardown to 2024-07-03 00:00:00+00:00, run_after=2024-07-04 00:00:00+00:00
[2024-07-04T23:16:30.730+0000] {processor.py:183} INFO - Processing /home/airflow/.local/lib/python3.12/site-packages/airflow/example_dags/example_setup_teardown.py took 0.030 seconds
