[2024-07-04T00:20:53.449+0000] {processor.py:161} INFO - Started process (PID=4439) to work on /home/airflow/.local/lib/python3.12/site-packages/airflow/example_dags/example_task_group_decorator.py
[2024-07-04T00:20:53.449+0000] {processor.py:830} INFO - Processing file /home/airflow/.local/lib/python3.12/site-packages/airflow/example_dags/example_task_group_decorator.py for tasks to queue
[2024-07-04T00:20:53.450+0000] {logging_mixin.py:188} INFO - [2024-07-04T00:20:53.450+0000] {dagbag.py:545} INFO - Filling up the DagBag from /home/airflow/.local/lib/python3.12/site-packages/airflow/example_dags/example_task_group_decorator.py
[2024-07-04T00:20:53.456+0000] {processor.py:840} INFO - DAG(s) 'example_task_group_decorator' retrieved from /home/airflow/.local/lib/python3.12/site-packages/airflow/example_dags/example_task_group_decorator.py
[2024-07-04T00:20:53.465+0000] {logging_mixin.py:188} INFO - [2024-07-04T00:20:53.465+0000] {dag.py:3096} INFO - Sync 1 DAGs
[2024-07-04T00:20:53.473+0000] {logging_mixin.py:188} INFO - [2024-07-04T00:20:53.473+0000] {dag.py:3954} INFO - Setting next_dagrun for example_task_group_decorator to 2024-07-03 00:00:00+00:00, run_after=2024-07-04 00:00:00+00:00
[2024-07-04T00:20:53.479+0000] {processor.py:183} INFO - Processing /home/airflow/.local/lib/python3.12/site-packages/airflow/example_dags/example_task_group_decorator.py took 0.033 seconds
[2024-07-04T00:32:43.977+0000] {processor.py:161} INFO - Started process (PID=4497) to work on /home/airflow/.local/lib/python3.12/site-packages/airflow/example_dags/example_task_group_decorator.py
[2024-07-04T00:32:43.977+0000] {processor.py:830} INFO - Processing file /home/airflow/.local/lib/python3.12/site-packages/airflow/example_dags/example_task_group_decorator.py for tasks to queue
[2024-07-04T00:32:43.978+0000] {logging_mixin.py:188} INFO - [2024-07-04T00:32:43.978+0000] {dagbag.py:545} INFO - Filling up the DagBag from /home/airflow/.local/lib/python3.12/site-packages/airflow/example_dags/example_task_group_decorator.py
[2024-07-04T00:32:43.984+0000] {processor.py:840} INFO - DAG(s) 'example_task_group_decorator' retrieved from /home/airflow/.local/lib/python3.12/site-packages/airflow/example_dags/example_task_group_decorator.py
[2024-07-04T00:32:43.992+0000] {logging_mixin.py:188} INFO - [2024-07-04T00:32:43.992+0000] {dag.py:3096} INFO - Sync 1 DAGs
[2024-07-04T00:32:44.000+0000] {logging_mixin.py:188} INFO - [2024-07-04T00:32:44.000+0000] {dag.py:3954} INFO - Setting next_dagrun for example_task_group_decorator to 2024-07-03 00:00:00+00:00, run_after=2024-07-04 00:00:00+00:00
[2024-07-04T00:32:44.006+0000] {processor.py:183} INFO - Processing /home/airflow/.local/lib/python3.12/site-packages/airflow/example_dags/example_task_group_decorator.py took 0.032 seconds
[2024-07-04T01:04:09.838+0000] {processor.py:161} INFO - Started process (PID=4555) to work on /home/airflow/.local/lib/python3.12/site-packages/airflow/example_dags/example_task_group_decorator.py
[2024-07-04T01:04:09.839+0000] {processor.py:830} INFO - Processing file /home/airflow/.local/lib/python3.12/site-packages/airflow/example_dags/example_task_group_decorator.py for tasks to queue
[2024-07-04T01:04:09.840+0000] {logging_mixin.py:188} INFO - [2024-07-04T01:04:09.839+0000] {dagbag.py:545} INFO - Filling up the DagBag from /home/airflow/.local/lib/python3.12/site-packages/airflow/example_dags/example_task_group_decorator.py
[2024-07-04T01:04:09.846+0000] {processor.py:840} INFO - DAG(s) 'example_task_group_decorator' retrieved from /home/airflow/.local/lib/python3.12/site-packages/airflow/example_dags/example_task_group_decorator.py
[2024-07-04T01:04:09.854+0000] {logging_mixin.py:188} INFO - [2024-07-04T01:04:09.854+0000] {dag.py:3096} INFO - Sync 1 DAGs
[2024-07-04T01:04:09.861+0000] {logging_mixin.py:188} INFO - [2024-07-04T01:04:09.861+0000] {dag.py:3954} INFO - Setting next_dagrun for example_task_group_decorator to 2024-07-03 00:00:00+00:00, run_after=2024-07-04 00:00:00+00:00
[2024-07-04T01:04:09.868+0000] {processor.py:183} INFO - Processing /home/airflow/.local/lib/python3.12/site-packages/airflow/example_dags/example_task_group_decorator.py took 0.032 seconds
[2024-07-04T01:43:13.880+0000] {processor.py:161} INFO - Started process (PID=4613) to work on /home/airflow/.local/lib/python3.12/site-packages/airflow/example_dags/example_task_group_decorator.py
[2024-07-04T01:43:13.880+0000] {processor.py:830} INFO - Processing file /home/airflow/.local/lib/python3.12/site-packages/airflow/example_dags/example_task_group_decorator.py for tasks to queue
[2024-07-04T01:43:13.881+0000] {logging_mixin.py:188} INFO - [2024-07-04T01:43:13.881+0000] {dagbag.py:545} INFO - Filling up the DagBag from /home/airflow/.local/lib/python3.12/site-packages/airflow/example_dags/example_task_group_decorator.py
[2024-07-04T01:43:13.886+0000] {processor.py:840} INFO - DAG(s) 'example_task_group_decorator' retrieved from /home/airflow/.local/lib/python3.12/site-packages/airflow/example_dags/example_task_group_decorator.py
[2024-07-04T01:43:13.895+0000] {logging_mixin.py:188} INFO - [2024-07-04T01:43:13.894+0000] {dag.py:3096} INFO - Sync 1 DAGs
[2024-07-04T01:43:13.902+0000] {logging_mixin.py:188} INFO - [2024-07-04T01:43:13.902+0000] {dag.py:3954} INFO - Setting next_dagrun for example_task_group_decorator to 2024-07-03 00:00:00+00:00, run_after=2024-07-04 00:00:00+00:00
[2024-07-04T01:43:13.909+0000] {processor.py:183} INFO - Processing /home/airflow/.local/lib/python3.12/site-packages/airflow/example_dags/example_task_group_decorator.py took 0.031 seconds
[2024-07-04T02:07:15.151+0000] {processor.py:161} INFO - Started process (PID=4671) to work on /home/airflow/.local/lib/python3.12/site-packages/airflow/example_dags/example_task_group_decorator.py
[2024-07-04T02:07:15.151+0000] {processor.py:830} INFO - Processing file /home/airflow/.local/lib/python3.12/site-packages/airflow/example_dags/example_task_group_decorator.py for tasks to queue
[2024-07-04T02:07:15.152+0000] {logging_mixin.py:188} INFO - [2024-07-04T02:07:15.152+0000] {dagbag.py:545} INFO - Filling up the DagBag from /home/airflow/.local/lib/python3.12/site-packages/airflow/example_dags/example_task_group_decorator.py
[2024-07-04T02:07:15.158+0000] {processor.py:840} INFO - DAG(s) 'example_task_group_decorator' retrieved from /home/airflow/.local/lib/python3.12/site-packages/airflow/example_dags/example_task_group_decorator.py
[2024-07-04T02:07:15.166+0000] {logging_mixin.py:188} INFO - [2024-07-04T02:07:15.166+0000] {dag.py:3096} INFO - Sync 1 DAGs
[2024-07-04T02:07:15.173+0000] {logging_mixin.py:188} INFO - [2024-07-04T02:07:15.173+0000] {dag.py:3954} INFO - Setting next_dagrun for example_task_group_decorator to 2024-07-03 00:00:00+00:00, run_after=2024-07-04 00:00:00+00:00
[2024-07-04T02:07:15.180+0000] {processor.py:183} INFO - Processing /home/airflow/.local/lib/python3.12/site-packages/airflow/example_dags/example_task_group_decorator.py took 0.031 seconds
[2024-07-04T02:42:01.283+0000] {processor.py:161} INFO - Started process (PID=4729) to work on /home/airflow/.local/lib/python3.12/site-packages/airflow/example_dags/example_task_group_decorator.py
[2024-07-04T02:42:01.284+0000] {processor.py:830} INFO - Processing file /home/airflow/.local/lib/python3.12/site-packages/airflow/example_dags/example_task_group_decorator.py for tasks to queue
[2024-07-04T02:42:01.285+0000] {logging_mixin.py:188} INFO - [2024-07-04T02:42:01.284+0000] {dagbag.py:545} INFO - Filling up the DagBag from /home/airflow/.local/lib/python3.12/site-packages/airflow/example_dags/example_task_group_decorator.py
[2024-07-04T02:42:01.290+0000] {processor.py:840} INFO - DAG(s) 'example_task_group_decorator' retrieved from /home/airflow/.local/lib/python3.12/site-packages/airflow/example_dags/example_task_group_decorator.py
[2024-07-04T02:42:01.299+0000] {logging_mixin.py:188} INFO - [2024-07-04T02:42:01.299+0000] {dag.py:3096} INFO - Sync 1 DAGs
[2024-07-04T02:42:01.306+0000] {logging_mixin.py:188} INFO - [2024-07-04T02:42:01.306+0000] {dag.py:3954} INFO - Setting next_dagrun for example_task_group_decorator to 2024-07-03 00:00:00+00:00, run_after=2024-07-04 00:00:00+00:00
[2024-07-04T02:42:01.312+0000] {processor.py:183} INFO - Processing /home/airflow/.local/lib/python3.12/site-packages/airflow/example_dags/example_task_group_decorator.py took 0.031 seconds
[2024-07-04T02:44:45.078+0000] {processor.py:161} INFO - Started process (PID=4787) to work on /home/airflow/.local/lib/python3.12/site-packages/airflow/example_dags/example_task_group_decorator.py
[2024-07-04T02:44:45.078+0000] {processor.py:830} INFO - Processing file /home/airflow/.local/lib/python3.12/site-packages/airflow/example_dags/example_task_group_decorator.py for tasks to queue
[2024-07-04T02:44:45.079+0000] {logging_mixin.py:188} INFO - [2024-07-04T02:44:45.079+0000] {dagbag.py:545} INFO - Filling up the DagBag from /home/airflow/.local/lib/python3.12/site-packages/airflow/example_dags/example_task_group_decorator.py
[2024-07-04T02:44:45.084+0000] {processor.py:840} INFO - DAG(s) 'example_task_group_decorator' retrieved from /home/airflow/.local/lib/python3.12/site-packages/airflow/example_dags/example_task_group_decorator.py
[2024-07-04T02:44:45.093+0000] {logging_mixin.py:188} INFO - [2024-07-04T02:44:45.093+0000] {dag.py:3096} INFO - Sync 1 DAGs
[2024-07-04T02:44:45.101+0000] {logging_mixin.py:188} INFO - [2024-07-04T02:44:45.101+0000] {dag.py:3954} INFO - Setting next_dagrun for example_task_group_decorator to 2024-07-03 00:00:00+00:00, run_after=2024-07-04 00:00:00+00:00
[2024-07-04T02:44:45.107+0000] {processor.py:183} INFO - Processing /home/airflow/.local/lib/python3.12/site-packages/airflow/example_dags/example_task_group_decorator.py took 0.032 seconds
[2024-07-04T03:05:26.766+0000] {processor.py:161} INFO - Started process (PID=4845) to work on /home/airflow/.local/lib/python3.12/site-packages/airflow/example_dags/example_task_group_decorator.py
[2024-07-04T03:05:26.766+0000] {processor.py:830} INFO - Processing file /home/airflow/.local/lib/python3.12/site-packages/airflow/example_dags/example_task_group_decorator.py for tasks to queue
[2024-07-04T03:05:26.767+0000] {logging_mixin.py:188} INFO - [2024-07-04T03:05:26.767+0000] {dagbag.py:545} INFO - Filling up the DagBag from /home/airflow/.local/lib/python3.12/site-packages/airflow/example_dags/example_task_group_decorator.py
[2024-07-04T03:05:26.772+0000] {processor.py:840} INFO - DAG(s) 'example_task_group_decorator' retrieved from /home/airflow/.local/lib/python3.12/site-packages/airflow/example_dags/example_task_group_decorator.py
[2024-07-04T03:05:26.781+0000] {logging_mixin.py:188} INFO - [2024-07-04T03:05:26.781+0000] {dag.py:3096} INFO - Sync 1 DAGs
[2024-07-04T03:05:26.790+0000] {logging_mixin.py:188} INFO - [2024-07-04T03:05:26.790+0000] {dag.py:3954} INFO - Setting next_dagrun for example_task_group_decorator to 2024-07-03 00:00:00+00:00, run_after=2024-07-04 00:00:00+00:00
[2024-07-04T03:05:26.796+0000] {processor.py:183} INFO - Processing /home/airflow/.local/lib/python3.12/site-packages/airflow/example_dags/example_task_group_decorator.py took 0.032 seconds
[2024-07-04T04:00:02.752+0000] {processor.py:161} INFO - Started process (PID=4903) to work on /home/airflow/.local/lib/python3.12/site-packages/airflow/example_dags/example_task_group_decorator.py
[2024-07-04T04:00:02.752+0000] {processor.py:830} INFO - Processing file /home/airflow/.local/lib/python3.12/site-packages/airflow/example_dags/example_task_group_decorator.py for tasks to queue
[2024-07-04T04:00:02.753+0000] {logging_mixin.py:188} INFO - [2024-07-04T04:00:02.753+0000] {dagbag.py:545} INFO - Filling up the DagBag from /home/airflow/.local/lib/python3.12/site-packages/airflow/example_dags/example_task_group_decorator.py
[2024-07-04T04:00:02.758+0000] {processor.py:840} INFO - DAG(s) 'example_task_group_decorator' retrieved from /home/airflow/.local/lib/python3.12/site-packages/airflow/example_dags/example_task_group_decorator.py
[2024-07-04T04:00:02.767+0000] {logging_mixin.py:188} INFO - [2024-07-04T04:00:02.767+0000] {dag.py:3096} INFO - Sync 1 DAGs
[2024-07-04T04:00:02.774+0000] {logging_mixin.py:188} INFO - [2024-07-04T04:00:02.774+0000] {dag.py:3954} INFO - Setting next_dagrun for example_task_group_decorator to 2024-07-03 00:00:00+00:00, run_after=2024-07-04 00:00:00+00:00
[2024-07-04T04:00:02.781+0000] {processor.py:183} INFO - Processing /home/airflow/.local/lib/python3.12/site-packages/airflow/example_dags/example_task_group_decorator.py took 0.031 seconds
[2024-07-04T04:31:25.600+0000] {processor.py:161} INFO - Started process (PID=4961) to work on /home/airflow/.local/lib/python3.12/site-packages/airflow/example_dags/example_task_group_decorator.py
[2024-07-04T04:31:25.600+0000] {processor.py:830} INFO - Processing file /home/airflow/.local/lib/python3.12/site-packages/airflow/example_dags/example_task_group_decorator.py for tasks to queue
[2024-07-04T04:31:25.601+0000] {logging_mixin.py:188} INFO - [2024-07-04T04:31:25.601+0000] {dagbag.py:545} INFO - Filling up the DagBag from /home/airflow/.local/lib/python3.12/site-packages/airflow/example_dags/example_task_group_decorator.py
[2024-07-04T04:31:25.607+0000] {processor.py:840} INFO - DAG(s) 'example_task_group_decorator' retrieved from /home/airflow/.local/lib/python3.12/site-packages/airflow/example_dags/example_task_group_decorator.py
[2024-07-04T04:31:25.615+0000] {logging_mixin.py:188} INFO - [2024-07-04T04:31:25.615+0000] {dag.py:3096} INFO - Sync 1 DAGs
[2024-07-04T04:31:25.623+0000] {logging_mixin.py:188} INFO - [2024-07-04T04:31:25.623+0000] {dag.py:3954} INFO - Setting next_dagrun for example_task_group_decorator to 2024-07-03 00:00:00+00:00, run_after=2024-07-04 00:00:00+00:00
[2024-07-04T04:31:25.630+0000] {processor.py:183} INFO - Processing /home/airflow/.local/lib/python3.12/site-packages/airflow/example_dags/example_task_group_decorator.py took 0.032 seconds
[2024-07-04T05:07:27.140+0000] {processor.py:161} INFO - Started process (PID=5019) to work on /home/airflow/.local/lib/python3.12/site-packages/airflow/example_dags/example_task_group_decorator.py
[2024-07-04T05:07:27.140+0000] {processor.py:830} INFO - Processing file /home/airflow/.local/lib/python3.12/site-packages/airflow/example_dags/example_task_group_decorator.py for tasks to queue
[2024-07-04T05:07:27.141+0000] {logging_mixin.py:188} INFO - [2024-07-04T05:07:27.141+0000] {dagbag.py:545} INFO - Filling up the DagBag from /home/airflow/.local/lib/python3.12/site-packages/airflow/example_dags/example_task_group_decorator.py
[2024-07-04T05:07:27.146+0000] {processor.py:840} INFO - DAG(s) 'example_task_group_decorator' retrieved from /home/airflow/.local/lib/python3.12/site-packages/airflow/example_dags/example_task_group_decorator.py
[2024-07-04T05:07:27.155+0000] {logging_mixin.py:188} INFO - [2024-07-04T05:07:27.155+0000] {dag.py:3096} INFO - Sync 1 DAGs
[2024-07-04T05:07:27.163+0000] {logging_mixin.py:188} INFO - [2024-07-04T05:07:27.162+0000] {dag.py:3954} INFO - Setting next_dagrun for example_task_group_decorator to 2024-07-03 00:00:00+00:00, run_after=2024-07-04 00:00:00+00:00
[2024-07-04T05:07:27.169+0000] {processor.py:183} INFO - Processing /home/airflow/.local/lib/python3.12/site-packages/airflow/example_dags/example_task_group_decorator.py took 0.032 seconds
[2024-07-04T06:06:28.544+0000] {processor.py:161} INFO - Started process (PID=5077) to work on /home/airflow/.local/lib/python3.12/site-packages/airflow/example_dags/example_task_group_decorator.py
[2024-07-04T06:06:28.544+0000] {processor.py:830} INFO - Processing file /home/airflow/.local/lib/python3.12/site-packages/airflow/example_dags/example_task_group_decorator.py for tasks to queue
[2024-07-04T06:06:28.545+0000] {logging_mixin.py:188} INFO - [2024-07-04T06:06:28.545+0000] {dagbag.py:545} INFO - Filling up the DagBag from /home/airflow/.local/lib/python3.12/site-packages/airflow/example_dags/example_task_group_decorator.py
[2024-07-04T06:06:28.550+0000] {processor.py:840} INFO - DAG(s) 'example_task_group_decorator' retrieved from /home/airflow/.local/lib/python3.12/site-packages/airflow/example_dags/example_task_group_decorator.py
[2024-07-04T06:06:28.559+0000] {logging_mixin.py:188} INFO - [2024-07-04T06:06:28.559+0000] {dag.py:3096} INFO - Sync 1 DAGs
[2024-07-04T06:06:28.568+0000] {logging_mixin.py:188} INFO - [2024-07-04T06:06:28.568+0000] {dag.py:3954} INFO - Setting next_dagrun for example_task_group_decorator to 2024-07-03 00:00:00+00:00, run_after=2024-07-04 00:00:00+00:00
[2024-07-04T06:06:28.576+0000] {processor.py:183} INFO - Processing /home/airflow/.local/lib/python3.12/site-packages/airflow/example_dags/example_task_group_decorator.py took 0.034 seconds
[2024-07-04T06:24:41.577+0000] {processor.py:161} INFO - Started process (PID=5135) to work on /home/airflow/.local/lib/python3.12/site-packages/airflow/example_dags/example_task_group_decorator.py
[2024-07-04T06:24:41.577+0000] {processor.py:830} INFO - Processing file /home/airflow/.local/lib/python3.12/site-packages/airflow/example_dags/example_task_group_decorator.py for tasks to queue
[2024-07-04T06:24:41.578+0000] {logging_mixin.py:188} INFO - [2024-07-04T06:24:41.577+0000] {dagbag.py:545} INFO - Filling up the DagBag from /home/airflow/.local/lib/python3.12/site-packages/airflow/example_dags/example_task_group_decorator.py
[2024-07-04T06:24:41.583+0000] {processor.py:840} INFO - DAG(s) 'example_task_group_decorator' retrieved from /home/airflow/.local/lib/python3.12/site-packages/airflow/example_dags/example_task_group_decorator.py
[2024-07-04T06:24:41.593+0000] {logging_mixin.py:188} INFO - [2024-07-04T06:24:41.593+0000] {dag.py:3096} INFO - Sync 1 DAGs
[2024-07-04T06:24:41.603+0000] {logging_mixin.py:188} INFO - [2024-07-04T06:24:41.603+0000] {dag.py:3954} INFO - Setting next_dagrun for example_task_group_decorator to 2024-07-03 00:00:00+00:00, run_after=2024-07-04 00:00:00+00:00
[2024-07-04T06:24:41.611+0000] {processor.py:183} INFO - Processing /home/airflow/.local/lib/python3.12/site-packages/airflow/example_dags/example_task_group_decorator.py took 0.037 seconds
[2024-07-04T07:07:24.171+0000] {processor.py:161} INFO - Started process (PID=5193) to work on /home/airflow/.local/lib/python3.12/site-packages/airflow/example_dags/example_task_group_decorator.py
[2024-07-04T07:07:24.172+0000] {processor.py:830} INFO - Processing file /home/airflow/.local/lib/python3.12/site-packages/airflow/example_dags/example_task_group_decorator.py for tasks to queue
[2024-07-04T07:07:24.172+0000] {logging_mixin.py:188} INFO - [2024-07-04T07:07:24.172+0000] {dagbag.py:545} INFO - Filling up the DagBag from /home/airflow/.local/lib/python3.12/site-packages/airflow/example_dags/example_task_group_decorator.py
[2024-07-04T07:07:24.178+0000] {processor.py:840} INFO - DAG(s) 'example_task_group_decorator' retrieved from /home/airflow/.local/lib/python3.12/site-packages/airflow/example_dags/example_task_group_decorator.py
[2024-07-04T07:07:24.187+0000] {logging_mixin.py:188} INFO - [2024-07-04T07:07:24.187+0000] {dag.py:3096} INFO - Sync 1 DAGs
[2024-07-04T07:07:24.195+0000] {logging_mixin.py:188} INFO - [2024-07-04T07:07:24.195+0000] {dag.py:3954} INFO - Setting next_dagrun for example_task_group_decorator to 2024-07-03 00:00:00+00:00, run_after=2024-07-04 00:00:00+00:00
[2024-07-04T07:07:24.202+0000] {processor.py:183} INFO - Processing /home/airflow/.local/lib/python3.12/site-packages/airflow/example_dags/example_task_group_decorator.py took 0.033 seconds
[2024-07-04T07:10:35.388+0000] {processor.py:161} INFO - Started process (PID=5251) to work on /home/airflow/.local/lib/python3.12/site-packages/airflow/example_dags/example_task_group_decorator.py
[2024-07-04T07:10:35.389+0000] {processor.py:830} INFO - Processing file /home/airflow/.local/lib/python3.12/site-packages/airflow/example_dags/example_task_group_decorator.py for tasks to queue
[2024-07-04T07:10:35.389+0000] {logging_mixin.py:188} INFO - [2024-07-04T07:10:35.389+0000] {dagbag.py:545} INFO - Filling up the DagBag from /home/airflow/.local/lib/python3.12/site-packages/airflow/example_dags/example_task_group_decorator.py
[2024-07-04T07:10:35.395+0000] {processor.py:840} INFO - DAG(s) 'example_task_group_decorator' retrieved from /home/airflow/.local/lib/python3.12/site-packages/airflow/example_dags/example_task_group_decorator.py
[2024-07-04T07:10:35.403+0000] {logging_mixin.py:188} INFO - [2024-07-04T07:10:35.403+0000] {dag.py:3096} INFO - Sync 1 DAGs
[2024-07-04T07:10:35.411+0000] {logging_mixin.py:188} INFO - [2024-07-04T07:10:35.411+0000] {dag.py:3954} INFO - Setting next_dagrun for example_task_group_decorator to 2024-07-03 00:00:00+00:00, run_after=2024-07-04 00:00:00+00:00
[2024-07-04T07:10:35.417+0000] {processor.py:183} INFO - Processing /home/airflow/.local/lib/python3.12/site-packages/airflow/example_dags/example_task_group_decorator.py took 0.031 seconds
[2024-07-04T07:18:42.265+0000] {processor.py:161} INFO - Started process (PID=5309) to work on /home/airflow/.local/lib/python3.12/site-packages/airflow/example_dags/example_task_group_decorator.py
[2024-07-04T07:18:42.265+0000] {processor.py:830} INFO - Processing file /home/airflow/.local/lib/python3.12/site-packages/airflow/example_dags/example_task_group_decorator.py for tasks to queue
[2024-07-04T07:18:42.266+0000] {logging_mixin.py:188} INFO - [2024-07-04T07:18:42.266+0000] {dagbag.py:545} INFO - Filling up the DagBag from /home/airflow/.local/lib/python3.12/site-packages/airflow/example_dags/example_task_group_decorator.py
[2024-07-04T07:18:42.272+0000] {processor.py:840} INFO - DAG(s) 'example_task_group_decorator' retrieved from /home/airflow/.local/lib/python3.12/site-packages/airflow/example_dags/example_task_group_decorator.py
[2024-07-04T07:18:42.281+0000] {logging_mixin.py:188} INFO - [2024-07-04T07:18:42.281+0000] {dag.py:3096} INFO - Sync 1 DAGs
[2024-07-04T07:18:42.289+0000] {logging_mixin.py:188} INFO - [2024-07-04T07:18:42.288+0000] {dag.py:3954} INFO - Setting next_dagrun for example_task_group_decorator to 2024-07-03 00:00:00+00:00, run_after=2024-07-04 00:00:00+00:00
[2024-07-04T07:18:42.295+0000] {processor.py:183} INFO - Processing /home/airflow/.local/lib/python3.12/site-packages/airflow/example_dags/example_task_group_decorator.py took 0.032 seconds
[2024-07-04T07:58:27.915+0000] {processor.py:161} INFO - Started process (PID=5367) to work on /home/airflow/.local/lib/python3.12/site-packages/airflow/example_dags/example_task_group_decorator.py
[2024-07-04T07:58:27.915+0000] {processor.py:830} INFO - Processing file /home/airflow/.local/lib/python3.12/site-packages/airflow/example_dags/example_task_group_decorator.py for tasks to queue
[2024-07-04T07:58:27.916+0000] {logging_mixin.py:188} INFO - [2024-07-04T07:58:27.916+0000] {dagbag.py:545} INFO - Filling up the DagBag from /home/airflow/.local/lib/python3.12/site-packages/airflow/example_dags/example_task_group_decorator.py
[2024-07-04T07:58:27.921+0000] {processor.py:840} INFO - DAG(s) 'example_task_group_decorator' retrieved from /home/airflow/.local/lib/python3.12/site-packages/airflow/example_dags/example_task_group_decorator.py
[2024-07-04T07:58:27.930+0000] {logging_mixin.py:188} INFO - [2024-07-04T07:58:27.930+0000] {dag.py:3096} INFO - Sync 1 DAGs
[2024-07-04T07:58:27.938+0000] {logging_mixin.py:188} INFO - [2024-07-04T07:58:27.938+0000] {dag.py:3954} INFO - Setting next_dagrun for example_task_group_decorator to 2024-07-03 00:00:00+00:00, run_after=2024-07-04 00:00:00+00:00
[2024-07-04T07:58:27.944+0000] {processor.py:183} INFO - Processing /home/airflow/.local/lib/python3.12/site-packages/airflow/example_dags/example_task_group_decorator.py took 0.032 seconds
[2024-07-04T08:28:07.835+0000] {processor.py:161} INFO - Started process (PID=5425) to work on /home/airflow/.local/lib/python3.12/site-packages/airflow/example_dags/example_task_group_decorator.py
[2024-07-04T08:28:07.835+0000] {processor.py:830} INFO - Processing file /home/airflow/.local/lib/python3.12/site-packages/airflow/example_dags/example_task_group_decorator.py for tasks to queue
[2024-07-04T08:28:07.836+0000] {logging_mixin.py:188} INFO - [2024-07-04T08:28:07.836+0000] {dagbag.py:545} INFO - Filling up the DagBag from /home/airflow/.local/lib/python3.12/site-packages/airflow/example_dags/example_task_group_decorator.py
[2024-07-04T08:28:07.842+0000] {processor.py:840} INFO - DAG(s) 'example_task_group_decorator' retrieved from /home/airflow/.local/lib/python3.12/site-packages/airflow/example_dags/example_task_group_decorator.py
[2024-07-04T08:28:07.851+0000] {logging_mixin.py:188} INFO - [2024-07-04T08:28:07.851+0000] {dag.py:3096} INFO - Sync 1 DAGs
[2024-07-04T08:28:07.860+0000] {logging_mixin.py:188} INFO - [2024-07-04T08:28:07.859+0000] {dag.py:3954} INFO - Setting next_dagrun for example_task_group_decorator to 2024-07-03 00:00:00+00:00, run_after=2024-07-04 00:00:00+00:00
[2024-07-04T08:28:07.866+0000] {processor.py:183} INFO - Processing /home/airflow/.local/lib/python3.12/site-packages/airflow/example_dags/example_task_group_decorator.py took 0.034 seconds
[2024-07-04T09:07:11.983+0000] {processor.py:161} INFO - Started process (PID=5483) to work on /home/airflow/.local/lib/python3.12/site-packages/airflow/example_dags/example_task_group_decorator.py
[2024-07-04T09:07:11.983+0000] {processor.py:830} INFO - Processing file /home/airflow/.local/lib/python3.12/site-packages/airflow/example_dags/example_task_group_decorator.py for tasks to queue
[2024-07-04T09:07:11.984+0000] {logging_mixin.py:188} INFO - [2024-07-04T09:07:11.984+0000] {dagbag.py:545} INFO - Filling up the DagBag from /home/airflow/.local/lib/python3.12/site-packages/airflow/example_dags/example_task_group_decorator.py
[2024-07-04T09:07:11.990+0000] {processor.py:840} INFO - DAG(s) 'example_task_group_decorator' retrieved from /home/airflow/.local/lib/python3.12/site-packages/airflow/example_dags/example_task_group_decorator.py
[2024-07-04T09:07:11.999+0000] {logging_mixin.py:188} INFO - [2024-07-04T09:07:11.999+0000] {dag.py:3096} INFO - Sync 1 DAGs
[2024-07-04T09:07:12.007+0000] {logging_mixin.py:188} INFO - [2024-07-04T09:07:12.007+0000] {dag.py:3954} INFO - Setting next_dagrun for example_task_group_decorator to 2024-07-03 00:00:00+00:00, run_after=2024-07-04 00:00:00+00:00
[2024-07-04T09:07:12.013+0000] {processor.py:183} INFO - Processing /home/airflow/.local/lib/python3.12/site-packages/airflow/example_dags/example_task_group_decorator.py took 0.033 seconds
[2024-07-04T09:48:36.279+0000] {processor.py:161} INFO - Started process (PID=5540) to work on /home/airflow/.local/lib/python3.12/site-packages/airflow/example_dags/example_task_group_decorator.py
[2024-07-04T09:48:36.279+0000] {processor.py:830} INFO - Processing file /home/airflow/.local/lib/python3.12/site-packages/airflow/example_dags/example_task_group_decorator.py for tasks to queue
[2024-07-04T09:48:36.280+0000] {logging_mixin.py:188} INFO - [2024-07-04T09:48:36.280+0000] {dagbag.py:545} INFO - Filling up the DagBag from /home/airflow/.local/lib/python3.12/site-packages/airflow/example_dags/example_task_group_decorator.py
[2024-07-04T09:48:36.285+0000] {processor.py:840} INFO - DAG(s) 'example_task_group_decorator' retrieved from /home/airflow/.local/lib/python3.12/site-packages/airflow/example_dags/example_task_group_decorator.py
[2024-07-04T09:48:36.294+0000] {logging_mixin.py:188} INFO - [2024-07-04T09:48:36.294+0000] {dag.py:3096} INFO - Sync 1 DAGs
[2024-07-04T09:48:36.302+0000] {logging_mixin.py:188} INFO - [2024-07-04T09:48:36.302+0000] {dag.py:3954} INFO - Setting next_dagrun for example_task_group_decorator to 2024-07-03 00:00:00+00:00, run_after=2024-07-04 00:00:00+00:00
[2024-07-04T09:48:36.309+0000] {processor.py:183} INFO - Processing /home/airflow/.local/lib/python3.12/site-packages/airflow/example_dags/example_task_group_decorator.py took 0.032 seconds
[2024-07-04T10:29:04.462+0000] {processor.py:161} INFO - Started process (PID=5598) to work on /home/airflow/.local/lib/python3.12/site-packages/airflow/example_dags/example_task_group_decorator.py
[2024-07-04T10:29:04.463+0000] {processor.py:830} INFO - Processing file /home/airflow/.local/lib/python3.12/site-packages/airflow/example_dags/example_task_group_decorator.py for tasks to queue
[2024-07-04T10:29:04.463+0000] {logging_mixin.py:188} INFO - [2024-07-04T10:29:04.463+0000] {dagbag.py:545} INFO - Filling up the DagBag from /home/airflow/.local/lib/python3.12/site-packages/airflow/example_dags/example_task_group_decorator.py
[2024-07-04T10:29:04.469+0000] {processor.py:840} INFO - DAG(s) 'example_task_group_decorator' retrieved from /home/airflow/.local/lib/python3.12/site-packages/airflow/example_dags/example_task_group_decorator.py
[2024-07-04T10:29:04.477+0000] {logging_mixin.py:188} INFO - [2024-07-04T10:29:04.477+0000] {dag.py:3096} INFO - Sync 1 DAGs
[2024-07-04T10:29:04.484+0000] {logging_mixin.py:188} INFO - [2024-07-04T10:29:04.484+0000] {dag.py:3954} INFO - Setting next_dagrun for example_task_group_decorator to 2024-07-03 00:00:00+00:00, run_after=2024-07-04 00:00:00+00:00
[2024-07-04T10:29:04.492+0000] {processor.py:183} INFO - Processing /home/airflow/.local/lib/python3.12/site-packages/airflow/example_dags/example_task_group_decorator.py took 0.032 seconds
[2024-07-04T11:13:23.659+0000] {processor.py:161} INFO - Started process (PID=5656) to work on /home/airflow/.local/lib/python3.12/site-packages/airflow/example_dags/example_task_group_decorator.py
[2024-07-04T11:13:23.659+0000] {processor.py:830} INFO - Processing file /home/airflow/.local/lib/python3.12/site-packages/airflow/example_dags/example_task_group_decorator.py for tasks to queue
[2024-07-04T11:13:23.660+0000] {logging_mixin.py:188} INFO - [2024-07-04T11:13:23.660+0000] {dagbag.py:545} INFO - Filling up the DagBag from /home/airflow/.local/lib/python3.12/site-packages/airflow/example_dags/example_task_group_decorator.py
[2024-07-04T11:13:23.666+0000] {processor.py:840} INFO - DAG(s) 'example_task_group_decorator' retrieved from /home/airflow/.local/lib/python3.12/site-packages/airflow/example_dags/example_task_group_decorator.py
[2024-07-04T11:13:23.674+0000] {logging_mixin.py:188} INFO - [2024-07-04T11:13:23.674+0000] {dag.py:3096} INFO - Sync 1 DAGs
[2024-07-04T11:13:23.682+0000] {logging_mixin.py:188} INFO - [2024-07-04T11:13:23.682+0000] {dag.py:3954} INFO - Setting next_dagrun for example_task_group_decorator to 2024-07-03 00:00:00+00:00, run_after=2024-07-04 00:00:00+00:00
[2024-07-04T11:13:23.688+0000] {processor.py:183} INFO - Processing /home/airflow/.local/lib/python3.12/site-packages/airflow/example_dags/example_task_group_decorator.py took 0.032 seconds
[2024-07-04T12:14:25.859+0000] {processor.py:161} INFO - Started process (PID=5714) to work on /home/airflow/.local/lib/python3.12/site-packages/airflow/example_dags/example_task_group_decorator.py
[2024-07-04T12:14:25.860+0000] {processor.py:830} INFO - Processing file /home/airflow/.local/lib/python3.12/site-packages/airflow/example_dags/example_task_group_decorator.py for tasks to queue
[2024-07-04T12:14:25.861+0000] {logging_mixin.py:188} INFO - [2024-07-04T12:14:25.860+0000] {dagbag.py:545} INFO - Filling up the DagBag from /home/airflow/.local/lib/python3.12/site-packages/airflow/example_dags/example_task_group_decorator.py
[2024-07-04T12:14:25.866+0000] {processor.py:840} INFO - DAG(s) 'example_task_group_decorator' retrieved from /home/airflow/.local/lib/python3.12/site-packages/airflow/example_dags/example_task_group_decorator.py
[2024-07-04T12:14:25.874+0000] {logging_mixin.py:188} INFO - [2024-07-04T12:14:25.874+0000] {dag.py:3096} INFO - Sync 1 DAGs
[2024-07-04T12:14:25.882+0000] {logging_mixin.py:188} INFO - [2024-07-04T12:14:25.882+0000] {dag.py:3954} INFO - Setting next_dagrun for example_task_group_decorator to 2024-07-03 00:00:00+00:00, run_after=2024-07-04 00:00:00+00:00
[2024-07-04T12:14:25.888+0000] {processor.py:183} INFO - Processing /home/airflow/.local/lib/python3.12/site-packages/airflow/example_dags/example_task_group_decorator.py took 0.031 seconds
[2024-07-04T13:00:40.669+0000] {processor.py:161} INFO - Started process (PID=5772) to work on /home/airflow/.local/lib/python3.12/site-packages/airflow/example_dags/example_task_group_decorator.py
[2024-07-04T13:00:40.671+0000] {processor.py:830} INFO - Processing file /home/airflow/.local/lib/python3.12/site-packages/airflow/example_dags/example_task_group_decorator.py for tasks to queue
[2024-07-04T13:00:40.672+0000] {logging_mixin.py:188} INFO - [2024-07-04T13:00:40.671+0000] {dagbag.py:545} INFO - Filling up the DagBag from /home/airflow/.local/lib/python3.12/site-packages/airflow/example_dags/example_task_group_decorator.py
[2024-07-04T13:00:40.679+0000] {processor.py:840} INFO - DAG(s) 'example_task_group_decorator' retrieved from /home/airflow/.local/lib/python3.12/site-packages/airflow/example_dags/example_task_group_decorator.py
[2024-07-04T13:00:40.689+0000] {logging_mixin.py:188} INFO - [2024-07-04T13:00:40.689+0000] {dag.py:3096} INFO - Sync 1 DAGs
[2024-07-04T13:00:40.697+0000] {logging_mixin.py:188} INFO - [2024-07-04T13:00:40.697+0000] {dag.py:3954} INFO - Setting next_dagrun for example_task_group_decorator to 2024-07-03 00:00:00+00:00, run_after=2024-07-04 00:00:00+00:00
[2024-07-04T13:00:40.703+0000] {processor.py:183} INFO - Processing /home/airflow/.local/lib/python3.12/site-packages/airflow/example_dags/example_task_group_decorator.py took 0.036 seconds
[2024-07-04T13:15:19.989+0000] {processor.py:161} INFO - Started process (PID=5830) to work on /home/airflow/.local/lib/python3.12/site-packages/airflow/example_dags/example_task_group_decorator.py
[2024-07-04T13:15:19.990+0000] {processor.py:830} INFO - Processing file /home/airflow/.local/lib/python3.12/site-packages/airflow/example_dags/example_task_group_decorator.py for tasks to queue
[2024-07-04T13:15:19.991+0000] {logging_mixin.py:188} INFO - [2024-07-04T13:15:19.991+0000] {dagbag.py:545} INFO - Filling up the DagBag from /home/airflow/.local/lib/python3.12/site-packages/airflow/example_dags/example_task_group_decorator.py
[2024-07-04T13:15:19.997+0000] {processor.py:840} INFO - DAG(s) 'example_task_group_decorator' retrieved from /home/airflow/.local/lib/python3.12/site-packages/airflow/example_dags/example_task_group_decorator.py
[2024-07-04T13:15:20.006+0000] {logging_mixin.py:188} INFO - [2024-07-04T13:15:20.006+0000] {dag.py:3096} INFO - Sync 1 DAGs
[2024-07-04T13:15:20.014+0000] {logging_mixin.py:188} INFO - [2024-07-04T13:15:20.013+0000] {dag.py:3954} INFO - Setting next_dagrun for example_task_group_decorator to 2024-07-03 00:00:00+00:00, run_after=2024-07-04 00:00:00+00:00
[2024-07-04T13:15:20.020+0000] {processor.py:183} INFO - Processing /home/airflow/.local/lib/python3.12/site-packages/airflow/example_dags/example_task_group_decorator.py took 0.034 seconds
[2024-07-04T13:30:25.292+0000] {processor.py:161} INFO - Started process (PID=5888) to work on /home/airflow/.local/lib/python3.12/site-packages/airflow/example_dags/example_task_group_decorator.py
[2024-07-04T13:30:25.292+0000] {processor.py:830} INFO - Processing file /home/airflow/.local/lib/python3.12/site-packages/airflow/example_dags/example_task_group_decorator.py for tasks to queue
[2024-07-04T13:30:25.293+0000] {logging_mixin.py:188} INFO - [2024-07-04T13:30:25.293+0000] {dagbag.py:545} INFO - Filling up the DagBag from /home/airflow/.local/lib/python3.12/site-packages/airflow/example_dags/example_task_group_decorator.py
[2024-07-04T13:30:25.298+0000] {processor.py:840} INFO - DAG(s) 'example_task_group_decorator' retrieved from /home/airflow/.local/lib/python3.12/site-packages/airflow/example_dags/example_task_group_decorator.py
[2024-07-04T13:30:25.309+0000] {logging_mixin.py:188} INFO - [2024-07-04T13:30:25.309+0000] {dag.py:3096} INFO - Sync 1 DAGs
[2024-07-04T13:30:25.317+0000] {logging_mixin.py:188} INFO - [2024-07-04T13:30:25.317+0000] {dag.py:3954} INFO - Setting next_dagrun for example_task_group_decorator to 2024-07-03 00:00:00+00:00, run_after=2024-07-04 00:00:00+00:00
[2024-07-04T13:30:25.324+0000] {processor.py:183} INFO - Processing /home/airflow/.local/lib/python3.12/site-packages/airflow/example_dags/example_task_group_decorator.py took 0.035 seconds
[2024-07-04T13:50:27.126+0000] {processor.py:161} INFO - Started process (PID=5946) to work on /home/airflow/.local/lib/python3.12/site-packages/airflow/example_dags/example_task_group_decorator.py
[2024-07-04T13:50:27.127+0000] {processor.py:830} INFO - Processing file /home/airflow/.local/lib/python3.12/site-packages/airflow/example_dags/example_task_group_decorator.py for tasks to queue
[2024-07-04T13:50:27.128+0000] {logging_mixin.py:188} INFO - [2024-07-04T13:50:27.128+0000] {dagbag.py:545} INFO - Filling up the DagBag from /home/airflow/.local/lib/python3.12/site-packages/airflow/example_dags/example_task_group_decorator.py
[2024-07-04T13:50:27.134+0000] {processor.py:840} INFO - DAG(s) 'example_task_group_decorator' retrieved from /home/airflow/.local/lib/python3.12/site-packages/airflow/example_dags/example_task_group_decorator.py
[2024-07-04T13:50:27.142+0000] {logging_mixin.py:188} INFO - [2024-07-04T13:50:27.142+0000] {dag.py:3096} INFO - Sync 1 DAGs
[2024-07-04T13:50:27.150+0000] {logging_mixin.py:188} INFO - [2024-07-04T13:50:27.150+0000] {dag.py:3954} INFO - Setting next_dagrun for example_task_group_decorator to 2024-07-03 00:00:00+00:00, run_after=2024-07-04 00:00:00+00:00
[2024-07-04T13:50:27.156+0000] {processor.py:183} INFO - Processing /home/airflow/.local/lib/python3.12/site-packages/airflow/example_dags/example_task_group_decorator.py took 0.033 seconds
[2024-07-04T14:16:27.537+0000] {processor.py:161} INFO - Started process (PID=6004) to work on /home/airflow/.local/lib/python3.12/site-packages/airflow/example_dags/example_task_group_decorator.py
[2024-07-04T14:16:27.537+0000] {processor.py:830} INFO - Processing file /home/airflow/.local/lib/python3.12/site-packages/airflow/example_dags/example_task_group_decorator.py for tasks to queue
[2024-07-04T14:16:27.538+0000] {logging_mixin.py:188} INFO - [2024-07-04T14:16:27.538+0000] {dagbag.py:545} INFO - Filling up the DagBag from /home/airflow/.local/lib/python3.12/site-packages/airflow/example_dags/example_task_group_decorator.py
[2024-07-04T14:16:27.543+0000] {processor.py:840} INFO - DAG(s) 'example_task_group_decorator' retrieved from /home/airflow/.local/lib/python3.12/site-packages/airflow/example_dags/example_task_group_decorator.py
[2024-07-04T14:16:27.552+0000] {logging_mixin.py:188} INFO - [2024-07-04T14:16:27.552+0000] {dag.py:3096} INFO - Sync 1 DAGs
[2024-07-04T14:16:27.560+0000] {logging_mixin.py:188} INFO - [2024-07-04T14:16:27.560+0000] {dag.py:3954} INFO - Setting next_dagrun for example_task_group_decorator to 2024-07-03 00:00:00+00:00, run_after=2024-07-04 00:00:00+00:00
[2024-07-04T14:16:27.567+0000] {processor.py:183} INFO - Processing /home/airflow/.local/lib/python3.12/site-packages/airflow/example_dags/example_task_group_decorator.py took 0.032 seconds
[2024-07-04T15:04:49.034+0000] {processor.py:161} INFO - Started process (PID=6062) to work on /home/airflow/.local/lib/python3.12/site-packages/airflow/example_dags/example_task_group_decorator.py
[2024-07-04T15:04:49.034+0000] {processor.py:830} INFO - Processing file /home/airflow/.local/lib/python3.12/site-packages/airflow/example_dags/example_task_group_decorator.py for tasks to queue
[2024-07-04T15:04:49.035+0000] {logging_mixin.py:188} INFO - [2024-07-04T15:04:49.035+0000] {dagbag.py:545} INFO - Filling up the DagBag from /home/airflow/.local/lib/python3.12/site-packages/airflow/example_dags/example_task_group_decorator.py
[2024-07-04T15:04:49.041+0000] {processor.py:840} INFO - DAG(s) 'example_task_group_decorator' retrieved from /home/airflow/.local/lib/python3.12/site-packages/airflow/example_dags/example_task_group_decorator.py
[2024-07-04T15:04:49.050+0000] {logging_mixin.py:188} INFO - [2024-07-04T15:04:49.050+0000] {dag.py:3096} INFO - Sync 1 DAGs
[2024-07-04T15:04:49.057+0000] {logging_mixin.py:188} INFO - [2024-07-04T15:04:49.057+0000] {dag.py:3954} INFO - Setting next_dagrun for example_task_group_decorator to 2024-07-03 00:00:00+00:00, run_after=2024-07-04 00:00:00+00:00
[2024-07-04T15:04:49.064+0000] {processor.py:183} INFO - Processing /home/airflow/.local/lib/python3.12/site-packages/airflow/example_dags/example_task_group_decorator.py took 0.032 seconds
[2024-07-04T15:43:15.566+0000] {processor.py:161} INFO - Started process (PID=6120) to work on /home/airflow/.local/lib/python3.12/site-packages/airflow/example_dags/example_task_group_decorator.py
[2024-07-04T15:43:15.566+0000] {processor.py:830} INFO - Processing file /home/airflow/.local/lib/python3.12/site-packages/airflow/example_dags/example_task_group_decorator.py for tasks to queue
[2024-07-04T15:43:15.567+0000] {logging_mixin.py:188} INFO - [2024-07-04T15:43:15.567+0000] {dagbag.py:545} INFO - Filling up the DagBag from /home/airflow/.local/lib/python3.12/site-packages/airflow/example_dags/example_task_group_decorator.py
[2024-07-04T15:43:15.573+0000] {processor.py:840} INFO - DAG(s) 'example_task_group_decorator' retrieved from /home/airflow/.local/lib/python3.12/site-packages/airflow/example_dags/example_task_group_decorator.py
[2024-07-04T15:43:15.582+0000] {logging_mixin.py:188} INFO - [2024-07-04T15:43:15.581+0000] {dag.py:3096} INFO - Sync 1 DAGs
[2024-07-04T15:43:15.589+0000] {logging_mixin.py:188} INFO - [2024-07-04T15:43:15.589+0000] {dag.py:3954} INFO - Setting next_dagrun for example_task_group_decorator to 2024-07-03 00:00:00+00:00, run_after=2024-07-04 00:00:00+00:00
[2024-07-04T15:43:15.595+0000] {processor.py:183} INFO - Processing /home/airflow/.local/lib/python3.12/site-packages/airflow/example_dags/example_task_group_decorator.py took 0.032 seconds
[2024-07-04T16:18:29.954+0000] {processor.py:161} INFO - Started process (PID=6178) to work on /home/airflow/.local/lib/python3.12/site-packages/airflow/example_dags/example_task_group_decorator.py
[2024-07-04T16:18:29.954+0000] {processor.py:830} INFO - Processing file /home/airflow/.local/lib/python3.12/site-packages/airflow/example_dags/example_task_group_decorator.py for tasks to queue
[2024-07-04T16:18:29.955+0000] {logging_mixin.py:188} INFO - [2024-07-04T16:18:29.955+0000] {dagbag.py:545} INFO - Filling up the DagBag from /home/airflow/.local/lib/python3.12/site-packages/airflow/example_dags/example_task_group_decorator.py
[2024-07-04T16:18:29.960+0000] {processor.py:840} INFO - DAG(s) 'example_task_group_decorator' retrieved from /home/airflow/.local/lib/python3.12/site-packages/airflow/example_dags/example_task_group_decorator.py
[2024-07-04T16:18:29.969+0000] {logging_mixin.py:188} INFO - [2024-07-04T16:18:29.969+0000] {dag.py:3096} INFO - Sync 1 DAGs
[2024-07-04T16:18:29.977+0000] {logging_mixin.py:188} INFO - [2024-07-04T16:18:29.977+0000] {dag.py:3954} INFO - Setting next_dagrun for example_task_group_decorator to 2024-07-03 00:00:00+00:00, run_after=2024-07-04 00:00:00+00:00
[2024-07-04T16:18:29.983+0000] {processor.py:183} INFO - Processing /home/airflow/.local/lib/python3.12/site-packages/airflow/example_dags/example_task_group_decorator.py took 0.032 seconds
[2024-07-04T16:45:11.376+0000] {processor.py:161} INFO - Started process (PID=6236) to work on /home/airflow/.local/lib/python3.12/site-packages/airflow/example_dags/example_task_group_decorator.py
[2024-07-04T16:45:11.376+0000] {processor.py:830} INFO - Processing file /home/airflow/.local/lib/python3.12/site-packages/airflow/example_dags/example_task_group_decorator.py for tasks to queue
[2024-07-04T16:45:11.377+0000] {logging_mixin.py:188} INFO - [2024-07-04T16:45:11.377+0000] {dagbag.py:545} INFO - Filling up the DagBag from /home/airflow/.local/lib/python3.12/site-packages/airflow/example_dags/example_task_group_decorator.py
[2024-07-04T16:45:11.383+0000] {processor.py:840} INFO - DAG(s) 'example_task_group_decorator' retrieved from /home/airflow/.local/lib/python3.12/site-packages/airflow/example_dags/example_task_group_decorator.py
[2024-07-04T16:45:11.395+0000] {logging_mixin.py:188} INFO - [2024-07-04T16:45:11.395+0000] {dag.py:3096} INFO - Sync 1 DAGs
[2024-07-04T16:45:11.402+0000] {logging_mixin.py:188} INFO - [2024-07-04T16:45:11.402+0000] {dag.py:3954} INFO - Setting next_dagrun for example_task_group_decorator to 2024-07-03 00:00:00+00:00, run_after=2024-07-04 00:00:00+00:00
[2024-07-04T16:45:11.409+0000] {processor.py:183} INFO - Processing /home/airflow/.local/lib/python3.12/site-packages/airflow/example_dags/example_task_group_decorator.py took 0.036 seconds
[2024-07-04T17:39:34.992+0000] {processor.py:161} INFO - Started process (PID=6294) to work on /home/airflow/.local/lib/python3.12/site-packages/airflow/example_dags/example_task_group_decorator.py
[2024-07-04T17:39:34.993+0000] {processor.py:830} INFO - Processing file /home/airflow/.local/lib/python3.12/site-packages/airflow/example_dags/example_task_group_decorator.py for tasks to queue
[2024-07-04T17:39:34.993+0000] {logging_mixin.py:188} INFO - [2024-07-04T17:39:34.993+0000] {dagbag.py:545} INFO - Filling up the DagBag from /home/airflow/.local/lib/python3.12/site-packages/airflow/example_dags/example_task_group_decorator.py
[2024-07-04T17:39:34.998+0000] {processor.py:840} INFO - DAG(s) 'example_task_group_decorator' retrieved from /home/airflow/.local/lib/python3.12/site-packages/airflow/example_dags/example_task_group_decorator.py
[2024-07-04T17:39:35.008+0000] {logging_mixin.py:188} INFO - [2024-07-04T17:39:35.008+0000] {dag.py:3096} INFO - Sync 1 DAGs
[2024-07-04T17:39:35.016+0000] {logging_mixin.py:188} INFO - [2024-07-04T17:39:35.016+0000] {dag.py:3954} INFO - Setting next_dagrun for example_task_group_decorator to 2024-07-03 00:00:00+00:00, run_after=2024-07-04 00:00:00+00:00
[2024-07-04T17:39:35.023+0000] {processor.py:183} INFO - Processing /home/airflow/.local/lib/python3.12/site-packages/airflow/example_dags/example_task_group_decorator.py took 0.032 seconds
[2024-07-04T18:32:14.006+0000] {processor.py:161} INFO - Started process (PID=6346) to work on /home/airflow/.local/lib/python3.12/site-packages/airflow/example_dags/example_task_group_decorator.py
[2024-07-04T18:32:14.007+0000] {processor.py:830} INFO - Processing file /home/airflow/.local/lib/python3.12/site-packages/airflow/example_dags/example_task_group_decorator.py for tasks to queue
[2024-07-04T18:32:14.007+0000] {logging_mixin.py:188} INFO - [2024-07-04T18:32:14.007+0000] {dagbag.py:545} INFO - Filling up the DagBag from /home/airflow/.local/lib/python3.12/site-packages/airflow/example_dags/example_task_group_decorator.py
[2024-07-04T18:32:14.013+0000] {processor.py:840} INFO - DAG(s) 'example_task_group_decorator' retrieved from /home/airflow/.local/lib/python3.12/site-packages/airflow/example_dags/example_task_group_decorator.py
[2024-07-04T18:32:14.021+0000] {logging_mixin.py:188} INFO - [2024-07-04T18:32:14.021+0000] {dag.py:3096} INFO - Sync 1 DAGs
[2024-07-04T18:32:14.029+0000] {logging_mixin.py:188} INFO - [2024-07-04T18:32:14.029+0000] {dag.py:3954} INFO - Setting next_dagrun for example_task_group_decorator to 2024-07-03 00:00:00+00:00, run_after=2024-07-04 00:00:00+00:00
[2024-07-04T18:32:14.035+0000] {processor.py:183} INFO - Processing /home/airflow/.local/lib/python3.12/site-packages/airflow/example_dags/example_task_group_decorator.py took 0.032 seconds
[2024-07-04T19:08:32.721+0000] {processor.py:161} INFO - Started process (PID=6409) to work on /home/airflow/.local/lib/python3.12/site-packages/airflow/example_dags/example_task_group_decorator.py
[2024-07-04T19:08:32.722+0000] {processor.py:830} INFO - Processing file /home/airflow/.local/lib/python3.12/site-packages/airflow/example_dags/example_task_group_decorator.py for tasks to queue
[2024-07-04T19:08:32.722+0000] {logging_mixin.py:188} INFO - [2024-07-04T19:08:32.722+0000] {dagbag.py:545} INFO - Filling up the DagBag from /home/airflow/.local/lib/python3.12/site-packages/airflow/example_dags/example_task_group_decorator.py
[2024-07-04T19:08:32.729+0000] {processor.py:840} INFO - DAG(s) 'example_task_group_decorator' retrieved from /home/airflow/.local/lib/python3.12/site-packages/airflow/example_dags/example_task_group_decorator.py
[2024-07-04T19:08:32.739+0000] {logging_mixin.py:188} INFO - [2024-07-04T19:08:32.739+0000] {dag.py:3096} INFO - Sync 1 DAGs
[2024-07-04T19:08:32.748+0000] {logging_mixin.py:188} INFO - [2024-07-04T19:08:32.747+0000] {dag.py:3954} INFO - Setting next_dagrun for example_task_group_decorator to 2024-07-03 00:00:00+00:00, run_after=2024-07-04 00:00:00+00:00
[2024-07-04T19:08:32.754+0000] {processor.py:183} INFO - Processing /home/airflow/.local/lib/python3.12/site-packages/airflow/example_dags/example_task_group_decorator.py took 0.036 seconds
[2024-07-04T20:48:21.710+0000] {processor.py:161} INFO - Started process (PID=6467) to work on /home/airflow/.local/lib/python3.12/site-packages/airflow/example_dags/example_task_group_decorator.py
[2024-07-04T20:48:21.710+0000] {processor.py:830} INFO - Processing file /home/airflow/.local/lib/python3.12/site-packages/airflow/example_dags/example_task_group_decorator.py for tasks to queue
[2024-07-04T20:48:21.711+0000] {logging_mixin.py:188} INFO - [2024-07-04T20:48:21.711+0000] {dagbag.py:545} INFO - Filling up the DagBag from /home/airflow/.local/lib/python3.12/site-packages/airflow/example_dags/example_task_group_decorator.py
[2024-07-04T20:48:21.717+0000] {processor.py:840} INFO - DAG(s) 'example_task_group_decorator' retrieved from /home/airflow/.local/lib/python3.12/site-packages/airflow/example_dags/example_task_group_decorator.py
[2024-07-04T20:48:21.725+0000] {logging_mixin.py:188} INFO - [2024-07-04T20:48:21.725+0000] {dag.py:3096} INFO - Sync 1 DAGs
[2024-07-04T20:48:21.733+0000] {logging_mixin.py:188} INFO - [2024-07-04T20:48:21.733+0000] {dag.py:3954} INFO - Setting next_dagrun for example_task_group_decorator to 2024-07-03 00:00:00+00:00, run_after=2024-07-04 00:00:00+00:00
[2024-07-04T20:48:21.739+0000] {processor.py:183} INFO - Processing /home/airflow/.local/lib/python3.12/site-packages/airflow/example_dags/example_task_group_decorator.py took 0.032 seconds
[2024-07-04T21:49:22.648+0000] {processor.py:161} INFO - Started process (PID=6519) to work on /home/airflow/.local/lib/python3.12/site-packages/airflow/example_dags/example_task_group_decorator.py
[2024-07-04T21:49:22.648+0000] {processor.py:830} INFO - Processing file /home/airflow/.local/lib/python3.12/site-packages/airflow/example_dags/example_task_group_decorator.py for tasks to queue
[2024-07-04T21:49:22.649+0000] {logging_mixin.py:188} INFO - [2024-07-04T21:49:22.649+0000] {dagbag.py:545} INFO - Filling up the DagBag from /home/airflow/.local/lib/python3.12/site-packages/airflow/example_dags/example_task_group_decorator.py
[2024-07-04T21:49:22.655+0000] {processor.py:840} INFO - DAG(s) 'example_task_group_decorator' retrieved from /home/airflow/.local/lib/python3.12/site-packages/airflow/example_dags/example_task_group_decorator.py
[2024-07-04T21:49:22.666+0000] {logging_mixin.py:188} INFO - [2024-07-04T21:49:22.665+0000] {dag.py:3096} INFO - Sync 1 DAGs
[2024-07-04T21:49:22.673+0000] {logging_mixin.py:188} INFO - [2024-07-04T21:49:22.673+0000] {dag.py:3954} INFO - Setting next_dagrun for example_task_group_decorator to 2024-07-03 00:00:00+00:00, run_after=2024-07-04 00:00:00+00:00
[2024-07-04T21:49:22.680+0000] {processor.py:183} INFO - Processing /home/airflow/.local/lib/python3.12/site-packages/airflow/example_dags/example_task_group_decorator.py took 0.036 seconds
[2024-07-04T23:01:33.805+0000] {processor.py:161} INFO - Started process (PID=6583) to work on /home/airflow/.local/lib/python3.12/site-packages/airflow/example_dags/example_task_group_decorator.py
[2024-07-04T23:01:33.805+0000] {processor.py:830} INFO - Processing file /home/airflow/.local/lib/python3.12/site-packages/airflow/example_dags/example_task_group_decorator.py for tasks to queue
[2024-07-04T23:01:33.806+0000] {logging_mixin.py:188} INFO - [2024-07-04T23:01:33.806+0000] {dagbag.py:545} INFO - Filling up the DagBag from /home/airflow/.local/lib/python3.12/site-packages/airflow/example_dags/example_task_group_decorator.py
[2024-07-04T23:01:33.812+0000] {processor.py:840} INFO - DAG(s) 'example_task_group_decorator' retrieved from /home/airflow/.local/lib/python3.12/site-packages/airflow/example_dags/example_task_group_decorator.py
[2024-07-04T23:01:33.820+0000] {logging_mixin.py:188} INFO - [2024-07-04T23:01:33.820+0000] {dag.py:3096} INFO - Sync 1 DAGs
[2024-07-04T23:01:33.829+0000] {logging_mixin.py:188} INFO - [2024-07-04T23:01:33.828+0000] {dag.py:3954} INFO - Setting next_dagrun for example_task_group_decorator to 2024-07-03 00:00:00+00:00, run_after=2024-07-04 00:00:00+00:00
[2024-07-04T23:01:33.835+0000] {processor.py:183} INFO - Processing /home/airflow/.local/lib/python3.12/site-packages/airflow/example_dags/example_task_group_decorator.py took 0.033 seconds
[2024-07-04T23:16:30.328+0000] {processor.py:161} INFO - Started process (PID=6635) to work on /home/airflow/.local/lib/python3.12/site-packages/airflow/example_dags/example_task_group_decorator.py
[2024-07-04T23:16:30.329+0000] {processor.py:830} INFO - Processing file /home/airflow/.local/lib/python3.12/site-packages/airflow/example_dags/example_task_group_decorator.py for tasks to queue
[2024-07-04T23:16:30.329+0000] {logging_mixin.py:188} INFO - [2024-07-04T23:16:30.329+0000] {dagbag.py:545} INFO - Filling up the DagBag from /home/airflow/.local/lib/python3.12/site-packages/airflow/example_dags/example_task_group_decorator.py
[2024-07-04T23:16:30.336+0000] {processor.py:840} INFO - DAG(s) 'example_task_group_decorator' retrieved from /home/airflow/.local/lib/python3.12/site-packages/airflow/example_dags/example_task_group_decorator.py
[2024-07-04T23:16:30.347+0000] {logging_mixin.py:188} INFO - [2024-07-04T23:16:30.347+0000] {dag.py:3096} INFO - Sync 1 DAGs
[2024-07-04T23:16:30.358+0000] {logging_mixin.py:188} INFO - [2024-07-04T23:16:30.358+0000] {dag.py:3954} INFO - Setting next_dagrun for example_task_group_decorator to 2024-07-03 00:00:00+00:00, run_after=2024-07-04 00:00:00+00:00
[2024-07-04T23:16:30.370+0000] {processor.py:183} INFO - Processing /home/airflow/.local/lib/python3.12/site-packages/airflow/example_dags/example_task_group_decorator.py took 0.045 seconds
