[2024-07-04T00:20:54.139+0000] {processor.py:161} INFO - Started process (PID=4471) to work on /home/airflow/.local/lib/python3.12/site-packages/airflow/example_dags/example_branch_operator.py
[2024-07-04T00:20:54.139+0000] {processor.py:830} INFO - Processing file /home/airflow/.local/lib/python3.12/site-packages/airflow/example_dags/example_branch_operator.py for tasks to queue
[2024-07-04T00:20:54.140+0000] {logging_mixin.py:188} INFO - [2024-07-04T00:20:54.140+0000] {dagbag.py:545} INFO - Filling up the DagBag from /home/airflow/.local/lib/python3.12/site-packages/airflow/example_dags/example_branch_operator.py
[2024-07-04T00:20:54.146+0000] {processor.py:840} INFO - DAG(s) 'example_branch_operator' retrieved from /home/airflow/.local/lib/python3.12/site-packages/airflow/example_dags/example_branch_operator.py
[2024-07-04T00:20:54.157+0000] {logging_mixin.py:188} INFO - [2024-07-04T00:20:54.157+0000] {dag.py:3096} INFO - Sync 1 DAGs
[2024-07-04T00:20:54.165+0000] {logging_mixin.py:188} INFO - [2024-07-04T00:20:54.165+0000] {dag.py:3954} INFO - Setting next_dagrun for example_branch_operator to 2024-07-03 00:00:00+00:00, run_after=2024-07-04 00:00:00+00:00
[2024-07-04T00:20:54.171+0000] {processor.py:183} INFO - Processing /home/airflow/.local/lib/python3.12/site-packages/airflow/example_dags/example_branch_operator.py took 0.035 seconds
[2024-07-04T00:32:44.690+0000] {processor.py:161} INFO - Started process (PID=4529) to work on /home/airflow/.local/lib/python3.12/site-packages/airflow/example_dags/example_branch_operator.py
[2024-07-04T00:32:44.691+0000] {processor.py:830} INFO - Processing file /home/airflow/.local/lib/python3.12/site-packages/airflow/example_dags/example_branch_operator.py for tasks to queue
[2024-07-04T00:32:44.691+0000] {logging_mixin.py:188} INFO - [2024-07-04T00:32:44.691+0000] {dagbag.py:545} INFO - Filling up the DagBag from /home/airflow/.local/lib/python3.12/site-packages/airflow/example_dags/example_branch_operator.py
[2024-07-04T00:32:44.698+0000] {processor.py:840} INFO - DAG(s) 'example_branch_operator' retrieved from /home/airflow/.local/lib/python3.12/site-packages/airflow/example_dags/example_branch_operator.py
[2024-07-04T00:32:44.708+0000] {logging_mixin.py:188} INFO - [2024-07-04T00:32:44.708+0000] {dag.py:3096} INFO - Sync 1 DAGs
[2024-07-04T00:32:44.716+0000] {logging_mixin.py:188} INFO - [2024-07-04T00:32:44.716+0000] {dag.py:3954} INFO - Setting next_dagrun for example_branch_operator to 2024-07-03 00:00:00+00:00, run_after=2024-07-04 00:00:00+00:00
[2024-07-04T00:32:44.723+0000] {processor.py:183} INFO - Processing /home/airflow/.local/lib/python3.12/site-packages/airflow/example_dags/example_branch_operator.py took 0.035 seconds
[2024-07-04T01:04:10.548+0000] {processor.py:161} INFO - Started process (PID=4587) to work on /home/airflow/.local/lib/python3.12/site-packages/airflow/example_dags/example_branch_operator.py
[2024-07-04T01:04:10.549+0000] {processor.py:830} INFO - Processing file /home/airflow/.local/lib/python3.12/site-packages/airflow/example_dags/example_branch_operator.py for tasks to queue
[2024-07-04T01:04:10.549+0000] {logging_mixin.py:188} INFO - [2024-07-04T01:04:10.549+0000] {dagbag.py:545} INFO - Filling up the DagBag from /home/airflow/.local/lib/python3.12/site-packages/airflow/example_dags/example_branch_operator.py
[2024-07-04T01:04:10.556+0000] {processor.py:840} INFO - DAG(s) 'example_branch_operator' retrieved from /home/airflow/.local/lib/python3.12/site-packages/airflow/example_dags/example_branch_operator.py
[2024-07-04T01:04:10.566+0000] {logging_mixin.py:188} INFO - [2024-07-04T01:04:10.566+0000] {dag.py:3096} INFO - Sync 1 DAGs
[2024-07-04T01:04:10.574+0000] {logging_mixin.py:188} INFO - [2024-07-04T01:04:10.574+0000] {dag.py:3954} INFO - Setting next_dagrun for example_branch_operator to 2024-07-03 00:00:00+00:00, run_after=2024-07-04 00:00:00+00:00
[2024-07-04T01:04:10.579+0000] {processor.py:183} INFO - Processing /home/airflow/.local/lib/python3.12/site-packages/airflow/example_dags/example_branch_operator.py took 0.033 seconds
[2024-07-04T01:43:14.569+0000] {processor.py:161} INFO - Started process (PID=4645) to work on /home/airflow/.local/lib/python3.12/site-packages/airflow/example_dags/example_branch_operator.py
[2024-07-04T01:43:14.570+0000] {processor.py:830} INFO - Processing file /home/airflow/.local/lib/python3.12/site-packages/airflow/example_dags/example_branch_operator.py for tasks to queue
[2024-07-04T01:43:14.570+0000] {logging_mixin.py:188} INFO - [2024-07-04T01:43:14.570+0000] {dagbag.py:545} INFO - Filling up the DagBag from /home/airflow/.local/lib/python3.12/site-packages/airflow/example_dags/example_branch_operator.py
[2024-07-04T01:43:14.576+0000] {processor.py:840} INFO - DAG(s) 'example_branch_operator' retrieved from /home/airflow/.local/lib/python3.12/site-packages/airflow/example_dags/example_branch_operator.py
[2024-07-04T01:43:14.586+0000] {logging_mixin.py:188} INFO - [2024-07-04T01:43:14.586+0000] {dag.py:3096} INFO - Sync 1 DAGs
[2024-07-04T01:43:14.594+0000] {logging_mixin.py:188} INFO - [2024-07-04T01:43:14.593+0000] {dag.py:3954} INFO - Setting next_dagrun for example_branch_operator to 2024-07-03 00:00:00+00:00, run_after=2024-07-04 00:00:00+00:00
[2024-07-04T01:43:14.599+0000] {processor.py:183} INFO - Processing /home/airflow/.local/lib/python3.12/site-packages/airflow/example_dags/example_branch_operator.py took 0.032 seconds
[2024-07-04T02:07:15.781+0000] {processor.py:161} INFO - Started process (PID=4703) to work on /home/airflow/.local/lib/python3.12/site-packages/airflow/example_dags/example_branch_operator.py
[2024-07-04T02:07:15.782+0000] {processor.py:830} INFO - Processing file /home/airflow/.local/lib/python3.12/site-packages/airflow/example_dags/example_branch_operator.py for tasks to queue
[2024-07-04T02:07:15.782+0000] {logging_mixin.py:188} INFO - [2024-07-04T02:07:15.782+0000] {dagbag.py:545} INFO - Filling up the DagBag from /home/airflow/.local/lib/python3.12/site-packages/airflow/example_dags/example_branch_operator.py
[2024-07-04T02:07:15.788+0000] {processor.py:840} INFO - DAG(s) 'example_branch_operator' retrieved from /home/airflow/.local/lib/python3.12/site-packages/airflow/example_dags/example_branch_operator.py
[2024-07-04T02:07:15.798+0000] {logging_mixin.py:188} INFO - [2024-07-04T02:07:15.798+0000] {dag.py:3096} INFO - Sync 1 DAGs
[2024-07-04T02:07:15.805+0000] {logging_mixin.py:188} INFO - [2024-07-04T02:07:15.805+0000] {dag.py:3954} INFO - Setting next_dagrun for example_branch_operator to 2024-07-03 00:00:00+00:00, run_after=2024-07-04 00:00:00+00:00
[2024-07-04T02:07:15.811+0000] {processor.py:183} INFO - Processing /home/airflow/.local/lib/python3.12/site-packages/airflow/example_dags/example_branch_operator.py took 0.032 seconds
[2024-07-04T02:42:01.929+0000] {processor.py:161} INFO - Started process (PID=4761) to work on /home/airflow/.local/lib/python3.12/site-packages/airflow/example_dags/example_branch_operator.py
[2024-07-04T02:42:01.929+0000] {processor.py:830} INFO - Processing file /home/airflow/.local/lib/python3.12/site-packages/airflow/example_dags/example_branch_operator.py for tasks to queue
[2024-07-04T02:42:01.930+0000] {logging_mixin.py:188} INFO - [2024-07-04T02:42:01.930+0000] {dagbag.py:545} INFO - Filling up the DagBag from /home/airflow/.local/lib/python3.12/site-packages/airflow/example_dags/example_branch_operator.py
[2024-07-04T02:42:01.937+0000] {processor.py:840} INFO - DAG(s) 'example_branch_operator' retrieved from /home/airflow/.local/lib/python3.12/site-packages/airflow/example_dags/example_branch_operator.py
[2024-07-04T02:42:01.947+0000] {logging_mixin.py:188} INFO - [2024-07-04T02:42:01.947+0000] {dag.py:3096} INFO - Sync 1 DAGs
[2024-07-04T02:42:01.956+0000] {logging_mixin.py:188} INFO - [2024-07-04T02:42:01.956+0000] {dag.py:3954} INFO - Setting next_dagrun for example_branch_operator to 2024-07-03 00:00:00+00:00, run_after=2024-07-04 00:00:00+00:00
[2024-07-04T02:42:01.963+0000] {processor.py:183} INFO - Processing /home/airflow/.local/lib/python3.12/site-packages/airflow/example_dags/example_branch_operator.py took 0.036 seconds
[2024-07-04T02:44:45.750+0000] {processor.py:161} INFO - Started process (PID=4819) to work on /home/airflow/.local/lib/python3.12/site-packages/airflow/example_dags/example_branch_operator.py
[2024-07-04T02:44:45.750+0000] {processor.py:830} INFO - Processing file /home/airflow/.local/lib/python3.12/site-packages/airflow/example_dags/example_branch_operator.py for tasks to queue
[2024-07-04T02:44:45.751+0000] {logging_mixin.py:188} INFO - [2024-07-04T02:44:45.751+0000] {dagbag.py:545} INFO - Filling up the DagBag from /home/airflow/.local/lib/python3.12/site-packages/airflow/example_dags/example_branch_operator.py
[2024-07-04T02:44:45.757+0000] {processor.py:840} INFO - DAG(s) 'example_branch_operator' retrieved from /home/airflow/.local/lib/python3.12/site-packages/airflow/example_dags/example_branch_operator.py
[2024-07-04T02:44:45.767+0000] {logging_mixin.py:188} INFO - [2024-07-04T02:44:45.767+0000] {dag.py:3096} INFO - Sync 1 DAGs
[2024-07-04T02:44:45.776+0000] {logging_mixin.py:188} INFO - [2024-07-04T02:44:45.776+0000] {dag.py:3954} INFO - Setting next_dagrun for example_branch_operator to 2024-07-03 00:00:00+00:00, run_after=2024-07-04 00:00:00+00:00
[2024-07-04T02:44:45.782+0000] {processor.py:183} INFO - Processing /home/airflow/.local/lib/python3.12/site-packages/airflow/example_dags/example_branch_operator.py took 0.035 seconds
[2024-07-04T03:05:27.407+0000] {processor.py:161} INFO - Started process (PID=4877) to work on /home/airflow/.local/lib/python3.12/site-packages/airflow/example_dags/example_branch_operator.py
[2024-07-04T03:05:27.407+0000] {processor.py:830} INFO - Processing file /home/airflow/.local/lib/python3.12/site-packages/airflow/example_dags/example_branch_operator.py for tasks to queue
[2024-07-04T03:05:27.408+0000] {logging_mixin.py:188} INFO - [2024-07-04T03:05:27.408+0000] {dagbag.py:545} INFO - Filling up the DagBag from /home/airflow/.local/lib/python3.12/site-packages/airflow/example_dags/example_branch_operator.py
[2024-07-04T03:05:27.415+0000] {processor.py:840} INFO - DAG(s) 'example_branch_operator' retrieved from /home/airflow/.local/lib/python3.12/site-packages/airflow/example_dags/example_branch_operator.py
[2024-07-04T03:05:27.426+0000] {logging_mixin.py:188} INFO - [2024-07-04T03:05:27.425+0000] {dag.py:3096} INFO - Sync 1 DAGs
[2024-07-04T03:05:27.434+0000] {logging_mixin.py:188} INFO - [2024-07-04T03:05:27.434+0000] {dag.py:3954} INFO - Setting next_dagrun for example_branch_operator to 2024-07-03 00:00:00+00:00, run_after=2024-07-04 00:00:00+00:00
[2024-07-04T03:05:27.440+0000] {processor.py:183} INFO - Processing /home/airflow/.local/lib/python3.12/site-packages/airflow/example_dags/example_branch_operator.py took 0.036 seconds
[2024-07-04T04:00:03.380+0000] {processor.py:161} INFO - Started process (PID=4935) to work on /home/airflow/.local/lib/python3.12/site-packages/airflow/example_dags/example_branch_operator.py
[2024-07-04T04:00:03.380+0000] {processor.py:830} INFO - Processing file /home/airflow/.local/lib/python3.12/site-packages/airflow/example_dags/example_branch_operator.py for tasks to queue
[2024-07-04T04:00:03.381+0000] {logging_mixin.py:188} INFO - [2024-07-04T04:00:03.381+0000] {dagbag.py:545} INFO - Filling up the DagBag from /home/airflow/.local/lib/python3.12/site-packages/airflow/example_dags/example_branch_operator.py
[2024-07-04T04:00:03.388+0000] {processor.py:840} INFO - DAG(s) 'example_branch_operator' retrieved from /home/airflow/.local/lib/python3.12/site-packages/airflow/example_dags/example_branch_operator.py
[2024-07-04T04:00:03.399+0000] {logging_mixin.py:188} INFO - [2024-07-04T04:00:03.399+0000] {dag.py:3096} INFO - Sync 1 DAGs
[2024-07-04T04:00:03.408+0000] {logging_mixin.py:188} INFO - [2024-07-04T04:00:03.407+0000] {dag.py:3954} INFO - Setting next_dagrun for example_branch_operator to 2024-07-03 00:00:00+00:00, run_after=2024-07-04 00:00:00+00:00
[2024-07-04T04:00:03.414+0000] {processor.py:183} INFO - Processing /home/airflow/.local/lib/python3.12/site-packages/airflow/example_dags/example_branch_operator.py took 0.037 seconds
[2024-07-04T04:31:26.323+0000] {processor.py:161} INFO - Started process (PID=4993) to work on /home/airflow/.local/lib/python3.12/site-packages/airflow/example_dags/example_branch_operator.py
[2024-07-04T04:31:26.325+0000] {processor.py:830} INFO - Processing file /home/airflow/.local/lib/python3.12/site-packages/airflow/example_dags/example_branch_operator.py for tasks to queue
[2024-07-04T04:31:26.326+0000] {logging_mixin.py:188} INFO - [2024-07-04T04:31:26.325+0000] {dagbag.py:545} INFO - Filling up the DagBag from /home/airflow/.local/lib/python3.12/site-packages/airflow/example_dags/example_branch_operator.py
[2024-07-04T04:31:26.332+0000] {processor.py:840} INFO - DAG(s) 'example_branch_operator' retrieved from /home/airflow/.local/lib/python3.12/site-packages/airflow/example_dags/example_branch_operator.py
[2024-07-04T04:31:26.343+0000] {logging_mixin.py:188} INFO - [2024-07-04T04:31:26.342+0000] {dag.py:3096} INFO - Sync 1 DAGs
[2024-07-04T04:31:26.350+0000] {logging_mixin.py:188} INFO - [2024-07-04T04:31:26.350+0000] {dag.py:3954} INFO - Setting next_dagrun for example_branch_operator to 2024-07-03 00:00:00+00:00, run_after=2024-07-04 00:00:00+00:00
[2024-07-04T04:31:26.356+0000] {processor.py:183} INFO - Processing /home/airflow/.local/lib/python3.12/site-packages/airflow/example_dags/example_branch_operator.py took 0.036 seconds
[2024-07-04T05:07:27.770+0000] {processor.py:161} INFO - Started process (PID=5051) to work on /home/airflow/.local/lib/python3.12/site-packages/airflow/example_dags/example_branch_operator.py
[2024-07-04T05:07:27.770+0000] {processor.py:830} INFO - Processing file /home/airflow/.local/lib/python3.12/site-packages/airflow/example_dags/example_branch_operator.py for tasks to queue
[2024-07-04T05:07:27.771+0000] {logging_mixin.py:188} INFO - [2024-07-04T05:07:27.771+0000] {dagbag.py:545} INFO - Filling up the DagBag from /home/airflow/.local/lib/python3.12/site-packages/airflow/example_dags/example_branch_operator.py
[2024-07-04T05:07:27.778+0000] {processor.py:840} INFO - DAG(s) 'example_branch_operator' retrieved from /home/airflow/.local/lib/python3.12/site-packages/airflow/example_dags/example_branch_operator.py
[2024-07-04T05:07:27.789+0000] {logging_mixin.py:188} INFO - [2024-07-04T05:07:27.788+0000] {dag.py:3096} INFO - Sync 1 DAGs
[2024-07-04T05:07:27.797+0000] {logging_mixin.py:188} INFO - [2024-07-04T05:07:27.797+0000] {dag.py:3954} INFO - Setting next_dagrun for example_branch_operator to 2024-07-03 00:00:00+00:00, run_after=2024-07-04 00:00:00+00:00
[2024-07-04T05:07:27.804+0000] {processor.py:183} INFO - Processing /home/airflow/.local/lib/python3.12/site-packages/airflow/example_dags/example_branch_operator.py took 0.036 seconds
[2024-07-04T06:06:29.202+0000] {processor.py:161} INFO - Started process (PID=5109) to work on /home/airflow/.local/lib/python3.12/site-packages/airflow/example_dags/example_branch_operator.py
[2024-07-04T06:06:29.202+0000] {processor.py:830} INFO - Processing file /home/airflow/.local/lib/python3.12/site-packages/airflow/example_dags/example_branch_operator.py for tasks to queue
[2024-07-04T06:06:29.203+0000] {logging_mixin.py:188} INFO - [2024-07-04T06:06:29.203+0000] {dagbag.py:545} INFO - Filling up the DagBag from /home/airflow/.local/lib/python3.12/site-packages/airflow/example_dags/example_branch_operator.py
[2024-07-04T06:06:29.209+0000] {processor.py:840} INFO - DAG(s) 'example_branch_operator' retrieved from /home/airflow/.local/lib/python3.12/site-packages/airflow/example_dags/example_branch_operator.py
[2024-07-04T06:06:29.219+0000] {logging_mixin.py:188} INFO - [2024-07-04T06:06:29.219+0000] {dag.py:3096} INFO - Sync 1 DAGs
[2024-07-04T06:06:29.226+0000] {logging_mixin.py:188} INFO - [2024-07-04T06:06:29.226+0000] {dag.py:3954} INFO - Setting next_dagrun for example_branch_operator to 2024-07-03 00:00:00+00:00, run_after=2024-07-04 00:00:00+00:00
[2024-07-04T06:06:29.232+0000] {processor.py:183} INFO - Processing /home/airflow/.local/lib/python3.12/site-packages/airflow/example_dags/example_branch_operator.py took 0.032 seconds
[2024-07-04T06:24:42.360+0000] {processor.py:161} INFO - Started process (PID=5167) to work on /home/airflow/.local/lib/python3.12/site-packages/airflow/example_dags/example_branch_operator.py
[2024-07-04T06:24:42.360+0000] {processor.py:830} INFO - Processing file /home/airflow/.local/lib/python3.12/site-packages/airflow/example_dags/example_branch_operator.py for tasks to queue
[2024-07-04T06:24:42.361+0000] {logging_mixin.py:188} INFO - [2024-07-04T06:24:42.361+0000] {dagbag.py:545} INFO - Filling up the DagBag from /home/airflow/.local/lib/python3.12/site-packages/airflow/example_dags/example_branch_operator.py
[2024-07-04T06:24:42.369+0000] {processor.py:840} INFO - DAG(s) 'example_branch_operator' retrieved from /home/airflow/.local/lib/python3.12/site-packages/airflow/example_dags/example_branch_operator.py
[2024-07-04T06:24:42.380+0000] {logging_mixin.py:188} INFO - [2024-07-04T06:24:42.380+0000] {dag.py:3096} INFO - Sync 1 DAGs
[2024-07-04T06:24:42.390+0000] {logging_mixin.py:188} INFO - [2024-07-04T06:24:42.389+0000] {dag.py:3954} INFO - Setting next_dagrun for example_branch_operator to 2024-07-03 00:00:00+00:00, run_after=2024-07-04 00:00:00+00:00
[2024-07-04T06:24:42.396+0000] {processor.py:183} INFO - Processing /home/airflow/.local/lib/python3.12/site-packages/airflow/example_dags/example_branch_operator.py took 0.039 seconds
[2024-07-04T07:07:24.875+0000] {processor.py:161} INFO - Started process (PID=5225) to work on /home/airflow/.local/lib/python3.12/site-packages/airflow/example_dags/example_branch_operator.py
[2024-07-04T07:07:24.875+0000] {processor.py:830} INFO - Processing file /home/airflow/.local/lib/python3.12/site-packages/airflow/example_dags/example_branch_operator.py for tasks to queue
[2024-07-04T07:07:24.876+0000] {logging_mixin.py:188} INFO - [2024-07-04T07:07:24.876+0000] {dagbag.py:545} INFO - Filling up the DagBag from /home/airflow/.local/lib/python3.12/site-packages/airflow/example_dags/example_branch_operator.py
[2024-07-04T07:07:24.883+0000] {processor.py:840} INFO - DAG(s) 'example_branch_operator' retrieved from /home/airflow/.local/lib/python3.12/site-packages/airflow/example_dags/example_branch_operator.py
[2024-07-04T07:07:24.896+0000] {logging_mixin.py:188} INFO - [2024-07-04T07:07:24.896+0000] {dag.py:3096} INFO - Sync 1 DAGs
[2024-07-04T07:07:24.907+0000] {logging_mixin.py:188} INFO - [2024-07-04T07:07:24.906+0000] {dag.py:3954} INFO - Setting next_dagrun for example_branch_operator to 2024-07-03 00:00:00+00:00, run_after=2024-07-04 00:00:00+00:00
[2024-07-04T07:07:24.915+0000] {processor.py:183} INFO - Processing /home/airflow/.local/lib/python3.12/site-packages/airflow/example_dags/example_branch_operator.py took 0.042 seconds
[2024-07-04T07:10:36.098+0000] {processor.py:161} INFO - Started process (PID=5283) to work on /home/airflow/.local/lib/python3.12/site-packages/airflow/example_dags/example_branch_operator.py
[2024-07-04T07:10:36.098+0000] {processor.py:830} INFO - Processing file /home/airflow/.local/lib/python3.12/site-packages/airflow/example_dags/example_branch_operator.py for tasks to queue
[2024-07-04T07:10:36.099+0000] {logging_mixin.py:188} INFO - [2024-07-04T07:10:36.099+0000] {dagbag.py:545} INFO - Filling up the DagBag from /home/airflow/.local/lib/python3.12/site-packages/airflow/example_dags/example_branch_operator.py
[2024-07-04T07:10:36.105+0000] {processor.py:840} INFO - DAG(s) 'example_branch_operator' retrieved from /home/airflow/.local/lib/python3.12/site-packages/airflow/example_dags/example_branch_operator.py
[2024-07-04T07:10:36.115+0000] {logging_mixin.py:188} INFO - [2024-07-04T07:10:36.115+0000] {dag.py:3096} INFO - Sync 1 DAGs
[2024-07-04T07:10:36.123+0000] {logging_mixin.py:188} INFO - [2024-07-04T07:10:36.123+0000] {dag.py:3954} INFO - Setting next_dagrun for example_branch_operator to 2024-07-03 00:00:00+00:00, run_after=2024-07-04 00:00:00+00:00
[2024-07-04T07:10:36.130+0000] {processor.py:183} INFO - Processing /home/airflow/.local/lib/python3.12/site-packages/airflow/example_dags/example_branch_operator.py took 0.035 seconds
[2024-07-04T07:18:42.958+0000] {processor.py:161} INFO - Started process (PID=5341) to work on /home/airflow/.local/lib/python3.12/site-packages/airflow/example_dags/example_branch_operator.py
[2024-07-04T07:18:42.959+0000] {processor.py:830} INFO - Processing file /home/airflow/.local/lib/python3.12/site-packages/airflow/example_dags/example_branch_operator.py for tasks to queue
[2024-07-04T07:18:42.960+0000] {logging_mixin.py:188} INFO - [2024-07-04T07:18:42.960+0000] {dagbag.py:545} INFO - Filling up the DagBag from /home/airflow/.local/lib/python3.12/site-packages/airflow/example_dags/example_branch_operator.py
[2024-07-04T07:18:42.966+0000] {processor.py:840} INFO - DAG(s) 'example_branch_operator' retrieved from /home/airflow/.local/lib/python3.12/site-packages/airflow/example_dags/example_branch_operator.py
[2024-07-04T07:18:42.977+0000] {logging_mixin.py:188} INFO - [2024-07-04T07:18:42.977+0000] {dag.py:3096} INFO - Sync 1 DAGs
[2024-07-04T07:18:42.985+0000] {logging_mixin.py:188} INFO - [2024-07-04T07:18:42.985+0000] {dag.py:3954} INFO - Setting next_dagrun for example_branch_operator to 2024-07-03 00:00:00+00:00, run_after=2024-07-04 00:00:00+00:00
[2024-07-04T07:18:42.992+0000] {processor.py:183} INFO - Processing /home/airflow/.local/lib/python3.12/site-packages/airflow/example_dags/example_branch_operator.py took 0.036 seconds
[2024-07-04T07:58:28.558+0000] {processor.py:161} INFO - Started process (PID=5399) to work on /home/airflow/.local/lib/python3.12/site-packages/airflow/example_dags/example_branch_operator.py
[2024-07-04T07:58:28.558+0000] {processor.py:830} INFO - Processing file /home/airflow/.local/lib/python3.12/site-packages/airflow/example_dags/example_branch_operator.py for tasks to queue
[2024-07-04T07:58:28.559+0000] {logging_mixin.py:188} INFO - [2024-07-04T07:58:28.559+0000] {dagbag.py:545} INFO - Filling up the DagBag from /home/airflow/.local/lib/python3.12/site-packages/airflow/example_dags/example_branch_operator.py
[2024-07-04T07:58:28.566+0000] {processor.py:840} INFO - DAG(s) 'example_branch_operator' retrieved from /home/airflow/.local/lib/python3.12/site-packages/airflow/example_dags/example_branch_operator.py
[2024-07-04T07:58:28.576+0000] {logging_mixin.py:188} INFO - [2024-07-04T07:58:28.576+0000] {dag.py:3096} INFO - Sync 1 DAGs
[2024-07-04T07:58:28.584+0000] {logging_mixin.py:188} INFO - [2024-07-04T07:58:28.584+0000] {dag.py:3954} INFO - Setting next_dagrun for example_branch_operator to 2024-07-03 00:00:00+00:00, run_after=2024-07-04 00:00:00+00:00
[2024-07-04T07:58:28.590+0000] {processor.py:183} INFO - Processing /home/airflow/.local/lib/python3.12/site-packages/airflow/example_dags/example_branch_operator.py took 0.035 seconds
[2024-07-04T08:28:08.519+0000] {processor.py:161} INFO - Started process (PID=5457) to work on /home/airflow/.local/lib/python3.12/site-packages/airflow/example_dags/example_branch_operator.py
[2024-07-04T08:28:08.519+0000] {processor.py:830} INFO - Processing file /home/airflow/.local/lib/python3.12/site-packages/airflow/example_dags/example_branch_operator.py for tasks to queue
[2024-07-04T08:28:08.520+0000] {logging_mixin.py:188} INFO - [2024-07-04T08:28:08.520+0000] {dagbag.py:545} INFO - Filling up the DagBag from /home/airflow/.local/lib/python3.12/site-packages/airflow/example_dags/example_branch_operator.py
[2024-07-04T08:28:08.526+0000] {processor.py:840} INFO - DAG(s) 'example_branch_operator' retrieved from /home/airflow/.local/lib/python3.12/site-packages/airflow/example_dags/example_branch_operator.py
[2024-07-04T08:28:08.537+0000] {logging_mixin.py:188} INFO - [2024-07-04T08:28:08.537+0000] {dag.py:3096} INFO - Sync 1 DAGs
[2024-07-04T08:28:08.546+0000] {logging_mixin.py:188} INFO - [2024-07-04T08:28:08.546+0000] {dag.py:3954} INFO - Setting next_dagrun for example_branch_operator to 2024-07-03 00:00:00+00:00, run_after=2024-07-04 00:00:00+00:00
[2024-07-04T08:28:08.552+0000] {processor.py:183} INFO - Processing /home/airflow/.local/lib/python3.12/site-packages/airflow/example_dags/example_branch_operator.py took 0.036 seconds
[2024-07-04T09:07:12.633+0000] {processor.py:161} INFO - Started process (PID=5515) to work on /home/airflow/.local/lib/python3.12/site-packages/airflow/example_dags/example_branch_operator.py
[2024-07-04T09:07:12.634+0000] {processor.py:830} INFO - Processing file /home/airflow/.local/lib/python3.12/site-packages/airflow/example_dags/example_branch_operator.py for tasks to queue
[2024-07-04T09:07:12.634+0000] {logging_mixin.py:188} INFO - [2024-07-04T09:07:12.634+0000] {dagbag.py:545} INFO - Filling up the DagBag from /home/airflow/.local/lib/python3.12/site-packages/airflow/example_dags/example_branch_operator.py
[2024-07-04T09:07:12.641+0000] {processor.py:840} INFO - DAG(s) 'example_branch_operator' retrieved from /home/airflow/.local/lib/python3.12/site-packages/airflow/example_dags/example_branch_operator.py
[2024-07-04T09:07:12.651+0000] {logging_mixin.py:188} INFO - [2024-07-04T09:07:12.651+0000] {dag.py:3096} INFO - Sync 1 DAGs
[2024-07-04T09:07:12.659+0000] {logging_mixin.py:188} INFO - [2024-07-04T09:07:12.659+0000] {dag.py:3954} INFO - Setting next_dagrun for example_branch_operator to 2024-07-03 00:00:00+00:00, run_after=2024-07-04 00:00:00+00:00
[2024-07-04T09:07:12.665+0000] {processor.py:183} INFO - Processing /home/airflow/.local/lib/python3.12/site-packages/airflow/example_dags/example_branch_operator.py took 0.034 seconds
[2024-07-04T09:48:36.973+0000] {processor.py:161} INFO - Started process (PID=5572) to work on /home/airflow/.local/lib/python3.12/site-packages/airflow/example_dags/example_branch_operator.py
[2024-07-04T09:48:36.974+0000] {processor.py:830} INFO - Processing file /home/airflow/.local/lib/python3.12/site-packages/airflow/example_dags/example_branch_operator.py for tasks to queue
[2024-07-04T09:48:36.975+0000] {logging_mixin.py:188} INFO - [2024-07-04T09:48:36.974+0000] {dagbag.py:545} INFO - Filling up the DagBag from /home/airflow/.local/lib/python3.12/site-packages/airflow/example_dags/example_branch_operator.py
[2024-07-04T09:48:36.981+0000] {processor.py:840} INFO - DAG(s) 'example_branch_operator' retrieved from /home/airflow/.local/lib/python3.12/site-packages/airflow/example_dags/example_branch_operator.py
[2024-07-04T09:48:36.992+0000] {logging_mixin.py:188} INFO - [2024-07-04T09:48:36.992+0000] {dag.py:3096} INFO - Sync 1 DAGs
[2024-07-04T09:48:37.000+0000] {logging_mixin.py:188} INFO - [2024-07-04T09:48:37.000+0000] {dag.py:3954} INFO - Setting next_dagrun for example_branch_operator to 2024-07-03 00:00:00+00:00, run_after=2024-07-04 00:00:00+00:00
[2024-07-04T09:48:37.006+0000] {processor.py:183} INFO - Processing /home/airflow/.local/lib/python3.12/site-packages/airflow/example_dags/example_branch_operator.py took 0.034 seconds
[2024-07-04T10:29:05.140+0000] {processor.py:161} INFO - Started process (PID=5630) to work on /home/airflow/.local/lib/python3.12/site-packages/airflow/example_dags/example_branch_operator.py
[2024-07-04T10:29:05.141+0000] {processor.py:830} INFO - Processing file /home/airflow/.local/lib/python3.12/site-packages/airflow/example_dags/example_branch_operator.py for tasks to queue
[2024-07-04T10:29:05.142+0000] {logging_mixin.py:188} INFO - [2024-07-04T10:29:05.141+0000] {dagbag.py:545} INFO - Filling up the DagBag from /home/airflow/.local/lib/python3.12/site-packages/airflow/example_dags/example_branch_operator.py
[2024-07-04T10:29:05.148+0000] {processor.py:840} INFO - DAG(s) 'example_branch_operator' retrieved from /home/airflow/.local/lib/python3.12/site-packages/airflow/example_dags/example_branch_operator.py
[2024-07-04T10:29:05.159+0000] {logging_mixin.py:188} INFO - [2024-07-04T10:29:05.159+0000] {dag.py:3096} INFO - Sync 1 DAGs
[2024-07-04T10:29:05.168+0000] {logging_mixin.py:188} INFO - [2024-07-04T10:29:05.168+0000] {dag.py:3954} INFO - Setting next_dagrun for example_branch_operator to 2024-07-03 00:00:00+00:00, run_after=2024-07-04 00:00:00+00:00
[2024-07-04T10:29:05.175+0000] {processor.py:183} INFO - Processing /home/airflow/.local/lib/python3.12/site-packages/airflow/example_dags/example_branch_operator.py took 0.037 seconds
[2024-07-04T11:13:24.334+0000] {processor.py:161} INFO - Started process (PID=5688) to work on /home/airflow/.local/lib/python3.12/site-packages/airflow/example_dags/example_branch_operator.py
[2024-07-04T11:13:24.334+0000] {processor.py:830} INFO - Processing file /home/airflow/.local/lib/python3.12/site-packages/airflow/example_dags/example_branch_operator.py for tasks to queue
[2024-07-04T11:13:24.335+0000] {logging_mixin.py:188} INFO - [2024-07-04T11:13:24.335+0000] {dagbag.py:545} INFO - Filling up the DagBag from /home/airflow/.local/lib/python3.12/site-packages/airflow/example_dags/example_branch_operator.py
[2024-07-04T11:13:24.341+0000] {processor.py:840} INFO - DAG(s) 'example_branch_operator' retrieved from /home/airflow/.local/lib/python3.12/site-packages/airflow/example_dags/example_branch_operator.py
[2024-07-04T11:13:24.352+0000] {logging_mixin.py:188} INFO - [2024-07-04T11:13:24.352+0000] {dag.py:3096} INFO - Sync 1 DAGs
[2024-07-04T11:13:24.361+0000] {logging_mixin.py:188} INFO - [2024-07-04T11:13:24.361+0000] {dag.py:3954} INFO - Setting next_dagrun for example_branch_operator to 2024-07-03 00:00:00+00:00, run_after=2024-07-04 00:00:00+00:00
[2024-07-04T11:13:24.367+0000] {processor.py:183} INFO - Processing /home/airflow/.local/lib/python3.12/site-packages/airflow/example_dags/example_branch_operator.py took 0.036 seconds
[2024-07-04T12:14:26.495+0000] {processor.py:161} INFO - Started process (PID=5746) to work on /home/airflow/.local/lib/python3.12/site-packages/airflow/example_dags/example_branch_operator.py
[2024-07-04T12:14:26.495+0000] {processor.py:830} INFO - Processing file /home/airflow/.local/lib/python3.12/site-packages/airflow/example_dags/example_branch_operator.py for tasks to queue
[2024-07-04T12:14:26.496+0000] {logging_mixin.py:188} INFO - [2024-07-04T12:14:26.496+0000] {dagbag.py:545} INFO - Filling up the DagBag from /home/airflow/.local/lib/python3.12/site-packages/airflow/example_dags/example_branch_operator.py
[2024-07-04T12:14:26.503+0000] {processor.py:840} INFO - DAG(s) 'example_branch_operator' retrieved from /home/airflow/.local/lib/python3.12/site-packages/airflow/example_dags/example_branch_operator.py
[2024-07-04T12:14:26.514+0000] {logging_mixin.py:188} INFO - [2024-07-04T12:14:26.514+0000] {dag.py:3096} INFO - Sync 1 DAGs
[2024-07-04T12:14:26.523+0000] {logging_mixin.py:188} INFO - [2024-07-04T12:14:26.522+0000] {dag.py:3954} INFO - Setting next_dagrun for example_branch_operator to 2024-07-03 00:00:00+00:00, run_after=2024-07-04 00:00:00+00:00
[2024-07-04T12:14:26.529+0000] {processor.py:183} INFO - Processing /home/airflow/.local/lib/python3.12/site-packages/airflow/example_dags/example_branch_operator.py took 0.036 seconds
[2024-07-04T13:00:41.347+0000] {processor.py:161} INFO - Started process (PID=5804) to work on /home/airflow/.local/lib/python3.12/site-packages/airflow/example_dags/example_branch_operator.py
[2024-07-04T13:00:41.348+0000] {processor.py:830} INFO - Processing file /home/airflow/.local/lib/python3.12/site-packages/airflow/example_dags/example_branch_operator.py for tasks to queue
[2024-07-04T13:00:41.349+0000] {logging_mixin.py:188} INFO - [2024-07-04T13:00:41.348+0000] {dagbag.py:545} INFO - Filling up the DagBag from /home/airflow/.local/lib/python3.12/site-packages/airflow/example_dags/example_branch_operator.py
[2024-07-04T13:00:41.355+0000] {processor.py:840} INFO - DAG(s) 'example_branch_operator' retrieved from /home/airflow/.local/lib/python3.12/site-packages/airflow/example_dags/example_branch_operator.py
[2024-07-04T13:00:41.365+0000] {logging_mixin.py:188} INFO - [2024-07-04T13:00:41.365+0000] {dag.py:3096} INFO - Sync 1 DAGs
[2024-07-04T13:00:41.374+0000] {logging_mixin.py:188} INFO - [2024-07-04T13:00:41.374+0000] {dag.py:3954} INFO - Setting next_dagrun for example_branch_operator to 2024-07-03 00:00:00+00:00, run_after=2024-07-04 00:00:00+00:00
[2024-07-04T13:00:41.381+0000] {processor.py:183} INFO - Processing /home/airflow/.local/lib/python3.12/site-packages/airflow/example_dags/example_branch_operator.py took 0.036 seconds
[2024-07-04T13:15:20.756+0000] {processor.py:161} INFO - Started process (PID=5862) to work on /home/airflow/.local/lib/python3.12/site-packages/airflow/example_dags/example_branch_operator.py
[2024-07-04T13:15:20.756+0000] {processor.py:830} INFO - Processing file /home/airflow/.local/lib/python3.12/site-packages/airflow/example_dags/example_branch_operator.py for tasks to queue
[2024-07-04T13:15:20.757+0000] {logging_mixin.py:188} INFO - [2024-07-04T13:15:20.757+0000] {dagbag.py:545} INFO - Filling up the DagBag from /home/airflow/.local/lib/python3.12/site-packages/airflow/example_dags/example_branch_operator.py
[2024-07-04T13:15:20.764+0000] {processor.py:840} INFO - DAG(s) 'example_branch_operator' retrieved from /home/airflow/.local/lib/python3.12/site-packages/airflow/example_dags/example_branch_operator.py
[2024-07-04T13:15:20.774+0000] {logging_mixin.py:188} INFO - [2024-07-04T13:15:20.774+0000] {dag.py:3096} INFO - Sync 1 DAGs
[2024-07-04T13:15:20.783+0000] {logging_mixin.py:188} INFO - [2024-07-04T13:15:20.783+0000] {dag.py:3954} INFO - Setting next_dagrun for example_branch_operator to 2024-07-03 00:00:00+00:00, run_after=2024-07-04 00:00:00+00:00
[2024-07-04T13:15:20.789+0000] {processor.py:183} INFO - Processing /home/airflow/.local/lib/python3.12/site-packages/airflow/example_dags/example_branch_operator.py took 0.035 seconds
[2024-07-04T13:30:25.980+0000] {processor.py:161} INFO - Started process (PID=5920) to work on /home/airflow/.local/lib/python3.12/site-packages/airflow/example_dags/example_branch_operator.py
[2024-07-04T13:30:25.981+0000] {processor.py:830} INFO - Processing file /home/airflow/.local/lib/python3.12/site-packages/airflow/example_dags/example_branch_operator.py for tasks to queue
[2024-07-04T13:30:25.981+0000] {logging_mixin.py:188} INFO - [2024-07-04T13:30:25.981+0000] {dagbag.py:545} INFO - Filling up the DagBag from /home/airflow/.local/lib/python3.12/site-packages/airflow/example_dags/example_branch_operator.py
[2024-07-04T13:30:25.989+0000] {processor.py:840} INFO - DAG(s) 'example_branch_operator' retrieved from /home/airflow/.local/lib/python3.12/site-packages/airflow/example_dags/example_branch_operator.py
[2024-07-04T13:30:25.999+0000] {logging_mixin.py:188} INFO - [2024-07-04T13:30:25.999+0000] {dag.py:3096} INFO - Sync 1 DAGs
[2024-07-04T13:30:26.008+0000] {logging_mixin.py:188} INFO - [2024-07-04T13:30:26.008+0000] {dag.py:3954} INFO - Setting next_dagrun for example_branch_operator to 2024-07-03 00:00:00+00:00, run_after=2024-07-04 00:00:00+00:00
[2024-07-04T13:30:26.015+0000] {processor.py:183} INFO - Processing /home/airflow/.local/lib/python3.12/site-packages/airflow/example_dags/example_branch_operator.py took 0.037 seconds
[2024-07-04T13:50:27.808+0000] {processor.py:161} INFO - Started process (PID=5978) to work on /home/airflow/.local/lib/python3.12/site-packages/airflow/example_dags/example_branch_operator.py
[2024-07-04T13:50:27.809+0000] {processor.py:830} INFO - Processing file /home/airflow/.local/lib/python3.12/site-packages/airflow/example_dags/example_branch_operator.py for tasks to queue
[2024-07-04T13:50:27.809+0000] {logging_mixin.py:188} INFO - [2024-07-04T13:50:27.809+0000] {dagbag.py:545} INFO - Filling up the DagBag from /home/airflow/.local/lib/python3.12/site-packages/airflow/example_dags/example_branch_operator.py
[2024-07-04T13:50:27.816+0000] {processor.py:840} INFO - DAG(s) 'example_branch_operator' retrieved from /home/airflow/.local/lib/python3.12/site-packages/airflow/example_dags/example_branch_operator.py
[2024-07-04T13:50:27.826+0000] {logging_mixin.py:188} INFO - [2024-07-04T13:50:27.826+0000] {dag.py:3096} INFO - Sync 1 DAGs
[2024-07-04T13:50:27.834+0000] {logging_mixin.py:188} INFO - [2024-07-04T13:50:27.834+0000] {dag.py:3954} INFO - Setting next_dagrun for example_branch_operator to 2024-07-03 00:00:00+00:00, run_after=2024-07-04 00:00:00+00:00
[2024-07-04T13:50:27.840+0000] {processor.py:183} INFO - Processing /home/airflow/.local/lib/python3.12/site-packages/airflow/example_dags/example_branch_operator.py took 0.034 seconds
[2024-07-04T14:16:28.250+0000] {processor.py:161} INFO - Started process (PID=6036) to work on /home/airflow/.local/lib/python3.12/site-packages/airflow/example_dags/example_branch_operator.py
[2024-07-04T14:16:28.251+0000] {processor.py:830} INFO - Processing file /home/airflow/.local/lib/python3.12/site-packages/airflow/example_dags/example_branch_operator.py for tasks to queue
[2024-07-04T14:16:28.251+0000] {logging_mixin.py:188} INFO - [2024-07-04T14:16:28.251+0000] {dagbag.py:545} INFO - Filling up the DagBag from /home/airflow/.local/lib/python3.12/site-packages/airflow/example_dags/example_branch_operator.py
[2024-07-04T14:16:28.258+0000] {processor.py:840} INFO - DAG(s) 'example_branch_operator' retrieved from /home/airflow/.local/lib/python3.12/site-packages/airflow/example_dags/example_branch_operator.py
[2024-07-04T14:16:28.268+0000] {logging_mixin.py:188} INFO - [2024-07-04T14:16:28.268+0000] {dag.py:3096} INFO - Sync 1 DAGs
[2024-07-04T14:16:28.276+0000] {logging_mixin.py:188} INFO - [2024-07-04T14:16:28.276+0000] {dag.py:3954} INFO - Setting next_dagrun for example_branch_operator to 2024-07-03 00:00:00+00:00, run_after=2024-07-04 00:00:00+00:00
[2024-07-04T14:16:28.282+0000] {processor.py:183} INFO - Processing /home/airflow/.local/lib/python3.12/site-packages/airflow/example_dags/example_branch_operator.py took 0.034 seconds
[2024-07-04T15:04:49.743+0000] {processor.py:161} INFO - Started process (PID=6094) to work on /home/airflow/.local/lib/python3.12/site-packages/airflow/example_dags/example_branch_operator.py
[2024-07-04T15:04:49.744+0000] {processor.py:830} INFO - Processing file /home/airflow/.local/lib/python3.12/site-packages/airflow/example_dags/example_branch_operator.py for tasks to queue
[2024-07-04T15:04:49.745+0000] {logging_mixin.py:188} INFO - [2024-07-04T15:04:49.744+0000] {dagbag.py:545} INFO - Filling up the DagBag from /home/airflow/.local/lib/python3.12/site-packages/airflow/example_dags/example_branch_operator.py
[2024-07-04T15:04:49.751+0000] {processor.py:840} INFO - DAG(s) 'example_branch_operator' retrieved from /home/airflow/.local/lib/python3.12/site-packages/airflow/example_dags/example_branch_operator.py
[2024-07-04T15:04:49.762+0000] {logging_mixin.py:188} INFO - [2024-07-04T15:04:49.761+0000] {dag.py:3096} INFO - Sync 1 DAGs
[2024-07-04T15:04:49.770+0000] {logging_mixin.py:188} INFO - [2024-07-04T15:04:49.770+0000] {dag.py:3954} INFO - Setting next_dagrun for example_branch_operator to 2024-07-03 00:00:00+00:00, run_after=2024-07-04 00:00:00+00:00
[2024-07-04T15:04:49.776+0000] {processor.py:183} INFO - Processing /home/airflow/.local/lib/python3.12/site-packages/airflow/example_dags/example_branch_operator.py took 0.035 seconds
[2024-07-04T15:43:16.247+0000] {processor.py:161} INFO - Started process (PID=6152) to work on /home/airflow/.local/lib/python3.12/site-packages/airflow/example_dags/example_branch_operator.py
[2024-07-04T15:43:16.247+0000] {processor.py:830} INFO - Processing file /home/airflow/.local/lib/python3.12/site-packages/airflow/example_dags/example_branch_operator.py for tasks to queue
[2024-07-04T15:43:16.248+0000] {logging_mixin.py:188} INFO - [2024-07-04T15:43:16.248+0000] {dagbag.py:545} INFO - Filling up the DagBag from /home/airflow/.local/lib/python3.12/site-packages/airflow/example_dags/example_branch_operator.py
[2024-07-04T15:43:16.255+0000] {processor.py:840} INFO - DAG(s) 'example_branch_operator' retrieved from /home/airflow/.local/lib/python3.12/site-packages/airflow/example_dags/example_branch_operator.py
[2024-07-04T15:43:16.266+0000] {logging_mixin.py:188} INFO - [2024-07-04T15:43:16.266+0000] {dag.py:3096} INFO - Sync 1 DAGs
[2024-07-04T15:43:16.274+0000] {logging_mixin.py:188} INFO - [2024-07-04T15:43:16.274+0000] {dag.py:3954} INFO - Setting next_dagrun for example_branch_operator to 2024-07-03 00:00:00+00:00, run_after=2024-07-04 00:00:00+00:00
[2024-07-04T15:43:16.281+0000] {processor.py:183} INFO - Processing /home/airflow/.local/lib/python3.12/site-packages/airflow/example_dags/example_branch_operator.py took 0.036 seconds
[2024-07-04T16:18:30.699+0000] {processor.py:161} INFO - Started process (PID=6210) to work on /home/airflow/.local/lib/python3.12/site-packages/airflow/example_dags/example_branch_operator.py
[2024-07-04T16:18:30.699+0000] {processor.py:830} INFO - Processing file /home/airflow/.local/lib/python3.12/site-packages/airflow/example_dags/example_branch_operator.py for tasks to queue
[2024-07-04T16:18:30.700+0000] {logging_mixin.py:188} INFO - [2024-07-04T16:18:30.700+0000] {dagbag.py:545} INFO - Filling up the DagBag from /home/airflow/.local/lib/python3.12/site-packages/airflow/example_dags/example_branch_operator.py
[2024-07-04T16:18:30.707+0000] {processor.py:840} INFO - DAG(s) 'example_branch_operator' retrieved from /home/airflow/.local/lib/python3.12/site-packages/airflow/example_dags/example_branch_operator.py
[2024-07-04T16:18:30.717+0000] {logging_mixin.py:188} INFO - [2024-07-04T16:18:30.717+0000] {dag.py:3096} INFO - Sync 1 DAGs
[2024-07-04T16:18:30.726+0000] {logging_mixin.py:188} INFO - [2024-07-04T16:18:30.726+0000] {dag.py:3954} INFO - Setting next_dagrun for example_branch_operator to 2024-07-03 00:00:00+00:00, run_after=2024-07-04 00:00:00+00:00
[2024-07-04T16:18:30.732+0000] {processor.py:183} INFO - Processing /home/airflow/.local/lib/python3.12/site-packages/airflow/example_dags/example_branch_operator.py took 0.035 seconds
[2024-07-04T16:45:12.066+0000] {processor.py:161} INFO - Started process (PID=6268) to work on /home/airflow/.local/lib/python3.12/site-packages/airflow/example_dags/example_branch_operator.py
[2024-07-04T16:45:12.067+0000] {processor.py:830} INFO - Processing file /home/airflow/.local/lib/python3.12/site-packages/airflow/example_dags/example_branch_operator.py for tasks to queue
[2024-07-04T16:45:12.067+0000] {logging_mixin.py:188} INFO - [2024-07-04T16:45:12.067+0000] {dagbag.py:545} INFO - Filling up the DagBag from /home/airflow/.local/lib/python3.12/site-packages/airflow/example_dags/example_branch_operator.py
[2024-07-04T16:45:12.074+0000] {processor.py:840} INFO - DAG(s) 'example_branch_operator' retrieved from /home/airflow/.local/lib/python3.12/site-packages/airflow/example_dags/example_branch_operator.py
[2024-07-04T16:45:12.085+0000] {logging_mixin.py:188} INFO - [2024-07-04T16:45:12.084+0000] {dag.py:3096} INFO - Sync 1 DAGs
[2024-07-04T16:45:12.093+0000] {logging_mixin.py:188} INFO - [2024-07-04T16:45:12.093+0000] {dag.py:3954} INFO - Setting next_dagrun for example_branch_operator to 2024-07-03 00:00:00+00:00, run_after=2024-07-04 00:00:00+00:00
[2024-07-04T16:45:12.099+0000] {processor.py:183} INFO - Processing /home/airflow/.local/lib/python3.12/site-packages/airflow/example_dags/example_branch_operator.py took 0.035 seconds
[2024-07-04T17:39:35.728+0000] {processor.py:161} INFO - Started process (PID=6326) to work on /home/airflow/.local/lib/python3.12/site-packages/airflow/example_dags/example_branch_operator.py
[2024-07-04T17:39:35.728+0000] {processor.py:830} INFO - Processing file /home/airflow/.local/lib/python3.12/site-packages/airflow/example_dags/example_branch_operator.py for tasks to queue
[2024-07-04T17:39:35.729+0000] {logging_mixin.py:188} INFO - [2024-07-04T17:39:35.729+0000] {dagbag.py:545} INFO - Filling up the DagBag from /home/airflow/.local/lib/python3.12/site-packages/airflow/example_dags/example_branch_operator.py
[2024-07-04T17:39:35.736+0000] {processor.py:840} INFO - DAG(s) 'example_branch_operator' retrieved from /home/airflow/.local/lib/python3.12/site-packages/airflow/example_dags/example_branch_operator.py
[2024-07-04T17:39:35.746+0000] {logging_mixin.py:188} INFO - [2024-07-04T17:39:35.746+0000] {dag.py:3096} INFO - Sync 1 DAGs
[2024-07-04T17:39:35.754+0000] {logging_mixin.py:188} INFO - [2024-07-04T17:39:35.754+0000] {dag.py:3954} INFO - Setting next_dagrun for example_branch_operator to 2024-07-03 00:00:00+00:00, run_after=2024-07-04 00:00:00+00:00
[2024-07-04T17:39:35.760+0000] {processor.py:183} INFO - Processing /home/airflow/.local/lib/python3.12/site-packages/airflow/example_dags/example_branch_operator.py took 0.034 seconds
[2024-07-04T18:32:14.791+0000] {processor.py:161} INFO - Started process (PID=6384) to work on /home/airflow/.local/lib/python3.12/site-packages/airflow/example_dags/example_branch_operator.py
[2024-07-04T18:32:14.792+0000] {processor.py:830} INFO - Processing file /home/airflow/.local/lib/python3.12/site-packages/airflow/example_dags/example_branch_operator.py for tasks to queue
[2024-07-04T18:32:14.793+0000] {logging_mixin.py:188} INFO - [2024-07-04T18:32:14.793+0000] {dagbag.py:545} INFO - Filling up the DagBag from /home/airflow/.local/lib/python3.12/site-packages/airflow/example_dags/example_branch_operator.py
[2024-07-04T18:32:14.799+0000] {processor.py:840} INFO - DAG(s) 'example_branch_operator' retrieved from /home/airflow/.local/lib/python3.12/site-packages/airflow/example_dags/example_branch_operator.py
[2024-07-04T18:32:14.810+0000] {logging_mixin.py:188} INFO - [2024-07-04T18:32:14.810+0000] {dag.py:3096} INFO - Sync 1 DAGs
[2024-07-04T18:32:14.817+0000] {logging_mixin.py:188} INFO - [2024-07-04T18:32:14.817+0000] {dag.py:3954} INFO - Setting next_dagrun for example_branch_operator to 2024-07-03 00:00:00+00:00, run_after=2024-07-04 00:00:00+00:00
[2024-07-04T18:32:14.823+0000] {processor.py:183} INFO - Processing /home/airflow/.local/lib/python3.12/site-packages/airflow/example_dags/example_branch_operator.py took 0.034 seconds
[2024-07-04T19:08:33.453+0000] {processor.py:161} INFO - Started process (PID=6441) to work on /home/airflow/.local/lib/python3.12/site-packages/airflow/example_dags/example_branch_operator.py
[2024-07-04T19:08:33.453+0000] {processor.py:830} INFO - Processing file /home/airflow/.local/lib/python3.12/site-packages/airflow/example_dags/example_branch_operator.py for tasks to queue
[2024-07-04T19:08:33.454+0000] {logging_mixin.py:188} INFO - [2024-07-04T19:08:33.454+0000] {dagbag.py:545} INFO - Filling up the DagBag from /home/airflow/.local/lib/python3.12/site-packages/airflow/example_dags/example_branch_operator.py
[2024-07-04T19:08:33.460+0000] {processor.py:840} INFO - DAG(s) 'example_branch_operator' retrieved from /home/airflow/.local/lib/python3.12/site-packages/airflow/example_dags/example_branch_operator.py
[2024-07-04T19:08:33.471+0000] {logging_mixin.py:188} INFO - [2024-07-04T19:08:33.471+0000] {dag.py:3096} INFO - Sync 1 DAGs
[2024-07-04T19:08:33.479+0000] {logging_mixin.py:188} INFO - [2024-07-04T19:08:33.479+0000] {dag.py:3954} INFO - Setting next_dagrun for example_branch_operator to 2024-07-03 00:00:00+00:00, run_after=2024-07-04 00:00:00+00:00
[2024-07-04T19:08:33.486+0000] {processor.py:183} INFO - Processing /home/airflow/.local/lib/python3.12/site-packages/airflow/example_dags/example_branch_operator.py took 0.035 seconds
[2024-07-04T20:48:22.437+0000] {processor.py:161} INFO - Started process (PID=6499) to work on /home/airflow/.local/lib/python3.12/site-packages/airflow/example_dags/example_branch_operator.py
[2024-07-04T20:48:22.438+0000] {processor.py:830} INFO - Processing file /home/airflow/.local/lib/python3.12/site-packages/airflow/example_dags/example_branch_operator.py for tasks to queue
[2024-07-04T20:48:22.439+0000] {logging_mixin.py:188} INFO - [2024-07-04T20:48:22.439+0000] {dagbag.py:545} INFO - Filling up the DagBag from /home/airflow/.local/lib/python3.12/site-packages/airflow/example_dags/example_branch_operator.py
[2024-07-04T20:48:22.445+0000] {processor.py:840} INFO - DAG(s) 'example_branch_operator' retrieved from /home/airflow/.local/lib/python3.12/site-packages/airflow/example_dags/example_branch_operator.py
[2024-07-04T20:48:22.456+0000] {logging_mixin.py:188} INFO - [2024-07-04T20:48:22.456+0000] {dag.py:3096} INFO - Sync 1 DAGs
[2024-07-04T20:48:22.465+0000] {logging_mixin.py:188} INFO - [2024-07-04T20:48:22.465+0000] {dag.py:3954} INFO - Setting next_dagrun for example_branch_operator to 2024-07-03 00:00:00+00:00, run_after=2024-07-04 00:00:00+00:00
[2024-07-04T20:48:22.471+0000] {processor.py:183} INFO - Processing /home/airflow/.local/lib/python3.12/site-packages/airflow/example_dags/example_branch_operator.py took 0.036 seconds
[2024-07-04T21:49:23.389+0000] {processor.py:161} INFO - Started process (PID=6557) to work on /home/airflow/.local/lib/python3.12/site-packages/airflow/example_dags/example_branch_operator.py
[2024-07-04T21:49:23.389+0000] {processor.py:830} INFO - Processing file /home/airflow/.local/lib/python3.12/site-packages/airflow/example_dags/example_branch_operator.py for tasks to queue
[2024-07-04T21:49:23.390+0000] {logging_mixin.py:188} INFO - [2024-07-04T21:49:23.390+0000] {dagbag.py:545} INFO - Filling up the DagBag from /home/airflow/.local/lib/python3.12/site-packages/airflow/example_dags/example_branch_operator.py
[2024-07-04T21:49:23.396+0000] {processor.py:840} INFO - DAG(s) 'example_branch_operator' retrieved from /home/airflow/.local/lib/python3.12/site-packages/airflow/example_dags/example_branch_operator.py
[2024-07-04T21:49:23.407+0000] {logging_mixin.py:188} INFO - [2024-07-04T21:49:23.406+0000] {dag.py:3096} INFO - Sync 1 DAGs
[2024-07-04T21:49:23.416+0000] {logging_mixin.py:188} INFO - [2024-07-04T21:49:23.416+0000] {dag.py:3954} INFO - Setting next_dagrun for example_branch_operator to 2024-07-03 00:00:00+00:00, run_after=2024-07-04 00:00:00+00:00
[2024-07-04T21:49:23.423+0000] {processor.py:183} INFO - Processing /home/airflow/.local/lib/python3.12/site-packages/airflow/example_dags/example_branch_operator.py took 0.037 seconds
[2024-07-04T23:01:34.507+0000] {processor.py:161} INFO - Started process (PID=6615) to work on /home/airflow/.local/lib/python3.12/site-packages/airflow/example_dags/example_branch_operator.py
[2024-07-04T23:01:34.507+0000] {processor.py:830} INFO - Processing file /home/airflow/.local/lib/python3.12/site-packages/airflow/example_dags/example_branch_operator.py for tasks to queue
[2024-07-04T23:01:34.508+0000] {logging_mixin.py:188} INFO - [2024-07-04T23:01:34.508+0000] {dagbag.py:545} INFO - Filling up the DagBag from /home/airflow/.local/lib/python3.12/site-packages/airflow/example_dags/example_branch_operator.py
[2024-07-04T23:01:34.514+0000] {processor.py:840} INFO - DAG(s) 'example_branch_operator' retrieved from /home/airflow/.local/lib/python3.12/site-packages/airflow/example_dags/example_branch_operator.py
[2024-07-04T23:01:34.525+0000] {logging_mixin.py:188} INFO - [2024-07-04T23:01:34.525+0000] {dag.py:3096} INFO - Sync 1 DAGs
[2024-07-04T23:01:34.535+0000] {logging_mixin.py:188} INFO - [2024-07-04T23:01:34.535+0000] {dag.py:3954} INFO - Setting next_dagrun for example_branch_operator to 2024-07-03 00:00:00+00:00, run_after=2024-07-04 00:00:00+00:00
[2024-07-04T23:01:34.542+0000] {processor.py:183} INFO - Processing /home/airflow/.local/lib/python3.12/site-packages/airflow/example_dags/example_branch_operator.py took 0.037 seconds
[2024-07-04T23:16:31.153+0000] {processor.py:161} INFO - Started process (PID=6673) to work on /home/airflow/.local/lib/python3.12/site-packages/airflow/example_dags/example_branch_operator.py
[2024-07-04T23:16:31.156+0000] {processor.py:830} INFO - Processing file /home/airflow/.local/lib/python3.12/site-packages/airflow/example_dags/example_branch_operator.py for tasks to queue
[2024-07-04T23:16:31.157+0000] {logging_mixin.py:188} INFO - [2024-07-04T23:16:31.157+0000] {dagbag.py:545} INFO - Filling up the DagBag from /home/airflow/.local/lib/python3.12/site-packages/airflow/example_dags/example_branch_operator.py
[2024-07-04T23:16:31.166+0000] {processor.py:840} INFO - DAG(s) 'example_branch_operator' retrieved from /home/airflow/.local/lib/python3.12/site-packages/airflow/example_dags/example_branch_operator.py
[2024-07-04T23:16:31.177+0000] {logging_mixin.py:188} INFO - [2024-07-04T23:16:31.177+0000] {dag.py:3096} INFO - Sync 1 DAGs
[2024-07-04T23:16:31.185+0000] {logging_mixin.py:188} INFO - [2024-07-04T23:16:31.185+0000] {dag.py:3954} INFO - Setting next_dagrun for example_branch_operator to 2024-07-03 00:00:00+00:00, run_after=2024-07-04 00:00:00+00:00
[2024-07-04T23:16:31.265+0000] {processor.py:183} INFO - Processing /home/airflow/.local/lib/python3.12/site-packages/airflow/example_dags/example_branch_operator.py took 0.115 seconds
