[2024-07-04T00:20:54.249+0000] {processor.py:161} INFO - Started process (PID=4476) to work on /home/airflow/.local/lib/python3.12/site-packages/airflow/example_dags/example_bash_operator.py
[2024-07-04T00:20:54.249+0000] {processor.py:830} INFO - Processing file /home/airflow/.local/lib/python3.12/site-packages/airflow/example_dags/example_bash_operator.py for tasks to queue
[2024-07-04T00:20:54.250+0000] {logging_mixin.py:188} INFO - [2024-07-04T00:20:54.250+0000] {dagbag.py:545} INFO - Filling up the DagBag from /home/airflow/.local/lib/python3.12/site-packages/airflow/example_dags/example_bash_operator.py
[2024-07-04T00:20:54.254+0000] {processor.py:840} INFO - DAG(s) 'example_bash_operator' retrieved from /home/airflow/.local/lib/python3.12/site-packages/airflow/example_dags/example_bash_operator.py
[2024-07-04T00:20:54.264+0000] {logging_mixin.py:188} INFO - [2024-07-04T00:20:54.264+0000] {dag.py:3096} INFO - Sync 1 DAGs
[2024-07-04T00:20:54.271+0000] {logging_mixin.py:188} INFO - [2024-07-04T00:20:54.271+0000] {dag.py:3954} INFO - Setting next_dagrun for example_bash_operator to 2024-07-03 00:00:00+00:00, run_after=2024-07-04 00:00:00+00:00
[2024-07-04T00:20:54.277+0000] {processor.py:183} INFO - Processing /home/airflow/.local/lib/python3.12/site-packages/airflow/example_dags/example_bash_operator.py took 0.031 seconds
[2024-07-04T00:32:44.792+0000] {processor.py:161} INFO - Started process (PID=4534) to work on /home/airflow/.local/lib/python3.12/site-packages/airflow/example_dags/example_bash_operator.py
[2024-07-04T00:32:44.793+0000] {processor.py:830} INFO - Processing file /home/airflow/.local/lib/python3.12/site-packages/airflow/example_dags/example_bash_operator.py for tasks to queue
[2024-07-04T00:32:44.793+0000] {logging_mixin.py:188} INFO - [2024-07-04T00:32:44.793+0000] {dagbag.py:545} INFO - Filling up the DagBag from /home/airflow/.local/lib/python3.12/site-packages/airflow/example_dags/example_bash_operator.py
[2024-07-04T00:32:44.798+0000] {processor.py:840} INFO - DAG(s) 'example_bash_operator' retrieved from /home/airflow/.local/lib/python3.12/site-packages/airflow/example_dags/example_bash_operator.py
[2024-07-04T00:32:44.807+0000] {logging_mixin.py:188} INFO - [2024-07-04T00:32:44.807+0000] {dag.py:3096} INFO - Sync 1 DAGs
[2024-07-04T00:32:44.814+0000] {logging_mixin.py:188} INFO - [2024-07-04T00:32:44.814+0000] {dag.py:3954} INFO - Setting next_dagrun for example_bash_operator to 2024-07-03 00:00:00+00:00, run_after=2024-07-04 00:00:00+00:00
[2024-07-04T00:32:44.820+0000] {processor.py:183} INFO - Processing /home/airflow/.local/lib/python3.12/site-packages/airflow/example_dags/example_bash_operator.py took 0.030 seconds
[2024-07-04T01:04:10.651+0000] {processor.py:161} INFO - Started process (PID=4592) to work on /home/airflow/.local/lib/python3.12/site-packages/airflow/example_dags/example_bash_operator.py
[2024-07-04T01:04:10.652+0000] {processor.py:830} INFO - Processing file /home/airflow/.local/lib/python3.12/site-packages/airflow/example_dags/example_bash_operator.py for tasks to queue
[2024-07-04T01:04:10.652+0000] {logging_mixin.py:188} INFO - [2024-07-04T01:04:10.652+0000] {dagbag.py:545} INFO - Filling up the DagBag from /home/airflow/.local/lib/python3.12/site-packages/airflow/example_dags/example_bash_operator.py
[2024-07-04T01:04:10.657+0000] {processor.py:840} INFO - DAG(s) 'example_bash_operator' retrieved from /home/airflow/.local/lib/python3.12/site-packages/airflow/example_dags/example_bash_operator.py
[2024-07-04T01:04:10.667+0000] {logging_mixin.py:188} INFO - [2024-07-04T01:04:10.667+0000] {dag.py:3096} INFO - Sync 1 DAGs
[2024-07-04T01:04:10.675+0000] {logging_mixin.py:188} INFO - [2024-07-04T01:04:10.675+0000] {dag.py:3954} INFO - Setting next_dagrun for example_bash_operator to 2024-07-03 00:00:00+00:00, run_after=2024-07-04 00:00:00+00:00
[2024-07-04T01:04:10.681+0000] {processor.py:183} INFO - Processing /home/airflow/.local/lib/python3.12/site-packages/airflow/example_dags/example_bash_operator.py took 0.032 seconds
[2024-07-04T01:43:14.674+0000] {processor.py:161} INFO - Started process (PID=4650) to work on /home/airflow/.local/lib/python3.12/site-packages/airflow/example_dags/example_bash_operator.py
[2024-07-04T01:43:14.674+0000] {processor.py:830} INFO - Processing file /home/airflow/.local/lib/python3.12/site-packages/airflow/example_dags/example_bash_operator.py for tasks to queue
[2024-07-04T01:43:14.677+0000] {logging_mixin.py:188} INFO - [2024-07-04T01:43:14.677+0000] {dagbag.py:545} INFO - Filling up the DagBag from /home/airflow/.local/lib/python3.12/site-packages/airflow/example_dags/example_bash_operator.py
[2024-07-04T01:43:14.682+0000] {processor.py:840} INFO - DAG(s) 'example_bash_operator' retrieved from /home/airflow/.local/lib/python3.12/site-packages/airflow/example_dags/example_bash_operator.py
[2024-07-04T01:43:14.692+0000] {logging_mixin.py:188} INFO - [2024-07-04T01:43:14.692+0000] {dag.py:3096} INFO - Sync 1 DAGs
[2024-07-04T01:43:14.700+0000] {logging_mixin.py:188} INFO - [2024-07-04T01:43:14.700+0000] {dag.py:3954} INFO - Setting next_dagrun for example_bash_operator to 2024-07-03 00:00:00+00:00, run_after=2024-07-04 00:00:00+00:00
[2024-07-04T01:43:14.706+0000] {processor.py:183} INFO - Processing /home/airflow/.local/lib/python3.12/site-packages/airflow/example_dags/example_bash_operator.py took 0.035 seconds
[2024-07-04T02:07:15.884+0000] {processor.py:161} INFO - Started process (PID=4708) to work on /home/airflow/.local/lib/python3.12/site-packages/airflow/example_dags/example_bash_operator.py
[2024-07-04T02:07:15.885+0000] {processor.py:830} INFO - Processing file /home/airflow/.local/lib/python3.12/site-packages/airflow/example_dags/example_bash_operator.py for tasks to queue
[2024-07-04T02:07:15.888+0000] {logging_mixin.py:188} INFO - [2024-07-04T02:07:15.888+0000] {dagbag.py:545} INFO - Filling up the DagBag from /home/airflow/.local/lib/python3.12/site-packages/airflow/example_dags/example_bash_operator.py
[2024-07-04T02:07:15.893+0000] {processor.py:840} INFO - DAG(s) 'example_bash_operator' retrieved from /home/airflow/.local/lib/python3.12/site-packages/airflow/example_dags/example_bash_operator.py
[2024-07-04T02:07:15.902+0000] {logging_mixin.py:188} INFO - [2024-07-04T02:07:15.902+0000] {dag.py:3096} INFO - Sync 1 DAGs
[2024-07-04T02:07:15.910+0000] {logging_mixin.py:188} INFO - [2024-07-04T02:07:15.910+0000] {dag.py:3954} INFO - Setting next_dagrun for example_bash_operator to 2024-07-03 00:00:00+00:00, run_after=2024-07-04 00:00:00+00:00
[2024-07-04T02:07:15.917+0000] {processor.py:183} INFO - Processing /home/airflow/.local/lib/python3.12/site-packages/airflow/example_dags/example_bash_operator.py took 0.036 seconds
[2024-07-04T02:42:02.024+0000] {processor.py:161} INFO - Started process (PID=4766) to work on /home/airflow/.local/lib/python3.12/site-packages/airflow/example_dags/example_bash_operator.py
[2024-07-04T02:42:02.024+0000] {processor.py:830} INFO - Processing file /home/airflow/.local/lib/python3.12/site-packages/airflow/example_dags/example_bash_operator.py for tasks to queue
[2024-07-04T02:42:02.025+0000] {logging_mixin.py:188} INFO - [2024-07-04T02:42:02.025+0000] {dagbag.py:545} INFO - Filling up the DagBag from /home/airflow/.local/lib/python3.12/site-packages/airflow/example_dags/example_bash_operator.py
[2024-07-04T02:42:02.029+0000] {processor.py:840} INFO - DAG(s) 'example_bash_operator' retrieved from /home/airflow/.local/lib/python3.12/site-packages/airflow/example_dags/example_bash_operator.py
[2024-07-04T02:42:02.039+0000] {logging_mixin.py:188} INFO - [2024-07-04T02:42:02.039+0000] {dag.py:3096} INFO - Sync 1 DAGs
[2024-07-04T02:42:02.048+0000] {logging_mixin.py:188} INFO - [2024-07-04T02:42:02.048+0000] {dag.py:3954} INFO - Setting next_dagrun for example_bash_operator to 2024-07-03 00:00:00+00:00, run_after=2024-07-04 00:00:00+00:00
[2024-07-04T02:42:02.054+0000] {processor.py:183} INFO - Processing /home/airflow/.local/lib/python3.12/site-packages/airflow/example_dags/example_bash_operator.py took 0.033 seconds
[2024-07-04T02:44:45.848+0000] {processor.py:161} INFO - Started process (PID=4824) to work on /home/airflow/.local/lib/python3.12/site-packages/airflow/example_dags/example_bash_operator.py
[2024-07-04T02:44:45.848+0000] {processor.py:830} INFO - Processing file /home/airflow/.local/lib/python3.12/site-packages/airflow/example_dags/example_bash_operator.py for tasks to queue
[2024-07-04T02:44:45.849+0000] {logging_mixin.py:188} INFO - [2024-07-04T02:44:45.849+0000] {dagbag.py:545} INFO - Filling up the DagBag from /home/airflow/.local/lib/python3.12/site-packages/airflow/example_dags/example_bash_operator.py
[2024-07-04T02:44:45.853+0000] {processor.py:840} INFO - DAG(s) 'example_bash_operator' retrieved from /home/airflow/.local/lib/python3.12/site-packages/airflow/example_dags/example_bash_operator.py
[2024-07-04T02:44:45.863+0000] {logging_mixin.py:188} INFO - [2024-07-04T02:44:45.863+0000] {dag.py:3096} INFO - Sync 1 DAGs
[2024-07-04T02:44:45.872+0000] {logging_mixin.py:188} INFO - [2024-07-04T02:44:45.872+0000] {dag.py:3954} INFO - Setting next_dagrun for example_bash_operator to 2024-07-03 00:00:00+00:00, run_after=2024-07-04 00:00:00+00:00
[2024-07-04T02:44:45.878+0000] {processor.py:183} INFO - Processing /home/airflow/.local/lib/python3.12/site-packages/airflow/example_dags/example_bash_operator.py took 0.033 seconds
[2024-07-04T03:05:27.498+0000] {processor.py:161} INFO - Started process (PID=4882) to work on /home/airflow/.local/lib/python3.12/site-packages/airflow/example_dags/example_bash_operator.py
[2024-07-04T03:05:27.498+0000] {processor.py:830} INFO - Processing file /home/airflow/.local/lib/python3.12/site-packages/airflow/example_dags/example_bash_operator.py for tasks to queue
[2024-07-04T03:05:27.499+0000] {logging_mixin.py:188} INFO - [2024-07-04T03:05:27.499+0000] {dagbag.py:545} INFO - Filling up the DagBag from /home/airflow/.local/lib/python3.12/site-packages/airflow/example_dags/example_bash_operator.py
[2024-07-04T03:05:27.504+0000] {processor.py:840} INFO - DAG(s) 'example_bash_operator' retrieved from /home/airflow/.local/lib/python3.12/site-packages/airflow/example_dags/example_bash_operator.py
[2024-07-04T03:05:27.514+0000] {logging_mixin.py:188} INFO - [2024-07-04T03:05:27.514+0000] {dag.py:3096} INFO - Sync 1 DAGs
[2024-07-04T03:05:27.522+0000] {logging_mixin.py:188} INFO - [2024-07-04T03:05:27.522+0000] {dag.py:3954} INFO - Setting next_dagrun for example_bash_operator to 2024-07-03 00:00:00+00:00, run_after=2024-07-04 00:00:00+00:00
[2024-07-04T03:05:27.529+0000] {processor.py:183} INFO - Processing /home/airflow/.local/lib/python3.12/site-packages/airflow/example_dags/example_bash_operator.py took 0.034 seconds
[2024-07-04T04:00:03.467+0000] {processor.py:161} INFO - Started process (PID=4940) to work on /home/airflow/.local/lib/python3.12/site-packages/airflow/example_dags/example_bash_operator.py
[2024-07-04T04:00:03.468+0000] {processor.py:830} INFO - Processing file /home/airflow/.local/lib/python3.12/site-packages/airflow/example_dags/example_bash_operator.py for tasks to queue
[2024-07-04T04:00:03.469+0000] {logging_mixin.py:188} INFO - [2024-07-04T04:00:03.468+0000] {dagbag.py:545} INFO - Filling up the DagBag from /home/airflow/.local/lib/python3.12/site-packages/airflow/example_dags/example_bash_operator.py
[2024-07-04T04:00:03.473+0000] {processor.py:840} INFO - DAG(s) 'example_bash_operator' retrieved from /home/airflow/.local/lib/python3.12/site-packages/airflow/example_dags/example_bash_operator.py
[2024-07-04T04:00:03.483+0000] {logging_mixin.py:188} INFO - [2024-07-04T04:00:03.483+0000] {dag.py:3096} INFO - Sync 1 DAGs
[2024-07-04T04:00:03.492+0000] {logging_mixin.py:188} INFO - [2024-07-04T04:00:03.492+0000] {dag.py:3954} INFO - Setting next_dagrun for example_bash_operator to 2024-07-03 00:00:00+00:00, run_after=2024-07-04 00:00:00+00:00
[2024-07-04T04:00:03.498+0000] {processor.py:183} INFO - Processing /home/airflow/.local/lib/python3.12/site-packages/airflow/example_dags/example_bash_operator.py took 0.033 seconds
[2024-07-04T04:31:26.428+0000] {processor.py:161} INFO - Started process (PID=4998) to work on /home/airflow/.local/lib/python3.12/site-packages/airflow/example_dags/example_bash_operator.py
[2024-07-04T04:31:26.430+0000] {processor.py:830} INFO - Processing file /home/airflow/.local/lib/python3.12/site-packages/airflow/example_dags/example_bash_operator.py for tasks to queue
[2024-07-04T04:31:26.431+0000] {logging_mixin.py:188} INFO - [2024-07-04T04:31:26.430+0000] {dagbag.py:545} INFO - Filling up the DagBag from /home/airflow/.local/lib/python3.12/site-packages/airflow/example_dags/example_bash_operator.py
[2024-07-04T04:31:26.435+0000] {processor.py:840} INFO - DAG(s) 'example_bash_operator' retrieved from /home/airflow/.local/lib/python3.12/site-packages/airflow/example_dags/example_bash_operator.py
[2024-07-04T04:31:26.446+0000] {logging_mixin.py:188} INFO - [2024-07-04T04:31:26.445+0000] {dag.py:3096} INFO - Sync 1 DAGs
[2024-07-04T04:31:26.454+0000] {logging_mixin.py:188} INFO - [2024-07-04T04:31:26.454+0000] {dag.py:3954} INFO - Setting next_dagrun for example_bash_operator to 2024-07-03 00:00:00+00:00, run_after=2024-07-04 00:00:00+00:00
[2024-07-04T04:31:26.460+0000] {processor.py:183} INFO - Processing /home/airflow/.local/lib/python3.12/site-packages/airflow/example_dags/example_bash_operator.py took 0.035 seconds
[2024-07-04T05:07:27.857+0000] {processor.py:161} INFO - Started process (PID=5056) to work on /home/airflow/.local/lib/python3.12/site-packages/airflow/example_dags/example_bash_operator.py
[2024-07-04T05:07:27.857+0000] {processor.py:830} INFO - Processing file /home/airflow/.local/lib/python3.12/site-packages/airflow/example_dags/example_bash_operator.py for tasks to queue
[2024-07-04T05:07:27.858+0000] {logging_mixin.py:188} INFO - [2024-07-04T05:07:27.858+0000] {dagbag.py:545} INFO - Filling up the DagBag from /home/airflow/.local/lib/python3.12/site-packages/airflow/example_dags/example_bash_operator.py
[2024-07-04T05:07:27.863+0000] {processor.py:840} INFO - DAG(s) 'example_bash_operator' retrieved from /home/airflow/.local/lib/python3.12/site-packages/airflow/example_dags/example_bash_operator.py
[2024-07-04T05:07:27.873+0000] {logging_mixin.py:188} INFO - [2024-07-04T05:07:27.873+0000] {dag.py:3096} INFO - Sync 1 DAGs
[2024-07-04T05:07:27.881+0000] {logging_mixin.py:188} INFO - [2024-07-04T05:07:27.881+0000] {dag.py:3954} INFO - Setting next_dagrun for example_bash_operator to 2024-07-03 00:00:00+00:00, run_after=2024-07-04 00:00:00+00:00
[2024-07-04T05:07:27.888+0000] {processor.py:183} INFO - Processing /home/airflow/.local/lib/python3.12/site-packages/airflow/example_dags/example_bash_operator.py took 0.033 seconds
[2024-07-04T06:06:29.307+0000] {processor.py:161} INFO - Started process (PID=5114) to work on /home/airflow/.local/lib/python3.12/site-packages/airflow/example_dags/example_bash_operator.py
[2024-07-04T06:06:29.310+0000] {processor.py:830} INFO - Processing file /home/airflow/.local/lib/python3.12/site-packages/airflow/example_dags/example_bash_operator.py for tasks to queue
[2024-07-04T06:06:29.310+0000] {logging_mixin.py:188} INFO - [2024-07-04T06:06:29.310+0000] {dagbag.py:545} INFO - Filling up the DagBag from /home/airflow/.local/lib/python3.12/site-packages/airflow/example_dags/example_bash_operator.py
[2024-07-04T06:06:29.315+0000] {processor.py:840} INFO - DAG(s) 'example_bash_operator' retrieved from /home/airflow/.local/lib/python3.12/site-packages/airflow/example_dags/example_bash_operator.py
[2024-07-04T06:06:29.325+0000] {logging_mixin.py:188} INFO - [2024-07-04T06:06:29.324+0000] {dag.py:3096} INFO - Sync 1 DAGs
[2024-07-04T06:06:29.333+0000] {logging_mixin.py:188} INFO - [2024-07-04T06:06:29.333+0000] {dag.py:3954} INFO - Setting next_dagrun for example_bash_operator to 2024-07-03 00:00:00+00:00, run_after=2024-07-04 00:00:00+00:00
[2024-07-04T06:06:29.339+0000] {processor.py:183} INFO - Processing /home/airflow/.local/lib/python3.12/site-packages/airflow/example_dags/example_bash_operator.py took 0.034 seconds
[2024-07-04T06:24:42.477+0000] {processor.py:161} INFO - Started process (PID=5172) to work on /home/airflow/.local/lib/python3.12/site-packages/airflow/example_dags/example_bash_operator.py
[2024-07-04T06:24:42.477+0000] {processor.py:830} INFO - Processing file /home/airflow/.local/lib/python3.12/site-packages/airflow/example_dags/example_bash_operator.py for tasks to queue
[2024-07-04T06:24:42.478+0000] {logging_mixin.py:188} INFO - [2024-07-04T06:24:42.478+0000] {dagbag.py:545} INFO - Filling up the DagBag from /home/airflow/.local/lib/python3.12/site-packages/airflow/example_dags/example_bash_operator.py
[2024-07-04T06:24:42.482+0000] {processor.py:840} INFO - DAG(s) 'example_bash_operator' retrieved from /home/airflow/.local/lib/python3.12/site-packages/airflow/example_dags/example_bash_operator.py
[2024-07-04T06:24:42.492+0000] {logging_mixin.py:188} INFO - [2024-07-04T06:24:42.492+0000] {dag.py:3096} INFO - Sync 1 DAGs
[2024-07-04T06:24:42.499+0000] {logging_mixin.py:188} INFO - [2024-07-04T06:24:42.499+0000] {dag.py:3954} INFO - Setting next_dagrun for example_bash_operator to 2024-07-03 00:00:00+00:00, run_after=2024-07-04 00:00:00+00:00
[2024-07-04T06:24:42.505+0000] {processor.py:183} INFO - Processing /home/airflow/.local/lib/python3.12/site-packages/airflow/example_dags/example_bash_operator.py took 0.031 seconds
[2024-07-04T07:07:24.978+0000] {processor.py:161} INFO - Started process (PID=5230) to work on /home/airflow/.local/lib/python3.12/site-packages/airflow/example_dags/example_bash_operator.py
[2024-07-04T07:07:24.979+0000] {processor.py:830} INFO - Processing file /home/airflow/.local/lib/python3.12/site-packages/airflow/example_dags/example_bash_operator.py for tasks to queue
[2024-07-04T07:07:24.979+0000] {logging_mixin.py:188} INFO - [2024-07-04T07:07:24.979+0000] {dagbag.py:545} INFO - Filling up the DagBag from /home/airflow/.local/lib/python3.12/site-packages/airflow/example_dags/example_bash_operator.py
[2024-07-04T07:07:24.985+0000] {processor.py:840} INFO - DAG(s) 'example_bash_operator' retrieved from /home/airflow/.local/lib/python3.12/site-packages/airflow/example_dags/example_bash_operator.py
[2024-07-04T07:07:24.997+0000] {logging_mixin.py:188} INFO - [2024-07-04T07:07:24.997+0000] {dag.py:3096} INFO - Sync 1 DAGs
[2024-07-04T07:07:25.009+0000] {logging_mixin.py:188} INFO - [2024-07-04T07:07:25.008+0000] {dag.py:3954} INFO - Setting next_dagrun for example_bash_operator to 2024-07-03 00:00:00+00:00, run_after=2024-07-04 00:00:00+00:00
[2024-07-04T07:07:25.017+0000] {processor.py:183} INFO - Processing /home/airflow/.local/lib/python3.12/site-packages/airflow/example_dags/example_bash_operator.py took 0.042 seconds
[2024-07-04T07:10:36.197+0000] {processor.py:161} INFO - Started process (PID=5288) to work on /home/airflow/.local/lib/python3.12/site-packages/airflow/example_dags/example_bash_operator.py
[2024-07-04T07:10:36.197+0000] {processor.py:830} INFO - Processing file /home/airflow/.local/lib/python3.12/site-packages/airflow/example_dags/example_bash_operator.py for tasks to queue
[2024-07-04T07:10:36.198+0000] {logging_mixin.py:188} INFO - [2024-07-04T07:10:36.198+0000] {dagbag.py:545} INFO - Filling up the DagBag from /home/airflow/.local/lib/python3.12/site-packages/airflow/example_dags/example_bash_operator.py
[2024-07-04T07:10:36.202+0000] {processor.py:840} INFO - DAG(s) 'example_bash_operator' retrieved from /home/airflow/.local/lib/python3.12/site-packages/airflow/example_dags/example_bash_operator.py
[2024-07-04T07:10:36.212+0000] {logging_mixin.py:188} INFO - [2024-07-04T07:10:36.212+0000] {dag.py:3096} INFO - Sync 1 DAGs
[2024-07-04T07:10:36.220+0000] {logging_mixin.py:188} INFO - [2024-07-04T07:10:36.220+0000] {dag.py:3954} INFO - Setting next_dagrun for example_bash_operator to 2024-07-03 00:00:00+00:00, run_after=2024-07-04 00:00:00+00:00
[2024-07-04T07:10:36.229+0000] {processor.py:183} INFO - Processing /home/airflow/.local/lib/python3.12/site-packages/airflow/example_dags/example_bash_operator.py took 0.035 seconds
[2024-07-04T07:18:43.055+0000] {processor.py:161} INFO - Started process (PID=5346) to work on /home/airflow/.local/lib/python3.12/site-packages/airflow/example_dags/example_bash_operator.py
[2024-07-04T07:18:43.055+0000] {processor.py:830} INFO - Processing file /home/airflow/.local/lib/python3.12/site-packages/airflow/example_dags/example_bash_operator.py for tasks to queue
[2024-07-04T07:18:43.056+0000] {logging_mixin.py:188} INFO - [2024-07-04T07:18:43.056+0000] {dagbag.py:545} INFO - Filling up the DagBag from /home/airflow/.local/lib/python3.12/site-packages/airflow/example_dags/example_bash_operator.py
[2024-07-04T07:18:43.061+0000] {processor.py:840} INFO - DAG(s) 'example_bash_operator' retrieved from /home/airflow/.local/lib/python3.12/site-packages/airflow/example_dags/example_bash_operator.py
[2024-07-04T07:18:43.071+0000] {logging_mixin.py:188} INFO - [2024-07-04T07:18:43.071+0000] {dag.py:3096} INFO - Sync 1 DAGs
[2024-07-04T07:18:43.079+0000] {logging_mixin.py:188} INFO - [2024-07-04T07:18:43.079+0000] {dag.py:3954} INFO - Setting next_dagrun for example_bash_operator to 2024-07-03 00:00:00+00:00, run_after=2024-07-04 00:00:00+00:00
[2024-07-04T07:18:43.085+0000] {processor.py:183} INFO - Processing /home/airflow/.local/lib/python3.12/site-packages/airflow/example_dags/example_bash_operator.py took 0.033 seconds
[2024-07-04T07:58:28.660+0000] {processor.py:161} INFO - Started process (PID=5404) to work on /home/airflow/.local/lib/python3.12/site-packages/airflow/example_dags/example_bash_operator.py
[2024-07-04T07:58:28.660+0000] {processor.py:830} INFO - Processing file /home/airflow/.local/lib/python3.12/site-packages/airflow/example_dags/example_bash_operator.py for tasks to queue
[2024-07-04T07:58:28.661+0000] {logging_mixin.py:188} INFO - [2024-07-04T07:58:28.661+0000] {dagbag.py:545} INFO - Filling up the DagBag from /home/airflow/.local/lib/python3.12/site-packages/airflow/example_dags/example_bash_operator.py
[2024-07-04T07:58:28.665+0000] {processor.py:840} INFO - DAG(s) 'example_bash_operator' retrieved from /home/airflow/.local/lib/python3.12/site-packages/airflow/example_dags/example_bash_operator.py
[2024-07-04T07:58:28.675+0000] {logging_mixin.py:188} INFO - [2024-07-04T07:58:28.674+0000] {dag.py:3096} INFO - Sync 1 DAGs
[2024-07-04T07:58:28.682+0000] {logging_mixin.py:188} INFO - [2024-07-04T07:58:28.682+0000] {dag.py:3954} INFO - Setting next_dagrun for example_bash_operator to 2024-07-03 00:00:00+00:00, run_after=2024-07-04 00:00:00+00:00
[2024-07-04T07:58:28.688+0000] {processor.py:183} INFO - Processing /home/airflow/.local/lib/python3.12/site-packages/airflow/example_dags/example_bash_operator.py took 0.031 seconds
[2024-07-04T08:28:08.616+0000] {processor.py:161} INFO - Started process (PID=5462) to work on /home/airflow/.local/lib/python3.12/site-packages/airflow/example_dags/example_bash_operator.py
[2024-07-04T08:28:08.617+0000] {processor.py:830} INFO - Processing file /home/airflow/.local/lib/python3.12/site-packages/airflow/example_dags/example_bash_operator.py for tasks to queue
[2024-07-04T08:28:08.618+0000] {logging_mixin.py:188} INFO - [2024-07-04T08:28:08.617+0000] {dagbag.py:545} INFO - Filling up the DagBag from /home/airflow/.local/lib/python3.12/site-packages/airflow/example_dags/example_bash_operator.py
[2024-07-04T08:28:08.623+0000] {processor.py:840} INFO - DAG(s) 'example_bash_operator' retrieved from /home/airflow/.local/lib/python3.12/site-packages/airflow/example_dags/example_bash_operator.py
[2024-07-04T08:28:08.633+0000] {logging_mixin.py:188} INFO - [2024-07-04T08:28:08.633+0000] {dag.py:3096} INFO - Sync 1 DAGs
[2024-07-04T08:28:08.642+0000] {logging_mixin.py:188} INFO - [2024-07-04T08:28:08.642+0000] {dag.py:3954} INFO - Setting next_dagrun for example_bash_operator to 2024-07-03 00:00:00+00:00, run_after=2024-07-04 00:00:00+00:00
[2024-07-04T08:28:08.649+0000] {processor.py:183} INFO - Processing /home/airflow/.local/lib/python3.12/site-packages/airflow/example_dags/example_bash_operator.py took 0.035 seconds
[2024-07-04T09:07:12.733+0000] {processor.py:161} INFO - Started process (PID=5520) to work on /home/airflow/.local/lib/python3.12/site-packages/airflow/example_dags/example_bash_operator.py
[2024-07-04T09:07:12.733+0000] {processor.py:830} INFO - Processing file /home/airflow/.local/lib/python3.12/site-packages/airflow/example_dags/example_bash_operator.py for tasks to queue
[2024-07-04T09:07:12.734+0000] {logging_mixin.py:188} INFO - [2024-07-04T09:07:12.734+0000] {dagbag.py:545} INFO - Filling up the DagBag from /home/airflow/.local/lib/python3.12/site-packages/airflow/example_dags/example_bash_operator.py
[2024-07-04T09:07:12.739+0000] {processor.py:840} INFO - DAG(s) 'example_bash_operator' retrieved from /home/airflow/.local/lib/python3.12/site-packages/airflow/example_dags/example_bash_operator.py
[2024-07-04T09:07:12.748+0000] {logging_mixin.py:188} INFO - [2024-07-04T09:07:12.748+0000] {dag.py:3096} INFO - Sync 1 DAGs
[2024-07-04T09:07:12.755+0000] {logging_mixin.py:188} INFO - [2024-07-04T09:07:12.755+0000] {dag.py:3954} INFO - Setting next_dagrun for example_bash_operator to 2024-07-03 00:00:00+00:00, run_after=2024-07-04 00:00:00+00:00
[2024-07-04T09:07:12.761+0000] {processor.py:183} INFO - Processing /home/airflow/.local/lib/python3.12/site-packages/airflow/example_dags/example_bash_operator.py took 0.030 seconds
[2024-07-04T09:48:37.075+0000] {processor.py:161} INFO - Started process (PID=5577) to work on /home/airflow/.local/lib/python3.12/site-packages/airflow/example_dags/example_bash_operator.py
[2024-07-04T09:48:37.075+0000] {processor.py:830} INFO - Processing file /home/airflow/.local/lib/python3.12/site-packages/airflow/example_dags/example_bash_operator.py for tasks to queue
[2024-07-04T09:48:37.076+0000] {logging_mixin.py:188} INFO - [2024-07-04T09:48:37.076+0000] {dagbag.py:545} INFO - Filling up the DagBag from /home/airflow/.local/lib/python3.12/site-packages/airflow/example_dags/example_bash_operator.py
[2024-07-04T09:48:37.081+0000] {processor.py:840} INFO - DAG(s) 'example_bash_operator' retrieved from /home/airflow/.local/lib/python3.12/site-packages/airflow/example_dags/example_bash_operator.py
[2024-07-04T09:48:37.090+0000] {logging_mixin.py:188} INFO - [2024-07-04T09:48:37.090+0000] {dag.py:3096} INFO - Sync 1 DAGs
[2024-07-04T09:48:37.098+0000] {logging_mixin.py:188} INFO - [2024-07-04T09:48:37.098+0000] {dag.py:3954} INFO - Setting next_dagrun for example_bash_operator to 2024-07-03 00:00:00+00:00, run_after=2024-07-04 00:00:00+00:00
[2024-07-04T09:48:37.104+0000] {processor.py:183} INFO - Processing /home/airflow/.local/lib/python3.12/site-packages/airflow/example_dags/example_bash_operator.py took 0.031 seconds
[2024-07-04T10:29:05.229+0000] {processor.py:161} INFO - Started process (PID=5635) to work on /home/airflow/.local/lib/python3.12/site-packages/airflow/example_dags/example_bash_operator.py
[2024-07-04T10:29:05.229+0000] {processor.py:830} INFO - Processing file /home/airflow/.local/lib/python3.12/site-packages/airflow/example_dags/example_bash_operator.py for tasks to queue
[2024-07-04T10:29:05.230+0000] {logging_mixin.py:188} INFO - [2024-07-04T10:29:05.230+0000] {dagbag.py:545} INFO - Filling up the DagBag from /home/airflow/.local/lib/python3.12/site-packages/airflow/example_dags/example_bash_operator.py
[2024-07-04T10:29:05.235+0000] {processor.py:840} INFO - DAG(s) 'example_bash_operator' retrieved from /home/airflow/.local/lib/python3.12/site-packages/airflow/example_dags/example_bash_operator.py
[2024-07-04T10:29:05.245+0000] {logging_mixin.py:188} INFO - [2024-07-04T10:29:05.245+0000] {dag.py:3096} INFO - Sync 1 DAGs
[2024-07-04T10:29:05.253+0000] {logging_mixin.py:188} INFO - [2024-07-04T10:29:05.253+0000] {dag.py:3954} INFO - Setting next_dagrun for example_bash_operator to 2024-07-03 00:00:00+00:00, run_after=2024-07-04 00:00:00+00:00
[2024-07-04T10:29:05.260+0000] {processor.py:183} INFO - Processing /home/airflow/.local/lib/python3.12/site-packages/airflow/example_dags/example_bash_operator.py took 0.033 seconds
[2024-07-04T11:13:24.435+0000] {processor.py:161} INFO - Started process (PID=5693) to work on /home/airflow/.local/lib/python3.12/site-packages/airflow/example_dags/example_bash_operator.py
[2024-07-04T11:13:24.436+0000] {processor.py:830} INFO - Processing file /home/airflow/.local/lib/python3.12/site-packages/airflow/example_dags/example_bash_operator.py for tasks to queue
[2024-07-04T11:13:24.437+0000] {logging_mixin.py:188} INFO - [2024-07-04T11:13:24.436+0000] {dagbag.py:545} INFO - Filling up the DagBag from /home/airflow/.local/lib/python3.12/site-packages/airflow/example_dags/example_bash_operator.py
[2024-07-04T11:13:24.441+0000] {processor.py:840} INFO - DAG(s) 'example_bash_operator' retrieved from /home/airflow/.local/lib/python3.12/site-packages/airflow/example_dags/example_bash_operator.py
[2024-07-04T11:13:24.452+0000] {logging_mixin.py:188} INFO - [2024-07-04T11:13:24.452+0000] {dag.py:3096} INFO - Sync 1 DAGs
[2024-07-04T11:13:24.460+0000] {logging_mixin.py:188} INFO - [2024-07-04T11:13:24.460+0000] {dag.py:3954} INFO - Setting next_dagrun for example_bash_operator to 2024-07-03 00:00:00+00:00, run_after=2024-07-04 00:00:00+00:00
[2024-07-04T11:13:24.466+0000] {processor.py:183} INFO - Processing /home/airflow/.local/lib/python3.12/site-packages/airflow/example_dags/example_bash_operator.py took 0.033 seconds
[2024-07-04T12:14:26.583+0000] {processor.py:161} INFO - Started process (PID=5751) to work on /home/airflow/.local/lib/python3.12/site-packages/airflow/example_dags/example_bash_operator.py
[2024-07-04T12:14:26.583+0000] {processor.py:830} INFO - Processing file /home/airflow/.local/lib/python3.12/site-packages/airflow/example_dags/example_bash_operator.py for tasks to queue
[2024-07-04T12:14:26.584+0000] {logging_mixin.py:188} INFO - [2024-07-04T12:14:26.584+0000] {dagbag.py:545} INFO - Filling up the DagBag from /home/airflow/.local/lib/python3.12/site-packages/airflow/example_dags/example_bash_operator.py
[2024-07-04T12:14:26.588+0000] {processor.py:840} INFO - DAG(s) 'example_bash_operator' retrieved from /home/airflow/.local/lib/python3.12/site-packages/airflow/example_dags/example_bash_operator.py
[2024-07-04T12:14:26.598+0000] {logging_mixin.py:188} INFO - [2024-07-04T12:14:26.598+0000] {dag.py:3096} INFO - Sync 1 DAGs
[2024-07-04T12:14:26.606+0000] {logging_mixin.py:188} INFO - [2024-07-04T12:14:26.606+0000] {dag.py:3954} INFO - Setting next_dagrun for example_bash_operator to 2024-07-03 00:00:00+00:00, run_after=2024-07-04 00:00:00+00:00
[2024-07-04T12:14:26.613+0000] {processor.py:183} INFO - Processing /home/airflow/.local/lib/python3.12/site-packages/airflow/example_dags/example_bash_operator.py took 0.032 seconds
[2024-07-04T13:00:41.447+0000] {processor.py:161} INFO - Started process (PID=5809) to work on /home/airflow/.local/lib/python3.12/site-packages/airflow/example_dags/example_bash_operator.py
[2024-07-04T13:00:41.447+0000] {processor.py:830} INFO - Processing file /home/airflow/.local/lib/python3.12/site-packages/airflow/example_dags/example_bash_operator.py for tasks to queue
[2024-07-04T13:00:41.448+0000] {logging_mixin.py:188} INFO - [2024-07-04T13:00:41.447+0000] {dagbag.py:545} INFO - Filling up the DagBag from /home/airflow/.local/lib/python3.12/site-packages/airflow/example_dags/example_bash_operator.py
[2024-07-04T13:00:41.452+0000] {processor.py:840} INFO - DAG(s) 'example_bash_operator' retrieved from /home/airflow/.local/lib/python3.12/site-packages/airflow/example_dags/example_bash_operator.py
[2024-07-04T13:00:41.462+0000] {logging_mixin.py:188} INFO - [2024-07-04T13:00:41.462+0000] {dag.py:3096} INFO - Sync 1 DAGs
[2024-07-04T13:00:41.471+0000] {logging_mixin.py:188} INFO - [2024-07-04T13:00:41.470+0000] {dag.py:3954} INFO - Setting next_dagrun for example_bash_operator to 2024-07-03 00:00:00+00:00, run_after=2024-07-04 00:00:00+00:00
[2024-07-04T13:00:41.477+0000] {processor.py:183} INFO - Processing /home/airflow/.local/lib/python3.12/site-packages/airflow/example_dags/example_bash_operator.py took 0.033 seconds
[2024-07-04T13:15:20.853+0000] {processor.py:161} INFO - Started process (PID=5867) to work on /home/airflow/.local/lib/python3.12/site-packages/airflow/example_dags/example_bash_operator.py
[2024-07-04T13:15:20.854+0000] {processor.py:830} INFO - Processing file /home/airflow/.local/lib/python3.12/site-packages/airflow/example_dags/example_bash_operator.py for tasks to queue
[2024-07-04T13:15:20.854+0000] {logging_mixin.py:188} INFO - [2024-07-04T13:15:20.854+0000] {dagbag.py:545} INFO - Filling up the DagBag from /home/airflow/.local/lib/python3.12/site-packages/airflow/example_dags/example_bash_operator.py
[2024-07-04T13:15:20.859+0000] {processor.py:840} INFO - DAG(s) 'example_bash_operator' retrieved from /home/airflow/.local/lib/python3.12/site-packages/airflow/example_dags/example_bash_operator.py
[2024-07-04T13:15:20.869+0000] {logging_mixin.py:188} INFO - [2024-07-04T13:15:20.869+0000] {dag.py:3096} INFO - Sync 1 DAGs
[2024-07-04T13:15:20.878+0000] {logging_mixin.py:188} INFO - [2024-07-04T13:15:20.878+0000] {dag.py:3954} INFO - Setting next_dagrun for example_bash_operator to 2024-07-03 00:00:00+00:00, run_after=2024-07-04 00:00:00+00:00
[2024-07-04T13:15:20.884+0000] {processor.py:183} INFO - Processing /home/airflow/.local/lib/python3.12/site-packages/airflow/example_dags/example_bash_operator.py took 0.033 seconds
[2024-07-04T13:30:26.067+0000] {processor.py:161} INFO - Started process (PID=5925) to work on /home/airflow/.local/lib/python3.12/site-packages/airflow/example_dags/example_bash_operator.py
[2024-07-04T13:30:26.067+0000] {processor.py:830} INFO - Processing file /home/airflow/.local/lib/python3.12/site-packages/airflow/example_dags/example_bash_operator.py for tasks to queue
[2024-07-04T13:30:26.068+0000] {logging_mixin.py:188} INFO - [2024-07-04T13:30:26.068+0000] {dagbag.py:545} INFO - Filling up the DagBag from /home/airflow/.local/lib/python3.12/site-packages/airflow/example_dags/example_bash_operator.py
[2024-07-04T13:30:26.073+0000] {processor.py:840} INFO - DAG(s) 'example_bash_operator' retrieved from /home/airflow/.local/lib/python3.12/site-packages/airflow/example_dags/example_bash_operator.py
[2024-07-04T13:30:26.082+0000] {logging_mixin.py:188} INFO - [2024-07-04T13:30:26.082+0000] {dag.py:3096} INFO - Sync 1 DAGs
[2024-07-04T13:30:26.090+0000] {logging_mixin.py:188} INFO - [2024-07-04T13:30:26.090+0000] {dag.py:3954} INFO - Setting next_dagrun for example_bash_operator to 2024-07-03 00:00:00+00:00, run_after=2024-07-04 00:00:00+00:00
[2024-07-04T13:30:26.097+0000] {processor.py:183} INFO - Processing /home/airflow/.local/lib/python3.12/site-packages/airflow/example_dags/example_bash_operator.py took 0.032 seconds
[2024-07-04T13:50:27.909+0000] {processor.py:161} INFO - Started process (PID=5983) to work on /home/airflow/.local/lib/python3.12/site-packages/airflow/example_dags/example_bash_operator.py
[2024-07-04T13:50:27.909+0000] {processor.py:830} INFO - Processing file /home/airflow/.local/lib/python3.12/site-packages/airflow/example_dags/example_bash_operator.py for tasks to queue
[2024-07-04T13:50:27.910+0000] {logging_mixin.py:188} INFO - [2024-07-04T13:50:27.910+0000] {dagbag.py:545} INFO - Filling up the DagBag from /home/airflow/.local/lib/python3.12/site-packages/airflow/example_dags/example_bash_operator.py
[2024-07-04T13:50:27.914+0000] {processor.py:840} INFO - DAG(s) 'example_bash_operator' retrieved from /home/airflow/.local/lib/python3.12/site-packages/airflow/example_dags/example_bash_operator.py
[2024-07-04T13:50:27.924+0000] {logging_mixin.py:188} INFO - [2024-07-04T13:50:27.924+0000] {dag.py:3096} INFO - Sync 1 DAGs
[2024-07-04T13:50:27.931+0000] {logging_mixin.py:188} INFO - [2024-07-04T13:50:27.931+0000] {dag.py:3954} INFO - Setting next_dagrun for example_bash_operator to 2024-07-03 00:00:00+00:00, run_after=2024-07-04 00:00:00+00:00
[2024-07-04T13:50:27.938+0000] {processor.py:183} INFO - Processing /home/airflow/.local/lib/python3.12/site-packages/airflow/example_dags/example_bash_operator.py took 0.032 seconds
[2024-07-04T14:16:28.350+0000] {processor.py:161} INFO - Started process (PID=6041) to work on /home/airflow/.local/lib/python3.12/site-packages/airflow/example_dags/example_bash_operator.py
[2024-07-04T14:16:28.351+0000] {processor.py:830} INFO - Processing file /home/airflow/.local/lib/python3.12/site-packages/airflow/example_dags/example_bash_operator.py for tasks to queue
[2024-07-04T14:16:28.351+0000] {logging_mixin.py:188} INFO - [2024-07-04T14:16:28.351+0000] {dagbag.py:545} INFO - Filling up the DagBag from /home/airflow/.local/lib/python3.12/site-packages/airflow/example_dags/example_bash_operator.py
[2024-07-04T14:16:28.356+0000] {processor.py:840} INFO - DAG(s) 'example_bash_operator' retrieved from /home/airflow/.local/lib/python3.12/site-packages/airflow/example_dags/example_bash_operator.py
[2024-07-04T14:16:28.365+0000] {logging_mixin.py:188} INFO - [2024-07-04T14:16:28.365+0000] {dag.py:3096} INFO - Sync 1 DAGs
[2024-07-04T14:16:28.372+0000] {logging_mixin.py:188} INFO - [2024-07-04T14:16:28.372+0000] {dag.py:3954} INFO - Setting next_dagrun for example_bash_operator to 2024-07-03 00:00:00+00:00, run_after=2024-07-04 00:00:00+00:00
[2024-07-04T14:16:28.378+0000] {processor.py:183} INFO - Processing /home/airflow/.local/lib/python3.12/site-packages/airflow/example_dags/example_bash_operator.py took 0.030 seconds
[2024-07-04T15:04:49.837+0000] {processor.py:161} INFO - Started process (PID=6099) to work on /home/airflow/.local/lib/python3.12/site-packages/airflow/example_dags/example_bash_operator.py
[2024-07-04T15:04:49.838+0000] {processor.py:830} INFO - Processing file /home/airflow/.local/lib/python3.12/site-packages/airflow/example_dags/example_bash_operator.py for tasks to queue
[2024-07-04T15:04:49.839+0000] {logging_mixin.py:188} INFO - [2024-07-04T15:04:49.838+0000] {dagbag.py:545} INFO - Filling up the DagBag from /home/airflow/.local/lib/python3.12/site-packages/airflow/example_dags/example_bash_operator.py
[2024-07-04T15:04:49.843+0000] {processor.py:840} INFO - DAG(s) 'example_bash_operator' retrieved from /home/airflow/.local/lib/python3.12/site-packages/airflow/example_dags/example_bash_operator.py
[2024-07-04T15:04:49.853+0000] {logging_mixin.py:188} INFO - [2024-07-04T15:04:49.853+0000] {dag.py:3096} INFO - Sync 1 DAGs
[2024-07-04T15:04:49.862+0000] {logging_mixin.py:188} INFO - [2024-07-04T15:04:49.862+0000] {dag.py:3954} INFO - Setting next_dagrun for example_bash_operator to 2024-07-03 00:00:00+00:00, run_after=2024-07-04 00:00:00+00:00
[2024-07-04T15:04:49.869+0000] {processor.py:183} INFO - Processing /home/airflow/.local/lib/python3.12/site-packages/airflow/example_dags/example_bash_operator.py took 0.034 seconds
[2024-07-04T15:43:16.337+0000] {processor.py:161} INFO - Started process (PID=6157) to work on /home/airflow/.local/lib/python3.12/site-packages/airflow/example_dags/example_bash_operator.py
[2024-07-04T15:43:16.338+0000] {processor.py:830} INFO - Processing file /home/airflow/.local/lib/python3.12/site-packages/airflow/example_dags/example_bash_operator.py for tasks to queue
[2024-07-04T15:43:16.339+0000] {logging_mixin.py:188} INFO - [2024-07-04T15:43:16.338+0000] {dagbag.py:545} INFO - Filling up the DagBag from /home/airflow/.local/lib/python3.12/site-packages/airflow/example_dags/example_bash_operator.py
[2024-07-04T15:43:16.343+0000] {processor.py:840} INFO - DAG(s) 'example_bash_operator' retrieved from /home/airflow/.local/lib/python3.12/site-packages/airflow/example_dags/example_bash_operator.py
[2024-07-04T15:43:16.354+0000] {logging_mixin.py:188} INFO - [2024-07-04T15:43:16.353+0000] {dag.py:3096} INFO - Sync 1 DAGs
[2024-07-04T15:43:16.362+0000] {logging_mixin.py:188} INFO - [2024-07-04T15:43:16.361+0000] {dag.py:3954} INFO - Setting next_dagrun for example_bash_operator to 2024-07-03 00:00:00+00:00, run_after=2024-07-04 00:00:00+00:00
[2024-07-04T15:43:16.368+0000] {processor.py:183} INFO - Processing /home/airflow/.local/lib/python3.12/site-packages/airflow/example_dags/example_bash_operator.py took 0.033 seconds
[2024-07-04T16:18:30.801+0000] {processor.py:161} INFO - Started process (PID=6215) to work on /home/airflow/.local/lib/python3.12/site-packages/airflow/example_dags/example_bash_operator.py
[2024-07-04T16:18:30.801+0000] {processor.py:830} INFO - Processing file /home/airflow/.local/lib/python3.12/site-packages/airflow/example_dags/example_bash_operator.py for tasks to queue
[2024-07-04T16:18:30.802+0000] {logging_mixin.py:188} INFO - [2024-07-04T16:18:30.802+0000] {dagbag.py:545} INFO - Filling up the DagBag from /home/airflow/.local/lib/python3.12/site-packages/airflow/example_dags/example_bash_operator.py
[2024-07-04T16:18:30.807+0000] {processor.py:840} INFO - DAG(s) 'example_bash_operator' retrieved from /home/airflow/.local/lib/python3.12/site-packages/airflow/example_dags/example_bash_operator.py
[2024-07-04T16:18:30.817+0000] {logging_mixin.py:188} INFO - [2024-07-04T16:18:30.817+0000] {dag.py:3096} INFO - Sync 1 DAGs
[2024-07-04T16:18:30.825+0000] {logging_mixin.py:188} INFO - [2024-07-04T16:18:30.825+0000] {dag.py:3954} INFO - Setting next_dagrun for example_bash_operator to 2024-07-03 00:00:00+00:00, run_after=2024-07-04 00:00:00+00:00
[2024-07-04T16:18:30.831+0000] {processor.py:183} INFO - Processing /home/airflow/.local/lib/python3.12/site-packages/airflow/example_dags/example_bash_operator.py took 0.032 seconds
[2024-07-04T16:45:12.154+0000] {processor.py:161} INFO - Started process (PID=6273) to work on /home/airflow/.local/lib/python3.12/site-packages/airflow/example_dags/example_bash_operator.py
[2024-07-04T16:45:12.154+0000] {processor.py:830} INFO - Processing file /home/airflow/.local/lib/python3.12/site-packages/airflow/example_dags/example_bash_operator.py for tasks to queue
[2024-07-04T16:45:12.155+0000] {logging_mixin.py:188} INFO - [2024-07-04T16:45:12.155+0000] {dagbag.py:545} INFO - Filling up the DagBag from /home/airflow/.local/lib/python3.12/site-packages/airflow/example_dags/example_bash_operator.py
[2024-07-04T16:45:12.159+0000] {processor.py:840} INFO - DAG(s) 'example_bash_operator' retrieved from /home/airflow/.local/lib/python3.12/site-packages/airflow/example_dags/example_bash_operator.py
[2024-07-04T16:45:12.170+0000] {logging_mixin.py:188} INFO - [2024-07-04T16:45:12.170+0000] {dag.py:3096} INFO - Sync 1 DAGs
[2024-07-04T16:45:12.178+0000] {logging_mixin.py:188} INFO - [2024-07-04T16:45:12.178+0000] {dag.py:3954} INFO - Setting next_dagrun for example_bash_operator to 2024-07-03 00:00:00+00:00, run_after=2024-07-04 00:00:00+00:00
[2024-07-04T16:45:12.184+0000] {processor.py:183} INFO - Processing /home/airflow/.local/lib/python3.12/site-packages/airflow/example_dags/example_bash_operator.py took 0.033 seconds
[2024-07-04T17:39:35.829+0000] {processor.py:161} INFO - Started process (PID=6331) to work on /home/airflow/.local/lib/python3.12/site-packages/airflow/example_dags/example_bash_operator.py
[2024-07-04T17:39:35.830+0000] {processor.py:830} INFO - Processing file /home/airflow/.local/lib/python3.12/site-packages/airflow/example_dags/example_bash_operator.py for tasks to queue
[2024-07-04T17:39:35.830+0000] {logging_mixin.py:188} INFO - [2024-07-04T17:39:35.830+0000] {dagbag.py:545} INFO - Filling up the DagBag from /home/airflow/.local/lib/python3.12/site-packages/airflow/example_dags/example_bash_operator.py
[2024-07-04T17:39:35.835+0000] {processor.py:840} INFO - DAG(s) 'example_bash_operator' retrieved from /home/airflow/.local/lib/python3.12/site-packages/airflow/example_dags/example_bash_operator.py
[2024-07-04T17:39:35.844+0000] {logging_mixin.py:188} INFO - [2024-07-04T17:39:35.844+0000] {dag.py:3096} INFO - Sync 1 DAGs
[2024-07-04T17:39:35.852+0000] {logging_mixin.py:188} INFO - [2024-07-04T17:39:35.852+0000] {dag.py:3954} INFO - Setting next_dagrun for example_bash_operator to 2024-07-03 00:00:00+00:00, run_after=2024-07-04 00:00:00+00:00
[2024-07-04T17:39:35.858+0000] {processor.py:183} INFO - Processing /home/airflow/.local/lib/python3.12/site-packages/airflow/example_dags/example_bash_operator.py took 0.031 seconds
[2024-07-04T18:32:14.892+0000] {processor.py:161} INFO - Started process (PID=6389) to work on /home/airflow/.local/lib/python3.12/site-packages/airflow/example_dags/example_bash_operator.py
[2024-07-04T18:32:14.892+0000] {processor.py:830} INFO - Processing file /home/airflow/.local/lib/python3.12/site-packages/airflow/example_dags/example_bash_operator.py for tasks to queue
[2024-07-04T18:32:14.893+0000] {logging_mixin.py:188} INFO - [2024-07-04T18:32:14.893+0000] {dagbag.py:545} INFO - Filling up the DagBag from /home/airflow/.local/lib/python3.12/site-packages/airflow/example_dags/example_bash_operator.py
[2024-07-04T18:32:14.897+0000] {processor.py:840} INFO - DAG(s) 'example_bash_operator' retrieved from /home/airflow/.local/lib/python3.12/site-packages/airflow/example_dags/example_bash_operator.py
[2024-07-04T18:32:14.907+0000] {logging_mixin.py:188} INFO - [2024-07-04T18:32:14.907+0000] {dag.py:3096} INFO - Sync 1 DAGs
[2024-07-04T18:32:14.914+0000] {logging_mixin.py:188} INFO - [2024-07-04T18:32:14.914+0000] {dag.py:3954} INFO - Setting next_dagrun for example_bash_operator to 2024-07-03 00:00:00+00:00, run_after=2024-07-04 00:00:00+00:00
[2024-07-04T18:32:14.920+0000] {processor.py:183} INFO - Processing /home/airflow/.local/lib/python3.12/site-packages/airflow/example_dags/example_bash_operator.py took 0.030 seconds
[2024-07-04T19:08:33.554+0000] {processor.py:161} INFO - Started process (PID=6446) to work on /home/airflow/.local/lib/python3.12/site-packages/airflow/example_dags/example_bash_operator.py
[2024-07-04T19:08:33.554+0000] {processor.py:830} INFO - Processing file /home/airflow/.local/lib/python3.12/site-packages/airflow/example_dags/example_bash_operator.py for tasks to queue
[2024-07-04T19:08:33.556+0000] {logging_mixin.py:188} INFO - [2024-07-04T19:08:33.555+0000] {dagbag.py:545} INFO - Filling up the DagBag from /home/airflow/.local/lib/python3.12/site-packages/airflow/example_dags/example_bash_operator.py
[2024-07-04T19:08:33.560+0000] {processor.py:840} INFO - DAG(s) 'example_bash_operator' retrieved from /home/airflow/.local/lib/python3.12/site-packages/airflow/example_dags/example_bash_operator.py
[2024-07-04T19:08:33.569+0000] {logging_mixin.py:188} INFO - [2024-07-04T19:08:33.569+0000] {dag.py:3096} INFO - Sync 1 DAGs
[2024-07-04T19:08:33.577+0000] {logging_mixin.py:188} INFO - [2024-07-04T19:08:33.577+0000] {dag.py:3954} INFO - Setting next_dagrun for example_bash_operator to 2024-07-03 00:00:00+00:00, run_after=2024-07-04 00:00:00+00:00
[2024-07-04T19:08:33.582+0000] {processor.py:183} INFO - Processing /home/airflow/.local/lib/python3.12/site-packages/airflow/example_dags/example_bash_operator.py took 0.030 seconds
[2024-07-04T20:48:22.537+0000] {processor.py:161} INFO - Started process (PID=6504) to work on /home/airflow/.local/lib/python3.12/site-packages/airflow/example_dags/example_bash_operator.py
[2024-07-04T20:48:22.537+0000] {processor.py:830} INFO - Processing file /home/airflow/.local/lib/python3.12/site-packages/airflow/example_dags/example_bash_operator.py for tasks to queue
[2024-07-04T20:48:22.538+0000] {logging_mixin.py:188} INFO - [2024-07-04T20:48:22.538+0000] {dagbag.py:545} INFO - Filling up the DagBag from /home/airflow/.local/lib/python3.12/site-packages/airflow/example_dags/example_bash_operator.py
[2024-07-04T20:48:22.542+0000] {processor.py:840} INFO - DAG(s) 'example_bash_operator' retrieved from /home/airflow/.local/lib/python3.12/site-packages/airflow/example_dags/example_bash_operator.py
[2024-07-04T20:48:22.552+0000] {logging_mixin.py:188} INFO - [2024-07-04T20:48:22.552+0000] {dag.py:3096} INFO - Sync 1 DAGs
[2024-07-04T20:48:22.561+0000] {logging_mixin.py:188} INFO - [2024-07-04T20:48:22.561+0000] {dag.py:3954} INFO - Setting next_dagrun for example_bash_operator to 2024-07-03 00:00:00+00:00, run_after=2024-07-04 00:00:00+00:00
[2024-07-04T20:48:22.566+0000] {processor.py:183} INFO - Processing /home/airflow/.local/lib/python3.12/site-packages/airflow/example_dags/example_bash_operator.py took 0.032 seconds
[2024-07-04T21:49:23.497+0000] {processor.py:161} INFO - Started process (PID=6562) to work on /home/airflow/.local/lib/python3.12/site-packages/airflow/example_dags/example_bash_operator.py
[2024-07-04T21:49:23.498+0000] {processor.py:830} INFO - Processing file /home/airflow/.local/lib/python3.12/site-packages/airflow/example_dags/example_bash_operator.py for tasks to queue
[2024-07-04T21:49:23.499+0000] {logging_mixin.py:188} INFO - [2024-07-04T21:49:23.498+0000] {dagbag.py:545} INFO - Filling up the DagBag from /home/airflow/.local/lib/python3.12/site-packages/airflow/example_dags/example_bash_operator.py
[2024-07-04T21:49:23.503+0000] {processor.py:840} INFO - DAG(s) 'example_bash_operator' retrieved from /home/airflow/.local/lib/python3.12/site-packages/airflow/example_dags/example_bash_operator.py
[2024-07-04T21:49:23.513+0000] {logging_mixin.py:188} INFO - [2024-07-04T21:49:23.513+0000] {dag.py:3096} INFO - Sync 1 DAGs
[2024-07-04T21:49:23.523+0000] {logging_mixin.py:188} INFO - [2024-07-04T21:49:23.523+0000] {dag.py:3954} INFO - Setting next_dagrun for example_bash_operator to 2024-07-03 00:00:00+00:00, run_after=2024-07-04 00:00:00+00:00
[2024-07-04T21:49:23.529+0000] {processor.py:183} INFO - Processing /home/airflow/.local/lib/python3.12/site-packages/airflow/example_dags/example_bash_operator.py took 0.034 seconds
[2024-07-04T23:01:34.607+0000] {processor.py:161} INFO - Started process (PID=6620) to work on /home/airflow/.local/lib/python3.12/site-packages/airflow/example_dags/example_bash_operator.py
[2024-07-04T23:01:34.607+0000] {processor.py:830} INFO - Processing file /home/airflow/.local/lib/python3.12/site-packages/airflow/example_dags/example_bash_operator.py for tasks to queue
[2024-07-04T23:01:34.608+0000] {logging_mixin.py:188} INFO - [2024-07-04T23:01:34.608+0000] {dagbag.py:545} INFO - Filling up the DagBag from /home/airflow/.local/lib/python3.12/site-packages/airflow/example_dags/example_bash_operator.py
[2024-07-04T23:01:34.613+0000] {processor.py:840} INFO - DAG(s) 'example_bash_operator' retrieved from /home/airflow/.local/lib/python3.12/site-packages/airflow/example_dags/example_bash_operator.py
[2024-07-04T23:01:34.624+0000] {logging_mixin.py:188} INFO - [2024-07-04T23:01:34.623+0000] {dag.py:3096} INFO - Sync 1 DAGs
[2024-07-04T23:01:34.632+0000] {logging_mixin.py:188} INFO - [2024-07-04T23:01:34.632+0000] {dag.py:3954} INFO - Setting next_dagrun for example_bash_operator to 2024-07-03 00:00:00+00:00, run_after=2024-07-04 00:00:00+00:00
[2024-07-04T23:01:34.639+0000] {processor.py:183} INFO - Processing /home/airflow/.local/lib/python3.12/site-packages/airflow/example_dags/example_bash_operator.py took 0.035 seconds
[2024-07-04T23:16:31.279+0000] {processor.py:161} INFO - Started process (PID=6678) to work on /home/airflow/.local/lib/python3.12/site-packages/airflow/example_dags/example_bash_operator.py
[2024-07-04T23:16:31.279+0000] {processor.py:830} INFO - Processing file /home/airflow/.local/lib/python3.12/site-packages/airflow/example_dags/example_bash_operator.py for tasks to queue
[2024-07-04T23:16:31.280+0000] {logging_mixin.py:188} INFO - [2024-07-04T23:16:31.280+0000] {dagbag.py:545} INFO - Filling up the DagBag from /home/airflow/.local/lib/python3.12/site-packages/airflow/example_dags/example_bash_operator.py
[2024-07-04T23:16:31.285+0000] {processor.py:840} INFO - DAG(s) 'example_bash_operator' retrieved from /home/airflow/.local/lib/python3.12/site-packages/airflow/example_dags/example_bash_operator.py
[2024-07-04T23:16:31.295+0000] {logging_mixin.py:188} INFO - [2024-07-04T23:16:31.295+0000] {dag.py:3096} INFO - Sync 1 DAGs
[2024-07-04T23:16:31.303+0000] {logging_mixin.py:188} INFO - [2024-07-04T23:16:31.303+0000] {dag.py:3954} INFO - Setting next_dagrun for example_bash_operator to 2024-07-03 00:00:00+00:00, run_after=2024-07-04 00:00:00+00:00
[2024-07-04T23:16:31.310+0000] {processor.py:183} INFO - Processing /home/airflow/.local/lib/python3.12/site-packages/airflow/example_dags/example_bash_operator.py took 0.034 seconds
