[2024-07-04T00:20:53.697+0000] {processor.py:161} INFO - Started process (PID=4451) to work on /home/airflow/.local/lib/python3.12/site-packages/airflow/example_dags/tutorial_objectstorage.py
[2024-07-04T00:20:53.697+0000] {processor.py:830} INFO - Processing file /home/airflow/.local/lib/python3.12/site-packages/airflow/example_dags/tutorial_objectstorage.py for tasks to queue
[2024-07-04T00:20:53.698+0000] {logging_mixin.py:188} INFO - [2024-07-04T00:20:53.698+0000] {dagbag.py:545} INFO - Filling up the DagBag from /home/airflow/.local/lib/python3.12/site-packages/airflow/example_dags/tutorial_objectstorage.py
[2024-07-04T00:20:53.701+0000] {processor.py:840} INFO - DAG(s) 'tutorial_objectstorage' retrieved from /home/airflow/.local/lib/python3.12/site-packages/airflow/example_dags/tutorial_objectstorage.py
[2024-07-04T00:20:53.709+0000] {logging_mixin.py:188} INFO - [2024-07-04T00:20:53.709+0000] {dag.py:3096} INFO - Sync 1 DAGs
[2024-07-04T00:20:53.713+0000] {logging_mixin.py:188} INFO - [2024-07-04T00:20:53.713+0000] {dag.py:3954} INFO - Setting next_dagrun for tutorial_objectstorage to None, run_after=None
[2024-07-04T00:20:53.720+0000] {processor.py:183} INFO - Processing /home/airflow/.local/lib/python3.12/site-packages/airflow/example_dags/tutorial_objectstorage.py took 0.025 seconds
[2024-07-04T00:32:44.221+0000] {processor.py:161} INFO - Started process (PID=4509) to work on /home/airflow/.local/lib/python3.12/site-packages/airflow/example_dags/tutorial_objectstorage.py
[2024-07-04T00:32:44.221+0000] {processor.py:830} INFO - Processing file /home/airflow/.local/lib/python3.12/site-packages/airflow/example_dags/tutorial_objectstorage.py for tasks to queue
[2024-07-04T00:32:44.222+0000] {logging_mixin.py:188} INFO - [2024-07-04T00:32:44.222+0000] {dagbag.py:545} INFO - Filling up the DagBag from /home/airflow/.local/lib/python3.12/site-packages/airflow/example_dags/tutorial_objectstorage.py
[2024-07-04T00:32:44.225+0000] {processor.py:840} INFO - DAG(s) 'tutorial_objectstorage' retrieved from /home/airflow/.local/lib/python3.12/site-packages/airflow/example_dags/tutorial_objectstorage.py
[2024-07-04T00:32:44.232+0000] {logging_mixin.py:188} INFO - [2024-07-04T00:32:44.232+0000] {dag.py:3096} INFO - Sync 1 DAGs
[2024-07-04T00:32:44.236+0000] {logging_mixin.py:188} INFO - [2024-07-04T00:32:44.236+0000] {dag.py:3954} INFO - Setting next_dagrun for tutorial_objectstorage to None, run_after=None
[2024-07-04T00:32:44.243+0000] {processor.py:183} INFO - Processing /home/airflow/.local/lib/python3.12/site-packages/airflow/example_dags/tutorial_objectstorage.py took 0.024 seconds
[2024-07-04T01:04:10.109+0000] {processor.py:161} INFO - Started process (PID=4567) to work on /home/airflow/.local/lib/python3.12/site-packages/airflow/example_dags/tutorial_objectstorage.py
[2024-07-04T01:04:10.109+0000] {processor.py:830} INFO - Processing file /home/airflow/.local/lib/python3.12/site-packages/airflow/example_dags/tutorial_objectstorage.py for tasks to queue
[2024-07-04T01:04:10.110+0000] {logging_mixin.py:188} INFO - [2024-07-04T01:04:10.110+0000] {dagbag.py:545} INFO - Filling up the DagBag from /home/airflow/.local/lib/python3.12/site-packages/airflow/example_dags/tutorial_objectstorage.py
[2024-07-04T01:04:10.113+0000] {processor.py:840} INFO - DAG(s) 'tutorial_objectstorage' retrieved from /home/airflow/.local/lib/python3.12/site-packages/airflow/example_dags/tutorial_objectstorage.py
[2024-07-04T01:04:10.120+0000] {logging_mixin.py:188} INFO - [2024-07-04T01:04:10.120+0000] {dag.py:3096} INFO - Sync 1 DAGs
[2024-07-04T01:04:10.124+0000] {logging_mixin.py:188} INFO - [2024-07-04T01:04:10.124+0000] {dag.py:3954} INFO - Setting next_dagrun for tutorial_objectstorage to None, run_after=None
[2024-07-04T01:04:10.130+0000] {processor.py:183} INFO - Processing /home/airflow/.local/lib/python3.12/site-packages/airflow/example_dags/tutorial_objectstorage.py took 0.024 seconds
[2024-07-04T01:43:14.153+0000] {processor.py:161} INFO - Started process (PID=4625) to work on /home/airflow/.local/lib/python3.12/site-packages/airflow/example_dags/tutorial_objectstorage.py
[2024-07-04T01:43:14.153+0000] {processor.py:830} INFO - Processing file /home/airflow/.local/lib/python3.12/site-packages/airflow/example_dags/tutorial_objectstorage.py for tasks to queue
[2024-07-04T01:43:14.154+0000] {logging_mixin.py:188} INFO - [2024-07-04T01:43:14.154+0000] {dagbag.py:545} INFO - Filling up the DagBag from /home/airflow/.local/lib/python3.12/site-packages/airflow/example_dags/tutorial_objectstorage.py
[2024-07-04T01:43:14.157+0000] {processor.py:840} INFO - DAG(s) 'tutorial_objectstorage' retrieved from /home/airflow/.local/lib/python3.12/site-packages/airflow/example_dags/tutorial_objectstorage.py
[2024-07-04T01:43:14.165+0000] {logging_mixin.py:188} INFO - [2024-07-04T01:43:14.164+0000] {dag.py:3096} INFO - Sync 1 DAGs
[2024-07-04T01:43:14.169+0000] {logging_mixin.py:188} INFO - [2024-07-04T01:43:14.169+0000] {dag.py:3954} INFO - Setting next_dagrun for tutorial_objectstorage to None, run_after=None
[2024-07-04T01:43:14.175+0000] {processor.py:183} INFO - Processing /home/airflow/.local/lib/python3.12/site-packages/airflow/example_dags/tutorial_objectstorage.py took 0.024 seconds
[2024-07-04T02:07:15.368+0000] {processor.py:161} INFO - Started process (PID=4683) to work on /home/airflow/.local/lib/python3.12/site-packages/airflow/example_dags/tutorial_objectstorage.py
[2024-07-04T02:07:15.369+0000] {processor.py:830} INFO - Processing file /home/airflow/.local/lib/python3.12/site-packages/airflow/example_dags/tutorial_objectstorage.py for tasks to queue
[2024-07-04T02:07:15.369+0000] {logging_mixin.py:188} INFO - [2024-07-04T02:07:15.369+0000] {dagbag.py:545} INFO - Filling up the DagBag from /home/airflow/.local/lib/python3.12/site-packages/airflow/example_dags/tutorial_objectstorage.py
[2024-07-04T02:07:15.372+0000] {processor.py:840} INFO - DAG(s) 'tutorial_objectstorage' retrieved from /home/airflow/.local/lib/python3.12/site-packages/airflow/example_dags/tutorial_objectstorage.py
[2024-07-04T02:07:15.380+0000] {logging_mixin.py:188} INFO - [2024-07-04T02:07:15.380+0000] {dag.py:3096} INFO - Sync 1 DAGs
[2024-07-04T02:07:15.385+0000] {logging_mixin.py:188} INFO - [2024-07-04T02:07:15.384+0000] {dag.py:3954} INFO - Setting next_dagrun for tutorial_objectstorage to None, run_after=None
[2024-07-04T02:07:15.391+0000] {processor.py:183} INFO - Processing /home/airflow/.local/lib/python3.12/site-packages/airflow/example_dags/tutorial_objectstorage.py took 0.024 seconds
[2024-07-04T02:42:01.550+0000] {processor.py:161} INFO - Started process (PID=4741) to work on /home/airflow/.local/lib/python3.12/site-packages/airflow/example_dags/tutorial_objectstorage.py
[2024-07-04T02:42:01.551+0000] {processor.py:830} INFO - Processing file /home/airflow/.local/lib/python3.12/site-packages/airflow/example_dags/tutorial_objectstorage.py for tasks to queue
[2024-07-04T02:42:01.551+0000] {logging_mixin.py:188} INFO - [2024-07-04T02:42:01.551+0000] {dagbag.py:545} INFO - Filling up the DagBag from /home/airflow/.local/lib/python3.12/site-packages/airflow/example_dags/tutorial_objectstorage.py
[2024-07-04T02:42:01.555+0000] {processor.py:840} INFO - DAG(s) 'tutorial_objectstorage' retrieved from /home/airflow/.local/lib/python3.12/site-packages/airflow/example_dags/tutorial_objectstorage.py
[2024-07-04T02:42:01.562+0000] {logging_mixin.py:188} INFO - [2024-07-04T02:42:01.562+0000] {dag.py:3096} INFO - Sync 1 DAGs
[2024-07-04T02:42:01.567+0000] {logging_mixin.py:188} INFO - [2024-07-04T02:42:01.567+0000] {dag.py:3954} INFO - Setting next_dagrun for tutorial_objectstorage to None, run_after=None
[2024-07-04T02:42:01.573+0000] {processor.py:183} INFO - Processing /home/airflow/.local/lib/python3.12/site-packages/airflow/example_dags/tutorial_objectstorage.py took 0.025 seconds
[2024-07-04T02:44:45.345+0000] {processor.py:161} INFO - Started process (PID=4799) to work on /home/airflow/.local/lib/python3.12/site-packages/airflow/example_dags/tutorial_objectstorage.py
[2024-07-04T02:44:45.345+0000] {processor.py:830} INFO - Processing file /home/airflow/.local/lib/python3.12/site-packages/airflow/example_dags/tutorial_objectstorage.py for tasks to queue
[2024-07-04T02:44:45.346+0000] {logging_mixin.py:188} INFO - [2024-07-04T02:44:45.346+0000] {dagbag.py:545} INFO - Filling up the DagBag from /home/airflow/.local/lib/python3.12/site-packages/airflow/example_dags/tutorial_objectstorage.py
[2024-07-04T02:44:45.349+0000] {processor.py:840} INFO - DAG(s) 'tutorial_objectstorage' retrieved from /home/airflow/.local/lib/python3.12/site-packages/airflow/example_dags/tutorial_objectstorage.py
[2024-07-04T02:44:45.356+0000] {logging_mixin.py:188} INFO - [2024-07-04T02:44:45.356+0000] {dag.py:3096} INFO - Sync 1 DAGs
[2024-07-04T02:44:45.361+0000] {logging_mixin.py:188} INFO - [2024-07-04T02:44:45.361+0000] {dag.py:3954} INFO - Setting next_dagrun for tutorial_objectstorage to None, run_after=None
[2024-07-04T02:44:45.366+0000] {processor.py:183} INFO - Processing /home/airflow/.local/lib/python3.12/site-packages/airflow/example_dags/tutorial_objectstorage.py took 0.023 seconds
[2024-07-04T03:05:27.033+0000] {processor.py:161} INFO - Started process (PID=4857) to work on /home/airflow/.local/lib/python3.12/site-packages/airflow/example_dags/tutorial_objectstorage.py
[2024-07-04T03:05:27.033+0000] {processor.py:830} INFO - Processing file /home/airflow/.local/lib/python3.12/site-packages/airflow/example_dags/tutorial_objectstorage.py for tasks to queue
[2024-07-04T03:05:27.034+0000] {logging_mixin.py:188} INFO - [2024-07-04T03:05:27.034+0000] {dagbag.py:545} INFO - Filling up the DagBag from /home/airflow/.local/lib/python3.12/site-packages/airflow/example_dags/tutorial_objectstorage.py
[2024-07-04T03:05:27.037+0000] {processor.py:840} INFO - DAG(s) 'tutorial_objectstorage' retrieved from /home/airflow/.local/lib/python3.12/site-packages/airflow/example_dags/tutorial_objectstorage.py
[2024-07-04T03:05:27.046+0000] {logging_mixin.py:188} INFO - [2024-07-04T03:05:27.046+0000] {dag.py:3096} INFO - Sync 1 DAGs
[2024-07-04T03:05:27.050+0000] {logging_mixin.py:188} INFO - [2024-07-04T03:05:27.050+0000] {dag.py:3954} INFO - Setting next_dagrun for tutorial_objectstorage to None, run_after=None
[2024-07-04T03:05:27.057+0000] {processor.py:183} INFO - Processing /home/airflow/.local/lib/python3.12/site-packages/airflow/example_dags/tutorial_objectstorage.py took 0.026 seconds
[2024-07-04T04:00:03.001+0000] {processor.py:161} INFO - Started process (PID=4915) to work on /home/airflow/.local/lib/python3.12/site-packages/airflow/example_dags/tutorial_objectstorage.py
[2024-07-04T04:00:03.001+0000] {processor.py:830} INFO - Processing file /home/airflow/.local/lib/python3.12/site-packages/airflow/example_dags/tutorial_objectstorage.py for tasks to queue
[2024-07-04T04:00:03.002+0000] {logging_mixin.py:188} INFO - [2024-07-04T04:00:03.002+0000] {dagbag.py:545} INFO - Filling up the DagBag from /home/airflow/.local/lib/python3.12/site-packages/airflow/example_dags/tutorial_objectstorage.py
[2024-07-04T04:00:03.005+0000] {processor.py:840} INFO - DAG(s) 'tutorial_objectstorage' retrieved from /home/airflow/.local/lib/python3.12/site-packages/airflow/example_dags/tutorial_objectstorage.py
[2024-07-04T04:00:03.012+0000] {logging_mixin.py:188} INFO - [2024-07-04T04:00:03.012+0000] {dag.py:3096} INFO - Sync 1 DAGs
[2024-07-04T04:00:03.017+0000] {logging_mixin.py:188} INFO - [2024-07-04T04:00:03.017+0000] {dag.py:3954} INFO - Setting next_dagrun for tutorial_objectstorage to None, run_after=None
[2024-07-04T04:00:03.023+0000] {processor.py:183} INFO - Processing /home/airflow/.local/lib/python3.12/site-packages/airflow/example_dags/tutorial_objectstorage.py took 0.025 seconds
[2024-07-04T04:31:25.858+0000] {processor.py:161} INFO - Started process (PID=4973) to work on /home/airflow/.local/lib/python3.12/site-packages/airflow/example_dags/tutorial_objectstorage.py
[2024-07-04T04:31:25.859+0000] {processor.py:830} INFO - Processing file /home/airflow/.local/lib/python3.12/site-packages/airflow/example_dags/tutorial_objectstorage.py for tasks to queue
[2024-07-04T04:31:25.860+0000] {logging_mixin.py:188} INFO - [2024-07-04T04:31:25.859+0000] {dagbag.py:545} INFO - Filling up the DagBag from /home/airflow/.local/lib/python3.12/site-packages/airflow/example_dags/tutorial_objectstorage.py
[2024-07-04T04:31:25.863+0000] {processor.py:840} INFO - DAG(s) 'tutorial_objectstorage' retrieved from /home/airflow/.local/lib/python3.12/site-packages/airflow/example_dags/tutorial_objectstorage.py
[2024-07-04T04:31:25.871+0000] {logging_mixin.py:188} INFO - [2024-07-04T04:31:25.871+0000] {dag.py:3096} INFO - Sync 1 DAGs
[2024-07-04T04:31:25.876+0000] {logging_mixin.py:188} INFO - [2024-07-04T04:31:25.875+0000] {dag.py:3954} INFO - Setting next_dagrun for tutorial_objectstorage to None, run_after=None
[2024-07-04T04:31:25.882+0000] {processor.py:183} INFO - Processing /home/airflow/.local/lib/python3.12/site-packages/airflow/example_dags/tutorial_objectstorage.py took 0.026 seconds
[2024-07-04T05:07:27.356+0000] {processor.py:161} INFO - Started process (PID=5031) to work on /home/airflow/.local/lib/python3.12/site-packages/airflow/example_dags/tutorial_objectstorage.py
[2024-07-04T05:07:27.356+0000] {processor.py:830} INFO - Processing file /home/airflow/.local/lib/python3.12/site-packages/airflow/example_dags/tutorial_objectstorage.py for tasks to queue
[2024-07-04T05:07:27.357+0000] {logging_mixin.py:188} INFO - [2024-07-04T05:07:27.357+0000] {dagbag.py:545} INFO - Filling up the DagBag from /home/airflow/.local/lib/python3.12/site-packages/airflow/example_dags/tutorial_objectstorage.py
[2024-07-04T05:07:27.360+0000] {processor.py:840} INFO - DAG(s) 'tutorial_objectstorage' retrieved from /home/airflow/.local/lib/python3.12/site-packages/airflow/example_dags/tutorial_objectstorage.py
[2024-07-04T05:07:27.366+0000] {logging_mixin.py:188} INFO - [2024-07-04T05:07:27.366+0000] {dag.py:3096} INFO - Sync 1 DAGs
[2024-07-04T05:07:27.371+0000] {logging_mixin.py:188} INFO - [2024-07-04T05:07:27.371+0000] {dag.py:3954} INFO - Setting next_dagrun for tutorial_objectstorage to None, run_after=None
[2024-07-04T05:07:27.378+0000] {processor.py:183} INFO - Processing /home/airflow/.local/lib/python3.12/site-packages/airflow/example_dags/tutorial_objectstorage.py took 0.024 seconds
[2024-07-04T06:06:28.805+0000] {processor.py:161} INFO - Started process (PID=5089) to work on /home/airflow/.local/lib/python3.12/site-packages/airflow/example_dags/tutorial_objectstorage.py
[2024-07-04T06:06:28.805+0000] {processor.py:830} INFO - Processing file /home/airflow/.local/lib/python3.12/site-packages/airflow/example_dags/tutorial_objectstorage.py for tasks to queue
[2024-07-04T06:06:28.806+0000] {logging_mixin.py:188} INFO - [2024-07-04T06:06:28.806+0000] {dagbag.py:545} INFO - Filling up the DagBag from /home/airflow/.local/lib/python3.12/site-packages/airflow/example_dags/tutorial_objectstorage.py
[2024-07-04T06:06:28.809+0000] {processor.py:840} INFO - DAG(s) 'tutorial_objectstorage' retrieved from /home/airflow/.local/lib/python3.12/site-packages/airflow/example_dags/tutorial_objectstorage.py
[2024-07-04T06:06:28.816+0000] {logging_mixin.py:188} INFO - [2024-07-04T06:06:28.816+0000] {dag.py:3096} INFO - Sync 1 DAGs
[2024-07-04T06:06:28.821+0000] {logging_mixin.py:188} INFO - [2024-07-04T06:06:28.821+0000] {dag.py:3954} INFO - Setting next_dagrun for tutorial_objectstorage to None, run_after=None
[2024-07-04T06:06:28.828+0000] {processor.py:183} INFO - Processing /home/airflow/.local/lib/python3.12/site-packages/airflow/example_dags/tutorial_objectstorage.py took 0.025 seconds
[2024-07-04T06:24:41.873+0000] {processor.py:161} INFO - Started process (PID=5147) to work on /home/airflow/.local/lib/python3.12/site-packages/airflow/example_dags/tutorial_objectstorage.py
[2024-07-04T06:24:41.873+0000] {processor.py:830} INFO - Processing file /home/airflow/.local/lib/python3.12/site-packages/airflow/example_dags/tutorial_objectstorage.py for tasks to queue
[2024-07-04T06:24:41.874+0000] {logging_mixin.py:188} INFO - [2024-07-04T06:24:41.874+0000] {dagbag.py:545} INFO - Filling up the DagBag from /home/airflow/.local/lib/python3.12/site-packages/airflow/example_dags/tutorial_objectstorage.py
[2024-07-04T06:24:41.877+0000] {processor.py:840} INFO - DAG(s) 'tutorial_objectstorage' retrieved from /home/airflow/.local/lib/python3.12/site-packages/airflow/example_dags/tutorial_objectstorage.py
[2024-07-04T06:24:41.888+0000] {logging_mixin.py:188} INFO - [2024-07-04T06:24:41.888+0000] {dag.py:3096} INFO - Sync 1 DAGs
[2024-07-04T06:24:41.893+0000] {logging_mixin.py:188} INFO - [2024-07-04T06:24:41.893+0000] {dag.py:3954} INFO - Setting next_dagrun for tutorial_objectstorage to None, run_after=None
[2024-07-04T06:24:41.902+0000] {processor.py:183} INFO - Processing /home/airflow/.local/lib/python3.12/site-packages/airflow/example_dags/tutorial_objectstorage.py took 0.032 seconds
[2024-07-04T07:07:24.440+0000] {processor.py:161} INFO - Started process (PID=5205) to work on /home/airflow/.local/lib/python3.12/site-packages/airflow/example_dags/tutorial_objectstorage.py
[2024-07-04T07:07:24.441+0000] {processor.py:830} INFO - Processing file /home/airflow/.local/lib/python3.12/site-packages/airflow/example_dags/tutorial_objectstorage.py for tasks to queue
[2024-07-04T07:07:24.442+0000] {logging_mixin.py:188} INFO - [2024-07-04T07:07:24.442+0000] {dagbag.py:545} INFO - Filling up the DagBag from /home/airflow/.local/lib/python3.12/site-packages/airflow/example_dags/tutorial_objectstorage.py
[2024-07-04T07:07:24.446+0000] {processor.py:840} INFO - DAG(s) 'tutorial_objectstorage' retrieved from /home/airflow/.local/lib/python3.12/site-packages/airflow/example_dags/tutorial_objectstorage.py
[2024-07-04T07:07:24.454+0000] {logging_mixin.py:188} INFO - [2024-07-04T07:07:24.454+0000] {dag.py:3096} INFO - Sync 1 DAGs
[2024-07-04T07:07:24.459+0000] {logging_mixin.py:188} INFO - [2024-07-04T07:07:24.459+0000] {dag.py:3954} INFO - Setting next_dagrun for tutorial_objectstorage to None, run_after=None
[2024-07-04T07:07:24.468+0000] {processor.py:183} INFO - Processing /home/airflow/.local/lib/python3.12/site-packages/airflow/example_dags/tutorial_objectstorage.py took 0.030 seconds
[2024-07-04T07:10:35.633+0000] {processor.py:161} INFO - Started process (PID=5263) to work on /home/airflow/.local/lib/python3.12/site-packages/airflow/example_dags/tutorial_objectstorage.py
[2024-07-04T07:10:35.633+0000] {processor.py:830} INFO - Processing file /home/airflow/.local/lib/python3.12/site-packages/airflow/example_dags/tutorial_objectstorage.py for tasks to queue
[2024-07-04T07:10:35.634+0000] {logging_mixin.py:188} INFO - [2024-07-04T07:10:35.634+0000] {dagbag.py:545} INFO - Filling up the DagBag from /home/airflow/.local/lib/python3.12/site-packages/airflow/example_dags/tutorial_objectstorage.py
[2024-07-04T07:10:35.637+0000] {processor.py:840} INFO - DAG(s) 'tutorial_objectstorage' retrieved from /home/airflow/.local/lib/python3.12/site-packages/airflow/example_dags/tutorial_objectstorage.py
[2024-07-04T07:10:35.644+0000] {logging_mixin.py:188} INFO - [2024-07-04T07:10:35.644+0000] {dag.py:3096} INFO - Sync 1 DAGs
[2024-07-04T07:10:35.648+0000] {logging_mixin.py:188} INFO - [2024-07-04T07:10:35.648+0000] {dag.py:3954} INFO - Setting next_dagrun for tutorial_objectstorage to None, run_after=None
[2024-07-04T07:10:35.655+0000] {processor.py:183} INFO - Processing /home/airflow/.local/lib/python3.12/site-packages/airflow/example_dags/tutorial_objectstorage.py took 0.024 seconds
[2024-07-04T07:18:42.538+0000] {processor.py:161} INFO - Started process (PID=5321) to work on /home/airflow/.local/lib/python3.12/site-packages/airflow/example_dags/tutorial_objectstorage.py
[2024-07-04T07:18:42.538+0000] {processor.py:830} INFO - Processing file /home/airflow/.local/lib/python3.12/site-packages/airflow/example_dags/tutorial_objectstorage.py for tasks to queue
[2024-07-04T07:18:42.539+0000] {logging_mixin.py:188} INFO - [2024-07-04T07:18:42.539+0000] {dagbag.py:545} INFO - Filling up the DagBag from /home/airflow/.local/lib/python3.12/site-packages/airflow/example_dags/tutorial_objectstorage.py
[2024-07-04T07:18:42.542+0000] {processor.py:840} INFO - DAG(s) 'tutorial_objectstorage' retrieved from /home/airflow/.local/lib/python3.12/site-packages/airflow/example_dags/tutorial_objectstorage.py
[2024-07-04T07:18:42.549+0000] {logging_mixin.py:188} INFO - [2024-07-04T07:18:42.549+0000] {dag.py:3096} INFO - Sync 1 DAGs
[2024-07-04T07:18:42.553+0000] {logging_mixin.py:188} INFO - [2024-07-04T07:18:42.553+0000] {dag.py:3954} INFO - Setting next_dagrun for tutorial_objectstorage to None, run_after=None
[2024-07-04T07:18:42.559+0000] {processor.py:183} INFO - Processing /home/airflow/.local/lib/python3.12/site-packages/airflow/example_dags/tutorial_objectstorage.py took 0.024 seconds
[2024-07-04T07:58:28.168+0000] {processor.py:161} INFO - Started process (PID=5379) to work on /home/airflow/.local/lib/python3.12/site-packages/airflow/example_dags/tutorial_objectstorage.py
[2024-07-04T07:58:28.169+0000] {processor.py:830} INFO - Processing file /home/airflow/.local/lib/python3.12/site-packages/airflow/example_dags/tutorial_objectstorage.py for tasks to queue
[2024-07-04T07:58:28.169+0000] {logging_mixin.py:188} INFO - [2024-07-04T07:58:28.169+0000] {dagbag.py:545} INFO - Filling up the DagBag from /home/airflow/.local/lib/python3.12/site-packages/airflow/example_dags/tutorial_objectstorage.py
[2024-07-04T07:58:28.173+0000] {processor.py:840} INFO - DAG(s) 'tutorial_objectstorage' retrieved from /home/airflow/.local/lib/python3.12/site-packages/airflow/example_dags/tutorial_objectstorage.py
[2024-07-04T07:58:28.179+0000] {logging_mixin.py:188} INFO - [2024-07-04T07:58:28.179+0000] {dag.py:3096} INFO - Sync 1 DAGs
[2024-07-04T07:58:28.184+0000] {logging_mixin.py:188} INFO - [2024-07-04T07:58:28.183+0000] {dag.py:3954} INFO - Setting next_dagrun for tutorial_objectstorage to None, run_after=None
[2024-07-04T07:58:28.190+0000] {processor.py:183} INFO - Processing /home/airflow/.local/lib/python3.12/site-packages/airflow/example_dags/tutorial_objectstorage.py took 0.024 seconds
[2024-07-04T08:28:08.109+0000] {processor.py:161} INFO - Started process (PID=5437) to work on /home/airflow/.local/lib/python3.12/site-packages/airflow/example_dags/tutorial_objectstorage.py
[2024-07-04T08:28:08.109+0000] {processor.py:830} INFO - Processing file /home/airflow/.local/lib/python3.12/site-packages/airflow/example_dags/tutorial_objectstorage.py for tasks to queue
[2024-07-04T08:28:08.110+0000] {logging_mixin.py:188} INFO - [2024-07-04T08:28:08.110+0000] {dagbag.py:545} INFO - Filling up the DagBag from /home/airflow/.local/lib/python3.12/site-packages/airflow/example_dags/tutorial_objectstorage.py
[2024-07-04T08:28:08.113+0000] {processor.py:840} INFO - DAG(s) 'tutorial_objectstorage' retrieved from /home/airflow/.local/lib/python3.12/site-packages/airflow/example_dags/tutorial_objectstorage.py
[2024-07-04T08:28:08.120+0000] {logging_mixin.py:188} INFO - [2024-07-04T08:28:08.120+0000] {dag.py:3096} INFO - Sync 1 DAGs
[2024-07-04T08:28:08.124+0000] {logging_mixin.py:188} INFO - [2024-07-04T08:28:08.124+0000] {dag.py:3954} INFO - Setting next_dagrun for tutorial_objectstorage to None, run_after=None
[2024-07-04T08:28:08.130+0000] {processor.py:183} INFO - Processing /home/airflow/.local/lib/python3.12/site-packages/airflow/example_dags/tutorial_objectstorage.py took 0.023 seconds
[2024-07-04T09:07:12.203+0000] {processor.py:161} INFO - Started process (PID=5495) to work on /home/airflow/.local/lib/python3.12/site-packages/airflow/example_dags/tutorial_objectstorage.py
[2024-07-04T09:07:12.204+0000] {processor.py:830} INFO - Processing file /home/airflow/.local/lib/python3.12/site-packages/airflow/example_dags/tutorial_objectstorage.py for tasks to queue
[2024-07-04T09:07:12.205+0000] {logging_mixin.py:188} INFO - [2024-07-04T09:07:12.205+0000] {dagbag.py:545} INFO - Filling up the DagBag from /home/airflow/.local/lib/python3.12/site-packages/airflow/example_dags/tutorial_objectstorage.py
[2024-07-04T09:07:12.208+0000] {processor.py:840} INFO - DAG(s) 'tutorial_objectstorage' retrieved from /home/airflow/.local/lib/python3.12/site-packages/airflow/example_dags/tutorial_objectstorage.py
[2024-07-04T09:07:12.214+0000] {logging_mixin.py:188} INFO - [2024-07-04T09:07:12.214+0000] {dag.py:3096} INFO - Sync 1 DAGs
[2024-07-04T09:07:12.219+0000] {logging_mixin.py:188} INFO - [2024-07-04T09:07:12.219+0000] {dag.py:3954} INFO - Setting next_dagrun for tutorial_objectstorage to None, run_after=None
[2024-07-04T09:07:12.225+0000] {processor.py:183} INFO - Processing /home/airflow/.local/lib/python3.12/site-packages/airflow/example_dags/tutorial_objectstorage.py took 0.024 seconds
[2024-07-04T09:48:36.529+0000] {processor.py:161} INFO - Started process (PID=5552) to work on /home/airflow/.local/lib/python3.12/site-packages/airflow/example_dags/tutorial_objectstorage.py
[2024-07-04T09:48:36.530+0000] {processor.py:830} INFO - Processing file /home/airflow/.local/lib/python3.12/site-packages/airflow/example_dags/tutorial_objectstorage.py for tasks to queue
[2024-07-04T09:48:36.531+0000] {logging_mixin.py:188} INFO - [2024-07-04T09:48:36.530+0000] {dagbag.py:545} INFO - Filling up the DagBag from /home/airflow/.local/lib/python3.12/site-packages/airflow/example_dags/tutorial_objectstorage.py
[2024-07-04T09:48:36.534+0000] {processor.py:840} INFO - DAG(s) 'tutorial_objectstorage' retrieved from /home/airflow/.local/lib/python3.12/site-packages/airflow/example_dags/tutorial_objectstorage.py
[2024-07-04T09:48:36.542+0000] {logging_mixin.py:188} INFO - [2024-07-04T09:48:36.542+0000] {dag.py:3096} INFO - Sync 1 DAGs
[2024-07-04T09:48:36.547+0000] {logging_mixin.py:188} INFO - [2024-07-04T09:48:36.547+0000] {dag.py:3954} INFO - Setting next_dagrun for tutorial_objectstorage to None, run_after=None
[2024-07-04T09:48:36.553+0000] {processor.py:183} INFO - Processing /home/airflow/.local/lib/python3.12/site-packages/airflow/example_dags/tutorial_objectstorage.py took 0.026 seconds
[2024-07-04T10:29:04.723+0000] {processor.py:161} INFO - Started process (PID=5610) to work on /home/airflow/.local/lib/python3.12/site-packages/airflow/example_dags/tutorial_objectstorage.py
[2024-07-04T10:29:04.723+0000] {processor.py:830} INFO - Processing file /home/airflow/.local/lib/python3.12/site-packages/airflow/example_dags/tutorial_objectstorage.py for tasks to queue
[2024-07-04T10:29:04.724+0000] {logging_mixin.py:188} INFO - [2024-07-04T10:29:04.724+0000] {dagbag.py:545} INFO - Filling up the DagBag from /home/airflow/.local/lib/python3.12/site-packages/airflow/example_dags/tutorial_objectstorage.py
[2024-07-04T10:29:04.727+0000] {processor.py:840} INFO - DAG(s) 'tutorial_objectstorage' retrieved from /home/airflow/.local/lib/python3.12/site-packages/airflow/example_dags/tutorial_objectstorage.py
[2024-07-04T10:29:04.734+0000] {logging_mixin.py:188} INFO - [2024-07-04T10:29:04.734+0000] {dag.py:3096} INFO - Sync 1 DAGs
[2024-07-04T10:29:04.738+0000] {logging_mixin.py:188} INFO - [2024-07-04T10:29:04.738+0000] {dag.py:3954} INFO - Setting next_dagrun for tutorial_objectstorage to None, run_after=None
[2024-07-04T10:29:04.744+0000] {processor.py:183} INFO - Processing /home/airflow/.local/lib/python3.12/site-packages/airflow/example_dags/tutorial_objectstorage.py took 0.023 seconds
[2024-07-04T11:13:23.917+0000] {processor.py:161} INFO - Started process (PID=5668) to work on /home/airflow/.local/lib/python3.12/site-packages/airflow/example_dags/tutorial_objectstorage.py
[2024-07-04T11:13:23.917+0000] {processor.py:830} INFO - Processing file /home/airflow/.local/lib/python3.12/site-packages/airflow/example_dags/tutorial_objectstorage.py for tasks to queue
[2024-07-04T11:13:23.918+0000] {logging_mixin.py:188} INFO - [2024-07-04T11:13:23.918+0000] {dagbag.py:545} INFO - Filling up the DagBag from /home/airflow/.local/lib/python3.12/site-packages/airflow/example_dags/tutorial_objectstorage.py
[2024-07-04T11:13:23.921+0000] {processor.py:840} INFO - DAG(s) 'tutorial_objectstorage' retrieved from /home/airflow/.local/lib/python3.12/site-packages/airflow/example_dags/tutorial_objectstorage.py
[2024-07-04T11:13:23.928+0000] {logging_mixin.py:188} INFO - [2024-07-04T11:13:23.928+0000] {dag.py:3096} INFO - Sync 1 DAGs
[2024-07-04T11:13:23.932+0000] {logging_mixin.py:188} INFO - [2024-07-04T11:13:23.932+0000] {dag.py:3954} INFO - Setting next_dagrun for tutorial_objectstorage to None, run_after=None
[2024-07-04T11:13:23.938+0000] {processor.py:183} INFO - Processing /home/airflow/.local/lib/python3.12/site-packages/airflow/example_dags/tutorial_objectstorage.py took 0.024 seconds
[2024-07-04T12:14:26.075+0000] {processor.py:161} INFO - Started process (PID=5726) to work on /home/airflow/.local/lib/python3.12/site-packages/airflow/example_dags/tutorial_objectstorage.py
[2024-07-04T12:14:26.075+0000] {processor.py:830} INFO - Processing file /home/airflow/.local/lib/python3.12/site-packages/airflow/example_dags/tutorial_objectstorage.py for tasks to queue
[2024-07-04T12:14:26.076+0000] {logging_mixin.py:188} INFO - [2024-07-04T12:14:26.076+0000] {dagbag.py:545} INFO - Filling up the DagBag from /home/airflow/.local/lib/python3.12/site-packages/airflow/example_dags/tutorial_objectstorage.py
[2024-07-04T12:14:26.079+0000] {processor.py:840} INFO - DAG(s) 'tutorial_objectstorage' retrieved from /home/airflow/.local/lib/python3.12/site-packages/airflow/example_dags/tutorial_objectstorage.py
[2024-07-04T12:14:26.085+0000] {logging_mixin.py:188} INFO - [2024-07-04T12:14:26.085+0000] {dag.py:3096} INFO - Sync 1 DAGs
[2024-07-04T12:14:26.090+0000] {logging_mixin.py:188} INFO - [2024-07-04T12:14:26.090+0000] {dag.py:3954} INFO - Setting next_dagrun for tutorial_objectstorage to None, run_after=None
[2024-07-04T12:14:26.097+0000] {processor.py:183} INFO - Processing /home/airflow/.local/lib/python3.12/site-packages/airflow/example_dags/tutorial_objectstorage.py took 0.024 seconds
[2024-07-04T13:00:40.931+0000] {processor.py:161} INFO - Started process (PID=5784) to work on /home/airflow/.local/lib/python3.12/site-packages/airflow/example_dags/tutorial_objectstorage.py
[2024-07-04T13:00:40.932+0000] {processor.py:830} INFO - Processing file /home/airflow/.local/lib/python3.12/site-packages/airflow/example_dags/tutorial_objectstorage.py for tasks to queue
[2024-07-04T13:00:40.932+0000] {logging_mixin.py:188} INFO - [2024-07-04T13:00:40.932+0000] {dagbag.py:545} INFO - Filling up the DagBag from /home/airflow/.local/lib/python3.12/site-packages/airflow/example_dags/tutorial_objectstorage.py
[2024-07-04T13:00:40.935+0000] {processor.py:840} INFO - DAG(s) 'tutorial_objectstorage' retrieved from /home/airflow/.local/lib/python3.12/site-packages/airflow/example_dags/tutorial_objectstorage.py
[2024-07-04T13:00:40.942+0000] {logging_mixin.py:188} INFO - [2024-07-04T13:00:40.942+0000] {dag.py:3096} INFO - Sync 1 DAGs
[2024-07-04T13:00:40.947+0000] {logging_mixin.py:188} INFO - [2024-07-04T13:00:40.946+0000] {dag.py:3954} INFO - Setting next_dagrun for tutorial_objectstorage to None, run_after=None
[2024-07-04T13:00:40.952+0000] {processor.py:183} INFO - Processing /home/airflow/.local/lib/python3.12/site-packages/airflow/example_dags/tutorial_objectstorage.py took 0.023 seconds
[2024-07-04T13:15:20.235+0000] {processor.py:161} INFO - Started process (PID=5842) to work on /home/airflow/.local/lib/python3.12/site-packages/airflow/example_dags/tutorial_objectstorage.py
[2024-07-04T13:15:20.235+0000] {processor.py:830} INFO - Processing file /home/airflow/.local/lib/python3.12/site-packages/airflow/example_dags/tutorial_objectstorage.py for tasks to queue
[2024-07-04T13:15:20.236+0000] {logging_mixin.py:188} INFO - [2024-07-04T13:15:20.236+0000] {dagbag.py:545} INFO - Filling up the DagBag from /home/airflow/.local/lib/python3.12/site-packages/airflow/example_dags/tutorial_objectstorage.py
[2024-07-04T13:15:20.239+0000] {processor.py:840} INFO - DAG(s) 'tutorial_objectstorage' retrieved from /home/airflow/.local/lib/python3.12/site-packages/airflow/example_dags/tutorial_objectstorage.py
[2024-07-04T13:15:20.246+0000] {logging_mixin.py:188} INFO - [2024-07-04T13:15:20.246+0000] {dag.py:3096} INFO - Sync 1 DAGs
[2024-07-04T13:15:20.250+0000] {logging_mixin.py:188} INFO - [2024-07-04T13:15:20.250+0000] {dag.py:3954} INFO - Setting next_dagrun for tutorial_objectstorage to None, run_after=None
[2024-07-04T13:15:20.257+0000] {processor.py:183} INFO - Processing /home/airflow/.local/lib/python3.12/site-packages/airflow/example_dags/tutorial_objectstorage.py took 0.024 seconds
[2024-07-04T13:30:25.541+0000] {processor.py:161} INFO - Started process (PID=5900) to work on /home/airflow/.local/lib/python3.12/site-packages/airflow/example_dags/tutorial_objectstorage.py
[2024-07-04T13:30:25.541+0000] {processor.py:830} INFO - Processing file /home/airflow/.local/lib/python3.12/site-packages/airflow/example_dags/tutorial_objectstorage.py for tasks to queue
[2024-07-04T13:30:25.542+0000] {logging_mixin.py:188} INFO - [2024-07-04T13:30:25.542+0000] {dagbag.py:545} INFO - Filling up the DagBag from /home/airflow/.local/lib/python3.12/site-packages/airflow/example_dags/tutorial_objectstorage.py
[2024-07-04T13:30:25.544+0000] {processor.py:840} INFO - DAG(s) 'tutorial_objectstorage' retrieved from /home/airflow/.local/lib/python3.12/site-packages/airflow/example_dags/tutorial_objectstorage.py
[2024-07-04T13:30:25.552+0000] {logging_mixin.py:188} INFO - [2024-07-04T13:30:25.551+0000] {dag.py:3096} INFO - Sync 1 DAGs
[2024-07-04T13:30:25.556+0000] {logging_mixin.py:188} INFO - [2024-07-04T13:30:25.555+0000] {dag.py:3954} INFO - Setting next_dagrun for tutorial_objectstorage to None, run_after=None
[2024-07-04T13:30:25.563+0000] {processor.py:183} INFO - Processing /home/airflow/.local/lib/python3.12/site-packages/airflow/example_dags/tutorial_objectstorage.py took 0.025 seconds
[2024-07-04T13:50:27.343+0000] {processor.py:161} INFO - Started process (PID=5958) to work on /home/airflow/.local/lib/python3.12/site-packages/airflow/example_dags/tutorial_objectstorage.py
[2024-07-04T13:50:27.343+0000] {processor.py:830} INFO - Processing file /home/airflow/.local/lib/python3.12/site-packages/airflow/example_dags/tutorial_objectstorage.py for tasks to queue
[2024-07-04T13:50:27.344+0000] {logging_mixin.py:188} INFO - [2024-07-04T13:50:27.344+0000] {dagbag.py:545} INFO - Filling up the DagBag from /home/airflow/.local/lib/python3.12/site-packages/airflow/example_dags/tutorial_objectstorage.py
[2024-07-04T13:50:27.347+0000] {processor.py:840} INFO - DAG(s) 'tutorial_objectstorage' retrieved from /home/airflow/.local/lib/python3.12/site-packages/airflow/example_dags/tutorial_objectstorage.py
[2024-07-04T13:50:27.354+0000] {logging_mixin.py:188} INFO - [2024-07-04T13:50:27.354+0000] {dag.py:3096} INFO - Sync 1 DAGs
[2024-07-04T13:50:27.358+0000] {logging_mixin.py:188} INFO - [2024-07-04T13:50:27.358+0000] {dag.py:3954} INFO - Setting next_dagrun for tutorial_objectstorage to None, run_after=None
[2024-07-04T13:50:27.364+0000] {processor.py:183} INFO - Processing /home/airflow/.local/lib/python3.12/site-packages/airflow/example_dags/tutorial_objectstorage.py took 0.024 seconds
[2024-07-04T14:16:27.789+0000] {processor.py:161} INFO - Started process (PID=6016) to work on /home/airflow/.local/lib/python3.12/site-packages/airflow/example_dags/tutorial_objectstorage.py
[2024-07-04T14:16:27.789+0000] {processor.py:830} INFO - Processing file /home/airflow/.local/lib/python3.12/site-packages/airflow/example_dags/tutorial_objectstorage.py for tasks to queue
[2024-07-04T14:16:27.790+0000] {logging_mixin.py:188} INFO - [2024-07-04T14:16:27.790+0000] {dagbag.py:545} INFO - Filling up the DagBag from /home/airflow/.local/lib/python3.12/site-packages/airflow/example_dags/tutorial_objectstorage.py
[2024-07-04T14:16:27.793+0000] {processor.py:840} INFO - DAG(s) 'tutorial_objectstorage' retrieved from /home/airflow/.local/lib/python3.12/site-packages/airflow/example_dags/tutorial_objectstorage.py
[2024-07-04T14:16:27.800+0000] {logging_mixin.py:188} INFO - [2024-07-04T14:16:27.800+0000] {dag.py:3096} INFO - Sync 1 DAGs
[2024-07-04T14:16:27.804+0000] {logging_mixin.py:188} INFO - [2024-07-04T14:16:27.804+0000] {dag.py:3954} INFO - Setting next_dagrun for tutorial_objectstorage to None, run_after=None
[2024-07-04T14:16:27.810+0000] {processor.py:183} INFO - Processing /home/airflow/.local/lib/python3.12/site-packages/airflow/example_dags/tutorial_objectstorage.py took 0.023 seconds
[2024-07-04T15:04:49.313+0000] {processor.py:161} INFO - Started process (PID=6074) to work on /home/airflow/.local/lib/python3.12/site-packages/airflow/example_dags/tutorial_objectstorage.py
[2024-07-04T15:04:49.313+0000] {processor.py:830} INFO - Processing file /home/airflow/.local/lib/python3.12/site-packages/airflow/example_dags/tutorial_objectstorage.py for tasks to queue
[2024-07-04T15:04:49.314+0000] {logging_mixin.py:188} INFO - [2024-07-04T15:04:49.314+0000] {dagbag.py:545} INFO - Filling up the DagBag from /home/airflow/.local/lib/python3.12/site-packages/airflow/example_dags/tutorial_objectstorage.py
[2024-07-04T15:04:49.317+0000] {processor.py:840} INFO - DAG(s) 'tutorial_objectstorage' retrieved from /home/airflow/.local/lib/python3.12/site-packages/airflow/example_dags/tutorial_objectstorage.py
[2024-07-04T15:04:49.325+0000] {logging_mixin.py:188} INFO - [2024-07-04T15:04:49.325+0000] {dag.py:3096} INFO - Sync 1 DAGs
[2024-07-04T15:04:49.329+0000] {logging_mixin.py:188} INFO - [2024-07-04T15:04:49.329+0000] {dag.py:3954} INFO - Setting next_dagrun for tutorial_objectstorage to None, run_after=None
[2024-07-04T15:04:49.335+0000] {processor.py:183} INFO - Processing /home/airflow/.local/lib/python3.12/site-packages/airflow/example_dags/tutorial_objectstorage.py took 0.024 seconds
[2024-07-04T15:43:15.816+0000] {processor.py:161} INFO - Started process (PID=6132) to work on /home/airflow/.local/lib/python3.12/site-packages/airflow/example_dags/tutorial_objectstorage.py
[2024-07-04T15:43:15.816+0000] {processor.py:830} INFO - Processing file /home/airflow/.local/lib/python3.12/site-packages/airflow/example_dags/tutorial_objectstorage.py for tasks to queue
[2024-07-04T15:43:15.817+0000] {logging_mixin.py:188} INFO - [2024-07-04T15:43:15.817+0000] {dagbag.py:545} INFO - Filling up the DagBag from /home/airflow/.local/lib/python3.12/site-packages/airflow/example_dags/tutorial_objectstorage.py
[2024-07-04T15:43:15.820+0000] {processor.py:840} INFO - DAG(s) 'tutorial_objectstorage' retrieved from /home/airflow/.local/lib/python3.12/site-packages/airflow/example_dags/tutorial_objectstorage.py
[2024-07-04T15:43:15.827+0000] {logging_mixin.py:188} INFO - [2024-07-04T15:43:15.826+0000] {dag.py:3096} INFO - Sync 1 DAGs
[2024-07-04T15:43:15.831+0000] {logging_mixin.py:188} INFO - [2024-07-04T15:43:15.830+0000] {dag.py:3954} INFO - Setting next_dagrun for tutorial_objectstorage to None, run_after=None
[2024-07-04T15:43:15.836+0000] {processor.py:183} INFO - Processing /home/airflow/.local/lib/python3.12/site-packages/airflow/example_dags/tutorial_objectstorage.py took 0.023 seconds
[2024-07-04T16:18:30.227+0000] {processor.py:161} INFO - Started process (PID=6190) to work on /home/airflow/.local/lib/python3.12/site-packages/airflow/example_dags/tutorial_objectstorage.py
[2024-07-04T16:18:30.227+0000] {processor.py:830} INFO - Processing file /home/airflow/.local/lib/python3.12/site-packages/airflow/example_dags/tutorial_objectstorage.py for tasks to queue
[2024-07-04T16:18:30.228+0000] {logging_mixin.py:188} INFO - [2024-07-04T16:18:30.228+0000] {dagbag.py:545} INFO - Filling up the DagBag from /home/airflow/.local/lib/python3.12/site-packages/airflow/example_dags/tutorial_objectstorage.py
[2024-07-04T16:18:30.231+0000] {processor.py:840} INFO - DAG(s) 'tutorial_objectstorage' retrieved from /home/airflow/.local/lib/python3.12/site-packages/airflow/example_dags/tutorial_objectstorage.py
[2024-07-04T16:18:30.239+0000] {logging_mixin.py:188} INFO - [2024-07-04T16:18:30.239+0000] {dag.py:3096} INFO - Sync 1 DAGs
[2024-07-04T16:18:30.244+0000] {logging_mixin.py:188} INFO - [2024-07-04T16:18:30.244+0000] {dag.py:3954} INFO - Setting next_dagrun for tutorial_objectstorage to None, run_after=None
[2024-07-04T16:18:30.251+0000] {processor.py:183} INFO - Processing /home/airflow/.local/lib/python3.12/site-packages/airflow/example_dags/tutorial_objectstorage.py took 0.027 seconds
[2024-07-04T16:45:11.630+0000] {processor.py:161} INFO - Started process (PID=6248) to work on /home/airflow/.local/lib/python3.12/site-packages/airflow/example_dags/tutorial_objectstorage.py
[2024-07-04T16:45:11.631+0000] {processor.py:830} INFO - Processing file /home/airflow/.local/lib/python3.12/site-packages/airflow/example_dags/tutorial_objectstorage.py for tasks to queue
[2024-07-04T16:45:11.632+0000] {logging_mixin.py:188} INFO - [2024-07-04T16:45:11.631+0000] {dagbag.py:545} INFO - Filling up the DagBag from /home/airflow/.local/lib/python3.12/site-packages/airflow/example_dags/tutorial_objectstorage.py
[2024-07-04T16:45:11.634+0000] {processor.py:840} INFO - DAG(s) 'tutorial_objectstorage' retrieved from /home/airflow/.local/lib/python3.12/site-packages/airflow/example_dags/tutorial_objectstorage.py
[2024-07-04T16:45:11.642+0000] {logging_mixin.py:188} INFO - [2024-07-04T16:45:11.641+0000] {dag.py:3096} INFO - Sync 1 DAGs
[2024-07-04T16:45:11.646+0000] {logging_mixin.py:188} INFO - [2024-07-04T16:45:11.646+0000] {dag.py:3954} INFO - Setting next_dagrun for tutorial_objectstorage to None, run_after=None
[2024-07-04T16:45:11.651+0000] {processor.py:183} INFO - Processing /home/airflow/.local/lib/python3.12/site-packages/airflow/example_dags/tutorial_objectstorage.py took 0.023 seconds
[2024-07-04T17:39:35.236+0000] {processor.py:161} INFO - Started process (PID=6306) to work on /home/airflow/.local/lib/python3.12/site-packages/airflow/example_dags/tutorial_objectstorage.py
[2024-07-04T17:39:35.237+0000] {processor.py:830} INFO - Processing file /home/airflow/.local/lib/python3.12/site-packages/airflow/example_dags/tutorial_objectstorage.py for tasks to queue
[2024-07-04T17:39:35.237+0000] {logging_mixin.py:188} INFO - [2024-07-04T17:39:35.237+0000] {dagbag.py:545} INFO - Filling up the DagBag from /home/airflow/.local/lib/python3.12/site-packages/airflow/example_dags/tutorial_objectstorage.py
[2024-07-04T17:39:35.241+0000] {processor.py:840} INFO - DAG(s) 'tutorial_objectstorage' retrieved from /home/airflow/.local/lib/python3.12/site-packages/airflow/example_dags/tutorial_objectstorage.py
[2024-07-04T17:39:35.249+0000] {logging_mixin.py:188} INFO - [2024-07-04T17:39:35.248+0000] {dag.py:3096} INFO - Sync 1 DAGs
[2024-07-04T17:39:35.253+0000] {logging_mixin.py:188} INFO - [2024-07-04T17:39:35.253+0000] {dag.py:3954} INFO - Setting next_dagrun for tutorial_objectstorage to None, run_after=None
[2024-07-04T17:39:35.260+0000] {processor.py:183} INFO - Processing /home/airflow/.local/lib/python3.12/site-packages/airflow/example_dags/tutorial_objectstorage.py took 0.026 seconds
[2024-07-04T18:32:14.259+0000] {processor.py:161} INFO - Started process (PID=6364) to work on /home/airflow/.local/lib/python3.12/site-packages/airflow/example_dags/tutorial_objectstorage.py
[2024-07-04T18:32:14.259+0000] {processor.py:830} INFO - Processing file /home/airflow/.local/lib/python3.12/site-packages/airflow/example_dags/tutorial_objectstorage.py for tasks to queue
[2024-07-04T18:32:14.260+0000] {logging_mixin.py:188} INFO - [2024-07-04T18:32:14.260+0000] {dagbag.py:545} INFO - Filling up the DagBag from /home/airflow/.local/lib/python3.12/site-packages/airflow/example_dags/tutorial_objectstorage.py
[2024-07-04T18:32:14.263+0000] {processor.py:840} INFO - DAG(s) 'tutorial_objectstorage' retrieved from /home/airflow/.local/lib/python3.12/site-packages/airflow/example_dags/tutorial_objectstorage.py
[2024-07-04T18:32:14.270+0000] {logging_mixin.py:188} INFO - [2024-07-04T18:32:14.270+0000] {dag.py:3096} INFO - Sync 1 DAGs
[2024-07-04T18:32:14.274+0000] {logging_mixin.py:188} INFO - [2024-07-04T18:32:14.274+0000] {dag.py:3954} INFO - Setting next_dagrun for tutorial_objectstorage to None, run_after=None
[2024-07-04T18:32:14.281+0000] {processor.py:183} INFO - Processing /home/airflow/.local/lib/python3.12/site-packages/airflow/example_dags/tutorial_objectstorage.py took 0.025 seconds
[2024-07-04T19:08:32.983+0000] {processor.py:161} INFO - Started process (PID=6421) to work on /home/airflow/.local/lib/python3.12/site-packages/airflow/example_dags/tutorial_objectstorage.py
[2024-07-04T19:08:32.984+0000] {processor.py:830} INFO - Processing file /home/airflow/.local/lib/python3.12/site-packages/airflow/example_dags/tutorial_objectstorage.py for tasks to queue
[2024-07-04T19:08:32.985+0000] {logging_mixin.py:188} INFO - [2024-07-04T19:08:32.984+0000] {dagbag.py:545} INFO - Filling up the DagBag from /home/airflow/.local/lib/python3.12/site-packages/airflow/example_dags/tutorial_objectstorage.py
[2024-07-04T19:08:32.988+0000] {processor.py:840} INFO - DAG(s) 'tutorial_objectstorage' retrieved from /home/airflow/.local/lib/python3.12/site-packages/airflow/example_dags/tutorial_objectstorage.py
[2024-07-04T19:08:32.996+0000] {logging_mixin.py:188} INFO - [2024-07-04T19:08:32.995+0000] {dag.py:3096} INFO - Sync 1 DAGs
[2024-07-04T19:08:33.000+0000] {logging_mixin.py:188} INFO - [2024-07-04T19:08:33.000+0000] {dag.py:3954} INFO - Setting next_dagrun for tutorial_objectstorage to None, run_after=None
[2024-07-04T19:08:33.007+0000] {processor.py:183} INFO - Processing /home/airflow/.local/lib/python3.12/site-packages/airflow/example_dags/tutorial_objectstorage.py took 0.027 seconds
[2024-07-04T20:48:21.978+0000] {processor.py:161} INFO - Started process (PID=6479) to work on /home/airflow/.local/lib/python3.12/site-packages/airflow/example_dags/tutorial_objectstorage.py
[2024-07-04T20:48:21.978+0000] {processor.py:830} INFO - Processing file /home/airflow/.local/lib/python3.12/site-packages/airflow/example_dags/tutorial_objectstorage.py for tasks to queue
[2024-07-04T20:48:21.979+0000] {logging_mixin.py:188} INFO - [2024-07-04T20:48:21.979+0000] {dagbag.py:545} INFO - Filling up the DagBag from /home/airflow/.local/lib/python3.12/site-packages/airflow/example_dags/tutorial_objectstorage.py
[2024-07-04T20:48:21.983+0000] {processor.py:840} INFO - DAG(s) 'tutorial_objectstorage' retrieved from /home/airflow/.local/lib/python3.12/site-packages/airflow/example_dags/tutorial_objectstorage.py
[2024-07-04T20:48:21.990+0000] {logging_mixin.py:188} INFO - [2024-07-04T20:48:21.990+0000] {dag.py:3096} INFO - Sync 1 DAGs
[2024-07-04T20:48:21.995+0000] {logging_mixin.py:188} INFO - [2024-07-04T20:48:21.995+0000] {dag.py:3954} INFO - Setting next_dagrun for tutorial_objectstorage to None, run_after=None
[2024-07-04T20:48:22.001+0000] {processor.py:183} INFO - Processing /home/airflow/.local/lib/python3.12/site-packages/airflow/example_dags/tutorial_objectstorage.py took 0.025 seconds
[2024-07-04T21:49:22.924+0000] {processor.py:161} INFO - Started process (PID=6531) to work on /home/airflow/.local/lib/python3.12/site-packages/airflow/example_dags/tutorial_objectstorage.py
[2024-07-04T21:49:22.924+0000] {processor.py:830} INFO - Processing file /home/airflow/.local/lib/python3.12/site-packages/airflow/example_dags/tutorial_objectstorage.py for tasks to queue
[2024-07-04T21:49:22.925+0000] {logging_mixin.py:188} INFO - [2024-07-04T21:49:22.925+0000] {dagbag.py:545} INFO - Filling up the DagBag from /home/airflow/.local/lib/python3.12/site-packages/airflow/example_dags/tutorial_objectstorage.py
[2024-07-04T21:49:22.929+0000] {processor.py:840} INFO - DAG(s) 'tutorial_objectstorage' retrieved from /home/airflow/.local/lib/python3.12/site-packages/airflow/example_dags/tutorial_objectstorage.py
[2024-07-04T21:49:22.936+0000] {logging_mixin.py:188} INFO - [2024-07-04T21:49:22.936+0000] {dag.py:3096} INFO - Sync 1 DAGs
[2024-07-04T21:49:22.941+0000] {logging_mixin.py:188} INFO - [2024-07-04T21:49:22.941+0000] {dag.py:3954} INFO - Setting next_dagrun for tutorial_objectstorage to None, run_after=None
[2024-07-04T21:49:22.947+0000] {processor.py:183} INFO - Processing /home/airflow/.local/lib/python3.12/site-packages/airflow/example_dags/tutorial_objectstorage.py took 0.026 seconds
[2024-07-04T23:01:34.070+0000] {processor.py:161} INFO - Started process (PID=6595) to work on /home/airflow/.local/lib/python3.12/site-packages/airflow/example_dags/tutorial_objectstorage.py
[2024-07-04T23:01:34.070+0000] {processor.py:830} INFO - Processing file /home/airflow/.local/lib/python3.12/site-packages/airflow/example_dags/tutorial_objectstorage.py for tasks to queue
[2024-07-04T23:01:34.071+0000] {logging_mixin.py:188} INFO - [2024-07-04T23:01:34.071+0000] {dagbag.py:545} INFO - Filling up the DagBag from /home/airflow/.local/lib/python3.12/site-packages/airflow/example_dags/tutorial_objectstorage.py
[2024-07-04T23:01:34.074+0000] {processor.py:840} INFO - DAG(s) 'tutorial_objectstorage' retrieved from /home/airflow/.local/lib/python3.12/site-packages/airflow/example_dags/tutorial_objectstorage.py
[2024-07-04T23:01:34.082+0000] {logging_mixin.py:188} INFO - [2024-07-04T23:01:34.082+0000] {dag.py:3096} INFO - Sync 1 DAGs
[2024-07-04T23:01:34.087+0000] {logging_mixin.py:188} INFO - [2024-07-04T23:01:34.087+0000] {dag.py:3954} INFO - Setting next_dagrun for tutorial_objectstorage to None, run_after=None
[2024-07-04T23:01:34.093+0000] {processor.py:183} INFO - Processing /home/airflow/.local/lib/python3.12/site-packages/airflow/example_dags/tutorial_objectstorage.py took 0.026 seconds
[2024-07-04T23:16:30.599+0000] {processor.py:161} INFO - Started process (PID=6647) to work on /home/airflow/.local/lib/python3.12/site-packages/airflow/example_dags/tutorial_objectstorage.py
[2024-07-04T23:16:30.600+0000] {processor.py:830} INFO - Processing file /home/airflow/.local/lib/python3.12/site-packages/airflow/example_dags/tutorial_objectstorage.py for tasks to queue
[2024-07-04T23:16:30.600+0000] {logging_mixin.py:188} INFO - [2024-07-04T23:16:30.600+0000] {dagbag.py:545} INFO - Filling up the DagBag from /home/airflow/.local/lib/python3.12/site-packages/airflow/example_dags/tutorial_objectstorage.py
[2024-07-04T23:16:30.603+0000] {processor.py:840} INFO - DAG(s) 'tutorial_objectstorage' retrieved from /home/airflow/.local/lib/python3.12/site-packages/airflow/example_dags/tutorial_objectstorage.py
[2024-07-04T23:16:30.611+0000] {logging_mixin.py:188} INFO - [2024-07-04T23:16:30.611+0000] {dag.py:3096} INFO - Sync 1 DAGs
[2024-07-04T23:16:30.616+0000] {logging_mixin.py:188} INFO - [2024-07-04T23:16:30.616+0000] {dag.py:3954} INFO - Setting next_dagrun for tutorial_objectstorage to None, run_after=None
[2024-07-04T23:16:30.624+0000] {processor.py:183} INFO - Processing /home/airflow/.local/lib/python3.12/site-packages/airflow/example_dags/tutorial_objectstorage.py took 0.028 seconds
