[2024-07-04T00:20:54.034+0000] {processor.py:161} INFO - Started process (PID=4465) to work on /home/airflow/.local/lib/python3.12/site-packages/airflow/example_dags/tutorial.py
[2024-07-04T00:20:54.035+0000] {processor.py:830} INFO - Processing file /home/airflow/.local/lib/python3.12/site-packages/airflow/example_dags/tutorial.py for tasks to queue
[2024-07-04T00:20:54.036+0000] {logging_mixin.py:188} INFO - [2024-07-04T00:20:54.036+0000] {dagbag.py:545} INFO - Filling up the DagBag from /home/airflow/.local/lib/python3.12/site-packages/airflow/example_dags/tutorial.py
[2024-07-04T00:20:54.038+0000] {processor.py:840} INFO - DAG(s) 'tutorial' retrieved from /home/airflow/.local/lib/python3.12/site-packages/airflow/example_dags/tutorial.py
[2024-07-04T00:20:54.046+0000] {logging_mixin.py:188} INFO - [2024-07-04T00:20:54.046+0000] {dag.py:3096} INFO - Sync 1 DAGs
[2024-07-04T00:20:54.054+0000] {logging_mixin.py:188} INFO - [2024-07-04T00:20:54.054+0000] {dag.py:3954} INFO - Setting next_dagrun for tutorial to 2024-07-03 00:00:00+00:00, run_after=2024-07-04 00:00:00+00:00
[2024-07-04T00:20:54.060+0000] {processor.py:183} INFO - Processing /home/airflow/.local/lib/python3.12/site-packages/airflow/example_dags/tutorial.py took 0.028 seconds
[2024-07-04T00:32:44.556+0000] {processor.py:161} INFO - Started process (PID=4523) to work on /home/airflow/.local/lib/python3.12/site-packages/airflow/example_dags/tutorial.py
[2024-07-04T00:32:44.556+0000] {processor.py:830} INFO - Processing file /home/airflow/.local/lib/python3.12/site-packages/airflow/example_dags/tutorial.py for tasks to queue
[2024-07-04T00:32:44.557+0000] {logging_mixin.py:188} INFO - [2024-07-04T00:32:44.557+0000] {dagbag.py:545} INFO - Filling up the DagBag from /home/airflow/.local/lib/python3.12/site-packages/airflow/example_dags/tutorial.py
[2024-07-04T00:32:44.560+0000] {processor.py:840} INFO - DAG(s) 'tutorial' retrieved from /home/airflow/.local/lib/python3.12/site-packages/airflow/example_dags/tutorial.py
[2024-07-04T00:32:44.567+0000] {logging_mixin.py:188} INFO - [2024-07-04T00:32:44.567+0000] {dag.py:3096} INFO - Sync 1 DAGs
[2024-07-04T00:32:44.574+0000] {logging_mixin.py:188} INFO - [2024-07-04T00:32:44.574+0000] {dag.py:3954} INFO - Setting next_dagrun for tutorial to 2024-07-03 00:00:00+00:00, run_after=2024-07-04 00:00:00+00:00
[2024-07-04T00:32:44.581+0000] {processor.py:183} INFO - Processing /home/airflow/.local/lib/python3.12/site-packages/airflow/example_dags/tutorial.py took 0.028 seconds
[2024-07-04T01:04:10.441+0000] {processor.py:161} INFO - Started process (PID=4581) to work on /home/airflow/.local/lib/python3.12/site-packages/airflow/example_dags/tutorial.py
[2024-07-04T01:04:10.441+0000] {processor.py:830} INFO - Processing file /home/airflow/.local/lib/python3.12/site-packages/airflow/example_dags/tutorial.py for tasks to queue
[2024-07-04T01:04:10.442+0000] {logging_mixin.py:188} INFO - [2024-07-04T01:04:10.442+0000] {dagbag.py:545} INFO - Filling up the DagBag from /home/airflow/.local/lib/python3.12/site-packages/airflow/example_dags/tutorial.py
[2024-07-04T01:04:10.444+0000] {processor.py:840} INFO - DAG(s) 'tutorial' retrieved from /home/airflow/.local/lib/python3.12/site-packages/airflow/example_dags/tutorial.py
[2024-07-04T01:04:10.452+0000] {logging_mixin.py:188} INFO - [2024-07-04T01:04:10.452+0000] {dag.py:3096} INFO - Sync 1 DAGs
[2024-07-04T01:04:10.460+0000] {logging_mixin.py:188} INFO - [2024-07-04T01:04:10.460+0000] {dag.py:3954} INFO - Setting next_dagrun for tutorial to 2024-07-03 00:00:00+00:00, run_after=2024-07-04 00:00:00+00:00
[2024-07-04T01:04:10.466+0000] {processor.py:183} INFO - Processing /home/airflow/.local/lib/python3.12/site-packages/airflow/example_dags/tutorial.py took 0.028 seconds
[2024-07-04T01:43:14.456+0000] {processor.py:161} INFO - Started process (PID=4639) to work on /home/airflow/.local/lib/python3.12/site-packages/airflow/example_dags/tutorial.py
[2024-07-04T01:43:14.456+0000] {processor.py:830} INFO - Processing file /home/airflow/.local/lib/python3.12/site-packages/airflow/example_dags/tutorial.py for tasks to queue
[2024-07-04T01:43:14.457+0000] {logging_mixin.py:188} INFO - [2024-07-04T01:43:14.457+0000] {dagbag.py:545} INFO - Filling up the DagBag from /home/airflow/.local/lib/python3.12/site-packages/airflow/example_dags/tutorial.py
[2024-07-04T01:43:14.459+0000] {processor.py:840} INFO - DAG(s) 'tutorial' retrieved from /home/airflow/.local/lib/python3.12/site-packages/airflow/example_dags/tutorial.py
[2024-07-04T01:43:14.467+0000] {logging_mixin.py:188} INFO - [2024-07-04T01:43:14.467+0000] {dag.py:3096} INFO - Sync 1 DAGs
[2024-07-04T01:43:14.476+0000] {logging_mixin.py:188} INFO - [2024-07-04T01:43:14.475+0000] {dag.py:3954} INFO - Setting next_dagrun for tutorial to 2024-07-03 00:00:00+00:00, run_after=2024-07-04 00:00:00+00:00
[2024-07-04T01:43:14.482+0000] {processor.py:183} INFO - Processing /home/airflow/.local/lib/python3.12/site-packages/airflow/example_dags/tutorial.py took 0.028 seconds
[2024-07-04T02:07:15.669+0000] {processor.py:161} INFO - Started process (PID=4697) to work on /home/airflow/.local/lib/python3.12/site-packages/airflow/example_dags/tutorial.py
[2024-07-04T02:07:15.669+0000] {processor.py:830} INFO - Processing file /home/airflow/.local/lib/python3.12/site-packages/airflow/example_dags/tutorial.py for tasks to queue
[2024-07-04T02:07:15.670+0000] {logging_mixin.py:188} INFO - [2024-07-04T02:07:15.670+0000] {dagbag.py:545} INFO - Filling up the DagBag from /home/airflow/.local/lib/python3.12/site-packages/airflow/example_dags/tutorial.py
[2024-07-04T02:07:15.672+0000] {processor.py:840} INFO - DAG(s) 'tutorial' retrieved from /home/airflow/.local/lib/python3.12/site-packages/airflow/example_dags/tutorial.py
[2024-07-04T02:07:15.680+0000] {logging_mixin.py:188} INFO - [2024-07-04T02:07:15.680+0000] {dag.py:3096} INFO - Sync 1 DAGs
[2024-07-04T02:07:15.689+0000] {logging_mixin.py:188} INFO - [2024-07-04T02:07:15.688+0000] {dag.py:3954} INFO - Setting next_dagrun for tutorial to 2024-07-03 00:00:00+00:00, run_after=2024-07-04 00:00:00+00:00
[2024-07-04T02:07:15.695+0000] {processor.py:183} INFO - Processing /home/airflow/.local/lib/python3.12/site-packages/airflow/example_dags/tutorial.py took 0.028 seconds
[2024-07-04T02:42:01.815+0000] {processor.py:161} INFO - Started process (PID=4755) to work on /home/airflow/.local/lib/python3.12/site-packages/airflow/example_dags/tutorial.py
[2024-07-04T02:42:01.815+0000] {processor.py:830} INFO - Processing file /home/airflow/.local/lib/python3.12/site-packages/airflow/example_dags/tutorial.py for tasks to queue
[2024-07-04T02:42:01.816+0000] {logging_mixin.py:188} INFO - [2024-07-04T02:42:01.816+0000] {dagbag.py:545} INFO - Filling up the DagBag from /home/airflow/.local/lib/python3.12/site-packages/airflow/example_dags/tutorial.py
[2024-07-04T02:42:01.819+0000] {processor.py:840} INFO - DAG(s) 'tutorial' retrieved from /home/airflow/.local/lib/python3.12/site-packages/airflow/example_dags/tutorial.py
[2024-07-04T02:42:01.827+0000] {logging_mixin.py:188} INFO - [2024-07-04T02:42:01.827+0000] {dag.py:3096} INFO - Sync 1 DAGs
[2024-07-04T02:42:01.835+0000] {logging_mixin.py:188} INFO - [2024-07-04T02:42:01.834+0000] {dag.py:3954} INFO - Setting next_dagrun for tutorial to 2024-07-03 00:00:00+00:00, run_after=2024-07-04 00:00:00+00:00
[2024-07-04T02:42:01.841+0000] {processor.py:183} INFO - Processing /home/airflow/.local/lib/python3.12/site-packages/airflow/example_dags/tutorial.py took 0.028 seconds
[2024-07-04T02:44:45.643+0000] {processor.py:161} INFO - Started process (PID=4813) to work on /home/airflow/.local/lib/python3.12/site-packages/airflow/example_dags/tutorial.py
[2024-07-04T02:44:45.644+0000] {processor.py:830} INFO - Processing file /home/airflow/.local/lib/python3.12/site-packages/airflow/example_dags/tutorial.py for tasks to queue
[2024-07-04T02:44:45.644+0000] {logging_mixin.py:188} INFO - [2024-07-04T02:44:45.644+0000] {dagbag.py:545} INFO - Filling up the DagBag from /home/airflow/.local/lib/python3.12/site-packages/airflow/example_dags/tutorial.py
[2024-07-04T02:44:45.647+0000] {processor.py:840} INFO - DAG(s) 'tutorial' retrieved from /home/airflow/.local/lib/python3.12/site-packages/airflow/example_dags/tutorial.py
[2024-07-04T02:44:45.655+0000] {logging_mixin.py:188} INFO - [2024-07-04T02:44:45.655+0000] {dag.py:3096} INFO - Sync 1 DAGs
[2024-07-04T02:44:45.662+0000] {logging_mixin.py:188} INFO - [2024-07-04T02:44:45.662+0000] {dag.py:3954} INFO - Setting next_dagrun for tutorial to 2024-07-03 00:00:00+00:00, run_after=2024-07-04 00:00:00+00:00
[2024-07-04T02:44:45.669+0000] {processor.py:183} INFO - Processing /home/airflow/.local/lib/python3.12/site-packages/airflow/example_dags/tutorial.py took 0.028 seconds
[2024-07-04T03:05:27.298+0000] {processor.py:161} INFO - Started process (PID=4871) to work on /home/airflow/.local/lib/python3.12/site-packages/airflow/example_dags/tutorial.py
[2024-07-04T03:05:27.299+0000] {processor.py:830} INFO - Processing file /home/airflow/.local/lib/python3.12/site-packages/airflow/example_dags/tutorial.py for tasks to queue
[2024-07-04T03:05:27.300+0000] {logging_mixin.py:188} INFO - [2024-07-04T03:05:27.300+0000] {dagbag.py:545} INFO - Filling up the DagBag from /home/airflow/.local/lib/python3.12/site-packages/airflow/example_dags/tutorial.py
[2024-07-04T03:05:27.302+0000] {processor.py:840} INFO - DAG(s) 'tutorial' retrieved from /home/airflow/.local/lib/python3.12/site-packages/airflow/example_dags/tutorial.py
[2024-07-04T03:05:27.309+0000] {logging_mixin.py:188} INFO - [2024-07-04T03:05:27.309+0000] {dag.py:3096} INFO - Sync 1 DAGs
[2024-07-04T03:05:27.317+0000] {logging_mixin.py:188} INFO - [2024-07-04T03:05:27.317+0000] {dag.py:3954} INFO - Setting next_dagrun for tutorial to 2024-07-03 00:00:00+00:00, run_after=2024-07-04 00:00:00+00:00
[2024-07-04T03:05:27.323+0000] {processor.py:183} INFO - Processing /home/airflow/.local/lib/python3.12/site-packages/airflow/example_dags/tutorial.py took 0.027 seconds
[2024-07-04T04:00:03.266+0000] {processor.py:161} INFO - Started process (PID=4929) to work on /home/airflow/.local/lib/python3.12/site-packages/airflow/example_dags/tutorial.py
[2024-07-04T04:00:03.267+0000] {processor.py:830} INFO - Processing file /home/airflow/.local/lib/python3.12/site-packages/airflow/example_dags/tutorial.py for tasks to queue
[2024-07-04T04:00:03.267+0000] {logging_mixin.py:188} INFO - [2024-07-04T04:00:03.267+0000] {dagbag.py:545} INFO - Filling up the DagBag from /home/airflow/.local/lib/python3.12/site-packages/airflow/example_dags/tutorial.py
[2024-07-04T04:00:03.270+0000] {processor.py:840} INFO - DAG(s) 'tutorial' retrieved from /home/airflow/.local/lib/python3.12/site-packages/airflow/example_dags/tutorial.py
[2024-07-04T04:00:03.277+0000] {logging_mixin.py:188} INFO - [2024-07-04T04:00:03.277+0000] {dag.py:3096} INFO - Sync 1 DAGs
[2024-07-04T04:00:03.285+0000] {logging_mixin.py:188} INFO - [2024-07-04T04:00:03.285+0000] {dag.py:3954} INFO - Setting next_dagrun for tutorial to 2024-07-03 00:00:00+00:00, run_after=2024-07-04 00:00:00+00:00
[2024-07-04T04:00:03.291+0000] {processor.py:183} INFO - Processing /home/airflow/.local/lib/python3.12/site-packages/airflow/example_dags/tutorial.py took 0.027 seconds
[2024-07-04T04:31:26.220+0000] {processor.py:161} INFO - Started process (PID=4987) to work on /home/airflow/.local/lib/python3.12/site-packages/airflow/example_dags/tutorial.py
[2024-07-04T04:31:26.220+0000] {processor.py:830} INFO - Processing file /home/airflow/.local/lib/python3.12/site-packages/airflow/example_dags/tutorial.py for tasks to queue
[2024-07-04T04:31:26.221+0000] {logging_mixin.py:188} INFO - [2024-07-04T04:31:26.221+0000] {dagbag.py:545} INFO - Filling up the DagBag from /home/airflow/.local/lib/python3.12/site-packages/airflow/example_dags/tutorial.py
[2024-07-04T04:31:26.223+0000] {processor.py:840} INFO - DAG(s) 'tutorial' retrieved from /home/airflow/.local/lib/python3.12/site-packages/airflow/example_dags/tutorial.py
[2024-07-04T04:31:26.231+0000] {logging_mixin.py:188} INFO - [2024-07-04T04:31:26.231+0000] {dag.py:3096} INFO - Sync 1 DAGs
[2024-07-04T04:31:26.238+0000] {logging_mixin.py:188} INFO - [2024-07-04T04:31:26.238+0000] {dag.py:3954} INFO - Setting next_dagrun for tutorial to 2024-07-03 00:00:00+00:00, run_after=2024-07-04 00:00:00+00:00
[2024-07-04T04:31:26.245+0000] {processor.py:183} INFO - Processing /home/airflow/.local/lib/python3.12/site-packages/airflow/example_dags/tutorial.py took 0.027 seconds
[2024-07-04T05:07:27.657+0000] {processor.py:161} INFO - Started process (PID=5045) to work on /home/airflow/.local/lib/python3.12/site-packages/airflow/example_dags/tutorial.py
[2024-07-04T05:07:27.657+0000] {processor.py:830} INFO - Processing file /home/airflow/.local/lib/python3.12/site-packages/airflow/example_dags/tutorial.py for tasks to queue
[2024-07-04T05:07:27.658+0000] {logging_mixin.py:188} INFO - [2024-07-04T05:07:27.658+0000] {dagbag.py:545} INFO - Filling up the DagBag from /home/airflow/.local/lib/python3.12/site-packages/airflow/example_dags/tutorial.py
[2024-07-04T05:07:27.661+0000] {processor.py:840} INFO - DAG(s) 'tutorial' retrieved from /home/airflow/.local/lib/python3.12/site-packages/airflow/example_dags/tutorial.py
[2024-07-04T05:07:27.668+0000] {logging_mixin.py:188} INFO - [2024-07-04T05:07:27.668+0000] {dag.py:3096} INFO - Sync 1 DAGs
[2024-07-04T05:07:27.676+0000] {logging_mixin.py:188} INFO - [2024-07-04T05:07:27.676+0000] {dag.py:3954} INFO - Setting next_dagrun for tutorial to 2024-07-03 00:00:00+00:00, run_after=2024-07-04 00:00:00+00:00
[2024-07-04T05:07:27.683+0000] {processor.py:183} INFO - Processing /home/airflow/.local/lib/python3.12/site-packages/airflow/example_dags/tutorial.py took 0.028 seconds
[2024-07-04T06:06:29.085+0000] {processor.py:161} INFO - Started process (PID=5103) to work on /home/airflow/.local/lib/python3.12/site-packages/airflow/example_dags/tutorial.py
[2024-07-04T06:06:29.086+0000] {processor.py:830} INFO - Processing file /home/airflow/.local/lib/python3.12/site-packages/airflow/example_dags/tutorial.py for tasks to queue
[2024-07-04T06:06:29.086+0000] {logging_mixin.py:188} INFO - [2024-07-04T06:06:29.086+0000] {dagbag.py:545} INFO - Filling up the DagBag from /home/airflow/.local/lib/python3.12/site-packages/airflow/example_dags/tutorial.py
[2024-07-04T06:06:29.089+0000] {processor.py:840} INFO - DAG(s) 'tutorial' retrieved from /home/airflow/.local/lib/python3.12/site-packages/airflow/example_dags/tutorial.py
[2024-07-04T06:06:29.097+0000] {logging_mixin.py:188} INFO - [2024-07-04T06:06:29.097+0000] {dag.py:3096} INFO - Sync 1 DAGs
[2024-07-04T06:06:29.105+0000] {logging_mixin.py:188} INFO - [2024-07-04T06:06:29.105+0000] {dag.py:3954} INFO - Setting next_dagrun for tutorial to 2024-07-03 00:00:00+00:00, run_after=2024-07-04 00:00:00+00:00
[2024-07-04T06:06:29.111+0000] {processor.py:183} INFO - Processing /home/airflow/.local/lib/python3.12/site-packages/airflow/example_dags/tutorial.py took 0.028 seconds
[2024-07-04T06:24:42.236+0000] {processor.py:161} INFO - Started process (PID=5161) to work on /home/airflow/.local/lib/python3.12/site-packages/airflow/example_dags/tutorial.py
[2024-07-04T06:24:42.236+0000] {processor.py:830} INFO - Processing file /home/airflow/.local/lib/python3.12/site-packages/airflow/example_dags/tutorial.py for tasks to queue
[2024-07-04T06:24:42.237+0000] {logging_mixin.py:188} INFO - [2024-07-04T06:24:42.237+0000] {dagbag.py:545} INFO - Filling up the DagBag from /home/airflow/.local/lib/python3.12/site-packages/airflow/example_dags/tutorial.py
[2024-07-04T06:24:42.240+0000] {processor.py:840} INFO - DAG(s) 'tutorial' retrieved from /home/airflow/.local/lib/python3.12/site-packages/airflow/example_dags/tutorial.py
[2024-07-04T06:24:42.249+0000] {logging_mixin.py:188} INFO - [2024-07-04T06:24:42.249+0000] {dag.py:3096} INFO - Sync 1 DAGs
[2024-07-04T06:24:42.258+0000] {logging_mixin.py:188} INFO - [2024-07-04T06:24:42.258+0000] {dag.py:3954} INFO - Setting next_dagrun for tutorial to 2024-07-03 00:00:00+00:00, run_after=2024-07-04 00:00:00+00:00
[2024-07-04T06:24:42.264+0000] {processor.py:183} INFO - Processing /home/airflow/.local/lib/python3.12/site-packages/airflow/example_dags/tutorial.py took 0.031 seconds
[2024-07-04T07:07:24.748+0000] {processor.py:161} INFO - Started process (PID=5219) to work on /home/airflow/.local/lib/python3.12/site-packages/airflow/example_dags/tutorial.py
[2024-07-04T07:07:24.748+0000] {processor.py:830} INFO - Processing file /home/airflow/.local/lib/python3.12/site-packages/airflow/example_dags/tutorial.py for tasks to queue
[2024-07-04T07:07:24.749+0000] {logging_mixin.py:188} INFO - [2024-07-04T07:07:24.749+0000] {dagbag.py:545} INFO - Filling up the DagBag from /home/airflow/.local/lib/python3.12/site-packages/airflow/example_dags/tutorial.py
[2024-07-04T07:07:24.752+0000] {processor.py:840} INFO - DAG(s) 'tutorial' retrieved from /home/airflow/.local/lib/python3.12/site-packages/airflow/example_dags/tutorial.py
[2024-07-04T07:07:24.761+0000] {logging_mixin.py:188} INFO - [2024-07-04T07:07:24.760+0000] {dag.py:3096} INFO - Sync 1 DAGs
[2024-07-04T07:07:24.770+0000] {logging_mixin.py:188} INFO - [2024-07-04T07:07:24.770+0000] {dag.py:3954} INFO - Setting next_dagrun for tutorial to 2024-07-03 00:00:00+00:00, run_after=2024-07-04 00:00:00+00:00
[2024-07-04T07:07:24.778+0000] {processor.py:183} INFO - Processing /home/airflow/.local/lib/python3.12/site-packages/airflow/example_dags/tutorial.py took 0.032 seconds
[2024-07-04T07:10:35.991+0000] {processor.py:161} INFO - Started process (PID=5277) to work on /home/airflow/.local/lib/python3.12/site-packages/airflow/example_dags/tutorial.py
[2024-07-04T07:10:35.991+0000] {processor.py:830} INFO - Processing file /home/airflow/.local/lib/python3.12/site-packages/airflow/example_dags/tutorial.py for tasks to queue
[2024-07-04T07:10:35.992+0000] {logging_mixin.py:188} INFO - [2024-07-04T07:10:35.992+0000] {dagbag.py:545} INFO - Filling up the DagBag from /home/airflow/.local/lib/python3.12/site-packages/airflow/example_dags/tutorial.py
[2024-07-04T07:10:35.995+0000] {processor.py:840} INFO - DAG(s) 'tutorial' retrieved from /home/airflow/.local/lib/python3.12/site-packages/airflow/example_dags/tutorial.py
[2024-07-04T07:10:36.003+0000] {logging_mixin.py:188} INFO - [2024-07-04T07:10:36.002+0000] {dag.py:3096} INFO - Sync 1 DAGs
[2024-07-04T07:10:36.010+0000] {logging_mixin.py:188} INFO - [2024-07-04T07:10:36.010+0000] {dag.py:3954} INFO - Setting next_dagrun for tutorial to 2024-07-03 00:00:00+00:00, run_after=2024-07-04 00:00:00+00:00
[2024-07-04T07:10:36.016+0000] {processor.py:183} INFO - Processing /home/airflow/.local/lib/python3.12/site-packages/airflow/example_dags/tutorial.py took 0.028 seconds
[2024-07-04T07:18:42.850+0000] {processor.py:161} INFO - Started process (PID=5335) to work on /home/airflow/.local/lib/python3.12/site-packages/airflow/example_dags/tutorial.py
[2024-07-04T07:18:42.851+0000] {processor.py:830} INFO - Processing file /home/airflow/.local/lib/python3.12/site-packages/airflow/example_dags/tutorial.py for tasks to queue
[2024-07-04T07:18:42.851+0000] {logging_mixin.py:188} INFO - [2024-07-04T07:18:42.851+0000] {dagbag.py:545} INFO - Filling up the DagBag from /home/airflow/.local/lib/python3.12/site-packages/airflow/example_dags/tutorial.py
[2024-07-04T07:18:42.854+0000] {processor.py:840} INFO - DAG(s) 'tutorial' retrieved from /home/airflow/.local/lib/python3.12/site-packages/airflow/example_dags/tutorial.py
[2024-07-04T07:18:42.862+0000] {logging_mixin.py:188} INFO - [2024-07-04T07:18:42.862+0000] {dag.py:3096} INFO - Sync 1 DAGs
[2024-07-04T07:18:42.869+0000] {logging_mixin.py:188} INFO - [2024-07-04T07:18:42.869+0000] {dag.py:3954} INFO - Setting next_dagrun for tutorial to 2024-07-03 00:00:00+00:00, run_after=2024-07-04 00:00:00+00:00
[2024-07-04T07:18:42.875+0000] {processor.py:183} INFO - Processing /home/airflow/.local/lib/python3.12/site-packages/airflow/example_dags/tutorial.py took 0.028 seconds
[2024-07-04T07:58:28.444+0000] {processor.py:161} INFO - Started process (PID=5393) to work on /home/airflow/.local/lib/python3.12/site-packages/airflow/example_dags/tutorial.py
[2024-07-04T07:58:28.445+0000] {processor.py:830} INFO - Processing file /home/airflow/.local/lib/python3.12/site-packages/airflow/example_dags/tutorial.py for tasks to queue
[2024-07-04T07:58:28.446+0000] {logging_mixin.py:188} INFO - [2024-07-04T07:58:28.445+0000] {dagbag.py:545} INFO - Filling up the DagBag from /home/airflow/.local/lib/python3.12/site-packages/airflow/example_dags/tutorial.py
[2024-07-04T07:58:28.448+0000] {processor.py:840} INFO - DAG(s) 'tutorial' retrieved from /home/airflow/.local/lib/python3.12/site-packages/airflow/example_dags/tutorial.py
[2024-07-04T07:58:28.456+0000] {logging_mixin.py:188} INFO - [2024-07-04T07:58:28.456+0000] {dag.py:3096} INFO - Sync 1 DAGs
[2024-07-04T07:58:28.464+0000] {logging_mixin.py:188} INFO - [2024-07-04T07:58:28.464+0000] {dag.py:3954} INFO - Setting next_dagrun for tutorial to 2024-07-03 00:00:00+00:00, run_after=2024-07-04 00:00:00+00:00
[2024-07-04T07:58:28.470+0000] {processor.py:183} INFO - Processing /home/airflow/.local/lib/python3.12/site-packages/airflow/example_dags/tutorial.py took 0.028 seconds
[2024-07-04T08:28:08.409+0000] {processor.py:161} INFO - Started process (PID=5451) to work on /home/airflow/.local/lib/python3.12/site-packages/airflow/example_dags/tutorial.py
[2024-07-04T08:28:08.409+0000] {processor.py:830} INFO - Processing file /home/airflow/.local/lib/python3.12/site-packages/airflow/example_dags/tutorial.py for tasks to queue
[2024-07-04T08:28:08.410+0000] {logging_mixin.py:188} INFO - [2024-07-04T08:28:08.410+0000] {dagbag.py:545} INFO - Filling up the DagBag from /home/airflow/.local/lib/python3.12/site-packages/airflow/example_dags/tutorial.py
[2024-07-04T08:28:08.412+0000] {processor.py:840} INFO - DAG(s) 'tutorial' retrieved from /home/airflow/.local/lib/python3.12/site-packages/airflow/example_dags/tutorial.py
[2024-07-04T08:28:08.420+0000] {logging_mixin.py:188} INFO - [2024-07-04T08:28:08.420+0000] {dag.py:3096} INFO - Sync 1 DAGs
[2024-07-04T08:28:08.428+0000] {logging_mixin.py:188} INFO - [2024-07-04T08:28:08.428+0000] {dag.py:3954} INFO - Setting next_dagrun for tutorial to 2024-07-03 00:00:00+00:00, run_after=2024-07-04 00:00:00+00:00
[2024-07-04T08:28:08.434+0000] {processor.py:183} INFO - Processing /home/airflow/.local/lib/python3.12/site-packages/airflow/example_dags/tutorial.py took 0.028 seconds
[2024-07-04T09:07:12.498+0000] {processor.py:161} INFO - Started process (PID=5509) to work on /home/airflow/.local/lib/python3.12/site-packages/airflow/example_dags/tutorial.py
[2024-07-04T09:07:12.498+0000] {processor.py:830} INFO - Processing file /home/airflow/.local/lib/python3.12/site-packages/airflow/example_dags/tutorial.py for tasks to queue
[2024-07-04T09:07:12.499+0000] {logging_mixin.py:188} INFO - [2024-07-04T09:07:12.499+0000] {dagbag.py:545} INFO - Filling up the DagBag from /home/airflow/.local/lib/python3.12/site-packages/airflow/example_dags/tutorial.py
[2024-07-04T09:07:12.502+0000] {processor.py:840} INFO - DAG(s) 'tutorial' retrieved from /home/airflow/.local/lib/python3.12/site-packages/airflow/example_dags/tutorial.py
[2024-07-04T09:07:12.509+0000] {logging_mixin.py:188} INFO - [2024-07-04T09:07:12.509+0000] {dag.py:3096} INFO - Sync 1 DAGs
[2024-07-04T09:07:12.517+0000] {logging_mixin.py:188} INFO - [2024-07-04T09:07:12.517+0000] {dag.py:3954} INFO - Setting next_dagrun for tutorial to 2024-07-03 00:00:00+00:00, run_after=2024-07-04 00:00:00+00:00
[2024-07-04T09:07:12.523+0000] {processor.py:183} INFO - Processing /home/airflow/.local/lib/python3.12/site-packages/airflow/example_dags/tutorial.py took 0.028 seconds
[2024-07-04T09:48:36.833+0000] {processor.py:161} INFO - Started process (PID=5566) to work on /home/airflow/.local/lib/python3.12/site-packages/airflow/example_dags/tutorial.py
[2024-07-04T09:48:36.834+0000] {processor.py:830} INFO - Processing file /home/airflow/.local/lib/python3.12/site-packages/airflow/example_dags/tutorial.py for tasks to queue
[2024-07-04T09:48:36.835+0000] {logging_mixin.py:188} INFO - [2024-07-04T09:48:36.835+0000] {dagbag.py:545} INFO - Filling up the DagBag from /home/airflow/.local/lib/python3.12/site-packages/airflow/example_dags/tutorial.py
[2024-07-04T09:48:36.837+0000] {processor.py:840} INFO - DAG(s) 'tutorial' retrieved from /home/airflow/.local/lib/python3.12/site-packages/airflow/example_dags/tutorial.py
[2024-07-04T09:48:36.845+0000] {logging_mixin.py:188} INFO - [2024-07-04T09:48:36.845+0000] {dag.py:3096} INFO - Sync 1 DAGs
[2024-07-04T09:48:36.853+0000] {logging_mixin.py:188} INFO - [2024-07-04T09:48:36.853+0000] {dag.py:3954} INFO - Setting next_dagrun for tutorial to 2024-07-03 00:00:00+00:00, run_after=2024-07-04 00:00:00+00:00
[2024-07-04T09:48:36.859+0000] {processor.py:183} INFO - Processing /home/airflow/.local/lib/python3.12/site-packages/airflow/example_dags/tutorial.py took 0.028 seconds
[2024-07-04T10:29:05.022+0000] {processor.py:161} INFO - Started process (PID=5624) to work on /home/airflow/.local/lib/python3.12/site-packages/airflow/example_dags/tutorial.py
[2024-07-04T10:29:05.022+0000] {processor.py:830} INFO - Processing file /home/airflow/.local/lib/python3.12/site-packages/airflow/example_dags/tutorial.py for tasks to queue
[2024-07-04T10:29:05.023+0000] {logging_mixin.py:188} INFO - [2024-07-04T10:29:05.023+0000] {dagbag.py:545} INFO - Filling up the DagBag from /home/airflow/.local/lib/python3.12/site-packages/airflow/example_dags/tutorial.py
[2024-07-04T10:29:05.026+0000] {processor.py:840} INFO - DAG(s) 'tutorial' retrieved from /home/airflow/.local/lib/python3.12/site-packages/airflow/example_dags/tutorial.py
[2024-07-04T10:29:05.035+0000] {logging_mixin.py:188} INFO - [2024-07-04T10:29:05.035+0000] {dag.py:3096} INFO - Sync 1 DAGs
[2024-07-04T10:29:05.044+0000] {logging_mixin.py:188} INFO - [2024-07-04T10:29:05.044+0000] {dag.py:3954} INFO - Setting next_dagrun for tutorial to 2024-07-03 00:00:00+00:00, run_after=2024-07-04 00:00:00+00:00
[2024-07-04T10:29:05.052+0000] {processor.py:183} INFO - Processing /home/airflow/.local/lib/python3.12/site-packages/airflow/example_dags/tutorial.py took 0.033 seconds
[2024-07-04T11:13:24.221+0000] {processor.py:161} INFO - Started process (PID=5682) to work on /home/airflow/.local/lib/python3.12/site-packages/airflow/example_dags/tutorial.py
[2024-07-04T11:13:24.221+0000] {processor.py:830} INFO - Processing file /home/airflow/.local/lib/python3.12/site-packages/airflow/example_dags/tutorial.py for tasks to queue
[2024-07-04T11:13:24.222+0000] {logging_mixin.py:188} INFO - [2024-07-04T11:13:24.222+0000] {dagbag.py:545} INFO - Filling up the DagBag from /home/airflow/.local/lib/python3.12/site-packages/airflow/example_dags/tutorial.py
[2024-07-04T11:13:24.224+0000] {processor.py:840} INFO - DAG(s) 'tutorial' retrieved from /home/airflow/.local/lib/python3.12/site-packages/airflow/example_dags/tutorial.py
[2024-07-04T11:13:24.232+0000] {logging_mixin.py:188} INFO - [2024-07-04T11:13:24.232+0000] {dag.py:3096} INFO - Sync 1 DAGs
[2024-07-04T11:13:24.240+0000] {logging_mixin.py:188} INFO - [2024-07-04T11:13:24.240+0000] {dag.py:3954} INFO - Setting next_dagrun for tutorial to 2024-07-03 00:00:00+00:00, run_after=2024-07-04 00:00:00+00:00
[2024-07-04T11:13:24.246+0000] {processor.py:183} INFO - Processing /home/airflow/.local/lib/python3.12/site-packages/airflow/example_dags/tutorial.py took 0.028 seconds
[2024-07-04T12:14:26.378+0000] {processor.py:161} INFO - Started process (PID=5740) to work on /home/airflow/.local/lib/python3.12/site-packages/airflow/example_dags/tutorial.py
[2024-07-04T12:14:26.378+0000] {processor.py:830} INFO - Processing file /home/airflow/.local/lib/python3.12/site-packages/airflow/example_dags/tutorial.py for tasks to queue
[2024-07-04T12:14:26.379+0000] {logging_mixin.py:188} INFO - [2024-07-04T12:14:26.379+0000] {dagbag.py:545} INFO - Filling up the DagBag from /home/airflow/.local/lib/python3.12/site-packages/airflow/example_dags/tutorial.py
[2024-07-04T12:14:26.382+0000] {processor.py:840} INFO - DAG(s) 'tutorial' retrieved from /home/airflow/.local/lib/python3.12/site-packages/airflow/example_dags/tutorial.py
[2024-07-04T12:14:26.390+0000] {logging_mixin.py:188} INFO - [2024-07-04T12:14:26.390+0000] {dag.py:3096} INFO - Sync 1 DAGs
[2024-07-04T12:14:26.399+0000] {logging_mixin.py:188} INFO - [2024-07-04T12:14:26.398+0000] {dag.py:3954} INFO - Setting next_dagrun for tutorial to 2024-07-03 00:00:00+00:00, run_after=2024-07-04 00:00:00+00:00
[2024-07-04T12:14:26.405+0000] {processor.py:183} INFO - Processing /home/airflow/.local/lib/python3.12/site-packages/airflow/example_dags/tutorial.py took 0.030 seconds
[2024-07-04T13:00:41.238+0000] {processor.py:161} INFO - Started process (PID=5798) to work on /home/airflow/.local/lib/python3.12/site-packages/airflow/example_dags/tutorial.py
[2024-07-04T13:00:41.238+0000] {processor.py:830} INFO - Processing file /home/airflow/.local/lib/python3.12/site-packages/airflow/example_dags/tutorial.py for tasks to queue
[2024-07-04T13:00:41.239+0000] {logging_mixin.py:188} INFO - [2024-07-04T13:00:41.239+0000] {dagbag.py:545} INFO - Filling up the DagBag from /home/airflow/.local/lib/python3.12/site-packages/airflow/example_dags/tutorial.py
[2024-07-04T13:00:41.242+0000] {processor.py:840} INFO - DAG(s) 'tutorial' retrieved from /home/airflow/.local/lib/python3.12/site-packages/airflow/example_dags/tutorial.py
[2024-07-04T13:00:41.249+0000] {logging_mixin.py:188} INFO - [2024-07-04T13:00:41.249+0000] {dag.py:3096} INFO - Sync 1 DAGs
[2024-07-04T13:00:41.257+0000] {logging_mixin.py:188} INFO - [2024-07-04T13:00:41.257+0000] {dag.py:3954} INFO - Setting next_dagrun for tutorial to 2024-07-03 00:00:00+00:00, run_after=2024-07-04 00:00:00+00:00
[2024-07-04T13:00:41.264+0000] {processor.py:183} INFO - Processing /home/airflow/.local/lib/python3.12/site-packages/airflow/example_dags/tutorial.py took 0.028 seconds
[2024-07-04T13:15:20.649+0000] {processor.py:161} INFO - Started process (PID=5856) to work on /home/airflow/.local/lib/python3.12/site-packages/airflow/example_dags/tutorial.py
[2024-07-04T13:15:20.649+0000] {processor.py:830} INFO - Processing file /home/airflow/.local/lib/python3.12/site-packages/airflow/example_dags/tutorial.py for tasks to queue
[2024-07-04T13:15:20.650+0000] {logging_mixin.py:188} INFO - [2024-07-04T13:15:20.650+0000] {dagbag.py:545} INFO - Filling up the DagBag from /home/airflow/.local/lib/python3.12/site-packages/airflow/example_dags/tutorial.py
[2024-07-04T13:15:20.652+0000] {processor.py:840} INFO - DAG(s) 'tutorial' retrieved from /home/airflow/.local/lib/python3.12/site-packages/airflow/example_dags/tutorial.py
[2024-07-04T13:15:20.660+0000] {logging_mixin.py:188} INFO - [2024-07-04T13:15:20.660+0000] {dag.py:3096} INFO - Sync 1 DAGs
[2024-07-04T13:15:20.668+0000] {logging_mixin.py:188} INFO - [2024-07-04T13:15:20.668+0000] {dag.py:3954} INFO - Setting next_dagrun for tutorial to 2024-07-03 00:00:00+00:00, run_after=2024-07-04 00:00:00+00:00
[2024-07-04T13:15:20.674+0000] {processor.py:183} INFO - Processing /home/airflow/.local/lib/python3.12/site-packages/airflow/example_dags/tutorial.py took 0.028 seconds
[2024-07-04T13:30:25.867+0000] {processor.py:161} INFO - Started process (PID=5914) to work on /home/airflow/.local/lib/python3.12/site-packages/airflow/example_dags/tutorial.py
[2024-07-04T13:30:25.867+0000] {processor.py:830} INFO - Processing file /home/airflow/.local/lib/python3.12/site-packages/airflow/example_dags/tutorial.py for tasks to queue
[2024-07-04T13:30:25.868+0000] {logging_mixin.py:188} INFO - [2024-07-04T13:30:25.868+0000] {dagbag.py:545} INFO - Filling up the DagBag from /home/airflow/.local/lib/python3.12/site-packages/airflow/example_dags/tutorial.py
[2024-07-04T13:30:25.870+0000] {processor.py:840} INFO - DAG(s) 'tutorial' retrieved from /home/airflow/.local/lib/python3.12/site-packages/airflow/example_dags/tutorial.py
[2024-07-04T13:30:25.878+0000] {logging_mixin.py:188} INFO - [2024-07-04T13:30:25.877+0000] {dag.py:3096} INFO - Sync 1 DAGs
[2024-07-04T13:30:25.885+0000] {logging_mixin.py:188} INFO - [2024-07-04T13:30:25.885+0000] {dag.py:3954} INFO - Setting next_dagrun for tutorial to 2024-07-03 00:00:00+00:00, run_after=2024-07-04 00:00:00+00:00
[2024-07-04T13:30:25.891+0000] {processor.py:183} INFO - Processing /home/airflow/.local/lib/python3.12/site-packages/airflow/example_dags/tutorial.py took 0.027 seconds
[2024-07-04T13:50:27.672+0000] {processor.py:161} INFO - Started process (PID=5972) to work on /home/airflow/.local/lib/python3.12/site-packages/airflow/example_dags/tutorial.py
[2024-07-04T13:50:27.673+0000] {processor.py:830} INFO - Processing file /home/airflow/.local/lib/python3.12/site-packages/airflow/example_dags/tutorial.py for tasks to queue
[2024-07-04T13:50:27.673+0000] {logging_mixin.py:188} INFO - [2024-07-04T13:50:27.673+0000] {dagbag.py:545} INFO - Filling up the DagBag from /home/airflow/.local/lib/python3.12/site-packages/airflow/example_dags/tutorial.py
[2024-07-04T13:50:27.676+0000] {processor.py:840} INFO - DAG(s) 'tutorial' retrieved from /home/airflow/.local/lib/python3.12/site-packages/airflow/example_dags/tutorial.py
[2024-07-04T13:50:27.683+0000] {logging_mixin.py:188} INFO - [2024-07-04T13:50:27.683+0000] {dag.py:3096} INFO - Sync 1 DAGs
[2024-07-04T13:50:27.691+0000] {logging_mixin.py:188} INFO - [2024-07-04T13:50:27.690+0000] {dag.py:3954} INFO - Setting next_dagrun for tutorial to 2024-07-03 00:00:00+00:00, run_after=2024-07-04 00:00:00+00:00
[2024-07-04T13:50:27.697+0000] {processor.py:183} INFO - Processing /home/airflow/.local/lib/python3.12/site-packages/airflow/example_dags/tutorial.py took 0.028 seconds
[2024-07-04T14:16:28.147+0000] {processor.py:161} INFO - Started process (PID=6030) to work on /home/airflow/.local/lib/python3.12/site-packages/airflow/example_dags/tutorial.py
[2024-07-04T14:16:28.147+0000] {processor.py:830} INFO - Processing file /home/airflow/.local/lib/python3.12/site-packages/airflow/example_dags/tutorial.py for tasks to queue
[2024-07-04T14:16:28.148+0000] {logging_mixin.py:188} INFO - [2024-07-04T14:16:28.148+0000] {dagbag.py:545} INFO - Filling up the DagBag from /home/airflow/.local/lib/python3.12/site-packages/airflow/example_dags/tutorial.py
[2024-07-04T14:16:28.151+0000] {processor.py:840} INFO - DAG(s) 'tutorial' retrieved from /home/airflow/.local/lib/python3.12/site-packages/airflow/example_dags/tutorial.py
[2024-07-04T14:16:28.159+0000] {logging_mixin.py:188} INFO - [2024-07-04T14:16:28.159+0000] {dag.py:3096} INFO - Sync 1 DAGs
[2024-07-04T14:16:28.167+0000] {logging_mixin.py:188} INFO - [2024-07-04T14:16:28.166+0000] {dag.py:3954} INFO - Setting next_dagrun for tutorial to 2024-07-03 00:00:00+00:00, run_after=2024-07-04 00:00:00+00:00
[2024-07-04T14:16:28.172+0000] {processor.py:183} INFO - Processing /home/airflow/.local/lib/python3.12/site-packages/airflow/example_dags/tutorial.py took 0.028 seconds
[2024-07-04T15:04:49.633+0000] {processor.py:161} INFO - Started process (PID=6088) to work on /home/airflow/.local/lib/python3.12/site-packages/airflow/example_dags/tutorial.py
[2024-07-04T15:04:49.634+0000] {processor.py:830} INFO - Processing file /home/airflow/.local/lib/python3.12/site-packages/airflow/example_dags/tutorial.py for tasks to queue
[2024-07-04T15:04:49.634+0000] {logging_mixin.py:188} INFO - [2024-07-04T15:04:49.634+0000] {dagbag.py:545} INFO - Filling up the DagBag from /home/airflow/.local/lib/python3.12/site-packages/airflow/example_dags/tutorial.py
[2024-07-04T15:04:49.637+0000] {processor.py:840} INFO - DAG(s) 'tutorial' retrieved from /home/airflow/.local/lib/python3.12/site-packages/airflow/example_dags/tutorial.py
[2024-07-04T15:04:49.645+0000] {logging_mixin.py:188} INFO - [2024-07-04T15:04:49.644+0000] {dag.py:3096} INFO - Sync 1 DAGs
[2024-07-04T15:04:49.652+0000] {logging_mixin.py:188} INFO - [2024-07-04T15:04:49.652+0000] {dag.py:3954} INFO - Setting next_dagrun for tutorial to 2024-07-03 00:00:00+00:00, run_after=2024-07-04 00:00:00+00:00
[2024-07-04T15:04:49.658+0000] {processor.py:183} INFO - Processing /home/airflow/.local/lib/python3.12/site-packages/airflow/example_dags/tutorial.py took 0.028 seconds
[2024-07-04T15:43:16.134+0000] {processor.py:161} INFO - Started process (PID=6146) to work on /home/airflow/.local/lib/python3.12/site-packages/airflow/example_dags/tutorial.py
[2024-07-04T15:43:16.135+0000] {processor.py:830} INFO - Processing file /home/airflow/.local/lib/python3.12/site-packages/airflow/example_dags/tutorial.py for tasks to queue
[2024-07-04T15:43:16.136+0000] {logging_mixin.py:188} INFO - [2024-07-04T15:43:16.136+0000] {dagbag.py:545} INFO - Filling up the DagBag from /home/airflow/.local/lib/python3.12/site-packages/airflow/example_dags/tutorial.py
[2024-07-04T15:43:16.138+0000] {processor.py:840} INFO - DAG(s) 'tutorial' retrieved from /home/airflow/.local/lib/python3.12/site-packages/airflow/example_dags/tutorial.py
[2024-07-04T15:43:16.146+0000] {logging_mixin.py:188} INFO - [2024-07-04T15:43:16.145+0000] {dag.py:3096} INFO - Sync 1 DAGs
[2024-07-04T15:43:16.153+0000] {logging_mixin.py:188} INFO - [2024-07-04T15:43:16.153+0000] {dag.py:3954} INFO - Setting next_dagrun for tutorial to 2024-07-03 00:00:00+00:00, run_after=2024-07-04 00:00:00+00:00
[2024-07-04T15:43:16.160+0000] {processor.py:183} INFO - Processing /home/airflow/.local/lib/python3.12/site-packages/airflow/example_dags/tutorial.py took 0.028 seconds
[2024-07-04T16:18:30.561+0000] {processor.py:161} INFO - Started process (PID=6204) to work on /home/airflow/.local/lib/python3.12/site-packages/airflow/example_dags/tutorial.py
[2024-07-04T16:18:30.561+0000] {processor.py:830} INFO - Processing file /home/airflow/.local/lib/python3.12/site-packages/airflow/example_dags/tutorial.py for tasks to queue
[2024-07-04T16:18:30.562+0000] {logging_mixin.py:188} INFO - [2024-07-04T16:18:30.561+0000] {dagbag.py:545} INFO - Filling up the DagBag from /home/airflow/.local/lib/python3.12/site-packages/airflow/example_dags/tutorial.py
[2024-07-04T16:18:30.564+0000] {processor.py:840} INFO - DAG(s) 'tutorial' retrieved from /home/airflow/.local/lib/python3.12/site-packages/airflow/example_dags/tutorial.py
[2024-07-04T16:18:30.572+0000] {logging_mixin.py:188} INFO - [2024-07-04T16:18:30.572+0000] {dag.py:3096} INFO - Sync 1 DAGs
[2024-07-04T16:18:30.579+0000] {logging_mixin.py:188} INFO - [2024-07-04T16:18:30.579+0000] {dag.py:3954} INFO - Setting next_dagrun for tutorial to 2024-07-03 00:00:00+00:00, run_after=2024-07-04 00:00:00+00:00
[2024-07-04T16:18:30.586+0000] {processor.py:183} INFO - Processing /home/airflow/.local/lib/python3.12/site-packages/airflow/example_dags/tutorial.py took 0.027 seconds
[2024-07-04T16:45:11.955+0000] {processor.py:161} INFO - Started process (PID=6262) to work on /home/airflow/.local/lib/python3.12/site-packages/airflow/example_dags/tutorial.py
[2024-07-04T16:45:11.955+0000] {processor.py:830} INFO - Processing file /home/airflow/.local/lib/python3.12/site-packages/airflow/example_dags/tutorial.py for tasks to queue
[2024-07-04T16:45:11.956+0000] {logging_mixin.py:188} INFO - [2024-07-04T16:45:11.956+0000] {dagbag.py:545} INFO - Filling up the DagBag from /home/airflow/.local/lib/python3.12/site-packages/airflow/example_dags/tutorial.py
[2024-07-04T16:45:11.958+0000] {processor.py:840} INFO - DAG(s) 'tutorial' retrieved from /home/airflow/.local/lib/python3.12/site-packages/airflow/example_dags/tutorial.py
[2024-07-04T16:45:11.966+0000] {logging_mixin.py:188} INFO - [2024-07-04T16:45:11.966+0000] {dag.py:3096} INFO - Sync 1 DAGs
[2024-07-04T16:45:11.974+0000] {logging_mixin.py:188} INFO - [2024-07-04T16:45:11.974+0000] {dag.py:3954} INFO - Setting next_dagrun for tutorial to 2024-07-03 00:00:00+00:00, run_after=2024-07-04 00:00:00+00:00
[2024-07-04T16:45:11.980+0000] {processor.py:183} INFO - Processing /home/airflow/.local/lib/python3.12/site-packages/airflow/example_dags/tutorial.py took 0.028 seconds
[2024-07-04T17:39:35.589+0000] {processor.py:161} INFO - Started process (PID=6320) to work on /home/airflow/.local/lib/python3.12/site-packages/airflow/example_dags/tutorial.py
[2024-07-04T17:39:35.589+0000] {processor.py:830} INFO - Processing file /home/airflow/.local/lib/python3.12/site-packages/airflow/example_dags/tutorial.py for tasks to queue
[2024-07-04T17:39:35.589+0000] {logging_mixin.py:188} INFO - [2024-07-04T17:39:35.589+0000] {dagbag.py:545} INFO - Filling up the DagBag from /home/airflow/.local/lib/python3.12/site-packages/airflow/example_dags/tutorial.py
[2024-07-04T17:39:35.592+0000] {processor.py:840} INFO - DAG(s) 'tutorial' retrieved from /home/airflow/.local/lib/python3.12/site-packages/airflow/example_dags/tutorial.py
[2024-07-04T17:39:35.600+0000] {logging_mixin.py:188} INFO - [2024-07-04T17:39:35.600+0000] {dag.py:3096} INFO - Sync 1 DAGs
[2024-07-04T17:39:35.607+0000] {logging_mixin.py:188} INFO - [2024-07-04T17:39:35.607+0000] {dag.py:3954} INFO - Setting next_dagrun for tutorial to 2024-07-03 00:00:00+00:00, run_after=2024-07-04 00:00:00+00:00
[2024-07-04T17:39:35.613+0000] {processor.py:183} INFO - Processing /home/airflow/.local/lib/python3.12/site-packages/airflow/example_dags/tutorial.py took 0.027 seconds
[2024-07-04T18:32:14.686+0000] {processor.py:161} INFO - Started process (PID=6378) to work on /home/airflow/.local/lib/python3.12/site-packages/airflow/example_dags/tutorial.py
[2024-07-04T18:32:14.687+0000] {processor.py:830} INFO - Processing file /home/airflow/.local/lib/python3.12/site-packages/airflow/example_dags/tutorial.py for tasks to queue
[2024-07-04T18:32:14.688+0000] {logging_mixin.py:188} INFO - [2024-07-04T18:32:14.688+0000] {dagbag.py:545} INFO - Filling up the DagBag from /home/airflow/.local/lib/python3.12/site-packages/airflow/example_dags/tutorial.py
[2024-07-04T18:32:14.690+0000] {processor.py:840} INFO - DAG(s) 'tutorial' retrieved from /home/airflow/.local/lib/python3.12/site-packages/airflow/example_dags/tutorial.py
[2024-07-04T18:32:14.698+0000] {logging_mixin.py:188} INFO - [2024-07-04T18:32:14.698+0000] {dag.py:3096} INFO - Sync 1 DAGs
[2024-07-04T18:32:14.706+0000] {logging_mixin.py:188} INFO - [2024-07-04T18:32:14.706+0000] {dag.py:3954} INFO - Setting next_dagrun for tutorial to 2024-07-03 00:00:00+00:00, run_after=2024-07-04 00:00:00+00:00
[2024-07-04T18:32:14.712+0000] {processor.py:183} INFO - Processing /home/airflow/.local/lib/python3.12/site-packages/airflow/example_dags/tutorial.py took 0.028 seconds
[2024-07-04T19:08:33.317+0000] {processor.py:161} INFO - Started process (PID=6435) to work on /home/airflow/.local/lib/python3.12/site-packages/airflow/example_dags/tutorial.py
[2024-07-04T19:08:33.318+0000] {processor.py:830} INFO - Processing file /home/airflow/.local/lib/python3.12/site-packages/airflow/example_dags/tutorial.py for tasks to queue
[2024-07-04T19:08:33.318+0000] {logging_mixin.py:188} INFO - [2024-07-04T19:08:33.318+0000] {dagbag.py:545} INFO - Filling up the DagBag from /home/airflow/.local/lib/python3.12/site-packages/airflow/example_dags/tutorial.py
[2024-07-04T19:08:33.320+0000] {processor.py:840} INFO - DAG(s) 'tutorial' retrieved from /home/airflow/.local/lib/python3.12/site-packages/airflow/example_dags/tutorial.py
[2024-07-04T19:08:33.328+0000] {logging_mixin.py:188} INFO - [2024-07-04T19:08:33.328+0000] {dag.py:3096} INFO - Sync 1 DAGs
[2024-07-04T19:08:33.336+0000] {logging_mixin.py:188} INFO - [2024-07-04T19:08:33.336+0000] {dag.py:3954} INFO - Setting next_dagrun for tutorial to 2024-07-03 00:00:00+00:00, run_after=2024-07-04 00:00:00+00:00
[2024-07-04T19:08:33.343+0000] {processor.py:183} INFO - Processing /home/airflow/.local/lib/python3.12/site-packages/airflow/example_dags/tutorial.py took 0.028 seconds
[2024-07-04T20:48:22.323+0000] {processor.py:161} INFO - Started process (PID=6493) to work on /home/airflow/.local/lib/python3.12/site-packages/airflow/example_dags/tutorial.py
[2024-07-04T20:48:22.324+0000] {processor.py:830} INFO - Processing file /home/airflow/.local/lib/python3.12/site-packages/airflow/example_dags/tutorial.py for tasks to queue
[2024-07-04T20:48:22.324+0000] {logging_mixin.py:188} INFO - [2024-07-04T20:48:22.324+0000] {dagbag.py:545} INFO - Filling up the DagBag from /home/airflow/.local/lib/python3.12/site-packages/airflow/example_dags/tutorial.py
[2024-07-04T20:48:22.327+0000] {processor.py:840} INFO - DAG(s) 'tutorial' retrieved from /home/airflow/.local/lib/python3.12/site-packages/airflow/example_dags/tutorial.py
[2024-07-04T20:48:22.335+0000] {logging_mixin.py:188} INFO - [2024-07-04T20:48:22.335+0000] {dag.py:3096} INFO - Sync 1 DAGs
[2024-07-04T20:48:22.343+0000] {logging_mixin.py:188} INFO - [2024-07-04T20:48:22.343+0000] {dag.py:3954} INFO - Setting next_dagrun for tutorial to 2024-07-03 00:00:00+00:00, run_after=2024-07-04 00:00:00+00:00
[2024-07-04T20:48:22.349+0000] {processor.py:183} INFO - Processing /home/airflow/.local/lib/python3.12/site-packages/airflow/example_dags/tutorial.py took 0.028 seconds
[2024-07-04T21:49:23.275+0000] {processor.py:161} INFO - Started process (PID=6551) to work on /home/airflow/.local/lib/python3.12/site-packages/airflow/example_dags/tutorial.py
[2024-07-04T21:49:23.276+0000] {processor.py:830} INFO - Processing file /home/airflow/.local/lib/python3.12/site-packages/airflow/example_dags/tutorial.py for tasks to queue
[2024-07-04T21:49:23.276+0000] {logging_mixin.py:188} INFO - [2024-07-04T21:49:23.276+0000] {dagbag.py:545} INFO - Filling up the DagBag from /home/airflow/.local/lib/python3.12/site-packages/airflow/example_dags/tutorial.py
[2024-07-04T21:49:23.279+0000] {processor.py:840} INFO - DAG(s) 'tutorial' retrieved from /home/airflow/.local/lib/python3.12/site-packages/airflow/example_dags/tutorial.py
[2024-07-04T21:49:23.286+0000] {logging_mixin.py:188} INFO - [2024-07-04T21:49:23.286+0000] {dag.py:3096} INFO - Sync 1 DAGs
[2024-07-04T21:49:23.295+0000] {logging_mixin.py:188} INFO - [2024-07-04T21:49:23.295+0000] {dag.py:3954} INFO - Setting next_dagrun for tutorial to 2024-07-03 00:00:00+00:00, run_after=2024-07-04 00:00:00+00:00
[2024-07-04T21:49:23.301+0000] {processor.py:183} INFO - Processing /home/airflow/.local/lib/python3.12/site-packages/airflow/example_dags/tutorial.py took 0.029 seconds
[2024-07-04T23:01:34.395+0000] {processor.py:161} INFO - Started process (PID=6609) to work on /home/airflow/.local/lib/python3.12/site-packages/airflow/example_dags/tutorial.py
[2024-07-04T23:01:34.396+0000] {processor.py:830} INFO - Processing file /home/airflow/.local/lib/python3.12/site-packages/airflow/example_dags/tutorial.py for tasks to queue
[2024-07-04T23:01:34.396+0000] {logging_mixin.py:188} INFO - [2024-07-04T23:01:34.396+0000] {dagbag.py:545} INFO - Filling up the DagBag from /home/airflow/.local/lib/python3.12/site-packages/airflow/example_dags/tutorial.py
[2024-07-04T23:01:34.399+0000] {processor.py:840} INFO - DAG(s) 'tutorial' retrieved from /home/airflow/.local/lib/python3.12/site-packages/airflow/example_dags/tutorial.py
[2024-07-04T23:01:34.407+0000] {logging_mixin.py:188} INFO - [2024-07-04T23:01:34.407+0000] {dag.py:3096} INFO - Sync 1 DAGs
[2024-07-04T23:01:34.414+0000] {logging_mixin.py:188} INFO - [2024-07-04T23:01:34.414+0000] {dag.py:3954} INFO - Setting next_dagrun for tutorial to 2024-07-03 00:00:00+00:00, run_after=2024-07-04 00:00:00+00:00
[2024-07-04T23:01:34.420+0000] {processor.py:183} INFO - Processing /home/airflow/.local/lib/python3.12/site-packages/airflow/example_dags/tutorial.py took 0.028 seconds
[2024-07-04T23:16:31.022+0000] {processor.py:161} INFO - Started process (PID=6667) to work on /home/airflow/.local/lib/python3.12/site-packages/airflow/example_dags/tutorial.py
[2024-07-04T23:16:31.023+0000] {processor.py:830} INFO - Processing file /home/airflow/.local/lib/python3.12/site-packages/airflow/example_dags/tutorial.py for tasks to queue
[2024-07-04T23:16:31.023+0000] {logging_mixin.py:188} INFO - [2024-07-04T23:16:31.023+0000] {dagbag.py:545} INFO - Filling up the DagBag from /home/airflow/.local/lib/python3.12/site-packages/airflow/example_dags/tutorial.py
[2024-07-04T23:16:31.026+0000] {processor.py:840} INFO - DAG(s) 'tutorial' retrieved from /home/airflow/.local/lib/python3.12/site-packages/airflow/example_dags/tutorial.py
[2024-07-04T23:16:31.034+0000] {logging_mixin.py:188} INFO - [2024-07-04T23:16:31.034+0000] {dag.py:3096} INFO - Sync 1 DAGs
[2024-07-04T23:16:31.043+0000] {logging_mixin.py:188} INFO - [2024-07-04T23:16:31.043+0000] {dag.py:3954} INFO - Setting next_dagrun for tutorial to 2024-07-03 00:00:00+00:00, run_after=2024-07-04 00:00:00+00:00
[2024-07-04T23:16:31.049+0000] {processor.py:183} INFO - Processing /home/airflow/.local/lib/python3.12/site-packages/airflow/example_dags/tutorial.py took 0.029 seconds
